2022-07-22 00:14:59.165  INFO 22180 --- [main] lavalink.server.Launcher                 : 

[32m       .  [31m _                  _ _       _    [32m__ _ _
[32m      /\\ [31m| | __ ___   ____ _| (_)_ __ | | __[32m\ \ \ \
[32m     ( ( )[31m| |/ _` \ \ / / _` | | | '_ \| |/ /[32m \ \ \ \
[32m      \\/ [31m| | (_| |\ V / (_| | | | | | |   < [32m  ) ) ) )
[32m       '  [31m|_|\__,_| \_/ \__,_|_|_|_| |_|_|\_\[32m / / / /
[0m    =========================================[32m/_/_/_/[0m

	Version:        4d005aa65d398ec9e494e9ea2f30221b3910b7df-SNAPSHOT
	Build:          1365
	Build time:     25.06.2022 13:57:44 UTC
	Branch          master
	Commit:         4d005aa
	Commit time:    25.06.2022 13:52:17 UTC
	JVM:            17.0.1
	Lavaplayer      1.3.96-original

2022-07-22 00:14:59.385  INFO 22180 --- [main] lavalink.server.Launcher                 : Starting Launcher on DESKTOP-MRJN13C with PID 22180 (D:\Bots\Discord Bots\Void Music\Void Music 2\Lavalink\Lavalink.jar started by Vexify in D:\Bots\Discord Bots\Void Music\Void Music 2\Lavalink)
2022-07-22 00:14:59.386  INFO 22180 --- [main] lavalink.server.Launcher                 : No active profile set, falling back to default profiles: default
2022-07-22 00:14:59.569  WARN 22180 --- [background-preinit] o.s.h.c.j.Jackson2ObjectMapperBuilder    : For Jackson Kotlin classes support please add "com.fasterxml.jackson.module:jackson-module-kotlin" to the classpath
2022-07-22 00:15:01.175  WARN 22180 --- [main] io.undertow.websockets.jsr               : UT026010: Buffer pool was not set on WebSocketDeploymentInfo, the default pool will be used
2022-07-22 00:15:01.203  INFO 22180 --- [main] io.undertow.servlet                      : Initializing Spring embedded WebApplicationContext
2022-07-22 00:15:01.203  INFO 22180 --- [main] o.s.web.context.ContextLoader            : Root WebApplicationContext: initialization completed in 1744 ms
2022-07-22 00:15:01.755  WARN 22180 --- [main] l.server.config.SentryConfiguration      : Turning off sentry
2022-07-22 00:15:02.286  INFO 22180 --- [main] c.s.d.l.tools.GarbageCollectionMonitor   : GC monitoring enabled, reporting results every 2 minutes.
2022-07-22 00:15:02.731  INFO 22180 --- [main] lavalink.server.config.KoeConfiguration  : OS: Windows 10, Arch: amd64
2022-07-22 00:15:02.732  WARN 22180 --- [main] lavalink.server.config.KoeConfiguration  : This system and architecture appears to not support native audio sending! GC pauses may cause your bot to stutter during playback.
2022-07-22 00:15:03.168  INFO 22180 --- [main] o.s.s.concurrent.ThreadPoolTaskExecutor  : Initializing ExecutorService 'applicationTaskExecutor'
2022-07-22 00:15:03.709  INFO 22180 --- [main] org.xnio                                 : XNIO version 3.3.8.Final
2022-07-22 00:15:03.727  INFO 22180 --- [main] org.xnio.nio                             : XNIO NIO Implementation Version 3.3.8.Final
2022-07-22 00:15:03.823  INFO 22180 --- [main] o.s.b.w.e.u.UndertowServletWebServer     : Undertow started on port(s) 69 (http) with context path ''
2022-07-22 00:15:03.829  INFO 22180 --- [main] lavalink.server.Launcher                 : Started Launcher in 5.565 seconds (JVM running for 6.143)
2022-07-22 00:15:03.832  INFO 22180 --- [main] lavalink.server.Launcher                 : You can safely ignore the big red warning about illegal reflection. See https://github.com/freyacodes/Lavalink/issues/295
