13:56:15.482 INFO  =-=-=-=-=-=-=- Loading shard(s) -=-=-=-=-=-=-= 
13:56:16.767 INFO  =-=-=-=-=-=-=- Loading commands -=-=-=-=-=-=-= 
13:56:16.802 INFO  Loading Command: ban. 
13:56:16.804 INFO  Loading Command: playlists. 
13:56:16.815 INFO  Loading Command: prefix. 
13:56:16.824 INFO  Loading Command: setup. 
13:56:16.841 INFO  Loading Command: test. 
13:56:16.859 INFO  Loading Command: unban. 
13:56:16.871 INFO  Loading Command: help. 
13:56:17.291 INFO  Loading Command: lyrics. 
13:56:17.293 INFO  Loading Command: ping. 
13:56:17.327 INFO  Loading Command: play. 
13:56:17.335 INFO  Loading Command: premiumstatus. 
13:56:17.381 INFO  Loading Command: queue. 
13:56:17.384 INFO  Loading Command: about. 
13:56:17.385 INFO  Loading Command: invite. 
13:56:17.417 INFO  Loading Command: shorturl. 
13:56:17.418 INFO  Loading Command: status. 
13:56:17.419 INFO  Loading Command: support. 
13:56:17.437 INFO  Loading Command: uptime. 
13:56:17.438 INFO  =-=-=-=-=-=-=- Loading events -=-=-=-=-=-=-= 
13:56:18.641 INFO  Loading Command: docs. 
13:56:18.642 INFO  Loading Command: eval. 
13:56:18.644 INFO  Loading Command: lavalink. 
13:56:18.646 INFO  Loading Command: node. 
13:56:18.647 INFO  Loading Command: reload. 
13:56:18.648 INFO  Loading Command: shutdown. 
13:56:18.649 INFO  Loading Command: suggestion. 
13:56:18.652 INFO  Loading Command: user. 
13:56:18.671 INFO  Loading Command: 247. 
13:56:18.672 INFO  Loading Command: back. 
13:56:18.674 INFO  Loading Command: bassboost. 
13:56:18.676 INFO  Loading Command: dc. 
13:56:18.677 INFO  Loading Command: fast-forward. 
13:56:18.680 INFO  Loading Command: join. 
13:56:18.681 INFO  Loading Command: loop. 
13:56:18.725 INFO  Loading Command: lyrics12. 
13:56:18.726 INFO  Loading Command: move. 
13:56:18.728 INFO  Loading Command: nightcore. 
13:56:18.757 INFO  Loading Command: np. 
13:56:18.760 INFO  Loading Command: p-add. 
13:56:18.761 INFO  Loading Command: p-create. 
13:56:18.762 INFO  Loading Command: p-delete. 
13:56:18.764 INFO  Loading Command: p-load. 
13:56:18.765 INFO  Loading Command: p-remove. 
13:56:18.767 INFO  Loading Command: p-view. 
13:56:18.769 INFO  Loading Command: pause. 
13:56:18.770 INFO  Loading Command: pitch. 
13:56:18.787 INFO  Loading Command: play12. 
13:56:18.789 INFO  Loading Command: previous. 
13:56:18.797 INFO  Loading Command: queue12. 
13:56:18.829 INFO  Loading Command: radio. 
13:56:18.831 INFO  Loading Command: remove. 
13:56:18.832 INFO  Loading Command: resume. 
13:56:18.834 INFO  Loading Command: rewind. 
13:56:18.845 INFO  Loading Command: search. 
13:56:18.847 INFO  Loading Command: seek. 
13:56:18.849 INFO  Loading Command: shuffle. 
13:56:18.850 INFO  Loading Command: skip. 
13:56:18.852 INFO  Loading Command: speed. 
13:56:18.853 INFO  Loading Command: vaporwave. 
13:56:18.855 INFO  Loading Command: volume. 
13:56:18.861 INFO  Loading Event: debug 
13:56:18.862 INFO  Loading Event: error 
13:56:18.864 INFO  Loading Event: guildCreate 
13:56:18.867 INFO  Loading Event: guildDelete 
13:56:18.868 INFO  Loading Event: guildUnavailable 
13:56:18.870 INFO  Loading Event: interactionCreate 
13:56:18.892 INFO  Loading Event: messageCreate 
13:56:18.894 INFO  Loading Event: rateLimit 
13:56:18.895 INFO  Loading Event: raw 
13:56:18.896 INFO  Loading Event: ready 
13:56:18.898 INFO  Loading Event: warn 
13:56:18.900 INFO  Loading Event: clickButton 
13:56:18.913 INFO  Loading Event: slashCreate 
13:56:18.915 INFO  Loading Event: channelDelete 
13:56:18.916 INFO  Loading Event: messageReactionAdd 
13:56:18.934 ERROR Failed to load Event: voiceStateUpdate error: Identifier 'settings' has already been declared 
13:56:18.936 INFO  Loading Event: shardDisconnect 
13:56:18.937 INFO  Loading Event: shardError 
13:56:18.939 INFO  Loading Event: shardReady 
13:56:18.939 INFO  Loading Event: shardReconnecting 
13:56:19.201 INFO  MongoDB successfully connected 
13:56:19.491 INFO  Shard: 0 has became ready with: 0 unavailable guilds. 
13:56:19.508 INFO  =-=-=-=-=-=-=- Loading Guild Specific Interaction(s) -=-=-=-=-=-=-= 
13:56:19.580 INFO  All guilds have been initialized. 
13:56:19.580 INFO  -=-=-=-=-=-=-=-=-=-=-=-=-=-=-=-=-=-=-=-=-=-=-=-=-=-=-=-= 
13:56:19.581 INFO  Moody 2#6662, ready to serve [3] users in [3] servers. 
13:56:19.581 INFO  -=-=-=-=-=-=-=-=-=-=-=-=-=-=-=-=-=-=-=-=-=-=-=-=-=-=-=-= 
13:56:19.655 INFO  Lavalink node: 0.0.0.0 has connected. 
13:56:19.764 INFO  Loaded Interactions for guild: Friends 
13:56:19.766 INFO  Loaded Interactions for guild: Moody 
13:56:19.770 INFO  Loaded Interactions for guild: TEST 
13:59:53.004 INFO  =-=-=-=-=-=-=- Loading shard(s) -=-=-=-=-=-=-= 
13:59:54.030 INFO  =-=-=-=-=-=-=- Loading commands -=-=-=-=-=-=-= 
13:59:54.042 INFO  Loading Command: help. 
13:59:54.168 INFO  Loading Command: lyrics. 
13:59:54.170 INFO  Loading Command: ping. 
13:59:54.171 INFO  Loading Command: play. 
13:59:54.173 INFO  Loading Command: premiumstatus. 
13:59:54.175 INFO  Loading Command: queue. 
13:59:54.179 INFO  Loading Command: ban. 
13:59:54.181 INFO  Loading Command: playlists. 
13:59:54.182 INFO  Loading Command: prefix. 
13:59:54.184 INFO  Loading Command: setup. 
13:59:54.186 INFO  Loading Command: test. 
13:59:54.187 INFO  Loading Command: unban. 
13:59:54.190 INFO  Loading Command: docs. 
13:59:54.191 INFO  Loading Command: eval. 
13:59:54.193 INFO  Loading Command: lavalink. 
13:59:54.207 INFO  Loading Command: node. 
13:59:54.208 INFO  Loading Command: reload. 
13:59:54.209 INFO  Loading Command: shutdown. 
13:59:54.211 INFO  Loading Command: suggestion. 
13:59:54.214 INFO  Loading Command: user. 
13:59:54.216 INFO  Loading Command: about. 
13:59:54.218 INFO  Loading Command: invite. 
13:59:54.221 INFO  Loading Command: shorturl. 
13:59:54.222 INFO  Loading Command: status. 
13:59:54.223 INFO  Loading Command: support. 
13:59:54.224 INFO  Loading Command: uptime. 
13:59:54.226 INFO  Loading Command: 247. 
13:59:54.227 INFO  Loading Command: back. 
13:59:54.229 INFO  Loading Command: bassboost. 
13:59:54.230 INFO  Loading Command: dc. 
13:59:54.231 INFO  Loading Command: fast-forward. 
13:59:54.232 INFO  Loading Command: join. 
13:59:54.233 INFO  Loading Command: loop. 
13:59:54.238 INFO  Loading Command: lyrics12. 
13:59:54.239 INFO  Loading Command: move. 
13:59:54.241 INFO  Loading Command: nightcore. 
13:59:54.243 INFO  Loading Command: np. 
13:59:54.245 INFO  Loading Command: p-add. 
13:59:54.247 INFO  Loading Command: p-create. 
13:59:54.249 INFO  Loading Command: p-delete. 
13:59:54.250 INFO  Loading Command: p-load. 
13:59:54.251 INFO  Loading Command: p-remove. 
13:59:54.253 INFO  Loading Command: p-view. 
13:59:54.255 INFO  Loading Command: pause. 
13:59:54.256 INFO  Loading Command: pitch. 
13:59:54.258 INFO  Loading Command: play12. 
13:59:54.260 INFO  Loading Command: previous. 
13:59:54.262 INFO  Loading Command: queue12. 
13:59:54.270 INFO  Loading Command: radio. 
13:59:54.271 INFO  Loading Command: remove. 
13:59:54.272 INFO  Loading Command: resume. 
13:59:54.273 INFO  Loading Command: rewind. 
13:59:54.274 INFO  Loading Command: search. 
13:59:54.277 INFO  Loading Command: seek. 
13:59:54.279 INFO  Loading Command: shuffle. 
13:59:54.280 INFO  Loading Command: skip. 
13:59:54.281 INFO  Loading Command: speed. 
13:59:54.283 INFO  Loading Command: vaporwave. 
13:59:54.284 INFO  Loading Command: volume. 
13:59:54.286 INFO  =-=-=-=-=-=-=- Loading events -=-=-=-=-=-=-= 
13:59:54.481 INFO  Loading Event: debug 
13:59:54.482 INFO  Loading Event: error 
13:59:54.484 INFO  Loading Event: guildCreate 
13:59:54.486 INFO  Loading Event: guildDelete 
13:59:54.488 INFO  Loading Event: guildUnavailable 
13:59:54.489 INFO  Loading Event: interactionCreate 
13:59:54.492 INFO  Loading Event: messageCreate 
13:59:54.493 INFO  Loading Event: rateLimit 
13:59:54.494 INFO  Loading Event: raw 
13:59:54.496 INFO  Loading Event: ready 
13:59:54.496 INFO  Loading Event: warn 
13:59:54.498 INFO  Loading Event: clickButton 
13:59:54.500 INFO  Loading Event: slashCreate 
13:59:54.502 INFO  Loading Event: channelDelete 
13:59:54.504 INFO  Loading Event: messageReactionAdd 
13:59:54.506 INFO  Loading Event: voiceStateUpdate 
13:59:54.507 INFO  Loading Event: shardDisconnect 
13:59:54.509 INFO  Loading Event: shardError 
13:59:54.510 INFO  Loading Event: shardReady 
13:59:54.511 INFO  Loading Event: shardReconnecting 
13:59:54.872 INFO  MongoDB successfully connected 
13:59:55.193 INFO  Shard: 0 has became ready with: 0 unavailable guilds. 
13:59:55.198 INFO  =-=-=-=-=-=-=- Loading Guild Specific Interaction(s) -=-=-=-=-=-=-= 
13:59:55.270 INFO  All guilds have been initialized. 
13:59:55.270 INFO  -=-=-=-=-=-=-=-=-=-=-=-=-=-=-=-=-=-=-=-=-=-=-=-=-=-=-=-= 
13:59:55.271 INFO  Moody 2#6662, ready to serve [3] users in [3] servers. 
13:59:55.272 INFO  -=-=-=-=-=-=-=-=-=-=-=-=-=-=-=-=-=-=-=-=-=-=-=-=-=-=-=-= 
13:59:55.398 INFO  Loaded Interactions for guild: Friends 
13:59:55.445 INFO  Loaded Interactions for guild: Moody 
13:59:55.526 INFO  Loaded Interactions for guild: TEST 
14:00:10.795 ERROR  
14:00:18.007 ERROR  
14:00:28.941 ERROR Lavalink node: '0.0.0.0', has error: 'read ECONNRESET'. 
14:00:28.941 ERROR Lavalink node: 0.0.0.0 has disconnect, reason: unspecified. 
14:00:41.346 INFO  =-=-=-=-=-=-=- Loading shard(s) -=-=-=-=-=-=-= 
14:00:42.265 INFO  =-=-=-=-=-=-=- Loading commands -=-=-=-=-=-=-= 
14:00:42.277 INFO  Loading Command: ban. 
14:00:42.279 INFO  Loading Command: playlists. 
14:00:42.280 INFO  Loading Command: prefix. 
14:00:42.282 INFO  Loading Command: setup. 
14:00:42.283 INFO  Loading Command: test. 
14:00:42.285 INFO  Loading Command: unban. 
14:00:42.288 INFO  Loading Command: help. 
14:00:42.399 INFO  Loading Command: lyrics. 
14:00:42.401 INFO  Loading Command: ping. 
14:00:42.403 INFO  Loading Command: play. 
14:00:42.405 INFO  Loading Command: premiumstatus. 
14:00:42.406 INFO  Loading Command: queue. 
14:00:42.409 INFO  Loading Command: docs. 
14:00:42.410 INFO  Loading Command: eval. 
14:00:42.411 INFO  Loading Command: lavalink. 
14:00:42.423 INFO  Loading Command: node. 
14:00:42.425 INFO  Loading Command: reload. 
14:00:42.427 INFO  Loading Command: shutdown. 
14:00:42.428 INFO  Loading Command: suggestion. 
14:00:42.430 INFO  Loading Command: user. 
14:00:42.433 INFO  Loading Command: about. 
14:00:42.435 INFO  Loading Command: invite. 
14:00:42.437 INFO  Loading Command: shorturl. 
14:00:42.438 INFO  Loading Command: status. 
14:00:42.439 INFO  Loading Command: support. 
14:00:42.440 INFO  Loading Command: uptime. 
14:00:42.443 INFO  Loading Command: 247. 
14:00:42.444 INFO  Loading Command: back. 
14:00:42.445 INFO  Loading Command: bassboost. 
14:00:42.446 INFO  Loading Command: dc. 
14:00:42.448 INFO  Loading Command: fast-forward. 
14:00:42.449 INFO  Loading Command: join. 
14:00:42.449 INFO  Loading Command: loop. 
14:00:42.454 INFO  Loading Command: lyrics12. 
14:00:42.454 INFO  Loading Command: move. 
14:00:42.456 INFO  Loading Command: nightcore. 
14:00:42.458 INFO  Loading Command: np. 
14:00:42.460 INFO  Loading Command: p-add. 
14:00:42.461 INFO  Loading Command: p-create. 
14:00:42.462 INFO  Loading Command: p-delete. 
14:00:42.463 INFO  Loading Command: p-load. 
14:00:42.464 INFO  Loading Command: p-remove. 
14:00:42.465 INFO  Loading Command: p-view. 
14:00:42.467 INFO  Loading Command: pause. 
14:00:42.468 INFO  Loading Command: pitch. 
14:00:42.469 INFO  Loading Command: play12. 
14:00:42.470 INFO  Loading Command: previous. 
14:00:42.471 INFO  Loading Command: queue12. 
14:00:42.478 INFO  Loading Command: radio. 
14:00:42.479 INFO  Loading Command: remove. 
14:00:42.480 INFO  Loading Command: resume. 
14:00:42.481 INFO  Loading Command: rewind. 
14:00:42.482 INFO  Loading Command: search. 
14:00:42.483 INFO  Loading Command: seek. 
14:00:42.485 INFO  Loading Command: shuffle. 
14:00:42.486 INFO  Loading Command: skip. 
14:00:42.487 INFO  Loading Command: speed. 
14:00:42.488 INFO  Loading Command: vaporwave. 
14:00:42.490 INFO  Loading Command: volume. 
14:00:42.491 INFO  =-=-=-=-=-=-=- Loading events -=-=-=-=-=-=-= 
14:00:42.662 INFO  Loading Event: clickButton 
14:00:42.663 INFO  Loading Event: slashCreate 
14:00:42.665 INFO  Loading Event: shardDisconnect 
14:00:42.666 INFO  Loading Event: shardError 
14:00:42.667 INFO  Loading Event: shardReady 
14:00:42.668 INFO  Loading Event: shardReconnecting 
14:00:42.669 INFO  Loading Event: debug 
14:00:42.670 INFO  Loading Event: error 
14:00:42.672 INFO  Loading Event: guildCreate 
14:00:42.674 INFO  Loading Event: guildDelete 
14:00:42.675 INFO  Loading Event: guildUnavailable 
14:00:42.676 INFO  Loading Event: interactionCreate 
14:00:42.679 INFO  Loading Event: messageCreate 
14:00:42.680 INFO  Loading Event: rateLimit 
14:00:42.681 INFO  Loading Event: raw 
14:00:42.682 INFO  Loading Event: ready 
14:00:42.683 INFO  Loading Event: warn 
14:00:42.685 INFO  Loading Event: channelDelete 
14:00:42.686 INFO  Loading Event: messageReactionAdd 
14:00:42.688 INFO  Loading Event: voiceStateUpdate 
14:00:42.931 INFO  MongoDB successfully connected 
14:00:43.384 INFO  Shard: 0 has became ready with: 0 unavailable guilds. 
14:00:43.388 INFO  =-=-=-=-=-=-=- Loading Guild Specific Interaction(s) -=-=-=-=-=-=-= 
14:00:43.486 INFO  Lavalink node: 0.0.0.0 has connected. 
14:00:43.503 INFO  All guilds have been initialized. 
14:00:43.503 INFO  -=-=-=-=-=-=-=-=-=-=-=-=-=-=-=-=-=-=-=-=-=-=-=-=-=-=-=-= 
14:00:43.504 INFO  Moody 2#6662, ready to serve [3] users in [3] servers. 
14:00:43.504 INFO  -=-=-=-=-=-=-=-=-=-=-=-=-=-=-=-=-=-=-=-=-=-=-=-=-=-=-=-= 
14:00:43.659 INFO  Loaded Interactions for guild: Moody 
14:00:43.704 INFO  Loaded Interactions for guild: TEST 
14:00:43.710 INFO  Loaded Interactions for guild: Friends 
14:01:37.703 INFO  Lavalink player created in guild: 709832515577184287. 
14:09:17.861 INFO  Lavalink player destroyed in guild: 709832515577184287. 
14:35:39.008 INFO  Lavalink player created in guild: 709832515577184287. 
14:35:39.078 INFO  Track Loaded: Your Gain 
