14:47:02.139 INFO  MongoDB successfully connected 
14:47:02.587 INFO  Shard: 0 has became ready 
14:47:02.751 INFO  Lavalink node: 0.0.0.0 has connected. 
14:47:03.429 INFO  All guilds have been initialized 
14:47:03.560 INFO  -=-=-=-=-=-=-=-=-=-=-=-=-=-=-=-=-=-=-=-=-=-=-=-=-=-=-=-= 
14:47:03.561 INFO  Void Music 2#3539, ready to serve [5] users in [3] servers 
14:47:03.562 INFO  -=-=-=-=-=-=-=-=-=-=-=-=-=-=-=-=-=-=-=-=-=-=-=-=-=-=-=-= 
14:48:24.626 INFO  MongoDB successfully connected 
14:48:25.054 INFO  Shard: 0 has became ready 
14:48:25.078 INFO  Lavalink node: 0.0.0.0 has connected. 
14:48:25.103 INFO  All guilds have been initialized 
14:48:25.222 INFO  -=-=-=-=-=-=-=-=-=-=-=-=-=-=-=-=-=-=-=-=-=-=-=-=-=-=-=-= 
14:48:25.222 INFO  Void Music 2#3539, ready to serve [5] users in [3] servers 
14:48:25.223 INFO  -=-=-=-=-=-=-=-=-=-=-=-=-=-=-=-=-=-=-=-=-=-=-=-=-=-=-=-= 
14:54:40.880 INFO  MongoDB successfully connected 
14:54:41.446 INFO  Shard: 0 has became ready 
14:54:41.474 INFO  Lavalink node: 0.0.0.0 has connected. 
14:54:41.492 INFO  All guilds have been initialized 
14:54:41.609 INFO  -=-=-=-=-=-=-=-=-=-=-=-=-=-=-=-=-=-=-=-=-=-=-=-=-=-=-=-= 
14:54:41.609 INFO  Void Music 2#3539, ready to serve [6] users in [3] servers 
14:54:41.610 INFO  -=-=-=-=-=-=-=-=-=-=-=-=-=-=-=-=-=-=-=-=-=-=-=-=-=-=-=-= 
14:54:44.788 ERROR Unhandled promise rejection: Cannot read properties of undefined (reading 'voiceChannel'). 
14:54:54.795 INFO  MongoDB successfully connected 
14:54:55.361 INFO  Shard: 0 has became ready 
14:54:55.389 INFO  Lavalink node: 0.0.0.0 has connected. 
14:54:55.411 INFO  All guilds have been initialized 
14:54:55.538 INFO  -=-=-=-=-=-=-=-=-=-=-=-=-=-=-=-=-=-=-=-=-=-=-=-=-=-=-=-= 
14:54:55.538 INFO  Void Music 2#3539, ready to serve [6] users in [3] servers 
14:54:55.538 INFO  -=-=-=-=-=-=-=-=-=-=-=-=-=-=-=-=-=-=-=-=-=-=-=-=-=-=-=-= 
14:59:08.455 INFO  MongoDB successfully connected 
14:59:08.851 INFO  Shard: 0 has became ready 
14:59:08.878 INFO  Lavalink node: 0.0.0.0 has connected. 
14:59:08.903 INFO  All guilds have been initialized 
14:59:09.014 INFO  -=-=-=-=-=-=-=-=-=-=-=-=-=-=-=-=-=-=-=-=-=-=-=-=-=-=-=-= 
14:59:09.015 INFO  Void Music 2#3539, ready to serve [6] users in [3] servers 
14:59:09.015 INFO  -=-=-=-=-=-=-=-=-=-=-=-=-=-=-=-=-=-=-=-=-=-=-=-=-=-=-=-= 
14:59:25.762 INFO  MongoDB successfully connected 
14:59:26.414 INFO  Shard: 0 has became ready 
14:59:26.438 INFO  Lavalink node: 0.0.0.0 has connected. 
14:59:26.465 INFO  All guilds have been initialized 
14:59:26.577 INFO  -=-=-=-=-=-=-=-=-=-=-=-=-=-=-=-=-=-=-=-=-=-=-=-=-=-=-=-= 
14:59:26.577 INFO  Void Music 2#3539, ready to serve [6] users in [3] servers 
14:59:26.577 INFO  -=-=-=-=-=-=-=-=-=-=-=-=-=-=-=-=-=-=-=-=-=-=-=-=-=-=-=-= 
15:00:06.856 INFO  MongoDB successfully connected 
15:00:07.469 INFO  Shard: 0 has became ready 
15:00:07.492 INFO  Lavalink node: 0.0.0.0 has connected. 
15:00:07.516 INFO  All guilds have been initialized 
15:00:07.641 INFO  -=-=-=-=-=-=-=-=-=-=-=-=-=-=-=-=-=-=-=-=-=-=-=-=-=-=-=-= 
15:00:07.641 INFO  Void Music 2#3539, ready to serve [6] users in [3] servers 
15:00:07.641 INFO  -=-=-=-=-=-=-=-=-=-=-=-=-=-=-=-=-=-=-=-=-=-=-=-=-=-=-=-= 
15:00:29.972 INFO  MongoDB successfully connected 
15:00:30.445 INFO  Shard: 0 has became ready 
15:00:30.470 INFO  Lavalink node: 0.0.0.0 has connected. 
15:00:30.484 INFO  All guilds have been initialized 
15:00:30.630 INFO  -=-=-=-=-=-=-=-=-=-=-=-=-=-=-=-=-=-=-=-=-=-=-=-=-=-=-=-= 
15:00:30.630 INFO  Void Music 2#3539, ready to serve [6] users in [3] servers 
15:00:30.630 INFO  -=-=-=-=-=-=-=-=-=-=-=-=-=-=-=-=-=-=-=-=-=-=-=-=-=-=-=-= 
15:00:52.150 INFO  MongoDB successfully connected 
15:00:52.781 INFO  Shard: 0 has became ready 
15:00:52.808 INFO  Lavalink node: 0.0.0.0 has connected. 
15:00:52.829 INFO  All guilds have been initialized 
15:00:52.948 INFO  -=-=-=-=-=-=-=-=-=-=-=-=-=-=-=-=-=-=-=-=-=-=-=-=-=-=-=-= 
15:00:52.948 INFO  Void Music 2#3539, ready to serve [6] users in [3] servers 
15:00:52.949 INFO  -=-=-=-=-=-=-=-=-=-=-=-=-=-=-=-=-=-=-=-=-=-=-=-=-=-=-=-= 
15:02:24.148 INFO  MongoDB successfully connected 
15:02:24.776 INFO  Shard: 0 has became ready 
15:02:24.804 INFO  Lavalink node: 0.0.0.0 has connected. 
15:02:24.825 INFO  All guilds have been initialized 
15:02:24.953 INFO  -=-=-=-=-=-=-=-=-=-=-=-=-=-=-=-=-=-=-=-=-=-=-=-=-=-=-=-= 
15:02:24.954 INFO  Void Music 2#3539, ready to serve [6] users in [3] servers 
15:02:24.954 INFO  -=-=-=-=-=-=-=-=-=-=-=-=-=-=-=-=-=-=-=-=-=-=-=-=-=-=-=-= 
15:03:12.761 INFO  MongoDB successfully connected 
15:03:13.301 INFO  Shard: 0 has became ready 
15:03:13.333 INFO  Lavalink node: 0.0.0.0 has connected. 
15:03:13.352 INFO  All guilds have been initialized 
15:03:13.474 INFO  -=-=-=-=-=-=-=-=-=-=-=-=-=-=-=-=-=-=-=-=-=-=-=-=-=-=-=-= 
15:03:13.475 INFO  Void Music 2#3539, ready to serve [6] users in [3] servers 
15:03:13.475 INFO  -=-=-=-=-=-=-=-=-=-=-=-=-=-=-=-=-=-=-=-=-=-=-=-=-=-=-=-= 
15:05:35.734 INFO  MongoDB successfully connected 
15:05:36.106 INFO  Shard: 0 has became ready 
15:05:36.134 INFO  Lavalink node: 0.0.0.0 has connected. 
15:05:36.150 INFO  All guilds have been initialized 
15:05:36.266 INFO  -=-=-=-=-=-=-=-=-=-=-=-=-=-=-=-=-=-=-=-=-=-=-=-=-=-=-=-= 
15:05:36.266 INFO  Void Music 2#3539, ready to serve [6] users in [3] servers 
15:05:36.267 INFO  -=-=-=-=-=-=-=-=-=-=-=-=-=-=-=-=-=-=-=-=-=-=-=-=-=-=-=-= 
15:09:28.074 INFO  Shard: 0 has became ready 
15:09:28.099 INFO  Lavalink node: 0.0.0.0 has connected. 
15:09:29.487 INFO  MongoDB successfully connected 
15:09:29.781 INFO  All guilds have been initialized 
15:09:29.902 INFO  -=-=-=-=-=-=-=-=-=-=-=-=-=-=-=-=-=-=-=-=-=-=-=-=-=-=-=-= 
15:09:29.902 INFO  Void Music 2#3539, ready to serve [6] users in [3] servers 
15:09:29.903 INFO  -=-=-=-=-=-=-=-=-=-=-=-=-=-=-=-=-=-=-=-=-=-=-=-=-=-=-=-= 
15:10:46.670 INFO  MongoDB successfully connected 
15:10:47.090 INFO  Shard: 0 has became ready 
15:10:47.112 INFO  Lavalink node: 0.0.0.0 has connected. 
15:10:47.129 INFO  All guilds have been initialized 
15:10:47.248 INFO  -=-=-=-=-=-=-=-=-=-=-=-=-=-=-=-=-=-=-=-=-=-=-=-=-=-=-=-= 
15:10:47.248 INFO  Void Music 2#3539, ready to serve [6] users in [3] servers 
15:10:47.248 INFO  -=-=-=-=-=-=-=-=-=-=-=-=-=-=-=-=-=-=-=-=-=-=-=-=-=-=-=-= 
15:10:48.417 ERROR Unhandled promise rejection: messages is not defined. 
15:10:48.420 ERROR Unhandled promise rejection: messages is not defined. 
15:10:48.422 ERROR Unhandled promise rejection: messages is not defined. 
15:10:48.423 ERROR Unhandled promise rejection: messages is not defined. 
15:10:48.425 ERROR Unhandled promise rejection: messages is not defined. 
15:10:48.426 ERROR Unhandled promise rejection: messages is not defined. 
15:10:48.427 ERROR Unhandled promise rejection: messages is not defined. 
15:10:48.429 ERROR Unhandled promise rejection: messages is not defined. 
15:10:48.430 ERROR Unhandled promise rejection: messages is not defined. 
15:10:48.432 ERROR Unhandled promise rejection: messages is not defined. 
15:10:48.433 ERROR Unhandled promise rejection: messages is not defined. 
15:10:48.434 ERROR Unhandled promise rejection: messages is not defined. 
15:10:48.436 ERROR Unhandled promise rejection: messages is not defined. 
15:10:48.437 ERROR Unhandled promise rejection: messages is not defined. 
15:10:48.438 ERROR Unhandled promise rejection: messages is not defined. 
15:10:48.440 ERROR Unhandled promise rejection: messages is not defined. 
15:10:48.441 ERROR Unhandled promise rejection: messages is not defined. 
15:10:48.443 ERROR Unhandled promise rejection: messages is not defined. 
15:10:48.444 ERROR Unhandled promise rejection: messages is not defined. 
15:11:16.348 INFO  MongoDB successfully connected 
15:11:16.664 INFO  Shard: 0 has became ready 
15:11:16.689 INFO  Lavalink node: 0.0.0.0 has connected. 
15:11:16.712 INFO  All guilds have been initialized 
15:11:16.832 INFO  -=-=-=-=-=-=-=-=-=-=-=-=-=-=-=-=-=-=-=-=-=-=-=-=-=-=-=-= 
15:11:16.833 INFO  Void Music 2#3539, ready to serve [6] users in [3] servers 
15:11:16.833 INFO  -=-=-=-=-=-=-=-=-=-=-=-=-=-=-=-=-=-=-=-=-=-=-=-=-=-=-=-= 
15:11:29.339 INFO  MongoDB successfully connected 
15:11:29.805 INFO  Shard: 0 has became ready 
15:11:29.828 INFO  Lavalink node: 0.0.0.0 has connected. 
15:11:29.851 INFO  All guilds have been initialized 
15:11:29.966 INFO  -=-=-=-=-=-=-=-=-=-=-=-=-=-=-=-=-=-=-=-=-=-=-=-=-=-=-=-= 
15:11:29.967 INFO  Void Music 2#3539, ready to serve [6] users in [3] servers 
15:11:29.967 INFO  -=-=-=-=-=-=-=-=-=-=-=-=-=-=-=-=-=-=-=-=-=-=-=-=-=-=-=-= 
15:14:01.686 INFO  MongoDB successfully connected 
15:14:02.106 INFO  Shard: 0 has became ready 
15:14:02.132 INFO  Lavalink node: 0.0.0.0 has connected. 
15:14:02.149 INFO  All guilds have been initialized 
15:14:02.268 INFO  -=-=-=-=-=-=-=-=-=-=-=-=-=-=-=-=-=-=-=-=-=-=-=-=-=-=-=-= 
15:14:02.269 INFO  Void Music 2#3539, ready to serve [6] users in [3] servers 
15:14:02.269 INFO  -=-=-=-=-=-=-=-=-=-=-=-=-=-=-=-=-=-=-=-=-=-=-=-=-=-=-=-= 
15:15:07.946 INFO  MongoDB successfully connected 
15:15:08.309 INFO  Shard: 0 has became ready 
15:15:08.336 INFO  Lavalink node: 0.0.0.0 has connected. 
15:15:08.357 INFO  All guilds have been initialized 
15:15:08.480 INFO  -=-=-=-=-=-=-=-=-=-=-=-=-=-=-=-=-=-=-=-=-=-=-=-=-=-=-=-= 
15:15:08.480 INFO  Void Music 2#3539, ready to serve [6] users in [3] servers 
15:15:08.480 INFO  -=-=-=-=-=-=-=-=-=-=-=-=-=-=-=-=-=-=-=-=-=-=-=-=-=-=-=-= 
15:32:40.553 INFO  MongoDB successfully connected 
15:32:41.030 INFO  Shard: 0 has became ready 
15:32:41.054 INFO  Lavalink node: 0.0.0.0 has connected. 
15:32:41.073 INFO  All guilds have been initialized 
15:32:41.201 INFO  -=-=-=-=-=-=-=-=-=-=-=-=-=-=-=-=-=-=-=-=-=-=-=-=-=-=-=-= 
15:32:41.202 INFO  Void Music 2#3539, ready to serve [6] users in [3] servers 
15:32:41.202 INFO  -=-=-=-=-=-=-=-=-=-=-=-=-=-=-=-=-=-=-=-=-=-=-=-=-=-=-=-= 
15:34:31.981 INFO  MongoDB successfully connected 
15:34:32.642 INFO  Shard: 0 has became ready 
15:34:32.667 INFO  Lavalink node: 0.0.0.0 has connected. 
15:34:32.691 INFO  All guilds have been initialized 
15:34:32.803 INFO  -=-=-=-=-=-=-=-=-=-=-=-=-=-=-=-=-=-=-=-=-=-=-=-=-=-=-=-= 
15:34:32.804 INFO  Void Music 2#3539, ready to serve [7] users in [3] servers 
15:34:32.804 INFO  -=-=-=-=-=-=-=-=-=-=-=-=-=-=-=-=-=-=-=-=-=-=-=-=-=-=-=-= 
15:34:52.667 INFO  MongoDB successfully connected 
15:34:53.173 INFO  Shard: 0 has became ready 
15:34:53.199 INFO  Lavalink node: 0.0.0.0 has connected. 
15:34:53.221 INFO  All guilds have been initialized 
15:34:53.341 INFO  -=-=-=-=-=-=-=-=-=-=-=-=-=-=-=-=-=-=-=-=-=-=-=-=-=-=-=-= 
15:34:53.341 INFO  Void Music 2#3539, ready to serve [7] users in [3] servers 
15:34:53.342 INFO  -=-=-=-=-=-=-=-=-=-=-=-=-=-=-=-=-=-=-=-=-=-=-=-=-=-=-=-= 
16:37:49.164 INFO  MongoDB successfully connected 
16:37:49.658 INFO  Shard: 0 has became ready 
16:37:49.703 INFO  Lavalink node: 0.0.0.0 has connected. 
16:37:49.720 INFO  All guilds have been initialized 
16:37:49.839 INFO  -=-=-=-=-=-=-=-=-=-=-=-=-=-=-=-=-=-=-=-=-=-=-=-=-=-=-=-= 
16:37:49.840 INFO  Void Music 2#3539, ready to serve [8] users in [3] servers 
16:37:49.840 INFO  -=-=-=-=-=-=-=-=-=-=-=-=-=-=-=-=-=-=-=-=-=-=-=-=-=-=-=-= 
16:43:00.101 INFO  MongoDB successfully connected 
16:43:00.522 INFO  Shard: 0 has became ready 
16:43:00.551 INFO  Lavalink node: 0.0.0.0 has connected. 
16:43:00.582 INFO  All guilds have been initialized 
16:43:00.708 INFO  -=-=-=-=-=-=-=-=-=-=-=-=-=-=-=-=-=-=-=-=-=-=-=-=-=-=-=-= 
16:43:00.708 INFO  Void Music 2#3539, ready to serve [8] users in [3] servers 
16:43:00.708 INFO  -=-=-=-=-=-=-=-=-=-=-=-=-=-=-=-=-=-=-=-=-=-=-=-=-=-=-=-= 
16:43:19.576 ERROR Unhandled promise rejection: The reply to this interaction has not been sent or deferred.. 
16:45:00.557 INFO  MongoDB successfully connected 
16:45:00.994 INFO  Shard: 0 has became ready 
16:45:01.035 INFO  Lavalink node: 0.0.0.0 has connected. 
16:45:01.055 INFO  All guilds have been initialized 
16:45:01.178 INFO  -=-=-=-=-=-=-=-=-=-=-=-=-=-=-=-=-=-=-=-=-=-=-=-=-=-=-=-= 
16:45:01.179 INFO  Void Music 2#3539, ready to serve [8] users in [3] servers 
16:45:01.179 INFO  -=-=-=-=-=-=-=-=-=-=-=-=-=-=-=-=-=-=-=-=-=-=-=-=-=-=-=-= 
16:45:09.219 ERROR Unhandled promise rejection: The reply to this interaction has not been sent or deferred.. 
17:28:21.908 INFO  MongoDB successfully connected 
17:28:22.346 INFO  Shard: 0 has became ready 
17:28:22.373 INFO  Lavalink node: 0.0.0.0 has connected. 
17:28:22.396 INFO  All guilds have been initialized 
17:28:22.526 INFO  -=-=-=-=-=-=-=-=-=-=-=-=-=-=-=-=-=-=-=-=-=-=-=-=-=-=-=-= 
17:28:22.526 INFO  Void Music 2#3539, ready to serve [8] users in [3] servers 
17:28:22.526 INFO  -=-=-=-=-=-=-=-=-=-=-=-=-=-=-=-=-=-=-=-=-=-=-=-=-=-=-=-= 
17:28:54.262 INFO  MongoDB successfully connected 
17:28:54.827 INFO  Shard: 0 has became ready 
17:28:54.856 INFO  Lavalink node: 0.0.0.0 has connected. 
17:28:54.878 INFO  All guilds have been initialized 
17:28:55.001 INFO  -=-=-=-=-=-=-=-=-=-=-=-=-=-=-=-=-=-=-=-=-=-=-=-=-=-=-=-= 
17:28:55.001 INFO  Void Music 2#3539, ready to serve [8] users in [3] servers 
17:28:55.001 INFO  -=-=-=-=-=-=-=-=-=-=-=-=-=-=-=-=-=-=-=-=-=-=-=-=-=-=-=-= 
17:30:20.884 INFO  MongoDB successfully connected 
17:30:21.514 INFO  Shard: 0 has became ready 
17:30:21.543 INFO  Lavalink node: 0.0.0.0 has connected. 
17:30:21.561 INFO  All guilds have been initialized 
17:30:21.684 INFO  -=-=-=-=-=-=-=-=-=-=-=-=-=-=-=-=-=-=-=-=-=-=-=-=-=-=-=-= 
17:30:21.684 INFO  Void Music 2#3539, ready to serve [8] users in [3] servers 
17:30:21.685 INFO  -=-=-=-=-=-=-=-=-=-=-=-=-=-=-=-=-=-=-=-=-=-=-=-=-=-=-=-= 
17:32:48.510 INFO  MongoDB successfully connected 
17:32:49.087 INFO  Shard: 0 has became ready 
17:32:49.115 INFO  Lavalink node: 0.0.0.0 has connected. 
17:32:49.137 INFO  All guilds have been initialized 
17:32:49.279 INFO  -=-=-=-=-=-=-=-=-=-=-=-=-=-=-=-=-=-=-=-=-=-=-=-=-=-=-=-= 
17:32:49.280 INFO  Void Music 2#3539, ready to serve [8] users in [3] servers 
17:32:49.280 INFO  -=-=-=-=-=-=-=-=-=-=-=-=-=-=-=-=-=-=-=-=-=-=-=-=-=-=-=-= 
17:33:06.934 INFO  MongoDB successfully connected 
17:33:07.597 INFO  Shard: 0 has became ready 
17:33:07.628 INFO  Lavalink node: 0.0.0.0 has connected. 
17:33:07.649 INFO  All guilds have been initialized 
17:33:07.783 INFO  -=-=-=-=-=-=-=-=-=-=-=-=-=-=-=-=-=-=-=-=-=-=-=-=-=-=-=-= 
17:33:07.783 INFO  Void Music 2#3539, ready to serve [8] users in [3] servers 
17:33:07.783 INFO  -=-=-=-=-=-=-=-=-=-=-=-=-=-=-=-=-=-=-=-=-=-=-=-=-=-=-=-= 
17:33:09.126 ERROR Unhandled promise rejection: Assignment to constant variable.. 
17:35:37.020 INFO  MongoDB successfully connected 
17:35:37.516 INFO  Shard: 0 has became ready 
17:35:37.541 INFO  Lavalink node: 0.0.0.0 has connected. 
17:35:37.561 INFO  All guilds have been initialized 
17:35:37.674 INFO  -=-=-=-=-=-=-=-=-=-=-=-=-=-=-=-=-=-=-=-=-=-=-=-=-=-=-=-= 
17:35:37.675 INFO  Void Music 2#3539, ready to serve [8] users in [3] servers 
17:35:37.675 INFO  -=-=-=-=-=-=-=-=-=-=-=-=-=-=-=-=-=-=-=-=-=-=-=-=-=-=-=-= 
19:05:41.456 INFO  MongoDB successfully connected 
19:05:44.893 INFO  Shard: 0 has became ready 
19:05:44.917 INFO  Lavalink node: 0.0.0.0 has connected. 
19:05:44.939 INFO  All guilds have been initialized 
19:05:45.063 INFO  -=-=-=-=-=-=-=-=-=-=-=-=-=-=-=-=-=-=-=-=-=-=-=-=-=-=-=-= 
19:05:45.064 INFO  Void Music 2#3539, ready to serve [6] users in [3] servers 
19:05:45.064 INFO  -=-=-=-=-=-=-=-=-=-=-=-=-=-=-=-=-=-=-=-=-=-=-=-=-=-=-=-= 
19:08:08.905 INFO  MongoDB successfully connected 
19:08:09.478 INFO  Shard: 0 has became ready 
19:08:09.505 INFO  Lavalink node: 0.0.0.0 has connected. 
19:08:09.523 INFO  All guilds have been initialized 
19:08:09.639 INFO  -=-=-=-=-=-=-=-=-=-=-=-=-=-=-=-=-=-=-=-=-=-=-=-=-=-=-=-= 
19:08:09.640 INFO  Void Music 2#3539, ready to serve [6] users in [3] servers 
19:08:09.640 INFO  -=-=-=-=-=-=-=-=-=-=-=-=-=-=-=-=-=-=-=-=-=-=-=-=-=-=-=-= 
19:15:20.831 ERROR Unhandled promise rejection: 404: Not Found. 
19:15:37.807 ERROR Unhandled promise rejection: interaction.reply is not a function. 
19:15:41.474 ERROR Unhandled promise rejection: 404: Not Found. 
19:16:25.083 ERROR Unhandled promise rejection: Unknown Message. 
20:25:14.856 INFO  MongoDB successfully connected 
20:25:15.258 INFO  Shard: 0 has became ready 
20:25:15.306 INFO  Lavalink node: 0.0.0.0 has connected. 
20:25:15.320 INFO  All guilds have been initialized 
20:25:15.446 INFO  -=-=-=-=-=-=-=-=-=-=-=-=-=-=-=-=-=-=-=-=-=-=-=-=-=-=-=-= 
20:25:15.446 INFO  Void Music 2#3539, ready to serve [8] users in [3] servers 
20:25:15.447 INFO  -=-=-=-=-=-=-=-=-=-=-=-=-=-=-=-=-=-=-=-=-=-=-=-=-=-=-=-= 
20:27:40.228 INFO  MongoDB successfully connected 
20:27:40.751 INFO  Shard: 0 has became ready 
20:27:40.811 INFO  Lavalink node: 0.0.0.0 has connected. 
20:27:40.828 INFO  All guilds have been initialized 
20:27:40.953 INFO  -=-=-=-=-=-=-=-=-=-=-=-=-=-=-=-=-=-=-=-=-=-=-=-=-=-=-=-= 
20:27:40.954 INFO  Void Music 2#3539, ready to serve [8] users in [3] servers 
20:27:40.954 INFO  -=-=-=-=-=-=-=-=-=-=-=-=-=-=-=-=-=-=-=-=-=-=-=-=-=-=-=-= 
20:40:40.866 INFO  MongoDB successfully connected 
20:40:41.294 INFO  Shard: 0 has became ready 
20:40:41.323 INFO  Lavalink node: 0.0.0.0 has connected. 
20:40:41.347 INFO  All guilds have been initialized 
20:40:41.473 INFO  -=-=-=-=-=-=-=-=-=-=-=-=-=-=-=-=-=-=-=-=-=-=-=-=-=-=-=-= 
20:40:41.473 INFO  Void Music 2#3539, ready to serve [8] users in [3] servers 
20:40:41.473 INFO  -=-=-=-=-=-=-=-=-=-=-=-=-=-=-=-=-=-=-=-=-=-=-=-=-=-=-=-= 
20:43:01.770 INFO  MongoDB successfully connected 
20:43:02.245 INFO  Shard: 0 has became ready 
20:43:02.297 INFO  Lavalink node: 0.0.0.0 has connected. 
20:43:02.324 INFO  All guilds have been initialized 
20:43:02.460 INFO  -=-=-=-=-=-=-=-=-=-=-=-=-=-=-=-=-=-=-=-=-=-=-=-=-=-=-=-= 
20:43:02.460 INFO  Void Music 2#3539, ready to serve [8] users in [3] servers 
20:43:02.461 INFO  -=-=-=-=-=-=-=-=-=-=-=-=-=-=-=-=-=-=-=-=-=-=-=-=-=-=-=-= 
20:45:24.612 INFO  MongoDB successfully connected 
20:45:26.427 INFO  Shard: 0 has became ready 
20:45:26.454 INFO  Lavalink node: 0.0.0.0 has connected. 
20:45:26.477 INFO  All guilds have been initialized 
20:45:26.597 INFO  -=-=-=-=-=-=-=-=-=-=-=-=-=-=-=-=-=-=-=-=-=-=-=-=-=-=-=-= 
20:45:26.597 INFO  Void Music 2#3539, ready to serve [8] users in [3] servers 
20:45:26.598 INFO  -=-=-=-=-=-=-=-=-=-=-=-=-=-=-=-=-=-=-=-=-=-=-=-=-=-=-=-= 
20:46:41.269 INFO  MongoDB successfully connected 
20:46:41.717 INFO  Shard: 0 has became ready 
20:46:41.742 INFO  Lavalink node: 0.0.0.0 has connected. 
20:46:41.766 INFO  All guilds have been initialized 
20:46:41.892 INFO  -=-=-=-=-=-=-=-=-=-=-=-=-=-=-=-=-=-=-=-=-=-=-=-=-=-=-=-= 
20:46:41.892 INFO  Void Music 2#3539, ready to serve [8] users in [3] servers 
20:46:41.893 INFO  -=-=-=-=-=-=-=-=-=-=-=-=-=-=-=-=-=-=-=-=-=-=-=-=-=-=-=-= 
21:03:51.362 INFO  MongoDB successfully connected 
21:03:51.871 INFO  Shard: 0 has became ready 
21:03:51.905 INFO  Lavalink node: 0.0.0.0 has connected. 
21:03:51.922 INFO  All guilds have been initialized 
21:03:52.045 INFO  -=-=-=-=-=-=-=-=-=-=-=-=-=-=-=-=-=-=-=-=-=-=-=-=-=-=-=-= 
21:03:52.045 INFO  Void Music 2#3539, ready to serve [8] users in [3] servers 
21:03:52.045 INFO  -=-=-=-=-=-=-=-=-=-=-=-=-=-=-=-=-=-=-=-=-=-=-=-=-=-=-=-= 
21:04:38.634 ERROR Unhandled promise rejection: embed is not defined. 
21:05:32.261 INFO  MongoDB successfully connected 
21:05:32.601 INFO  Shard: 0 has became ready 
21:05:32.634 INFO  Lavalink node: 0.0.0.0 has connected. 
21:05:32.653 INFO  All guilds have been initialized 
21:05:32.768 INFO  -=-=-=-=-=-=-=-=-=-=-=-=-=-=-=-=-=-=-=-=-=-=-=-=-=-=-=-= 
21:05:32.769 INFO  Void Music 2#3539, ready to serve [8] users in [3] servers 
21:05:32.769 INFO  -=-=-=-=-=-=-=-=-=-=-=-=-=-=-=-=-=-=-=-=-=-=-=-=-=-=-=-= 
21:05:33.791 ERROR Unhandled promise rejection: interaction.send is not a function. 
21:05:38.355 ERROR Unhandled promise rejection: interaction.send is not a function. 
21:23:42.474 INFO  MongoDB successfully connected 
21:23:46.053 INFO  Shard: 0 has became ready 
21:23:46.104 INFO  Lavalink node: 0.0.0.0 has connected. 
21:23:46.126 INFO  All guilds have been initialized 
21:23:46.265 INFO  -=-=-=-=-=-=-=-=-=-=-=-=-=-=-=-=-=-=-=-=-=-=-=-=-=-=-=-= 
21:23:46.267 INFO  Void Music 2#3539, ready to serve [8] users in [3] servers 
21:23:46.268 INFO  -=-=-=-=-=-=-=-=-=-=-=-=-=-=-=-=-=-=-=-=-=-=-=-=-=-=-=-= 
21:24:31.944 INFO  MongoDB successfully connected 
21:24:32.654 INFO  Shard: 0 has became ready 
21:24:32.689 INFO  Lavalink node: 0.0.0.0 has connected. 
21:24:32.706 INFO  All guilds have been initialized 
21:24:32.833 INFO  -=-=-=-=-=-=-=-=-=-=-=-=-=-=-=-=-=-=-=-=-=-=-=-=-=-=-=-= 
21:24:32.833 INFO  Void Music 2#3539, ready to serve [8] users in [3] servers 
21:24:32.833 INFO  -=-=-=-=-=-=-=-=-=-=-=-=-=-=-=-=-=-=-=-=-=-=-=-=-=-=-=-= 
22:35:31.732 INFO  MongoDB successfully connected 
22:35:32.237 INFO  Shard: 0 has became ready 
22:35:32.258 INFO  Lavalink node: 0.0.0.0 has connected. 
22:35:32.288 INFO  All guilds have been initialized 
22:35:32.413 INFO  -=-=-=-=-=-=-=-=-=-=-=-=-=-=-=-=-=-=-=-=-=-=-=-=-=-=-=-= 
22:35:32.413 INFO  Void Music 2#3539, ready to serve [10] users in [3] servers 
22:35:32.414 INFO  -=-=-=-=-=-=-=-=-=-=-=-=-=-=-=-=-=-=-=-=-=-=-=-=-=-=-=-= 
22:36:26.967 ERROR Unhandled promise rejection: Cannot read properties of null (reading 'voice'). 
22:36:38.632 ERROR Unhandled promise rejection: Cannot read properties of null (reading 'voice'). 
22:37:03.659 INFO  MongoDB successfully connected 
22:37:04.067 INFO  Shard: 0 has became ready 
22:37:04.089 INFO  Lavalink node: 0.0.0.0 has connected. 
22:37:04.111 INFO  All guilds have been initialized 
22:37:04.238 INFO  -=-=-=-=-=-=-=-=-=-=-=-=-=-=-=-=-=-=-=-=-=-=-=-=-=-=-=-= 
22:37:04.238 INFO  Void Music 2#3539, ready to serve [10] users in [3] servers 
22:37:04.239 INFO  -=-=-=-=-=-=-=-=-=-=-=-=-=-=-=-=-=-=-=-=-=-=-=-=-=-=-=-= 
22:37:05.345 ERROR Unhandled promise rejection: Cannot read properties of null (reading 'voice'). 
22:38:05.567 INFO  MongoDB successfully connected 
22:38:06.366 INFO  Shard: 0 has became ready 
22:38:06.391 INFO  Lavalink node: 0.0.0.0 has connected. 
22:38:06.410 INFO  All guilds have been initialized 
22:38:06.528 INFO  -=-=-=-=-=-=-=-=-=-=-=-=-=-=-=-=-=-=-=-=-=-=-=-=-=-=-=-= 
22:38:06.529 INFO  Void Music 2#3539, ready to serve [10] users in [3] servers 
22:38:06.529 INFO  -=-=-=-=-=-=-=-=-=-=-=-=-=-=-=-=-=-=-=-=-=-=-=-=-=-=-=-= 
22:39:27.742 INFO  MongoDB successfully connected 
22:39:28.445 INFO  Shard: 0 has became ready 
22:39:28.478 INFO  Lavalink node: 0.0.0.0 has connected. 
22:39:28.507 INFO  All guilds have been initialized 
22:39:28.628 INFO  -=-=-=-=-=-=-=-=-=-=-=-=-=-=-=-=-=-=-=-=-=-=-=-=-=-=-=-= 
22:39:28.629 INFO  Void Music 2#3539, ready to serve [10] users in [3] servers 
22:39:28.629 INFO  -=-=-=-=-=-=-=-=-=-=-=-=-=-=-=-=-=-=-=-=-=-=-=-=-=-=-=-= 
22:39:42.198 INFO  MongoDB successfully connected 
22:39:42.948 INFO  Shard: 0 has became ready 
22:39:42.969 INFO  Lavalink node: 0.0.0.0 has connected. 
22:39:43.005 INFO  All guilds have been initialized 
22:39:43.116 INFO  -=-=-=-=-=-=-=-=-=-=-=-=-=-=-=-=-=-=-=-=-=-=-=-=-=-=-=-= 
22:39:43.117 INFO  Void Music 2#3539, ready to serve [10] users in [3] servers 
22:39:43.117 INFO  -=-=-=-=-=-=-=-=-=-=-=-=-=-=-=-=-=-=-=-=-=-=-=-=-=-=-=-= 
23:48:33.722 INFO  Shard: 0 has became ready 
23:48:33.764 INFO  Lavalink node: 0.0.0.0 has connected. 
23:48:36.844 INFO  MongoDB successfully connected 
23:48:37.087 INFO  All guilds have been initialized 
23:48:37.210 INFO  -=-=-=-=-=-=-=-=-=-=-=-=-=-=-=-=-=-=-=-=-=-=-=-=-=-=-=-= 
23:48:37.211 INFO  Void Music 2#3539, ready to serve [10] users in [3] servers 
23:48:37.211 INFO  -=-=-=-=-=-=-=-=-=-=-=-=-=-=-=-=-=-=-=-=-=-=-=-=-=-=-=-= 
23:48:43.994 ERROR Unhandled promise rejection: Invalid Form Body
rtc_region: Value must be one of ('us-west', 'brazil', 'hongkong', 'india', 'japan', 'rotterdam', 'russia', 'singapore', 'south-korea', 'southafrica', 'sydney', 'us-central', 'us-east', 'us-south').. 

