00:06:48.874 INFO  1 language(s) have loaded. (en-US) 
00:06:49.242 INFO  MongoDB successfully connected 
00:06:49.650 INFO  Shard: 0 has became ready 
00:06:49.701 INFO  All guilds have been initialized 
00:06:49.820 INFO  -=-=-=-=-=-=-=-=-=-=-=-=-=-=-=-=-=-=-=-=-=-=-=-=-=-=-=-= 
00:06:49.820 INFO  Void Music 2#3539, ready to serve [8] users in [3] servers 
00:06:49.821 INFO  -=-=-=-=-=-=-=-=-=-=-=-=-=-=-=-=-=-=-=-=-=-=-=-=-=-=-=-= 
00:06:50.264 INFO  Lavalink node: 0.0.0.0 has connected. 
01:31:36.602 INFO  1 language(s) have loaded. (en-US) 
01:31:36.951 INFO  MongoDB successfully connected 
01:31:37.311 INFO  Shard: 0 has became ready 
01:31:37.338 INFO  Lavalink node: 0.0.0.0 has connected. 
01:31:37.366 INFO  All guilds have been initialized 
01:31:37.484 INFO  -=-=-=-=-=-=-=-=-=-=-=-=-=-=-=-=-=-=-=-=-=-=-=-=-=-=-=-= 
01:31:37.484 INFO  Void Music 2#3539, ready to serve [6] users in [3] servers 
01:31:37.484 INFO  -=-=-=-=-=-=-=-=-=-=-=-=-=-=-=-=-=-=-=-=-=-=-=-=-=-=-=-= 
01:33:41.161 ERROR Unhandled promise rejection: VCs is not defined. 
01:34:01.576 INFO  1 language(s) have loaded. (en-US) 
01:34:01.869 INFO  MongoDB successfully connected 
01:34:02.329 INFO  Shard: 0 has became ready 
01:34:02.367 INFO  Lavalink node: 0.0.0.0 has connected. 
01:34:02.385 INFO  All guilds have been initialized 
01:34:02.514 INFO  -=-=-=-=-=-=-=-=-=-=-=-=-=-=-=-=-=-=-=-=-=-=-=-=-=-=-=-= 
01:34:02.514 INFO  Void Music 2#3539, ready to serve [6] users in [3] servers 
01:34:02.515 INFO  -=-=-=-=-=-=-=-=-=-=-=-=-=-=-=-=-=-=-=-=-=-=-=-=-=-=-=-= 
01:34:03.443 ERROR Unhandled promise rejection: embed is not defined. 
01:34:17.251 INFO  1 language(s) have loaded. (en-US) 
01:34:17.504 INFO  MongoDB successfully connected 
01:34:17.900 INFO  Shard: 0 has became ready 
01:34:17.925 INFO  Lavalink node: 0.0.0.0 has connected. 
01:34:17.948 INFO  All guilds have been initialized 
01:34:18.067 INFO  -=-=-=-=-=-=-=-=-=-=-=-=-=-=-=-=-=-=-=-=-=-=-=-=-=-=-=-= 
01:34:18.068 INFO  Void Music 2#3539, ready to serve [6] users in [3] servers 
01:34:18.068 INFO  -=-=-=-=-=-=-=-=-=-=-=-=-=-=-=-=-=-=-=-=-=-=-=-=-=-=-=-= 
01:36:16.635 INFO  1 language(s) have loaded. (en-US) 
01:36:16.965 INFO  MongoDB successfully connected 
01:36:17.342 INFO  Shard: 0 has became ready 
01:36:17.369 INFO  Lavalink node: 0.0.0.0 has connected. 
01:36:17.394 INFO  All guilds have been initialized 
01:36:17.515 INFO  -=-=-=-=-=-=-=-=-=-=-=-=-=-=-=-=-=-=-=-=-=-=-=-=-=-=-=-= 
01:36:17.516 INFO  Void Music 2#3539, ready to serve [6] users in [3] servers 
01:36:17.516 INFO  -=-=-=-=-=-=-=-=-=-=-=-=-=-=-=-=-=-=-=-=-=-=-=-=-=-=-=-= 
02:00:10.457 INFO  1 language(s) have loaded. (en-US) 
02:00:10.784 INFO  MongoDB successfully connected 
02:00:11.188 INFO  Shard: 0 has became ready 
02:00:11.216 INFO  Lavalink node: 0.0.0.0 has connected. 
02:00:11.237 INFO  All guilds have been initialized 
02:00:11.346 INFO  -=-=-=-=-=-=-=-=-=-=-=-=-=-=-=-=-=-=-=-=-=-=-=-=-=-=-=-= 
02:00:11.347 INFO  Void Music 2#3539, ready to serve [6] users in [3] servers 
02:00:11.347 INFO  -=-=-=-=-=-=-=-=-=-=-=-=-=-=-=-=-=-=-=-=-=-=-=-=-=-=-=-= 
03:01:37.305 INFO  1 language(s) have loaded. (en-US) 
03:01:37.608 INFO  MongoDB successfully connected 
03:01:39.042 INFO  Shard: 0 has became ready 
03:01:39.070 INFO  Lavalink node: 0.0.0.0 has connected. 
03:01:39.087 INFO  All guilds have been initialized 
03:01:39.206 INFO  -=-=-=-=-=-=-=-=-=-=-=-=-=-=-=-=-=-=-=-=-=-=-=-=-=-=-=-= 
03:01:39.206 INFO  Void Music 2#3539, ready to serve [6] users in [3] servers 
03:01:39.207 INFO  -=-=-=-=-=-=-=-=-=-=-=-=-=-=-=-=-=-=-=-=-=-=-=-=-=-=-=-= 
03:01:39.478 ERROR Unhandled promise rejection: Cannot read properties of null (reading 'full'). 
03:02:24.054 INFO  1 language(s) have loaded. (en-US) 
03:02:24.275 INFO  MongoDB successfully connected 
03:02:24.632 INFO  Shard: 0 has became ready 
03:02:24.656 INFO  Lavalink node: 0.0.0.0 has connected. 
03:02:24.675 INFO  All guilds have been initialized 
03:02:24.809 INFO  -=-=-=-=-=-=-=-=-=-=-=-=-=-=-=-=-=-=-=-=-=-=-=-=-=-=-=-= 
03:02:24.809 INFO  Void Music 2#3539, ready to serve [6] users in [3] servers 
03:02:24.809 INFO  -=-=-=-=-=-=-=-=-=-=-=-=-=-=-=-=-=-=-=-=-=-=-=-=-=-=-=-= 
03:03:39.477 INFO  1 language(s) have loaded. (en-US) 
03:03:39.822 INFO  MongoDB successfully connected 
03:03:40.012 INFO  Shard: 0 has became ready 
03:03:40.034 INFO  Lavalink node: 0.0.0.0 has connected. 
03:03:40.058 INFO  All guilds have been initialized 
03:03:40.192 INFO  -=-=-=-=-=-=-=-=-=-=-=-=-=-=-=-=-=-=-=-=-=-=-=-=-=-=-=-= 
03:03:40.192 INFO  Void Music 2#3539, ready to serve [6] users in [3] servers 
03:03:40.192 INFO  -=-=-=-=-=-=-=-=-=-=-=-=-=-=-=-=-=-=-=-=-=-=-=-=-=-=-=-= 
03:04:53.255 INFO  1 language(s) have loaded. (en-US) 
03:04:53.552 INFO  MongoDB successfully connected 
03:04:54.059 INFO  Shard: 0 has became ready 
03:04:54.087 INFO  Lavalink node: 0.0.0.0 has connected. 
03:04:54.112 INFO  All guilds have been initialized 
03:04:54.238 INFO  -=-=-=-=-=-=-=-=-=-=-=-=-=-=-=-=-=-=-=-=-=-=-=-=-=-=-=-= 
03:04:54.238 INFO  Void Music 2#3539, ready to serve [6] users in [3] servers 
03:04:54.239 INFO  -=-=-=-=-=-=-=-=-=-=-=-=-=-=-=-=-=-=-=-=-=-=-=-=-=-=-=-= 
12:25:10.141 INFO  1 language(s) have loaded. (en-US) 
12:25:10.446 INFO  MongoDB successfully connected 
12:25:10.869 INFO  Shard: 0 has became ready 
12:25:10.916 INFO  All guilds have been initialized 
12:25:11.044 INFO  -=-=-=-=-=-=-=-=-=-=-=-=-=-=-=-=-=-=-=-=-=-=-=-=-=-=-=-= 
12:25:11.044 INFO  Void Music 2#3539, ready to serve [6] users in [3] servers 
12:25:11.045 INFO  -=-=-=-=-=-=-=-=-=-=-=-=-=-=-=-=-=-=-=-=-=-=-=-=-=-=-=-= 
12:25:11.110 INFO  Lavalink node: 0.0.0.0 has connected. 
12:25:15.645 ERROR Unhandled promise rejection: The reply to this interaction has already been sent or deferred.. 
12:25:56.484 INFO  1 language(s) have loaded. (en-US) 
12:25:56.715 INFO  MongoDB successfully connected 
12:25:57.249 INFO  Shard: 0 has became ready 
12:25:57.277 INFO  Lavalink node: 0.0.0.0 has connected. 
12:25:57.296 INFO  All guilds have been initialized 
12:25:57.411 INFO  -=-=-=-=-=-=-=-=-=-=-=-=-=-=-=-=-=-=-=-=-=-=-=-=-=-=-=-= 
12:25:57.411 INFO  Void Music 2#3539, ready to serve [6] users in [3] servers 
12:25:57.411 INFO  -=-=-=-=-=-=-=-=-=-=-=-=-=-=-=-=-=-=-=-=-=-=-=-=-=-=-=-= 
12:26:04.719 ERROR Unhandled promise rejection: The reply to this interaction has already been sent or deferred.. 
12:26:55.762 INFO  1 language(s) have loaded. (en-US) 
12:26:56.046 INFO  MongoDB successfully connected 
12:26:56.487 INFO  Shard: 0 has became ready 
12:26:56.514 INFO  Lavalink node: 0.0.0.0 has connected. 
12:26:56.531 INFO  All guilds have been initialized 
12:26:56.672 INFO  -=-=-=-=-=-=-=-=-=-=-=-=-=-=-=-=-=-=-=-=-=-=-=-=-=-=-=-= 
12:26:56.672 INFO  Void Music 2#3539, ready to serve [6] users in [3] servers 
12:26:56.672 INFO  -=-=-=-=-=-=-=-=-=-=-=-=-=-=-=-=-=-=-=-=-=-=-=-=-=-=-=-= 
12:28:39.576 INFO  1 language(s) have loaded. (en-US) 
12:28:40.011 INFO  MongoDB successfully connected 
12:28:40.272 INFO  Shard: 0 has became ready 
12:28:40.298 INFO  Lavalink node: 0.0.0.0 has connected. 
12:28:40.325 INFO  All guilds have been initialized 
12:28:40.503 INFO  -=-=-=-=-=-=-=-=-=-=-=-=-=-=-=-=-=-=-=-=-=-=-=-=-=-=-=-= 
12:28:40.503 INFO  Void Music 2#3539, ready to serve [6] users in [3] servers 
12:28:40.504 INFO  -=-=-=-=-=-=-=-=-=-=-=-=-=-=-=-=-=-=-=-=-=-=-=-=-=-=-=-= 
12:29:02.716 ERROR Unhandled promise rejection: The reply to this interaction has already been sent or deferred.. 
12:36:44.440 INFO  1 language(s) have loaded. (en-US) 
12:36:44.766 INFO  MongoDB successfully connected 
12:36:45.277 INFO  Shard: 0 has became ready 
12:36:45.300 INFO  Lavalink node: 0.0.0.0 has connected. 
12:36:45.321 INFO  All guilds have been initialized 
12:36:45.438 INFO  -=-=-=-=-=-=-=-=-=-=-=-=-=-=-=-=-=-=-=-=-=-=-=-=-=-=-=-= 
12:36:45.438 INFO  Void Music 2#3539, ready to serve [6] users in [3] servers 
12:36:45.438 INFO  -=-=-=-=-=-=-=-=-=-=-=-=-=-=-=-=-=-=-=-=-=-=-=-=-=-=-=-= 
12:37:51.159 INFO  1 language(s) have loaded. (en-US) 
12:37:51.516 INFO  MongoDB successfully connected 
12:37:51.783 INFO  Shard: 0 has became ready 
12:37:51.811 INFO  Lavalink node: 0.0.0.0 has connected. 
12:37:51.830 INFO  All guilds have been initialized 
12:37:51.941 INFO  -=-=-=-=-=-=-=-=-=-=-=-=-=-=-=-=-=-=-=-=-=-=-=-=-=-=-=-= 
12:37:51.941 INFO  Void Music 2#3539, ready to serve [6] users in [3] servers 
12:37:51.941 INFO  -=-=-=-=-=-=-=-=-=-=-=-=-=-=-=-=-=-=-=-=-=-=-=-=-=-=-=-= 
12:37:54.860 ERROR Unhandled promise rejection: Interaction has already been acknowledged.. 
12:38:28.094 INFO  1 language(s) have loaded. (en-US) 
12:38:28.328 INFO  MongoDB successfully connected 
12:38:28.783 INFO  Shard: 0 has became ready 
12:38:28.810 INFO  Lavalink node: 0.0.0.0 has connected. 
12:38:28.833 INFO  All guilds have been initialized 
12:38:28.952 INFO  -=-=-=-=-=-=-=-=-=-=-=-=-=-=-=-=-=-=-=-=-=-=-=-=-=-=-=-= 
12:38:28.952 INFO  Void Music 2#3539, ready to serve [6] users in [3] servers 
12:38:28.952 INFO  -=-=-=-=-=-=-=-=-=-=-=-=-=-=-=-=-=-=-=-=-=-=-=-=-=-=-=-= 
12:38:58.187 INFO  1 language(s) have loaded. (en-US) 
12:38:58.550 INFO  MongoDB successfully connected 
12:38:58.912 INFO  Shard: 0 has became ready 
12:38:58.939 INFO  Lavalink node: 0.0.0.0 has connected. 
12:38:58.959 INFO  All guilds have been initialized 
12:38:59.090 INFO  -=-=-=-=-=-=-=-=-=-=-=-=-=-=-=-=-=-=-=-=-=-=-=-=-=-=-=-= 
12:38:59.090 INFO  Void Music 2#3539, ready to serve [6] users in [3] servers 
12:38:59.090 INFO  -=-=-=-=-=-=-=-=-=-=-=-=-=-=-=-=-=-=-=-=-=-=-=-=-=-=-=-= 
12:39:19.797 INFO  1 language(s) have loaded. (en-US) 
12:39:19.999 INFO  MongoDB successfully connected 
12:39:20.532 INFO  Shard: 0 has became ready 
12:39:20.563 INFO  Lavalink node: 0.0.0.0 has connected. 
12:39:20.578 INFO  All guilds have been initialized 
12:39:20.706 INFO  -=-=-=-=-=-=-=-=-=-=-=-=-=-=-=-=-=-=-=-=-=-=-=-=-=-=-=-= 
12:39:20.707 INFO  Void Music 2#3539, ready to serve [6] users in [3] servers 
12:39:20.707 INFO  -=-=-=-=-=-=-=-=-=-=-=-=-=-=-=-=-=-=-=-=-=-=-=-=-=-=-=-= 
12:40:31.118 INFO  1 language(s) have loaded. (en-US) 
12:40:31.455 INFO  MongoDB successfully connected 
12:40:31.790 INFO  Shard: 0 has became ready 
12:40:31.818 INFO  Lavalink node: 0.0.0.0 has connected. 
12:40:31.844 INFO  All guilds have been initialized 
12:40:31.976 INFO  -=-=-=-=-=-=-=-=-=-=-=-=-=-=-=-=-=-=-=-=-=-=-=-=-=-=-=-= 
12:40:31.976 INFO  Void Music 2#3539, ready to serve [6] users in [3] servers 
12:40:31.976 INFO  -=-=-=-=-=-=-=-=-=-=-=-=-=-=-=-=-=-=-=-=-=-=-=-=-=-=-=-= 
12:40:47.805 INFO  1 language(s) have loaded. (en-US) 
12:40:48.028 INFO  MongoDB successfully connected 
12:40:48.480 INFO  Shard: 0 has became ready 
12:40:48.503 INFO  Lavalink node: 0.0.0.0 has connected. 
12:40:48.522 INFO  All guilds have been initialized 
12:40:48.633 INFO  -=-=-=-=-=-=-=-=-=-=-=-=-=-=-=-=-=-=-=-=-=-=-=-=-=-=-=-= 
12:40:48.634 INFO  Void Music 2#3539, ready to serve [6] users in [3] servers 
12:40:48.634 INFO  -=-=-=-=-=-=-=-=-=-=-=-=-=-=-=-=-=-=-=-=-=-=-=-=-=-=-=-= 
13:15:59.817 INFO  1 language(s) have loaded. (en-US) 
13:16:00.125 INFO  MongoDB successfully connected 
13:16:00.495 INFO  Shard: 0 has became ready 
13:16:00.519 INFO  Lavalink node: 0.0.0.0 has connected. 
13:16:00.541 INFO  All guilds have been initialized 
13:16:00.662 INFO  -=-=-=-=-=-=-=-=-=-=-=-=-=-=-=-=-=-=-=-=-=-=-=-=-=-=-=-= 
13:16:00.662 INFO  Void Music 2#3539, ready to serve [6] users in [3] servers 
13:16:00.663 INFO  -=-=-=-=-=-=-=-=-=-=-=-=-=-=-=-=-=-=-=-=-=-=-=-=-=-=-=-= 
13:21:10.845 INFO  1 language(s) have loaded. (en-US) 
13:21:11.224 INFO  MongoDB successfully connected 
13:21:11.584 INFO  Shard: 0 has became ready 
13:21:11.611 INFO  Lavalink node: 0.0.0.0 has connected. 
13:21:11.634 INFO  All guilds have been initialized 
13:21:11.756 INFO  -=-=-=-=-=-=-=-=-=-=-=-=-=-=-=-=-=-=-=-=-=-=-=-=-=-=-=-= 
13:21:11.757 INFO  Void Music 2#3539, ready to serve [6] users in [3] servers 
13:21:11.757 INFO  -=-=-=-=-=-=-=-=-=-=-=-=-=-=-=-=-=-=-=-=-=-=-=-=-=-=-=-= 
13:40:49.570 INFO  1 language(s) have loaded. (en-US) 
13:40:49.870 INFO  MongoDB successfully connected 
13:40:50.433 INFO  Shard: 0 has became ready 
13:40:50.462 INFO  Lavalink node: 0.0.0.0 has connected. 
13:40:50.492 INFO  All guilds have been initialized 
13:40:50.645 INFO  -=-=-=-=-=-=-=-=-=-=-=-=-=-=-=-=-=-=-=-=-=-=-=-=-=-=-=-= 
13:40:50.646 INFO  Void Music 2#3539, ready to serve [6] users in [3] servers 
13:40:50.646 INFO  -=-=-=-=-=-=-=-=-=-=-=-=-=-=-=-=-=-=-=-=-=-=-=-=-=-=-=-= 
13:51:35.228 INFO  1 language(s) have loaded. (en-US) 
13:51:35.544 INFO  MongoDB successfully connected 
13:51:36.008 INFO  Shard: 0 has became ready 
13:51:36.041 INFO  Lavalink node: 0.0.0.0 has connected. 
13:51:36.057 INFO  All guilds have been initialized 
13:51:36.182 INFO  -=-=-=-=-=-=-=-=-=-=-=-=-=-=-=-=-=-=-=-=-=-=-=-=-=-=-=-= 
13:51:36.183 INFO  Void Music 2#3539, ready to serve [6] users in [3] servers 
13:51:36.184 INFO  -=-=-=-=-=-=-=-=-=-=-=-=-=-=-=-=-=-=-=-=-=-=-=-=-=-=-=-= 
17:35:27.247 INFO  1 language(s) have loaded. (en-US) 
17:35:27.535 INFO  MongoDB successfully connected 
17:35:27.884 INFO  Shard: 0 has became ready 
17:35:27.917 INFO  Lavalink node: 0.0.0.0 has connected. 
17:35:27.927 INFO  All guilds have been initialized 
17:35:28.060 INFO  -=-=-=-=-=-=-=-=-=-=-=-=-=-=-=-=-=-=-=-=-=-=-=-=-=-=-=-= 
17:35:28.060 INFO  Void Music 2#3539, ready to serve [6] users in [3] servers 
17:35:28.060 INFO  -=-=-=-=-=-=-=-=-=-=-=-=-=-=-=-=-=-=-=-=-=-=-=-=-=-=-=-= 
17:36:17.647 ERROR Target user is not connected to voice.
{"name":"DiscordAPIError","message":"Target user is not connected to voice.","method":"patch","path":"/guilds/823543363688464455/members/945474723846950944","code":40032,"httpStatus":400,"requestData":{"json":{"deaf":true},"files":[]}}
DiscordAPIError: Target user is not connected to voice.
    at RequestHandler.execute (D:\Bots\Discord Bots\Void Music\Void Music 2\node_modules\discord.js\src\rest\RequestHandler.js:350:13)
    at processTicksAndRejections (node:internal/process/task_queues:96:5)
    at async RequestHandler.push (D:\Bots\Discord Bots\Void Music\Void Music 2\node_modules\discord.js\src\rest\RequestHandler.js:51:14)
    at async GuildMemberManager.edit (D:\Bots\Discord Bots\Void Music\Void Music 2\node_modules\discord.js\src\managers\GuildMemberManager.js:279:15) 
17:36:18.234 ERROR Unhandled promise rejection: Missing Access. 
17:36:18.387 ERROR Unhandled promise rejection: Missing Access. 
17:37:24.315 INFO  1 language(s) have loaded. (en-US) 
17:37:24.630 INFO  MongoDB successfully connected 
17:37:24.955 INFO  Shard: 0 has became ready 
17:37:24.988 INFO  Lavalink node: 0.0.0.0 has connected. 
17:37:25.006 INFO  All guilds have been initialized 
17:37:25.123 INFO  -=-=-=-=-=-=-=-=-=-=-=-=-=-=-=-=-=-=-=-=-=-=-=-=-=-=-=-= 
17:37:25.124 INFO  Void Music 2#3539, ready to serve [6] users in [3] servers 
17:37:25.124 INFO  -=-=-=-=-=-=-=-=-=-=-=-=-=-=-=-=-=-=-=-=-=-=-=-=-=-=-=-= 
17:37:41.257 ERROR Target user is not connected to voice.
{"name":"DiscordAPIError","message":"Target user is not connected to voice.","method":"patch","path":"/guilds/823543363688464455/members/945474723846950944","code":40032,"httpStatus":400,"requestData":{"json":{"deaf":true},"files":[]}}
DiscordAPIError: Target user is not connected to voice.
    at RequestHandler.execute (D:\Bots\Discord Bots\Void Music\Void Music 2\node_modules\discord.js\src\rest\RequestHandler.js:350:13)
    at processTicksAndRejections (node:internal/process/task_queues:96:5)
    at async RequestHandler.push (D:\Bots\Discord Bots\Void Music\Void Music 2\node_modules\discord.js\src\rest\RequestHandler.js:51:14)
    at async GuildMemberManager.edit (D:\Bots\Discord Bots\Void Music\Void Music 2\node_modules\discord.js\src\managers\GuildMemberManager.js:279:15) 
17:37:41.916 ERROR Unhandled promise rejection: Missing Access. 
17:37:42.070 ERROR Unhandled promise rejection: Missing Access. 
17:38:53.569 INFO  1 language(s) have loaded. (en-US) 
17:38:53.853 INFO  MongoDB successfully connected 
17:38:54.278 INFO  Shard: 0 has became ready 
17:38:54.306 INFO  Lavalink node: 0.0.0.0 has connected. 
17:38:54.325 INFO  All guilds have been initialized 
17:38:54.443 INFO  -=-=-=-=-=-=-=-=-=-=-=-=-=-=-=-=-=-=-=-=-=-=-=-=-=-=-=-= 
17:38:54.443 INFO  Void Music 2#3539, ready to serve [6] users in [3] servers 
17:38:54.444 INFO  -=-=-=-=-=-=-=-=-=-=-=-=-=-=-=-=-=-=-=-=-=-=-=-=-=-=-=-= 
17:39:54.657 INFO  1 language(s) have loaded. (en-US) 
17:39:54.974 INFO  MongoDB successfully connected 
17:39:55.371 INFO  Shard: 0 has became ready 
17:39:55.394 INFO  Lavalink node: 0.0.0.0 has connected. 
17:39:55.415 INFO  All guilds have been initialized 
17:39:55.538 INFO  -=-=-=-=-=-=-=-=-=-=-=-=-=-=-=-=-=-=-=-=-=-=-=-=-=-=-=-= 
17:39:55.539 INFO  Void Music 2#3539, ready to serve [6] users in [3] servers 
17:39:55.539 INFO  -=-=-=-=-=-=-=-=-=-=-=-=-=-=-=-=-=-=-=-=-=-=-=-=-=-=-=-= 
17:40:35.815 INFO  1 language(s) have loaded. (en-US) 
17:40:36.042 INFO  MongoDB successfully connected 
17:40:36.541 INFO  Shard: 0 has became ready 
17:40:36.562 INFO  Lavalink node: 0.0.0.0 has connected. 
17:40:36.580 INFO  All guilds have been initialized 
17:40:36.699 INFO  -=-=-=-=-=-=-=-=-=-=-=-=-=-=-=-=-=-=-=-=-=-=-=-=-=-=-=-= 
17:40:36.699 INFO  Void Music 2#3539, ready to serve [6] users in [3] servers 
17:40:36.699 INFO  -=-=-=-=-=-=-=-=-=-=-=-=-=-=-=-=-=-=-=-=-=-=-=-=-=-=-=-= 
17:40:50.936 INFO  1 language(s) have loaded. (en-US) 
17:40:51.172 INFO  MongoDB successfully connected 
17:40:51.629 INFO  Shard: 0 has became ready 
17:40:51.670 INFO  Lavalink node: 0.0.0.0 has connected. 
17:40:51.692 INFO  All guilds have been initialized 
17:40:51.816 INFO  -=-=-=-=-=-=-=-=-=-=-=-=-=-=-=-=-=-=-=-=-=-=-=-=-=-=-=-= 
17:40:51.816 INFO  Void Music 2#3539, ready to serve [6] users in [3] servers 
17:40:51.816 INFO  -=-=-=-=-=-=-=-=-=-=-=-=-=-=-=-=-=-=-=-=-=-=-=-=-=-=-=-= 
17:41:15.707 INFO  1 language(s) have loaded. (en-US) 
17:41:16.004 INFO  MongoDB successfully connected 
17:41:16.381 INFO  Shard: 0 has became ready 
17:41:16.402 INFO  Lavalink node: 0.0.0.0 has connected. 
17:41:16.429 INFO  All guilds have been initialized 
17:41:16.556 INFO  -=-=-=-=-=-=-=-=-=-=-=-=-=-=-=-=-=-=-=-=-=-=-=-=-=-=-=-= 
17:41:16.556 INFO  Void Music 2#3539, ready to serve [6] users in [3] servers 
17:41:16.557 INFO  -=-=-=-=-=-=-=-=-=-=-=-=-=-=-=-=-=-=-=-=-=-=-=-=-=-=-=-= 
17:41:19.397 ERROR Target user is not connected to voice.
{"name":"DiscordAPIError","message":"Target user is not connected to voice.","method":"patch","path":"/guilds/823543363688464455/members/945474723846950944","code":40032,"httpStatus":400,"requestData":{"json":{"deaf":true},"files":[]}}
DiscordAPIError: Target user is not connected to voice.
    at RequestHandler.execute (D:\Bots\Discord Bots\Void Music\Void Music 2\node_modules\discord.js\src\rest\RequestHandler.js:350:13)
    at processTicksAndRejections (node:internal/process/task_queues:96:5)
    at async RequestHandler.push (D:\Bots\Discord Bots\Void Music\Void Music 2\node_modules\discord.js\src\rest\RequestHandler.js:51:14)
    at async GuildMemberManager.edit (D:\Bots\Discord Bots\Void Music\Void Music 2\node_modules\discord.js\src\managers\GuildMemberManager.js:279:15) 
17:44:40.644 INFO  1 language(s) have loaded. (en-US) 
17:44:41.048 INFO  MongoDB successfully connected 
17:44:41.400 INFO  Shard: 0 has became ready 
17:44:41.426 INFO  Lavalink node: 0.0.0.0 has connected. 
17:44:41.441 INFO  All guilds have been initialized 
17:44:41.559 INFO  -=-=-=-=-=-=-=-=-=-=-=-=-=-=-=-=-=-=-=-=-=-=-=-=-=-=-=-= 
17:44:41.560 INFO  Void Music 2#3539, ready to serve [6] users in [3] servers 
17:44:41.560 INFO  -=-=-=-=-=-=-=-=-=-=-=-=-=-=-=-=-=-=-=-=-=-=-=-=-=-=-=-= 
17:44:48.269 ERROR Target user is not connected to voice.
{"name":"DiscordAPIError","message":"Target user is not connected to voice.","method":"patch","path":"/guilds/823543363688464455/members/945474723846950944","code":40032,"httpStatus":400,"requestData":{"json":{"deaf":true},"files":[]}}
DiscordAPIError: Target user is not connected to voice.
    at RequestHandler.execute (D:\Bots\Discord Bots\Void Music\Void Music 2\node_modules\discord.js\src\rest\RequestHandler.js:350:13)
    at processTicksAndRejections (node:internal/process/task_queues:96:5)
    at async RequestHandler.push (D:\Bots\Discord Bots\Void Music\Void Music 2\node_modules\discord.js\src\rest\RequestHandler.js:51:14)
    at async GuildMemberManager.edit (D:\Bots\Discord Bots\Void Music\Void Music 2\node_modules\discord.js\src\managers\GuildMemberManager.js:279:15) 
17:44:48.990 ERROR Unhandled promise rejection: Missing Access. 
17:45:12.538 INFO  1 language(s) have loaded. (en-US) 
17:45:12.829 INFO  MongoDB successfully connected 
17:45:13.264 INFO  Shard: 0 has became ready 
17:45:13.287 INFO  Lavalink node: 0.0.0.0 has connected. 
17:45:13.310 INFO  All guilds have been initialized 
17:45:13.433 INFO  -=-=-=-=-=-=-=-=-=-=-=-=-=-=-=-=-=-=-=-=-=-=-=-=-=-=-=-= 
17:45:13.433 INFO  Void Music 2#3539, ready to serve [6] users in [3] servers 
17:45:13.433 INFO  -=-=-=-=-=-=-=-=-=-=-=-=-=-=-=-=-=-=-=-=-=-=-=-=-=-=-=-= 
17:45:20.276 ERROR Target user is not connected to voice.
{"name":"DiscordAPIError","message":"Target user is not connected to voice.","method":"patch","path":"/guilds/823543363688464455/members/945474723846950944","code":40032,"httpStatus":400,"requestData":{"json":{"deaf":true},"files":[]}}
DiscordAPIError: Target user is not connected to voice.
    at RequestHandler.execute (D:\Bots\Discord Bots\Void Music\Void Music 2\node_modules\discord.js\src\rest\RequestHandler.js:350:13)
    at processTicksAndRejections (node:internal/process/task_queues:96:5)
    at async RequestHandler.push (D:\Bots\Discord Bots\Void Music\Void Music 2\node_modules\discord.js\src\rest\RequestHandler.js:51:14)
    at async GuildMemberManager.edit (D:\Bots\Discord Bots\Void Music\Void Music 2\node_modules\discord.js\src\managers\GuildMemberManager.js:279:15) 
17:45:20.733 ERROR Unhandled promise rejection: Missing Access. 
18:44:10.220 INFO  1 language(s) have loaded. (en-US) 
18:44:10.509 INFO  MongoDB successfully connected 
18:44:10.927 INFO  Shard: 0 has became ready 
18:44:10.951 ERROR Lavalink node: '0.0.0.0', has error: 'connect ECONNREFUSED 0.0.0.0:69'. 
18:44:10.952 ERROR Lavalink node: 0.0.0.0 has disconnect, reason: unspecified. 
18:44:10.975 INFO  All guilds have been initialized 
18:44:11.090 INFO  -=-=-=-=-=-=-=-=-=-=-=-=-=-=-=-=-=-=-=-=-=-=-=-=-=-=-=-= 
18:44:11.091 INFO  Void Music 2#3539, ready to serve [6] users in [3] servers 
18:44:11.091 INFO  -=-=-=-=-=-=-=-=-=-=-=-=-=-=-=-=-=-=-=-=-=-=-=-=-=-=-=-= 
18:44:25.530 ERROR Error creating player RangeError: No available nodes. 
18:44:39.110 INFO  1 language(s) have loaded. (en-US) 
18:44:39.412 INFO  MongoDB successfully connected 
18:44:39.794 INFO  Shard: 0 has became ready 
18:44:39.851 INFO  All guilds have been initialized 
18:44:39.921 INFO  Lavalink node: 0.0.0.0 has connected. 
18:44:39.969 INFO  -=-=-=-=-=-=-=-=-=-=-=-=-=-=-=-=-=-=-=-=-=-=-=-=-=-=-=-= 
18:44:39.969 INFO  Void Music 2#3539, ready to serve [6] users in [3] servers 
18:44:39.969 INFO  -=-=-=-=-=-=-=-=-=-=-=-=-=-=-=-=-=-=-=-=-=-=-=-=-=-=-=-= 
18:44:42.797 ERROR Target user is not connected to voice.
{"name":"DiscordAPIError","message":"Target user is not connected to voice.","method":"patch","path":"/guilds/823543363688464455/members/945474723846950944","code":40032,"httpStatus":400,"requestData":{"json":{"deaf":true},"files":[]}}
DiscordAPIError: Target user is not connected to voice.
    at RequestHandler.execute (D:\Bots\Discord Bots\Void Music\Void Music 2\node_modules\discord.js\src\rest\RequestHandler.js:350:13)
    at processTicksAndRejections (node:internal/process/task_queues:96:5)
    at async RequestHandler.push (D:\Bots\Discord Bots\Void Music\Void Music 2\node_modules\discord.js\src\rest\RequestHandler.js:51:14)
    at async GuildMemberManager.edit (D:\Bots\Discord Bots\Void Music\Void Music 2\node_modules\discord.js\src\managers\GuildMemberManager.js:279:15) 
18:44:43.692 ERROR Unhandled promise rejection: Missing Access. 
18:44:43.883 ERROR Unhandled promise rejection: Missing Access. 
18:53:16.020 INFO  1 language(s) have loaded. (en-US) 
18:53:16.345 INFO  MongoDB successfully connected 
18:53:16.842 INFO  Shard: 0 has became ready 
18:53:16.872 INFO  Lavalink node: 0.0.0.0 has connected. 
18:53:16.895 INFO  All guilds have been initialized 
18:53:17.027 INFO  -=-=-=-=-=-=-=-=-=-=-=-=-=-=-=-=-=-=-=-=-=-=-=-=-=-=-=-= 
18:53:17.028 INFO  Void Music 2#3539, ready to serve [6] users in [3] servers 
18:53:17.028 INFO  -=-=-=-=-=-=-=-=-=-=-=-=-=-=-=-=-=-=-=-=-=-=-=-=-=-=-=-= 
18:54:20.014 INFO  1 language(s) have loaded. (en-US) 
18:54:20.336 INFO  MongoDB successfully connected 
18:54:20.692 INFO  Shard: 0 has became ready 
18:54:20.721 INFO  Lavalink node: 0.0.0.0 has connected. 
18:54:20.737 INFO  All guilds have been initialized 
18:54:20.856 INFO  -=-=-=-=-=-=-=-=-=-=-=-=-=-=-=-=-=-=-=-=-=-=-=-=-=-=-=-= 
18:54:20.856 INFO  Void Music 2#3539, ready to serve [6] users in [3] servers 
18:54:20.856 INFO  -=-=-=-=-=-=-=-=-=-=-=-=-=-=-=-=-=-=-=-=-=-=-=-=-=-=-=-= 
18:56:02.821 INFO  1 language(s) have loaded. (en-US) 
18:56:03.204 INFO  MongoDB successfully connected 
18:56:03.502 INFO  Shard: 0 has became ready 
18:56:03.531 INFO  Lavalink node: 0.0.0.0 has connected. 
18:56:03.553 INFO  All guilds have been initialized 
18:56:03.670 INFO  -=-=-=-=-=-=-=-=-=-=-=-=-=-=-=-=-=-=-=-=-=-=-=-=-=-=-=-= 
18:56:03.670 INFO  Void Music 2#3539, ready to serve [6] users in [3] servers 
18:56:03.671 INFO  -=-=-=-=-=-=-=-=-=-=-=-=-=-=-=-=-=-=-=-=-=-=-=-=-=-=-=-= 
18:58:35.835 INFO  1 language(s) have loaded. (en-US) 
18:58:36.166 INFO  MongoDB successfully connected 
18:58:36.532 INFO  Shard: 0 has became ready 
18:58:36.556 INFO  Lavalink node: 0.0.0.0 has connected. 
18:58:36.579 INFO  All guilds have been initialized 
18:58:36.707 INFO  -=-=-=-=-=-=-=-=-=-=-=-=-=-=-=-=-=-=-=-=-=-=-=-=-=-=-=-= 
18:58:36.707 INFO  Void Music 2#3539, ready to serve [6] users in [3] servers 
18:58:36.708 INFO  -=-=-=-=-=-=-=-=-=-=-=-=-=-=-=-=-=-=-=-=-=-=-=-=-=-=-=-= 
18:58:44.228 ERROR Unhandled promise rejection: me is not defined. 
18:58:44.255 ERROR Unhandled promise rejection: me is not defined. 
18:59:07.918 INFO  1 language(s) have loaded. (en-US) 
18:59:08.138 INFO  MongoDB successfully connected 
18:59:08.649 INFO  Shard: 0 has became ready 
18:59:08.677 INFO  Lavalink node: 0.0.0.0 has connected. 
18:59:08.694 INFO  All guilds have been initialized 
18:59:08.813 INFO  -=-=-=-=-=-=-=-=-=-=-=-=-=-=-=-=-=-=-=-=-=-=-=-=-=-=-=-= 
18:59:08.813 INFO  Void Music 2#3539, ready to serve [6] users in [3] servers 
18:59:08.813 INFO  -=-=-=-=-=-=-=-=-=-=-=-=-=-=-=-=-=-=-=-=-=-=-=-=-=-=-=-= 
19:00:53.387 INFO  1 language(s) have loaded. (en-US) 
19:00:53.681 INFO  MongoDB successfully connected 
19:00:54.113 INFO  Shard: 0 has became ready 
19:00:54.140 INFO  Lavalink node: 0.0.0.0 has connected. 
19:00:54.157 INFO  All guilds have been initialized 
19:00:54.322 INFO  -=-=-=-=-=-=-=-=-=-=-=-=-=-=-=-=-=-=-=-=-=-=-=-=-=-=-=-= 
19:00:54.322 INFO  Void Music 2#3539, ready to serve [6] users in [3] servers 
19:00:54.322 INFO  -=-=-=-=-=-=-=-=-=-=-=-=-=-=-=-=-=-=-=-=-=-=-=-=-=-=-=-= 
19:01:46.016 INFO  1 language(s) have loaded. (en-US) 
19:01:46.251 INFO  MongoDB successfully connected 
19:01:46.678 INFO  Shard: 0 has became ready 
19:01:46.704 INFO  Lavalink node: 0.0.0.0 has connected. 
19:01:46.725 INFO  All guilds have been initialized 
19:01:46.849 INFO  -=-=-=-=-=-=-=-=-=-=-=-=-=-=-=-=-=-=-=-=-=-=-=-=-=-=-=-= 
19:01:46.849 INFO  Void Music 2#3539, ready to serve [6] users in [3] servers 
19:01:46.849 INFO  -=-=-=-=-=-=-=-=-=-=-=-=-=-=-=-=-=-=-=-=-=-=-=-=-=-=-=-= 
19:05:19.477 INFO  1 language(s) have loaded. (en-US) 
19:05:19.814 INFO  MongoDB successfully connected 
19:05:20.452 INFO  Shard: 0 has became ready 
19:05:20.475 INFO  Lavalink node: 0.0.0.0 has connected. 
19:05:20.491 INFO  All guilds have been initialized 
19:05:20.626 INFO  -=-=-=-=-=-=-=-=-=-=-=-=-=-=-=-=-=-=-=-=-=-=-=-=-=-=-=-= 
19:05:20.626 INFO  Void Music 2#3539, ready to serve [6] users in [3] servers 
19:05:20.626 INFO  -=-=-=-=-=-=-=-=-=-=-=-=-=-=-=-=-=-=-=-=-=-=-=-=-=-=-=-= 
19:05:40.233 ERROR Target user is not connected to voice.
{"name":"DiscordAPIError","message":"Target user is not connected to voice.","method":"patch","path":"/guilds/823543363688464455/members/945474723846950944","code":40032,"httpStatus":400,"requestData":{"json":{"deaf":true},"files":[]}}
DiscordAPIError: Target user is not connected to voice.
    at RequestHandler.execute (D:\Bots\Discord Bots\Void Music\Void Music 2\node_modules\discord.js\src\rest\RequestHandler.js:350:13)
    at processTicksAndRejections (node:internal/process/task_queues:96:5)
    at async RequestHandler.push (D:\Bots\Discord Bots\Void Music\Void Music 2\node_modules\discord.js\src\rest\RequestHandler.js:51:14)
    at async GuildMemberManager.edit (D:\Bots\Discord Bots\Void Music\Void Music 2\node_modules\discord.js\src\managers\GuildMemberManager.js:279:15) 
19:05:40.749 ERROR Unhandled promise rejection: Missing Access. 
19:05:40.907 ERROR Unhandled promise rejection: Missing Access. 
19:06:17.371 INFO  1 language(s) have loaded. (en-US) 
19:06:17.596 INFO  MongoDB successfully connected 
19:06:18.100 INFO  Shard: 0 has became ready 
19:06:18.127 INFO  Lavalink node: 0.0.0.0 has connected. 
19:06:18.148 INFO  All guilds have been initialized 
19:06:18.275 INFO  -=-=-=-=-=-=-=-=-=-=-=-=-=-=-=-=-=-=-=-=-=-=-=-=-=-=-=-= 
19:06:18.275 INFO  Void Music 2#3539, ready to serve [6] users in [3] servers 
19:06:18.275 INFO  -=-=-=-=-=-=-=-=-=-=-=-=-=-=-=-=-=-=-=-=-=-=-=-=-=-=-=-= 
19:06:22.415 ERROR Target user is not connected to voice.
{"name":"DiscordAPIError","message":"Target user is not connected to voice.","method":"patch","path":"/guilds/823543363688464455/members/945474723846950944","code":40032,"httpStatus":400,"requestData":{"json":{"deaf":true},"files":[]}}
DiscordAPIError: Target user is not connected to voice.
    at RequestHandler.execute (D:\Bots\Discord Bots\Void Music\Void Music 2\node_modules\discord.js\src\rest\RequestHandler.js:350:13)
    at processTicksAndRejections (node:internal/process/task_queues:96:5)
    at async RequestHandler.push (D:\Bots\Discord Bots\Void Music\Void Music 2\node_modules\discord.js\src\rest\RequestHandler.js:51:14)
    at async GuildMemberManager.edit (D:\Bots\Discord Bots\Void Music\Void Music 2\node_modules\discord.js\src\managers\GuildMemberManager.js:279:15) 
19:06:22.918 ERROR Unhandled promise rejection: Missing Access. 
19:06:23.069 ERROR Unhandled promise rejection: Missing Access. 
20:37:56.713 INFO  1 language(s) have loaded. (en-US) 
20:37:57.481 INFO  Shard: 0 has became ready 
20:37:57.509 INFO  Lavalink node: 0.0.0.0 has connected. 
20:38:02.131 INFO  MongoDB successfully connected 
20:38:02.390 INFO  All guilds have been initialized 
20:38:02.507 INFO  -=-=-=-=-=-=-=-=-=-=-=-=-=-=-=-=-=-=-=-=-=-=-=-=-=-=-=-= 
20:38:02.508 INFO  Void Music 2#3539, ready to serve [6] users in [3] servers 
20:38:02.508 INFO  -=-=-=-=-=-=-=-=-=-=-=-=-=-=-=-=-=-=-=-=-=-=-=-=-=-=-=-= 
20:39:50.358 INFO  1 language(s) have loaded. (en-US) 
20:39:50.695 INFO  MongoDB successfully connected 
20:39:51.161 INFO  Shard: 0 has became ready 
20:39:51.186 INFO  Lavalink node: 0.0.0.0 has connected. 
20:39:51.206 INFO  All guilds have been initialized 
20:39:51.332 INFO  -=-=-=-=-=-=-=-=-=-=-=-=-=-=-=-=-=-=-=-=-=-=-=-=-=-=-=-= 
20:39:51.333 INFO  Void Music 2#3539, ready to serve [6] users in [3] servers 
20:39:51.333 INFO  -=-=-=-=-=-=-=-=-=-=-=-=-=-=-=-=-=-=-=-=-=-=-=-=-=-=-=-= 
20:45:16.573 INFO  1 language(s) have loaded. (en-US) 
20:45:16.956 INFO  MongoDB successfully connected 
20:45:17.307 INFO  Shard: 0 has became ready 
20:45:17.333 INFO  Lavalink node: 0.0.0.0 has connected. 
20:45:17.355 INFO  All guilds have been initialized 
20:45:17.481 INFO  -=-=-=-=-=-=-=-=-=-=-=-=-=-=-=-=-=-=-=-=-=-=-=-=-=-=-=-= 
20:45:17.481 INFO  Void Music 2#3539, ready to serve [6] users in [3] servers 
20:45:17.481 INFO  -=-=-=-=-=-=-=-=-=-=-=-=-=-=-=-=-=-=-=-=-=-=-=-=-=-=-=-= 
20:45:33.058 INFO  1 language(s) have loaded. (en-US) 
20:45:33.290 INFO  MongoDB successfully connected 
20:45:33.834 INFO  Shard: 0 has became ready 
20:45:33.861 INFO  Lavalink node: 0.0.0.0 has connected. 
20:45:33.888 INFO  All guilds have been initialized 
20:45:34.007 INFO  -=-=-=-=-=-=-=-=-=-=-=-=-=-=-=-=-=-=-=-=-=-=-=-=-=-=-=-= 
20:45:34.007 INFO  Void Music 2#3539, ready to serve [6] users in [3] servers 
20:45:34.008 INFO  -=-=-=-=-=-=-=-=-=-=-=-=-=-=-=-=-=-=-=-=-=-=-=-=-=-=-=-= 
20:46:54.752 INFO  1 language(s) have loaded. (en-US) 
20:46:55.056 INFO  MongoDB successfully connected 
20:46:55.589 INFO  Shard: 0 has became ready 
20:46:55.614 INFO  Lavalink node: 0.0.0.0 has connected. 
20:46:55.639 INFO  All guilds have been initialized 
20:46:55.759 INFO  -=-=-=-=-=-=-=-=-=-=-=-=-=-=-=-=-=-=-=-=-=-=-=-=-=-=-=-= 
20:46:55.759 INFO  Void Music 2#3539, ready to serve [6] users in [3] servers 
20:46:55.759 INFO  -=-=-=-=-=-=-=-=-=-=-=-=-=-=-=-=-=-=-=-=-=-=-=-=-=-=-=-= 
20:47:07.583 ERROR Target user is not connected to voice.
{"name":"DiscordAPIError","message":"Target user is not connected to voice.","method":"patch","path":"/guilds/823543363688464455/members/945474723846950944","code":40032,"httpStatus":400,"requestData":{"json":{"deaf":true},"files":[]}}
DiscordAPIError: Target user is not connected to voice.
    at RequestHandler.execute (D:\Bots\Discord Bots\Void Music\Void Music 2\node_modules\discord.js\src\rest\RequestHandler.js:350:13)
    at processTicksAndRejections (node:internal/process/task_queues:96:5)
    at async RequestHandler.push (D:\Bots\Discord Bots\Void Music\Void Music 2\node_modules\discord.js\src\rest\RequestHandler.js:51:14)
    at async GuildMemberManager.edit (D:\Bots\Discord Bots\Void Music\Void Music 2\node_modules\discord.js\src\managers\GuildMemberManager.js:279:15) 
20:47:08.172 ERROR Unhandled promise rejection: Missing Access. 
20:47:08.339 ERROR Unhandled promise rejection: Missing Access. 
20:50:30.009 INFO  1 language(s) have loaded. (en-US) 
20:50:30.314 INFO  MongoDB successfully connected 
20:50:30.932 INFO  Shard: 0 has became ready 
20:50:30.960 INFO  Lavalink node: 0.0.0.0 has connected. 
20:50:30.988 INFO  All guilds have been initialized 
20:50:31.109 INFO  -=-=-=-=-=-=-=-=-=-=-=-=-=-=-=-=-=-=-=-=-=-=-=-=-=-=-=-= 
20:50:31.109 INFO  Void Music 2#3539, ready to serve [6] users in [3] servers 
20:50:31.109 INFO  -=-=-=-=-=-=-=-=-=-=-=-=-=-=-=-=-=-=-=-=-=-=-=-=-=-=-=-= 
20:52:08.914 INFO  1 language(s) have loaded. (en-US) 
20:52:09.230 INFO  MongoDB successfully connected 
20:52:09.601 INFO  Shard: 0 has became ready 
20:52:09.623 INFO  Lavalink node: 0.0.0.0 has connected. 
20:52:09.658 INFO  All guilds have been initialized 
20:52:09.779 INFO  -=-=-=-=-=-=-=-=-=-=-=-=-=-=-=-=-=-=-=-=-=-=-=-=-=-=-=-= 
20:52:09.779 INFO  Void Music 2#3539, ready to serve [6] users in [3] servers 
20:52:09.779 INFO  -=-=-=-=-=-=-=-=-=-=-=-=-=-=-=-=-=-=-=-=-=-=-=-=-=-=-=-= 
20:53:21.417 INFO  1 language(s) have loaded. (en-US) 
20:53:22.162 INFO  Shard: 0 has became ready 
20:53:22.185 INFO  Lavalink node: 0.0.0.0 has connected. 
20:53:31.450 ERROR MongoDB disconnected 
20:53:31.451 ERROR Unhandled promise rejection: querySrv ESERVFAIL _mongodb._tcp.cluster0.vnrhf.mongodb.net. 
20:53:45.339 INFO  1 language(s) have loaded. (en-US) 
20:53:45.630 INFO  MongoDB successfully connected 
20:53:46.025 INFO  Shard: 0 has became ready 
20:53:46.050 INFO  Lavalink node: 0.0.0.0 has connected. 
20:53:46.069 INFO  All guilds have been initialized 
20:53:46.189 INFO  -=-=-=-=-=-=-=-=-=-=-=-=-=-=-=-=-=-=-=-=-=-=-=-=-=-=-=-= 
20:53:46.189 INFO  Void Music 2#3539, ready to serve [6] users in [3] servers 
20:53:46.189 INFO  -=-=-=-=-=-=-=-=-=-=-=-=-=-=-=-=-=-=-=-=-=-=-=-=-=-=-=-= 
20:53:49.570 ERROR Missing Permissions
{"name":"DiscordAPIError","message":"Missing Permissions","method":"patch","path":"/guilds/823543363688464455/members/945474723846950944","code":50013,"httpStatus":403,"requestData":{"json":{"deaf":true},"files":[]}}
DiscordAPIError: Missing Permissions
    at RequestHandler.execute (D:\Bots\Discord Bots\Void Music\Void Music 2\node_modules\discord.js\src\rest\RequestHandler.js:350:13)
    at processTicksAndRejections (node:internal/process/task_queues:96:5)
    at async RequestHandler.push (D:\Bots\Discord Bots\Void Music\Void Music 2\node_modules\discord.js\src\rest\RequestHandler.js:51:14)
    at async GuildMemberManager.edit (D:\Bots\Discord Bots\Void Music\Void Music 2\node_modules\discord.js\src\managers\GuildMemberManager.js:279:15) 
