00:04:46.657 INFO  MongoDB successfully connected 
00:04:47.018 INFO  Shard: 0 has became ready 
00:04:47.068 INFO  All guilds have been initialized. 
00:04:47.068 INFO  -=-=-=-=-=-=-=-=-=-=-=-=-=-=-=-=-=-=-=-=-=-=-=-=-=-=-=-= 
00:04:47.068 INFO  Void Music 2#3539, ready to serve [2] users in [2] servers. 
00:04:47.068 INFO  -=-=-=-=-=-=-=-=-=-=-=-=-=-=-=-=-=-=-=-=-=-=-=-=-=-=-=-= 
00:04:47.327 INFO  Lavalink node: losingtime.dpaste.org has connected. 
00:05:39.563 ERROR Unhandled promise rejection: The reply to this interaction has not been sent or deferred.. 
00:07:53.839 INFO  MongoDB successfully connected 
00:07:54.120 INFO  Shard: 0 has became ready 
00:07:54.176 INFO  All guilds have been initialized. 
00:07:54.177 INFO  -=-=-=-=-=-=-=-=-=-=-=-=-=-=-=-=-=-=-=-=-=-=-=-=-=-=-=-= 
00:07:54.177 INFO  Void Music 2#3539, ready to serve [2] users in [2] servers. 
00:07:54.177 INFO  -=-=-=-=-=-=-=-=-=-=-=-=-=-=-=-=-=-=-=-=-=-=-=-=-=-=-=-= 
00:07:54.456 INFO  Lavalink node: losingtime.dpaste.org has connected. 
00:09:08.670 ERROR Unhandled promise rejection: Unknown interaction. 
00:10:39.837 INFO  MongoDB successfully connected 
00:10:40.105 INFO  Shard: 0 has became ready 
00:10:40.162 INFO  All guilds have been initialized. 
00:10:40.162 INFO  -=-=-=-=-=-=-=-=-=-=-=-=-=-=-=-=-=-=-=-=-=-=-=-=-=-=-=-= 
00:10:40.163 INFO  Void Music 2#3539, ready to serve [2] users in [2] servers. 
00:10:40.163 INFO  -=-=-=-=-=-=-=-=-=-=-=-=-=-=-=-=-=-=-=-=-=-=-=-=-=-=-=-= 
00:10:40.381 INFO  Lavalink node: losingtime.dpaste.org has connected. 
00:11:31.082 ERROR Unhandled promise rejection: Unknown interaction. 
00:14:35.401 INFO  MongoDB successfully connected 
00:14:35.662 INFO  Shard: 0 has became ready 
00:14:35.722 INFO  All guilds have been initialized. 
00:14:35.723 INFO  -=-=-=-=-=-=-=-=-=-=-=-=-=-=-=-=-=-=-=-=-=-=-=-=-=-=-=-= 
00:14:35.723 INFO  Void Music 2#3539, ready to serve [2] users in [2] servers. 
00:14:35.723 INFO  -=-=-=-=-=-=-=-=-=-=-=-=-=-=-=-=-=-=-=-=-=-=-=-=-=-=-=-= 
00:14:36.017 INFO  Lavalink node: losingtime.dpaste.org has connected. 
00:14:57.489 INFO  MongoDB successfully connected 
00:14:57.851 INFO  Shard: 0 has became ready 
00:14:57.917 INFO  All guilds have been initialized. 
00:14:57.918 INFO  -=-=-=-=-=-=-=-=-=-=-=-=-=-=-=-=-=-=-=-=-=-=-=-=-=-=-=-= 
00:14:57.918 INFO  Void Music 2#3539, ready to serve [2] users in [2] servers. 
00:14:57.918 INFO  -=-=-=-=-=-=-=-=-=-=-=-=-=-=-=-=-=-=-=-=-=-=-=-=-=-=-=-= 
00:14:58.144 INFO  Lavalink node: losingtime.dpaste.org has connected. 
00:18:03.341 INFO  MongoDB successfully connected 
00:18:03.674 INFO  Shard: 0 has became ready 
00:18:03.734 INFO  All guilds have been initialized. 
00:18:03.734 INFO  -=-=-=-=-=-=-=-=-=-=-=-=-=-=-=-=-=-=-=-=-=-=-=-=-=-=-=-= 
00:18:03.735 INFO  Void Music 2#3539, ready to serve [2] users in [2] servers. 
00:18:03.735 INFO  -=-=-=-=-=-=-=-=-=-=-=-=-=-=-=-=-=-=-=-=-=-=-=-=-=-=-=-= 
00:18:04.003 INFO  Lavalink node: losingtime.dpaste.org has connected. 
00:18:10.915 ERROR Unhandled promise rejection: guild is not defined. 
00:18:35.397 INFO  MongoDB successfully connected 
00:18:35.611 INFO  Shard: 0 has became ready 
00:18:35.687 INFO  All guilds have been initialized. 
00:18:35.688 INFO  -=-=-=-=-=-=-=-=-=-=-=-=-=-=-=-=-=-=-=-=-=-=-=-=-=-=-=-= 
00:18:35.688 INFO  Void Music 2#3539, ready to serve [2] users in [2] servers. 
00:18:35.688 INFO  -=-=-=-=-=-=-=-=-=-=-=-=-=-=-=-=-=-=-=-=-=-=-=-=-=-=-=-= 
00:18:35.982 INFO  Lavalink node: losingtime.dpaste.org has connected. 
00:19:00.156 ERROR Unhandled promise rejection: msgembed.editReply is not a function. 
00:21:07.872 INFO  MongoDB successfully connected 
00:21:08.131 INFO  Shard: 0 has became ready 
00:21:08.189 INFO  All guilds have been initialized. 
00:21:08.189 INFO  -=-=-=-=-=-=-=-=-=-=-=-=-=-=-=-=-=-=-=-=-=-=-=-=-=-=-=-= 
00:21:08.189 INFO  Void Music 2#3539, ready to serve [2] users in [2] servers. 
00:21:08.189 INFO  -=-=-=-=-=-=-=-=-=-=-=-=-=-=-=-=-=-=-=-=-=-=-=-=-=-=-=-= 
00:21:08.477 INFO  Lavalink node: losingtime.dpaste.org has connected. 
00:21:30.813 INFO  MongoDB successfully connected 
00:21:31.102 INFO  Shard: 0 has became ready 
00:21:31.152 INFO  All guilds have been initialized. 
00:21:31.152 INFO  -=-=-=-=-=-=-=-=-=-=-=-=-=-=-=-=-=-=-=-=-=-=-=-=-=-=-=-= 
00:21:31.152 INFO  Void Music 2#3539, ready to serve [2] users in [2] servers. 
00:21:31.153 INFO  -=-=-=-=-=-=-=-=-=-=-=-=-=-=-=-=-=-=-=-=-=-=-=-=-=-=-=-= 
00:21:31.411 INFO  Lavalink node: losingtime.dpaste.org has connected. 
