17:14:36.128 INFO  1 language(s) have loaded. (en-US) 
17:14:36.472 INFO  MongoDB successfully connected 
17:14:36.884 INFO  Shard: 0 has became ready 
17:14:36.900 ERROR Lavalink node: '0.0.0.0', has error: 'connect ECONNREFUSED 0.0.0.0:69'. 
17:14:36.902 ERROR Lavalink node: 0.0.0.0 has disconnect, reason: . 
17:14:36.959 INFO  All guilds have been initialized 
17:14:37.073 INFO  -=-=-=-=-=-=-=-=-=-=-=-=-=-=-=-=-=-=-=-=-=-=-=-=-=-=-=-= 
17:14:37.073 INFO  Void Music 2#3539, ready to serve [6] users in [3] servers 
17:14:37.074 INFO  -=-=-=-=-=-=-=-=-=-=-=-=-=-=-=-=-=-=-=-=-=-=-=-=-=-=-=-= 
17:15:06.906 ERROR Lavalink node: '0.0.0.0', has error: 'connect ECONNREFUSED 0.0.0.0:69'. 
17:15:06.907 ERROR Lavalink node: 0.0.0.0 has disconnect, reason: . 
17:19:51.943 INFO  1 language(s) have loaded. (en-US) 
17:19:52.273 INFO  MongoDB successfully connected 
17:19:52.696 INFO  Shard: 0 has became ready 
17:19:52.749 INFO  All guilds have been initialized 
17:19:52.834 INFO  Lavalink node: 0.0.0.0 has connected. 
17:19:52.862 INFO  -=-=-=-=-=-=-=-=-=-=-=-=-=-=-=-=-=-=-=-=-=-=-=-=-=-=-=-= 
17:19:52.863 INFO  Void Music 2#3539, ready to serve [6] users in [3] servers 
17:19:52.863 INFO  -=-=-=-=-=-=-=-=-=-=-=-=-=-=-=-=-=-=-=-=-=-=-=-=-=-=-=-= 
17:21:35.588 ERROR Lavalink node: 0.0.0.0 has disconnect, reason: . 
17:21:54.737 ERROR Error searching for songs RangeError: No available nodes. 
17:22:03.987 INFO  1 language(s) have loaded. (en-US) 
17:22:04.304 INFO  MongoDB successfully connected 
17:22:04.669 INFO  Shard: 0 has became ready 
17:22:04.713 INFO  All guilds have been initialized 
17:22:04.783 INFO  Lavalink node: 0.0.0.0 has connected. 
17:22:04.827 INFO  -=-=-=-=-=-=-=-=-=-=-=-=-=-=-=-=-=-=-=-=-=-=-=-=-=-=-=-= 
17:22:04.827 INFO  Void Music 2#3539, ready to serve [6] users in [3] servers 
17:22:04.828 INFO  -=-=-=-=-=-=-=-=-=-=-=-=-=-=-=-=-=-=-=-=-=-=-=-=-=-=-=-= 
17:22:18.114 ERROR Lavalink node: 0.0.0.0 has disconnect, reason: . 
17:22:22.903 ERROR Error deleting message from void after time 
17:27:17.764 INFO  1 language(s) have loaded. (en-US) 
17:27:18.103 INFO  MongoDB successfully connected 
17:27:18.543 INFO  Shard: 0 has became ready 
17:27:18.594 INFO  All guilds have been initialized 
17:27:18.660 INFO  Lavalink node: 0.0.0.0 has connected. 
17:27:18.726 INFO  -=-=-=-=-=-=-=-=-=-=-=-=-=-=-=-=-=-=-=-=-=-=-=-=-=-=-=-= 
17:27:18.727 INFO  Void Music 2#3539, ready to serve [6] users in [3] servers 
17:27:18.727 INFO  -=-=-=-=-=-=-=-=-=-=-=-=-=-=-=-=-=-=-=-=-=-=-=-=-=-=-=-= 
17:28:24.907 INFO  1 language(s) have loaded. (en-US) 
17:28:25.317 INFO  MongoDB successfully connected 
17:28:25.643 INFO  Shard: 0 has became ready 
17:28:25.661 INFO  Lavalink node: 0.0.0.0 has connected. 
17:28:25.687 INFO  All guilds have been initialized 
17:28:25.816 INFO  -=-=-=-=-=-=-=-=-=-=-=-=-=-=-=-=-=-=-=-=-=-=-=-=-=-=-=-= 
17:28:25.816 INFO  Void Music 2#3539, ready to serve [6] users in [3] servers 
17:28:25.817 INFO  -=-=-=-=-=-=-=-=-=-=-=-=-=-=-=-=-=-=-=-=-=-=-=-=-=-=-=-= 
17:29:24.160 INFO  1 language(s) have loaded. (en-US) 
17:29:24.486 INFO  MongoDB successfully connected 
17:29:24.839 INFO  Shard: 0 has became ready 
17:29:24.861 INFO  Lavalink node: 0.0.0.0 has connected. 
17:29:24.892 INFO  All guilds have been initialized 
17:29:25.016 INFO  -=-=-=-=-=-=-=-=-=-=-=-=-=-=-=-=-=-=-=-=-=-=-=-=-=-=-=-= 
17:29:25.017 INFO  Void Music 2#3539, ready to serve [6] users in [3] servers 
17:29:25.017 INFO  -=-=-=-=-=-=-=-=-=-=-=-=-=-=-=-=-=-=-=-=-=-=-=-=-=-=-=-= 
17:30:42.756 INFO  1 language(s) have loaded. (en-US) 
17:30:43.083 INFO  MongoDB successfully connected 
17:30:43.485 INFO  Shard: 0 has became ready 
17:30:43.507 INFO  Lavalink node: 0.0.0.0 has connected. 
17:30:43.534 INFO  All guilds have been initialized 
17:30:43.653 INFO  -=-=-=-=-=-=-=-=-=-=-=-=-=-=-=-=-=-=-=-=-=-=-=-=-=-=-=-= 
17:30:43.654 INFO  Void Music 2#3539, ready to serve [6] users in [3] servers 
17:30:43.654 INFO  -=-=-=-=-=-=-=-=-=-=-=-=-=-=-=-=-=-=-=-=-=-=-=-=-=-=-=-= 
17:31:49.970 INFO  1 language(s) have loaded. (en-US) 
17:31:50.331 INFO  MongoDB successfully connected 
17:31:50.685 INFO  Shard: 0 has became ready 
17:31:50.706 INFO  Lavalink node: 0.0.0.0 has connected. 
17:31:50.737 INFO  All guilds have been initialized 
17:31:50.856 INFO  -=-=-=-=-=-=-=-=-=-=-=-=-=-=-=-=-=-=-=-=-=-=-=-=-=-=-=-= 
17:31:50.856 INFO  Void Music 2#3539, ready to serve [6] users in [3] servers 
17:31:50.856 INFO  -=-=-=-=-=-=-=-=-=-=-=-=-=-=-=-=-=-=-=-=-=-=-=-=-=-=-=-= 
17:33:36.341 INFO  1 language(s) have loaded. (en-US) 
17:33:36.662 INFO  MongoDB successfully connected 
17:33:37.077 INFO  Shard: 0 has became ready 
17:33:37.097 INFO  Lavalink node: 0.0.0.0 has connected. 
17:33:37.121 INFO  All guilds have been initialized 
17:33:37.237 INFO  -=-=-=-=-=-=-=-=-=-=-=-=-=-=-=-=-=-=-=-=-=-=-=-=-=-=-=-= 
17:33:37.237 INFO  Void Music 2#3539, ready to serve [6] users in [3] servers 
17:33:37.238 INFO  -=-=-=-=-=-=-=-=-=-=-=-=-=-=-=-=-=-=-=-=-=-=-=-=-=-=-=-= 
17:35:23.159 INFO  1 language(s) have loaded. (en-US) 
17:35:23.484 INFO  MongoDB successfully connected 
17:35:23.953 INFO  Shard: 0 has became ready 
17:35:23.975 INFO  Lavalink node: 0.0.0.0 has connected. 
17:35:24.002 INFO  All guilds have been initialized 
17:35:24.126 INFO  -=-=-=-=-=-=-=-=-=-=-=-=-=-=-=-=-=-=-=-=-=-=-=-=-=-=-=-= 
17:35:24.127 INFO  Void Music 2#3539, ready to serve [6] users in [3] servers 
17:35:24.127 INFO  -=-=-=-=-=-=-=-=-=-=-=-=-=-=-=-=-=-=-=-=-=-=-=-=-=-=-=-= 
17:35:39.768 INFO  1 language(s) have loaded. (en-US) 
17:35:40.112 INFO  MongoDB successfully connected 
17:35:40.548 INFO  Shard: 0 has became ready 
17:35:40.574 INFO  Lavalink node: 0.0.0.0 has connected. 
17:35:40.597 INFO  All guilds have been initialized 
17:35:40.716 INFO  -=-=-=-=-=-=-=-=-=-=-=-=-=-=-=-=-=-=-=-=-=-=-=-=-=-=-=-= 
17:35:40.717 INFO  Void Music 2#3539, ready to serve [6] users in [3] servers 
17:35:40.718 INFO  -=-=-=-=-=-=-=-=-=-=-=-=-=-=-=-=-=-=-=-=-=-=-=-=-=-=-=-= 
17:36:01.676 INFO  1 language(s) have loaded. (en-US) 
17:36:01.970 INFO  MongoDB successfully connected 
17:36:02.410 INFO  Shard: 0 has became ready 
17:36:02.434 INFO  Lavalink node: 0.0.0.0 has connected. 
17:36:02.456 INFO  All guilds have been initialized 
17:36:02.572 INFO  -=-=-=-=-=-=-=-=-=-=-=-=-=-=-=-=-=-=-=-=-=-=-=-=-=-=-=-= 
17:36:02.572 INFO  Void Music 2#3539, ready to serve [6] users in [3] servers 
17:36:02.573 INFO  -=-=-=-=-=-=-=-=-=-=-=-=-=-=-=-=-=-=-=-=-=-=-=-=-=-=-=-= 
17:37:27.083 INFO  1 language(s) have loaded. (en-US) 
17:37:27.403 INFO  MongoDB successfully connected 
17:37:27.836 INFO  Shard: 0 has became ready 
17:37:27.853 INFO  Lavalink node: 0.0.0.0 has connected. 
17:37:27.892 INFO  All guilds have been initialized 
17:37:28.016 INFO  -=-=-=-=-=-=-=-=-=-=-=-=-=-=-=-=-=-=-=-=-=-=-=-=-=-=-=-= 
17:37:28.017 INFO  Void Music 2#3539, ready to serve [6] users in [3] servers 
17:37:28.017 INFO  -=-=-=-=-=-=-=-=-=-=-=-=-=-=-=-=-=-=-=-=-=-=-=-=-=-=-=-= 
17:39:43.873 INFO  1 language(s) have loaded. (en-US) 
17:39:44.198 INFO  MongoDB successfully connected 
17:39:44.592 INFO  Shard: 0 has became ready 
17:39:44.614 INFO  Lavalink node: 0.0.0.0 has connected. 
17:39:44.642 INFO  All guilds have been initialized 
17:39:44.772 INFO  -=-=-=-=-=-=-=-=-=-=-=-=-=-=-=-=-=-=-=-=-=-=-=-=-=-=-=-= 
17:39:44.772 INFO  Void Music 2#3539, ready to serve [6] users in [3] servers 
17:39:44.772 INFO  -=-=-=-=-=-=-=-=-=-=-=-=-=-=-=-=-=-=-=-=-=-=-=-=-=-=-=-= 
17:40:08.842 INFO  1 language(s) have loaded. (en-US) 
17:40:09.199 INFO  MongoDB successfully connected 
17:40:09.618 INFO  Shard: 0 has became ready 
17:40:09.637 INFO  Lavalink node: 0.0.0.0 has connected. 
17:40:09.665 INFO  All guilds have been initialized 
17:40:09.782 INFO  -=-=-=-=-=-=-=-=-=-=-=-=-=-=-=-=-=-=-=-=-=-=-=-=-=-=-=-= 
17:40:09.782 INFO  Void Music 2#3539, ready to serve [6] users in [3] servers 
17:40:09.782 INFO  -=-=-=-=-=-=-=-=-=-=-=-=-=-=-=-=-=-=-=-=-=-=-=-=-=-=-=-= 
17:40:27.623 INFO  1 language(s) have loaded. (en-US) 
17:40:27.916 INFO  MongoDB successfully connected 
17:40:28.334 INFO  Shard: 0 has became ready 
17:40:28.352 INFO  Lavalink node: 0.0.0.0 has connected. 
17:40:28.382 INFO  All guilds have been initialized 
17:40:28.497 INFO  -=-=-=-=-=-=-=-=-=-=-=-=-=-=-=-=-=-=-=-=-=-=-=-=-=-=-=-= 
17:40:28.497 INFO  Void Music 2#3539, ready to serve [6] users in [3] servers 
17:40:28.497 INFO  -=-=-=-=-=-=-=-=-=-=-=-=-=-=-=-=-=-=-=-=-=-=-=-=-=-=-=-= 
17:41:21.818 INFO  1 language(s) have loaded. (en-US) 
17:41:22.172 INFO  MongoDB successfully connected 
17:41:22.543 INFO  Shard: 0 has became ready 
17:41:22.561 INFO  Lavalink node: 0.0.0.0 has connected. 
17:41:22.586 INFO  All guilds have been initialized 
17:41:22.698 INFO  -=-=-=-=-=-=-=-=-=-=-=-=-=-=-=-=-=-=-=-=-=-=-=-=-=-=-=-= 
17:41:22.698 INFO  Void Music 2#3539, ready to serve [6] users in [3] servers 
17:41:22.698 INFO  -=-=-=-=-=-=-=-=-=-=-=-=-=-=-=-=-=-=-=-=-=-=-=-=-=-=-=-= 
17:42:46.865 INFO  1 language(s) have loaded. (en-US) 
17:42:47.202 INFO  MongoDB successfully connected 
17:42:47.690 INFO  Shard: 0 has became ready 
17:42:47.708 INFO  Lavalink node: 0.0.0.0 has connected. 
17:42:47.733 INFO  All guilds have been initialized 
17:42:47.866 INFO  -=-=-=-=-=-=-=-=-=-=-=-=-=-=-=-=-=-=-=-=-=-=-=-=-=-=-=-= 
17:42:47.866 INFO  Void Music 2#3539, ready to serve [6] users in [3] servers 
17:42:47.867 INFO  -=-=-=-=-=-=-=-=-=-=-=-=-=-=-=-=-=-=-=-=-=-=-=-=-=-=-=-= 
17:47:17.206 INFO  1 language(s) have loaded. (en-US) 
17:47:17.554 INFO  MongoDB successfully connected 
17:47:18.091 INFO  Shard: 0 has became ready 
17:47:18.111 INFO  Lavalink node: 0.0.0.0 has connected. 
17:47:18.135 INFO  All guilds have been initialized 
17:47:18.258 INFO  -=-=-=-=-=-=-=-=-=-=-=-=-=-=-=-=-=-=-=-=-=-=-=-=-=-=-=-= 
17:47:18.258 INFO  Void Music 2#3539, ready to serve [6] users in [3] servers 
17:47:18.259 INFO  -=-=-=-=-=-=-=-=-=-=-=-=-=-=-=-=-=-=-=-=-=-=-=-=-=-=-=-= 
18:12:52.519 INFO  1 language(s) have loaded. (en-US) 
18:12:52.962 INFO  MongoDB successfully connected 
18:12:53.328 INFO  Shard: 0 has became ready 
18:12:53.358 INFO  Lavalink node: 0.0.0.0 has connected. 
18:12:53.418 INFO  All guilds have been initialized 
18:12:53.549 INFO  -=-=-=-=-=-=-=-=-=-=-=-=-=-=-=-=-=-=-=-=-=-=-=-=-=-=-=-= 
18:12:53.550 INFO  Void Music 2#3539, ready to serve [7] users in [3] servers 
18:12:53.550 INFO  -=-=-=-=-=-=-=-=-=-=-=-=-=-=-=-=-=-=-=-=-=-=-=-=-=-=-=-= 
18:15:07.569 INFO  1 language(s) have loaded. (en-US) 
18:15:07.952 INFO  MongoDB successfully connected 
18:15:08.299 INFO  Shard: 0 has became ready 
18:15:08.323 INFO  Lavalink node: 0.0.0.0 has connected. 
18:15:08.346 INFO  All guilds have been initialized 
18:15:08.475 INFO  -=-=-=-=-=-=-=-=-=-=-=-=-=-=-=-=-=-=-=-=-=-=-=-=-=-=-=-= 
18:15:08.475 INFO  Void Music 2#3539, ready to serve [7] users in [3] servers 
18:15:08.476 INFO  -=-=-=-=-=-=-=-=-=-=-=-=-=-=-=-=-=-=-=-=-=-=-=-=-=-=-=-= 
18:15:20.560 INFO  1 language(s) have loaded. (en-US) 
18:15:20.843 INFO  MongoDB successfully connected 
18:15:21.234 INFO  Shard: 0 has became ready 
18:15:21.252 INFO  Lavalink node: 0.0.0.0 has connected. 
18:15:21.276 INFO  All guilds have been initialized 
18:15:21.428 INFO  -=-=-=-=-=-=-=-=-=-=-=-=-=-=-=-=-=-=-=-=-=-=-=-=-=-=-=-= 
18:15:21.429 INFO  Void Music 2#3539, ready to serve [7] users in [3] servers 
18:15:21.429 INFO  -=-=-=-=-=-=-=-=-=-=-=-=-=-=-=-=-=-=-=-=-=-=-=-=-=-=-=-= 
18:15:27.211 ERROR Unhandled promise rejection: embed is not defined 
18:15:44.532 INFO  1 language(s) have loaded. (en-US) 
18:15:44.809 INFO  MongoDB successfully connected 
18:15:45.260 INFO  Shard: 0 has became ready 
18:15:45.279 INFO  Lavalink node: 0.0.0.0 has connected. 
18:15:45.309 INFO  All guilds have been initialized 
18:15:45.425 INFO  -=-=-=-=-=-=-=-=-=-=-=-=-=-=-=-=-=-=-=-=-=-=-=-=-=-=-=-= 
18:15:45.425 INFO  Void Music 2#3539, ready to serve [7] users in [3] servers 
18:15:45.426 INFO  -=-=-=-=-=-=-=-=-=-=-=-=-=-=-=-=-=-=-=-=-=-=-=-=-=-=-=-= 
18:15:46.039 ERROR Unhandled promise rejection: Cannot read properties of undefined (reading 'queue') 
18:28:12.553 INFO  1 language(s) have loaded. (en-US) 
18:28:12.913 INFO  MongoDB successfully connected 
18:28:13.291 INFO  Shard: 0 has became ready 
18:28:13.312 INFO  Lavalink node: 0.0.0.0 has connected. 
18:28:13.340 INFO  All guilds have been initialized 
18:28:13.455 INFO  -=-=-=-=-=-=-=-=-=-=-=-=-=-=-=-=-=-=-=-=-=-=-=-=-=-=-=-= 
18:28:13.455 INFO  Void Music 2#3539, ready to serve [6] users in [3] servers 
18:28:13.456 INFO  -=-=-=-=-=-=-=-=-=-=-=-=-=-=-=-=-=-=-=-=-=-=-=-=-=-=-=-= 
18:30:13.904 INFO  1 language(s) have loaded. (en-US) 
18:30:14.300 INFO  MongoDB successfully connected 
18:30:14.652 INFO  Shard: 0 has became ready 
18:30:14.677 INFO  Lavalink node: 0.0.0.0 has connected. 
18:30:14.709 INFO  All guilds have been initialized 
18:30:14.824 INFO  -=-=-=-=-=-=-=-=-=-=-=-=-=-=-=-=-=-=-=-=-=-=-=-=-=-=-=-= 
18:30:14.825 INFO  Void Music 2#3539, ready to serve [6] users in [3] servers 
18:30:14.826 INFO  -=-=-=-=-=-=-=-=-=-=-=-=-=-=-=-=-=-=-=-=-=-=-=-=-=-=-=-= 
18:32:11.155 INFO  1 language(s) have loaded. (en-US) 
18:32:11.527 INFO  MongoDB successfully connected 
18:32:11.824 INFO  Shard: 0 has became ready 
18:32:11.850 INFO  Lavalink node: 0.0.0.0 has connected. 
18:32:11.887 INFO  All guilds have been initialized 
18:32:12.003 INFO  -=-=-=-=-=-=-=-=-=-=-=-=-=-=-=-=-=-=-=-=-=-=-=-=-=-=-=-= 
18:32:12.004 INFO  Void Music 2#3539, ready to serve [6] users in [3] servers 
18:32:12.004 INFO  -=-=-=-=-=-=-=-=-=-=-=-=-=-=-=-=-=-=-=-=-=-=-=-=-=-=-=-= 
18:32:35.154 INFO  1 language(s) have loaded. (en-US) 
18:32:35.488 INFO  MongoDB successfully connected 
18:32:35.799 INFO  Shard: 0 has became ready 
18:32:35.819 INFO  Lavalink node: 0.0.0.0 has connected. 
18:32:35.849 INFO  All guilds have been initialized 
18:32:35.996 INFO  -=-=-=-=-=-=-=-=-=-=-=-=-=-=-=-=-=-=-=-=-=-=-=-=-=-=-=-= 
18:32:35.996 INFO  Void Music 2#3539, ready to serve [6] users in [3] servers 
18:32:35.997 INFO  -=-=-=-=-=-=-=-=-=-=-=-=-=-=-=-=-=-=-=-=-=-=-=-=-=-=-=-= 
18:35:01.973 INFO  1 language(s) have loaded. (en-US) 
18:35:02.289 INFO  MongoDB successfully connected 
18:35:02.761 INFO  Shard: 0 has became ready 
18:35:02.780 INFO  Lavalink node: 0.0.0.0 has connected. 
18:35:02.806 INFO  All guilds have been initialized 
18:35:02.926 INFO  -=-=-=-=-=-=-=-=-=-=-=-=-=-=-=-=-=-=-=-=-=-=-=-=-=-=-=-= 
18:35:02.926 INFO  Void Music 2#3539, ready to serve [6] users in [3] servers 
18:35:02.926 INFO  -=-=-=-=-=-=-=-=-=-=-=-=-=-=-=-=-=-=-=-=-=-=-=-=-=-=-=-= 
18:48:12.657 INFO  1 language(s) have loaded. (en-US) 
18:48:13.072 INFO  MongoDB successfully connected 
18:48:13.376 INFO  Shard: 0 has became ready 
18:48:13.397 INFO  Lavalink node: 0.0.0.0 has connected. 
18:48:13.428 INFO  All guilds have been initialized 
18:48:13.562 INFO  -=-=-=-=-=-=-=-=-=-=-=-=-=-=-=-=-=-=-=-=-=-=-=-=-=-=-=-= 
18:48:13.562 INFO  Void Music 2#3539, ready to serve [6] users in [3] servers 
18:48:13.562 INFO  -=-=-=-=-=-=-=-=-=-=-=-=-=-=-=-=-=-=-=-=-=-=-=-=-=-=-=-= 
18:48:16.872 ERROR Lavalink node: 0.0.0.0 has disconnect, reason: . 
18:48:41.545 INFO  1 language(s) have loaded. (en-US) 
18:48:41.878 INFO  MongoDB successfully connected 
18:48:42.228 INFO  Shard: 0 has became ready 
18:48:42.277 INFO  All guilds have been initialized 
18:48:42.344 INFO  Lavalink node: 0.0.0.0 has connected. 
18:48:42.396 INFO  -=-=-=-=-=-=-=-=-=-=-=-=-=-=-=-=-=-=-=-=-=-=-=-=-=-=-=-= 
18:48:42.396 INFO  Void Music 2#3539, ready to serve [6] users in [3] servers 
18:48:42.397 INFO  -=-=-=-=-=-=-=-=-=-=-=-=-=-=-=-=-=-=-=-=-=-=-=-=-=-=-=-= 
19:05:08.477 INFO  1 language(s) have loaded. (en-US) 
19:05:08.842 INFO  MongoDB successfully connected 
19:05:09.151 INFO  Shard: 0 has became ready 
19:05:09.200 INFO  All guilds have been initialized 
19:05:09.275 INFO  Lavalink node: 0.0.0.0 has connected. 
19:05:09.322 INFO  -=-=-=-=-=-=-=-=-=-=-=-=-=-=-=-=-=-=-=-=-=-=-=-=-=-=-=-= 
19:05:09.323 INFO  Void Music 2#3539, ready to serve [6] users in [3] servers 
19:05:09.323 INFO  -=-=-=-=-=-=-=-=-=-=-=-=-=-=-=-=-=-=-=-=-=-=-=-=-=-=-=-= 
20:00:43.049 ERROR Unhandled promise rejection: Cannot read properties of undefined (reading 'title') 
20:00:52.518 INFO  1 language(s) have loaded. (en-US) 
20:00:52.980 INFO  MongoDB successfully connected 
20:00:53.319 INFO  Shard: 0 has became ready 
20:00:53.339 INFO  Lavalink node: 0.0.0.0 has connected. 
20:00:53.368 INFO  All guilds have been initialized 
20:00:53.486 INFO  -=-=-=-=-=-=-=-=-=-=-=-=-=-=-=-=-=-=-=-=-=-=-=-=-=-=-=-= 
20:00:53.486 INFO  Void Music 2#3539, ready to serve [7] users in [3] servers 
20:00:53.487 INFO  -=-=-=-=-=-=-=-=-=-=-=-=-=-=-=-=-=-=-=-=-=-=-=-=-=-=-=-= 
20:00:58.677 ERROR Unhandled promise rejection: Cannot read properties of undefined (reading 'title') 
20:01:33.593 INFO  1 language(s) have loaded. (en-US) 
20:01:34.302 INFO  MongoDB successfully connected 
20:01:34.346 INFO  Shard: 0 has became ready 
20:01:34.367 ERROR Lavalink node: '0.0.0.0', has error: 'connect ECONNREFUSED 0.0.0.0:69'. 
20:01:34.368 ERROR Lavalink node: 0.0.0.0 has disconnect, reason: . 
20:01:34.407 INFO  All guilds have been initialized 
20:01:34.542 INFO  -=-=-=-=-=-=-=-=-=-=-=-=-=-=-=-=-=-=-=-=-=-=-=-=-=-=-=-= 
20:01:34.542 INFO  Void Music 2#3539, ready to serve [7] users in [3] servers 
20:01:34.543 INFO  -=-=-=-=-=-=-=-=-=-=-=-=-=-=-=-=-=-=-=-=-=-=-=-=-=-=-=-= 
20:01:42.043 INFO  1 language(s) have loaded. (en-US) 
20:01:42.427 INFO  MongoDB successfully connected 
20:01:42.838 INFO  Shard: 0 has became ready 
20:01:42.901 INFO  All guilds have been initialized 
20:01:42.956 INFO  Lavalink node: 0.0.0.0 has connected. 
20:01:43.029 INFO  -=-=-=-=-=-=-=-=-=-=-=-=-=-=-=-=-=-=-=-=-=-=-=-=-=-=-=-= 
20:01:43.029 INFO  Void Music 2#3539, ready to serve [7] users in [3] servers 
20:01:43.029 INFO  -=-=-=-=-=-=-=-=-=-=-=-=-=-=-=-=-=-=-=-=-=-=-=-=-=-=-=-= 
20:01:51.929 ERROR Unhandled promise rejection: Cannot read properties of undefined (reading 'title') 
20:06:56.110 INFO  1 language(s) have loaded. (en-US) 
20:06:56.567 INFO  MongoDB successfully connected 
20:06:56.782 INFO  Shard: 0 has became ready 
20:06:56.835 INFO  All guilds have been initialized 
20:06:56.953 INFO  -=-=-=-=-=-=-=-=-=-=-=-=-=-=-=-=-=-=-=-=-=-=-=-=-=-=-=-= 
20:06:56.954 INFO  Void Music 2#3539, ready to serve [7] users in [3] servers 
20:06:56.954 INFO  -=-=-=-=-=-=-=-=-=-=-=-=-=-=-=-=-=-=-=-=-=-=-=-=-=-=-=-= 
20:06:57.413 INFO  Lavalink node: lavalink.oops.wtf has connected. 
20:19:57.428 ERROR Lavalink node: lavalink.oops.wtf has disconnect, reason: . 
20:20:27.846 INFO  Lavalink node: lavalink.oops.wtf has connected. 
20:24:56.117 INFO  1 language(s) have loaded. (en-US) 
20:24:56.599 INFO  MongoDB successfully connected 
20:24:57.115 INFO  Shard: 0 has became ready 
20:24:57.167 INFO  All guilds have been initialized 
20:24:57.308 INFO  -=-=-=-=-=-=-=-=-=-=-=-=-=-=-=-=-=-=-=-=-=-=-=-=-=-=-=-= 
20:24:57.308 INFO  Void Music 2#3539, ready to serve [7] users in [3] servers 
20:24:57.309 INFO  -=-=-=-=-=-=-=-=-=-=-=-=-=-=-=-=-=-=-=-=-=-=-=-=-=-=-=-= 
20:24:57.577 INFO  Lavalink node: lavalink.oops.wtf has connected. 
20:25:09.125 ERROR Unhandled promise rejection: res is not defined 
20:25:30.557 INFO  1 language(s) have loaded. (en-US) 
20:25:30.961 INFO  MongoDB successfully connected 
20:25:31.346 INFO  Shard: 0 has became ready 
20:25:31.401 INFO  All guilds have been initialized 
20:25:31.525 INFO  -=-=-=-=-=-=-=-=-=-=-=-=-=-=-=-=-=-=-=-=-=-=-=-=-=-=-=-= 
20:25:31.525 INFO  Void Music 2#3539, ready to serve [7] users in [3] servers 
20:25:31.525 INFO  -=-=-=-=-=-=-=-=-=-=-=-=-=-=-=-=-=-=-=-=-=-=-=-=-=-=-=-= 
20:25:31.819 INFO  Lavalink node: lavalink.oops.wtf has connected. 
20:25:38.961 ERROR Unhandled promise rejection: type is not defined 
20:28:26.524 INFO  1 language(s) have loaded. (en-US) 
20:28:26.956 INFO  MongoDB successfully connected 
20:28:27.204 INFO  Shard: 0 has became ready 
20:28:27.258 INFO  All guilds have been initialized 
20:28:27.392 INFO  -=-=-=-=-=-=-=-=-=-=-=-=-=-=-=-=-=-=-=-=-=-=-=-=-=-=-=-= 
20:28:27.392 INFO  Void Music 2#3539, ready to serve [7] users in [3] servers 
20:28:27.393 INFO  -=-=-=-=-=-=-=-=-=-=-=-=-=-=-=-=-=-=-=-=-=-=-=-=-=-=-=-= 
20:28:27.617 INFO  Lavalink node: lavalink.oops.wtf has connected. 
20:28:36.608 ERROR Unhandled promise rejection: Message content must be a non-empty string. 
20:32:33.620 INFO  1 language(s) have loaded. (en-US) 
20:32:34.080 INFO  MongoDB successfully connected 
20:32:34.442 INFO  Shard: 0 has became ready 
20:32:34.494 INFO  All guilds have been initialized 
20:32:34.626 INFO  -=-=-=-=-=-=-=-=-=-=-=-=-=-=-=-=-=-=-=-=-=-=-=-=-=-=-=-= 
20:32:34.627 INFO  Void Music 2#3539, ready to serve [7] users in [3] servers 
20:32:34.627 INFO  -=-=-=-=-=-=-=-=-=-=-=-=-=-=-=-=-=-=-=-=-=-=-=-=-=-=-=-= 
20:32:34.860 INFO  Lavalink node: lavalink.oops.wtf has connected. 
20:35:07.210 INFO  1 language(s) have loaded. (en-US) 
20:35:07.660 INFO  MongoDB successfully connected 
20:35:07.986 INFO  Shard: 0 has became ready 
20:35:08.036 INFO  All guilds have been initialized 
20:35:08.165 INFO  -=-=-=-=-=-=-=-=-=-=-=-=-=-=-=-=-=-=-=-=-=-=-=-=-=-=-=-= 
20:35:08.165 INFO  Void Music 2#3539, ready to serve [7] users in [3] servers 
20:35:08.165 INFO  -=-=-=-=-=-=-=-=-=-=-=-=-=-=-=-=-=-=-=-=-=-=-=-=-=-=-=-= 
20:35:08.460 INFO  Lavalink node: lavalink.oops.wtf has connected. 
20:35:40.174 ERROR Error deleting message from void after time 
20:35:42.509 ERROR Error deleting message from void after time 
20:53:58.276 INFO  1 language(s) have loaded. (en-US) 
20:54:01.163 INFO  Shard: 0 has became ready 
20:54:01.662 INFO  Lavalink node: lavalink.oops.wtf has connected. 
20:54:03.690 INFO  MongoDB successfully connected 
20:54:03.775 INFO  All guilds have been initialized 
20:54:03.904 INFO  -=-=-=-=-=-=-=-=-=-=-=-=-=-=-=-=-=-=-=-=-=-=-=-=-=-=-=-= 
20:54:03.904 INFO  Void Music 2#3539, ready to serve [7] users in [3] servers 
20:54:03.904 INFO  -=-=-=-=-=-=-=-=-=-=-=-=-=-=-=-=-=-=-=-=-=-=-=-=-=-=-=-= 
20:54:11.399 ERROR Unhandled promise rejection: The reply to this interaction has already been sent or deferred. 
20:54:12.893 ERROR Unhandled promise rejection: The reply to this interaction has already been sent or deferred. 
20:54:18.669 ERROR Unhandled promise rejection: The reply to this interaction has already been sent or deferred. 
20:54:20.105 ERROR Unhandled promise rejection: The reply to this interaction has already been sent or deferred. 
21:04:44.661 INFO  1 language(s) have loaded. (en-US) 
21:04:45.473 INFO  Shard: 0 has became ready 
21:04:46.113 INFO  Lavalink node: lavalink.oops.wtf has connected. 
21:04:55.203 INFO  MongoDB successfully connected 
21:04:55.319 INFO  All guilds have been initialized 
21:04:55.441 INFO  -=-=-=-=-=-=-=-=-=-=-=-=-=-=-=-=-=-=-=-=-=-=-=-=-=-=-=-= 
21:04:55.441 INFO  Void Music 2#3539, ready to serve [8] users in [3] servers 
21:04:55.442 INFO  -=-=-=-=-=-=-=-=-=-=-=-=-=-=-=-=-=-=-=-=-=-=-=-=-=-=-=-= 
21:05:01.811 ERROR Unhandled promise rejection: Interaction has already been acknowledged. 
21:05:40.894 INFO  1 language(s) have loaded. (en-US) 
21:05:41.418 INFO  MongoDB successfully connected 
21:05:41.695 INFO  Shard: 0 has became ready 
21:05:41.767 INFO  All guilds have been initialized 
21:05:41.882 INFO  -=-=-=-=-=-=-=-=-=-=-=-=-=-=-=-=-=-=-=-=-=-=-=-=-=-=-=-= 
21:05:41.882 INFO  Void Music 2#3539, ready to serve [8] users in [3] servers 
21:05:41.883 INFO  -=-=-=-=-=-=-=-=-=-=-=-=-=-=-=-=-=-=-=-=-=-=-=-=-=-=-=-= 
21:05:42.114 INFO  Lavalink node: lavalink.oops.wtf has connected. 
21:06:37.861 INFO  1 language(s) have loaded. (en-US) 
21:06:39.313 INFO  Shard: 0 has became ready 
21:06:39.796 INFO  Lavalink node: lavalink.oops.wtf has connected. 
21:06:48.465 INFO  MongoDB successfully connected 
21:06:48.573 INFO  All guilds have been initialized 
21:06:48.723 INFO  -=-=-=-=-=-=-=-=-=-=-=-=-=-=-=-=-=-=-=-=-=-=-=-=-=-=-=-= 
21:06:48.723 INFO  Void Music 2#3539, ready to serve [8] users in [3] servers 
21:06:48.724 INFO  -=-=-=-=-=-=-=-=-=-=-=-=-=-=-=-=-=-=-=-=-=-=-=-=-=-=-=-= 
21:14:31.005 INFO  1 language(s) have loaded. (en-US) 
21:14:32.395 INFO  Shard: 0 has became ready 
21:14:33.476 INFO  MongoDB successfully connected 
21:14:33.565 INFO  Lavalink node: lavalink.oops.wtf has connected. 
21:14:33.580 INFO  All guilds have been initialized 
21:14:33.717 INFO  -=-=-=-=-=-=-=-=-=-=-=-=-=-=-=-=-=-=-=-=-=-=-=-=-=-=-=-= 
21:14:33.717 INFO  Void Music 2#3539, ready to serve [8] users in [3] servers 
21:14:33.718 INFO  -=-=-=-=-=-=-=-=-=-=-=-=-=-=-=-=-=-=-=-=-=-=-=-=-=-=-=-= 
21:17:31.987 INFO  1 language(s) have loaded. (en-US) 
21:17:32.745 INFO  Shard: 0 has became ready 
21:17:32.804 INFO  MongoDB successfully connected 
21:17:32.899 INFO  All guilds have been initialized 
21:17:33.023 INFO  -=-=-=-=-=-=-=-=-=-=-=-=-=-=-=-=-=-=-=-=-=-=-=-=-=-=-=-= 
21:17:33.024 INFO  Void Music 2#3539, ready to serve [8] users in [3] servers 
21:17:33.024 INFO  -=-=-=-=-=-=-=-=-=-=-=-=-=-=-=-=-=-=-=-=-=-=-=-=-=-=-=-= 
21:17:33.197 INFO  Lavalink node: lavalink.oops.wtf has connected. 
21:18:00.713 ERROR Unhandled promise rejection: Unknown interaction 
21:18:01.345 ERROR Unhandled promise rejection: Unknown interaction 
21:18:50.117 ERROR Unhandled promise rejection: Unknown interaction 
21:18:50.411 ERROR Unhandled promise rejection: Unknown interaction 
21:20:30.542 INFO  1 language(s) have loaded. (en-US) 
21:20:31.061 INFO  MongoDB successfully connected 
21:20:31.693 INFO  Shard: 0 has became ready 
21:20:31.754 INFO  All guilds have been initialized 
21:20:31.886 INFO  -=-=-=-=-=-=-=-=-=-=-=-=-=-=-=-=-=-=-=-=-=-=-=-=-=-=-=-= 
21:20:31.886 INFO  Void Music 2#3539, ready to serve [8] users in [3] servers 
21:20:31.887 INFO  -=-=-=-=-=-=-=-=-=-=-=-=-=-=-=-=-=-=-=-=-=-=-=-=-=-=-=-= 
21:20:32.111 INFO  Lavalink node: lavalink.oops.wtf has connected. 
21:22:43.587 ERROR Unhandled promise rejection: Unknown interaction 
21:23:10.050 INFO  1 language(s) have loaded. (en-US) 
21:23:10.591 INFO  MongoDB successfully connected 
21:23:10.951 INFO  Shard: 0 has became ready 
21:23:11.029 INFO  All guilds have been initialized 
21:23:11.145 INFO  -=-=-=-=-=-=-=-=-=-=-=-=-=-=-=-=-=-=-=-=-=-=-=-=-=-=-=-= 
21:23:11.146 INFO  Void Music 2#3539, ready to serve [8] users in [3] servers 
21:23:11.146 INFO  -=-=-=-=-=-=-=-=-=-=-=-=-=-=-=-=-=-=-=-=-=-=-=-=-=-=-=-= 
21:23:11.414 INFO  Lavalink node: lavalink.oops.wtf has connected. 
21:23:45.127 ERROR Unhandled promise rejection: Unknown interaction 
21:26:47.078 ERROR Unhandled promise rejection: Unknown interaction 
21:27:39.991 ERROR running slashCreate: 709832515577184287 | DiscordAPIError: 404: Not Found 
21:27:53.791 INFO  1 language(s) have loaded. (en-US) 
21:27:54.301 INFO  MongoDB successfully connected 
21:27:54.576 INFO  Shard: 0 has became ready 
21:27:54.631 INFO  All guilds have been initialized 
21:27:54.756 INFO  -=-=-=-=-=-=-=-=-=-=-=-=-=-=-=-=-=-=-=-=-=-=-=-=-=-=-=-= 
21:27:54.756 INFO  Void Music 2#3539, ready to serve [8] users in [3] servers 
21:27:54.756 INFO  -=-=-=-=-=-=-=-=-=-=-=-=-=-=-=-=-=-=-=-=-=-=-=-=-=-=-=-= 
21:27:55.038 INFO  Lavalink node: lavalink.oops.wtf has connected. 
21:28:55.053 ERROR Lavalink node: lavalink.oops.wtf has disconnect, reason: . 
21:29:25.471 INFO  Lavalink node: lavalink.oops.wtf has connected. 
21:34:14.694 INFO  1 language(s) have loaded. (en-US) 
21:34:15.157 INFO  MongoDB successfully connected 
21:34:15.532 INFO  Shard: 0 has became ready 
21:34:15.589 INFO  All guilds have been initialized 
21:34:15.716 INFO  -=-=-=-=-=-=-=-=-=-=-=-=-=-=-=-=-=-=-=-=-=-=-=-=-=-=-=-= 
21:34:15.717 INFO  Void Music 2#3539, ready to serve [8] users in [3] servers 
21:34:15.717 INFO  -=-=-=-=-=-=-=-=-=-=-=-=-=-=-=-=-=-=-=-=-=-=-=-=-=-=-=-= 
21:34:15.965 INFO  Lavalink node: lavalink.oops.wtf has connected. 
21:38:15.972 ERROR Lavalink node: lavalink.oops.wtf has disconnect, reason: . 
21:39:36.209 INFO  1 language(s) have loaded. (en-US) 
21:39:36.687 INFO  MongoDB successfully connected 
21:39:36.923 INFO  Shard: 0 has became ready 
21:39:36.978 INFO  All guilds have been initialized 
21:39:37.030 INFO  Lavalink node: lavalink.kapes.eu has connected. 
21:39:37.092 INFO  -=-=-=-=-=-=-=-=-=-=-=-=-=-=-=-=-=-=-=-=-=-=-=-=-=-=-=-= 
21:39:37.092 INFO  Void Music 2#3539, ready to serve [8] users in [3] servers 
21:39:37.093 INFO  -=-=-=-=-=-=-=-=-=-=-=-=-=-=-=-=-=-=-=-=-=-=-=-=-=-=-=-= 
21:44:47.577 INFO  1 language(s) have loaded. (en-US) 
21:44:48.024 INFO  MongoDB successfully connected 
21:44:48.262 INFO  Shard: 0 has became ready 
21:44:48.317 INFO  All guilds have been initialized 
21:44:48.347 INFO  Lavalink node: 95.214.52.241 has connected. 
21:44:48.437 INFO  -=-=-=-=-=-=-=-=-=-=-=-=-=-=-=-=-=-=-=-=-=-=-=-=-=-=-=-= 
21:44:48.437 INFO  Void Music 2#3539, ready to serve [8] users in [3] servers 
21:44:48.437 INFO  -=-=-=-=-=-=-=-=-=-=-=-=-=-=-=-=-=-=-=-=-=-=-=-=-=-=-=-= 
21:46:58.779 INFO  1 language(s) have loaded. (en-US) 
21:46:59.563 INFO  Shard: 0 has became ready 
21:46:59.677 INFO  MongoDB successfully connected 
21:46:59.727 INFO  Lavalink node: 0.0.0.0 has connected. 
21:46:59.785 INFO  All guilds have been initialized 
21:46:59.899 INFO  -=-=-=-=-=-=-=-=-=-=-=-=-=-=-=-=-=-=-=-=-=-=-=-=-=-=-=-= 
21:46:59.900 INFO  Void Music 2#3539, ready to serve [8] users in [3] servers 
21:46:59.900 INFO  -=-=-=-=-=-=-=-=-=-=-=-=-=-=-=-=-=-=-=-=-=-=-=-=-=-=-=-= 
21:59:00.907 INFO  1 language(s) have loaded. (en-US) 
21:59:01.303 INFO  MongoDB successfully connected 
21:59:01.605 INFO  Shard: 0 has became ready 
21:59:01.649 INFO  All guilds have been initialized 
21:59:01.711 INFO  Lavalink node: 0.0.0.0 has connected. 
21:59:01.779 INFO  -=-=-=-=-=-=-=-=-=-=-=-=-=-=-=-=-=-=-=-=-=-=-=-=-=-=-=-= 
21:59:01.779 INFO  Void Music 2#3539, ready to serve [8] users in [3] servers 
21:59:01.780 INFO  -=-=-=-=-=-=-=-=-=-=-=-=-=-=-=-=-=-=-=-=-=-=-=-=-=-=-=-= 
22:12:31.877 INFO  1 language(s) have loaded. (en-US) 
22:12:32.366 INFO  MongoDB successfully connected 
22:12:32.597 INFO  Shard: 0 has became ready 
22:12:32.650 INFO  All guilds have been initialized 
22:12:32.731 INFO  Lavalink node: 0.0.0.0 has connected. 
22:12:32.767 INFO  -=-=-=-=-=-=-=-=-=-=-=-=-=-=-=-=-=-=-=-=-=-=-=-=-=-=-=-= 
22:12:32.767 INFO  Void Music 2#3539, ready to serve [9] users in [3] servers 
22:12:32.767 INFO  -=-=-=-=-=-=-=-=-=-=-=-=-=-=-=-=-=-=-=-=-=-=-=-=-=-=-=-= 
22:42:20.729 INFO  1 language(s) have loaded. (en-US) 
22:42:21.176 INFO  MongoDB successfully connected 
22:42:21.546 INFO  Shard: 0 has became ready 
22:42:21.601 INFO  All guilds have been initialized 
22:42:21.713 INFO  Lavalink node: 0.0.0.0 has connected. 
22:42:21.717 INFO  -=-=-=-=-=-=-=-=-=-=-=-=-=-=-=-=-=-=-=-=-=-=-=-=-=-=-=-= 
22:42:21.717 INFO  Void Music 2#3539, ready to serve [9] users in [3] servers 
22:42:21.718 INFO  -=-=-=-=-=-=-=-=-=-=-=-=-=-=-=-=-=-=-=-=-=-=-=-=-=-=-=-= 
23:02:15.694 INFO  1 language(s) have loaded. (en-US) 
23:02:16.140 INFO  MongoDB successfully connected 
23:02:16.449 INFO  Shard: 0 has became ready 
23:02:16.492 ERROR Lavalink node: 'lavalink.scpcl.site', has error: 'getaddrinfo ENOTFOUND lavalink.scpcl.site'. 
23:02:16.494 ERROR Lavalink node: lavalink.scpcl.site has disconnect, reason: . 
23:02:16.527 INFO  All guilds have been initialized 
23:02:16.645 INFO  -=-=-=-=-=-=-=-=-=-=-=-=-=-=-=-=-=-=-=-=-=-=-=-=-=-=-=-= 
23:02:16.645 INFO  Void Music 2#3539, ready to serve [9] users in [3] servers 
23:02:16.645 INFO  -=-=-=-=-=-=-=-=-=-=-=-=-=-=-=-=-=-=-=-=-=-=-=-=-=-=-=-= 
