21:17:34.832 INFO  =-=-=-=-=-=-=- Loading shard(s) -=-=-=-=-=-=-= 
21:17:36.491 INFO  =-=-=-=-=-=-=- Loading commands -=-=-=-=-=-=-= 
21:17:36.542 INFO  Loading Command: ban. 
21:17:36.554 INFO  Loading Command: prefix. 
21:17:36.569 INFO  Loading Command: setup. 
21:17:36.590 INFO  Loading Command: test. 
21:17:36.607 INFO  Loading Command: unban. 
21:17:36.611 INFO  Loading Command: about. 
21:17:36.613 INFO  Loading Command: invite. 
21:17:36.643 INFO  Loading Command: shorturl. 
21:17:36.645 INFO  Loading Command: status. 
21:17:36.646 INFO  Loading Command: support. 
21:17:36.648 INFO  Loading Command: uptime. 
21:17:36.651 INFO  Loading Command: 247. 
21:17:36.653 INFO  Loading Command: back. 
21:17:36.654 INFO  Loading Command: bassboost. 
21:17:36.656 INFO  Loading Command: dc. 
21:17:36.658 INFO  Loading Command: fast-forward. 
21:17:36.659 INFO  Loading Command: join. 
21:17:36.661 INFO  Loading Command: loop. 
21:17:37.063 INFO  Loading Command: lyrics12. 
21:17:37.065 INFO  Loading Command: move. 
21:17:37.081 INFO  Loading Command: nightcore. 
21:17:37.108 INFO  Loading Command: np. 
21:17:37.111 INFO  Loading Command: p-add. 
21:17:37.114 INFO  Loading Command: p-create. 
21:17:37.116 INFO  Loading Command: p-delete. 
21:17:37.220 INFO  Loading Command: p-load. 
21:17:37.222 INFO  Loading Command: p-remove. 
21:17:37.225 INFO  Loading Command: p-view. 
21:17:37.226 INFO  Loading Command: pause. 
21:17:37.229 INFO  Loading Command: pitch. 
21:17:37.239 INFO  Loading Command: play12. 
21:17:37.241 INFO  Loading Command: previous. 
21:17:37.243 INFO  Loading Command: queue12. 
21:17:37.282 INFO  Loading Command: radio. 
21:17:37.284 INFO  Loading Command: remove. 
21:17:37.285 INFO  Loading Command: resume. 
21:17:37.288 INFO  Loading Command: rewind. 
21:17:37.290 INFO  Loading Command: search. 
21:17:37.293 INFO  Loading Command: seek. 
21:17:37.295 INFO  Loading Command: shuffle. 
21:17:37.297 INFO  Loading Command: skip. 
21:17:37.299 INFO  Loading Command: speed. 
21:17:37.304 INFO  Loading Command: vaporwave. 
21:17:37.306 INFO  Loading Command: volume. 
21:17:37.309 INFO  =-=-=-=-=-=-=- Loading events -=-=-=-=-=-=-= 
21:17:38.473 INFO  Loading Command: docs. 
21:17:38.475 INFO  Loading Command: eval. 
21:17:38.477 INFO  Loading Command: lavalink. 
21:17:38.479 INFO  Loading Command: node. 
21:17:38.481 INFO  Loading Command: reload. 
21:17:38.483 INFO  Loading Command: shutdown. 
21:17:38.484 INFO  Loading Command: suggestion. 
21:17:38.488 INFO  Loading Command: user. 
21:17:38.507 INFO  Loading Command: help. 
21:17:38.542 INFO  Loading Command: lyrics. 
21:17:38.562 INFO  Loading Command: ping. 
21:17:38.591 INFO  Loading Command: play. 
21:17:38.607 INFO  Loading Command: playlists. 
21:17:38.623 INFO  Loading Command: premiumstatus. 
21:17:38.638 INFO  Loading Command: queue. 
21:17:38.656 INFO  Loading Event: channelDelete 
21:17:38.667 INFO  Loading Event: messageReactionAdd 
21:17:38.681 INFO  Loading Event: voiceStateUpdate 
21:17:38.684 INFO  Loading Event: shardDisconnect 
21:17:38.685 INFO  Loading Event: shardError 
21:17:38.686 INFO  Loading Event: shardReady 
21:17:38.687 INFO  Loading Event: shardReconnecting 
21:17:38.689 INFO  Loading Event: debug 
21:17:38.691 INFO  Loading Event: error 
21:17:38.694 INFO  Loading Event: guildCreate 
21:17:38.696 INFO  Loading Event: guildDelete 
21:17:38.698 INFO  Loading Event: guildUnavailable 
21:17:38.699 INFO  Loading Event: interactionCreate 
21:17:38.725 INFO  Loading Event: messageCreate 
21:17:38.726 INFO  Loading Event: rateLimit 
21:17:38.728 INFO  Loading Event: raw 
21:17:38.730 INFO  Loading Event: ready 
21:17:38.731 INFO  Loading Event: warn 
21:17:38.732 INFO  Loading Event: clickButton 
21:17:38.735 INFO  Loading Event: slashCreate 
21:17:38.993 INFO  MongoDB successfully connected 
21:17:39.449 INFO  Shard: 0 has became ready with: 0 unavailable guilds. 
21:17:39.475 INFO  =-=-=-=-=-=-=- Loading Guild Specific Interaction(s) -=-=-=-=-=-=-= 
21:17:39.609 INFO  All guilds have been initialized. 
21:17:39.609 INFO  -=-=-=-=-=-=-=-=-=-=-=-=-=-=-=-=-=-=-=-=-=-=-=-=-=-=-=-= 
21:17:39.610 INFO  Moody 2#6662, ready to serve [3] users in [3] servers. 
21:17:39.611 INFO  -=-=-=-=-=-=-=-=-=-=-=-=-=-=-=-=-=-=-=-=-=-=-=-=-=-=-=-= 
21:17:39.687 INFO  Lavalink node: 0.0.0.0 has connected. 
21:17:39.701 INFO  Loaded Interactions for guild: Friends 
21:17:39.781 INFO  Loaded Interactions for guild: TEST 
21:17:39.812 INFO  Loaded Interactions for guild: Moody 
21:17:47.482 INFO  Lavalink player created in guild: 709832515577184287. 
21:18:20.710 INFO  Track error: Something broke when playing the track. in guild: 709832515577184287. 
21:45:46.731 INFO  Lavalink player destroyed in guild: 709832515577184287. 
21:47:40.328 INFO  =-=-=-=-=-=-=- Loading shard(s) -=-=-=-=-=-=-= 
21:47:41.485 INFO  =-=-=-=-=-=-=- Loading commands -=-=-=-=-=-=-= 
21:47:41.500 INFO  Loading Command: help. 
21:47:41.637 INFO  Loading Command: lyrics. 
21:47:41.639 INFO  Loading Command: ping. 
21:47:41.641 INFO  Loading Command: play. 
21:47:41.642 INFO  Loading Command: playlists. 
21:47:41.644 INFO  Loading Command: premiumstatus. 
21:47:41.646 INFO  Loading Command: queue. 
21:47:41.651 INFO  Loading Command: ban. 
21:47:41.653 INFO  Loading Command: prefix. 
21:47:41.654 INFO  Loading Command: setup. 
21:47:41.656 INFO  Loading Command: test. 
21:47:41.658 INFO  Loading Command: unban. 
21:47:41.660 INFO  Loading Command: docs. 
21:47:41.661 INFO  Loading Command: eval. 
21:47:41.662 INFO  Loading Command: lavalink. 
21:47:41.676 INFO  Loading Command: node. 
21:47:41.678 INFO  Loading Command: reload. 
21:47:41.679 INFO  Loading Command: shutdown. 
21:47:41.680 INFO  Loading Command: suggestion. 
21:47:41.682 INFO  Loading Command: user. 
21:47:41.683 INFO  =-=-=-=-=-=-=- Loading events -=-=-=-=-=-=-= 
21:47:41.882 INFO  Loading Command: about. 
21:47:41.883 INFO  Loading Command: invite. 
21:47:41.886 INFO  Loading Command: shorturl. 
21:47:41.888 INFO  Loading Command: status. 
21:47:41.889 INFO  Loading Command: support. 
21:47:41.890 INFO  Loading Command: uptime. 
21:47:41.892 INFO  Loading Command: 247. 
21:47:41.893 INFO  Loading Command: back. 
21:47:41.895 INFO  Loading Command: bassboost. 
21:47:41.896 INFO  Loading Command: dc. 
21:47:41.898 INFO  Loading Command: fast-forward. 
21:47:41.900 INFO  Loading Command: join. 
21:47:41.901 INFO  Loading Command: loop. 
21:47:41.906 INFO  Loading Command: lyrics12. 
21:47:41.908 INFO  Loading Command: move. 
21:47:41.909 INFO  Loading Command: nightcore. 
21:47:41.912 INFO  Loading Command: np. 
21:47:41.914 INFO  Loading Command: p-add. 
21:47:41.915 INFO  Loading Command: p-create. 
21:47:41.916 INFO  Loading Command: p-delete. 
21:47:41.919 INFO  Loading Command: p-load. 
21:47:41.921 INFO  Loading Command: p-remove. 
21:47:41.922 INFO  Loading Command: p-view. 
21:47:41.923 INFO  Loading Command: pause. 
21:47:41.925 INFO  Loading Command: pitch. 
21:47:41.926 INFO  Loading Command: play12. 
21:47:41.928 INFO  Loading Command: previous. 
21:47:41.929 INFO  Loading Command: queue12. 
21:47:41.940 INFO  Loading Command: radio. 
21:47:41.942 INFO  Loading Command: remove. 
21:47:41.943 INFO  Loading Command: resume. 
21:47:41.944 INFO  Loading Command: rewind. 
21:47:41.946 INFO  Loading Command: search. 
21:47:41.948 INFO  Loading Command: seek. 
21:47:41.949 INFO  Loading Command: shuffle. 
21:47:41.950 INFO  Loading Command: skip. 
21:47:41.951 INFO  Loading Command: speed. 
21:47:41.953 INFO  Loading Command: vaporwave. 
21:47:41.954 INFO  Loading Command: volume. 
21:47:41.961 INFO  Loading Event: debug 
21:47:41.962 INFO  Loading Event: error 
21:47:41.964 INFO  Loading Event: guildCreate 
21:47:41.966 INFO  Loading Event: guildDelete 
21:47:41.968 INFO  Loading Event: guildUnavailable 
21:47:41.969 INFO  Loading Event: interactionCreate 
21:47:41.973 INFO  Loading Event: messageCreate 
21:47:41.974 INFO  Loading Event: rateLimit 
21:47:41.975 INFO  Loading Event: raw 
21:47:41.977 INFO  Loading Event: ready 
21:47:41.979 INFO  Loading Event: warn 
21:47:41.981 INFO  Loading Event: clickButton 
21:47:41.983 INFO  Loading Event: slashCreate 
21:47:41.985 INFO  Loading Event: shardDisconnect 
21:47:41.986 INFO  Loading Event: shardError 
21:47:41.988 INFO  Loading Event: shardReady 
21:47:41.989 INFO  Loading Event: shardReconnecting 
21:47:41.991 INFO  Loading Event: channelDelete 
21:47:41.994 INFO  Loading Event: messageReactionAdd 
21:47:41.996 INFO  Loading Event: voiceStateUpdate 
21:47:42.325 INFO  MongoDB successfully connected 
21:47:42.576 INFO  Shard: 0 has became ready with: 0 unavailable guilds. 
21:47:42.582 INFO  =-=-=-=-=-=-=- Loading Guild Specific Interaction(s) -=-=-=-=-=-=-= 
21:47:42.709 INFO  All guilds have been initialized. 
21:47:42.709 INFO  -=-=-=-=-=-=-=-=-=-=-=-=-=-=-=-=-=-=-=-=-=-=-=-=-=-=-=-= 
21:47:42.710 INFO  Moody 2#6662, ready to serve [3] users in [3] servers. 
21:47:42.711 INFO  -=-=-=-=-=-=-=-=-=-=-=-=-=-=-=-=-=-=-=-=-=-=-=-=-=-=-=-= 
21:47:42.884 INFO  Loaded Interactions for guild: Friends 
21:47:42.886 INFO  Loaded Interactions for guild: Moody 
21:47:42.886 INFO  Loaded Interactions for guild: TEST 
21:47:57.279 ERROR  
21:47:57.281 ERROR Unhandled promise rejection: Cannot read property 'state' of undefined. 
21:48:11.871 INFO  =-=-=-=-=-=-=- Loading shard(s) -=-=-=-=-=-=-= 
21:48:12.971 INFO  =-=-=-=-=-=-=- Loading commands -=-=-=-=-=-=-= 
21:48:12.984 INFO  Loading Command: ban. 
21:48:12.985 INFO  Loading Command: prefix. 
21:48:12.987 INFO  Loading Command: setup. 
21:48:12.989 INFO  Loading Command: test. 
21:48:12.991 INFO  Loading Command: unban. 
21:48:13.024 INFO  Loading Command: docs. 
21:48:13.026 INFO  Loading Command: eval. 
21:48:13.027 INFO  Loading Command: lavalink. 
21:48:13.043 INFO  Loading Command: node. 
21:48:13.045 INFO  Loading Command: reload. 
21:48:13.046 INFO  Loading Command: shutdown. 
21:48:13.047 INFO  Loading Command: suggestion. 
21:48:13.050 INFO  Loading Command: user. 
21:48:13.053 INFO  Loading Command: help. 
21:48:13.154 INFO  Loading Command: lyrics. 
21:48:13.156 INFO  Loading Command: ping. 
21:48:13.158 INFO  Loading Command: play. 
21:48:13.160 INFO  Loading Command: playlists. 
21:48:13.161 INFO  Loading Command: premiumstatus. 
21:48:13.163 INFO  Loading Command: queue. 
21:48:13.166 INFO  Loading Command: about. 
21:48:13.167 INFO  Loading Command: invite. 
21:48:13.170 INFO  Loading Command: shorturl. 
21:48:13.171 INFO  Loading Command: status. 
21:48:13.172 INFO  Loading Command: support. 
21:48:13.173 INFO  Loading Command: uptime. 
21:48:13.176 INFO  Loading Command: 247. 
21:48:13.178 INFO  Loading Command: back. 
21:48:13.180 INFO  Loading Command: bassboost. 
21:48:13.181 INFO  Loading Command: dc. 
21:48:13.182 INFO  Loading Command: fast-forward. 
21:48:13.183 INFO  Loading Command: join. 
21:48:13.184 INFO  Loading Command: loop. 
21:48:13.189 INFO  Loading Command: lyrics12. 
21:48:13.190 INFO  Loading Command: move. 
21:48:13.192 INFO  Loading Command: nightcore. 
21:48:13.194 INFO  Loading Command: np. 
21:48:13.196 INFO  Loading Command: p-add. 
21:48:13.198 INFO  Loading Command: p-create. 
21:48:13.199 INFO  Loading Command: p-delete. 
21:48:13.201 INFO  Loading Command: p-load. 
21:48:13.202 INFO  Loading Command: p-remove. 
21:48:13.204 INFO  Loading Command: p-view. 
21:48:13.205 INFO  Loading Command: pause. 
21:48:13.208 INFO  Loading Command: pitch. 
21:48:13.210 INFO  Loading Command: play12. 
21:48:13.211 INFO  Loading Command: previous. 
21:48:13.212 INFO  Loading Command: queue12. 
21:48:13.219 INFO  Loading Command: radio. 
21:48:13.221 INFO  Loading Command: remove. 
21:48:13.222 INFO  Loading Command: resume. 
21:48:13.224 INFO  Loading Command: rewind. 
21:48:13.225 INFO  Loading Command: search. 
21:48:13.227 INFO  Loading Command: seek. 
21:48:13.229 INFO  Loading Command: shuffle. 
21:48:13.230 INFO  Loading Command: skip. 
21:48:13.231 INFO  Loading Command: speed. 
21:48:13.232 INFO  Loading Command: vaporwave. 
21:48:13.233 INFO  Loading Command: volume. 
21:48:13.235 INFO  =-=-=-=-=-=-=- Loading events -=-=-=-=-=-=-= 
21:48:13.429 INFO  Loading Event: clickButton 
21:48:13.432 INFO  Loading Event: slashCreate 
21:48:13.434 INFO  Loading Event: debug 
21:48:13.435 INFO  Loading Event: error 
21:48:13.437 INFO  Loading Event: guildCreate 
21:48:13.439 INFO  Loading Event: guildDelete 
21:48:13.441 INFO  Loading Event: guildUnavailable 
21:48:13.442 INFO  Loading Event: interactionCreate 
21:48:13.446 INFO  Loading Event: messageCreate 
21:48:13.447 INFO  Loading Event: rateLimit 
21:48:13.448 INFO  Loading Event: raw 
21:48:13.449 INFO  Loading Event: ready 
21:48:13.451 INFO  Loading Event: warn 
21:48:13.453 INFO  Loading Event: channelDelete 
21:48:13.454 INFO  Loading Event: messageReactionAdd 
21:48:13.457 INFO  Loading Event: voiceStateUpdate 
21:48:13.459 INFO  Loading Event: shardDisconnect 
21:48:13.460 INFO  Loading Event: shardError 
21:48:13.461 INFO  Loading Event: shardReady 
21:48:13.462 INFO  Loading Event: shardReconnecting 
21:48:13.727 INFO  MongoDB successfully connected 
21:48:14.156 INFO  Shard: 0 has became ready with: 0 unavailable guilds. 
21:48:14.162 INFO  =-=-=-=-=-=-=- Loading Guild Specific Interaction(s) -=-=-=-=-=-=-= 
21:48:14.278 INFO  All guilds have been initialized. 
21:48:14.279 INFO  -=-=-=-=-=-=-=-=-=-=-=-=-=-=-=-=-=-=-=-=-=-=-=-=-=-=-=-= 
21:48:14.281 INFO  Moody 2#6662, ready to serve [3] users in [3] servers. 
21:48:14.281 INFO  -=-=-=-=-=-=-=-=-=-=-=-=-=-=-=-=-=-=-=-=-=-=-=-=-=-=-=-= 
21:48:14.370 INFO  Loaded Interactions for guild: Friends 
21:48:14.469 INFO  Loaded Interactions for guild: TEST 
21:48:14.506 INFO  Loaded Interactions for guild: Moody 
21:48:16.373 ERROR  
21:48:16.374 ERROR Unhandled promise rejection: Cannot read property 'state' of undefined. 
21:48:42.191 INFO  =-=-=-=-=-=-=- Loading shard(s) -=-=-=-=-=-=-= 
21:48:43.262 INFO  =-=-=-=-=-=-=- Loading commands -=-=-=-=-=-=-= 
21:48:43.274 INFO  Loading Command: ban. 
21:48:43.276 INFO  Loading Command: prefix. 
21:48:43.278 INFO  Loading Command: setup. 
21:48:43.280 INFO  Loading Command: test. 
21:48:43.282 INFO  Loading Command: unban. 
21:48:43.285 INFO  Loading Command: help. 
21:48:43.410 INFO  Loading Command: lyrics. 
21:48:43.412 INFO  Loading Command: ping. 
21:48:43.414 INFO  Loading Command: play. 
21:48:43.416 INFO  Loading Command: playlists. 
21:48:43.418 INFO  Loading Command: premiumstatus. 
21:48:43.420 INFO  Loading Command: queue. 
21:48:43.423 INFO  Loading Command: docs. 
21:48:43.424 INFO  Loading Command: eval. 
21:48:43.426 INFO  Loading Command: lavalink. 
21:48:43.439 INFO  Loading Command: node. 
21:48:43.441 INFO  Loading Command: reload. 
21:48:43.442 INFO  Loading Command: shutdown. 
21:48:43.443 INFO  Loading Command: suggestion. 
21:48:43.445 INFO  Loading Command: user. 
21:48:43.446 INFO  =-=-=-=-=-=-=- Loading events -=-=-=-=-=-=-= 
21:48:43.639 INFO  Loading Command: about. 
21:48:43.641 INFO  Loading Command: invite. 
21:48:43.643 INFO  Loading Command: shorturl. 
21:48:43.644 INFO  Loading Command: status. 
21:48:43.645 INFO  Loading Command: support. 
21:48:43.647 INFO  Loading Command: uptime. 
21:48:43.649 INFO  Loading Command: 247. 
21:48:43.650 INFO  Loading Command: back. 
21:48:43.652 INFO  Loading Command: bassboost. 
21:48:43.653 INFO  Loading Command: dc. 
21:48:43.654 INFO  Loading Command: fast-forward. 
21:48:43.655 INFO  Loading Command: join. 
21:48:43.657 INFO  Loading Command: loop. 
21:48:43.664 INFO  Loading Command: lyrics12. 
21:48:43.665 INFO  Loading Command: move. 
21:48:43.667 INFO  Loading Command: nightcore. 
21:48:43.669 INFO  Loading Command: np. 
21:48:43.671 INFO  Loading Command: p-add. 
21:48:43.673 INFO  Loading Command: p-create. 
21:48:43.674 INFO  Loading Command: p-delete. 
21:48:43.676 INFO  Loading Command: p-load. 
21:48:43.677 INFO  Loading Command: p-remove. 
21:48:43.679 INFO  Loading Command: p-view. 
21:48:43.680 INFO  Loading Command: pause. 
21:48:43.682 INFO  Loading Command: pitch. 
21:48:43.683 INFO  Loading Command: play12. 
21:48:43.684 INFO  Loading Command: previous. 
21:48:43.685 INFO  Loading Command: queue12. 
21:48:43.695 INFO  Loading Command: radio. 
21:48:43.697 INFO  Loading Command: remove. 
21:48:43.698 INFO  Loading Command: resume. 
21:48:43.699 INFO  Loading Command: rewind. 
21:48:43.700 INFO  Loading Command: search. 
21:48:43.702 INFO  Loading Command: seek. 
21:48:43.704 INFO  Loading Command: shuffle. 
21:48:43.705 INFO  Loading Command: skip. 
21:48:43.707 INFO  Loading Command: speed. 
21:48:43.708 INFO  Loading Command: vaporwave. 
21:48:43.710 INFO  Loading Command: volume. 
21:48:43.715 INFO  Loading Event: debug 
21:48:43.716 INFO  Loading Event: error 
21:48:43.719 INFO  Loading Event: guildCreate 
21:48:43.721 INFO  Loading Event: guildDelete 
21:48:43.722 INFO  Loading Event: guildUnavailable 
21:48:43.723 INFO  Loading Event: interactionCreate 
21:48:43.727 INFO  Loading Event: messageCreate 
21:48:43.729 INFO  Loading Event: rateLimit 
21:48:43.730 INFO  Loading Event: raw 
21:48:43.731 INFO  Loading Event: ready 
21:48:43.732 INFO  Loading Event: warn 
21:48:43.734 INFO  Loading Event: clickButton 
21:48:43.736 INFO  Loading Event: slashCreate 
21:48:43.739 INFO  Loading Event: shardDisconnect 
21:48:43.740 INFO  Loading Event: shardError 
21:48:43.741 INFO  Loading Event: shardReady 
21:48:43.742 INFO  Loading Event: shardReconnecting 
21:48:43.745 INFO  Loading Event: channelDelete 
21:48:43.747 INFO  Loading Event: messageReactionAdd 
21:48:43.749 INFO  Loading Event: voiceStateUpdate 
21:48:43.980 INFO  MongoDB successfully connected 
21:48:44.370 INFO  Shard: 0 has became ready with: 0 unavailable guilds. 
21:48:44.375 INFO  =-=-=-=-=-=-=- Loading Guild Specific Interaction(s) -=-=-=-=-=-=-= 
21:48:44.476 INFO  All guilds have been initialized. 
21:48:44.476 INFO  -=-=-=-=-=-=-=-=-=-=-=-=-=-=-=-=-=-=-=-=-=-=-=-=-=-=-=-= 
21:48:44.478 INFO  Moody 2#6662, ready to serve [3] users in [3] servers. 
21:48:44.479 INFO  -=-=-=-=-=-=-=-=-=-=-=-=-=-=-=-=-=-=-=-=-=-=-=-=-=-=-=-= 
21:48:44.516 INFO  Lavalink node: 0.0.0.0 has connected. 
21:48:44.578 INFO  Loaded Interactions for guild: Friends 
21:48:44.642 INFO  Loaded Interactions for guild: Moody 
21:48:44.681 INFO  Loaded Interactions for guild: TEST 
21:48:55.073 INFO  Lavalink player created in guild: 709832515577184287. 
21:48:55.167 INFO  Track Loaded: I Don't Dance (Without You) [with Enrique Iglesias] 
21:49:00.650 INFO  Track Loaded: Sunday Morning (feat. Josie Dunne) 
22:36:17.199 INFO  Track error: Something broke when playing the track. in guild: 709832515577184287. 
22:36:22.336 INFO  Track error: Something broke when playing the track. in guild: 709832515577184287. 
23:40:43.481 INFO  Track error: Something broke when playing the track. in guild: 709832515577184287. 


