20:16:42.319 INFO  MongoDB successfully connected 
20:16:42.735 INFO  Shard: 0 has became ready 
20:16:42.792 INFO  All guilds have been initialized. 
20:16:42.792 INFO  -=-=-=-=-=-=-=-=-=-=-=-=-=-=-=-=-=-=-=-=-=-=-=-=-=-=-=-= 
20:16:42.793 INFO  Void Music 2#3539, ready to serve [1] users in [2] servers. 
20:16:42.793 INFO  -=-=-=-=-=-=-=-=-=-=-=-=-=-=-=-=-=-=-=-=-=-=-=-=-=-=-=-= 
20:16:43.243 INFO  Lavalink node: losingtime.dpaste.org has connected. 
20:18:40.945 INFO  MongoDB successfully connected 
20:18:41.295 INFO  Shard: 0 has became ready 
20:18:41.344 INFO  All guilds have been initialized. 
20:18:41.345 INFO  -=-=-=-=-=-=-=-=-=-=-=-=-=-=-=-=-=-=-=-=-=-=-=-=-=-=-=-= 
20:18:41.345 INFO  Void Music 2#3539, ready to serve [1] users in [3] servers. 
20:18:41.345 INFO  -=-=-=-=-=-=-=-=-=-=-=-=-=-=-=-=-=-=-=-=-=-=-=-=-=-=-=-= 
20:18:41.720 INFO  Lavalink node: losingtime.dpaste.org has connected. 
21:23:36.352 INFO  MongoDB successfully connected 
21:23:36.820 INFO  Shard: 0 has became ready 
21:23:36.860 INFO  All guilds have been initialized. 
21:23:36.861 INFO  -=-=-=-=-=-=-=-=-=-=-=-=-=-=-=-=-=-=-=-=-=-=-=-=-=-=-=-= 
21:23:36.861 INFO  Void Music 2#3539, ready to serve [4] users in [3] servers. 
21:23:36.861 INFO  -=-=-=-=-=-=-=-=-=-=-=-=-=-=-=-=-=-=-=-=-=-=-=-=-=-=-=-= 
21:23:37.217 INFO  Lavalink node: losingtime.dpaste.org has connected. 
21:24:04.032 INFO  MongoDB successfully connected 
21:24:04.502 INFO  Shard: 0 has became ready 
21:24:04.553 INFO  All guilds have been initialized. 
21:24:04.553 INFO  -=-=-=-=-=-=-=-=-=-=-=-=-=-=-=-=-=-=-=-=-=-=-=-=-=-=-=-= 
21:24:04.553 INFO  Void Music 2#3539, ready to serve [4] users in [3] servers. 
21:24:04.553 INFO  -=-=-=-=-=-=-=-=-=-=-=-=-=-=-=-=-=-=-=-=-=-=-=-=-=-=-=-= 
21:24:04.905 INFO  Lavalink node: losingtime.dpaste.org has connected. 
21:24:31.973 ERROR Unhandled promise rejection: paginate is not defined. 
21:24:57.492 INFO  MongoDB successfully connected 
21:24:57.943 INFO  Shard: 0 has became ready 
21:24:57.990 INFO  All guilds have been initialized. 
21:24:57.990 INFO  -=-=-=-=-=-=-=-=-=-=-=-=-=-=-=-=-=-=-=-=-=-=-=-=-=-=-=-= 
21:24:57.991 INFO  Void Music 2#3539, ready to serve [5] users in [3] servers. 
21:24:57.991 INFO  -=-=-=-=-=-=-=-=-=-=-=-=-=-=-=-=-=-=-=-=-=-=-=-=-=-=-=-= 
21:24:58.226 INFO  Lavalink node: losingtime.dpaste.org has connected. 
21:25:29.094 ERROR Unhandled promise rejection: Unknown Message. 
21:25:46.104 ERROR Unhandled promise rejection: Unknown Message. 
21:26:42.397 ERROR Unhandled promise rejection: Cannot send an empty message. 
21:27:30.619 INFO  MongoDB successfully connected 
21:27:30.965 INFO  Shard: 0 has became ready 
21:27:31.013 INFO  All guilds have been initialized. 
21:27:31.013 INFO  -=-=-=-=-=-=-=-=-=-=-=-=-=-=-=-=-=-=-=-=-=-=-=-=-=-=-=-= 
21:27:31.013 INFO  Void Music 2#3539, ready to serve [4] users in [3] servers. 
21:27:31.013 INFO  -=-=-=-=-=-=-=-=-=-=-=-=-=-=-=-=-=-=-=-=-=-=-=-=-=-=-=-= 
21:27:31.247 INFO  Lavalink node: losingtime.dpaste.org has connected. 
21:32:12.328 INFO  MongoDB successfully connected 
21:32:12.663 INFO  Shard: 0 has became ready 
21:32:12.707 INFO  All guilds have been initialized. 
21:32:12.707 INFO  -=-=-=-=-=-=-=-=-=-=-=-=-=-=-=-=-=-=-=-=-=-=-=-=-=-=-=-= 
21:32:12.707 INFO  Void Music 2#3539, ready to serve [4] users in [3] servers. 
21:32:12.708 INFO  -=-=-=-=-=-=-=-=-=-=-=-=-=-=-=-=-=-=-=-=-=-=-=-=-=-=-=-= 
21:32:13.079 INFO  Lavalink node: losingtime.dpaste.org has connected. 
21:58:41.830 ERROR Unhandled promise rejection: Unknown Message. 
21:58:42.270 ERROR Unhandled promise rejection: Unknown Message. 
21:59:27.629 ERROR Unhandled promise rejection: Cannot send an empty message. 
22:35:08.035 INFO  MongoDB successfully connected 
22:35:08.684 INFO  Shard: 0 has became ready 
22:35:08.745 INFO  All guilds have been initialized. 
22:35:08.746 INFO  -=-=-=-=-=-=-=-=-=-=-=-=-=-=-=-=-=-=-=-=-=-=-=-=-=-=-=-= 
22:35:08.746 INFO  Void Music 2#3539, ready to serve [5] users in [3] servers. 
22:35:08.746 INFO  -=-=-=-=-=-=-=-=-=-=-=-=-=-=-=-=-=-=-=-=-=-=-=-=-=-=-=-= 
22:35:09.023 INFO  Lavalink node: losingtime.dpaste.org has connected. 

