01:26:35.514 INFO  MongoDB successfully connected 
01:26:36.005 INFO  Shard: 0 has became ready 
01:26:36.057 INFO  All guilds have been initialized 
01:26:36.168 INFO  -=-=-=-=-=-=-=-=-=-=-=-=-=-=-=-=-=-=-=-=-=-=-=-=-=-=-=-= 
01:26:36.168 INFO  Void Music 2#3539, ready to serve [6] users in [3] servers 
01:26:36.168 INFO  -=-=-=-=-=-=-=-=-=-=-=-=-=-=-=-=-=-=-=-=-=-=-=-=-=-=-=-= 
01:26:36.380 INFO  Lavalink node: lavalink.jayden.sh has connected. 
01:29:31.387 ERROR Lavalink node: lavalink.jayden.sh has disconnect, reason: unspecified. 
01:30:01.789 INFO  Lavalink node: lavalink.jayden.sh has connected. 
01:30:56.804 ERROR Lavalink node: lavalink.jayden.sh has disconnect, reason: unspecified. 
01:31:27.210 INFO  Lavalink node: lavalink.jayden.sh has connected. 
01:53:51.986 INFO  MongoDB successfully connected 
01:53:52.530 INFO  Shard: 0 has became ready 
01:53:52.597 INFO  All guilds have been initialized 
01:53:52.700 ERROR Lavalink node: 'lava.link', has error: 'write EPROTO A0360000:error:0A00010B:SSL routines:ssl3_get_record:wrong version number:c:\ws\deps\openssl\openssl\ssl\record\ssl3_record.c:355:
'. 
01:53:52.701 ERROR Lavalink node: lava.link has disconnect, reason: unspecified. 
01:53:52.715 INFO  -=-=-=-=-=-=-=-=-=-=-=-=-=-=-=-=-=-=-=-=-=-=-=-=-=-=-=-= 
01:53:52.716 INFO  Void Music 2#3539, ready to serve [6] users in [3] servers 
01:53:52.716 INFO  -=-=-=-=-=-=-=-=-=-=-=-=-=-=-=-=-=-=-=-=-=-=-=-=-=-=-=-= 
01:54:07.868 INFO  MongoDB successfully connected 
01:54:08.532 INFO  Shard: 0 has became ready 
01:54:08.591 INFO  All guilds have been initialized 
01:54:08.611 INFO  Lavalink node: lava.link has connected. 
01:54:08.714 INFO  -=-=-=-=-=-=-=-=-=-=-=-=-=-=-=-=-=-=-=-=-=-=-=-=-=-=-=-= 
01:54:08.715 INFO  Void Music 2#3539, ready to serve [6] users in [3] servers 
01:54:08.715 INFO  -=-=-=-=-=-=-=-=-=-=-=-=-=-=-=-=-=-=-=-=-=-=-=-=-=-=-=-= 
01:54:30.328 ERROR Unhandled promise rejection: Invalid Form Body
embeds[0].description: This field is required. 
01:56:14.561 ERROR Unhandled promise rejection: Invalid Form Body
embeds[0].description: This field is required. 
02:23:53.953 INFO  MongoDB successfully connected 
02:23:54.454 INFO  Shard: 0 has became ready 
02:23:54.497 INFO  All guilds have been initialized 
02:23:54.536 INFO  Lavalink node: lava.link has connected. 
02:23:54.607 INFO  -=-=-=-=-=-=-=-=-=-=-=-=-=-=-=-=-=-=-=-=-=-=-=-=-=-=-=-= 
02:23:54.608 INFO  Void Music 2#3539, ready to serve [5] users in [3] servers 
02:23:54.608 INFO  -=-=-=-=-=-=-=-=-=-=-=-=-=-=-=-=-=-=-=-=-=-=-=-=-=-=-=-= 
02:24:05.485 ERROR Unhandled promise rejection: Invalid Form Body
embeds[0].description: This field is required. 
02:25:50.603 INFO  MongoDB successfully connected 
02:25:50.996 INFO  Shard: 0 has became ready 
02:25:51.044 INFO  All guilds have been initialized 
02:25:51.059 INFO  Lavalink node: lava.link has connected. 
02:25:51.165 INFO  -=-=-=-=-=-=-=-=-=-=-=-=-=-=-=-=-=-=-=-=-=-=-=-=-=-=-=-= 
02:25:51.165 INFO  Void Music 2#3539, ready to serve [5] users in [3] servers 
02:25:51.166 INFO  -=-=-=-=-=-=-=-=-=-=-=-=-=-=-=-=-=-=-=-=-=-=-=-=-=-=-=-= 
02:26:05.205 ERROR Unhandled promise rejection: Invalid Form Body
embeds[0].description: This field is required. 
02:27:14.190 INFO  MongoDB successfully connected 
02:27:31.410 INFO  MongoDB successfully connected 
02:27:31.870 INFO  Shard: 0 has became ready 
02:27:31.916 INFO  All guilds have been initialized 
02:27:31.947 INFO  Lavalink node: lava.link has connected. 
02:27:32.028 INFO  -=-=-=-=-=-=-=-=-=-=-=-=-=-=-=-=-=-=-=-=-=-=-=-=-=-=-=-= 
02:27:32.029 INFO  Void Music 2#3539, ready to serve [5] users in [3] servers 
02:27:32.029 INFO  -=-=-=-=-=-=-=-=-=-=-=-=-=-=-=-=-=-=-=-=-=-=-=-=-=-=-=-= 
02:27:49.754 ERROR Unhandled promise rejection: Invalid Form Body
embeds[0].description: This field is required. 
02:28:30.435 INFO  MongoDB successfully connected 
02:28:30.959 INFO  Shard: 0 has became ready 
02:28:31.000 INFO  All guilds have been initialized 
02:28:31.046 INFO  Lavalink node: lava.link has connected. 
02:28:31.122 INFO  -=-=-=-=-=-=-=-=-=-=-=-=-=-=-=-=-=-=-=-=-=-=-=-=-=-=-=-= 
02:28:31.122 INFO  Void Music 2#3539, ready to serve [5] users in [3] servers 
02:28:31.123 INFO  -=-=-=-=-=-=-=-=-=-=-=-=-=-=-=-=-=-=-=-=-=-=-=-=-=-=-=-= 
02:29:21.082 INFO  MongoDB successfully connected 
02:29:21.460 INFO  Shard: 0 has became ready 
02:29:21.505 INFO  All guilds have been initialized 
02:29:21.635 INFO  Lavalink node: lava.link has connected. 
02:29:21.637 INFO  -=-=-=-=-=-=-=-=-=-=-=-=-=-=-=-=-=-=-=-=-=-=-=-=-=-=-=-= 
02:29:21.637 INFO  Void Music 2#3539, ready to serve [5] users in [3] servers 
02:29:21.637 INFO  -=-=-=-=-=-=-=-=-=-=-=-=-=-=-=-=-=-=-=-=-=-=-=-=-=-=-=-= 
02:30:05.358 INFO  MongoDB successfully connected 
02:30:05.819 INFO  Shard: 0 has became ready 
02:30:05.856 INFO  All guilds have been initialized 
02:30:05.889 INFO  Lavalink node: lava.link has connected. 
02:30:05.969 INFO  -=-=-=-=-=-=-=-=-=-=-=-=-=-=-=-=-=-=-=-=-=-=-=-=-=-=-=-= 
02:30:05.969 INFO  Void Music 2#3539, ready to serve [5] users in [3] servers 
02:30:05.969 INFO  -=-=-=-=-=-=-=-=-=-=-=-=-=-=-=-=-=-=-=-=-=-=-=-=-=-=-=-= 
02:32:02.574 INFO  MongoDB successfully connected 
02:32:02.997 INFO  Shard: 0 has became ready 
02:32:03.034 INFO  All guilds have been initialized 
02:32:03.077 INFO  Lavalink node: lava.link has connected. 
02:32:03.165 INFO  -=-=-=-=-=-=-=-=-=-=-=-=-=-=-=-=-=-=-=-=-=-=-=-=-=-=-=-= 
02:32:03.166 INFO  Void Music 2#3539, ready to serve [5] users in [3] servers 
02:32:03.166 INFO  -=-=-=-=-=-=-=-=-=-=-=-=-=-=-=-=-=-=-=-=-=-=-=-=-=-=-=-= 
02:32:11.501 ERROR Unhandled promise rejection: Invalid Form Body
embeds[0].description: This field is required. 
12:40:26.626 INFO  MongoDB successfully connected 
12:40:27.229 INFO  Shard: 0 has became ready 
12:40:27.281 INFO  All guilds have been initialized 
12:40:27.411 INFO  -=-=-=-=-=-=-=-=-=-=-=-=-=-=-=-=-=-=-=-=-=-=-=-=-=-=-=-= 
12:40:27.411 INFO  Void Music 2#3539, ready to serve [5] users in [3] servers 
12:40:27.411 INFO  -=-=-=-=-=-=-=-=-=-=-=-=-=-=-=-=-=-=-=-=-=-=-=-=-=-=-=-= 
12:40:27.521 INFO  Lavalink node: lava.link has connected. 
12:40:37.530 ERROR Unhandled promise rejection: Invalid Form Body
embeds[0].description: This field is required. 
12:41:02.089 INFO  MongoDB successfully connected 
12:41:02.485 INFO  Shard: 0 has became ready 
12:41:02.543 INFO  All guilds have been initialized 
12:41:02.578 INFO  Lavalink node: lava.link has connected. 
12:41:02.673 INFO  -=-=-=-=-=-=-=-=-=-=-=-=-=-=-=-=-=-=-=-=-=-=-=-=-=-=-=-= 
12:41:02.673 INFO  Void Music 2#3539, ready to serve [5] users in [3] servers 
12:41:02.673 INFO  -=-=-=-=-=-=-=-=-=-=-=-=-=-=-=-=-=-=-=-=-=-=-=-=-=-=-=-= 
12:41:09.189 ERROR Unhandled promise rejection: Invalid Form Body
embeds[0].description: This field is required. 
12:42:27.293 INFO  MongoDB successfully connected 
12:42:27.703 INFO  Shard: 0 has became ready 
12:42:27.747 INFO  All guilds have been initialized 
12:42:27.786 INFO  Lavalink node: lava.link has connected. 
12:42:27.871 INFO  -=-=-=-=-=-=-=-=-=-=-=-=-=-=-=-=-=-=-=-=-=-=-=-=-=-=-=-= 
12:42:27.871 INFO  Void Music 2#3539, ready to serve [5] users in [3] servers 
12:42:27.872 INFO  -=-=-=-=-=-=-=-=-=-=-=-=-=-=-=-=-=-=-=-=-=-=-=-=-=-=-=-= 
12:42:30.981 ERROR Unhandled promise rejection: The reply to this interaction has already been sent or deferred.. 
12:42:31.180 ERROR Unhandled promise rejection: Invalid Form Body
embeds[0].description: This field is required. 
12:49:51.546 INFO  MongoDB successfully connected 
12:49:51.994 INFO  Shard: 0 has became ready 
12:49:52.036 INFO  All guilds have been initialized 
12:49:52.116 INFO  Lavalink node: lava.link has connected. 
12:49:52.146 INFO  -=-=-=-=-=-=-=-=-=-=-=-=-=-=-=-=-=-=-=-=-=-=-=-=-=-=-=-= 
12:49:52.147 INFO  Void Music 2#3539, ready to serve [5] users in [3] servers 
12:49:52.147 INFO  -=-=-=-=-=-=-=-=-=-=-=-=-=-=-=-=-=-=-=-=-=-=-=-=-=-=-=-= 
12:49:58.395 ERROR Unhandled promise rejection: The reply to this interaction has already been sent or deferred.. 
12:49:58.615 ERROR Target user is not connected to voice.
{"name":"DiscordAPIError","message":"Target user is not connected to voice.","method":"patch","path":"/guilds/866666289178869770/members/945474723846950944","code":40032,"httpStatus":400,"requestData":{"json":{"deaf":true},"files":[]}}
DiscordAPIError: Target user is not connected to voice.
    at RequestHandler.execute (D:\Bots\Discord Bots\Void Music\Void Music 2\node_modules\discord.js\src\rest\RequestHandler.js:350:13)
    at processTicksAndRejections (node:internal/process/task_queues:96:5)
    at async RequestHandler.push (D:\Bots\Discord Bots\Void Music\Void Music 2\node_modules\discord.js\src\rest\RequestHandler.js:51:14)
    at async GuildMemberManager.edit (D:\Bots\Discord Bots\Void Music\Void Music 2\node_modules\discord.js\src\managers\GuildMemberManager.js:279:15) 
12:50:36.315 INFO  MongoDB successfully connected 
12:50:36.717 INFO  Shard: 0 has became ready 
12:50:36.767 INFO  All guilds have been initialized 
12:50:36.781 INFO  Lavalink node: lava.link has connected. 
12:50:36.885 INFO  -=-=-=-=-=-=-=-=-=-=-=-=-=-=-=-=-=-=-=-=-=-=-=-=-=-=-=-= 
12:50:36.885 INFO  Void Music 2#3539, ready to serve [5] users in [3] servers 
12:50:36.886 INFO  -=-=-=-=-=-=-=-=-=-=-=-=-=-=-=-=-=-=-=-=-=-=-=-=-=-=-=-= 
12:51:38.162 INFO  MongoDB successfully connected 
12:51:38.718 INFO  Shard: 0 has became ready 
12:51:38.777 INFO  All guilds have been initialized 
12:51:38.868 INFO  Lavalink node: 0.0.0.0 has connected. 
12:51:38.893 INFO  -=-=-=-=-=-=-=-=-=-=-=-=-=-=-=-=-=-=-=-=-=-=-=-=-=-=-=-= 
12:51:38.893 INFO  Void Music 2#3539, ready to serve [5] users in [3] servers 
12:51:38.894 INFO  -=-=-=-=-=-=-=-=-=-=-=-=-=-=-=-=-=-=-=-=-=-=-=-=-=-=-=-= 
12:54:06.252 INFO  MongoDB successfully connected 
12:54:06.763 INFO  Shard: 0 has became ready 
12:54:06.785 INFO  Lavalink node: 0.0.0.0 has connected. 
12:54:06.812 INFO  All guilds have been initialized 
12:54:06.934 INFO  -=-=-=-=-=-=-=-=-=-=-=-=-=-=-=-=-=-=-=-=-=-=-=-=-=-=-=-= 
12:54:06.934 INFO  Void Music 2#3539, ready to serve [5] users in [3] servers 
12:54:06.934 INFO  -=-=-=-=-=-=-=-=-=-=-=-=-=-=-=-=-=-=-=-=-=-=-=-=-=-=-=-= 
12:54:21.348 ERROR Unhandled promise rejection: results.reverse is not a function. 
12:55:02.816 INFO  MongoDB successfully connected 
12:55:03.177 INFO  Shard: 0 has became ready 
12:55:03.204 INFO  Lavalink node: 0.0.0.0 has connected. 
12:55:03.223 INFO  All guilds have been initialized 
12:55:03.348 INFO  -=-=-=-=-=-=-=-=-=-=-=-=-=-=-=-=-=-=-=-=-=-=-=-=-=-=-=-= 
12:55:03.348 INFO  Void Music 2#3539, ready to serve [5] users in [3] servers 
12:55:03.348 INFO  -=-=-=-=-=-=-=-=-=-=-=-=-=-=-=-=-=-=-=-=-=-=-=-=-=-=-=-= 
12:56:29.778 INFO  MongoDB successfully connected 
12:56:30.087 INFO  Shard: 0 has became ready 
12:56:30.112 INFO  Lavalink node: 0.0.0.0 has connected. 
12:56:30.138 INFO  All guilds have been initialized 
12:56:30.249 INFO  -=-=-=-=-=-=-=-=-=-=-=-=-=-=-=-=-=-=-=-=-=-=-=-=-=-=-=-= 
12:56:30.249 INFO  Void Music 2#3539, ready to serve [5] users in [3] servers 
12:56:30.249 INFO  -=-=-=-=-=-=-=-=-=-=-=-=-=-=-=-=-=-=-=-=-=-=-=-=-=-=-=-= 
13:00:10.586 INFO  MongoDB successfully connected 
13:00:10.874 INFO  Shard: 0 has became ready 
13:00:10.900 INFO  Lavalink node: 0.0.0.0 has connected. 
13:00:10.919 INFO  All guilds have been initialized 
13:00:11.040 INFO  -=-=-=-=-=-=-=-=-=-=-=-=-=-=-=-=-=-=-=-=-=-=-=-=-=-=-=-= 
13:00:11.040 INFO  Void Music 2#3539, ready to serve [5] users in [3] servers 
13:00:11.040 INFO  -=-=-=-=-=-=-=-=-=-=-=-=-=-=-=-=-=-=-=-=-=-=-=-=-=-=-=-= 
13:00:23.577 ERROR Unhandled promise rejection: y is not defined. 
13:18:26.907 INFO  MongoDB successfully connected 
13:18:27.320 INFO  Shard: 0 has became ready 
13:18:27.342 INFO  Lavalink node: 0.0.0.0 has connected. 
13:18:27.366 INFO  All guilds have been initialized 
13:18:27.499 INFO  -=-=-=-=-=-=-=-=-=-=-=-=-=-=-=-=-=-=-=-=-=-=-=-=-=-=-=-= 
13:18:27.499 INFO  Void Music 2#3539, ready to serve [5] users in [3] servers 
13:18:27.500 INFO  -=-=-=-=-=-=-=-=-=-=-=-=-=-=-=-=-=-=-=-=-=-=-=-=-=-=-=-= 
13:25:25.978 ERROR Unhandled promise rejection: Unknown Message. 
13:25:29.960 INFO  MongoDB successfully connected 
13:25:30.448 INFO  Shard: 0 has became ready 
13:25:30.478 INFO  Lavalink node: 0.0.0.0 has connected. 
13:25:30.497 INFO  All guilds have been initialized 
13:25:30.613 INFO  -=-=-=-=-=-=-=-=-=-=-=-=-=-=-=-=-=-=-=-=-=-=-=-=-=-=-=-= 
13:25:30.613 INFO  Void Music 2#3539, ready to serve [5] users in [3] servers 
13:25:30.613 INFO  -=-=-=-=-=-=-=-=-=-=-=-=-=-=-=-=-=-=-=-=-=-=-=-=-=-=-=-= 
13:25:45.922 ERROR Unhandled promise rejection: y is not defined. 
13:26:26.681 INFO  MongoDB successfully connected 
13:26:26.860 INFO  Shard: 0 has became ready 
13:26:26.883 INFO  Lavalink node: 0.0.0.0 has connected. 
13:26:26.980 INFO  All guilds have been initialized 
13:26:27.106 INFO  -=-=-=-=-=-=-=-=-=-=-=-=-=-=-=-=-=-=-=-=-=-=-=-=-=-=-=-= 
13:26:27.106 INFO  Void Music 2#3539, ready to serve [5] users in [3] servers 
13:26:27.107 INFO  -=-=-=-=-=-=-=-=-=-=-=-=-=-=-=-=-=-=-=-=-=-=-=-=-=-=-=-= 
13:27:10.361 INFO  MongoDB successfully connected 
13:27:10.809 INFO  Shard: 0 has became ready 
13:27:10.835 INFO  Lavalink node: 0.0.0.0 has connected. 
13:27:10.860 INFO  All guilds have been initialized 
13:27:10.976 INFO  -=-=-=-=-=-=-=-=-=-=-=-=-=-=-=-=-=-=-=-=-=-=-=-=-=-=-=-= 
13:27:10.976 INFO  Void Music 2#3539, ready to serve [5] users in [3] servers 
13:27:10.977 INFO  -=-=-=-=-=-=-=-=-=-=-=-=-=-=-=-=-=-=-=-=-=-=-=-=-=-=-=-= 
13:28:56.416 INFO  MongoDB successfully connected 
13:28:56.795 INFO  Shard: 0 has became ready 
13:28:56.819 INFO  Lavalink node: 0.0.0.0 has connected. 
13:28:56.841 INFO  All guilds have been initialized 
13:28:56.959 INFO  -=-=-=-=-=-=-=-=-=-=-=-=-=-=-=-=-=-=-=-=-=-=-=-=-=-=-=-= 
13:28:56.959 INFO  Void Music 2#3539, ready to serve [5] users in [3] servers 
13:28:56.959 INFO  -=-=-=-=-=-=-=-=-=-=-=-=-=-=-=-=-=-=-=-=-=-=-=-=-=-=-=-= 
13:32:49.661 INFO  MongoDB successfully connected 
13:32:49.967 INFO  Shard: 0 has became ready 
13:32:50.013 INFO  Lavalink node: 0.0.0.0 has connected. 
13:32:50.041 INFO  All guilds have been initialized 
13:32:50.166 INFO  -=-=-=-=-=-=-=-=-=-=-=-=-=-=-=-=-=-=-=-=-=-=-=-=-=-=-=-= 
13:32:50.167 INFO  Void Music 2#3539, ready to serve [5] users in [3] servers 
13:32:50.167 INFO  -=-=-=-=-=-=-=-=-=-=-=-=-=-=-=-=-=-=-=-=-=-=-=-=-=-=-=-= 
13:35:08.822 INFO  MongoDB successfully connected 
13:35:09.224 INFO  Shard: 0 has became ready 
13:35:09.244 INFO  Lavalink node: 0.0.0.0 has connected. 
13:35:09.264 INFO  All guilds have been initialized 
13:35:09.386 INFO  -=-=-=-=-=-=-=-=-=-=-=-=-=-=-=-=-=-=-=-=-=-=-=-=-=-=-=-= 
13:35:09.386 INFO  Void Music 2#3539, ready to serve [5] users in [3] servers 
13:35:09.386 INFO  -=-=-=-=-=-=-=-=-=-=-=-=-=-=-=-=-=-=-=-=-=-=-=-=-=-=-=-= 
13:36:44.165 ERROR MongoDB disconnected 
13:36:44.304 INFO  MongoDB successfully connected 
13:38:45.178 ERROR Unhandled promise rejection: Unknown Message. 
13:41:14.972 INFO  MongoDB successfully connected 
13:41:15.336 INFO  Shard: 0 has became ready 
13:41:15.356 INFO  Lavalink node: 0.0.0.0 has connected. 
13:41:15.382 INFO  All guilds have been initialized 
13:41:15.510 INFO  -=-=-=-=-=-=-=-=-=-=-=-=-=-=-=-=-=-=-=-=-=-=-=-=-=-=-=-= 
13:41:15.511 INFO  Void Music 2#3539, ready to serve [5] users in [3] servers 
13:41:15.511 INFO  -=-=-=-=-=-=-=-=-=-=-=-=-=-=-=-=-=-=-=-=-=-=-=-=-=-=-=-= 
13:41:29.269 ERROR Unhandled promise rejection: botmusicembed is not defined. 
13:42:41.301 INFO  MongoDB successfully connected 
13:42:41.739 INFO  Shard: 0 has became ready 
13:42:41.760 INFO  Lavalink node: 0.0.0.0 has connected. 
13:42:41.780 INFO  All guilds have been initialized 
13:42:41.896 INFO  -=-=-=-=-=-=-=-=-=-=-=-=-=-=-=-=-=-=-=-=-=-=-=-=-=-=-=-= 
13:42:41.896 INFO  Void Music 2#3539, ready to serve [5] users in [3] servers 
13:42:41.897 INFO  -=-=-=-=-=-=-=-=-=-=-=-=-=-=-=-=-=-=-=-=-=-=-=-=-=-=-=-= 
13:43:36.259 ERROR Unhandled promise rejection: Unknown Message. 
13:45:00.465 INFO  MongoDB successfully connected 
13:45:00.936 INFO  Shard: 0 has became ready 
13:45:00.957 INFO  Lavalink node: 0.0.0.0 has connected. 
13:45:00.979 INFO  All guilds have been initialized 
13:45:01.119 INFO  -=-=-=-=-=-=-=-=-=-=-=-=-=-=-=-=-=-=-=-=-=-=-=-=-=-=-=-= 
13:45:01.119 INFO  Void Music 2#3539, ready to serve [5] users in [3] servers 
13:45:01.120 INFO  -=-=-=-=-=-=-=-=-=-=-=-=-=-=-=-=-=-=-=-=-=-=-=-=-=-=-=-= 
13:46:53.406 INFO  MongoDB successfully connected 
13:46:53.737 INFO  Shard: 0 has became ready 
13:46:53.758 INFO  Lavalink node: 0.0.0.0 has connected. 
13:46:53.778 INFO  All guilds have been initialized 
13:46:53.909 INFO  -=-=-=-=-=-=-=-=-=-=-=-=-=-=-=-=-=-=-=-=-=-=-=-=-=-=-=-= 
13:46:53.909 INFO  Void Music 2#3539, ready to serve [5] users in [3] servers 
13:46:53.910 INFO  -=-=-=-=-=-=-=-=-=-=-=-=-=-=-=-=-=-=-=-=-=-=-=-=-=-=-=-= 
13:49:10.830 INFO  MongoDB successfully connected 
13:49:11.255 INFO  Shard: 0 has became ready 
13:49:11.275 INFO  Lavalink node: 0.0.0.0 has connected. 
13:49:11.299 INFO  All guilds have been initialized 
13:49:11.437 INFO  -=-=-=-=-=-=-=-=-=-=-=-=-=-=-=-=-=-=-=-=-=-=-=-=-=-=-=-= 
13:49:11.438 INFO  Void Music 2#3539, ready to serve [5] users in [3] servers 
13:49:11.438 INFO  -=-=-=-=-=-=-=-=-=-=-=-=-=-=-=-=-=-=-=-=-=-=-=-=-=-=-=-= 
13:50:33.154 INFO  MongoDB successfully connected 
13:50:33.720 INFO  Shard: 0 has became ready 
13:50:33.742 INFO  Lavalink node: 0.0.0.0 has connected. 
13:50:33.763 INFO  All guilds have been initialized 
13:50:33.889 INFO  -=-=-=-=-=-=-=-=-=-=-=-=-=-=-=-=-=-=-=-=-=-=-=-=-=-=-=-= 
13:50:33.889 INFO  Void Music 2#3539, ready to serve [5] users in [3] servers 
13:50:33.889 INFO  -=-=-=-=-=-=-=-=-=-=-=-=-=-=-=-=-=-=-=-=-=-=-=-=-=-=-=-= 
13:52:35.060 INFO  MongoDB successfully connected 
13:52:35.609 INFO  Shard: 0 has became ready 
13:52:35.632 INFO  Lavalink node: 0.0.0.0 has connected. 
13:52:35.653 INFO  All guilds have been initialized 
13:52:35.786 INFO  -=-=-=-=-=-=-=-=-=-=-=-=-=-=-=-=-=-=-=-=-=-=-=-=-=-=-=-= 
13:52:35.786 INFO  Void Music 2#3539, ready to serve [5] users in [3] servers 
13:52:35.787 INFO  -=-=-=-=-=-=-=-=-=-=-=-=-=-=-=-=-=-=-=-=-=-=-=-=-=-=-=-= 
13:52:56.309 ERROR Unhandled promise rejection: Unknown Message. 
13:53:48.121 INFO  MongoDB successfully connected 
13:53:48.514 INFO  Shard: 0 has became ready 
13:53:48.535 INFO  Lavalink node: 0.0.0.0 has connected. 
13:53:48.556 INFO  All guilds have been initialized 
13:53:48.677 INFO  -=-=-=-=-=-=-=-=-=-=-=-=-=-=-=-=-=-=-=-=-=-=-=-=-=-=-=-= 
13:53:48.677 INFO  Void Music 2#3539, ready to serve [5] users in [3] servers 
13:53:48.678 INFO  -=-=-=-=-=-=-=-=-=-=-=-=-=-=-=-=-=-=-=-=-=-=-=-=-=-=-=-= 
13:54:35.391 INFO  MongoDB successfully connected 
13:54:36.008 INFO  Shard: 0 has became ready 
13:54:36.030 INFO  Lavalink node: 0.0.0.0 has connected. 
13:54:36.056 INFO  All guilds have been initialized 
13:54:36.178 INFO  -=-=-=-=-=-=-=-=-=-=-=-=-=-=-=-=-=-=-=-=-=-=-=-=-=-=-=-= 
13:54:36.179 INFO  Void Music 2#3539, ready to serve [5] users in [3] servers 
13:54:36.179 INFO  -=-=-=-=-=-=-=-=-=-=-=-=-=-=-=-=-=-=-=-=-=-=-=-=-=-=-=-= 
13:55:45.314 INFO  MongoDB successfully connected 
13:55:45.908 INFO  Shard: 0 has became ready 
13:55:45.930 INFO  Lavalink node: 0.0.0.0 has connected. 
13:55:45.953 INFO  All guilds have been initialized 
13:55:46.074 INFO  -=-=-=-=-=-=-=-=-=-=-=-=-=-=-=-=-=-=-=-=-=-=-=-=-=-=-=-= 
13:55:46.074 INFO  Void Music 2#3539, ready to serve [5] users in [3] servers 
13:55:46.074 INFO  -=-=-=-=-=-=-=-=-=-=-=-=-=-=-=-=-=-=-=-=-=-=-=-=-=-=-=-= 
13:57:04.164 INFO  MongoDB successfully connected 
13:57:04.634 INFO  Shard: 0 has became ready 
13:57:04.654 INFO  Lavalink node: 0.0.0.0 has connected. 
13:57:04.679 INFO  All guilds have been initialized 
13:57:04.791 INFO  -=-=-=-=-=-=-=-=-=-=-=-=-=-=-=-=-=-=-=-=-=-=-=-=-=-=-=-= 
13:57:04.791 INFO  Void Music 2#3539, ready to serve [5] users in [3] servers 
13:57:04.791 INFO  -=-=-=-=-=-=-=-=-=-=-=-=-=-=-=-=-=-=-=-=-=-=-=-=-=-=-=-= 
14:07:56.664 INFO  MongoDB successfully connected 
14:07:57.095 INFO  Shard: 0 has became ready 
14:07:57.128 INFO  Lavalink node: 0.0.0.0 has connected. 
14:07:57.152 INFO  All guilds have been initialized 
14:07:57.276 INFO  -=-=-=-=-=-=-=-=-=-=-=-=-=-=-=-=-=-=-=-=-=-=-=-=-=-=-=-= 
14:07:57.277 INFO  Void Music 2#3539, ready to serve [6] users in [3] servers 
14:07:57.277 INFO  -=-=-=-=-=-=-=-=-=-=-=-=-=-=-=-=-=-=-=-=-=-=-=-=-=-=-=-= 
14:08:29.312 INFO  MongoDB successfully connected 
14:08:29.751 INFO  Shard: 0 has became ready 
14:08:29.774 INFO  Lavalink node: 0.0.0.0 has connected. 
14:08:29.801 INFO  All guilds have been initialized 
14:08:29.936 INFO  -=-=-=-=-=-=-=-=-=-=-=-=-=-=-=-=-=-=-=-=-=-=-=-=-=-=-=-= 
14:08:29.936 INFO  Void Music 2#3539, ready to serve [6] users in [3] servers 
14:08:29.937 INFO  -=-=-=-=-=-=-=-=-=-=-=-=-=-=-=-=-=-=-=-=-=-=-=-=-=-=-=-= 
14:09:57.990 INFO  MongoDB successfully connected 
14:09:58.334 INFO  Shard: 0 has became ready 
14:09:58.356 INFO  Lavalink node: 0.0.0.0 has connected. 
14:09:58.380 INFO  All guilds have been initialized 
14:09:58.510 INFO  -=-=-=-=-=-=-=-=-=-=-=-=-=-=-=-=-=-=-=-=-=-=-=-=-=-=-=-= 
14:09:58.510 INFO  Void Music 2#3539, ready to serve [6] users in [3] servers 
14:09:58.511 INFO  -=-=-=-=-=-=-=-=-=-=-=-=-=-=-=-=-=-=-=-=-=-=-=-=-=-=-=-= 
14:12:43.286 INFO  MongoDB successfully connected 
14:12:43.741 INFO  Shard: 0 has became ready 
14:12:43.767 INFO  Lavalink node: 0.0.0.0 has connected. 
14:12:44.736 INFO  All guilds have been initialized 
14:12:44.866 INFO  -=-=-=-=-=-=-=-=-=-=-=-=-=-=-=-=-=-=-=-=-=-=-=-=-=-=-=-= 
14:12:44.866 INFO  Void Music 2#3539, ready to serve [6] users in [3] servers 
14:12:44.867 INFO  -=-=-=-=-=-=-=-=-=-=-=-=-=-=-=-=-=-=-=-=-=-=-=-=-=-=-=-= 
14:13:46.037 INFO  Shard: 0 has became ready 
14:13:46.058 INFO  Lavalink node: 0.0.0.0 has connected. 
14:13:51.160 INFO  MongoDB successfully connected 
14:13:51.455 INFO  All guilds have been initialized 
14:13:51.583 INFO  -=-=-=-=-=-=-=-=-=-=-=-=-=-=-=-=-=-=-=-=-=-=-=-=-=-=-=-= 
14:13:51.583 INFO  Void Music 2#3539, ready to serve [6] users in [3] servers 
14:13:51.584 INFO  -=-=-=-=-=-=-=-=-=-=-=-=-=-=-=-=-=-=-=-=-=-=-=-=-=-=-=-= 
14:14:28.732 INFO  MongoDB successfully connected 
14:14:29.396 INFO  Shard: 0 has became ready 
14:14:29.417 INFO  Lavalink node: 0.0.0.0 has connected. 
14:14:29.435 INFO  All guilds have been initialized 
14:14:29.570 INFO  -=-=-=-=-=-=-=-=-=-=-=-=-=-=-=-=-=-=-=-=-=-=-=-=-=-=-=-= 
14:14:29.570 INFO  Void Music 2#3539, ready to serve [6] users in [3] servers 
14:14:29.571 INFO  -=-=-=-=-=-=-=-=-=-=-=-=-=-=-=-=-=-=-=-=-=-=-=-=-=-=-=-= 
14:15:06.892 INFO  MongoDB successfully connected 
14:15:07.146 INFO  Shard: 0 has became ready 
14:15:07.172 INFO  Lavalink node: 0.0.0.0 has connected. 
14:15:07.212 INFO  All guilds have been initialized 
14:15:07.345 INFO  -=-=-=-=-=-=-=-=-=-=-=-=-=-=-=-=-=-=-=-=-=-=-=-=-=-=-=-= 
14:15:07.346 INFO  Void Music 2#3539, ready to serve [6] users in [3] servers 
14:15:07.346 INFO  -=-=-=-=-=-=-=-=-=-=-=-=-=-=-=-=-=-=-=-=-=-=-=-=-=-=-=-= 
14:15:18.568 ERROR Unhandled promise rejection: Cannot send an empty message. 
14:15:32.793 INFO  MongoDB successfully connected 
14:15:33.377 INFO  Shard: 0 has became ready 
14:15:33.401 INFO  Lavalink node: 0.0.0.0 has connected. 
14:15:33.441 INFO  All guilds have been initialized 
14:15:33.556 INFO  -=-=-=-=-=-=-=-=-=-=-=-=-=-=-=-=-=-=-=-=-=-=-=-=-=-=-=-= 
14:15:33.556 INFO  Void Music 2#3539, ready to serve [6] users in [3] servers 
14:15:33.556 INFO  -=-=-=-=-=-=-=-=-=-=-=-=-=-=-=-=-=-=-=-=-=-=-=-=-=-=-=-= 
14:16:05.019 INFO  Shard: 0 has became ready 
14:16:05.038 INFO  Lavalink node: 0.0.0.0 has connected. 
14:16:05.539 INFO  MongoDB successfully connected 
14:16:05.827 INFO  All guilds have been initialized 
14:16:05.962 INFO  -=-=-=-=-=-=-=-=-=-=-=-=-=-=-=-=-=-=-=-=-=-=-=-=-=-=-=-= 
14:16:05.962 INFO  Void Music 2#3539, ready to serve [6] users in [3] servers 
14:16:05.962 INFO  -=-=-=-=-=-=-=-=-=-=-=-=-=-=-=-=-=-=-=-=-=-=-=-=-=-=-=-= 
14:22:16.451 INFO  MongoDB successfully connected 
14:22:17.090 INFO  Shard: 0 has became ready 
14:22:17.113 INFO  Lavalink node: 0.0.0.0 has connected. 
14:22:17.137 INFO  All guilds have been initialized 
14:22:17.257 INFO  -=-=-=-=-=-=-=-=-=-=-=-=-=-=-=-=-=-=-=-=-=-=-=-=-=-=-=-= 
14:22:17.257 INFO  Void Music 2#3539, ready to serve [5] users in [3] servers 
14:22:17.257 INFO  -=-=-=-=-=-=-=-=-=-=-=-=-=-=-=-=-=-=-=-=-=-=-=-=-=-=-=-= 
14:26:35.822 INFO  MongoDB successfully connected 
14:26:36.304 INFO  Shard: 0 has became ready 
14:26:36.329 INFO  Lavalink node: 0.0.0.0 has connected. 
14:26:36.346 INFO  All guilds have been initialized 
14:26:36.461 INFO  -=-=-=-=-=-=-=-=-=-=-=-=-=-=-=-=-=-=-=-=-=-=-=-=-=-=-=-= 
14:26:36.462 INFO  Void Music 2#3539, ready to serve [5] users in [3] servers 
14:26:36.462 INFO  -=-=-=-=-=-=-=-=-=-=-=-=-=-=-=-=-=-=-=-=-=-=-=-=-=-=-=-= 
14:26:39.093 ERROR Unhandled promise rejection: embed is not defined. 
14:26:52.039 INFO  MongoDB successfully connected 
14:26:52.389 INFO  Shard: 0 has became ready 
14:26:52.410 INFO  Lavalink node: 0.0.0.0 has connected. 
14:26:52.426 INFO  All guilds have been initialized 
14:26:52.539 INFO  -=-=-=-=-=-=-=-=-=-=-=-=-=-=-=-=-=-=-=-=-=-=-=-=-=-=-=-= 
14:26:52.539 INFO  Void Music 2#3539, ready to serve [5] users in [3] servers 
14:26:52.540 INFO  -=-=-=-=-=-=-=-=-=-=-=-=-=-=-=-=-=-=-=-=-=-=-=-=-=-=-=-= 
14:40:04.431 INFO  MongoDB successfully connected 
14:40:04.955 INFO  Shard: 0 has became ready 
14:40:04.977 INFO  Lavalink node: 0.0.0.0 has connected. 
14:40:04.999 INFO  All guilds have been initialized 
14:40:05.116 INFO  -=-=-=-=-=-=-=-=-=-=-=-=-=-=-=-=-=-=-=-=-=-=-=-=-=-=-=-= 
14:40:05.117 INFO  Void Music 2#3539, ready to serve [6] users in [3] servers 
14:40:05.117 INFO  -=-=-=-=-=-=-=-=-=-=-=-=-=-=-=-=-=-=-=-=-=-=-=-=-=-=-=-= 
14:42:42.379 INFO  MongoDB successfully connected 
14:42:42.722 INFO  Shard: 0 has became ready 
14:42:42.747 INFO  Lavalink node: 0.0.0.0 has connected. 
14:42:42.773 INFO  All guilds have been initialized 
14:42:42.895 INFO  -=-=-=-=-=-=-=-=-=-=-=-=-=-=-=-=-=-=-=-=-=-=-=-=-=-=-=-= 
14:42:42.895 INFO  Void Music 2#3539, ready to serve [6] users in [3] servers 
14:42:42.895 INFO  -=-=-=-=-=-=-=-=-=-=-=-=-=-=-=-=-=-=-=-=-=-=-=-=-=-=-=-= 
15:03:53.155 INFO  MongoDB successfully connected 
15:03:53.542 INFO  Shard: 0 has became ready 
15:03:53.571 INFO  Lavalink node: 0.0.0.0 has connected. 
15:03:53.591 INFO  All guilds have been initialized 
15:03:53.709 INFO  -=-=-=-=-=-=-=-=-=-=-=-=-=-=-=-=-=-=-=-=-=-=-=-=-=-=-=-= 
15:03:53.710 INFO  Void Music 2#3539, ready to serve [6] users in [3] servers 
15:03:53.710 INFO  -=-=-=-=-=-=-=-=-=-=-=-=-=-=-=-=-=-=-=-=-=-=-=-=-=-=-=-= 
15:04:45.865 INFO  MongoDB successfully connected 
15:04:46.315 INFO  Shard: 0 has became ready 
15:04:46.336 INFO  Lavalink node: 0.0.0.0 has connected. 
15:04:46.353 INFO  All guilds have been initialized 
15:04:46.485 INFO  -=-=-=-=-=-=-=-=-=-=-=-=-=-=-=-=-=-=-=-=-=-=-=-=-=-=-=-= 
15:04:46.486 INFO  Void Music 2#3539, ready to serve [6] users in [3] servers 
15:04:46.486 INFO  -=-=-=-=-=-=-=-=-=-=-=-=-=-=-=-=-=-=-=-=-=-=-=-=-=-=-=-= 
15:25:55.865 INFO  MongoDB successfully connected 
15:25:56.274 INFO  Shard: 0 has became ready 
15:25:56.300 INFO  Lavalink node: 0.0.0.0 has connected. 
15:25:56.323 INFO  All guilds have been initialized 
15:25:56.453 INFO  -=-=-=-=-=-=-=-=-=-=-=-=-=-=-=-=-=-=-=-=-=-=-=-=-=-=-=-= 
15:25:56.453 INFO  Void Music 2#3539, ready to serve [5] users in [3] servers 
15:25:56.454 INFO  -=-=-=-=-=-=-=-=-=-=-=-=-=-=-=-=-=-=-=-=-=-=-=-=-=-=-=-= 
15:35:20.244 INFO  MongoDB successfully connected 
15:35:20.610 INFO  Shard: 0 has became ready 
15:35:20.637 INFO  Lavalink node: 0.0.0.0 has connected. 
15:35:20.660 INFO  All guilds have been initialized 
15:35:20.778 INFO  -=-=-=-=-=-=-=-=-=-=-=-=-=-=-=-=-=-=-=-=-=-=-=-=-=-=-=-= 
15:35:20.778 INFO  Void Music 2#3539, ready to serve [6] users in [3] servers 
15:35:20.778 INFO  -=-=-=-=-=-=-=-=-=-=-=-=-=-=-=-=-=-=-=-=-=-=-=-=-=-=-=-= 
15:39:12.121 INFO  MongoDB successfully connected 
15:39:12.565 INFO  Shard: 0 has became ready 
15:39:12.586 INFO  Lavalink node: 0.0.0.0 has connected. 
15:39:12.607 INFO  All guilds have been initialized 
15:39:12.724 INFO  -=-=-=-=-=-=-=-=-=-=-=-=-=-=-=-=-=-=-=-=-=-=-=-=-=-=-=-= 
15:39:12.724 INFO  Void Music 2#3539, ready to serve [6] users in [3] servers 
15:39:12.725 INFO  -=-=-=-=-=-=-=-=-=-=-=-=-=-=-=-=-=-=-=-=-=-=-=-=-=-=-=-= 
15:43:46.033 INFO  MongoDB successfully connected 
15:43:46.408 INFO  Shard: 0 has became ready 
15:43:46.429 INFO  Lavalink node: 0.0.0.0 has connected. 
15:43:46.451 INFO  All guilds have been initialized 
15:43:46.582 INFO  -=-=-=-=-=-=-=-=-=-=-=-=-=-=-=-=-=-=-=-=-=-=-=-=-=-=-=-= 
15:43:46.582 INFO  Void Music 2#3539, ready to serve [6] users in [3] servers 
15:43:46.582 INFO  -=-=-=-=-=-=-=-=-=-=-=-=-=-=-=-=-=-=-=-=-=-=-=-=-=-=-=-= 
15:44:18.555 INFO  MongoDB successfully connected 
15:44:18.983 INFO  Shard: 0 has became ready 
15:44:19.005 INFO  Lavalink node: 0.0.0.0 has connected. 
15:44:19.026 INFO  All guilds have been initialized 
15:44:19.143 INFO  -=-=-=-=-=-=-=-=-=-=-=-=-=-=-=-=-=-=-=-=-=-=-=-=-=-=-=-= 
15:44:19.143 INFO  Void Music 2#3539, ready to serve [6] users in [3] servers 
15:44:19.143 INFO  -=-=-=-=-=-=-=-=-=-=-=-=-=-=-=-=-=-=-=-=-=-=-=-=-=-=-=-= 
15:46:52.133 INFO  MongoDB successfully connected 
15:46:52.578 INFO  Shard: 0 has became ready 
15:46:52.600 INFO  Lavalink node: 0.0.0.0 has connected. 
15:46:52.624 INFO  All guilds have been initialized 
15:46:52.743 INFO  -=-=-=-=-=-=-=-=-=-=-=-=-=-=-=-=-=-=-=-=-=-=-=-=-=-=-=-= 
15:46:52.743 INFO  Void Music 2#3539, ready to serve [6] users in [3] servers 
15:46:52.743 INFO  -=-=-=-=-=-=-=-=-=-=-=-=-=-=-=-=-=-=-=-=-=-=-=-=-=-=-=-= 
15:47:25.582 ERROR Unhandled promise rejection: Unknown interaction. 
16:20:05.300 INFO  MongoDB successfully connected 
16:20:05.800 INFO  Shard: 0 has became ready 
16:20:05.824 INFO  Lavalink node: 0.0.0.0 has connected. 
16:20:05.846 INFO  All guilds have been initialized 
16:20:05.967 INFO  -=-=-=-=-=-=-=-=-=-=-=-=-=-=-=-=-=-=-=-=-=-=-=-=-=-=-=-= 
16:20:05.967 INFO  Void Music 2#3539, ready to serve [6] users in [3] servers 
16:20:05.967 INFO  -=-=-=-=-=-=-=-=-=-=-=-=-=-=-=-=-=-=-=-=-=-=-=-=-=-=-=-= 
16:20:31.806 ERROR Unhandled promise rejection: id is not defined. 
16:20:53.568 INFO  MongoDB successfully connected 
16:20:54.176 INFO  Shard: 0 has became ready 
16:20:54.200 INFO  Lavalink node: 0.0.0.0 has connected. 
16:20:54.221 INFO  All guilds have been initialized 
16:20:54.359 INFO  -=-=-=-=-=-=-=-=-=-=-=-=-=-=-=-=-=-=-=-=-=-=-=-=-=-=-=-= 
16:20:54.360 INFO  Void Music 2#3539, ready to serve [6] users in [3] servers 
16:20:54.360 INFO  -=-=-=-=-=-=-=-=-=-=-=-=-=-=-=-=-=-=-=-=-=-=-=-=-=-=-=-= 
16:22:07.561 ERROR Unhandled promise rejection: Cannot send an empty message. 
16:22:42.238 ERROR Unhandled promise rejection: Cannot send an empty message. 
16:24:09.675 INFO  MongoDB successfully connected 
16:24:10.029 INFO  Shard: 0 has became ready 
16:24:10.054 INFO  Lavalink node: 0.0.0.0 has connected. 
16:24:10.073 INFO  All guilds have been initialized 
16:24:10.199 INFO  -=-=-=-=-=-=-=-=-=-=-=-=-=-=-=-=-=-=-=-=-=-=-=-=-=-=-=-= 
16:24:10.200 INFO  Void Music 2#3539, ready to serve [6] users in [3] servers 
16:24:10.200 INFO  -=-=-=-=-=-=-=-=-=-=-=-=-=-=-=-=-=-=-=-=-=-=-=-=-=-=-=-= 
16:24:41.392 ERROR Unhandled promise rejection: Cannot send an empty message. 
16:25:06.262 INFO  MongoDB successfully connected 
16:25:06.878 INFO  Shard: 0 has became ready 
16:25:06.900 INFO  Lavalink node: 0.0.0.0 has connected. 
16:25:06.923 INFO  All guilds have been initialized 
16:25:07.077 INFO  -=-=-=-=-=-=-=-=-=-=-=-=-=-=-=-=-=-=-=-=-=-=-=-=-=-=-=-= 
16:25:07.077 INFO  Void Music 2#3539, ready to serve [6] users in [3] servers 
16:25:07.078 INFO  -=-=-=-=-=-=-=-=-=-=-=-=-=-=-=-=-=-=-=-=-=-=-=-=-=-=-=-= 
18:13:31.106 INFO  MongoDB successfully connected 
18:13:36.953 INFO  Shard: 0 has became ready 
18:13:36.985 INFO  Lavalink node: 0.0.0.0 has connected. 
18:13:37.018 INFO  All guilds have been initialized 
18:13:37.274 INFO  -=-=-=-=-=-=-=-=-=-=-=-=-=-=-=-=-=-=-=-=-=-=-=-=-=-=-=-= 
18:13:37.274 INFO  Void Music 2#3539, ready to serve [5] users in [3] servers 
18:13:37.275 INFO  -=-=-=-=-=-=-=-=-=-=-=-=-=-=-=-=-=-=-=-=-=-=-=-=-=-=-=-= 
18:18:20.640 INFO  Shard: 0 has became ready 
18:18:20.668 INFO  Lavalink node: 0.0.0.0 has connected. 
18:18:23.608 INFO  MongoDB successfully connected 
18:18:24.224 INFO  All guilds have been initialized 
18:18:24.355 INFO  -=-=-=-=-=-=-=-=-=-=-=-=-=-=-=-=-=-=-=-=-=-=-=-=-=-=-=-= 
18:18:24.356 INFO  Void Music 2#3539, ready to serve [6] users in [3] servers 
18:18:24.356 INFO  -=-=-=-=-=-=-=-=-=-=-=-=-=-=-=-=-=-=-=-=-=-=-=-=-=-=-=-= 
18:19:07.275 INFO  MongoDB successfully connected 
18:19:10.500 INFO  Shard: 0 has became ready 
18:19:10.523 INFO  Lavalink node: 0.0.0.0 has connected. 
18:19:10.556 INFO  All guilds have been initialized 
18:19:11.016 INFO  -=-=-=-=-=-=-=-=-=-=-=-=-=-=-=-=-=-=-=-=-=-=-=-=-=-=-=-= 
18:19:11.016 INFO  Void Music 2#3539, ready to serve [6] users in [3] servers 
18:19:11.017 INFO  -=-=-=-=-=-=-=-=-=-=-=-=-=-=-=-=-=-=-=-=-=-=-=-=-=-=-=-= 
18:41:01.945 INFO  MongoDB successfully connected 
18:41:02.261 INFO  Shard: 0 has became ready 
18:41:02.290 INFO  Lavalink node: 0.0.0.0 has connected. 
18:41:02.321 INFO  All guilds have been initialized 
18:41:02.436 INFO  -=-=-=-=-=-=-=-=-=-=-=-=-=-=-=-=-=-=-=-=-=-=-=-=-=-=-=-= 
18:41:02.436 INFO  Void Music 2#3539, ready to serve [5] users in [3] servers 
18:41:02.437 INFO  -=-=-=-=-=-=-=-=-=-=-=-=-=-=-=-=-=-=-=-=-=-=-=-=-=-=-=-= 
18:42:02.633 ERROR Unhandled promise rejection: Final value is greater than Number can hold.. 
18:50:15.716 INFO  MongoDB successfully connected 
18:50:28.717 INFO  MongoDB successfully connected 
18:50:28.830 INFO  Shard: 0 has became ready 
18:50:28.855 INFO  Lavalink node: 0.0.0.0 has connected. 
18:50:29.027 INFO  All guilds have been initialized 
18:50:29.144 INFO  -=-=-=-=-=-=-=-=-=-=-=-=-=-=-=-=-=-=-=-=-=-=-=-=-=-=-=-= 
18:50:29.144 INFO  Void Music 2#3539, ready to serve [6] users in [3] servers 
18:50:29.144 INFO  -=-=-=-=-=-=-=-=-=-=-=-=-=-=-=-=-=-=-=-=-=-=-=-=-=-=-=-= 
18:51:39.527 INFO  MongoDB successfully connected 
18:51:40.004 INFO  Shard: 0 has became ready 
18:51:40.027 INFO  Lavalink node: 0.0.0.0 has connected. 
18:51:40.047 INFO  All guilds have been initialized 
18:51:40.175 INFO  -=-=-=-=-=-=-=-=-=-=-=-=-=-=-=-=-=-=-=-=-=-=-=-=-=-=-=-= 
18:51:40.175 INFO  Void Music 2#3539, ready to serve [5] users in [3] servers 
18:51:40.176 INFO  -=-=-=-=-=-=-=-=-=-=-=-=-=-=-=-=-=-=-=-=-=-=-=-=-=-=-=-= 
18:55:35.692 INFO  Shard: 0 has became ready 
18:55:35.727 INFO  Lavalink node: 0.0.0.0 has connected. 
18:55:40.059 INFO  MongoDB successfully connected 
18:55:40.349 INFO  All guilds have been initialized 
18:55:40.818 INFO  -=-=-=-=-=-=-=-=-=-=-=-=-=-=-=-=-=-=-=-=-=-=-=-=-=-=-=-= 
18:55:40.818 INFO  Void Music 2#3539, ready to serve [6] users in [3] servers 
18:55:40.818 INFO  -=-=-=-=-=-=-=-=-=-=-=-=-=-=-=-=-=-=-=-=-=-=-=-=-=-=-=-= 
18:57:34.067 INFO  Shard: 0 has became ready 
18:57:34.088 INFO  Lavalink node: 0.0.0.0 has connected. 
18:57:34.228 INFO  MongoDB successfully connected 
18:57:34.586 INFO  All guilds have been initialized 
18:57:34.866 INFO  -=-=-=-=-=-=-=-=-=-=-=-=-=-=-=-=-=-=-=-=-=-=-=-=-=-=-=-= 
18:57:34.866 INFO  Void Music 2#3539, ready to serve [6] users in [3] servers 
18:57:34.866 INFO  -=-=-=-=-=-=-=-=-=-=-=-=-=-=-=-=-=-=-=-=-=-=-=-=-=-=-=-= 
18:58:12.228 INFO  MongoDB successfully connected 
18:58:12.910 INFO  Shard: 0 has became ready 
18:58:12.933 INFO  Lavalink node: 0.0.0.0 has connected. 
18:58:14.653 INFO  All guilds have been initialized 
18:58:14.781 INFO  -=-=-=-=-=-=-=-=-=-=-=-=-=-=-=-=-=-=-=-=-=-=-=-=-=-=-=-= 
18:58:14.781 INFO  Void Music 2#3539, ready to serve [6] users in [3] servers 
18:58:14.782 INFO  -=-=-=-=-=-=-=-=-=-=-=-=-=-=-=-=-=-=-=-=-=-=-=-=-=-=-=-= 
19:00:18.527 ERROR Unhandled promise rejection: Cannot read properties of null (reading 'duration'). 
19:00:55.128 INFO  Shard: 0 has became ready 
19:00:55.154 INFO  Lavalink node: 0.0.0.0 has connected. 
19:00:59.913 INFO  MongoDB successfully connected 
19:01:00.137 INFO  All guilds have been initialized 
19:01:00.264 INFO  -=-=-=-=-=-=-=-=-=-=-=-=-=-=-=-=-=-=-=-=-=-=-=-=-=-=-=-= 
19:01:00.264 INFO  Void Music 2#3539, ready to serve [6] users in [3] servers 
19:01:00.264 INFO  -=-=-=-=-=-=-=-=-=-=-=-=-=-=-=-=-=-=-=-=-=-=-=-=-=-=-=-= 
19:01:17.168 ERROR Unhandled promise rejection: MessageEmbed description must be a string.. 
19:02:55.450 INFO  MongoDB successfully connected 
19:02:55.846 INFO  Shard: 0 has became ready 
19:02:55.894 INFO  Lavalink node: 0.0.0.0 has connected. 
19:02:55.913 INFO  All guilds have been initialized 
19:02:56.040 INFO  -=-=-=-=-=-=-=-=-=-=-=-=-=-=-=-=-=-=-=-=-=-=-=-=-=-=-=-= 
19:02:56.041 INFO  Void Music 2#3539, ready to serve [6] users in [3] servers 
19:02:56.041 INFO  -=-=-=-=-=-=-=-=-=-=-=-=-=-=-=-=-=-=-=-=-=-=-=-=-=-=-=-= 
19:56:23.092 INFO  MongoDB successfully connected 
19:56:23.598 INFO  Shard: 0 has became ready 
19:56:23.624 INFO  Lavalink node: 0.0.0.0 has connected. 
19:56:23.651 INFO  All guilds have been initialized 
19:56:23.783 INFO  -=-=-=-=-=-=-=-=-=-=-=-=-=-=-=-=-=-=-=-=-=-=-=-=-=-=-=-= 
19:56:23.783 INFO  Void Music 2#3539, ready to serve [5] users in [3] servers 
19:56:23.783 INFO  -=-=-=-=-=-=-=-=-=-=-=-=-=-=-=-=-=-=-=-=-=-=-=-=-=-=-=-= 
19:56:53.126 INFO  MongoDB successfully connected 
19:56:53.555 INFO  Shard: 0 has became ready 
19:56:53.583 INFO  Lavalink node: 0.0.0.0 has connected. 
19:56:53.602 INFO  All guilds have been initialized 
19:56:53.745 INFO  -=-=-=-=-=-=-=-=-=-=-=-=-=-=-=-=-=-=-=-=-=-=-=-=-=-=-=-= 
19:56:53.746 INFO  Void Music 2#3539, ready to serve [5] users in [3] servers 
19:56:53.746 INFO  -=-=-=-=-=-=-=-=-=-=-=-=-=-=-=-=-=-=-=-=-=-=-=-=-=-=-=-= 
19:57:41.651 INFO  MongoDB successfully connected 
19:57:42.255 INFO  Shard: 0 has became ready 
19:57:42.286 INFO  Lavalink node: 0.0.0.0 has connected. 
19:57:42.333 INFO  All guilds have been initialized 
19:57:42.480 INFO  -=-=-=-=-=-=-=-=-=-=-=-=-=-=-=-=-=-=-=-=-=-=-=-=-=-=-=-= 
19:57:42.480 INFO  Void Music 2#3539, ready to serve [5] users in [3] servers 
19:57:42.480 INFO  -=-=-=-=-=-=-=-=-=-=-=-=-=-=-=-=-=-=-=-=-=-=-=-=-=-=-=-= 
19:57:56.720 ERROR Unhandled promise rejection: interaction.repyl is not a function. 
19:58:14.989 INFO  MongoDB successfully connected 
19:58:15.554 INFO  Shard: 0 has became ready 
19:58:15.584 INFO  Lavalink node: 0.0.0.0 has connected. 
19:58:15.609 INFO  All guilds have been initialized 
19:58:15.736 INFO  -=-=-=-=-=-=-=-=-=-=-=-=-=-=-=-=-=-=-=-=-=-=-=-=-=-=-=-= 
19:58:15.737 INFO  Void Music 2#3539, ready to serve [5] users in [3] servers 
19:58:15.737 INFO  -=-=-=-=-=-=-=-=-=-=-=-=-=-=-=-=-=-=-=-=-=-=-=-=-=-=-=-= 
19:58:38.148 ERROR Unhandled promise rejection: Unknown interaction. 
19:59:56.662 INFO  MongoDB successfully connected 
19:59:57.193 INFO  Shard: 0 has became ready 
19:59:57.216 INFO  Lavalink node: 0.0.0.0 has connected. 
19:59:57.241 INFO  All guilds have been initialized 
19:59:57.370 INFO  -=-=-=-=-=-=-=-=-=-=-=-=-=-=-=-=-=-=-=-=-=-=-=-=-=-=-=-= 
19:59:57.370 INFO  Void Music 2#3539, ready to serve [5] users in [3] servers 
19:59:57.371 INFO  -=-=-=-=-=-=-=-=-=-=-=-=-=-=-=-=-=-=-=-=-=-=-=-=-=-=-=-= 
20:34:48.950 INFO  Shard: 0 has became ready 
20:34:48.972 INFO  Lavalink node: 0.0.0.0 has connected. 
20:34:52.773 INFO  MongoDB successfully connected 
20:34:53.062 INFO  All guilds have been initialized 
20:34:53.190 INFO  -=-=-=-=-=-=-=-=-=-=-=-=-=-=-=-=-=-=-=-=-=-=-=-=-=-=-=-= 
20:34:53.190 INFO  Void Music 2#3539, ready to serve [6] users in [3] servers 
20:34:53.190 INFO  -=-=-=-=-=-=-=-=-=-=-=-=-=-=-=-=-=-=-=-=-=-=-=-=-=-=-=-= 
20:35:47.832 ERROR Unhandled promise rejection: Unknown interaction. 
20:36:25.206 ERROR Unhandled promise rejection: Unknown interaction. 
20:41:03.496 INFO  MongoDB successfully connected 
20:41:04.231 INFO  Shard: 0 has became ready 
20:41:04.253 INFO  Lavalink node: 0.0.0.0 has connected. 
20:41:14.149 INFO  All guilds have been initialized 
20:41:14.287 INFO  -=-=-=-=-=-=-=-=-=-=-=-=-=-=-=-=-=-=-=-=-=-=-=-=-=-=-=-= 
20:41:14.287 INFO  Void Music 2#3539, ready to serve [5] users in [3] servers 
20:41:14.287 INFO  -=-=-=-=-=-=-=-=-=-=-=-=-=-=-=-=-=-=-=-=-=-=-=-=-=-=-=-= 
20:44:29.336 INFO  MongoDB successfully connected 
20:44:29.869 INFO  Shard: 0 has became ready 
20:44:29.900 INFO  Lavalink node: 0.0.0.0 has connected. 
20:44:29.937 INFO  All guilds have been initialized 
20:44:30.073 INFO  -=-=-=-=-=-=-=-=-=-=-=-=-=-=-=-=-=-=-=-=-=-=-=-=-=-=-=-= 
20:44:30.074 INFO  Void Music 2#3539, ready to serve [6] users in [3] servers 
20:44:30.074 INFO  -=-=-=-=-=-=-=-=-=-=-=-=-=-=-=-=-=-=-=-=-=-=-=-=-=-=-=-= 
20:45:04.068 INFO  MongoDB successfully connected 
20:45:05.604 INFO  Shard: 0 has became ready 
20:45:05.634 INFO  Lavalink node: 0.0.0.0 has connected. 
20:45:05.665 INFO  All guilds have been initialized 
20:45:05.796 INFO  -=-=-=-=-=-=-=-=-=-=-=-=-=-=-=-=-=-=-=-=-=-=-=-=-=-=-=-= 
20:45:05.796 INFO  Void Music 2#3539, ready to serve [6] users in [3] servers 
20:45:05.796 INFO  -=-=-=-=-=-=-=-=-=-=-=-=-=-=-=-=-=-=-=-=-=-=-=-=-=-=-=-= 
20:45:57.729 INFO  MongoDB successfully connected 
20:45:58.199 INFO  Shard: 0 has became ready 
20:45:58.227 INFO  Lavalink node: 0.0.0.0 has connected. 
20:45:58.552 INFO  All guilds have been initialized 
20:45:58.682 INFO  -=-=-=-=-=-=-=-=-=-=-=-=-=-=-=-=-=-=-=-=-=-=-=-=-=-=-=-= 
20:45:58.682 INFO  Void Music 2#3539, ready to serve [6] users in [3] servers 
20:45:58.683 INFO  -=-=-=-=-=-=-=-=-=-=-=-=-=-=-=-=-=-=-=-=-=-=-=-=-=-=-=-= 
23:08:24.416 INFO  MongoDB successfully connected 
23:08:29.126 INFO  Shard: 0 has became ready 
23:08:29.154 INFO  Lavalink node: 0.0.0.0 has connected. 
23:08:29.173 INFO  All guilds have been initialized 
23:08:29.303 INFO  -=-=-=-=-=-=-=-=-=-=-=-=-=-=-=-=-=-=-=-=-=-=-=-=-=-=-=-= 
23:08:29.304 INFO  Void Music 2#3539, ready to serve [5] users in [3] servers 
23:08:29.304 INFO  -=-=-=-=-=-=-=-=-=-=-=-=-=-=-=-=-=-=-=-=-=-=-=-=-=-=-=-= 
23:29:10.837 INFO  MongoDB successfully connected 
23:29:11.947 INFO  Shard: 0 has became ready 
23:29:11.968 INFO  Lavalink node: 0.0.0.0 has connected. 
23:29:11.994 INFO  All guilds have been initialized 
23:29:12.127 INFO  -=-=-=-=-=-=-=-=-=-=-=-=-=-=-=-=-=-=-=-=-=-=-=-=-=-=-=-= 
23:29:12.127 INFO  Void Music 2#3539, ready to serve [5] users in [3] servers 
23:29:12.128 INFO  -=-=-=-=-=-=-=-=-=-=-=-=-=-=-=-=-=-=-=-=-=-=-=-=-=-=-=-= 
23:29:41.249 ERROR Unhandled promise rejection: Cannot read properties of undefined (reading 'channel'). 
23:30:08.230 INFO  MongoDB successfully connected 
23:30:08.661 INFO  Shard: 0 has became ready 
23:30:08.681 INFO  Lavalink node: 0.0.0.0 has connected. 
23:30:08.699 INFO  All guilds have been initialized 
23:30:08.813 INFO  -=-=-=-=-=-=-=-=-=-=-=-=-=-=-=-=-=-=-=-=-=-=-=-=-=-=-=-= 
23:30:08.814 INFO  Void Music 2#3539, ready to serve [5] users in [3] servers 
23:30:08.814 INFO  -=-=-=-=-=-=-=-=-=-=-=-=-=-=-=-=-=-=-=-=-=-=-=-=-=-=-=-= 
23:30:14.047 ERROR Unhandled promise rejection: msg is not defined. 
23:30:28.807 INFO  MongoDB successfully connected 
23:30:30.087 INFO  Shard: 0 has became ready 
23:30:30.109 INFO  Lavalink node: 0.0.0.0 has connected. 
23:30:30.140 INFO  All guilds have been initialized 
23:30:30.270 INFO  -=-=-=-=-=-=-=-=-=-=-=-=-=-=-=-=-=-=-=-=-=-=-=-=-=-=-=-= 
23:30:30.271 INFO  Void Music 2#3539, ready to serve [5] users in [3] servers 
23:30:30.271 INFO  -=-=-=-=-=-=-=-=-=-=-=-=-=-=-=-=-=-=-=-=-=-=-=-=-=-=-=-= 
23:30:35.143 ERROR Unhandled promise rejection: interaction is not defined. 
23:30:56.653 INFO  MongoDB successfully connected 
23:30:56.746 INFO  Shard: 0 has became ready 
23:30:56.766 INFO  Lavalink node: 0.0.0.0 has connected. 
23:30:56.926 INFO  All guilds have been initialized 
23:30:57.042 INFO  -=-=-=-=-=-=-=-=-=-=-=-=-=-=-=-=-=-=-=-=-=-=-=-=-=-=-=-= 
23:30:57.043 INFO  Void Music 2#3539, ready to serve [5] users in [3] servers 
23:30:57.043 INFO  -=-=-=-=-=-=-=-=-=-=-=-=-=-=-=-=-=-=-=-=-=-=-=-=-=-=-=-= 
23:31:02.643 ERROR Unhandled promise rejection: PlaylistName is not defined. 
23:31:18.029 INFO  MongoDB successfully connected 
23:31:18.486 INFO  Shard: 0 has became ready 
23:31:18.507 INFO  Lavalink node: 0.0.0.0 has connected. 
23:31:18.537 INFO  All guilds have been initialized 
23:31:18.674 INFO  -=-=-=-=-=-=-=-=-=-=-=-=-=-=-=-=-=-=-=-=-=-=-=-=-=-=-=-= 
23:31:18.674 INFO  Void Music 2#3539, ready to serve [5] users in [3] servers 
23:31:18.675 INFO  -=-=-=-=-=-=-=-=-=-=-=-=-=-=-=-=-=-=-=-=-=-=-=-=-=-=-=-= 
23:38:49.335 INFO  MongoDB successfully connected 
23:38:49.437 INFO  Shard: 0 has became ready 
23:38:49.461 INFO  Lavalink node: 0.0.0.0 has connected. 
23:38:50.191 INFO  All guilds have been initialized 
23:38:50.323 INFO  -=-=-=-=-=-=-=-=-=-=-=-=-=-=-=-=-=-=-=-=-=-=-=-=-=-=-=-= 
23:38:50.323 INFO  Void Music 2#3539, ready to serve [5] users in [3] servers 
23:38:50.323 INFO  -=-=-=-=-=-=-=-=-=-=-=-=-=-=-=-=-=-=-=-=-=-=-=-=-=-=-=-= 
23:40:28.364 INFO  MongoDB successfully connected 
23:40:29.039 INFO  Shard: 0 has became ready 
23:40:29.067 INFO  Lavalink node: 0.0.0.0 has connected. 
23:40:29.095 INFO  All guilds have been initialized 
23:40:29.217 INFO  -=-=-=-=-=-=-=-=-=-=-=-=-=-=-=-=-=-=-=-=-=-=-=-=-=-=-=-= 
23:40:29.217 INFO  Void Music 2#3539, ready to serve [5] users in [3] servers 
23:40:29.217 INFO  -=-=-=-=-=-=-=-=-=-=-=-=-=-=-=-=-=-=-=-=-=-=-=-=-=-=-=-= 
23:43:44.351 INFO  MongoDB successfully connected 
23:43:44.747 INFO  Shard: 0 has became ready 
23:43:44.766 INFO  Lavalink node: 0.0.0.0 has connected. 
23:43:44.898 INFO  All guilds have been initialized 
23:43:45.055 INFO  -=-=-=-=-=-=-=-=-=-=-=-=-=-=-=-=-=-=-=-=-=-=-=-=-=-=-=-= 
23:43:45.056 INFO  Void Music 2#3539, ready to serve [5] users in [3] servers 
23:43:45.056 INFO  -=-=-=-=-=-=-=-=-=-=-=-=-=-=-=-=-=-=-=-=-=-=-=-=-=-=-=-= 
23:43:47.212 ERROR Unhandled promise rejection: Cannot read properties of null (reading 'id'). 
23:44:19.771 INFO  MongoDB successfully connected 
23:44:20.286 INFO  Shard: 0 has became ready 
23:44:20.307 INFO  Lavalink node: 0.0.0.0 has connected. 
23:44:20.324 INFO  All guilds have been initialized 
23:44:20.754 INFO  -=-=-=-=-=-=-=-=-=-=-=-=-=-=-=-=-=-=-=-=-=-=-=-=-=-=-=-= 
23:44:20.754 INFO  Void Music 2#3539, ready to serve [5] users in [3] servers 
23:44:20.755 INFO  -=-=-=-=-=-=-=-=-=-=-=-=-=-=-=-=-=-=-=-=-=-=-=-=-=-=-=-= 
23:44:46.007 INFO  MongoDB successfully connected 
23:44:46.043 INFO  Shard: 0 has became ready 
23:44:46.071 INFO  Lavalink node: 0.0.0.0 has connected. 
23:44:46.239 INFO  All guilds have been initialized 
23:44:46.352 INFO  -=-=-=-=-=-=-=-=-=-=-=-=-=-=-=-=-=-=-=-=-=-=-=-=-=-=-=-= 
23:44:46.352 INFO  Void Music 2#3539, ready to serve [5] users in [3] servers 
23:44:46.352 INFO  -=-=-=-=-=-=-=-=-=-=-=-=-=-=-=-=-=-=-=-=-=-=-=-=-=-=-=-= 
23:45:03.956 INFO  MongoDB successfully connected 
23:45:05.055 INFO  Shard: 0 has became ready 
23:45:05.081 INFO  Lavalink node: 0.0.0.0 has connected. 
23:45:05.576 INFO  All guilds have been initialized 
23:45:05.690 INFO  -=-=-=-=-=-=-=-=-=-=-=-=-=-=-=-=-=-=-=-=-=-=-=-=-=-=-=-= 
23:45:05.690 INFO  Void Music 2#3539, ready to serve [5] users in [3] servers 
23:45:05.691 INFO  -=-=-=-=-=-=-=-=-=-=-=-=-=-=-=-=-=-=-=-=-=-=-=-=-=-=-=-= 
23:45:08.513 ERROR Unhandled promise rejection: Cannot read properties of undefined (reading 'queue'). 
23:55:22.817 INFO  MongoDB successfully connected 
23:55:23.638 INFO  Shard: 0 has became ready 
23:55:23.667 INFO  Lavalink node: 0.0.0.0 has connected. 
23:55:23.691 INFO  All guilds have been initialized 
23:55:23.836 INFO  -=-=-=-=-=-=-=-=-=-=-=-=-=-=-=-=-=-=-=-=-=-=-=-=-=-=-=-= 
23:55:23.836 INFO  Void Music 2#3539, ready to serve [6] users in [3] servers 
23:55:23.836 INFO  -=-=-=-=-=-=-=-=-=-=-=-=-=-=-=-=-=-=-=-=-=-=-=-=-=-=-=-= 

