19:19:13.765 INFO  =-=-=-=-=-=-=- Loading shard(s) -=-=-=-=-=-=-= 
19:19:15.111 INFO  =-=-=-=-=-=-=- Loading commands -=-=-=-=-=-=-= 
19:19:15.124 INFO  Loading Command: help. 
19:19:15.487 INFO  Loading Command: lyrics. 
19:19:15.489 INFO  Loading Command: ping. 
19:19:15.510 INFO  Loading Command: play. 
19:19:15.516 INFO  Loading Command: premiumstatus. 
19:19:15.518 INFO  Loading Command: queue. 
19:19:15.527 INFO  Loading Command: ban. 
19:19:15.535 INFO  Loading Command: playlists. 
19:19:15.541 INFO  Loading Command: prefix. 
19:19:15.548 INFO  Loading Command: setup. 
19:19:15.561 INFO  Loading Command: test. 
19:19:15.572 INFO  Loading Command: unban. 
19:19:15.620 INFO  Loading Command: docs. 
19:19:15.622 INFO  Loading Command: eval. 
19:19:15.624 INFO  Loading Command: lavalink. 
19:19:15.796 INFO  Loading Command: node. 
19:19:15.797 INFO  Loading Command: reload. 
19:19:15.799 INFO  Loading Command: shutdown. 
19:19:15.801 INFO  Loading Command: suggestion. 
19:19:15.804 INFO  Loading Command: user. 
19:19:15.805 INFO  =-=-=-=-=-=-=- Loading events -=-=-=-=-=-=-= 
19:19:16.765 ERROR Unhandled promise rejection: `useFindAndModify` is an invalid option.. 
19:19:16.768 ERROR Unhandled promise rejection: option poolsize is not supported. 
19:19:16.789 INFO  Loading Command: about. 
19:19:16.791 INFO  Loading Command: invite. 
19:19:16.803 INFO  Loading Command: shorturl. 
19:19:16.804 INFO  Loading Command: status. 
19:19:16.806 INFO  Loading Command: support. 
19:19:16.813 INFO  Loading Command: uptime. 
19:19:16.827 INFO  Loading Command: 247. 
19:19:16.829 INFO  Loading Command: back. 
19:19:16.831 INFO  Loading Command: bassboost. 
19:19:16.833 INFO  Loading Command: dc. 
19:19:16.835 INFO  Loading Command: fast-forward. 
19:19:16.848 INFO  Loading Command: join. 
19:19:16.850 INFO  Loading Command: loop. 
19:19:16.885 INFO  Loading Command: lyrics12. 
19:19:16.887 INFO  Loading Command: move. 
19:19:16.889 INFO  Loading Command: nightcore. 
19:19:16.903 INFO  Loading Command: np. 
19:19:16.906 INFO  Loading Command: p-add. 
19:19:16.908 INFO  Loading Command: p-create. 
19:19:16.910 INFO  Loading Command: p-delete. 
19:19:16.913 INFO  Loading Command: p-load. 
19:19:16.921 INFO  Loading Command: p-remove. 
19:19:16.923 INFO  Loading Command: p-view. 
19:19:16.925 INFO  Loading Command: pause. 
19:19:16.926 INFO  Loading Command: pitch. 
19:19:16.938 INFO  Loading Command: play12. 
19:19:16.940 INFO  Loading Command: previous. 
19:19:16.949 INFO  Loading Command: queue12. 
19:19:16.957 INFO  Loading Command: radio. 
19:19:16.959 INFO  Loading Command: remove. 
19:19:16.961 INFO  Loading Command: resume. 
19:19:16.962 INFO  Loading Command: rewind. 
19:19:16.964 INFO  Loading Command: search. 
19:19:16.966 INFO  Loading Command: seek. 
19:19:16.968 INFO  Loading Command: shuffle. 
19:19:16.970 INFO  Loading Command: skip. 
19:19:16.971 INFO  Loading Command: speed. 
19:19:16.973 INFO  Loading Command: vaporwave. 
19:19:16.975 INFO  Loading Command: volume. 
19:19:16.981 INFO  Loading Event: channelDelete 
19:19:16.984 INFO  Loading Event: messageReactionAdd 
19:19:16.997 INFO  Loading Event: voiceStateUpdate 
19:19:16.999 INFO  Loading Event: clickButton 
19:19:17.012 INFO  Loading Event: slashCreate 
19:19:17.014 INFO  Loading Event: shardDisconnect 
19:19:17.016 INFO  Loading Event: shardError 
19:19:17.017 INFO  Loading Event: shardReady 
19:19:17.019 INFO  Loading Event: shardReconnecting 
19:19:17.021 INFO  Loading Event: debug 
19:19:17.022 INFO  Loading Event: error 
19:19:17.025 INFO  Loading Event: guildCreate 
19:19:17.028 INFO  Loading Event: guildDelete 
19:19:17.030 INFO  Loading Event: guildUnavailable 
19:19:17.031 INFO  Loading Event: interactionCreate 
19:19:17.047 INFO  Loading Event: messageCreate 
19:19:17.048 INFO  Loading Event: rateLimit 
19:19:17.049 INFO  Loading Event: raw 
19:19:17.058 INFO  Loading Event: ready 
19:19:17.059 INFO  Loading Event: warn 
19:20:02.526 INFO  =-=-=-=-=-=-=- Loading shard(s) -=-=-=-=-=-=-= 
19:20:04.108 INFO  =-=-=-=-=-=-=- Loading commands -=-=-=-=-=-=-= 
19:20:04.293 INFO  =-=-=-=-=-=-=- Loading shard(s) -=-=-=-=-=-=-= 
19:20:04.123 INFO  Loading Command: ban. 
19:20:04.124 INFO  Loading Command: playlists. 
19:20:04.126 INFO  Loading Command: prefix. 
19:20:04.127 INFO  Loading Command: setup. 
19:20:04.128 INFO  Loading Command: test. 
19:20:04.130 INFO  Loading Command: unban. 
19:20:04.135 INFO  Loading Command: help. 
19:20:04.290 INFO  Loading Command: lyrics. 
19:20:04.292 INFO  Loading Command: ping. 
19:20:04.293 INFO  Loading Command: play. 
19:20:04.295 INFO  Loading Command: premiumstatus. 
19:20:04.296 INFO  Loading Command: queue. 
19:20:04.335 INFO  Loading Command: docs. 
19:20:04.337 INFO  Loading Command: eval. 
19:20:04.338 INFO  Loading Command: lavalink. 
19:20:04.377 INFO  Loading Command: node. 
19:20:04.378 INFO  Loading Command: reload. 
19:20:04.379 INFO  Loading Command: shutdown. 
19:20:04.380 INFO  Loading Command: suggestion. 
19:20:04.384 INFO  Loading Command: user. 
19:20:04.387 INFO  Loading Command: about. 
19:20:04.388 INFO  Loading Command: invite. 
19:20:04.391 INFO  Loading Command: shorturl. 
19:20:04.393 INFO  Loading Command: status. 
19:20:04.394 INFO  Loading Command: support. 
19:20:04.396 INFO  Loading Command: uptime. 
19:20:04.398 INFO  Loading Command: 247. 
19:20:04.400 INFO  Loading Command: back. 
19:20:04.402 INFO  Loading Command: bassboost. 
19:20:04.404 INFO  Loading Command: dc. 
19:20:04.405 INFO  Loading Command: fast-forward. 
19:20:04.407 INFO  Loading Command: join. 
19:20:04.409 INFO  Loading Command: loop. 
19:20:04.416 INFO  Loading Command: lyrics12. 
19:20:04.417 INFO  Loading Command: move. 
19:20:04.418 INFO  Loading Command: nightcore. 
19:20:04.423 INFO  Loading Command: np. 
19:20:04.426 INFO  Loading Command: p-add. 
19:20:04.427 INFO  Loading Command: p-create. 
19:20:04.428 INFO  Loading Command: p-delete. 
19:20:04.430 INFO  Loading Command: p-load. 
19:20:04.431 INFO  Loading Command: p-remove. 
19:20:04.433 INFO  Loading Command: p-view. 
19:20:04.434 INFO  Loading Command: pause. 
19:20:04.435 INFO  Loading Command: pitch. 
19:20:04.436 INFO  Loading Command: play12. 
19:20:04.437 INFO  Loading Command: previous. 
19:20:04.438 INFO  Loading Command: queue12. 
19:20:04.445 INFO  Loading Command: radio. 
19:20:04.446 INFO  Loading Command: remove. 
19:20:04.447 INFO  Loading Command: resume. 
19:20:04.449 INFO  Loading Command: rewind. 
19:20:04.450 INFO  Loading Command: search. 
19:20:04.451 INFO  Loading Command: seek. 
19:20:04.452 INFO  Loading Command: shuffle. 
19:20:04.453 INFO  Loading Command: skip. 
19:20:04.454 INFO  Loading Command: speed. 
19:20:04.455 INFO  Loading Command: vaporwave. 
19:20:04.456 INFO  Loading Command: volume. 
19:20:04.457 INFO  =-=-=-=-=-=-=- Loading events -=-=-=-=-=-=-= 
19:20:04.714 ERROR Unhandled promise rejection: `useFindAndModify` is an invalid option.. 
19:20:04.717 ERROR Unhandled promise rejection: option poolsize is not supported. 
19:20:04.720 INFO  Loading Event: clickButton 
19:20:04.722 INFO  Loading Event: slashCreate 
19:20:04.724 INFO  Loading Event: debug 
19:20:04.726 INFO  Loading Event: error 
19:20:04.728 INFO  Loading Event: guildCreate 
19:20:04.729 INFO  Loading Event: guildDelete 
19:20:04.730 INFO  Loading Event: guildUnavailable 
19:20:04.731 INFO  Loading Event: interactionCreate 
19:20:04.735 INFO  Loading Event: messageCreate 
19:20:04.737 INFO  Loading Event: rateLimit 
19:20:04.738 INFO  Loading Event: raw 
19:20:04.739 INFO  Loading Event: ready 
19:20:04.740 INFO  Loading Event: warn 
19:20:04.742 INFO  Loading Event: channelDelete 
19:20:04.744 INFO  Loading Event: messageReactionAdd 
19:20:04.745 INFO  Loading Event: voiceStateUpdate 
19:20:04.747 INFO  Loading Event: shardDisconnect 
19:20:04.749 INFO  Loading Event: shardError 
19:20:04.750 INFO  Loading Event: shardReady 
19:20:04.751 INFO  Loading Event: shardReconnecting 
19:20:05.667 INFO  =-=-=-=-=-=-=- Loading commands -=-=-=-=-=-=-= 
19:20:05.699 INFO  Loading Command: docs. 
19:20:05.700 INFO  Loading Command: eval. 
19:20:05.706 INFO  Loading Command: lavalink. 
19:20:05.742 INFO  Loading Command: node. 
19:20:05.744 INFO  Loading Command: reload. 
19:20:05.745 INFO  Loading Command: shutdown. 
19:20:05.747 INFO  Loading Command: suggestion. 
19:20:05.750 INFO  Loading Command: user. 
19:20:05.755 INFO  Loading Command: help. 
19:20:05.873 INFO  Loading Command: lyrics. 
19:20:05.874 INFO  Loading Command: ping. 
19:20:05.875 INFO  Loading Command: play. 
19:20:05.877 INFO  Loading Command: premiumstatus. 
19:20:05.879 INFO  Loading Command: queue. 
19:20:05.883 INFO  Loading Command: ban. 
19:20:05.885 INFO  Loading Command: playlists. 
19:20:05.887 INFO  Loading Command: prefix. 
19:20:05.889 INFO  Loading Command: setup. 
19:20:05.890 INFO  Loading Command: test. 
19:20:05.892 INFO  Loading Command: unban. 
19:20:05.893 INFO  =-=-=-=-=-=-=- Loading events -=-=-=-=-=-=-= 
19:20:06.119 ERROR Unhandled promise rejection: `useFindAndModify` is an invalid option.. 
19:20:06.122 ERROR Unhandled promise rejection: option poolsize is not supported. 
19:20:06.127 INFO  Loading Command: 247. 
19:20:06.129 INFO  Loading Command: back. 
19:20:06.132 INFO  Loading Command: bassboost. 
19:20:06.135 INFO  Loading Command: dc. 
19:20:06.137 INFO  Loading Command: fast-forward. 
19:20:06.139 INFO  Loading Command: join. 
19:20:06.141 INFO  Loading Command: loop. 
19:20:06.148 INFO  Loading Command: lyrics12. 
19:20:06.150 INFO  Loading Command: move. 
19:20:06.152 INFO  Loading Command: nightcore. 
19:20:06.157 INFO  Loading Command: np. 
19:20:06.160 INFO  Loading Command: p-add. 
19:20:06.162 INFO  Loading Command: p-create. 
19:20:06.164 INFO  Loading Command: p-delete. 
19:20:06.167 INFO  Loading Command: p-load. 
19:20:06.169 INFO  Loading Command: p-remove. 
19:20:06.171 INFO  Loading Command: p-view. 
19:20:06.173 INFO  Loading Command: pause. 
19:20:06.175 INFO  Loading Command: pitch. 
19:20:06.178 INFO  Loading Command: play12. 
19:20:06.179 INFO  Loading Command: previous. 
19:20:06.182 INFO  Loading Command: queue12. 
19:20:06.193 INFO  Loading Command: radio. 
19:20:06.195 INFO  Loading Command: remove. 
19:20:06.196 INFO  Loading Command: resume. 
19:20:06.198 INFO  Loading Command: rewind. 
19:20:06.200 INFO  Loading Command: search. 
19:20:06.202 INFO  Loading Command: seek. 
19:20:06.204 INFO  Loading Command: shuffle. 
19:20:06.206 INFO  Loading Command: skip. 
19:20:06.208 INFO  Loading Command: speed. 
19:20:06.210 INFO  Loading Command: vaporwave. 
19:20:06.212 INFO  Loading Command: volume. 
19:20:06.217 INFO  Loading Command: about. 
19:20:06.219 INFO  Loading Command: invite. 
19:20:06.224 INFO  Loading Command: shorturl. 
19:20:06.226 INFO  Loading Command: status. 
19:20:06.228 INFO  Loading Command: support. 
19:20:06.229 INFO  Loading Command: uptime. 
19:20:06.235 INFO  Loading Event: clickButton 
19:20:06.238 INFO  Loading Event: slashCreate 
19:20:06.242 INFO  Loading Event: channelDelete 
19:20:06.245 INFO  Loading Event: messageReactionAdd 
19:20:06.247 INFO  Loading Event: voiceStateUpdate 
19:20:06.250 INFO  Loading Event: debug 
19:20:06.253 INFO  Loading Event: error 
19:20:06.258 INFO  Loading Event: guildCreate 
19:20:06.261 INFO  Loading Event: guildDelete 
19:20:06.263 INFO  Loading Event: guildUnavailable 
19:20:06.265 INFO  Loading Event: interactionCreate 
19:20:06.270 INFO  Loading Event: messageCreate 
19:20:06.272 INFO  Loading Event: rateLimit 
19:20:06.274 INFO  Loading Event: raw 
19:20:06.276 INFO  Loading Event: ready 
19:20:06.278 INFO  Loading Event: warn 
19:20:06.280 INFO  Loading Event: shardDisconnect 
19:20:06.283 INFO  Loading Event: shardError 
19:20:06.284 INFO  Loading Event: shardReady 
19:20:06.286 INFO  Loading Event: shardReconnecting 
19:20:07.693 ERROR Error loading shards: Shard 0's process exited before its Client became ready. 
19:20:37.713 INFO  =-=-=-=-=-=-=- Loading shard(s) -=-=-=-=-=-=-= 
19:20:39.008 INFO  =-=-=-=-=-=-=- Loading commands -=-=-=-=-=-=-= 
19:20:39.019 INFO  Loading Command: ban. 
19:20:39.021 INFO  Loading Command: playlists. 
19:20:39.022 INFO  Loading Command: prefix. 
19:20:39.024 INFO  Loading Command: setup. 
19:20:39.025 INFO  Loading Command: test. 
19:20:39.027 INFO  Loading Command: unban. 
19:20:39.031 INFO  Loading Command: help. 
19:20:39.150 INFO  Loading Command: lyrics. 
19:20:39.152 INFO  Loading Command: ping. 
19:20:39.154 INFO  Loading Command: play. 
19:20:39.155 INFO  Loading Command: premiumstatus. 
19:20:39.157 INFO  Loading Command: queue. 
19:20:39.187 INFO  Loading Command: docs. 
19:20:39.189 INFO  Loading Command: eval. 
19:20:39.190 INFO  Loading Command: lavalink. 
19:20:39.222 INFO  Loading Command: node. 
19:20:39.223 INFO  Loading Command: reload. 
19:20:39.225 INFO  Loading Command: shutdown. 
19:20:39.226 INFO  Loading Command: suggestion. 
19:20:39.229 INFO  Loading Command: user. 
19:20:39.233 INFO  Loading Command: about. 
19:20:39.235 INFO  Loading Command: invite. 
19:20:39.237 INFO  Loading Command: shorturl. 
19:20:39.239 INFO  Loading Command: status. 
19:20:39.240 INFO  Loading Command: support. 
19:20:39.242 INFO  Loading Command: uptime. 
19:20:39.243 INFO  =-=-=-=-=-=-=- Loading events -=-=-=-=-=-=-= 
19:20:39.462 ERROR Unhandled promise rejection: `useFindAndModify` is an invalid option.. 
19:20:39.465 ERROR Unhandled promise rejection: option poolsize is not supported. 
19:20:39.469 INFO  Loading Command: 247. 
19:20:39.470 INFO  Loading Command: back. 
19:20:39.472 INFO  Loading Command: bassboost. 
19:20:39.473 INFO  Loading Command: dc. 
19:20:39.475 INFO  Loading Command: fast-forward. 
19:20:39.477 INFO  Loading Command: join. 
19:20:39.478 INFO  Loading Command: loop. 
19:20:39.483 INFO  Loading Command: lyrics12. 
19:20:39.484 INFO  Loading Command: move. 
19:20:39.486 INFO  Loading Command: nightcore. 
19:20:39.488 INFO  Loading Command: np. 
19:20:39.490 INFO  Loading Command: p-add. 
19:20:39.492 INFO  Loading Command: p-create. 
19:20:39.494 INFO  Loading Command: p-delete. 
19:20:39.496 INFO  Loading Command: p-load. 
19:20:39.498 INFO  Loading Command: p-remove. 
19:20:39.499 INFO  Loading Command: p-view. 
19:20:39.500 INFO  Loading Command: pause. 
19:20:39.502 INFO  Loading Command: pitch. 
19:20:39.503 INFO  Loading Command: play12. 
19:20:39.505 INFO  Loading Command: previous. 
19:20:39.506 INFO  Loading Command: queue12. 
19:20:39.514 INFO  Loading Command: radio. 
19:20:39.515 INFO  Loading Command: remove. 
19:20:39.517 INFO  Loading Command: resume. 
19:20:39.518 INFO  Loading Command: rewind. 
19:20:39.519 INFO  Loading Command: search. 
19:20:39.521 INFO  Loading Command: seek. 
19:20:39.523 INFO  Loading Command: shuffle. 
19:20:39.524 INFO  Loading Command: skip. 
19:20:39.526 INFO  Loading Command: speed. 
19:20:39.527 INFO  Loading Command: vaporwave. 
19:20:39.528 INFO  Loading Command: volume. 
19:20:39.532 INFO  Loading Event: debug 
19:20:39.534 INFO  Loading Event: error 
19:20:39.537 INFO  Loading Event: guildCreate 
19:20:39.539 INFO  Loading Event: guildDelete 
19:20:39.540 INFO  Loading Event: guildUnavailable 
19:20:39.542 INFO  Loading Event: interactionCreate 
19:20:39.545 INFO  Loading Event: messageCreate 
19:20:39.547 INFO  Loading Event: rateLimit 
19:20:39.548 INFO  Loading Event: raw 
19:20:39.550 INFO  Loading Event: ready 
19:20:39.551 INFO  Loading Event: warn 
19:20:39.553 INFO  Loading Event: clickButton 
19:20:39.555 INFO  Loading Event: slashCreate 
19:20:39.557 INFO  Loading Event: shardDisconnect 
19:20:39.559 INFO  Loading Event: shardError 
19:20:39.560 INFO  Loading Event: shardReady 
19:20:39.561 INFO  Loading Event: shardReconnecting 
19:20:39.563 INFO  Loading Event: channelDelete 
19:20:39.565 INFO  Loading Event: messageReactionAdd 
19:20:39.567 INFO  Loading Event: voiceStateUpdate 
19:21:07.959 ERROR Error loading shards: Shard 0's Client took too long to become ready. 
19:24:21.640 INFO  =-=-=-=-=-=-=- Loading shard(s) -=-=-=-=-=-=-= 
19:24:22.949 INFO  =-=-=-=-=-=-=- Loading commands -=-=-=-=-=-=-= 
19:24:22.961 INFO  Loading Command: ban. 
19:24:22.962 INFO  Loading Command: playlists. 
19:24:22.963 INFO  Loading Command: prefix. 
19:24:22.966 INFO  Loading Command: setup. 
19:24:22.967 INFO  Loading Command: test. 
19:24:22.969 INFO  Loading Command: unban. 
19:24:23.003 INFO  Loading Command: docs. 
19:24:23.004 INFO  Loading Command: eval. 
19:24:23.006 INFO  Loading Command: lavalink. 
19:24:23.035 INFO  Loading Command: node. 
19:24:23.037 INFO  Loading Command: reload. 
19:24:23.038 INFO  Loading Command: shutdown. 
19:24:23.039 INFO  Loading Command: suggestion. 
19:24:23.043 INFO  Loading Command: user. 
19:24:23.047 INFO  Loading Command: help. 
19:24:23.159 INFO  Loading Command: lyrics. 
19:24:23.161 INFO  Loading Command: ping. 
19:24:23.162 INFO  Loading Command: play. 
19:24:23.164 INFO  Loading Command: premiumstatus. 
19:24:23.166 INFO  Loading Command: queue. 
19:24:23.167 INFO  =-=-=-=-=-=-=- Loading events -=-=-=-=-=-=-= 
19:24:23.388 ERROR Unhandled promise rejection: option poolsize is not supported. 
19:24:23.394 INFO  Loading Command: about. 
19:24:23.396 INFO  Loading Command: invite. 
19:24:23.398 INFO  Loading Command: shorturl. 
19:24:23.399 INFO  Loading Command: status. 
19:24:23.401 INFO  Loading Command: support. 
19:24:23.402 INFO  Loading Command: uptime. 
19:24:23.404 INFO  Loading Command: 247. 
19:24:23.406 INFO  Loading Command: back. 
19:24:23.408 INFO  Loading Command: bassboost. 
19:24:23.410 INFO  Loading Command: dc. 
19:24:23.411 INFO  Loading Command: fast-forward. 
19:24:23.413 INFO  Loading Command: join. 
19:24:23.414 INFO  Loading Command: loop. 
19:24:23.419 INFO  Loading Command: lyrics12. 
19:24:23.421 INFO  Loading Command: move. 
19:24:23.422 INFO  Loading Command: nightcore. 
19:24:23.425 INFO  Loading Command: np. 
19:24:23.426 INFO  Loading Command: p-add. 
19:24:23.428 INFO  Loading Command: p-create. 
19:24:23.430 INFO  Loading Command: p-delete. 
19:24:23.431 INFO  Loading Command: p-load. 
19:24:23.433 INFO  Loading Command: p-remove. 
19:24:23.434 INFO  Loading Command: p-view. 
19:24:23.436 INFO  Loading Command: pause. 
19:24:23.437 INFO  Loading Command: pitch. 
19:24:23.439 INFO  Loading Command: play12. 
19:24:23.440 INFO  Loading Command: previous. 
19:24:23.442 INFO  Loading Command: queue12. 
19:24:23.449 INFO  Loading Command: radio. 
19:24:23.450 INFO  Loading Command: remove. 
19:24:23.451 INFO  Loading Command: resume. 
19:24:23.453 INFO  Loading Command: rewind. 
19:24:23.454 INFO  Loading Command: search. 
19:24:23.456 INFO  Loading Command: seek. 
19:24:23.457 INFO  Loading Command: shuffle. 
19:24:23.458 INFO  Loading Command: skip. 
19:24:23.460 INFO  Loading Command: speed. 
19:24:23.461 INFO  Loading Command: vaporwave. 
19:24:23.463 INFO  Loading Command: volume. 
19:24:23.467 INFO  Loading Event: channelDelete 
19:24:23.470 INFO  Loading Event: messageReactionAdd 
19:24:23.471 INFO  Loading Event: voiceStateUpdate 
19:24:23.473 INFO  Loading Event: debug 
19:24:23.474 INFO  Loading Event: error 
19:24:23.477 INFO  Loading Event: guildCreate 
19:24:23.479 INFO  Loading Event: guildDelete 
19:24:23.480 INFO  Loading Event: guildUnavailable 
19:24:23.481 INFO  Loading Event: interactionCreate 
19:24:23.484 INFO  Loading Event: messageCreate 
19:24:23.485 INFO  Loading Event: rateLimit 
19:24:23.487 INFO  Loading Event: raw 
19:24:23.488 INFO  Loading Event: ready 
19:24:23.489 INFO  Loading Event: warn 
19:24:23.491 INFO  Loading Event: clickButton 
19:24:23.494 INFO  Loading Event: slashCreate 
19:24:23.496 INFO  Loading Event: shardDisconnect 
19:24:23.497 INFO  Loading Event: shardError 
19:24:23.498 INFO  Loading Event: shardReady 
19:24:23.499 INFO  Loading Event: shardReconnecting 
19:24:24.239 INFO  Shard: 0 has became ready 
19:24:24.267 INFO  =-=-=-=-=-=-=- Loading Guild Specific Interaction(s) -=-=-=-=-=-=-= 
19:24:24.369 INFO  Lavalink node: 0.0.0.0 has connected. 
19:24:34.280 ERROR Unhandled promise rejection: Operation `guilds.findOne()` buffering timed out after 10000ms. 
19:24:34.281 ERROR Unhandled promise rejection: Operation `guilds.findOne()` buffering timed out after 10000ms. 
19:24:34.282 ERROR Unhandled promise rejection: Operation `guilds.findOne()` buffering timed out after 10000ms. 
19:24:44.723 INFO  =-=-=-=-=-=-=- Loading shard(s) -=-=-=-=-=-=-= 
19:24:46.208 INFO  =-=-=-=-=-=-=- Loading commands -=-=-=-=-=-=-= 
19:24:46.221 INFO  Loading Command: ban. 
19:24:46.222 INFO  Loading Command: playlists. 
19:24:46.224 INFO  Loading Command: prefix. 
19:24:46.226 INFO  Loading Command: setup. 
19:24:46.227 INFO  Loading Command: test. 
19:24:46.229 INFO  Loading Command: unban. 
19:24:46.234 INFO  Loading Command: help. 
19:24:46.363 INFO  Loading Command: lyrics. 
19:24:46.364 INFO  Loading Command: ping. 
19:24:46.366 INFO  Loading Command: play. 
19:24:46.368 INFO  Loading Command: premiumstatus. 
19:24:46.370 INFO  Loading Command: queue. 
19:24:46.400 INFO  Loading Command: docs. 
19:24:46.402 INFO  Loading Command: eval. 
19:24:46.405 INFO  Loading Command: lavalink. 
19:24:46.438 INFO  Loading Command: node. 
19:24:46.440 INFO  Loading Command: reload. 
19:24:46.441 INFO  Loading Command: shutdown. 
19:24:46.442 INFO  Loading Command: suggestion. 
19:24:46.446 INFO  Loading Command: user. 
19:24:46.446 INFO  =-=-=-=-=-=-=- Loading events -=-=-=-=-=-=-= 
19:24:46.679 INFO  Loading Command: 247. 
19:24:46.680 INFO  Loading Command: back. 
19:24:46.683 INFO  Loading Command: bassboost. 
19:24:46.684 INFO  Loading Command: dc. 
19:24:46.686 INFO  Loading Command: fast-forward. 
19:24:46.687 INFO  Loading Command: join. 
19:24:46.689 INFO  Loading Command: loop. 
19:24:46.694 INFO  Loading Command: lyrics12. 
19:24:46.696 INFO  Loading Command: move. 
19:24:46.697 INFO  Loading Command: nightcore. 
19:24:46.700 INFO  Loading Command: np. 
19:24:46.702 INFO  Loading Command: p-add. 
19:24:46.704 INFO  Loading Command: p-create. 
19:24:46.705 INFO  Loading Command: p-delete. 
19:24:46.707 INFO  Loading Command: p-load. 
19:24:46.709 INFO  Loading Command: p-remove. 
19:24:46.710 INFO  Loading Command: p-view. 
19:24:46.712 INFO  Loading Command: pause. 
19:24:46.713 INFO  Loading Command: pitch. 
19:24:46.715 INFO  Loading Command: play12. 
19:24:46.717 INFO  Loading Command: previous. 
19:24:46.718 INFO  Loading Command: queue12. 
19:24:46.725 INFO  Loading Command: radio. 
19:24:46.726 INFO  Loading Command: remove. 
19:24:46.728 INFO  Loading Command: resume. 
19:24:46.729 INFO  Loading Command: rewind. 
19:24:46.730 INFO  Loading Command: search. 
19:24:46.732 INFO  Loading Command: seek. 
19:24:46.734 INFO  Loading Command: shuffle. 
19:24:46.736 INFO  Loading Command: skip. 
19:24:46.737 INFO  Loading Command: speed. 
19:24:46.739 INFO  Loading Command: vaporwave. 
19:24:46.740 INFO  Loading Command: volume. 
19:24:46.744 INFO  Loading Command: about. 
19:24:46.745 INFO  Loading Command: invite. 
19:24:46.748 INFO  Loading Command: shorturl. 
19:24:46.750 INFO  Loading Command: status. 
19:24:46.751 INFO  Loading Command: support. 
19:24:46.753 INFO  Loading Command: uptime. 
19:24:46.756 INFO  Loading Event: clickButton 
19:24:46.758 INFO  Loading Event: slashCreate 
19:24:46.760 INFO  Loading Event: shardDisconnect 
19:24:46.762 INFO  Loading Event: shardError 
19:24:46.763 INFO  Loading Event: shardReady 
19:24:46.764 INFO  Loading Event: shardReconnecting 
19:24:46.767 INFO  Loading Event: channelDelete 
19:24:46.769 INFO  Loading Event: messageReactionAdd 
19:24:46.770 INFO  Loading Event: voiceStateUpdate 
19:24:46.772 INFO  Loading Event: debug 
19:24:46.773 INFO  Loading Event: error 
19:24:46.775 INFO  Loading Event: guildCreate 
19:24:46.777 INFO  Loading Event: guildDelete 
19:24:46.779 INFO  Loading Event: guildUnavailable 
19:24:46.780 INFO  Loading Event: interactionCreate 
19:24:46.785 INFO  Loading Event: messageCreate 
19:24:46.786 INFO  Loading Event: rateLimit 
19:24:46.787 INFO  Loading Event: raw 
19:24:46.789 INFO  Loading Event: ready 
19:24:46.790 INFO  Loading Event: warn 
19:24:47.089 INFO  MongoDB successfully connected 
19:24:47.578 INFO  Shard: 0 has became ready 
19:24:47.584 INFO  =-=-=-=-=-=-=- Loading Guild Specific Interaction(s) -=-=-=-=-=-=-= 
19:24:47.600 INFO  Lavalink node: 0.0.0.0 has connected. 
19:24:47.702 INFO  All guilds have been initialized. 
19:24:47.702 INFO  -=-=-=-=-=-=-=-=-=-=-=-=-=-=-=-=-=-=-=-=-=-=-=-=-=-=-=-= 
19:24:47.703 INFO  Moody 2#6662, ready to serve [2] users in [3] servers. 
19:24:47.703 INFO  -=-=-=-=-=-=-=-=-=-=-=-=-=-=-=-=-=-=-=-=-=-=-=-=-=-=-=-= 
19:24:47.840 INFO  Loaded Interactions for guild: Moody 
19:24:47.854 INFO  Loaded Interactions for guild: Friends 
19:24:47.934 INFO  Loaded Interactions for guild: TEST 
19:24:59.231 INFO  Lavalink player created in guild: 735649514815488120. 
19:24:59.337 INFO  Track Loaded: Basta Boi - TikTok Remix 
19:26:56.613 ERROR  
19:27:01.571 ERROR  
19:27:03.470 ERROR  
19:27:13.027 INFO  Found Track: Wirst du im Leben erfolgreich sein? Ein genauer Test 
19:27:30.165 INFO  Track found: Wirst du im Leben erfolgreich sein? Ein genauer Test 
19:27:46.416 INFO  Track Loaded: Basta Boi - TikTok Remix 
19:31:24.023 INFO  =-=-=-=-=-=-=- Loading shard(s) -=-=-=-=-=-=-= 
19:31:25.411 INFO  =-=-=-=-=-=-=- Loading commands -=-=-=-=-=-=-= 
19:31:25.423 INFO  Loading Command: ban. 
19:31:25.424 INFO  Loading Command: playlists. 
19:31:25.426 INFO  Loading Command: prefix. 
19:31:25.427 INFO  Loading Command: setup. 
19:31:25.428 INFO  Loading Command: test. 
19:31:25.430 INFO  Loading Command: unban. 
19:31:25.434 INFO  Loading Command: help. 
19:31:25.556 INFO  Loading Command: lyrics. 
19:31:25.558 INFO  Loading Command: ping. 
19:31:25.560 INFO  Loading Command: play. 
19:31:25.562 INFO  Loading Command: premiumstatus. 
19:31:25.564 INFO  Loading Command: queue. 
19:31:25.591 INFO  Loading Command: docs. 
19:31:25.593 INFO  Loading Command: eval. 
19:31:25.595 INFO  Loading Command: lavalink. 
19:31:25.631 INFO  Loading Command: node. 
19:31:25.632 INFO  Loading Command: reload. 
19:31:25.633 INFO  Loading Command: shutdown. 
19:31:25.634 INFO  Loading Command: suggestion. 
19:31:25.638 INFO  Loading Command: user. 
19:31:25.639 INFO  =-=-=-=-=-=-=- Loading events -=-=-=-=-=-=-= 
19:31:25.900 INFO  Loading Command: about. 
19:31:25.901 INFO  Loading Command: invite. 
19:31:25.905 INFO  Loading Command: shorturl. 
19:31:25.906 INFO  Loading Command: status. 
19:31:25.908 INFO  Loading Command: support. 
19:31:25.909 INFO  Loading Command: uptime. 
19:31:25.912 INFO  Loading Command: 247. 
19:31:25.913 INFO  Loading Command: back. 
19:31:25.915 INFO  Loading Command: bassboost. 
19:31:25.917 INFO  Loading Command: dc. 
19:31:25.918 INFO  Loading Command: fast-forward. 
19:31:25.920 INFO  Loading Command: join. 
19:31:25.921 INFO  Loading Command: loop. 
19:31:25.926 INFO  Loading Command: lyrics12. 
19:31:25.927 INFO  Loading Command: move. 
19:31:25.928 INFO  Loading Command: nightcore. 
19:31:25.931 INFO  Loading Command: np. 
19:31:25.934 INFO  Loading Command: p-add. 
19:31:25.935 INFO  Loading Command: p-create. 
19:31:25.936 INFO  Loading Command: p-delete. 
19:31:25.938 INFO  Loading Command: p-load. 
19:31:25.940 INFO  Loading Command: p-remove. 
19:31:25.941 INFO  Loading Command: p-view. 
19:31:25.942 INFO  Loading Command: pause. 
19:31:25.943 INFO  Loading Command: pitch. 
19:31:25.945 INFO  Loading Command: play12. 
19:31:25.946 INFO  Loading Command: previous. 
19:31:25.947 INFO  Loading Command: queue12. 
19:31:25.954 INFO  Loading Command: radio. 
19:31:25.956 INFO  Loading Command: remove. 
19:31:25.957 INFO  Loading Command: resume. 
19:31:25.958 INFO  Loading Command: rewind. 
19:31:25.960 INFO  Loading Command: search. 
19:31:25.961 INFO  Loading Command: seek. 
19:31:25.962 INFO  Loading Command: shuffle. 
19:31:25.964 INFO  Loading Command: skip. 
19:31:25.965 INFO  Loading Command: speed. 
19:31:25.967 INFO  Loading Command: vaporwave. 
19:31:25.968 INFO  Loading Command: volume. 
19:31:25.972 INFO  Loading Event: debug 
19:31:25.974 INFO  Loading Event: error 
19:31:25.976 INFO  Loading Event: guildCreate 
19:31:25.978 INFO  Loading Event: guildDelete 
19:31:25.979 INFO  Loading Event: guildUnavailable 
19:31:25.980 INFO  Loading Event: interactionCreate 
19:31:25.983 INFO  Loading Event: messageCreate 
19:31:25.984 INFO  Loading Event: rateLimit 
19:31:25.986 INFO  Loading Event: raw 
19:31:25.987 INFO  Loading Event: ready 
19:31:25.988 INFO  Loading Event: warn 
19:31:25.990 INFO  Loading Event: shardDisconnect 
19:31:25.991 INFO  Loading Event: shardError 
19:31:25.992 INFO  Loading Event: shardReady 
19:31:25.993 INFO  Loading Event: shardReconnecting 
19:31:25.996 INFO  Loading Event: channelDelete 
19:31:25.997 INFO  Loading Event: messageReactionAdd 
19:31:25.999 INFO  Loading Event: voiceStateUpdate 
19:31:26.000 INFO  Loading Event: clickButton 
19:31:26.003 INFO  Loading Event: slashCreate 
19:31:26.318 INFO  MongoDB successfully connected 
19:31:26.711 INFO  Shard: 0 has became ready 
19:31:26.716 INFO  =-=-=-=-=-=-=- Loading Guild Specific Interaction(s) -=-=-=-=-=-=-= 
19:31:26.733 INFO  Lavalink node: 0.0.0.0 has connected. 
19:31:26.896 INFO  All guilds have been initialized. 
19:31:26.897 INFO  -=-=-=-=-=-=-=-=-=-=-=-=-=-=-=-=-=-=-=-=-=-=-=-=-=-=-=-= 
19:31:26.897 INFO  Moody 2#6662, ready to serve [3] users in [3] servers. 
19:31:26.898 INFO  -=-=-=-=-=-=-=-=-=-=-=-=-=-=-=-=-=-=-=-=-=-=-=-=-=-=-=-= 
19:31:26.962 INFO  Loaded Interactions for guild: Moody 
19:31:26.992 INFO  Loaded Interactions for guild: Friends 
19:31:27.120 INFO  Loaded Interactions for guild: TEST 
19:31:32.099 INFO  Lavalink player created in guild: 735649514815488120. 
19:31:32.202 INFO  Track Loaded: Basta Boi - TikTok Remix 
19:36:38.596 INFO  Lavalink player destroyed in guild: 735649514815488120. 
20:19:22.515 INFO  Lavalink player created in guild: 735649514815488120. 
20:19:22.634 INFO  Track Loaded: Basta Boi - TikTok Remix 
20:37:31.103 INFO  Track Loaded: THATS WHAT I WANT 
20:42:25.781 INFO  Lavalink player destroyed in guild: 735649514815488120. 
