01:20:05.780 INFO  MongoDB successfully connected 
01:20:06.102 INFO  Shard: 0 has became ready 
01:20:06.148 INFO  All guilds have been initialized. 
01:20:06.148 INFO  -=-=-=-=-=-=-=-=-=-=-=-=-=-=-=-=-=-=-=-=-=-=-=-=-=-=-=-= 
01:20:06.148 INFO  Void Music 2#3539, ready to serve [1] users in [2] servers. 
01:20:06.149 INFO  -=-=-=-=-=-=-=-=-=-=-=-=-=-=-=-=-=-=-=-=-=-=-=-=-=-=-=-= 
01:20:06.372 INFO  Lavalink node: losingtime.dpaste.org has connected. 
01:21:13.766 INFO  MongoDB successfully connected 
01:21:14.020 INFO  Shard: 0 has became ready 
01:21:14.067 INFO  All guilds have been initialized. 
01:21:14.067 INFO  -=-=-=-=-=-=-=-=-=-=-=-=-=-=-=-=-=-=-=-=-=-=-=-=-=-=-=-= 
01:21:14.067 INFO  Void Music 2#3539, ready to serve [1] users in [2] servers. 
01:21:14.068 INFO  -=-=-=-=-=-=-=-=-=-=-=-=-=-=-=-=-=-=-=-=-=-=-=-=-=-=-=-= 
01:21:14.295 INFO  Lavalink node: losingtime.dpaste.org has connected. 
01:21:45.551 INFO  MongoDB successfully connected 
01:21:45.846 INFO  Shard: 0 has became ready 
01:21:45.888 INFO  All guilds have been initialized. 
01:21:45.888 INFO  -=-=-=-=-=-=-=-=-=-=-=-=-=-=-=-=-=-=-=-=-=-=-=-=-=-=-=-= 
01:21:45.888 INFO  Void Music 2#3539, ready to serve [1] users in [2] servers. 
01:21:45.889 INFO  -=-=-=-=-=-=-=-=-=-=-=-=-=-=-=-=-=-=-=-=-=-=-=-=-=-=-=-= 
01:21:46.103 INFO  Lavalink node: losingtime.dpaste.org has connected. 
01:43:55.553 INFO  MongoDB successfully connected 
01:43:55.828 INFO  Shard: 0 has became ready 
01:43:55.882 INFO  All guilds have been initialized. 
01:43:55.882 INFO  -=-=-=-=-=-=-=-=-=-=-=-=-=-=-=-=-=-=-=-=-=-=-=-=-=-=-=-= 
01:43:55.883 INFO  Void Music 2#3539, ready to serve [1] users in [2] servers. 
01:43:55.883 INFO  -=-=-=-=-=-=-=-=-=-=-=-=-=-=-=-=-=-=-=-=-=-=-=-=-=-=-=-= 
01:43:56.137 INFO  Lavalink node: losingtime.dpaste.org has connected. 
01:44:32.881 INFO  MongoDB successfully connected 
01:44:33.195 INFO  Shard: 0 has became ready 
01:44:33.253 INFO  All guilds have been initialized. 
01:44:33.253 INFO  -=-=-=-=-=-=-=-=-=-=-=-=-=-=-=-=-=-=-=-=-=-=-=-=-=-=-=-= 
01:44:33.254 INFO  Void Music 2#3539, ready to serve [1] users in [2] servers. 
01:44:33.254 INFO  -=-=-=-=-=-=-=-=-=-=-=-=-=-=-=-=-=-=-=-=-=-=-=-=-=-=-=-= 
01:44:33.489 INFO  Lavalink node: losingtime.dpaste.org has connected. 
01:46:22.955 INFO  MongoDB successfully connected 
01:46:23.181 INFO  Shard: 0 has became ready 
01:46:23.237 INFO  All guilds have been initialized. 
01:46:23.237 INFO  -=-=-=-=-=-=-=-=-=-=-=-=-=-=-=-=-=-=-=-=-=-=-=-=-=-=-=-= 
01:46:23.237 INFO  Void Music 2#3539, ready to serve [1] users in [2] servers. 
01:46:23.237 INFO  -=-=-=-=-=-=-=-=-=-=-=-=-=-=-=-=-=-=-=-=-=-=-=-=-=-=-=-= 
01:46:23.460 INFO  Lavalink node: losingtime.dpaste.org has connected. 
01:54:51.228 INFO  MongoDB successfully connected 
01:54:51.526 INFO  Shard: 0 has became ready 
01:54:51.583 INFO  All guilds have been initialized. 
01:54:51.583 INFO  -=-=-=-=-=-=-=-=-=-=-=-=-=-=-=-=-=-=-=-=-=-=-=-=-=-=-=-= 
01:54:51.584 INFO  Void Music 2#3539, ready to serve [1] users in [2] servers. 
01:54:51.584 INFO  -=-=-=-=-=-=-=-=-=-=-=-=-=-=-=-=-=-=-=-=-=-=-=-=-=-=-=-= 
01:54:51.843 INFO  Lavalink node: losingtime.dpaste.org has connected. 
01:57:24.142 INFO  MongoDB successfully connected 
01:57:24.337 INFO  Shard: 0 has became ready 
01:57:24.388 INFO  All guilds have been initialized. 
01:57:24.388 INFO  -=-=-=-=-=-=-=-=-=-=-=-=-=-=-=-=-=-=-=-=-=-=-=-=-=-=-=-= 
01:57:24.388 INFO  Void Music 2#3539, ready to serve [1] users in [2] servers. 
01:57:24.389 INFO  -=-=-=-=-=-=-=-=-=-=-=-=-=-=-=-=-=-=-=-=-=-=-=-=-=-=-=-= 
01:57:24.606 INFO  Lavalink node: losingtime.dpaste.org has connected. 
02:24:14.161 INFO  MongoDB successfully connected 
02:24:14.676 INFO  Shard: 0 has became ready 
02:24:14.745 INFO  All guilds have been initialized. 
02:24:14.745 INFO  -=-=-=-=-=-=-=-=-=-=-=-=-=-=-=-=-=-=-=-=-=-=-=-=-=-=-=-= 
02:24:14.746 INFO  Void Music 2#3539, ready to serve [1] users in [2] servers. 
02:24:14.746 INFO  -=-=-=-=-=-=-=-=-=-=-=-=-=-=-=-=-=-=-=-=-=-=-=-=-=-=-=-= 
02:24:14.975 INFO  Lavalink node: losingtime.dpaste.org has connected. 
02:34:21.322 INFO  MongoDB successfully connected 
02:34:21.649 INFO  Shard: 0 has became ready 
02:34:21.708 INFO  All guilds have been initialized. 
02:34:21.708 INFO  -=-=-=-=-=-=-=-=-=-=-=-=-=-=-=-=-=-=-=-=-=-=-=-=-=-=-=-= 
02:34:21.709 INFO  Void Music 2#3539, ready to serve [1] users in [2] servers. 
02:34:21.709 INFO  -=-=-=-=-=-=-=-=-=-=-=-=-=-=-=-=-=-=-=-=-=-=-=-=-=-=-=-= 
02:34:21.941 INFO  Lavalink node: losingtime.dpaste.org has connected. 
02:34:29.992 ERROR Unhandled promise rejection: resttime.getSeconds is not a function. 
02:40:17.763 INFO  MongoDB successfully connected 
02:40:17.974 INFO  Shard: 0 has became ready 
02:40:18.043 INFO  All guilds have been initialized. 
02:40:18.043 INFO  -=-=-=-=-=-=-=-=-=-=-=-=-=-=-=-=-=-=-=-=-=-=-=-=-=-=-=-= 
02:40:18.044 INFO  Void Music 2#3539, ready to serve [1] users in [2] servers. 
02:40:18.044 INFO  -=-=-=-=-=-=-=-=-=-=-=-=-=-=-=-=-=-=-=-=-=-=-=-=-=-=-=-= 
02:40:18.295 INFO  Lavalink node: losingtime.dpaste.org has connected. 
02:41:22.009 INFO  MongoDB successfully connected 
02:41:22.368 INFO  Shard: 0 has became ready 
02:41:22.425 INFO  All guilds have been initialized. 
02:41:22.426 INFO  -=-=-=-=-=-=-=-=-=-=-=-=-=-=-=-=-=-=-=-=-=-=-=-=-=-=-=-= 
02:41:22.427 INFO  Void Music 2#3539, ready to serve [1] users in [2] servers. 
02:41:22.427 INFO  -=-=-=-=-=-=-=-=-=-=-=-=-=-=-=-=-=-=-=-=-=-=-=-=-=-=-=-= 
02:41:22.670 INFO  Lavalink node: losingtime.dpaste.org has connected. 
02:47:40.298 ERROR MongoDB disconnected 
02:48:02.615 INFO  MongoDB successfully connected 
03:11:27.535 INFO  MongoDB successfully connected 
03:11:27.746 INFO  Shard: 0 has became ready 
03:11:27.908 INFO  All guilds have been initialized. 
03:11:27.908 INFO  -=-=-=-=-=-=-=-=-=-=-=-=-=-=-=-=-=-=-=-=-=-=-=-=-=-=-=-= 
03:11:27.909 INFO  Void Music 2#3539, ready to serve [1] users in [2] servers. 
03:11:27.909 INFO  -=-=-=-=-=-=-=-=-=-=-=-=-=-=-=-=-=-=-=-=-=-=-=-=-=-=-=-= 
03:11:28.067 INFO  Lavalink node: losingtime.dpaste.org has connected. 
03:39:06.363 INFO  MongoDB successfully connected 
03:39:06.624 INFO  Shard: 0 has became ready 
03:39:06.690 INFO  All guilds have been initialized. 
03:39:06.690 INFO  -=-=-=-=-=-=-=-=-=-=-=-=-=-=-=-=-=-=-=-=-=-=-=-=-=-=-=-= 
03:39:06.691 INFO  Void Music 2#3539, ready to serve [1] users in [2] servers. 
03:39:06.692 INFO  -=-=-=-=-=-=-=-=-=-=-=-=-=-=-=-=-=-=-=-=-=-=-=-=-=-=-=-= 
03:39:06.914 INFO  Lavalink node: losingtime.dpaste.org has connected. 
03:47:22.371 INFO  MongoDB successfully connected 
03:47:22.686 INFO  Shard: 0 has became ready 
03:47:22.733 INFO  All guilds have been initialized. 
03:47:22.734 INFO  -=-=-=-=-=-=-=-=-=-=-=-=-=-=-=-=-=-=-=-=-=-=-=-=-=-=-=-= 
03:47:22.734 INFO  Void Music 2#3539, ready to serve [1] users in [2] servers. 
03:47:22.735 INFO  -=-=-=-=-=-=-=-=-=-=-=-=-=-=-=-=-=-=-=-=-=-=-=-=-=-=-=-= 
03:47:22.989 INFO  Lavalink node: losingtime.dpaste.org has connected. 
03:47:51.644 INFO  MongoDB successfully connected 
03:47:52.008 INFO  Shard: 0 has became ready 
03:47:52.067 INFO  All guilds have been initialized. 
03:47:52.068 INFO  -=-=-=-=-=-=-=-=-=-=-=-=-=-=-=-=-=-=-=-=-=-=-=-=-=-=-=-= 
03:47:52.068 INFO  Void Music 2#3539, ready to serve [1] users in [2] servers. 
03:47:52.068 INFO  -=-=-=-=-=-=-=-=-=-=-=-=-=-=-=-=-=-=-=-=-=-=-=-=-=-=-=-= 
03:47:52.292 INFO  Lavalink node: losingtime.dpaste.org has connected. 
03:49:53.061 INFO  MongoDB successfully connected 
03:49:53.217 INFO  Shard: 0 has became ready 
03:49:53.257 INFO  All guilds have been initialized. 
03:49:53.257 INFO  -=-=-=-=-=-=-=-=-=-=-=-=-=-=-=-=-=-=-=-=-=-=-=-=-=-=-=-= 
03:49:53.258 INFO  Void Music 2#3539, ready to serve [1] users in [2] servers. 
03:49:53.258 INFO  -=-=-=-=-=-=-=-=-=-=-=-=-=-=-=-=-=-=-=-=-=-=-=-=-=-=-=-= 
03:49:53.499 INFO  Lavalink node: losingtime.dpaste.org has connected. 
03:50:28.290 INFO  MongoDB successfully connected 
03:50:28.525 INFO  Shard: 0 has became ready 
03:50:28.585 INFO  All guilds have been initialized. 
03:50:28.585 INFO  -=-=-=-=-=-=-=-=-=-=-=-=-=-=-=-=-=-=-=-=-=-=-=-=-=-=-=-= 
03:50:28.585 INFO  Void Music 2#3539, ready to serve [1] users in [2] servers. 
03:50:28.585 INFO  -=-=-=-=-=-=-=-=-=-=-=-=-=-=-=-=-=-=-=-=-=-=-=-=-=-=-=-= 
03:50:28.820 INFO  Lavalink node: losingtime.dpaste.org has connected. 
04:35:11.068 INFO  MongoDB successfully connected 
04:35:11.872 INFO  Shard: 0 has became ready 
04:35:11.919 INFO  All guilds have been initialized. 
04:35:11.919 INFO  -=-=-=-=-=-=-=-=-=-=-=-=-=-=-=-=-=-=-=-=-=-=-=-=-=-=-=-= 
04:35:11.919 INFO  Void Music 2#3539, ready to serve [2] users in [2] servers. 
04:35:11.920 INFO  -=-=-=-=-=-=-=-=-=-=-=-=-=-=-=-=-=-=-=-=-=-=-=-=-=-=-=-= 
04:35:12.205 INFO  Lavalink node: losingtime.dpaste.org has connected. 
04:39:47.233 INFO  MongoDB successfully connected 
04:39:47.440 INFO  Shard: 0 has became ready 
04:39:47.484 INFO  All guilds have been initialized. 
04:39:47.484 INFO  -=-=-=-=-=-=-=-=-=-=-=-=-=-=-=-=-=-=-=-=-=-=-=-=-=-=-=-= 
04:39:47.484 INFO  Void Music 2#3539, ready to serve [2] users in [2] servers. 
04:39:47.485 INFO  -=-=-=-=-=-=-=-=-=-=-=-=-=-=-=-=-=-=-=-=-=-=-=-=-=-=-=-= 
04:39:47.735 INFO  Lavalink node: losingtime.dpaste.org has connected. 
04:40:09.797 ERROR Unhandled promise rejection: 404: Not Found. 
04:40:32.744 INFO  MongoDB successfully connected 
04:40:33.152 INFO  Shard: 0 has became ready 
04:40:33.192 INFO  All guilds have been initialized. 
04:40:33.193 INFO  -=-=-=-=-=-=-=-=-=-=-=-=-=-=-=-=-=-=-=-=-=-=-=-=-=-=-=-= 
04:40:33.193 INFO  Void Music 2#3539, ready to serve [2] users in [2] servers. 
04:40:33.193 INFO  -=-=-=-=-=-=-=-=-=-=-=-=-=-=-=-=-=-=-=-=-=-=-=-=-=-=-=-= 
04:40:33.479 INFO  Lavalink node: losingtime.dpaste.org has connected. 
04:41:11.051 ERROR Unhandled promise rejection: 404: Not Found. 
04:46:00.784 INFO  MongoDB successfully connected 
04:46:01.060 INFO  Shard: 0 has became ready 
04:46:01.108 INFO  All guilds have been initialized. 
04:46:01.108 INFO  -=-=-=-=-=-=-=-=-=-=-=-=-=-=-=-=-=-=-=-=-=-=-=-=-=-=-=-= 
04:46:01.108 INFO  Void Music 2#3539, ready to serve [2] users in [2] servers. 
04:46:01.109 INFO  -=-=-=-=-=-=-=-=-=-=-=-=-=-=-=-=-=-=-=-=-=-=-=-=-=-=-=-= 
04:46:01.372 INFO  Lavalink node: losingtime.dpaste.org has connected. 
04:46:28.317 ERROR Unhandled promise rejection: 404: Not Found. 
04:48:17.271 INFO  MongoDB successfully connected 
04:48:17.493 INFO  Shard: 0 has became ready 
04:48:17.535 INFO  All guilds have been initialized. 
04:48:17.536 INFO  -=-=-=-=-=-=-=-=-=-=-=-=-=-=-=-=-=-=-=-=-=-=-=-=-=-=-=-= 
04:48:17.536 INFO  Void Music 2#3539, ready to serve [2] users in [2] servers. 
04:48:17.536 INFO  -=-=-=-=-=-=-=-=-=-=-=-=-=-=-=-=-=-=-=-=-=-=-=-=-=-=-=-= 
04:48:17.779 INFO  Lavalink node: losingtime.dpaste.org has connected. 
04:48:23.423 ERROR Unhandled promise rejection: 404: Not Found. 
04:48:23.602 ERROR Unhandled promise rejection: getduration is not defined. 
04:48:26.008 ERROR Unhandled promise rejection: getduration is not defined. 
04:49:54.453 INFO  MongoDB successfully connected 
04:49:54.719 INFO  Shard: 0 has became ready 
04:49:54.772 INFO  All guilds have been initialized. 
04:49:54.772 INFO  -=-=-=-=-=-=-=-=-=-=-=-=-=-=-=-=-=-=-=-=-=-=-=-=-=-=-=-= 
04:49:54.772 INFO  Void Music 2#3539, ready to serve [2] users in [2] servers. 
04:49:54.773 INFO  -=-=-=-=-=-=-=-=-=-=-=-=-=-=-=-=-=-=-=-=-=-=-=-=-=-=-=-= 
04:49:55.005 INFO  Lavalink node: losingtime.dpaste.org has connected. 
04:50:04.045 ERROR Unhandled promise rejection: 404: Not Found. 
04:50:17.253 ERROR Unhandled promise rejection: 404: Not Found. 
04:50:36.807 ERROR Unhandled promise rejection: 404: Not Found. 
04:50:41.247 ERROR Unhandled promise rejection: 404: Not Found. 
04:50:51.579 ERROR Unhandled promise rejection: 404: Not Found. 
04:52:04.272 INFO  MongoDB successfully connected 
04:52:04.476 INFO  Shard: 0 has became ready 
04:52:04.521 INFO  All guilds have been initialized. 
04:52:04.522 INFO  -=-=-=-=-=-=-=-=-=-=-=-=-=-=-=-=-=-=-=-=-=-=-=-=-=-=-=-= 
04:52:04.522 INFO  Void Music 2#3539, ready to serve [2] users in [2] servers. 
04:52:04.522 INFO  -=-=-=-=-=-=-=-=-=-=-=-=-=-=-=-=-=-=-=-=-=-=-=-=-=-=-=-= 
04:52:04.766 INFO  Lavalink node: losingtime.dpaste.org has connected. 
04:52:05.650 ERROR Unhandled promise rejection: 404: Not Found. 
04:52:09.462 ERROR Unhandled promise rejection: 404: Not Found. 
04:52:11.346 ERROR Unhandled promise rejection: 404: Not Found. 
04:52:14.239 ERROR Unhandled promise rejection: 404: Not Found. 
04:52:31.592 INFO  MongoDB successfully connected 
04:52:31.903 INFO  Shard: 0 has became ready 
04:52:31.949 INFO  All guilds have been initialized. 
04:52:31.950 INFO  -=-=-=-=-=-=-=-=-=-=-=-=-=-=-=-=-=-=-=-=-=-=-=-=-=-=-=-= 
04:52:31.950 INFO  Void Music 2#3539, ready to serve [2] users in [2] servers. 
04:52:31.951 INFO  -=-=-=-=-=-=-=-=-=-=-=-=-=-=-=-=-=-=-=-=-=-=-=-=-=-=-=-= 
04:52:32.174 INFO  Lavalink node: losingtime.dpaste.org has connected. 
04:52:36.827 ERROR Unhandled promise rejection: 404: Not Found. 
04:53:06.424 INFO  MongoDB successfully connected 
04:53:06.656 INFO  Shard: 0 has became ready 
04:53:06.700 INFO  All guilds have been initialized. 
04:53:06.700 INFO  -=-=-=-=-=-=-=-=-=-=-=-=-=-=-=-=-=-=-=-=-=-=-=-=-=-=-=-= 
04:53:06.700 INFO  Void Music 2#3539, ready to serve [2] users in [2] servers. 
04:53:06.701 INFO  -=-=-=-=-=-=-=-=-=-=-=-=-=-=-=-=-=-=-=-=-=-=-=-=-=-=-=-= 
04:53:06.935 INFO  Lavalink node: losingtime.dpaste.org has connected. 
04:53:08.869 ERROR Unhandled promise rejection: 404: Not Found. 
04:54:18.273 ERROR Unhandled promise rejection: 404: Not Found. 
04:54:24.325 INFO  MongoDB successfully connected 
04:54:24.600 INFO  Shard: 0 has became ready 
04:54:24.644 INFO  All guilds have been initialized. 
04:54:24.644 INFO  -=-=-=-=-=-=-=-=-=-=-=-=-=-=-=-=-=-=-=-=-=-=-=-=-=-=-=-= 
04:54:24.645 INFO  Void Music 2#3539, ready to serve [2] users in [2] servers. 
04:54:24.645 INFO  -=-=-=-=-=-=-=-=-=-=-=-=-=-=-=-=-=-=-=-=-=-=-=-=-=-=-=-= 
04:54:24.891 INFO  Lavalink node: losingtime.dpaste.org has connected. 
04:54:28.507 ERROR Unhandled promise rejection: 404: Not Found. 
04:55:33.134 INFO  MongoDB successfully connected 
04:55:33.392 INFO  Shard: 0 has became ready 
04:55:33.429 INFO  All guilds have been initialized. 
04:55:33.430 INFO  -=-=-=-=-=-=-=-=-=-=-=-=-=-=-=-=-=-=-=-=-=-=-=-=-=-=-=-= 
04:55:33.430 INFO  Void Music 2#3539, ready to serve [2] users in [2] servers. 
04:55:33.430 INFO  -=-=-=-=-=-=-=-=-=-=-=-=-=-=-=-=-=-=-=-=-=-=-=-=-=-=-=-= 
04:55:33.668 INFO  Lavalink node: losingtime.dpaste.org has connected. 
05:01:36.852 INFO  MongoDB successfully connected 
05:01:37.123 INFO  Shard: 0 has became ready 
05:01:37.157 INFO  All guilds have been initialized. 
05:01:37.158 INFO  -=-=-=-=-=-=-=-=-=-=-=-=-=-=-=-=-=-=-=-=-=-=-=-=-=-=-=-= 
05:01:37.158 INFO  Void Music 2#3539, ready to serve [2] users in [2] servers. 
05:01:37.158 INFO  -=-=-=-=-=-=-=-=-=-=-=-=-=-=-=-=-=-=-=-=-=-=-=-=-=-=-=-= 
05:01:37.416 INFO  Lavalink node: losingtime.dpaste.org has connected. 
05:01:43.068 ERROR Error deleting void message in requestchannel. 
05:01:43.430 ERROR Unhandled promise rejection: Unknown Message. 
05:02:52.750 INFO  MongoDB successfully connected 
05:02:52.984 INFO  Shard: 0 has became ready 
05:02:53.033 INFO  All guilds have been initialized. 
05:02:53.034 INFO  -=-=-=-=-=-=-=-=-=-=-=-=-=-=-=-=-=-=-=-=-=-=-=-=-=-=-=-= 
05:02:53.034 INFO  Void Music 2#3539, ready to serve [2] users in [2] servers. 
05:02:53.034 INFO  -=-=-=-=-=-=-=-=-=-=-=-=-=-=-=-=-=-=-=-=-=-=-=-=-=-=-=-= 
05:02:53.262 INFO  Lavalink node: losingtime.dpaste.org has connected. 
05:06:02.723 INFO  MongoDB successfully connected 
05:06:02.991 INFO  Shard: 0 has became ready 
05:06:03.032 INFO  All guilds have been initialized. 
05:06:03.032 INFO  -=-=-=-=-=-=-=-=-=-=-=-=-=-=-=-=-=-=-=-=-=-=-=-=-=-=-=-= 
05:06:03.033 INFO  Void Music 2#3539, ready to serve [2] users in [2] servers. 
05:06:03.033 INFO  -=-=-=-=-=-=-=-=-=-=-=-=-=-=-=-=-=-=-=-=-=-=-=-=-=-=-=-= 
05:06:03.255 INFO  Lavalink node: losingtime.dpaste.org has connected. 
05:08:37.919 INFO  MongoDB successfully connected 
05:08:38.219 INFO  Shard: 0 has became ready 
05:08:38.261 INFO  All guilds have been initialized. 
05:08:38.262 INFO  -=-=-=-=-=-=-=-=-=-=-=-=-=-=-=-=-=-=-=-=-=-=-=-=-=-=-=-= 
05:08:38.262 INFO  Void Music 2#3539, ready to serve [2] users in [2] servers. 
05:08:38.262 INFO  -=-=-=-=-=-=-=-=-=-=-=-=-=-=-=-=-=-=-=-=-=-=-=-=-=-=-=-= 
05:08:38.538 INFO  Lavalink node: losingtime.dpaste.org has connected. 
05:08:58.493 ERROR Unhandled promise rejection: Cannot read properties of undefined (reading 'fetch'). 
05:09:51.502 INFO  MongoDB successfully connected 
05:09:51.785 INFO  Shard: 0 has became ready 
05:09:51.834 INFO  All guilds have been initialized. 
05:09:51.835 INFO  -=-=-=-=-=-=-=-=-=-=-=-=-=-=-=-=-=-=-=-=-=-=-=-=-=-=-=-= 
05:09:51.835 INFO  Void Music 2#3539, ready to serve [2] users in [2] servers. 
05:09:51.835 INFO  -=-=-=-=-=-=-=-=-=-=-=-=-=-=-=-=-=-=-=-=-=-=-=-=-=-=-=-= 
05:09:52.073 INFO  Lavalink node: losingtime.dpaste.org has connected. 
05:15:03.051 INFO  MongoDB successfully connected 
05:15:03.446 INFO  Shard: 0 has became ready 
05:15:03.489 INFO  All guilds have been initialized. 
05:15:03.489 INFO  -=-=-=-=-=-=-=-=-=-=-=-=-=-=-=-=-=-=-=-=-=-=-=-=-=-=-=-= 
05:15:03.490 INFO  Void Music 2#3539, ready to serve [2] users in [2] servers. 
05:15:03.490 INFO  -=-=-=-=-=-=-=-=-=-=-=-=-=-=-=-=-=-=-=-=-=-=-=-=-=-=-=-= 
05:15:03.735 INFO  Lavalink node: losingtime.dpaste.org has connected. 
05:16:12.451 INFO  MongoDB successfully connected 
05:16:12.745 INFO  Shard: 0 has became ready 
05:16:12.790 INFO  All guilds have been initialized. 
05:16:12.791 INFO  -=-=-=-=-=-=-=-=-=-=-=-=-=-=-=-=-=-=-=-=-=-=-=-=-=-=-=-= 
05:16:12.791 INFO  Void Music 2#3539, ready to serve [2] users in [2] servers. 
05:16:12.792 INFO  -=-=-=-=-=-=-=-=-=-=-=-=-=-=-=-=-=-=-=-=-=-=-=-=-=-=-=-= 
05:16:13.014 INFO  Lavalink node: losingtime.dpaste.org has connected. 
05:18:21.497 INFO  MongoDB successfully connected 
05:18:21.837 INFO  Shard: 0 has became ready 
05:18:21.880 INFO  All guilds have been initialized. 
05:18:21.880 INFO  -=-=-=-=-=-=-=-=-=-=-=-=-=-=-=-=-=-=-=-=-=-=-=-=-=-=-=-= 
05:18:21.881 INFO  Void Music 2#3539, ready to serve [2] users in [2] servers. 
05:18:21.881 INFO  -=-=-=-=-=-=-=-=-=-=-=-=-=-=-=-=-=-=-=-=-=-=-=-=-=-=-=-= 
05:18:22.119 INFO  Lavalink node: losingtime.dpaste.org has connected. 
05:18:53.332 INFO  MongoDB successfully connected 
05:18:53.611 INFO  Shard: 0 has became ready 
05:18:53.668 INFO  All guilds have been initialized. 
05:18:53.668 INFO  -=-=-=-=-=-=-=-=-=-=-=-=-=-=-=-=-=-=-=-=-=-=-=-=-=-=-=-= 
05:18:53.668 INFO  Void Music 2#3539, ready to serve [2] users in [2] servers. 
05:18:53.669 INFO  -=-=-=-=-=-=-=-=-=-=-=-=-=-=-=-=-=-=-=-=-=-=-=-=-=-=-=-= 
05:18:53.884 INFO  Lavalink node: losingtime.dpaste.org has connected. 
05:19:58.360 ERROR Failed to load Event: queueEnd error: await is only valid in async functions and the top level bodies of modules 
05:19:58.795 INFO  MongoDB successfully connected 
05:19:59.024 INFO  Shard: 0 has became ready 
05:19:59.066 INFO  All guilds have been initialized. 
05:19:59.066 INFO  -=-=-=-=-=-=-=-=-=-=-=-=-=-=-=-=-=-=-=-=-=-=-=-=-=-=-=-= 
05:19:59.066 INFO  Void Music 2#3539, ready to serve [2] users in [2] servers. 
05:19:59.067 INFO  -=-=-=-=-=-=-=-=-=-=-=-=-=-=-=-=-=-=-=-=-=-=-=-=-=-=-=-= 
05:19:59.291 INFO  Lavalink node: losingtime.dpaste.org has connected. 
05:22:01.498 ERROR Failed to load Event: queueEnd error: await is only valid in async functions and the top level bodies of modules 
05:22:01.953 INFO  MongoDB successfully connected 
05:22:02.803 INFO  Shard: 0 has became ready 
05:22:02.847 INFO  All guilds have been initialized. 
05:22:02.847 INFO  -=-=-=-=-=-=-=-=-=-=-=-=-=-=-=-=-=-=-=-=-=-=-=-=-=-=-=-= 
05:22:02.848 INFO  Void Music 2#3539, ready to serve [2] users in [2] servers. 
05:22:02.848 INFO  -=-=-=-=-=-=-=-=-=-=-=-=-=-=-=-=-=-=-=-=-=-=-=-=-=-=-=-= 
05:22:03.117 INFO  Lavalink node: losingtime.dpaste.org has connected. 
05:24:33.711 INFO  MongoDB successfully connected 
05:24:33.944 INFO  Shard: 0 has became ready 
05:24:33.989 INFO  All guilds have been initialized. 
05:24:33.989 INFO  -=-=-=-=-=-=-=-=-=-=-=-=-=-=-=-=-=-=-=-=-=-=-=-=-=-=-=-= 
05:24:33.990 INFO  Void Music 2#3539, ready to serve [2] users in [2] servers. 
05:24:33.990 INFO  -=-=-=-=-=-=-=-=-=-=-=-=-=-=-=-=-=-=-=-=-=-=-=-=-=-=-=-= 
05:24:34.247 INFO  Lavalink node: losingtime.dpaste.org has connected. 
16:44:31.426 INFO  MongoDB successfully connected 
16:44:31.779 INFO  Shard: 0 has became ready 
16:44:31.831 INFO  All guilds have been initialized. 
16:44:31.831 INFO  -=-=-=-=-=-=-=-=-=-=-=-=-=-=-=-=-=-=-=-=-=-=-=-=-=-=-=-= 
16:44:31.832 INFO  Void Music 2#3539, ready to serve [1] users in [2] servers. 
16:44:31.832 INFO  -=-=-=-=-=-=-=-=-=-=-=-=-=-=-=-=-=-=-=-=-=-=-=-=-=-=-=-= 
16:44:32.064 INFO  Lavalink node: losingtime.dpaste.org has connected. 
16:44:51.252 INFO  MongoDB successfully connected 
16:44:51.632 INFO  Shard: 0 has became ready 
16:44:51.682 INFO  All guilds have been initialized. 
16:44:51.682 INFO  -=-=-=-=-=-=-=-=-=-=-=-=-=-=-=-=-=-=-=-=-=-=-=-=-=-=-=-= 
16:44:51.682 INFO  Void Music 2#3539, ready to serve [1] users in [2] servers. 
16:44:51.683 INFO  -=-=-=-=-=-=-=-=-=-=-=-=-=-=-=-=-=-=-=-=-=-=-=-=-=-=-=-= 
16:44:51.923 INFO  Lavalink node: losingtime.dpaste.org has connected. 
16:49:57.322 INFO  MongoDB successfully connected 
16:49:57.522 INFO  Shard: 0 has became ready 
16:49:57.575 INFO  All guilds have been initialized. 
16:49:57.576 INFO  -=-=-=-=-=-=-=-=-=-=-=-=-=-=-=-=-=-=-=-=-=-=-=-=-=-=-=-= 
16:49:57.576 INFO  Void Music 2#3539, ready to serve [1] users in [2] servers. 
16:49:57.576 INFO  -=-=-=-=-=-=-=-=-=-=-=-=-=-=-=-=-=-=-=-=-=-=-=-=-=-=-=-= 
16:49:57.889 INFO  Lavalink node: losingtime.dpaste.org has connected. 
16:53:17.815 INFO  MongoDB successfully connected 
16:53:18.068 INFO  Shard: 0 has became ready 
16:53:18.129 INFO  All guilds have been initialized. 
16:53:18.130 INFO  -=-=-=-=-=-=-=-=-=-=-=-=-=-=-=-=-=-=-=-=-=-=-=-=-=-=-=-= 
16:53:18.130 INFO  Void Music 2#3539, ready to serve [1] users in [2] servers. 
16:53:18.130 INFO  -=-=-=-=-=-=-=-=-=-=-=-=-=-=-=-=-=-=-=-=-=-=-=-=-=-=-=-= 
16:53:18.355 INFO  Lavalink node: losingtime.dpaste.org has connected. 
18:23:14.268 INFO  MongoDB successfully connected 
18:23:14.522 INFO  Shard: 0 has became ready 
18:23:14.573 INFO  All guilds have been initialized. 
18:23:14.573 INFO  -=-=-=-=-=-=-=-=-=-=-=-=-=-=-=-=-=-=-=-=-=-=-=-=-=-=-=-= 
18:23:14.573 INFO  Void Music 2#3539, ready to serve [1] users in [2] servers. 
18:23:14.574 INFO  -=-=-=-=-=-=-=-=-=-=-=-=-=-=-=-=-=-=-=-=-=-=-=-=-=-=-=-= 
18:23:14.824 INFO  Lavalink node: losingtime.dpaste.org has connected. 
19:43:15.160 INFO  MongoDB successfully connected 
19:43:15.453 INFO  Shard: 0 has became ready 
19:43:15.508 INFO  All guilds have been initialized. 
19:43:15.508 INFO  -=-=-=-=-=-=-=-=-=-=-=-=-=-=-=-=-=-=-=-=-=-=-=-=-=-=-=-= 
19:43:15.508 INFO  Void Music 2#3539, ready to serve [2] users in [2] servers. 
19:43:15.508 INFO  -=-=-=-=-=-=-=-=-=-=-=-=-=-=-=-=-=-=-=-=-=-=-=-=-=-=-=-= 
19:43:15.875 INFO  Lavalink node: losingtime.dpaste.org has connected. 
19:44:01.360 INFO  MongoDB successfully connected 
19:44:03.140 INFO  Shard: 0 has became ready 
19:44:03.191 INFO  All guilds have been initialized. 
19:44:03.192 INFO  -=-=-=-=-=-=-=-=-=-=-=-=-=-=-=-=-=-=-=-=-=-=-=-=-=-=-=-= 
19:44:03.192 INFO  Void Music 2#3539, ready to serve [2] users in [2] servers. 
19:44:03.192 INFO  -=-=-=-=-=-=-=-=-=-=-=-=-=-=-=-=-=-=-=-=-=-=-=-=-=-=-=-= 
19:44:03.684 INFO  Lavalink node: losingtime.dpaste.org has connected. 
19:46:33.641 INFO  MongoDB successfully connected 
19:46:33.923 INFO  Shard: 0 has became ready 
19:46:33.978 INFO  All guilds have been initialized. 
19:46:33.979 INFO  -=-=-=-=-=-=-=-=-=-=-=-=-=-=-=-=-=-=-=-=-=-=-=-=-=-=-=-= 
19:46:33.980 INFO  Void Music 2#3539, ready to serve [2] users in [2] servers. 
19:46:33.980 INFO  -=-=-=-=-=-=-=-=-=-=-=-=-=-=-=-=-=-=-=-=-=-=-=-=-=-=-=-= 
19:46:34.850 INFO  Lavalink node: losingtime.dpaste.org has connected. 
19:46:58.020 ERROR Unhandled promise rejection: player is not defined. 
19:47:30.836 INFO  MongoDB successfully connected 
19:47:31.148 INFO  Shard: 0 has became ready 
19:47:31.194 INFO  All guilds have been initialized. 
19:47:31.195 INFO  -=-=-=-=-=-=-=-=-=-=-=-=-=-=-=-=-=-=-=-=-=-=-=-=-=-=-=-= 
19:47:31.195 INFO  Void Music 2#3539, ready to serve [2] users in [2] servers. 
19:47:31.196 INFO  -=-=-=-=-=-=-=-=-=-=-=-=-=-=-=-=-=-=-=-=-=-=-=-=-=-=-=-= 
19:47:31.501 INFO  Lavalink node: losingtime.dpaste.org has connected. 
19:52:08.845 INFO  MongoDB successfully connected 
19:52:09.140 INFO  Shard: 0 has became ready 
19:52:09.203 INFO  All guilds have been initialized. 
19:52:09.203 INFO  -=-=-=-=-=-=-=-=-=-=-=-=-=-=-=-=-=-=-=-=-=-=-=-=-=-=-=-= 
19:52:09.203 INFO  Void Music 2#3539, ready to serve [2] users in [2] servers. 
19:52:09.204 INFO  -=-=-=-=-=-=-=-=-=-=-=-=-=-=-=-=-=-=-=-=-=-=-=-=-=-=-=-= 
19:52:09.497 INFO  Lavalink node: losingtime.dpaste.org has connected. 
19:54:05.229 INFO  MongoDB successfully connected 
19:54:05.483 INFO  Shard: 0 has became ready 
19:54:05.569 INFO  All guilds have been initialized. 
19:54:05.571 INFO  -=-=-=-=-=-=-=-=-=-=-=-=-=-=-=-=-=-=-=-=-=-=-=-=-=-=-=-= 
19:54:05.572 INFO  Void Music 2#3539, ready to serve [2] users in [2] servers. 
19:54:05.573 INFO  -=-=-=-=-=-=-=-=-=-=-=-=-=-=-=-=-=-=-=-=-=-=-=-=-=-=-=-= 
19:54:05.806 INFO  Lavalink node: losingtime.dpaste.org has connected. 
20:05:13.601 ERROR Lavalink node: losingtime.dpaste.org has disconnect, reason: unspecified. 
20:05:48.091 INFO  Lavalink node: losingtime.dpaste.org has connected. 
22:04:01.637 INFO  MongoDB successfully connected 
22:04:01.917 INFO  Shard: 0 has became ready 
22:04:01.972 INFO  All guilds have been initialized. 
22:04:01.972 INFO  -=-=-=-=-=-=-=-=-=-=-=-=-=-=-=-=-=-=-=-=-=-=-=-=-=-=-=-= 
22:04:01.973 INFO  Void Music 2#3539, ready to serve [2] users in [2] servers. 
22:04:01.973 INFO  -=-=-=-=-=-=-=-=-=-=-=-=-=-=-=-=-=-=-=-=-=-=-=-=-=-=-=-= 
22:04:02.254 INFO  Lavalink node: losingtime.dpaste.org has connected. 
22:09:33.471 ERROR Unhandled promise rejection: interaction.reply is not a function. 
22:09:34.166 ERROR Rate limit: /channels/949050927543885894/messages/:id/reactions (Cooldown: 249ms) 
22:09:34.761 ERROR Rate limit: /channels/949050927543885894/messages/:id/reactions (Cooldown: 250ms) 
22:09:35.207 ERROR Rate limit: /channels/949050927543885894/messages/:id/reactions (Cooldown: 250ms) 
22:09:35.637 ERROR Rate limit: /channels/949050927543885894/messages/:id/reactions (Cooldown: 250ms) 
22:09:36.069 ERROR Rate limit: /channels/949050927543885894/messages/:id/reactions (Cooldown: 249ms) 
22:09:36.546 ERROR Rate limit: /channels/949050927543885894/messages/:id/reactions (Cooldown: 250ms) 
22:09:36.970 ERROR Unhandled promise rejection: msg is not defined. 
22:12:08.732 INFO  MongoDB successfully connected 
22:12:09.080 INFO  Shard: 0 has became ready 
22:12:09.132 INFO  All guilds have been initialized. 
22:12:09.132 INFO  -=-=-=-=-=-=-=-=-=-=-=-=-=-=-=-=-=-=-=-=-=-=-=-=-=-=-=-= 
22:12:09.133 INFO  Void Music 2#3539, ready to serve [2] users in [2] servers. 
22:12:09.133 INFO  -=-=-=-=-=-=-=-=-=-=-=-=-=-=-=-=-=-=-=-=-=-=-=-=-=-=-=-= 
22:12:09.393 INFO  Lavalink node: losingtime.dpaste.org has connected. 
23:05:00.920 INFO  MongoDB successfully connected 
23:05:01.215 INFO  Shard: 0 has became ready 
23:05:01.297 INFO  All guilds have been initialized. 
23:05:01.297 INFO  -=-=-=-=-=-=-=-=-=-=-=-=-=-=-=-=-=-=-=-=-=-=-=-=-=-=-=-= 
23:05:01.298 INFO  Void Music 2#3539, ready to serve [1] users in [2] servers. 
23:05:01.298 INFO  -=-=-=-=-=-=-=-=-=-=-=-=-=-=-=-=-=-=-=-=-=-=-=-=-=-=-=-= 
23:05:01.616 INFO  Lavalink node: losingtime.dpaste.org has connected. 
23:06:13.188 ERROR Rate limit: /channels/949065182628433941/messages/:id/reactions (Cooldown: 250ms) 
23:06:13.638 ERROR Rate limit: /channels/949065182628433941/messages/:id/reactions (Cooldown: 249ms) 
23:06:14.058 ERROR Rate limit: /channels/949065182628433941/messages/:id/reactions (Cooldown: 250ms) 
23:06:14.623 ERROR Rate limit: /channels/949065182628433941/messages/:id/reactions (Cooldown: 249ms) 
23:06:15.060 ERROR Rate limit: /channels/949065182628433941/messages/:id/reactions (Cooldown: 250ms) 
23:06:15.497 ERROR Rate limit: /channels/949065182628433941/messages/:id/reactions (Cooldown: 250ms) 
23:07:11.725 ERROR Unhandled promise rejection: Cannot read properties of undefined (reading 'members'). 
23:07:12.884 ERROR Unhandled promise rejection: Cannot read properties of undefined (reading 'members'). 
23:07:34.378 ERROR Unhandled promise rejection: Cannot read properties of undefined (reading 'members'). 
