00:23:58.112 INFO  1 language(s) have loaded. (en-US) 
00:23:58.449 INFO  MongoDB successfully connected 
00:23:58.824 INFO  Shard: 0 has became ready 
00:23:58.849 INFO  Lavalink node: 0.0.0.0 has connected. 
00:23:58.880 INFO  All guilds have been initialized 
00:23:59.007 INFO  -=-=-=-=-=-=-=-=-=-=-=-=-=-=-=-=-=-=-=-=-=-=-=-=-=-=-=-= 
00:23:59.008 INFO  Lunio 2#3539, ready to serve [6] users in [3] servers 
00:23:59.008 INFO  -=-=-=-=-=-=-=-=-=-=-=-=-=-=-=-=-=-=-=-=-=-=-=-=-=-=-=-= 
01:13:08.273 INFO  1 language(s) have loaded. (en-US) 
01:13:08.596 INFO  MongoDB successfully connected 
01:13:08.984 INFO  Shard: 0 has became ready 
01:13:09.009 INFO  Lavalink node: 0.0.0.0 has connected. 
01:13:09.038 INFO  All guilds have been initialized 
01:13:09.155 INFO  -=-=-=-=-=-=-=-=-=-=-=-=-=-=-=-=-=-=-=-=-=-=-=-=-=-=-=-= 
01:13:09.155 INFO  Lunio 2#3539, ready to serve [6] users in [3] servers 
01:13:09.155 INFO  -=-=-=-=-=-=-=-=-=-=-=-=-=-=-=-=-=-=-=-=-=-=-=-=-=-=-=-= 
01:43:26.289 INFO  1 language(s) have loaded. (en-US) 
01:43:26.611 INFO  MongoDB successfully connected 
01:43:27.095 INFO  Shard: 0 has became ready 
01:43:27.118 INFO  Lavalink node: 0.0.0.0 has connected. 
01:43:27.145 INFO  All guilds have been initialized 
01:43:27.264 INFO  -=-=-=-=-=-=-=-=-=-=-=-=-=-=-=-=-=-=-=-=-=-=-=-=-=-=-=-= 
01:43:27.264 INFO  Lunio 2#3539, ready to serve [6] users in [3] servers 
01:43:27.264 INFO  -=-=-=-=-=-=-=-=-=-=-=-=-=-=-=-=-=-=-=-=-=-=-=-=-=-=-=-= 
01:43:42.965 ERROR Error occured: Cannot read properties of undefined (reading 'id') -- in file D:\Program Files\Bots\Discord Bots\Lunio\Lunio 2\src\events\bot\error.js at line undefined. 
01:45:57.546 INFO  1 language(s) have loaded. (en-US) 
01:45:57.885 INFO  MongoDB successfully connected 
01:45:58.298 INFO  Shard: 0 has became ready 
01:45:58.325 INFO  Lavalink node: 0.0.0.0 has connected. 
01:45:58.350 INFO  All guilds have been initialized 
01:45:58.467 INFO  -=-=-=-=-=-=-=-=-=-=-=-=-=-=-=-=-=-=-=-=-=-=-=-=-=-=-=-= 
01:45:58.468 INFO  Lunio 2#3539, ready to serve [6] users in [3] servers 
01:45:58.468 INFO  -=-=-=-=-=-=-=-=-=-=-=-=-=-=-=-=-=-=-=-=-=-=-=-=-=-=-=-= 
01:45:59.760 ERROR Error occured: Cannot read properties of undefined (reading 'id') -- in file D:\Program Files\Bots\Discord Bots\Lunio\Lunio 2\src\events\bot\error.js at line undefined. 
01:45:59.760 ERROR ############################## 
01:45:59.760 ERROR Full error: TypeError: Cannot read properties of undefined (reading 'id') 
01:46:16.509 INFO  1 language(s) have loaded. (en-US) 
01:46:16.798 INFO  MongoDB successfully connected 
01:46:17.271 INFO  Shard: 0 has became ready 
01:46:17.304 INFO  Lavalink node: 0.0.0.0 has connected. 
01:46:17.328 INFO  All guilds have been initialized 
01:46:17.443 INFO  -=-=-=-=-=-=-=-=-=-=-=-=-=-=-=-=-=-=-=-=-=-=-=-=-=-=-=-= 
01:46:17.443 INFO  Lunio 2#3539, ready to serve [6] users in [3] servers 
01:46:17.444 INFO  -=-=-=-=-=-=-=-=-=-=-=-=-=-=-=-=-=-=-=-=-=-=-=-=-=-=-=-= 
01:46:18.421 ERROR Error occured: Cannot read properties of undefined (reading 'id') -- in file D:\Program Files\Bots\Discord Bots\Lunio\Lunio 2\src\events\bot\error.js at line undefined. 
01:46:18.421 ERROR ############################## 
01:46:18.422 ERROR Full error: undefined 
01:50:13.521 INFO  1 language(s) have loaded. (en-US) 
01:50:14.083 INFO  MongoDB successfully connected 
01:50:14.200 INFO  Shard: 0 has became ready 
01:50:14.223 INFO  Lavalink node: 0.0.0.0 has connected. 
01:50:14.288 INFO  All guilds have been initialized 
01:50:14.406 INFO  -=-=-=-=-=-=-=-=-=-=-=-=-=-=-=-=-=-=-=-=-=-=-=-=-=-=-=-= 
01:50:14.406 INFO  Lunio 2#3539, ready to serve [6] users in [3] servers 
01:50:14.406 INFO  -=-=-=-=-=-=-=-=-=-=-=-=-=-=-=-=-=-=-=-=-=-=-=-=-=-=-=-= 
01:50:16.560 ERROR Error occured: Cannot read properties of undefined (reading 'id') -- in file D:\Program Files\Bots\Discord Bots\Lunio\Lunio 2\src\events\bot\error.js at line undefined. 
01:50:16.561 ERROR ############################## 
01:50:16.561 ERROR Full error: TypeError: Cannot read properties of undefined (reading 'id') 
01:50:21.254 ERROR Error occured: Cannot read properties of undefined (reading 'id') -- in file D:\Program Files\Bots\Discord Bots\Lunio\Lunio 2\src\events\bot\error.js at line undefined. 
01:50:21.255 ERROR ############################## 
01:50:21.255 ERROR Full error: TypeError: Cannot read properties of undefined (reading 'id') 
01:51:27.470 INFO  1 language(s) have loaded. (en-US) 
01:51:27.820 INFO  MongoDB successfully connected 
01:51:28.231 INFO  Shard: 0 has became ready 
01:51:28.254 INFO  Lavalink node: 0.0.0.0 has connected. 
01:51:28.276 INFO  All guilds have been initialized 
01:51:28.392 INFO  -=-=-=-=-=-=-=-=-=-=-=-=-=-=-=-=-=-=-=-=-=-=-=-=-=-=-=-= 
01:51:28.392 INFO  Lunio 2#3539, ready to serve [6] users in [3] servers 
01:51:28.392 INFO  -=-=-=-=-=-=-=-=-=-=-=-=-=-=-=-=-=-=-=-=-=-=-=-=-=-=-=-= 
01:53:46.327 INFO  1 language(s) have loaded. (en-US) 
01:53:46.700 INFO  MongoDB successfully connected 
01:53:47.100 INFO  Shard: 0 has became ready 
01:53:47.124 INFO  Lavalink node: 0.0.0.0 has connected. 
01:53:47.152 INFO  All guilds have been initialized 
01:53:47.274 INFO  -=-=-=-=-=-=-=-=-=-=-=-=-=-=-=-=-=-=-=-=-=-=-=-=-=-=-=-= 
01:53:47.275 INFO  Lunio 2#3539, ready to serve [6] users in [3] servers 
01:53:47.275 INFO  -=-=-=-=-=-=-=-=-=-=-=-=-=-=-=-=-=-=-=-=-=-=-=-=-=-=-=-= 
01:54:18.200 INFO  1 language(s) have loaded. (en-US) 
01:54:18.498 INFO  MongoDB successfully connected 
01:54:18.991 INFO  Shard: 0 has became ready 
01:54:19.017 INFO  Lavalink node: 0.0.0.0 has connected. 
01:54:19.039 INFO  All guilds have been initialized 
01:54:19.184 INFO  -=-=-=-=-=-=-=-=-=-=-=-=-=-=-=-=-=-=-=-=-=-=-=-=-=-=-=-= 
01:54:19.184 INFO  Lunio 2#3539, ready to serve [6] users in [3] servers 
01:54:19.185 INFO  -=-=-=-=-=-=-=-=-=-=-=-=-=-=-=-=-=-=-=-=-=-=-=-=-=-=-=-= 
01:57:02.273 ERROR Error occured: Unknown Message -- in file D:\Program Files\Bots\Discord Bots\Lunio\Lunio 2\src\events\bot\error.js at line undefined. 
01:57:02.273 ERROR ############################## 
01:57:02.273 ERROR Full error: DiscordAPIError[10008]: Unknown Message 
01:57:32.574 ERROR Error occured: Interaction has already been acknowledged. -- in file D:\Program Files\Bots\Discord Bots\Lunio\Lunio 2\src\events\bot\error.js at line undefined. 
01:57:32.574 ERROR ############################## 
01:57:32.575 ERROR Full error: DiscordAPIError[40060]: Interaction has already been acknowledged. 
01:57:33.418 ERROR Error occured: Interaction has already been acknowledged. -- in file D:\Program Files\Bots\Discord Bots\Lunio\Lunio 2\src\events\bot\error.js at line undefined. 
01:57:33.418 ERROR ############################## 
01:57:33.419 ERROR Full error: DiscordAPIError[40060]: Interaction has already been acknowledged. 
01:57:34.213 ERROR Error occured: Interaction has already been acknowledged. -- in file D:\Program Files\Bots\Discord Bots\Lunio\Lunio 2\src\events\bot\error.js at line undefined. 
01:57:34.213 ERROR ############################## 
01:57:34.214 ERROR Full error: DiscordAPIError[40060]: Interaction has already been acknowledged. 
01:57:36.504 ERROR Error occured: Interaction has already been acknowledged. -- in file D:\Program Files\Bots\Discord Bots\Lunio\Lunio 2\src\events\bot\error.js at line undefined. 
01:57:36.504 ERROR ############################## 
01:57:36.504 ERROR Full error: DiscordAPIError[40060]: Interaction has already been acknowledged. 
01:57:40.229 ERROR Error occured: Interaction has already been acknowledged. -- in file D:\Program Files\Bots\Discord Bots\Lunio\Lunio 2\src\events\bot\error.js at line undefined. 
01:57:40.229 ERROR ############################## 
01:57:40.230 ERROR Full error: DiscordAPIError[40060]: Interaction has already been acknowledged. 
01:57:41.131 ERROR Error occured: Interaction has already been acknowledged. -- in file D:\Program Files\Bots\Discord Bots\Lunio\Lunio 2\src\events\bot\error.js at line undefined. 
01:57:41.132 ERROR ############################## 
01:57:41.132 ERROR Full error: DiscordAPIError[40060]: Interaction has already been acknowledged. 
02:04:15.031 INFO  1 language(s) have loaded. (en-US) 
02:04:15.362 INFO  MongoDB successfully connected 
02:04:15.944 INFO  Shard: 0 has became ready 
02:04:15.972 INFO  Lavalink node: 0.0.0.0 has connected. 
02:04:15.998 INFO  All guilds have been initialized 
02:04:16.115 INFO  -=-=-=-=-=-=-=-=-=-=-=-=-=-=-=-=-=-=-=-=-=-=-=-=-=-=-=-= 
02:04:16.115 INFO  Lunio 2#3539, ready to serve [6] users in [3] servers 
02:04:16.115 INFO  -=-=-=-=-=-=-=-=-=-=-=-=-=-=-=-=-=-=-=-=-=-=-=-=-=-=-=-= 
02:04:40.436 INFO  1 language(s) have loaded. (en-US) 
02:04:40.744 INFO  MongoDB successfully connected 
02:04:41.147 INFO  Shard: 0 has became ready 
02:04:41.167 INFO  Lavalink node: 0.0.0.0 has connected. 
02:04:41.190 INFO  All guilds have been initialized 
02:04:41.309 INFO  -=-=-=-=-=-=-=-=-=-=-=-=-=-=-=-=-=-=-=-=-=-=-=-=-=-=-=-= 
02:04:41.310 INFO  Lunio 2#3539, ready to serve [6] users in [3] servers 
02:04:41.310 INFO  -=-=-=-=-=-=-=-=-=-=-=-=-=-=-=-=-=-=-=-=-=-=-=-=-=-=-=-= 
02:05:58.707 INFO  1 language(s) have loaded. (en-US) 
02:05:59.030 INFO  MongoDB successfully connected 
02:05:59.496 INFO  Shard: 0 has became ready 
02:05:59.519 INFO  Lavalink node: 0.0.0.0 has connected. 
02:05:59.545 INFO  All guilds have been initialized 
02:05:59.664 INFO  -=-=-=-=-=-=-=-=-=-=-=-=-=-=-=-=-=-=-=-=-=-=-=-=-=-=-=-= 
02:05:59.664 INFO  Lunio 2#3539, ready to serve [6] users in [3] servers 
02:05:59.664 INFO  -=-=-=-=-=-=-=-=-=-=-=-=-=-=-=-=-=-=-=-=-=-=-=-=-=-=-=-= 
02:06:42.715 INFO  1 language(s) have loaded. (en-US) 
02:06:43.033 INFO  MongoDB successfully connected 
02:06:43.464 INFO  Shard: 0 has became ready 
02:06:43.484 INFO  Lavalink node: 0.0.0.0 has connected. 
02:06:43.509 INFO  All guilds have been initialized 
02:06:43.622 INFO  -=-=-=-=-=-=-=-=-=-=-=-=-=-=-=-=-=-=-=-=-=-=-=-=-=-=-=-= 
02:06:43.622 INFO  Lunio 2#3539, ready to serve [6] users in [3] servers 
02:06:43.622 INFO  -=-=-=-=-=-=-=-=-=-=-=-=-=-=-=-=-=-=-=-=-=-=-=-=-=-=-=-= 
02:08:04.038 INFO  1 language(s) have loaded. (en-US) 
02:08:04.342 INFO  MongoDB successfully connected 
02:08:04.749 INFO  Shard: 0 has became ready 
02:08:04.769 INFO  Lavalink node: 0.0.0.0 has connected. 
02:08:04.793 INFO  All guilds have been initialized 
02:08:04.908 INFO  -=-=-=-=-=-=-=-=-=-=-=-=-=-=-=-=-=-=-=-=-=-=-=-=-=-=-=-= 
02:08:04.908 INFO  Lunio 2#3539, ready to serve [6] users in [3] servers 
02:08:04.909 INFO  -=-=-=-=-=-=-=-=-=-=-=-=-=-=-=-=-=-=-=-=-=-=-=-=-=-=-=-= 
02:08:07.260 ERROR Error occured: Cannot read properties of undefined (reading 'state') -- in file D:\Program Files\Bots\Discord Bots\Lunio\Lunio 2\src\events\bot\error.js at line undefined. 
02:08:20.581 INFO  1 language(s) have loaded. (en-US) 
02:08:20.884 INFO  MongoDB successfully connected 
02:08:21.367 INFO  Shard: 0 has became ready 
02:08:21.390 INFO  Lavalink node: 0.0.0.0 has connected. 
02:08:21.414 INFO  All guilds have been initialized 
02:08:21.532 INFO  -=-=-=-=-=-=-=-=-=-=-=-=-=-=-=-=-=-=-=-=-=-=-=-=-=-=-=-= 
02:08:21.532 INFO  Lunio 2#3539, ready to serve [6] users in [3] servers 
02:08:21.532 INFO  -=-=-=-=-=-=-=-=-=-=-=-=-=-=-=-=-=-=-=-=-=-=-=-=-=-=-=-= 
02:08:22.361 ERROR interaction is not defined
{}
ReferenceError: interaction is not defined
    at clickButton.run (D:\Program Files\Bots\Discord Bots\Lunio\Lunio 2\src\events\custom\clickButton.js:160:21)
    at process.processTicksAndRejections (node:internal/process/task_queues:95:5) 
02:08:33.487 INFO  1 language(s) have loaded. (en-US) 
02:08:33.764 INFO  MongoDB successfully connected 
02:08:34.174 INFO  Shard: 0 has became ready 
02:08:34.196 INFO  Lavalink node: 0.0.0.0 has connected. 
02:08:34.223 INFO  All guilds have been initialized 
02:08:34.338 INFO  -=-=-=-=-=-=-=-=-=-=-=-=-=-=-=-=-=-=-=-=-=-=-=-=-=-=-=-= 
02:08:34.339 INFO  Lunio 2#3539, ready to serve [6] users in [3] servers 
02:08:34.339 INFO  -=-=-=-=-=-=-=-=-=-=-=-=-=-=-=-=-=-=-=-=-=-=-=-=-=-=-=-= 
02:10:01.191 INFO  1 language(s) have loaded. (en-US) 
02:10:01.510 INFO  MongoDB successfully connected 
02:10:01.998 INFO  Shard: 0 has became ready 
02:10:02.020 INFO  Lavalink node: 0.0.0.0 has connected. 
02:10:02.044 INFO  All guilds have been initialized 
02:10:02.177 INFO  -=-=-=-=-=-=-=-=-=-=-=-=-=-=-=-=-=-=-=-=-=-=-=-=-=-=-=-= 
02:10:02.177 INFO  Lunio 2#3539, ready to serve [6] users in [3] servers 
02:10:02.177 INFO  -=-=-=-=-=-=-=-=-=-=-=-=-=-=-=-=-=-=-=-=-=-=-=-=-=-=-=-= 
02:10:06.597 ERROR Cannot read properties of null (reading 'duration')
{}
TypeError: Cannot read properties of null (reading 'duration')
    at module.exports [as musicembed] (D:\Program Files\Bots\Discord Bots\Lunio\Lunio 2\src\utils\functions\AudioFunctions\musicembed.js:88:31)
    at async clickButton.run (D:\Program Files\Bots\Discord Bots\Lunio\Lunio 2\src\events\custom\clickButton.js:236:7) 
02:16:38.946 INFO  1 language(s) have loaded. (en-US) 
02:16:39.267 INFO  MongoDB successfully connected 
02:16:40.003 INFO  Shard: 0 has became ready 
02:16:40.025 INFO  Lavalink node: 0.0.0.0 has connected. 
02:16:40.049 INFO  All guilds have been initialized 
02:16:40.170 INFO  -=-=-=-=-=-=-=-=-=-=-=-=-=-=-=-=-=-=-=-=-=-=-=-=-=-=-=-= 
02:16:40.170 INFO  Lunio 2#3539, ready to serve [6] users in [3] servers 
02:16:40.170 INFO  -=-=-=-=-=-=-=-=-=-=-=-=-=-=-=-=-=-=-=-=-=-=-=-=-=-=-=-= 
02:16:51.066 ERROR Cannot read properties of null (reading 'duration')
{}
TypeError: Cannot read properties of null (reading 'duration')
    at module.exports [as musicembed] (D:\Program Files\Bots\Discord Bots\Lunio\Lunio 2\src\utils\functions\AudioFunctions\musicembed.js:88:31)
    at async clickButton.run (D:\Program Files\Bots\Discord Bots\Lunio\Lunio 2\src\events\custom\clickButton.js:238:7) 
02:18:07.599 INFO  1 language(s) have loaded. (en-US) 
02:18:07.929 INFO  MongoDB successfully connected 
02:18:08.421 INFO  Shard: 0 has became ready 
02:18:08.441 INFO  Lavalink node: 0.0.0.0 has connected. 
02:18:08.467 INFO  All guilds have been initialized 
02:18:08.631 INFO  -=-=-=-=-=-=-=-=-=-=-=-=-=-=-=-=-=-=-=-=-=-=-=-=-=-=-=-= 
02:18:08.631 INFO  Lunio 2#3539, ready to serve [6] users in [3] servers 
02:18:08.632 INFO  -=-=-=-=-=-=-=-=-=-=-=-=-=-=-=-=-=-=-=-=-=-=-=-=-=-=-=-= 
02:18:11.887 ERROR Cannot read properties of null (reading 'duration')
{}
TypeError: Cannot read properties of null (reading 'duration')
    at module.exports [as musicembed] (D:\Program Files\Bots\Discord Bots\Lunio\Lunio 2\src\utils\functions\AudioFunctions\musicembed.js:88:31)
    at async clickButton.run (D:\Program Files\Bots\Discord Bots\Lunio\Lunio 2\src\events\custom\clickButton.js:238:7) 
02:19:11.217 INFO  1 language(s) have loaded. (en-US) 
02:19:11.553 INFO  MongoDB successfully connected 
02:19:11.992 INFO  Shard: 0 has became ready 
02:19:12.011 INFO  Lavalink node: 0.0.0.0 has connected. 
02:19:12.040 INFO  All guilds have been initialized 
02:19:12.161 INFO  -=-=-=-=-=-=-=-=-=-=-=-=-=-=-=-=-=-=-=-=-=-=-=-=-=-=-=-= 
02:19:12.161 INFO  Lunio 2#3539, ready to serve [6] users in [3] servers 
02:19:12.161 INFO  -=-=-=-=-=-=-=-=-=-=-=-=-=-=-=-=-=-=-=-=-=-=-=-=-=-=-=-= 
02:19:14.787 ERROR Cannot read properties of null (reading 'duration')
{}
TypeError: Cannot read properties of null (reading 'duration')
    at module.exports [as musicembed] (D:\Program Files\Bots\Discord Bots\Lunio\Lunio 2\src\utils\functions\AudioFunctions\musicembed.js:88:31)
    at async clickButton.run (D:\Program Files\Bots\Discord Bots\Lunio\Lunio 2\src\events\custom\clickButton.js:238:7) 
02:21:21.444 INFO  1 language(s) have loaded. (en-US) 
02:21:21.747 INFO  MongoDB successfully connected 
02:21:22.176 INFO  Shard: 0 has became ready 
02:21:22.201 INFO  Lavalink node: 0.0.0.0 has connected. 
02:21:22.227 INFO  All guilds have been initialized 
02:21:22.344 INFO  -=-=-=-=-=-=-=-=-=-=-=-=-=-=-=-=-=-=-=-=-=-=-=-=-=-=-=-= 
02:21:22.344 INFO  Lunio 2#3539, ready to serve [6] users in [3] servers 
02:21:22.344 INFO  -=-=-=-=-=-=-=-=-=-=-=-=-=-=-=-=-=-=-=-=-=-=-=-=-=-=-=-= 
02:21:28.241 ERROR Cannot read properties of null (reading 'duration')
{}
TypeError: Cannot read properties of null (reading 'duration')
    at module.exports [as musicembed] (D:\Program Files\Bots\Discord Bots\Lunio\Lunio 2\src\utils\functions\AudioFunctions\musicembed.js:88:31)
    at async clickButton.run (D:\Program Files\Bots\Discord Bots\Lunio\Lunio 2\src\events\custom\clickButton.js:238:7) 
02:21:43.585 INFO  1 language(s) have loaded. (en-US) 
02:21:43.872 INFO  MongoDB successfully connected 
02:21:44.328 INFO  Shard: 0 has became ready 
02:21:44.349 INFO  Lavalink node: 0.0.0.0 has connected. 
02:21:44.379 INFO  All guilds have been initialized 
02:21:44.499 INFO  -=-=-=-=-=-=-=-=-=-=-=-=-=-=-=-=-=-=-=-=-=-=-=-=-=-=-=-= 
02:21:44.499 INFO  Lunio 2#3539, ready to serve [6] users in [3] servers 
02:21:44.500 INFO  -=-=-=-=-=-=-=-=-=-=-=-=-=-=-=-=-=-=-=-=-=-=-=-=-=-=-=-= 
02:21:46.986 ERROR Cannot read properties of null (reading 'duration')
{}
TypeError: Cannot read properties of null (reading 'duration')
    at module.exports [as musicembed] (D:\Program Files\Bots\Discord Bots\Lunio\Lunio 2\src\utils\functions\AudioFunctions\musicembed.js:88:31)
    at async clickButton.run (D:\Program Files\Bots\Discord Bots\Lunio\Lunio 2\src\events\custom\clickButton.js:238:7) 
02:22:15.141 INFO  1 language(s) have loaded. (en-US) 
02:22:15.430 INFO  MongoDB successfully connected 
02:22:15.835 INFO  Shard: 0 has became ready 
02:22:15.853 INFO  Lavalink node: 0.0.0.0 has connected. 
02:22:15.879 INFO  All guilds have been initialized 
02:22:15.995 INFO  -=-=-=-=-=-=-=-=-=-=-=-=-=-=-=-=-=-=-=-=-=-=-=-=-=-=-=-= 
02:22:15.996 INFO  Lunio 2#3539, ready to serve [6] users in [3] servers 
02:22:15.996 INFO  -=-=-=-=-=-=-=-=-=-=-=-=-=-=-=-=-=-=-=-=-=-=-=-=-=-=-=-= 
02:22:17.406 ERROR Cannot read properties of null (reading 'duration')
{}
TypeError: Cannot read properties of null (reading 'duration')
    at module.exports [as musicembed] (D:\Program Files\Bots\Discord Bots\Lunio\Lunio 2\src\utils\functions\AudioFunctions\musicembed.js:88:31)
    at async clickButton.run (D:\Program Files\Bots\Discord Bots\Lunio\Lunio 2\src\events\custom\clickButton.js:239:7) 
02:23:06.700 INFO  1 language(s) have loaded. (en-US) 
02:23:07.038 INFO  MongoDB successfully connected 
02:23:07.456 INFO  Shard: 0 has became ready 
02:23:07.478 INFO  Lavalink node: 0.0.0.0 has connected. 
02:23:07.502 INFO  All guilds have been initialized 
02:23:07.618 INFO  -=-=-=-=-=-=-=-=-=-=-=-=-=-=-=-=-=-=-=-=-=-=-=-=-=-=-=-= 
02:23:07.618 INFO  Lunio 2#3539, ready to serve [6] users in [3] servers 
02:23:07.618 INFO  -=-=-=-=-=-=-=-=-=-=-=-=-=-=-=-=-=-=-=-=-=-=-=-=-=-=-=-= 
02:23:12.050 ERROR Cannot read properties of null (reading 'duration')
{}
TypeError: Cannot read properties of null (reading 'duration')
    at module.exports [as musicembed] (D:\Program Files\Bots\Discord Bots\Lunio\Lunio 2\src\utils\functions\AudioFunctions\musicembed.js:88:31)
    at async clickButton.run (D:\Program Files\Bots\Discord Bots\Lunio\Lunio 2\src\events\custom\clickButton.js:240:7) 
02:23:49.200 INFO  1 language(s) have loaded. (en-US) 
02:23:49.492 INFO  MongoDB successfully connected 
02:23:49.943 INFO  Shard: 0 has became ready 
02:23:49.964 INFO  Lavalink node: 0.0.0.0 has connected. 
02:23:49.985 INFO  All guilds have been initialized 
02:23:50.100 INFO  -=-=-=-=-=-=-=-=-=-=-=-=-=-=-=-=-=-=-=-=-=-=-=-=-=-=-=-= 
02:23:50.101 INFO  Lunio 2#3539, ready to serve [6] users in [3] servers 
02:23:50.101 INFO  -=-=-=-=-=-=-=-=-=-=-=-=-=-=-=-=-=-=-=-=-=-=-=-=-=-=-=-= 
02:23:52.812 ERROR Cannot read properties of null (reading 'duration')
{}
TypeError: Cannot read properties of null (reading 'duration')
    at module.exports [as musicembed] (D:\Program Files\Bots\Discord Bots\Lunio\Lunio 2\src\utils\functions\AudioFunctions\musicembed.js:88:31)
    at async clickButton.run (D:\Program Files\Bots\Discord Bots\Lunio\Lunio 2\src\events\custom\clickButton.js:241:7) 
02:24:23.298 INFO  1 language(s) have loaded. (en-US) 
02:24:23.640 INFO  MongoDB successfully connected 
02:24:24.020 INFO  Shard: 0 has became ready 
02:24:24.044 INFO  Lavalink node: 0.0.0.0 has connected. 
02:24:24.069 INFO  All guilds have been initialized 
02:24:24.185 INFO  -=-=-=-=-=-=-=-=-=-=-=-=-=-=-=-=-=-=-=-=-=-=-=-=-=-=-=-= 
02:24:24.185 INFO  Lunio 2#3539, ready to serve [6] users in [3] servers 
02:24:24.185 INFO  -=-=-=-=-=-=-=-=-=-=-=-=-=-=-=-=-=-=-=-=-=-=-=-=-=-=-=-= 
02:28:37.866 INFO  1 language(s) have loaded. (en-US) 
02:28:38.197 INFO  MongoDB successfully connected 
02:28:38.619 INFO  Shard: 0 has became ready 
02:28:38.637 INFO  Lavalink node: 0.0.0.0 has connected. 
02:28:38.662 INFO  All guilds have been initialized 
02:28:38.811 INFO  -=-=-=-=-=-=-=-=-=-=-=-=-=-=-=-=-=-=-=-=-=-=-=-=-=-=-=-= 
02:28:38.811 INFO  Lunio 2#3539, ready to serve [6] users in [3] servers 
02:28:38.811 INFO  -=-=-=-=-=-=-=-=-=-=-=-=-=-=-=-=-=-=-=-=-=-=-=-=-=-=-=-= 
02:35:32.298 INFO  1 language(s) have loaded. (en-US) 
02:35:32.611 INFO  MongoDB successfully connected 
02:35:32.962 INFO  Shard: 0 has became ready 
02:35:32.986 INFO  Lavalink node: 0.0.0.0 has connected. 
02:35:33.008 INFO  All guilds have been initialized 
02:35:33.124 INFO  -=-=-=-=-=-=-=-=-=-=-=-=-=-=-=-=-=-=-=-=-=-=-=-=-=-=-=-= 
02:35:33.124 INFO  Lunio 2#3539, ready to serve [6] users in [3] servers 
02:35:33.124 INFO  -=-=-=-=-=-=-=-=-=-=-=-=-=-=-=-=-=-=-=-=-=-=-=-=-=-=-=-= 
02:36:16.531 INFO  1 language(s) have loaded. (en-US) 
02:36:16.827 INFO  MongoDB successfully connected 
02:36:17.252 INFO  Shard: 0 has became ready 
02:36:17.274 INFO  Lavalink node: 0.0.0.0 has connected. 
02:36:17.302 INFO  All guilds have been initialized 
02:36:17.431 INFO  -=-=-=-=-=-=-=-=-=-=-=-=-=-=-=-=-=-=-=-=-=-=-=-=-=-=-=-= 
02:36:17.431 INFO  Lunio 2#3539, ready to serve [6] users in [3] servers 
02:36:17.432 INFO  -=-=-=-=-=-=-=-=-=-=-=-=-=-=-=-=-=-=-=-=-=-=-=-=-=-=-=-= 
02:37:17.364 INFO  1 language(s) have loaded. (en-US) 
02:37:17.681 INFO  MongoDB successfully connected 
02:37:18.047 INFO  Shard: 0 has became ready 
02:37:18.075 INFO  Lavalink node: 0.0.0.0 has connected. 
02:37:18.101 INFO  All guilds have been initialized 
02:37:18.235 INFO  -=-=-=-=-=-=-=-=-=-=-=-=-=-=-=-=-=-=-=-=-=-=-=-=-=-=-=-= 
02:37:18.235 INFO  Lunio 2#3539, ready to serve [6] users in [3] servers 
02:37:18.235 INFO  -=-=-=-=-=-=-=-=-=-=-=-=-=-=-=-=-=-=-=-=-=-=-=-=-=-=-=-= 
02:38:00.557 INFO  1 language(s) have loaded. (en-US) 
02:38:00.876 INFO  MongoDB successfully connected 
02:38:01.318 INFO  Shard: 0 has became ready 
02:38:01.345 INFO  Lavalink node: 0.0.0.0 has connected. 
02:38:01.372 INFO  All guilds have been initialized 
02:38:01.489 INFO  -=-=-=-=-=-=-=-=-=-=-=-=-=-=-=-=-=-=-=-=-=-=-=-=-=-=-=-= 
02:38:01.489 INFO  Lunio 2#3539, ready to serve [6] users in [3] servers 
02:38:01.489 INFO  -=-=-=-=-=-=-=-=-=-=-=-=-=-=-=-=-=-=-=-=-=-=-=-=-=-=-=-= 
02:38:48.668 INFO  1 language(s) have loaded. (en-US) 
02:38:49.018 INFO  MongoDB successfully connected 
02:38:49.392 INFO  Shard: 0 has became ready 
02:38:49.419 INFO  Lavalink node: 0.0.0.0 has connected. 
02:38:49.451 INFO  All guilds have been initialized 
02:38:49.567 INFO  -=-=-=-=-=-=-=-=-=-=-=-=-=-=-=-=-=-=-=-=-=-=-=-=-=-=-=-= 
02:38:49.568 INFO  Lunio 2#3539, ready to serve [6] users in [3] servers 
02:38:49.568 INFO  -=-=-=-=-=-=-=-=-=-=-=-=-=-=-=-=-=-=-=-=-=-=-=-=-=-=-=-= 
02:38:50.131 ERROR Error occured: Cannot read properties of undefined (reading 'guild') -- in file D:\Program Files\Bots\Discord Bots\Lunio\Lunio 2\src\events\bot\error.js at line undefined. 
02:39:09.069 INFO  1 language(s) have loaded. (en-US) 
02:39:09.340 INFO  MongoDB successfully connected 
02:39:09.772 INFO  Shard: 0 has became ready 
02:39:09.794 INFO  Lavalink node: 0.0.0.0 has connected. 
02:39:09.821 INFO  All guilds have been initialized 
02:39:09.938 INFO  -=-=-=-=-=-=-=-=-=-=-=-=-=-=-=-=-=-=-=-=-=-=-=-=-=-=-=-= 
02:39:09.938 INFO  Lunio 2#3539, ready to serve [6] users in [3] servers 
02:39:09.939 INFO  -=-=-=-=-=-=-=-=-=-=-=-=-=-=-=-=-=-=-=-=-=-=-=-=-=-=-=-= 
02:43:07.448 INFO  1 language(s) have loaded. (en-US) 
02:43:07.767 INFO  MongoDB successfully connected 
02:43:08.194 INFO  Shard: 0 has became ready 
02:43:08.214 INFO  Lavalink node: 0.0.0.0 has connected. 
02:43:08.236 INFO  All guilds have been initialized 
02:43:08.356 INFO  -=-=-=-=-=-=-=-=-=-=-=-=-=-=-=-=-=-=-=-=-=-=-=-=-=-=-=-= 
02:43:08.356 INFO  Lunio 2#3539, ready to serve [6] users in [3] servers 
02:43:08.356 INFO  -=-=-=-=-=-=-=-=-=-=-=-=-=-=-=-=-=-=-=-=-=-=-=-=-=-=-=-= 
02:43:10.346 ERROR Unhandled promise rejection: message is not defined 
02:43:11.293 ERROR message is not defined
{}
ReferenceError: message is not defined
    at module.exports [as musicembed] (D:\Program Files\Bots\Discord Bots\Lunio\Lunio 2\src\utils\functions\AudioFunctions\musicembed.js:11:18)
    at clickButton.run (D:\Program Files\Bots\Discord Bots\Lunio\Lunio 2\src\events\custom\clickButton.js:251:17) 
02:46:30.193 INFO  1 language(s) have loaded. (en-US) 
02:46:30.511 INFO  MongoDB successfully connected 
02:46:30.947 INFO  Shard: 0 has became ready 
02:46:30.964 INFO  Lavalink node: 0.0.0.0 has connected. 
02:46:30.992 INFO  All guilds have been initialized 
02:46:31.106 INFO  -=-=-=-=-=-=-=-=-=-=-=-=-=-=-=-=-=-=-=-=-=-=-=-=-=-=-=-= 
02:46:31.106 INFO  Lunio 2#3539, ready to serve [6] users in [3] servers 
02:46:31.106 INFO  -=-=-=-=-=-=-=-=-=-=-=-=-=-=-=-=-=-=-=-=-=-=-=-=-=-=-=-= 
02:47:39.265 ERROR Error occured: maxSongsInPlaylist is not defined -- in file D:\Program Files\Bots\Discord Bots\Lunio\Lunio 2\src\events\bot\error.js at line undefined. 
02:48:24.247 INFO  1 language(s) have loaded. (en-US) 
02:48:24.566 INFO  MongoDB successfully connected 
02:48:25.040 INFO  Shard: 0 has became ready 
02:48:25.060 INFO  Lavalink node: 0.0.0.0 has connected. 
02:48:25.086 INFO  All guilds have been initialized 
02:48:25.201 INFO  -=-=-=-=-=-=-=-=-=-=-=-=-=-=-=-=-=-=-=-=-=-=-=-=-=-=-=-= 
02:48:25.201 INFO  Lunio 2#3539, ready to serve [6] users in [3] servers 
02:48:25.202 INFO  -=-=-=-=-=-=-=-=-=-=-=-=-=-=-=-=-=-=-=-=-=-=-=-=-=-=-=-= 
02:51:01.356 ERROR Error occured: Cannot read properties of undefined (reading 'mChannelID') -- in file D:\Program Files\Bots\Discord Bots\Lunio\Lunio 2\src\events\bot\error.js at line undefined. 
02:52:50.598 INFO  1 language(s) have loaded. (en-US) 
02:52:50.914 INFO  MongoDB successfully connected 
02:52:51.364 INFO  Shard: 0 has became ready 
02:52:51.387 INFO  Lavalink node: 0.0.0.0 has connected. 
02:52:51.408 INFO  All guilds have been initialized 
02:52:51.526 INFO  -=-=-=-=-=-=-=-=-=-=-=-=-=-=-=-=-=-=-=-=-=-=-=-=-=-=-=-= 
02:52:51.527 INFO  Lunio 2#3539, ready to serve [6] users in [3] servers 
02:52:51.527 INFO  -=-=-=-=-=-=-=-=-=-=-=-=-=-=-=-=-=-=-=-=-=-=-=-=-=-=-=-= 
02:53:43.758 INFO  1 language(s) have loaded. (en-US) 
02:53:44.036 INFO  MongoDB successfully connected 
02:53:44.477 INFO  Shard: 0 has became ready 
02:53:44.500 INFO  Lavalink node: 0.0.0.0 has connected. 
02:53:44.524 INFO  All guilds have been initialized 
02:53:44.638 INFO  -=-=-=-=-=-=-=-=-=-=-=-=-=-=-=-=-=-=-=-=-=-=-=-=-=-=-=-= 
02:53:44.638 INFO  Lunio 2#3539, ready to serve [6] users in [3] servers 
02:53:44.638 INFO  -=-=-=-=-=-=-=-=-=-=-=-=-=-=-=-=-=-=-=-=-=-=-=-=-=-=-=-= 
02:53:55.455 ERROR Error occured: Cannot read properties of null (reading 'duration') -- in file D:\Program Files\Bots\Discord Bots\Lunio\Lunio 2\src\events\bot\error.js at line undefined. 
02:55:30.466 INFO  1 language(s) have loaded. (en-US) 
02:55:30.792 INFO  MongoDB successfully connected 
02:55:31.228 INFO  Shard: 0 has became ready 
02:55:31.248 INFO  Lavalink node: 0.0.0.0 has connected. 
02:55:31.273 INFO  All guilds have been initialized 
02:55:31.405 INFO  -=-=-=-=-=-=-=-=-=-=-=-=-=-=-=-=-=-=-=-=-=-=-=-=-=-=-=-= 
02:55:31.405 INFO  Lunio 2#3539, ready to serve [6] users in [3] servers 
02:55:31.406 INFO  -=-=-=-=-=-=-=-=-=-=-=-=-=-=-=-=-=-=-=-=-=-=-=-=-=-=-=-= 
02:55:57.504 ERROR Error occured: Cannot read properties of undefined (reading 'mChannelID') -- in file D:\Program Files\Bots\Discord Bots\Lunio\Lunio 2\src\events\bot\error.js at line undefined. 
02:57:17.482 INFO  1 language(s) have loaded. (en-US) 
02:57:17.818 INFO  MongoDB successfully connected 
02:57:18.271 INFO  Shard: 0 has became ready 
02:57:18.296 INFO  Lavalink node: 0.0.0.0 has connected. 
02:57:18.322 INFO  All guilds have been initialized 
02:57:18.439 INFO  -=-=-=-=-=-=-=-=-=-=-=-=-=-=-=-=-=-=-=-=-=-=-=-=-=-=-=-= 
02:57:18.439 INFO  Lunio 2#3539, ready to serve [6] users in [3] servers 
02:57:18.439 INFO  -=-=-=-=-=-=-=-=-=-=-=-=-=-=-=-=-=-=-=-=-=-=-=-=-=-=-=-= 
02:57:24.054 ERROR Error occured: Cannot read properties of undefined (reading 'mChannelID') -- in file D:\Program Files\Bots\Discord Bots\Lunio\Lunio 2\src\events\bot\error.js at line undefined. 
02:57:51.997 INFO  1 language(s) have loaded. (en-US) 
02:57:52.276 INFO  MongoDB successfully connected 
02:57:52.730 INFO  Shard: 0 has became ready 
02:57:52.752 INFO  Lavalink node: 0.0.0.0 has connected. 
02:57:52.785 INFO  All guilds have been initialized 
02:57:52.902 INFO  -=-=-=-=-=-=-=-=-=-=-=-=-=-=-=-=-=-=-=-=-=-=-=-=-=-=-=-= 
02:57:52.902 INFO  Lunio 2#3539, ready to serve [6] users in [3] servers 
02:57:52.902 INFO  -=-=-=-=-=-=-=-=-=-=-=-=-=-=-=-=-=-=-=-=-=-=-=-=-=-=-=-= 
02:57:58.284 ERROR Error occured: Cannot read properties of undefined (reading 'mChannelID') -- in file D:\Program Files\Bots\Discord Bots\Lunio\Lunio 2\src\events\bot\error.js at line undefined. 
03:32:43.562 INFO  1 language(s) have loaded. (en-US) 
03:32:43.881 INFO  MongoDB successfully connected 
03:32:44.256 INFO  Shard: 0 has became ready 
03:32:44.277 INFO  Lavalink node: 0.0.0.0 has connected. 
03:32:44.347 INFO  All guilds have been initialized 
03:32:44.461 INFO  -=-=-=-=-=-=-=-=-=-=-=-=-=-=-=-=-=-=-=-=-=-=-=-=-=-=-=-= 
03:32:44.461 INFO  Lunio 2#3539, ready to serve [6] users in [3] servers 
03:32:44.461 INFO  -=-=-=-=-=-=-=-=-=-=-=-=-=-=-=-=-=-=-=-=-=-=-=-=-=-=-=-= 
03:32:59.833 ERROR Error occured: Cannot read properties of undefined (reading 'title') -- in file D:\Program Files\Bots\Discord Bots\Lunio\Lunio 2\src\events\bot\error.js at line undefined. 
03:35:53.471 INFO  1 language(s) have loaded. (en-US) 
03:35:53.778 INFO  MongoDB successfully connected 
03:35:54.423 INFO  Shard: 0 has became ready 
03:35:54.441 INFO  Lavalink node: 0.0.0.0 has connected. 
03:35:54.468 INFO  All guilds have been initialized 
03:35:54.616 INFO  -=-=-=-=-=-=-=-=-=-=-=-=-=-=-=-=-=-=-=-=-=-=-=-=-=-=-=-= 
03:35:54.616 INFO  Lunio 2#3539, ready to serve [6] users in [3] servers 
03:35:54.617 INFO  -=-=-=-=-=-=-=-=-=-=-=-=-=-=-=-=-=-=-=-=-=-=-=-=-=-=-=-= 
03:36:04.025 ERROR Error occured: Cannot read properties of undefined (reading 'findIndex') -- in file D:\Program Files\Bots\Discord Bots\Lunio\Lunio 2\src\events\bot\error.js at line undefined. 
03:40:13.345 INFO  1 language(s) have loaded. (en-US) 
03:40:13.686 INFO  MongoDB successfully connected 
03:40:14.175 INFO  Shard: 0 has became ready 
03:40:14.204 INFO  Lavalink node: 0.0.0.0 has connected. 
03:40:14.232 INFO  All guilds have been initialized 
03:40:14.366 INFO  -=-=-=-=-=-=-=-=-=-=-=-=-=-=-=-=-=-=-=-=-=-=-=-=-=-=-=-= 
03:40:14.366 INFO  Lunio 2#3539, ready to serve [6] users in [3] servers 
03:40:14.366 INFO  -=-=-=-=-=-=-=-=-=-=-=-=-=-=-=-=-=-=-=-=-=-=-=-=-=-=-=-= 
03:40:26.762 ERROR Error occured: Cannot read properties of undefined (reading 'findIndex') -- in file D:\Program Files\Bots\Discord Bots\Lunio\Lunio 2\src\events\bot\error.js at line undefined. 
03:46:05.295 INFO  1 language(s) have loaded. (en-US) 
03:46:05.610 INFO  MongoDB successfully connected 
03:46:06.036 INFO  Shard: 0 has became ready 
03:46:06.056 INFO  Lavalink node: 0.0.0.0 has connected. 
03:46:06.081 INFO  All guilds have been initialized 
03:46:06.200 INFO  -=-=-=-=-=-=-=-=-=-=-=-=-=-=-=-=-=-=-=-=-=-=-=-=-=-=-=-= 
03:46:06.200 INFO  Lunio 2#3539, ready to serve [6] users in [3] servers 
03:46:06.200 INFO  -=-=-=-=-=-=-=-=-=-=-=-=-=-=-=-=-=-=-=-=-=-=-=-=-=-=-=-= 
03:46:20.091 ERROR Error occured: Cannot read properties of undefined (reading 'findIndex') -- in file D:\Program Files\Bots\Discord Bots\Lunio\Lunio 2\src\events\bot\error.js at line undefined. 
03:47:25.964 INFO  1 language(s) have loaded. (en-US) 
03:47:26.318 INFO  MongoDB successfully connected 
03:47:26.755 INFO  Shard: 0 has became ready 
03:47:26.783 INFO  Lavalink node: 0.0.0.0 has connected. 
03:47:26.807 INFO  All guilds have been initialized 
03:47:26.936 INFO  -=-=-=-=-=-=-=-=-=-=-=-=-=-=-=-=-=-=-=-=-=-=-=-=-=-=-=-= 
03:47:26.937 INFO  Lunio 2#3539, ready to serve [6] users in [3] servers 
03:47:26.937 INFO  -=-=-=-=-=-=-=-=-=-=-=-=-=-=-=-=-=-=-=-=-=-=-=-=-=-=-=-= 
03:47:30.137 ERROR Error occured: Cannot read properties of undefined (reading 'findIndex') -- in file D:\Program Files\Bots\Discord Bots\Lunio\Lunio 2\src\events\bot\error.js at line undefined. 
03:47:54.286 INFO  1 language(s) have loaded. (en-US) 
03:47:54.584 INFO  MongoDB successfully connected 
03:47:55.006 INFO  Shard: 0 has became ready 
03:47:55.044 INFO  Lavalink node: 0.0.0.0 has connected. 
03:47:55.072 INFO  All guilds have been initialized 
03:47:55.193 INFO  -=-=-=-=-=-=-=-=-=-=-=-=-=-=-=-=-=-=-=-=-=-=-=-=-=-=-=-= 
03:47:55.194 INFO  Lunio 2#3539, ready to serve [6] users in [3] servers 
03:47:55.194 INFO  -=-=-=-=-=-=-=-=-=-=-=-=-=-=-=-=-=-=-=-=-=-=-=-=-=-=-=-= 
03:48:32.391 ERROR Error occured: Cannot read properties of undefined (reading 'findIndex') -- in file D:\Program Files\Bots\Discord Bots\Lunio\Lunio 2\src\events\bot\error.js at line undefined. 
03:57:08.668 INFO  1 language(s) have loaded. (en-US) 
03:57:08.994 INFO  MongoDB successfully connected 
03:57:09.517 INFO  Shard: 0 has became ready 
03:57:09.549 INFO  Lavalink node: 0.0.0.0 has connected. 
03:57:09.567 INFO  All guilds have been initialized 
03:57:09.683 INFO  -=-=-=-=-=-=-=-=-=-=-=-=-=-=-=-=-=-=-=-=-=-=-=-=-=-=-=-= 
03:57:09.683 INFO  Lunio 2#3539, ready to serve [6] users in [3] servers 
03:57:09.684 INFO  -=-=-=-=-=-=-=-=-=-=-=-=-=-=-=-=-=-=-=-=-=-=-=-=-=-=-=-= 
03:57:14.478 ERROR Error occured: Cannot read properties of undefined (reading 'title') -- in file D:\Program Files\Bots\Discord Bots\Lunio\Lunio 2\src\events\bot\error.js at line undefined. 
03:59:36.280 INFO  1 language(s) have loaded. (en-US) 
03:59:36.604 INFO  MongoDB successfully connected 
03:59:37.057 INFO  Shard: 0 has became ready 
03:59:37.078 INFO  Lavalink node: 0.0.0.0 has connected. 
03:59:37.102 INFO  All guilds have been initialized 
03:59:37.243 INFO  -=-=-=-=-=-=-=-=-=-=-=-=-=-=-=-=-=-=-=-=-=-=-=-=-=-=-=-= 
03:59:37.244 INFO  Lunio 2#3539, ready to serve [6] users in [3] servers 
03:59:37.244 INFO  -=-=-=-=-=-=-=-=-=-=-=-=-=-=-=-=-=-=-=-=-=-=-=-=-=-=-=-= 
03:59:42.049 ERROR Unhandled promise rejection: Cannot read properties of undefined (reading 'dirname') 
04:00:30.133 ERROR Unhandled promise rejection: Cannot read properties of undefined (reading 'dirname') 
04:01:21.223 INFO  1 language(s) have loaded. (en-US) 
04:01:21.561 INFO  MongoDB successfully connected 
04:01:21.958 INFO  Shard: 0 has became ready 
04:01:21.987 INFO  Lavalink node: 0.0.0.0 has connected. 
04:01:22.009 INFO  All guilds have been initialized 
04:01:22.125 INFO  -=-=-=-=-=-=-=-=-=-=-=-=-=-=-=-=-=-=-=-=-=-=-=-=-=-=-=-= 
04:01:22.125 INFO  Lunio 2#3539, ready to serve [6] users in [3] servers 
04:01:22.125 INFO  -=-=-=-=-=-=-=-=-=-=-=-=-=-=-=-=-=-=-=-=-=-=-=-=-=-=-=-= 
04:01:26.861 ERROR Error occured: Cannot read properties of undefined (reading 'title') -- in file D:\Program Files\Bots\Discord Bots\Lunio\Lunio 2\src\events\bot\error.js at line undefined. 
04:04:12.188 INFO  1 language(s) have loaded. (en-US) 
04:04:12.507 INFO  MongoDB successfully connected 
04:04:12.913 INFO  Shard: 0 has became ready 
04:04:12.936 INFO  Lavalink node: 0.0.0.0 has connected. 
04:04:12.966 INFO  All guilds have been initialized 
04:04:13.120 INFO  -=-=-=-=-=-=-=-=-=-=-=-=-=-=-=-=-=-=-=-=-=-=-=-=-=-=-=-= 
04:04:13.121 INFO  Lunio 2#3539, ready to serve [6] users in [3] servers 
04:04:13.121 INFO  -=-=-=-=-=-=-=-=-=-=-=-=-=-=-=-=-=-=-=-=-=-=-=-=-=-=-=-= 
04:04:24.887 ERROR Error occured: Invalid Form Body
embeds[0].description[BASE_TYPE_REQUIRED]: This field is required -- in file D:\Program Files\Bots\Discord Bots\Lunio\Lunio 2\src\events\bot\error.js at line undefined. 
04:05:14.262 ERROR Error occured: Cannot read properties of undefined (reading 'mChannelID') -- in file D:\Program Files\Bots\Discord Bots\Lunio\Lunio 2\src\events\bot\error.js at line undefined. 
04:05:55.569 INFO  1 language(s) have loaded. (en-US) 
04:05:55.908 INFO  MongoDB successfully connected 
04:05:56.322 INFO  Shard: 0 has became ready 
04:05:56.345 INFO  Lavalink node: 0.0.0.0 has connected. 
04:05:56.368 INFO  All guilds have been initialized 
04:05:56.483 INFO  -=-=-=-=-=-=-=-=-=-=-=-=-=-=-=-=-=-=-=-=-=-=-=-=-=-=-=-= 
04:05:56.483 INFO  Lunio 2#3539, ready to serve [6] users in [3] servers 
04:05:56.483 INFO  -=-=-=-=-=-=-=-=-=-=-=-=-=-=-=-=-=-=-=-=-=-=-=-=-=-=-=-= 
04:09:30.975 ERROR Error occured: Cannot read properties of undefined (reading 'mChannelID') -- in file D:\Program Files\Bots\Discord Bots\Lunio\Lunio 2\src\events\bot\error.js at line undefined. 
04:09:36.787 INFO  1 language(s) have loaded. (en-US) 
04:09:37.104 INFO  MongoDB successfully connected 
04:09:37.588 INFO  Shard: 0 has became ready 
04:09:37.618 INFO  Lavalink node: 0.0.0.0 has connected. 
04:09:37.646 INFO  All guilds have been initialized 
04:09:37.804 INFO  -=-=-=-=-=-=-=-=-=-=-=-=-=-=-=-=-=-=-=-=-=-=-=-=-=-=-=-= 
04:09:37.804 INFO  Lunio 2#3539, ready to serve [6] users in [3] servers 
04:09:37.804 INFO  -=-=-=-=-=-=-=-=-=-=-=-=-=-=-=-=-=-=-=-=-=-=-=-=-=-=-=-= 
04:11:35.308 ERROR Error occured: Cannot read properties of undefined (reading 'mChannelID') -- in file D:\Program Files\Bots\Discord Bots\Lunio\Lunio 2\src\events\bot\error.js at line undefined. 
04:11:47.577 ERROR Error deleting old embed to refresh with new one 
04:11:48.529 ERROR Unhandled promise rejection: Unknown Message 
04:11:48.716 ERROR Unhandled promise rejection: Unknown Message 
04:13:23.208 ERROR running slashCreate: 709832515577184287 | DiscordAPIError[10008]: Unknown Message 
04:15:30.577 ERROR Error occured: Cannot read properties of undefined (reading 'mChannelID') -- in file D:\Program Files\Bots\Discord Bots\Lunio\Lunio 2\src\events\bot\error.js at line undefined. 
04:15:30.789 ERROR Unhandled promise rejection: Unknown Channel 
04:15:38.852 INFO  1 language(s) have loaded. (en-US) 
04:15:39.167 INFO  MongoDB successfully connected 
04:15:39.614 INFO  Shard: 0 has became ready 
04:15:39.634 INFO  Lavalink node: 0.0.0.0 has connected. 
04:15:39.671 INFO  All guilds have been initialized 
04:15:39.810 INFO  -=-=-=-=-=-=-=-=-=-=-=-=-=-=-=-=-=-=-=-=-=-=-=-=-=-=-=-= 
04:15:39.810 INFO  Lunio 2#3539, ready to serve [6] users in [3] servers 
04:15:39.810 INFO  -=-=-=-=-=-=-=-=-=-=-=-=-=-=-=-=-=-=-=-=-=-=-=-=-=-=-=-= 
04:18:25.101 ERROR Error occured: Cannot read properties of undefined (reading 'mChannelID') -- in file D:\Program Files\Bots\Discord Bots\Lunio\Lunio 2\src\events\bot\error.js at line undefined. 
04:19:55.889 ERROR Error occured: Cannot read properties of undefined (reading 'mChannelID') -- in file D:\Program Files\Bots\Discord Bots\Lunio\Lunio 2\src\events\bot\error.js at line undefined. 
04:20:33.897 INFO  1 language(s) have loaded. (en-US) 
04:20:34.199 INFO  MongoDB successfully connected 
04:20:34.696 INFO  Shard: 0 has became ready 
04:20:34.717 INFO  Lavalink node: 0.0.0.0 has connected. 
04:20:34.740 INFO  All guilds have been initialized 
04:20:34.856 INFO  -=-=-=-=-=-=-=-=-=-=-=-=-=-=-=-=-=-=-=-=-=-=-=-=-=-=-=-= 
04:20:34.856 INFO  Lunio 2#3539, ready to serve [6] users in [3] servers 
04:20:34.857 INFO  -=-=-=-=-=-=-=-=-=-=-=-=-=-=-=-=-=-=-=-=-=-=-=-=-=-=-=-= 
04:20:54.104 ERROR Error occured: Cannot read properties of undefined (reading 'mChannelID') -- in file D:\Program Files\Bots\Discord Bots\Lunio\Lunio 2\src\events\bot\error.js at line undefined. 
04:20:56.592 ERROR Failed to search and add song: RangeError: Track must be a "Track" or "Track[]". 
04:20:56.593 ERROR Failed to search and add song: RangeError: Track must be a "Track" or "Track[]". 
04:20:56.593 ERROR Failed to search and add song: RangeError: Track must be a "Track" or "Track[]". 
04:20:56.593 ERROR Failed to search and add song: RangeError: Track must be a "Track" or "Track[]". 
04:20:56.594 ERROR Failed to search and add song: RangeError: Track must be a "Track" or "Track[]". 
04:20:56.594 ERROR Failed to search and add song: RangeError: Track must be a "Track" or "Track[]". 
04:20:56.594 ERROR Failed to search and add song: RangeError: Track must be a "Track" or "Track[]". 
04:20:56.595 ERROR Failed to search and add song: RangeError: Track must be a "Track" or "Track[]". 
04:20:56.595 ERROR Failed to search and add song: RangeError: Track must be a "Track" or "Track[]". 
04:20:56.595 ERROR Failed to search and add song: RangeError: Track must be a "Track" or "Track[]". 
04:20:56.595 ERROR Failed to search and add song: RangeError: Track must be a "Track" or "Track[]". 
04:20:56.596 ERROR Failed to search and add song: RangeError: Track must be a "Track" or "Track[]". 
04:20:56.596 ERROR Failed to search and add song: RangeError: Track must be a "Track" or "Track[]". 
04:20:56.596 ERROR Failed to search and add song: RangeError: Track must be a "Track" or "Track[]". 
04:20:56.596 ERROR Failed to search and add song: RangeError: Track must be a "Track" or "Track[]". 
04:20:56.597 ERROR Failed to search and add song: RangeError: Track must be a "Track" or "Track[]". 
04:20:56.597 ERROR Failed to search and add song: RangeError: Track must be a "Track" or "Track[]". 
04:20:56.597 ERROR Failed to search and add song: RangeError: Track must be a "Track" or "Track[]". 
04:20:56.598 ERROR Failed to search and add song: RangeError: Track must be a "Track" or "Track[]". 
04:20:56.598 ERROR Failed to search and add song: RangeError: Track must be a "Track" or "Track[]". 
04:20:56.598 ERROR Failed to search and add song: RangeError: Track must be a "Track" or "Track[]". 
04:20:56.598 ERROR Failed to search and add song: RangeError: Track must be a "Track" or "Track[]". 
04:20:56.599 ERROR Failed to search and add song: RangeError: Track must be a "Track" or "Track[]". 
04:20:56.599 ERROR Failed to search and add song: RangeError: Track must be a "Track" or "Track[]". 
04:20:56.599 ERROR Failed to search and add song: RangeError: Track must be a "Track" or "Track[]". 
04:20:58.132 ERROR Error occured: Cannot read properties of null (reading 'duration') -- in file D:\Program Files\Bots\Discord Bots\Lunio\Lunio 2\src\events\bot\error.js at line undefined. 
04:22:19.077 INFO  1 language(s) have loaded. (en-US) 
04:22:19.401 INFO  MongoDB successfully connected 
04:22:19.805 INFO  Shard: 0 has became ready 
04:22:19.828 INFO  Lavalink node: 0.0.0.0 has connected. 
04:22:19.855 INFO  All guilds have been initialized 
04:22:19.973 INFO  -=-=-=-=-=-=-=-=-=-=-=-=-=-=-=-=-=-=-=-=-=-=-=-=-=-=-=-= 
04:22:19.973 INFO  Lunio 2#3539, ready to serve [6] users in [3] servers 
04:22:19.974 INFO  -=-=-=-=-=-=-=-=-=-=-=-=-=-=-=-=-=-=-=-=-=-=-=-=-=-=-=-= 
04:22:33.088 ERROR Error occured: Cannot read properties of undefined (reading 'mChannelID') -- in file D:\Program Files\Bots\Discord Bots\Lunio\Lunio 2\src\events\bot\error.js at line undefined. 
04:22:55.794 ERROR Failed to search and add song: RangeError: Track must be a "Track" or "Track[]". 
04:22:55.797 ERROR Failed to search and add song: RangeError: Track must be a "Track" or "Track[]". 
04:22:55.800 ERROR Failed to search and add song: RangeError: Track must be a "Track" or "Track[]". 
04:22:55.802 ERROR Failed to search and add song: RangeError: Track must be a "Track" or "Track[]". 
04:22:55.805 ERROR Failed to search and add song: RangeError: Track must be a "Track" or "Track[]". 
04:22:55.807 ERROR Failed to search and add song: RangeError: Track must be a "Track" or "Track[]". 
04:22:55.810 ERROR Failed to search and add song: RangeError: Track must be a "Track" or "Track[]". 
04:22:55.812 ERROR Failed to search and add song: RangeError: Track must be a "Track" or "Track[]". 
04:22:55.815 ERROR Failed to search and add song: RangeError: Track must be a "Track" or "Track[]". 
04:22:55.818 ERROR Failed to search and add song: RangeError: Track must be a "Track" or "Track[]". 
04:22:55.821 ERROR Failed to search and add song: RangeError: Track must be a "Track" or "Track[]". 
04:22:55.823 ERROR Failed to search and add song: RangeError: Track must be a "Track" or "Track[]". 
04:22:55.825 ERROR Failed to search and add song: RangeError: Track must be a "Track" or "Track[]". 
04:22:55.827 ERROR Failed to search and add song: RangeError: Track must be a "Track" or "Track[]". 
04:22:55.829 ERROR Failed to search and add song: RangeError: Track must be a "Track" or "Track[]". 
04:22:55.831 ERROR Failed to search and add song: RangeError: Track must be a "Track" or "Track[]". 
04:22:55.834 ERROR Failed to search and add song: RangeError: Track must be a "Track" or "Track[]". 
04:22:55.836 ERROR Failed to search and add song: RangeError: Track must be a "Track" or "Track[]". 
04:22:55.838 ERROR Failed to search and add song: RangeError: Track must be a "Track" or "Track[]". 
04:22:55.840 ERROR Failed to search and add song: RangeError: Track must be a "Track" or "Track[]". 
04:22:55.842 ERROR Failed to search and add song: RangeError: Track must be a "Track" or "Track[]". 
04:22:55.844 ERROR Failed to search and add song: RangeError: Track must be a "Track" or "Track[]". 
04:22:55.847 ERROR Failed to search and add song: RangeError: Track must be a "Track" or "Track[]". 
04:22:55.849 ERROR Failed to search and add song: RangeError: Track must be a "Track" or "Track[]". 
04:22:55.852 ERROR Failed to search and add song: RangeError: Track must be a "Track" or "Track[]". 
04:22:57.389 ERROR Error occured: Cannot read properties of null (reading 'duration') -- in file D:\Program Files\Bots\Discord Bots\Lunio\Lunio 2\src\events\bot\error.js at line undefined. 
04:24:49.670 INFO  1 language(s) have loaded. (en-US) 
04:24:49.973 INFO  MongoDB successfully connected 
04:24:50.335 INFO  Shard: 0 has became ready 
04:24:50.355 INFO  Lavalink node: 0.0.0.0 has connected. 
04:24:50.379 INFO  All guilds have been initialized 
04:24:50.494 INFO  -=-=-=-=-=-=-=-=-=-=-=-=-=-=-=-=-=-=-=-=-=-=-=-=-=-=-=-= 
04:24:50.494 INFO  Lunio 2#3539, ready to serve [6] users in [3] servers 
04:24:50.494 INFO  -=-=-=-=-=-=-=-=-=-=-=-=-=-=-=-=-=-=-=-=-=-=-=-=-=-=-=-= 
04:25:19.328 ERROR Error occured: Cannot read properties of undefined (reading 'mChannelID') -- in file D:\Program Files\Bots\Discord Bots\Lunio\Lunio 2\src\events\bot\error.js at line undefined. 
04:26:04.719 ERROR Error occured: Cannot read properties of null (reading 'duration') -- in file D:\Program Files\Bots\Discord Bots\Lunio\Lunio 2\src\events\bot\error.js at line undefined. 
04:34:49.013 INFO  1 language(s) have loaded. (en-US) 
04:34:49.316 INFO  MongoDB successfully connected 
04:34:49.747 INFO  Shard: 0 has became ready 
04:34:49.772 INFO  Lavalink node: 0.0.0.0 has connected. 
04:34:49.795 INFO  All guilds have been initialized 
04:34:49.911 INFO  -=-=-=-=-=-=-=-=-=-=-=-=-=-=-=-=-=-=-=-=-=-=-=-=-=-=-=-= 
04:34:49.911 INFO  Lunio 2#3539, ready to serve [6] users in [3] servers 
04:34:49.911 INFO  -=-=-=-=-=-=-=-=-=-=-=-=-=-=-=-=-=-=-=-=-=-=-=-=-=-=-=-= 
04:35:02.787 ERROR Failed to search and add song: RangeError: Track must be a "Track" or "Track[]". 
04:35:02.787 ERROR Failed to search and add song: RangeError: Track must be a "Track" or "Track[]". 
04:35:02.788 ERROR Failed to search and add song: RangeError: Track must be a "Track" or "Track[]". 
04:35:02.788 ERROR Failed to search and add song: RangeError: Track must be a "Track" or "Track[]". 
04:35:02.788 ERROR Failed to search and add song: RangeError: Track must be a "Track" or "Track[]". 
04:35:02.788 ERROR Failed to search and add song: RangeError: Track must be a "Track" or "Track[]". 
04:35:02.788 ERROR Failed to search and add song: RangeError: Track must be a "Track" or "Track[]". 
04:35:02.789 ERROR Failed to search and add song: RangeError: Track must be a "Track" or "Track[]". 
04:35:02.789 ERROR Failed to search and add song: RangeError: Track must be a "Track" or "Track[]". 
04:35:02.789 ERROR Failed to search and add song: RangeError: Track must be a "Track" or "Track[]". 
04:35:02.789 ERROR Failed to search and add song: RangeError: Track must be a "Track" or "Track[]". 
04:35:02.790 ERROR Failed to search and add song: RangeError: Track must be a "Track" or "Track[]". 
04:35:02.790 ERROR Failed to search and add song: RangeError: Track must be a "Track" or "Track[]". 
04:35:02.790 ERROR Failed to search and add song: RangeError: Track must be a "Track" or "Track[]". 
04:35:02.791 ERROR Failed to search and add song: RangeError: Track must be a "Track" or "Track[]". 
04:35:02.791 ERROR Failed to search and add song: RangeError: Track must be a "Track" or "Track[]". 
04:35:02.791 ERROR Failed to search and add song: RangeError: Track must be a "Track" or "Track[]". 
04:35:02.791 ERROR Failed to search and add song: RangeError: Track must be a "Track" or "Track[]". 
04:35:02.792 ERROR Failed to search and add song: RangeError: Track must be a "Track" or "Track[]". 
04:35:02.792 ERROR Failed to search and add song: RangeError: Track must be a "Track" or "Track[]". 
04:35:02.792 ERROR Failed to search and add song: RangeError: Track must be a "Track" or "Track[]". 
04:35:02.792 ERROR Failed to search and add song: RangeError: Track must be a "Track" or "Track[]". 
04:35:02.793 ERROR Failed to search and add song: RangeError: Track must be a "Track" or "Track[]". 
04:35:02.793 ERROR Failed to search and add song: RangeError: Track must be a "Track" or "Track[]". 
04:35:02.794 ERROR Failed to search and add song: RangeError: Track must be a "Track" or "Track[]". 
04:35:04.329 ERROR Error occured: Cannot read properties of null (reading 'duration') -- in file D:\Program Files\Bots\Discord Bots\Lunio\Lunio 2\src\events\bot\error.js at line undefined. 
04:35:46.784 ERROR Failed to load Event: clickButton error: Cannot find module 'lavalink'
Require stack:
- D:\Program Files\Bots\Discord Bots\Lunio\Lunio 2\src\events\custom\clickButton.js
- D:\Program Files\Bots\Discord Bots\Lunio\Lunio 2\src\bot.js 
04:35:46.987 INFO  1 language(s) have loaded. (en-US) 
04:35:47.287 INFO  MongoDB successfully connected 
04:35:47.847 INFO  Shard: 0 has became ready 
04:35:47.865 INFO  Lavalink node: 0.0.0.0 has connected. 
04:35:47.889 INFO  All guilds have been initialized 
04:35:48.012 INFO  -=-=-=-=-=-=-=-=-=-=-=-=-=-=-=-=-=-=-=-=-=-=-=-=-=-=-=-= 
04:35:48.012 INFO  Lunio 2#3539, ready to serve [7] users in [3] servers 
04:35:48.012 INFO  -=-=-=-=-=-=-=-=-=-=-=-=-=-=-=-=-=-=-=-=-=-=-=-=-=-=-=-= 
04:36:19.473 ERROR running slashCreate: 709832515577184287 | TypeError: Cannot read properties of null (reading 'duration') 
04:37:59.014 ERROR Failed to load Event: clickButton error: Cannot find module 'lavalink'
Require stack:
- D:\Program Files\Bots\Discord Bots\Lunio\Lunio 2\src\events\custom\clickButton.js
- D:\Program Files\Bots\Discord Bots\Lunio\Lunio 2\src\bot.js 
04:37:59.228 INFO  1 language(s) have loaded. (en-US) 
04:37:59.565 INFO  MongoDB successfully connected 
04:38:00.029 INFO  Shard: 0 has became ready 
04:38:00.053 INFO  Lavalink node: 0.0.0.0 has connected. 
04:38:00.076 INFO  All guilds have been initialized 
04:38:00.220 INFO  -=-=-=-=-=-=-=-=-=-=-=-=-=-=-=-=-=-=-=-=-=-=-=-=-=-=-=-= 
04:38:00.220 INFO  Lunio 2#3539, ready to serve [6] users in [3] servers 
04:38:00.220 INFO  -=-=-=-=-=-=-=-=-=-=-=-=-=-=-=-=-=-=-=-=-=-=-=-=-=-=-=-= 
04:38:29.522 ERROR running slashCreate: 709832515577184287 | TypeError: Cannot read properties of null (reading 'duration') 
04:39:32.179 INFO  1 language(s) have loaded. (en-US) 
04:39:32.529 INFO  MongoDB successfully connected 
04:39:32.968 INFO  Shard: 0 has became ready 
04:39:32.993 INFO  Lavalink node: 0.0.0.0 has connected. 
04:39:33.018 INFO  All guilds have been initialized 
04:39:33.162 INFO  -=-=-=-=-=-=-=-=-=-=-=-=-=-=-=-=-=-=-=-=-=-=-=-=-=-=-=-= 
04:39:33.162 INFO  Lunio 2#3539, ready to serve [6] users in [3] servers 
04:39:33.163 INFO  -=-=-=-=-=-=-=-=-=-=-=-=-=-=-=-=-=-=-=-=-=-=-=-=-=-=-=-= 
04:39:42.875 ERROR Error occured: Cannot read properties of undefined (reading 'mChannelID') -- in file D:\Program Files\Bots\Discord Bots\Lunio\Lunio 2\src\events\bot\error.js at line undefined. 
04:39:52.213 ERROR Error occured: Cannot read properties of undefined (reading 'mChannelID') -- in file D:\Program Files\Bots\Discord Bots\Lunio\Lunio 2\src\events\bot\error.js at line undefined. 
04:39:58.220 ERROR Error occured: Cannot read properties of undefined (reading 'mChannelID') -- in file D:\Program Files\Bots\Discord Bots\Lunio\Lunio 2\src\events\bot\error.js at line undefined. 
04:42:14.954 INFO  1 language(s) have loaded. (en-US) 
04:42:15.286 INFO  MongoDB successfully connected 
04:42:15.713 INFO  Shard: 0 has became ready 
04:42:15.735 INFO  Lavalink node: 0.0.0.0 has connected. 
04:42:15.760 INFO  All guilds have been initialized 
04:42:15.882 INFO  -=-=-=-=-=-=-=-=-=-=-=-=-=-=-=-=-=-=-=-=-=-=-=-=-=-=-=-= 
04:42:15.883 INFO  Lunio 2#3539, ready to serve [6] users in [3] servers 
04:42:15.883 INFO  -=-=-=-=-=-=-=-=-=-=-=-=-=-=-=-=-=-=-=-=-=-=-=-=-=-=-=-= 
04:42:19.483 ERROR Unhandled promise rejection: Cannot read properties of undefined (reading 'dirname') 
04:53:19.304 ERROR Error loading shards: Shard 0's process exited before its Client became ready. 
04:53:49.797 ERROR Error loading shards: Shard 0's process exited before its Client became ready. 
04:54:03.835 ERROR Error loading shards: Shard 0's process exited before its Client became ready. 
04:54:22.857 INFO  1 language(s) have loaded. (en-US) 
04:54:23.190 INFO  MongoDB successfully connected 
04:54:23.635 INFO  Shard: 0 has became ready 
04:54:23.658 INFO  Lavalink node: 0.0.0.0 has connected. 
04:54:23.685 INFO  All guilds have been initialized 
04:54:23.800 INFO  -=-=-=-=-=-=-=-=-=-=-=-=-=-=-=-=-=-=-=-=-=-=-=-=-=-=-=-= 
04:54:23.801 INFO  Lunio 2#3539, ready to serve [6] users in [3] servers 
04:54:23.801 INFO  -=-=-=-=-=-=-=-=-=-=-=-=-=-=-=-=-=-=-=-=-=-=-=-=-=-=-=-= 
04:54:29.422 ERROR Unhandled promise rejection: Cannot read properties of undefined (reading 'dirname') 
05:09:39.375 INFO  1 language(s) have loaded. (en-US) 
05:09:39.683 INFO  MongoDB successfully connected 
05:09:40.126 INFO  Shard: 0 has became ready 
05:09:40.145 INFO  Lavalink node: 0.0.0.0 has connected. 
05:09:40.168 INFO  All guilds have been initialized 
05:09:40.297 INFO  -=-=-=-=-=-=-=-=-=-=-=-=-=-=-=-=-=-=-=-=-=-=-=-=-=-=-=-= 
05:09:40.298 INFO  Lunio 2#3539, ready to serve [6] users in [3] servers 
05:09:40.298 INFO  -=-=-=-=-=-=-=-=-=-=-=-=-=-=-=-=-=-=-=-=-=-=-=-=-=-=-=-= 
05:10:09.265 INFO  1 language(s) have loaded. (en-US) 
05:10:09.531 INFO  MongoDB successfully connected 
05:10:10.007 INFO  Shard: 0 has became ready 
05:10:10.027 INFO  Lavalink node: 0.0.0.0 has connected. 
05:10:10.055 INFO  All guilds have been initialized 
05:10:10.174 INFO  -=-=-=-=-=-=-=-=-=-=-=-=-=-=-=-=-=-=-=-=-=-=-=-=-=-=-=-= 
05:10:10.174 INFO  Lunio 2#3539, ready to serve [6] users in [3] servers 
05:10:10.174 INFO  -=-=-=-=-=-=-=-=-=-=-=-=-=-=-=-=-=-=-=-=-=-=-=-=-=-=-=-= 
05:28:17.641 ERROR Track error: undefined **undefined** in guild: 709832515577184287 for this song: PSYTRANCE  Vintage Culture, Fancy Inc - In the Dark (Sound Machine & Warlockz Re). 
07:10:18.734 ERROR Error occured: Invalid Form Body
channel_id[NUMBER_TYPE_COERCE]: Value "none" is not snowflake. -- in file D:\Program Files\Bots\Discord Bots\Lunio\Lunio 2\src\events\bot\error.js at line undefined. 
22:24:50.430 INFO  1 language(s) have loaded. (en-US) 
22:24:50.770 INFO  MongoDB successfully connected 
22:24:51.179 INFO  Shard: 0 has became ready 
22:24:51.225 INFO  All guilds have been initialized 
22:24:51.310 INFO  Lavalink node: 0.0.0.0 has connected. 
22:24:51.341 INFO  -=-=-=-=-=-=-=-=-=-=-=-=-=-=-=-=-=-=-=-=-=-=-=-=-=-=-=-= 
22:24:51.342 INFO  Lunio 2#3539, ready to serve [7] users in [3] servers 
22:24:51.342 INFO  -=-=-=-=-=-=-=-=-=-=-=-=-=-=-=-=-=-=-=-=-=-=-=-=-=-=-=-= 
22:39:19.767 ERROR Error deleting old embed to refresh with new one 
22:39:34.812 INFO  1 language(s) have loaded. (en-US) 
22:39:35.130 INFO  MongoDB successfully connected 
22:39:35.537 INFO  Shard: 0 has became ready 
22:39:35.559 INFO  Lavalink node: 0.0.0.0 has connected. 
22:39:35.589 INFO  All guilds have been initialized 
22:39:35.715 INFO  -=-=-=-=-=-=-=-=-=-=-=-=-=-=-=-=-=-=-=-=-=-=-=-=-=-=-=-= 
22:39:35.715 INFO  Lunio 2#3539, ready to serve [8] users in [3] servers 
22:39:35.716 INFO  -=-=-=-=-=-=-=-=-=-=-=-=-=-=-=-=-=-=-=-=-=-=-=-=-=-=-=-= 
23:10:57.542 INFO  1 language(s) have loaded. (en-US) 
23:10:57.861 INFO  MongoDB successfully connected 
23:10:58.292 INFO  Shard: 0 has became ready 
23:10:58.316 INFO  Lavalink node: 0.0.0.0 has connected. 
23:10:58.342 INFO  All guilds have been initialized 
23:10:58.459 INFO  -=-=-=-=-=-=-=-=-=-=-=-=-=-=-=-=-=-=-=-=-=-=-=-=-=-=-=-= 
23:10:58.459 INFO  Lunio 2#3539, ready to serve [8] users in [3] servers 
23:10:58.460 INFO  -=-=-=-=-=-=-=-=-=-=-=-=-=-=-=-=-=-=-=-=-=-=-=-=-=-=-=-= 
23:17:34.986 INFO  1 language(s) have loaded. (en-US) 
23:17:35.316 INFO  MongoDB successfully connected 
23:17:35.829 INFO  Shard: 0 has became ready 
23:17:35.857 INFO  Lavalink node: 0.0.0.0 has connected. 
23:17:35.883 INFO  All guilds have been initialized 
23:17:36.002 INFO  -=-=-=-=-=-=-=-=-=-=-=-=-=-=-=-=-=-=-=-=-=-=-=-=-=-=-=-= 
23:17:36.002 INFO  Lunio 2#3539, ready to serve [8] users in [3] servers 
23:17:36.003 INFO  -=-=-=-=-=-=-=-=-=-=-=-=-=-=-=-=-=-=-=-=-=-=-=-=-=-=-=-= 
23:31:25.375 ERROR Error occured: Invalid Form Body
data.choices[0].name[BASE_TYPE_BAD_LENGTH]: Must be between 1 and 100 in length. -- in file D:\Program Files\Bots\Discord Bots\Lunio\Lunio 2\src\events\bot\error.js at line undefined. 
23:31:29.208 ERROR Error occured: Invalid Form Body
data.choices[0].name[BASE_TYPE_BAD_LENGTH]: Must be between 1 and 100 in length. -- in file D:\Program Files\Bots\Discord Bots\Lunio\Lunio 2\src\events\bot\error.js at line undefined. 
23:34:11.294 ERROR Error occured: Invalid Form Body
channel_id[NUMBER_TYPE_COERCE]: Value "none" is not snowflake. -- in file D:\Program Files\Bots\Discord Bots\Lunio\Lunio 2\src\events\bot\error.js at line undefined. 
23:34:18.511 INFO  1 language(s) have loaded. (en-US) 
23:34:18.833 INFO  MongoDB successfully connected 
23:34:19.213 INFO  Shard: 0 has became ready 
23:34:19.250 INFO  Lavalink node: 0.0.0.0 has connected. 
23:34:19.272 INFO  All guilds have been initialized 
23:34:19.388 INFO  -=-=-=-=-=-=-=-=-=-=-=-=-=-=-=-=-=-=-=-=-=-=-=-=-=-=-=-= 
23:34:19.389 INFO  Lunio 2#3539, ready to serve [8] users in [3] servers 
23:34:19.389 INFO  -=-=-=-=-=-=-=-=-=-=-=-=-=-=-=-=-=-=-=-=-=-=-=-=-=-=-=-= 
23:38:15.225 INFO  1 language(s) have loaded. (en-US) 
23:38:15.535 INFO  MongoDB successfully connected 
23:38:15.945 INFO  Shard: 0 has became ready 
23:38:15.980 INFO  Lavalink node: 0.0.0.0 has connected. 
23:38:16.004 INFO  All guilds have been initialized 
23:38:16.121 INFO  -=-=-=-=-=-=-=-=-=-=-=-=-=-=-=-=-=-=-=-=-=-=-=-=-=-=-=-= 
23:38:16.121 INFO  Lunio 2#3539, ready to serve [8] users in [3] servers 
23:38:16.122 INFO  -=-=-=-=-=-=-=-=-=-=-=-=-=-=-=-=-=-=-=-=-=-=-=-=-=-=-=-= 
23:45:08.135 ERROR Error occured: Invalid Form Body
channel_id[NUMBER_TYPE_COERCE]: Value "none" is not snowflake. -- in file D:\Program Files\Bots\Discord Bots\Lunio\Lunio 2\src\events\bot\error.js at line undefined. 
23:47:52.466 INFO  1 language(s) have loaded. (en-US) 
23:47:52.777 INFO  MongoDB successfully connected 
23:47:53.142 INFO  Shard: 0 has became ready 
23:47:53.175 INFO  Lavalink node: 0.0.0.0 has connected. 
23:47:53.201 INFO  All guilds have been initialized 
23:47:53.319 INFO  -=-=-=-=-=-=-=-=-=-=-=-=-=-=-=-=-=-=-=-=-=-=-=-=-=-=-=-= 
23:47:53.320 INFO  Lunio 2#3539, ready to serve [8] users in [3] servers 
23:47:53.320 INFO  -=-=-=-=-=-=-=-=-=-=-=-=-=-=-=-=-=-=-=-=-=-=-=-=-=-=-=-= 
23:58:56.227 INFO  1 language(s) have loaded. (en-US) 
23:58:56.531 INFO  MongoDB successfully connected 
23:58:56.923 INFO  Shard: 0 has became ready 
23:58:56.946 INFO  Lavalink node: 0.0.0.0 has connected. 
23:58:56.975 INFO  All guilds have been initialized 
23:58:57.106 INFO  -=-=-=-=-=-=-=-=-=-=-=-=-=-=-=-=-=-=-=-=-=-=-=-=-=-=-=-= 
23:58:57.107 INFO  Lunio 2#3539, ready to serve [8] users in [3] servers 
23:58:57.107 INFO  -=-=-=-=-=-=-=-=-=-=-=-=-=-=-=-=-=-=-=-=-=-=-=-=-=-=-=-= 
