18:04:56.185 INFO  =-=-=-=-=-=-=- Loading shard(s) -=-=-=-=-=-=-= 
18:04:58.077 INFO  =-=-=-=-=-=-=- Loading commands -=-=-=-=-=-=-= 
18:04:58.106 INFO  Loading Command: ban. 
18:04:58.112 INFO  Loading Command: playlists. 
18:04:58.118 INFO  Loading Command: prefix. 
18:04:58.126 INFO  Loading Command: setup. 
18:04:58.139 INFO  Loading Command: test. 
18:04:58.149 INFO  Loading Command: unban. 
18:04:58.358 INFO  Loading Command: docs. 
18:04:58.361 INFO  Loading Command: eval. 
18:04:58.365 INFO  Loading Command: lavalink. 
18:04:58.573 INFO  Loading Command: node. 
18:04:58.578 INFO  Loading Command: reload. 
18:04:58.581 INFO  Loading Command: shutdown. 
18:04:58.583 INFO  Loading Command: suggestion. 
18:04:58.588 INFO  Loading Command: user. 
18:04:58.594 INFO  Loading Command: 247. 
18:04:58.596 INFO  Loading Command: back. 
18:04:58.599 INFO  Loading Command: bassboost. 
18:04:58.607 INFO  Loading Command: dc. 
18:04:58.616 INFO  Loading Command: fast-forward. 
18:04:58.619 INFO  Loading Command: join. 
18:04:58.623 INFO  Loading Command: loop. 
18:04:58.970 INFO  Loading Command: lyrics12. 
18:04:59.024 INFO  Loading Command: move. 
18:04:59.032 INFO  Loading Command: nightcore. 
18:04:59.045 INFO  Loading Command: np. 
18:04:59.048 INFO  Loading Command: p-add. 
18:04:59.052 INFO  Loading Command: p-create. 
18:04:59.054 INFO  Loading Command: p-delete. 
18:04:59.058 INFO  Loading Command: p-load. 
18:04:59.060 INFO  Loading Command: p-remove. 
18:04:59.062 INFO  Loading Command: p-view. 
18:04:59.065 INFO  Loading Command: pause. 
18:04:59.068 INFO  Loading Command: pitch. 
18:04:59.081 INFO  Loading Command: play12. 
18:04:59.083 INFO  Loading Command: previous. 
18:04:59.092 INFO  Loading Command: queue12. 
18:04:59.127 INFO  Loading Command: radio. 
18:04:59.129 INFO  Loading Command: remove. 
18:04:59.131 INFO  Loading Command: resume. 
18:04:59.133 INFO  Loading Command: rewind. 
18:04:59.135 INFO  Loading Command: search. 
18:04:59.137 INFO  Loading Command: seek. 
18:04:59.141 INFO  Loading Command: shuffle. 
18:04:59.143 INFO  Loading Command: skip. 
18:04:59.146 INFO  Loading Command: speed. 
18:04:59.149 INFO  Loading Command: vaporwave. 
18:04:59.152 INFO  Loading Command: volume. 
18:04:59.165 INFO  Loading Command: about. 
18:04:59.169 INFO  Loading Command: invite. 
18:04:59.180 INFO  Loading Command: shorturl. 
18:04:59.184 INFO  Loading Command: status. 
18:04:59.187 INFO  Loading Command: support. 
18:04:59.190 INFO  Loading Command: uptime. 
18:04:59.191 INFO  =-=-=-=-=-=-=- Loading events -=-=-=-=-=-=-= 
18:05:00.157 INFO  Loading Command: help. 
18:05:00.190 INFO  Loading Command: lyrics. 
18:05:00.201 INFO  Loading Command: ping. 
18:05:00.229 INFO  Loading Command: play. 
18:05:00.236 INFO  Loading Command: premiumstatus. 
18:05:00.243 INFO  Loading Command: queue. 
18:05:00.249 INFO  Loading Event: debug 
18:05:00.269 INFO  Loading Event: error 
18:05:00.290 INFO  Loading Event: guildCreate 
18:05:00.294 INFO  Loading Event: guildDelete 
18:05:00.297 INFO  Loading Event: guildUnavailable 
18:05:00.299 INFO  Loading Event: interactionCreate 
18:05:00.323 INFO  Loading Event: messageCreate 
18:05:00.326 INFO  Loading Event: rateLimit 
18:05:00.328 INFO  Loading Event: raw 
18:05:00.334 INFO  Loading Event: ready 
18:05:00.336 INFO  Loading Event: warn 
18:05:00.339 INFO  Loading Event: channelDelete 
18:05:00.351 INFO  Loading Event: messageReactionAdd 
18:05:00.365 INFO  Loading Event: voiceStateUpdate 
18:05:00.368 INFO  Loading Event: shardDisconnect 
18:05:00.369 INFO  Loading Event: shardError 
18:05:00.371 INFO  Loading Event: shardReady 
18:05:00.373 INFO  Loading Event: shardReconnecting 
18:05:00.376 INFO  Loading Event: clickButton 
18:05:00.385 INFO  Loading Event: slashCreate 
18:05:00.389 ERROR MongoDB disconnected 
18:05:00.391 ERROR Unhandled promise rejection: querySrv ENOTFOUND _mongodb._tcp.cluster0.mkewa.mongodb.net. 
18:05:01.022 INFO  Shard: 0 has became ready 
18:05:01.031 INFO  =-=-=-=-=-=-=- Loading Guild Specific Interaction(s) -=-=-=-=-=-=-= 
18:05:01.040 ERROR Lavalink node: '0.0.0.0', has error: 'connect ECONNREFUSED 0.0.0.0:80'. 
18:05:01.041 ERROR Lavalink node: 0.0.0.0 has disconnect, reason: unspecified. 
18:06:25.412 INFO  =-=-=-=-=-=-=- Loading shard(s) -=-=-=-=-=-=-= 
18:06:27.311 INFO  =-=-=-=-=-=-=- Loading commands -=-=-=-=-=-=-= 
18:06:27.326 INFO  Loading Command: help. 
18:06:27.517 INFO  Loading Command: lyrics. 
18:06:27.520 INFO  Loading Command: ping. 
18:06:27.524 INFO  Loading Command: play. 
18:06:27.528 INFO  Loading Command: premiumstatus. 
18:06:27.535 INFO  Loading Command: queue. 
18:06:27.542 INFO  Loading Command: docs. 
18:06:27.545 INFO  Loading Command: eval. 
18:06:27.548 INFO  Loading Command: lavalink. 
18:06:27.603 INFO  Loading Command: node. 
18:06:27.605 INFO  Loading Command: reload. 
18:06:27.608 INFO  Loading Command: shutdown. 
18:06:27.610 INFO  Loading Command: suggestion. 
18:06:27.615 INFO  Loading Command: user. 
18:06:27.620 INFO  Loading Command: ban. 
18:06:27.627 INFO  Loading Command: playlists. 
18:06:27.631 INFO  Loading Command: prefix. 
18:06:27.635 INFO  Loading Command: setup. 
18:06:27.641 INFO  Loading Command: test. 
18:06:27.644 INFO  Loading Command: unban. 
18:06:27.649 INFO  Loading Command: about. 
18:06:27.651 INFO  Loading Command: invite. 
18:06:27.659 INFO  Loading Command: shorturl. 
18:06:27.661 INFO  Loading Command: status. 
18:06:27.663 INFO  Loading Command: support. 
18:06:27.665 INFO  Loading Command: uptime. 
18:06:27.669 INFO  Loading Command: 247. 
18:06:27.672 INFO  Loading Command: back. 
18:06:27.679 INFO  Loading Command: bassboost. 
18:06:27.681 INFO  Loading Command: dc. 
18:06:27.685 INFO  Loading Command: fast-forward. 
18:06:27.688 INFO  Loading Command: join. 
18:06:27.691 INFO  Loading Command: loop. 
18:06:27.701 INFO  Loading Command: lyrics12. 
18:06:27.704 INFO  Loading Command: move. 
18:06:27.708 INFO  Loading Command: nightcore. 
18:06:27.714 INFO  Loading Command: np. 
18:06:27.719 INFO  Loading Command: p-add. 
18:06:27.722 INFO  Loading Command: p-create. 
18:06:27.725 INFO  Loading Command: p-delete. 
18:06:27.728 INFO  Loading Command: p-load. 
18:06:27.732 INFO  Loading Command: p-remove. 
18:06:27.737 INFO  Loading Command: p-view. 
18:06:27.741 INFO  Loading Command: pause. 
18:06:27.743 INFO  Loading Command: pitch. 
18:06:27.748 INFO  Loading Command: play12. 
18:06:27.750 INFO  Loading Command: previous. 
18:06:27.752 INFO  Loading Command: queue12. 
18:06:27.766 INFO  Loading Command: radio. 
18:06:27.767 INFO  Loading Command: remove. 
18:06:27.769 INFO  Loading Command: resume. 
18:06:27.770 INFO  Loading Command: rewind. 
18:06:27.772 INFO  Loading Command: search. 
18:06:27.775 INFO  Loading Command: seek. 
18:06:27.779 INFO  Loading Command: shuffle. 
18:06:27.782 INFO  Loading Command: skip. 
18:06:27.784 INFO  Loading Command: speed. 
18:06:27.787 INFO  Loading Command: vaporwave. 
18:06:27.789 INFO  Loading Command: volume. 
18:06:27.791 INFO  =-=-=-=-=-=-=- Loading events -=-=-=-=-=-=-= 
18:06:28.061 INFO  Loading Event: channelDelete 
18:06:28.063 INFO  Loading Event: messageReactionAdd 
18:06:28.069 INFO  Loading Event: voiceStateUpdate 
18:06:28.076 INFO  Loading Event: debug 
18:06:28.078 INFO  Loading Event: error 
18:06:28.081 INFO  Loading Event: guildCreate 
18:06:28.084 INFO  Loading Event: guildDelete 
18:06:28.086 INFO  Loading Event: guildUnavailable 
18:06:28.088 INFO  Loading Event: interactionCreate 
18:06:28.095 INFO  Loading Event: messageCreate 
18:06:28.097 INFO  Loading Event: rateLimit 
18:06:28.099 INFO  Loading Event: raw 
18:06:28.101 INFO  Loading Event: ready 
18:06:28.106 INFO  Loading Event: warn 
18:06:28.111 INFO  Loading Event: shardDisconnect 
18:06:28.112 INFO  Loading Event: shardError 
18:06:28.114 INFO  Loading Event: shardReady 
18:06:28.115 INFO  Loading Event: shardReconnecting 
18:06:28.119 INFO  Loading Event: clickButton 
18:06:28.123 INFO  Loading Event: slashCreate 
18:06:28.418 INFO  MongoDB successfully connected 
18:06:28.951 INFO  Shard: 0 has became ready 
18:06:28.962 INFO  =-=-=-=-=-=-=- Loading Guild Specific Interaction(s) -=-=-=-=-=-=-= 
18:06:29.055 INFO  All guilds have been initialized. 
18:06:29.056 INFO  -=-=-=-=-=-=-=-=-=-=-=-=-=-=-=-=-=-=-=-=-=-=-=-=-=-=-=-= 
18:06:29.057 INFO  Moody 2#6662, ready to serve [1] users in [3] servers. 
18:06:29.058 INFO  -=-=-=-=-=-=-=-=-=-=-=-=-=-=-=-=-=-=-=-=-=-=-=-=-=-=-=-= 
18:06:29.116 ERROR Lavalink node: '0.0.0.0', has error: 'Unexpected server response: 401'. 
18:06:29.117 ERROR Lavalink node: 0.0.0.0 has disconnect, reason: unspecified. 
18:06:29.291 INFO  Loaded Interactions for guild: Moody 
18:06:29.299 INFO  Loaded Interactions for guild: Friends 
18:06:29.415 INFO  Loaded Interactions for guild: TEST 
18:07:14.305 INFO  =-=-=-=-=-=-=- Loading shard(s) -=-=-=-=-=-=-= 
18:07:15.934 INFO  =-=-=-=-=-=-=- Loading commands -=-=-=-=-=-=-= 
18:07:15.949 INFO  Loading Command: ban. 
18:07:15.953 INFO  Loading Command: playlists. 
18:07:15.957 INFO  Loading Command: prefix. 
18:07:15.961 INFO  Loading Command: setup. 
18:07:15.965 INFO  Loading Command: test. 
18:07:15.971 INFO  Loading Command: unban. 
18:07:15.977 INFO  Loading Command: help. 
18:07:16.142 INFO  Loading Command: lyrics. 
18:07:16.145 INFO  Loading Command: ping. 
18:07:16.148 INFO  Loading Command: play. 
18:07:16.151 INFO  Loading Command: premiumstatus. 
18:07:16.156 INFO  Loading Command: queue. 
18:07:16.159 INFO  Loading Command: docs. 
18:07:16.161 INFO  Loading Command: eval. 
18:07:16.164 INFO  Loading Command: lavalink. 
18:07:16.216 INFO  Loading Command: node. 
18:07:16.219 INFO  Loading Command: reload. 
18:07:16.221 INFO  Loading Command: shutdown. 
18:07:16.224 INFO  Loading Command: suggestion. 
18:07:16.229 INFO  Loading Command: user. 
18:07:16.238 INFO  Loading Command: about. 
18:07:16.240 INFO  Loading Command: invite. 
18:07:16.246 INFO  Loading Command: shorturl. 
18:07:16.249 INFO  Loading Command: status. 
18:07:16.250 INFO  Loading Command: support. 
18:07:16.254 INFO  Loading Command: uptime. 
18:07:16.258 INFO  Loading Command: 247. 
18:07:16.263 INFO  Loading Command: back. 
18:07:16.269 INFO  Loading Command: bassboost. 
18:07:16.270 INFO  Loading Command: dc. 
18:07:16.273 INFO  Loading Command: fast-forward. 
18:07:16.278 INFO  Loading Command: join. 
18:07:16.280 INFO  Loading Command: loop. 
18:07:16.289 INFO  Loading Command: lyrics12. 
18:07:16.290 INFO  Loading Command: move. 
18:07:16.295 INFO  Loading Command: nightcore. 
18:07:16.299 INFO  Loading Command: np. 
18:07:16.303 INFO  Loading Command: p-add. 
18:07:16.304 INFO  Loading Command: p-create. 
18:07:16.306 INFO  Loading Command: p-delete. 
18:07:16.312 INFO  Loading Command: p-load. 
18:07:16.314 INFO  Loading Command: p-remove. 
18:07:16.316 INFO  Loading Command: p-view. 
18:07:16.319 INFO  Loading Command: pause. 
18:07:16.322 INFO  Loading Command: pitch. 
18:07:16.326 INFO  Loading Command: play12. 
18:07:16.328 INFO  Loading Command: previous. 
18:07:16.330 INFO  Loading Command: queue12. 
18:07:16.346 INFO  Loading Command: radio. 
18:07:16.347 INFO  Loading Command: remove. 
18:07:16.349 INFO  Loading Command: resume. 
18:07:16.351 INFO  Loading Command: rewind. 
18:07:16.353 INFO  Loading Command: search. 
18:07:16.358 INFO  Loading Command: seek. 
18:07:16.362 INFO  Loading Command: shuffle. 
18:07:16.364 INFO  Loading Command: skip. 
18:07:16.366 INFO  Loading Command: speed. 
18:07:16.372 INFO  Loading Command: vaporwave. 
18:07:16.375 INFO  Loading Command: volume. 
18:07:16.377 INFO  =-=-=-=-=-=-=- Loading events -=-=-=-=-=-=-= 
18:07:16.637 INFO  Loading Event: channelDelete 
18:07:16.640 INFO  Loading Event: messageReactionAdd 
18:07:16.643 INFO  Loading Event: voiceStateUpdate 
18:07:16.646 INFO  Loading Event: debug 
18:07:16.649 INFO  Loading Event: error 
18:07:16.652 INFO  Loading Event: guildCreate 
18:07:16.655 INFO  Loading Event: guildDelete 
18:07:16.656 INFO  Loading Event: guildUnavailable 
18:07:16.658 INFO  Loading Event: interactionCreate 
18:07:16.661 INFO  Loading Event: messageCreate 
18:07:16.662 INFO  Loading Event: rateLimit 
18:07:16.666 INFO  Loading Event: raw 
18:07:16.671 INFO  Loading Event: ready 
18:07:16.674 INFO  Loading Event: warn 
18:07:16.676 INFO  Loading Event: shardDisconnect 
18:07:16.678 INFO  Loading Event: shardError 
18:07:16.682 INFO  Loading Event: shardReady 
18:07:16.684 INFO  Loading Event: shardReconnecting 
18:07:16.687 INFO  Loading Event: clickButton 
18:07:16.691 INFO  Loading Event: slashCreate 
18:07:16.992 INFO  MongoDB successfully connected 
18:07:17.653 INFO  Shard: 0 has became ready 
18:07:17.660 INFO  =-=-=-=-=-=-=- Loading Guild Specific Interaction(s) -=-=-=-=-=-=-= 
18:07:17.761 INFO  All guilds have been initialized. 
18:07:17.761 INFO  -=-=-=-=-=-=-=-=-=-=-=-=-=-=-=-=-=-=-=-=-=-=-=-=-=-=-=-= 
18:07:17.761 INFO  Moody 2#6662, ready to serve [1] users in [3] servers. 
18:07:17.762 INFO  -=-=-=-=-=-=-=-=-=-=-=-=-=-=-=-=-=-=-=-=-=-=-=-=-=-=-=-= 
18:07:17.835 INFO  Lavalink node: 0.0.0.0 has connected. 
18:07:17.884 INFO  Loaded Interactions for guild: Friends 
18:07:17.933 INFO  Loaded Interactions for guild: Moody 
18:07:17.963 INFO  Loaded Interactions for guild: TEST 
18:07:57.001 ERROR  
18:08:15.863 INFO  Lavalink player created in guild: 735649514815488120. 
18:08:15.981 INFO  Track Loaded: Ooh La La 
18:10:01.565 ERROR Unhandled promise rejection: hasVoted is not defined. 
18:11:34.395 INFO  =-=-=-=-=-=-=- Loading shard(s) -=-=-=-=-=-=-= 
18:11:36.381 INFO  =-=-=-=-=-=-=- Loading commands -=-=-=-=-=-=-= 
18:11:36.416 INFO  Loading Command: ban. 
18:11:36.421 INFO  Loading Command: playlists. 
18:11:36.426 INFO  Loading Command: prefix. 
18:11:36.435 INFO  Loading Command: setup. 
18:11:36.439 INFO  Loading Command: test. 
18:11:36.444 INFO  Loading Command: unban. 
18:11:36.452 INFO  Loading Command: help. 
18:11:36.653 INFO  Loading Command: lyrics. 
18:11:36.656 INFO  Loading Command: ping. 
18:11:36.658 INFO  Loading Command: play. 
18:11:36.665 INFO  Loading Command: premiumstatus. 
18:11:36.670 INFO  Loading Command: queue. 
18:11:36.674 INFO  Loading Command: docs. 
18:11:36.679 INFO  Loading Command: eval. 
18:11:36.684 INFO  Loading Command: lavalink. 
18:11:36.749 INFO  Loading Command: node. 
18:11:36.751 INFO  Loading Command: reload. 
18:11:36.756 INFO  Loading Command: shutdown. 
18:11:36.764 INFO  Loading Command: suggestion. 
18:11:36.778 INFO  Loading Command: user. 
18:11:36.782 INFO  Loading Command: 247. 
18:11:36.785 INFO  Loading Command: back. 
18:11:36.793 INFO  Loading Command: bassboost. 
18:11:36.796 INFO  Loading Command: dc. 
18:11:36.797 INFO  Loading Command: fast-forward. 
18:11:36.803 INFO  Loading Command: join. 
18:11:36.805 INFO  Loading Command: loop. 
18:11:36.813 INFO  Loading Command: lyrics12. 
18:11:36.815 INFO  Loading Command: move. 
18:11:36.820 INFO  Loading Command: nightcore. 
18:11:36.825 INFO  Loading Command: np. 
18:11:36.827 INFO  Loading Command: p-add. 
18:11:36.829 INFO  Loading Command: p-create. 
18:11:36.832 INFO  Loading Command: p-delete. 
18:11:36.843 INFO  Loading Command: p-load. 
18:11:36.851 INFO  Loading Command: p-remove. 
18:11:36.854 INFO  Loading Command: p-view. 
18:11:36.856 INFO  Loading Command: pause. 
18:11:36.859 INFO  Loading Command: pitch. 
18:11:36.861 INFO  Loading Command: play12. 
18:11:36.868 INFO  Loading Command: previous. 
18:11:36.872 INFO  Loading Command: queue12. 
18:11:36.890 INFO  Loading Command: radio. 
18:11:36.892 INFO  Loading Command: remove. 
18:11:36.900 INFO  Loading Command: resume. 
18:11:36.904 INFO  Loading Command: rewind. 
18:11:36.908 INFO  Loading Command: search. 
18:11:36.916 INFO  Loading Command: seek. 
18:11:36.920 INFO  Loading Command: shuffle. 
18:11:36.922 INFO  Loading Command: skip. 
18:11:36.925 INFO  Loading Command: speed. 
18:11:36.933 INFO  Loading Command: vaporwave. 
18:11:36.936 INFO  Loading Command: volume. 
18:11:36.947 INFO  Loading Command: about. 
18:11:36.952 INFO  Loading Command: invite. 
18:11:36.962 INFO  Loading Command: shorturl. 
18:11:36.966 INFO  Loading Command: status. 
18:11:36.969 INFO  Loading Command: support. 
18:11:36.972 INFO  Loading Command: uptime. 
18:11:36.974 INFO  =-=-=-=-=-=-=- Loading events -=-=-=-=-=-=-= 
18:11:37.373 INFO  Loading Event: clickButton 
18:11:37.381 INFO  Loading Event: slashCreate 
18:11:37.387 INFO  Loading Event: debug 
18:11:37.392 INFO  Loading Event: error 
18:11:37.398 INFO  Loading Event: guildCreate 
18:11:37.402 INFO  Loading Event: guildDelete 
18:11:37.411 INFO  Loading Event: guildUnavailable 
18:11:37.416 INFO  Loading Event: interactionCreate 
18:11:37.427 INFO  Loading Event: messageCreate 
18:11:37.429 INFO  Loading Event: rateLimit 
18:11:37.431 INFO  Loading Event: raw 
18:11:37.434 INFO  Loading Event: ready 
18:11:37.441 INFO  Loading Event: warn 
18:11:37.461 INFO  Loading Event: channelDelete 
18:11:37.466 INFO  Loading Event: messageReactionAdd 
18:11:37.473 INFO  Loading Event: voiceStateUpdate 
18:11:37.476 INFO  Loading Event: shardDisconnect 
18:11:37.479 INFO  Loading Event: shardError 
18:11:37.482 INFO  Loading Event: shardReady 
18:11:37.491 INFO  Loading Event: shardReconnecting 
18:11:37.784 INFO  MongoDB successfully connected 
18:11:38.497 INFO  Shard: 0 has became ready 
18:11:38.505 INFO  =-=-=-=-=-=-=- Loading Guild Specific Interaction(s) -=-=-=-=-=-=-= 
18:11:38.540 INFO  Lavalink node: 0.0.0.0 has connected. 
18:11:38.612 INFO  All guilds have been initialized. 
18:11:38.612 INFO  -=-=-=-=-=-=-=-=-=-=-=-=-=-=-=-=-=-=-=-=-=-=-=-=-=-=-=-= 
18:11:38.613 INFO  Moody 2#6662, ready to serve [2] users in [3] servers. 
18:11:38.614 INFO  -=-=-=-=-=-=-=-=-=-=-=-=-=-=-=-=-=-=-=-=-=-=-=-=-=-=-=-= 
18:11:38.757 INFO  Loaded Interactions for guild: Friends 
18:11:38.841 INFO  Loaded Interactions for guild: Moody 
18:11:38.864 INFO  Loaded Interactions for guild: TEST 
18:11:44.892 INFO  Lavalink player created in guild: 735649514815488120. 
18:11:44.995 INFO  Track Loaded: Ooh La La 
18:11:51.705 ERROR Unhandled promise rejection: undefined. 
18:12:32.080 INFO  =-=-=-=-=-=-=- Loading shard(s) -=-=-=-=-=-=-= 
18:12:34.927 INFO  =-=-=-=-=-=-=- Loading commands -=-=-=-=-=-=-= 
18:12:34.952 INFO  Loading Command: ban. 
18:12:34.960 INFO  Loading Command: playlists. 
18:12:34.964 INFO  Loading Command: prefix. 
18:12:34.966 INFO  Loading Command: setup. 
18:12:34.969 INFO  Loading Command: test. 
18:12:34.972 INFO  Loading Command: unban. 
18:12:34.978 INFO  Loading Command: help. 
18:12:35.166 INFO  Loading Command: lyrics. 
18:12:35.168 INFO  Loading Command: ping. 
18:12:35.170 INFO  Loading Command: play. 
18:12:35.174 INFO  Loading Command: premiumstatus. 
18:12:35.177 INFO  Loading Command: queue. 
18:12:35.182 INFO  Loading Command: about. 
18:12:35.184 INFO  Loading Command: invite. 
18:12:35.188 INFO  Loading Command: shorturl. 
18:12:35.193 INFO  Loading Command: status. 
18:12:35.196 INFO  Loading Command: support. 
18:12:35.199 INFO  Loading Command: uptime. 
18:12:35.205 INFO  Loading Command: docs. 
18:12:35.207 INFO  Loading Command: eval. 
18:12:35.210 INFO  Loading Command: lavalink. 
18:12:35.255 INFO  Loading Command: node. 
18:12:35.257 INFO  Loading Command: reload. 
18:12:35.258 INFO  Loading Command: shutdown. 
18:12:35.260 INFO  Loading Command: suggestion. 
18:12:35.264 INFO  Loading Command: user. 
18:12:35.270 INFO  Loading Command: 247. 
18:12:35.274 INFO  Loading Command: back. 
18:12:35.278 INFO  Loading Command: bassboost. 
18:12:35.280 INFO  Loading Command: dc. 
18:12:35.283 INFO  Loading Command: fast-forward. 
18:12:35.287 INFO  Loading Command: join. 
18:12:35.289 INFO  Loading Command: loop. 
18:12:35.302 INFO  Loading Command: lyrics12. 
18:12:35.306 INFO  Loading Command: move. 
18:12:35.310 INFO  Loading Command: nightcore. 
18:12:35.320 INFO  Loading Command: np. 
18:12:35.326 INFO  Loading Command: p-add. 
18:12:35.329 INFO  Loading Command: p-create. 
18:12:35.333 INFO  Loading Command: p-delete. 
18:12:35.336 INFO  Loading Command: p-load. 
18:12:35.338 INFO  Loading Command: p-remove. 
18:12:35.340 INFO  Loading Command: p-view. 
18:12:35.342 INFO  Loading Command: pause. 
18:12:35.351 INFO  Loading Command: pitch. 
18:12:35.353 INFO  Loading Command: play12. 
18:12:35.356 INFO  Loading Command: previous. 
18:12:35.359 INFO  Loading Command: queue12. 
18:12:35.372 INFO  Loading Command: radio. 
18:12:35.375 INFO  Loading Command: remove. 
18:12:35.378 INFO  Loading Command: resume. 
18:12:35.381 INFO  Loading Command: rewind. 
18:12:35.383 INFO  Loading Command: search. 
18:12:35.385 INFO  Loading Command: seek. 
18:12:35.387 INFO  Loading Command: shuffle. 
18:12:35.389 INFO  Loading Command: skip. 
18:12:35.394 INFO  Loading Command: speed. 
18:12:35.399 INFO  Loading Command: vaporwave. 
18:12:35.402 INFO  Loading Command: volume. 
18:12:35.403 INFO  =-=-=-=-=-=-=- Loading events -=-=-=-=-=-=-= 
18:12:35.675 INFO  Loading Event: shardDisconnect 
18:12:35.677 INFO  Loading Event: shardError 
18:12:35.680 INFO  Loading Event: shardReady 
18:12:35.686 INFO  Loading Event: shardReconnecting 
18:12:35.704 INFO  Loading Event: clickButton 
18:12:35.711 INFO  Loading Event: slashCreate 
18:12:35.718 INFO  Loading Event: channelDelete 
18:12:35.722 INFO  Loading Event: messageReactionAdd 
18:12:35.728 INFO  Loading Event: voiceStateUpdate 
18:12:35.732 INFO  Loading Event: debug 
18:12:35.736 INFO  Loading Event: error 
18:12:35.743 INFO  Loading Event: guildCreate 
18:12:35.752 INFO  Loading Event: guildDelete 
18:12:35.755 INFO  Loading Event: guildUnavailable 
18:12:35.757 INFO  Loading Event: interactionCreate 
18:12:35.762 INFO  Loading Event: messageCreate 
18:12:35.767 INFO  Loading Event: rateLimit 
18:12:35.769 INFO  Loading Event: raw 
18:12:35.773 INFO  Loading Event: ready 
18:12:35.776 INFO  Loading Event: warn 
18:12:36.006 INFO  MongoDB successfully connected 
18:12:36.507 INFO  Shard: 0 has became ready 
18:12:36.523 INFO  =-=-=-=-=-=-=- Loading Guild Specific Interaction(s) -=-=-=-=-=-=-= 
18:12:36.592 INFO  Lavalink node: 0.0.0.0 has connected. 
18:12:36.701 INFO  All guilds have been initialized. 
18:12:36.702 INFO  -=-=-=-=-=-=-=-=-=-=-=-=-=-=-=-=-=-=-=-=-=-=-=-=-=-=-=-= 
18:12:36.703 INFO  Moody 2#6662, ready to serve [2] users in [3] servers. 
18:12:36.703 INFO  -=-=-=-=-=-=-=-=-=-=-=-=-=-=-=-=-=-=-=-=-=-=-=-=-=-=-=-= 
18:12:36.801 INFO  Lavalink player created in guild: 735649514815488120. 
18:12:36.845 INFO  Loaded Interactions for guild: Friends 
18:12:36.887 INFO  Track Loaded: Ooh La La 
18:12:36.965 INFO  Loaded Interactions for guild: TEST 
18:12:37.029 INFO  Loaded Interactions for guild: Moody 
18:12:42.645 ERROR Unhandled promise rejection: undefined. 
18:13:18.877 INFO  =-=-=-=-=-=-=- Loading shard(s) -=-=-=-=-=-=-= 
18:13:21.060 INFO  =-=-=-=-=-=-=- Loading commands -=-=-=-=-=-=-= 
18:13:21.081 INFO  Loading Command: help. 
18:13:21.270 INFO  Loading Command: lyrics. 
18:13:21.276 INFO  Loading Command: ping. 
18:13:21.279 INFO  Loading Command: play. 
18:13:21.282 INFO  Loading Command: premiumstatus. 
18:13:21.285 INFO  Loading Command: queue. 
18:13:21.298 INFO  Loading Command: ban. 
18:13:21.304 INFO  Loading Command: playlists. 
18:13:21.307 INFO  Loading Command: prefix. 
18:13:21.310 INFO  Loading Command: setup. 
18:13:21.313 INFO  Loading Command: test. 
18:13:21.316 INFO  Loading Command: unban. 
18:13:21.323 INFO  Loading Command: docs. 
18:13:21.327 INFO  Loading Command: eval. 
18:13:21.330 INFO  Loading Command: lavalink. 
18:13:21.389 INFO  Loading Command: node. 
18:13:21.391 INFO  Loading Command: reload. 
18:13:21.392 INFO  Loading Command: shutdown. 
18:13:21.396 INFO  Loading Command: suggestion. 
18:13:21.405 INFO  Loading Command: user. 
18:13:21.412 INFO  Loading Command: about. 
18:13:21.417 INFO  Loading Command: invite. 
18:13:21.421 INFO  Loading Command: shorturl. 
18:13:21.422 INFO  Loading Command: status. 
18:13:21.428 INFO  Loading Command: support. 
18:13:21.432 INFO  Loading Command: uptime. 
18:13:21.439 INFO  Loading Command: 247. 
18:13:21.442 INFO  Loading Command: back. 
18:13:21.445 INFO  Loading Command: bassboost. 
18:13:21.447 INFO  Loading Command: dc. 
18:13:21.450 INFO  Loading Command: fast-forward. 
18:13:21.452 INFO  Loading Command: join. 
18:13:21.455 INFO  Loading Command: loop. 
18:13:21.476 INFO  Loading Command: lyrics12. 
18:13:21.479 INFO  Loading Command: move. 
18:13:21.483 INFO  Loading Command: nightcore. 
18:13:21.494 INFO  Loading Command: np. 
18:13:21.500 INFO  Loading Command: p-add. 
18:13:21.505 INFO  Loading Command: p-create. 
18:13:21.511 INFO  Loading Command: p-delete. 
18:13:21.515 INFO  Loading Command: p-load. 
18:13:21.517 INFO  Loading Command: p-remove. 
18:13:21.524 INFO  Loading Command: p-view. 
18:13:21.526 INFO  Loading Command: pause. 
18:13:21.529 INFO  Loading Command: pitch. 
18:13:21.532 INFO  Loading Command: play12. 
18:13:21.537 INFO  Loading Command: previous. 
18:13:21.540 INFO  Loading Command: queue12. 
18:13:21.552 INFO  Loading Command: radio. 
18:13:21.557 INFO  Loading Command: remove. 
18:13:21.559 INFO  Loading Command: resume. 
18:13:21.561 INFO  Loading Command: rewind. 
18:13:21.564 INFO  Loading Command: search. 
18:13:21.593 INFO  Loading Command: seek. 
18:13:21.613 INFO  Loading Command: shuffle. 
18:13:21.615 INFO  Loading Command: skip. 
18:13:21.618 INFO  Loading Command: speed. 
18:13:21.621 INFO  Loading Command: vaporwave. 
18:13:21.623 INFO  Loading Command: volume. 
18:13:21.625 INFO  =-=-=-=-=-=-=- Loading events -=-=-=-=-=-=-= 
18:13:22.026 INFO  Loading Event: clickButton 
18:13:22.033 INFO  Loading Event: slashCreate 
18:13:22.042 INFO  Loading Event: debug 
18:13:22.046 INFO  Loading Event: error 
18:13:22.051 INFO  Loading Event: guildCreate 
18:13:22.059 INFO  Loading Event: guildDelete 
18:13:22.064 INFO  Loading Event: guildUnavailable 
18:13:22.068 INFO  Loading Event: interactionCreate 
18:13:22.080 INFO  Loading Event: messageCreate 
18:13:22.083 INFO  Loading Event: rateLimit 
18:13:22.085 INFO  Loading Event: raw 
18:13:22.089 INFO  Loading Event: ready 
18:13:22.091 INFO  Loading Event: warn 
18:13:22.100 INFO  Loading Event: channelDelete 
18:13:22.104 INFO  Loading Event: messageReactionAdd 
18:13:22.106 INFO  Loading Event: voiceStateUpdate 
18:13:22.113 INFO  Loading Event: shardDisconnect 
18:13:22.114 INFO  Loading Event: shardError 
18:13:22.116 INFO  Loading Event: shardReady 
18:13:22.118 INFO  Loading Event: shardReconnecting 
18:13:22.356 INFO  MongoDB successfully connected 
18:13:22.852 INFO  Shard: 0 has became ready 
18:13:22.863 INFO  =-=-=-=-=-=-=- Loading Guild Specific Interaction(s) -=-=-=-=-=-=-= 
18:13:22.903 INFO  Lavalink node: 0.0.0.0 has connected. 
18:13:22.973 INFO  All guilds have been initialized. 
18:13:22.973 INFO  -=-=-=-=-=-=-=-=-=-=-=-=-=-=-=-=-=-=-=-=-=-=-=-=-=-=-=-= 
18:13:22.974 INFO  Moody 2#6662, ready to serve [2] users in [3] servers. 
18:13:22.974 INFO  -=-=-=-=-=-=-=-=-=-=-=-=-=-=-=-=-=-=-=-=-=-=-=-=-=-=-=-= 
18:13:23.219 INFO  Loaded Interactions for guild: Moody 
18:13:23.246 INFO  Loaded Interactions for guild: Friends 
18:13:23.282 INFO  Loaded Interactions for guild: TEST 
18:13:28.613 INFO  Lavalink player created in guild: 735649514815488120. 
18:13:28.717 INFO  Track Loaded: Ooh La La 
18:13:33.203 ERROR Unhandled promise rejection: undefined. 
18:16:07.853 INFO  =-=-=-=-=-=-=- Loading shard(s) -=-=-=-=-=-=-= 
18:16:09.857 INFO  =-=-=-=-=-=-=- Loading commands -=-=-=-=-=-=-= 
18:16:09.876 INFO  Loading Command: help. 
18:16:10.058 INFO  Loading Command: lyrics. 
18:16:10.062 INFO  Loading Command: ping. 
18:16:10.067 INFO  Loading Command: play. 
18:16:10.071 INFO  Loading Command: premiumstatus. 
18:16:10.074 INFO  Loading Command: queue. 
18:16:10.078 INFO  Loading Command: about. 
18:16:10.080 INFO  Loading Command: invite. 
18:16:10.086 INFO  Loading Command: shorturl. 
18:16:10.088 INFO  Loading Command: status. 
18:16:10.090 INFO  Loading Command: support. 
18:16:10.092 INFO  Loading Command: uptime. 
18:16:10.098 INFO  Loading Command: 247. 
18:16:10.101 INFO  Loading Command: back. 
18:16:10.103 INFO  Loading Command: bassboost. 
18:16:10.105 INFO  Loading Command: dc. 
18:16:10.107 INFO  Loading Command: fast-forward. 
18:16:10.109 INFO  Loading Command: join. 
18:16:10.111 INFO  Loading Command: loop. 
18:16:10.120 INFO  Loading Command: lyrics12. 
18:16:10.122 INFO  Loading Command: move. 
18:16:10.125 INFO  Loading Command: nightcore. 
18:16:10.130 INFO  Loading Command: np. 
18:16:10.132 INFO  Loading Command: p-add. 
18:16:10.134 INFO  Loading Command: p-create. 
18:16:10.136 INFO  Loading Command: p-delete. 
18:16:10.178 INFO  Loading Command: p-load. 
18:16:10.179 INFO  Loading Command: p-remove. 
18:16:10.181 INFO  Loading Command: p-view. 
18:16:10.182 INFO  Loading Command: pause. 
18:16:10.184 INFO  Loading Command: pitch. 
18:16:10.186 INFO  Loading Command: play12. 
18:16:10.189 INFO  Loading Command: previous. 
18:16:10.193 INFO  Loading Command: queue12. 
18:16:10.205 INFO  Loading Command: radio. 
18:16:10.207 INFO  Loading Command: remove. 
18:16:10.209 INFO  Loading Command: resume. 
18:16:10.211 INFO  Loading Command: rewind. 
18:16:10.213 INFO  Loading Command: search. 
18:16:10.216 INFO  Loading Command: seek. 
18:16:10.218 INFO  Loading Command: shuffle. 
18:16:10.220 INFO  Loading Command: skip. 
18:16:10.222 INFO  Loading Command: speed. 
18:16:10.225 INFO  Loading Command: vaporwave. 
18:16:10.227 INFO  Loading Command: volume. 
18:16:10.232 INFO  Loading Command: docs. 
18:16:10.234 INFO  Loading Command: eval. 
18:16:10.236 INFO  Loading Command: lavalink. 
18:16:10.239 INFO  Loading Command: node. 
18:16:10.241 INFO  Loading Command: reload. 
18:16:10.243 INFO  Loading Command: shutdown. 
18:16:10.245 INFO  Loading Command: suggestion. 
18:16:10.255 INFO  Loading Command: user. 
18:16:10.287 INFO  =-=-=-=-=-=-=- Loading events -=-=-=-=-=-=-= 
18:16:10.613 INFO  Loading Command: ban. 
18:16:10.616 INFO  Loading Command: playlists. 
18:16:10.618 INFO  Loading Command: prefix. 
18:16:10.622 INFO  Loading Command: setup. 
18:16:10.630 INFO  Loading Command: test. 
18:16:10.634 INFO  Loading Command: unban. 
18:16:10.638 INFO  Loading Event: clickButton 
18:16:10.647 INFO  Loading Event: slashCreate 
18:16:10.650 INFO  Loading Event: debug 
18:16:10.652 INFO  Loading Event: error 
18:16:10.656 INFO  Loading Event: guildCreate 
18:16:10.661 INFO  Loading Event: guildDelete 
18:16:10.664 INFO  Loading Event: guildUnavailable 
18:16:10.666 INFO  Loading Event: interactionCreate 
18:16:10.675 INFO  Loading Event: messageCreate 
18:16:10.677 INFO  Loading Event: rateLimit 
18:16:10.679 INFO  Loading Event: raw 
18:16:10.681 INFO  Loading Event: ready 
18:16:10.683 INFO  Loading Event: warn 
18:16:10.690 INFO  Loading Event: channelDelete 
18:16:10.693 INFO  Loading Event: messageReactionAdd 
18:16:10.695 INFO  Loading Event: voiceStateUpdate 
18:16:10.698 INFO  Loading Event: shardDisconnect 
18:16:10.700 INFO  Loading Event: shardError 
18:16:10.702 INFO  Loading Event: shardReady 
18:16:10.705 INFO  Loading Event: shardReconnecting 
18:16:11.018 INFO  MongoDB successfully connected 
18:16:11.647 INFO  Shard: 0 has became ready 
18:16:11.656 INFO  =-=-=-=-=-=-=- Loading Guild Specific Interaction(s) -=-=-=-=-=-=-= 
18:16:11.695 INFO  Lavalink node: 0.0.0.0 has connected. 
18:16:11.787 INFO  All guilds have been initialized. 
18:16:11.787 INFO  -=-=-=-=-=-=-=-=-=-=-=-=-=-=-=-=-=-=-=-=-=-=-=-=-=-=-=-= 
18:16:11.787 INFO  Moody 2#6662, ready to serve [2] users in [3] servers. 
18:16:11.788 INFO  -=-=-=-=-=-=-=-=-=-=-=-=-=-=-=-=-=-=-=-=-=-=-=-=-=-=-=-= 
18:16:11.914 INFO  Loaded Interactions for guild: Friends 
18:16:11.936 INFO  Loaded Interactions for guild: Moody 
18:16:12.057 INFO  Loaded Interactions for guild: TEST 
18:16:12.799 INFO  Lavalink player created in guild: 735649514815488120. 
18:16:12.912 INFO  Track Loaded: GT_Ofice x Britt Lari ‘Ooh La La’ 
18:17:47.123 INFO  =-=-=-=-=-=-=- Loading shard(s) -=-=-=-=-=-=-= 
18:17:48.990 INFO  =-=-=-=-=-=-=- Loading commands -=-=-=-=-=-=-= 
18:17:49.009 INFO  Loading Command: ban. 
18:17:49.012 INFO  Loading Command: playlists. 
18:17:49.015 INFO  Loading Command: prefix. 
18:17:49.020 INFO  Loading Command: setup. 
18:17:49.022 INFO  Loading Command: test. 
18:17:49.025 INFO  Loading Command: unban. 
18:17:49.090 INFO  Loading Command: docs. 
18:17:49.092 INFO  Loading Command: eval. 
18:17:49.096 INFO  Loading Command: lavalink. 
18:17:49.154 INFO  Loading Command: node. 
18:17:49.161 INFO  Loading Command: reload. 
18:17:49.164 INFO  Loading Command: shutdown. 
18:17:49.166 INFO  Loading Command: suggestion. 
18:17:49.177 INFO  Loading Command: user. 
18:17:49.184 INFO  Loading Command: help. 
18:17:49.327 INFO  Loading Command: lyrics. 
18:17:49.330 INFO  Loading Command: ping. 
18:17:49.333 INFO  Loading Command: play. 
18:17:49.336 INFO  Loading Command: premiumstatus. 
18:17:49.346 INFO  Loading Command: queue. 
18:17:49.353 INFO  Loading Command: about. 
18:17:49.356 INFO  Loading Command: invite. 
18:17:49.363 INFO  Loading Command: shorturl. 
18:17:49.365 INFO  Loading Command: status. 
18:17:49.368 INFO  Loading Command: support. 
18:17:49.371 INFO  Loading Command: uptime. 
18:17:49.377 INFO  Loading Command: 247. 
18:17:49.378 INFO  Loading Command: back. 
18:17:49.382 INFO  Loading Command: bassboost. 
18:17:49.386 INFO  Loading Command: dc. 
18:17:49.388 INFO  Loading Command: fast-forward. 
18:17:49.392 INFO  Loading Command: join. 
18:17:49.396 INFO  Loading Command: loop. 
18:17:49.405 INFO  Loading Command: lyrics12. 
18:17:49.407 INFO  Loading Command: move. 
18:17:49.410 INFO  Loading Command: nightcore. 
18:17:49.415 INFO  Loading Command: np. 
18:17:49.418 INFO  Loading Command: p-add. 
18:17:49.422 INFO  Loading Command: p-create. 
18:17:49.424 INFO  Loading Command: p-delete. 
18:17:49.428 INFO  Loading Command: p-load. 
18:17:49.431 INFO  Loading Command: p-remove. 
18:17:49.433 INFO  Loading Command: p-view. 
18:17:49.435 INFO  Loading Command: pause. 
18:17:49.440 INFO  Loading Command: pitch. 
18:17:49.443 INFO  Loading Command: play12. 
18:17:49.445 INFO  Loading Command: previous. 
18:17:49.447 INFO  Loading Command: queue12. 
18:17:49.462 INFO  Loading Command: radio. 
18:17:49.464 INFO  Loading Command: remove. 
18:17:49.468 INFO  Loading Command: resume. 
18:17:49.471 INFO  Loading Command: rewind. 
18:17:49.474 INFO  Loading Command: search. 
18:17:49.476 INFO  Loading Command: seek. 
18:17:49.479 INFO  Loading Command: shuffle. 
18:17:49.482 INFO  Loading Command: skip. 
18:17:49.485 INFO  Loading Command: speed. 
18:17:49.488 INFO  Loading Command: vaporwave. 
18:17:49.491 INFO  Loading Command: volume. 
18:17:49.493 INFO  =-=-=-=-=-=-=- Loading events -=-=-=-=-=-=-= 
18:17:49.798 INFO  Loading Event: channelDelete 
18:17:49.800 INFO  Loading Event: messageReactionAdd 
18:17:49.803 INFO  Loading Event: voiceStateUpdate 
18:17:49.805 INFO  Loading Event: clickButton 
18:17:49.809 INFO  Loading Event: slashCreate 
18:17:49.812 INFO  Loading Event: debug 
18:17:49.814 INFO  Loading Event: error 
18:17:49.817 INFO  Loading Event: guildCreate 
18:17:49.821 INFO  Loading Event: guildDelete 
18:17:49.824 INFO  Loading Event: guildUnavailable 
18:17:49.826 INFO  Loading Event: interactionCreate 
18:17:49.830 INFO  Loading Event: messageCreate 
18:17:49.832 INFO  Loading Event: rateLimit 
18:17:49.834 INFO  Loading Event: raw 
18:17:49.836 INFO  Loading Event: ready 
18:17:49.839 INFO  Loading Event: warn 
18:17:49.843 INFO  Loading Event: shardDisconnect 
18:17:49.845 INFO  Loading Event: shardError 
18:17:49.847 INFO  Loading Event: shardReady 
18:17:49.850 INFO  Loading Event: shardReconnecting 
18:17:50.200 INFO  MongoDB successfully connected 
18:17:51.032 INFO  Shard: 0 has became ready 
18:17:51.040 INFO  =-=-=-=-=-=-=- Loading Guild Specific Interaction(s) -=-=-=-=-=-=-= 
18:17:51.072 INFO  Lavalink node: 0.0.0.0 has connected. 
18:17:51.152 INFO  All guilds have been initialized. 
18:17:51.153 INFO  -=-=-=-=-=-=-=-=-=-=-=-=-=-=-=-=-=-=-=-=-=-=-=-=-=-=-=-= 
18:17:51.154 INFO  Moody 2#6662, ready to serve [2] users in [3] servers. 
18:17:51.154 INFO  -=-=-=-=-=-=-=-=-=-=-=-=-=-=-=-=-=-=-=-=-=-=-=-=-=-=-=-= 
18:17:51.339 INFO  Loaded Interactions for guild: Friends 
18:17:51.343 INFO  Loaded Interactions for guild: TEST 
18:17:51.367 INFO  Loaded Interactions for guild: Moody 
18:17:58.436 INFO  Lavalink player created in guild: 735649514815488120. 
18:17:58.545 INFO  Track Loaded: GT_Ofice x Britt Lari ‘Ooh La La’ 
18:19:56.270 ERROR Unhandled promise rejection: hasVoted is not defined. 
18:20:15.791 INFO  Lavalink player destroyed in guild: 735649514815488120. 
