03:56:45.413 INFO  1 language(s) have loaded. (en-US) 
03:56:45.805 INFO  MongoDB successfully connected 
03:56:46.153 INFO  Shard: 0 has became ready 
03:56:46.221 INFO  All guilds have been initialized 
03:56:46.338 INFO  -=-=-=-=-=-=-=-=-=-=-=-=-=-=-=-=-=-=-=-=-=-=-=-=-=-=-=-= 
03:56:46.339 INFO  Void Music 2#3539, ready to serve [6] users in [3] servers 
03:56:46.339 INFO  -=-=-=-=-=-=-=-=-=-=-=-=-=-=-=-=-=-=-=-=-=-=-=-=-=-=-=-= 
03:56:46.391 INFO  Lavalink node: 0.0.0.0 has connected. 
03:57:42.404 INFO  1 language(s) have loaded. (en-US) 
03:57:42.710 INFO  MongoDB successfully connected 
03:57:43.100 INFO  Shard: 0 has became ready 
03:57:43.121 INFO  Lavalink node: 0.0.0.0 has connected. 
03:57:43.152 INFO  All guilds have been initialized 
03:57:43.266 INFO  -=-=-=-=-=-=-=-=-=-=-=-=-=-=-=-=-=-=-=-=-=-=-=-=-=-=-=-= 
03:57:43.266 INFO  Void Music 2#3539, ready to serve [6] users in [3] servers 
03:57:43.266 INFO  -=-=-=-=-=-=-=-=-=-=-=-=-=-=-=-=-=-=-=-=-=-=-=-=-=-=-=-= 
04:04:14.912 INFO  1 language(s) have loaded. (en-US) 
04:04:15.362 INFO  MongoDB successfully connected 
04:04:15.622 INFO  Shard: 0 has became ready 
04:04:15.641 INFO  Lavalink node: 0.0.0.0 has connected. 
04:04:15.665 INFO  All guilds have been initialized 
04:04:15.782 INFO  -=-=-=-=-=-=-=-=-=-=-=-=-=-=-=-=-=-=-=-=-=-=-=-=-=-=-=-= 
04:04:15.782 INFO  Void Music 2#3539, ready to serve [6] users in [3] servers 
04:04:15.783 INFO  -=-=-=-=-=-=-=-=-=-=-=-=-=-=-=-=-=-=-=-=-=-=-=-=-=-=-=-= 
04:04:57.630 INFO  1 language(s) have loaded. (en-US) 
04:04:57.920 INFO  MongoDB successfully connected 
04:04:58.366 INFO  Shard: 0 has became ready 
04:04:58.384 INFO  Lavalink node: 0.0.0.0 has connected. 
04:04:58.409 INFO  All guilds have been initialized 
04:04:58.523 INFO  -=-=-=-=-=-=-=-=-=-=-=-=-=-=-=-=-=-=-=-=-=-=-=-=-=-=-=-= 
04:04:58.524 INFO  Void Music 2#3539, ready to serve [6] users in [3] servers 
04:04:58.524 INFO  -=-=-=-=-=-=-=-=-=-=-=-=-=-=-=-=-=-=-=-=-=-=-=-=-=-=-=-= 
04:06:46.055 INFO  1 language(s) have loaded. (en-US) 
04:06:46.430 INFO  MongoDB successfully connected 
04:06:46.704 INFO  Shard: 0 has became ready 
04:06:46.727 INFO  Lavalink node: 0.0.0.0 has connected. 
04:06:46.756 INFO  All guilds have been initialized 
04:06:46.877 INFO  -=-=-=-=-=-=-=-=-=-=-=-=-=-=-=-=-=-=-=-=-=-=-=-=-=-=-=-= 
04:06:46.877 INFO  Void Music 2#3539, ready to serve [6] users in [3] servers 
04:06:46.877 INFO  -=-=-=-=-=-=-=-=-=-=-=-=-=-=-=-=-=-=-=-=-=-=-=-=-=-=-=-= 
04:06:53.622 ERROR Unhandled promise rejection: date1.diff is not a function 
04:06:53.766 ERROR Unhandled promise rejection: date1.diff is not a function 
04:07:54.854 INFO  1 language(s) have loaded. (en-US) 
04:07:55.194 INFO  MongoDB successfully connected 
04:07:55.574 INFO  Shard: 0 has became ready 
04:07:55.591 INFO  Lavalink node: 0.0.0.0 has connected. 
04:07:55.619 INFO  All guilds have been initialized 
04:07:55.746 INFO  -=-=-=-=-=-=-=-=-=-=-=-=-=-=-=-=-=-=-=-=-=-=-=-=-=-=-=-= 
04:07:55.746 INFO  Void Music 2#3539, ready to serve [6] users in [3] servers 
04:07:55.747 INFO  -=-=-=-=-=-=-=-=-=-=-=-=-=-=-=-=-=-=-=-=-=-=-=-=-=-=-=-= 
04:09:03.709 INFO  1 language(s) have loaded. (en-US) 
04:09:04.082 INFO  MongoDB successfully connected 
04:09:04.397 INFO  Shard: 0 has became ready 
04:09:04.415 INFO  Lavalink node: 0.0.0.0 has connected. 
04:09:04.446 INFO  All guilds have been initialized 
04:09:04.576 INFO  -=-=-=-=-=-=-=-=-=-=-=-=-=-=-=-=-=-=-=-=-=-=-=-=-=-=-=-= 
04:09:04.577 INFO  Void Music 2#3539, ready to serve [6] users in [3] servers 
04:09:04.577 INFO  -=-=-=-=-=-=-=-=-=-=-=-=-=-=-=-=-=-=-=-=-=-=-=-=-=-=-=-= 
04:15:55.485 INFO  1 language(s) have loaded. (en-US) 
04:15:55.874 INFO  MongoDB successfully connected 
04:15:56.267 INFO  Shard: 0 has became ready 
04:15:56.289 INFO  Lavalink node: 0.0.0.0 has connected. 
04:15:56.313 INFO  All guilds have been initialized 
04:15:56.428 INFO  -=-=-=-=-=-=-=-=-=-=-=-=-=-=-=-=-=-=-=-=-=-=-=-=-=-=-=-= 
04:15:56.428 INFO  Void Music 2#3539, ready to serve [6] users in [3] servers 
04:15:56.429 INFO  -=-=-=-=-=-=-=-=-=-=-=-=-=-=-=-=-=-=-=-=-=-=-=-=-=-=-=-= 
04:16:37.895 ERROR Unhandled promise rejection: Unknown Message 
04:16:40.190 ERROR Unhandled promise rejection: Unknown Message 
04:16:40.414 ERROR Unhandled promise rejection: Unknown Message 
04:17:28.990 INFO  1 language(s) have loaded. (en-US) 
04:17:29.594 INFO  MongoDB successfully connected 
04:17:29.720 INFO  Shard: 0 has became ready 
04:17:29.745 INFO  Lavalink node: 0.0.0.0 has connected. 
04:17:29.765 INFO  All guilds have been initialized 
04:17:29.880 INFO  -=-=-=-=-=-=-=-=-=-=-=-=-=-=-=-=-=-=-=-=-=-=-=-=-=-=-=-= 
04:17:29.880 INFO  Void Music 2#3539, ready to serve [6] users in [3] servers 
04:17:29.880 INFO  -=-=-=-=-=-=-=-=-=-=-=-=-=-=-=-=-=-=-=-=-=-=-=-=-=-=-=-= 
04:17:32.416 ERROR Unhandled promise rejection: Unknown Message 
04:17:32.721 ERROR Unhandled promise rejection: Unknown Message 
04:18:06.742 INFO  1 language(s) have loaded. (en-US) 
04:18:07.105 INFO  MongoDB successfully connected 
04:18:07.465 INFO  Shard: 0 has became ready 
04:18:07.484 INFO  Lavalink node: 0.0.0.0 has connected. 
04:18:07.515 INFO  All guilds have been initialized 
04:18:07.631 INFO  -=-=-=-=-=-=-=-=-=-=-=-=-=-=-=-=-=-=-=-=-=-=-=-=-=-=-=-= 
04:18:07.632 INFO  Void Music 2#3539, ready to serve [6] users in [3] servers 
04:18:07.632 INFO  -=-=-=-=-=-=-=-=-=-=-=-=-=-=-=-=-=-=-=-=-=-=-=-=-=-=-=-= 
04:18:10.488 ERROR Unhandled promise rejection: Unknown Message 
04:18:10.670 ERROR Unhandled promise rejection: Unknown Message 
04:18:39.392 INFO  1 language(s) have loaded. (en-US) 
04:18:39.769 INFO  MongoDB successfully connected 
04:18:40.119 INFO  Shard: 0 has became ready 
04:18:40.139 INFO  Lavalink node: 0.0.0.0 has connected. 
04:18:40.169 INFO  All guilds have been initialized 
04:18:40.282 INFO  -=-=-=-=-=-=-=-=-=-=-=-=-=-=-=-=-=-=-=-=-=-=-=-=-=-=-=-= 
04:18:40.282 INFO  Void Music 2#3539, ready to serve [6] users in [3] servers 
04:18:40.283 INFO  -=-=-=-=-=-=-=-=-=-=-=-=-=-=-=-=-=-=-=-=-=-=-=-=-=-=-=-= 
04:21:06.606 INFO  1 language(s) have loaded. (en-US) 
04:21:07.003 INFO  MongoDB successfully connected 
04:21:07.283 INFO  Shard: 0 has became ready 
04:21:07.306 INFO  Lavalink node: 0.0.0.0 has connected. 
04:21:07.331 INFO  All guilds have been initialized 
04:21:07.445 INFO  -=-=-=-=-=-=-=-=-=-=-=-=-=-=-=-=-=-=-=-=-=-=-=-=-=-=-=-= 
04:21:07.446 INFO  Void Music 2#3539, ready to serve [6] users in [3] servers 
04:21:07.446 INFO  -=-=-=-=-=-=-=-=-=-=-=-=-=-=-=-=-=-=-=-=-=-=-=-=-=-=-=-= 
04:22:23.761 INFO  1 language(s) have loaded. (en-US) 
04:22:24.135 INFO  MongoDB successfully connected 
04:22:24.503 INFO  Shard: 0 has became ready 
04:22:24.556 INFO  All guilds have been initialized 
04:22:24.615 INFO  Lavalink node: 0.0.0.0 has connected. 
04:22:24.669 INFO  -=-=-=-=-=-=-=-=-=-=-=-=-=-=-=-=-=-=-=-=-=-=-=-=-=-=-=-= 
04:22:24.670 INFO  Void Music 2#3539, ready to serve [6] users in [3] servers 
04:22:24.670 INFO  -=-=-=-=-=-=-=-=-=-=-=-=-=-=-=-=-=-=-=-=-=-=-=-=-=-=-=-= 
04:23:41.929 INFO  1 language(s) have loaded. (en-US) 
04:23:42.284 INFO  MongoDB successfully connected 
04:23:42.572 INFO  Shard: 0 has became ready 
04:23:42.594 INFO  Lavalink node: 0.0.0.0 has connected. 
04:23:42.625 INFO  All guilds have been initialized 
04:23:42.742 INFO  -=-=-=-=-=-=-=-=-=-=-=-=-=-=-=-=-=-=-=-=-=-=-=-=-=-=-=-= 
04:23:42.742 INFO  Void Music 2#3539, ready to serve [6] users in [3] servers 
04:23:42.743 INFO  -=-=-=-=-=-=-=-=-=-=-=-=-=-=-=-=-=-=-=-=-=-=-=-=-=-=-=-= 
04:26:14.746 INFO  1 language(s) have loaded. (en-US) 
04:26:15.103 INFO  MongoDB successfully connected 
04:26:15.508 INFO  Shard: 0 has became ready 
04:26:15.530 INFO  Lavalink node: 0.0.0.0 has connected. 
04:26:15.559 INFO  All guilds have been initialized 
04:26:15.681 INFO  -=-=-=-=-=-=-=-=-=-=-=-=-=-=-=-=-=-=-=-=-=-=-=-=-=-=-=-= 
04:26:15.681 INFO  Void Music 2#3539, ready to serve [6] users in [3] servers 
04:26:15.682 INFO  -=-=-=-=-=-=-=-=-=-=-=-=-=-=-=-=-=-=-=-=-=-=-=-=-=-=-=-= 
04:26:22.398 ERROR Error deleting message from void: DiscordAPIError: Unknown Message 
04:26:22.670 ERROR Unhandled promise rejection: Unknown Message 
04:26:22.932 ERROR Unhandled promise rejection: Unknown Message 
04:28:20.578 INFO  1 language(s) have loaded. (en-US) 
04:28:20.955 INFO  MongoDB successfully connected 
04:28:21.278 INFO  Shard: 0 has became ready 
04:28:21.298 INFO  Lavalink node: 0.0.0.0 has connected. 
04:28:21.322 INFO  All guilds have been initialized 
04:28:21.445 INFO  -=-=-=-=-=-=-=-=-=-=-=-=-=-=-=-=-=-=-=-=-=-=-=-=-=-=-=-= 
04:28:21.445 INFO  Void Music 2#3539, ready to serve [6] users in [3] servers 
04:28:21.445 INFO  -=-=-=-=-=-=-=-=-=-=-=-=-=-=-=-=-=-=-=-=-=-=-=-=-=-=-=-= 
04:30:38.394 ERROR Unhandled promise rejection: Unknown Message 
04:31:25.814 ERROR Unhandled promise rejection: Unknown Message 
04:32:31.958 ERROR Unhandled promise rejection: Unknown Channel 
04:32:38.293 ERROR Unhandled promise rejection: Unknown Channel 
04:32:48.884 ERROR Unhandled promise rejection: Unknown Channel 
04:33:25.986 ERROR Unhandled promise rejection: Unknown Channel 
04:33:31.698 ERROR Unhandled promise rejection: Unknown Channel 
04:33:38.876 INFO  1 language(s) have loaded. (en-US) 
04:33:39.258 INFO  MongoDB successfully connected 
04:33:39.541 INFO  Shard: 0 has became ready 
04:33:39.559 INFO  Lavalink node: 0.0.0.0 has connected. 
04:33:39.585 INFO  All guilds have been initialized 
04:33:39.706 INFO  -=-=-=-=-=-=-=-=-=-=-=-=-=-=-=-=-=-=-=-=-=-=-=-=-=-=-=-= 
04:33:39.706 INFO  Void Music 2#3539, ready to serve [6] users in [3] servers 
04:33:39.706 INFO  -=-=-=-=-=-=-=-=-=-=-=-=-=-=-=-=-=-=-=-=-=-=-=-=-=-=-=-= 
04:34:04.442 ERROR running slashCreate: 823543363688464455 | DiscordAPIError: 404: Not Found 
04:35:17.717 ERROR Lavalink node: 0.0.0.0 has disconnect, reason: . 
12:53:54.263 INFO  1 language(s) have loaded. (en-US) 
12:53:54.630 INFO  MongoDB successfully connected 
12:53:54.944 INFO  Shard: 0 has became ready 
12:53:54.961 ERROR Lavalink node: '0.0.0.0', has error: 'connect ECONNREFUSED 0.0.0.0:69'. 
12:53:54.962 ERROR Lavalink node: 0.0.0.0 has disconnect, reason: . 
12:53:54.989 INFO  All guilds have been initialized 
12:53:55.106 INFO  -=-=-=-=-=-=-=-=-=-=-=-=-=-=-=-=-=-=-=-=-=-=-=-=-=-=-=-= 
12:53:55.107 INFO  Void Music 2#3539, ready to serve [6] users in [3] servers 
12:53:55.107 INFO  -=-=-=-=-=-=-=-=-=-=-=-=-=-=-=-=-=-=-=-=-=-=-=-=-=-=-=-= 
12:54:24.965 ERROR Lavalink node: '0.0.0.0', has error: 'connect ECONNREFUSED 0.0.0.0:69'. 
12:54:24.966 ERROR Lavalink node: 0.0.0.0 has disconnect, reason: . 
12:54:54.982 ERROR Lavalink node: '0.0.0.0', has error: 'connect ECONNREFUSED 0.0.0.0:69'. 
12:54:54.983 ERROR Lavalink node: 0.0.0.0 has disconnect, reason: . 
12:55:24.991 ERROR Lavalink node: '0.0.0.0', has error: 'connect ECONNREFUSED 0.0.0.0:69'. 
12:55:24.992 ERROR Lavalink node: 0.0.0.0 has disconnect, reason: . 
14:25:16.899 INFO  1 language(s) have loaded. (en-US) 
14:25:17.300 INFO  MongoDB successfully connected 
14:25:17.742 INFO  Shard: 0 has became ready 
14:25:17.790 INFO  All guilds have been initialized 
14:25:17.908 INFO  -=-=-=-=-=-=-=-=-=-=-=-=-=-=-=-=-=-=-=-=-=-=-=-=-=-=-=-= 
14:25:17.908 INFO  Void Music 2#3539, ready to serve [6] users in [3] servers 
14:25:17.908 INFO  -=-=-=-=-=-=-=-=-=-=-=-=-=-=-=-=-=-=-=-=-=-=-=-=-=-=-=-= 
14:25:18.114 INFO  Lavalink node: 0.0.0.0 has connected. 
14:25:34.147 ERROR Unhandled promise rejection: bot.refrefreshEmbed is not a function 
14:25:58.862 INFO  1 language(s) have loaded. (en-US) 
14:25:59.159 INFO  MongoDB successfully connected 
14:25:59.636 INFO  Shard: 0 has became ready 
14:25:59.654 INFO  Lavalink node: 0.0.0.0 has connected. 
14:25:59.684 INFO  All guilds have been initialized 
14:25:59.798 INFO  -=-=-=-=-=-=-=-=-=-=-=-=-=-=-=-=-=-=-=-=-=-=-=-=-=-=-=-= 
14:25:59.799 INFO  Void Music 2#3539, ready to serve [6] users in [3] servers 
14:25:59.799 INFO  -=-=-=-=-=-=-=-=-=-=-=-=-=-=-=-=-=-=-=-=-=-=-=-=-=-=-=-= 
14:26:08.144 ERROR Unhandled promise rejection: Unknown Message 
14:28:35.019 ERROR running slashCreate: 709832515577184287 | DiscordAPIError: 404: Not Found 
14:29:13.690 ERROR Unhandled promise rejection: Unknown Channel 
14:29:28.644 INFO  1 language(s) have loaded. (en-US) 
14:29:28.981 INFO  MongoDB successfully connected 
14:29:29.347 INFO  Shard: 0 has became ready 
14:29:29.366 INFO  Lavalink node: 0.0.0.0 has connected. 
14:29:29.400 INFO  All guilds have been initialized 
14:29:29.511 INFO  -=-=-=-=-=-=-=-=-=-=-=-=-=-=-=-=-=-=-=-=-=-=-=-=-=-=-=-= 
14:29:29.512 INFO  Void Music 2#3539, ready to serve [6] users in [3] servers 
14:29:29.512 INFO  -=-=-=-=-=-=-=-=-=-=-=-=-=-=-=-=-=-=-=-=-=-=-=-=-=-=-=-= 
14:34:51.223 INFO  1 language(s) have loaded. (en-US) 
14:34:51.549 INFO  MongoDB successfully connected 
14:34:51.934 INFO  Shard: 0 has became ready 
14:34:51.952 INFO  Lavalink node: 0.0.0.0 has connected. 
14:34:51.977 INFO  All guilds have been initialized 
14:34:52.118 INFO  -=-=-=-=-=-=-=-=-=-=-=-=-=-=-=-=-=-=-=-=-=-=-=-=-=-=-=-= 
14:34:52.118 INFO  Void Music 2#3539, ready to serve [6] users in [3] servers 
14:34:52.118 INFO  -=-=-=-=-=-=-=-=-=-=-=-=-=-=-=-=-=-=-=-=-=-=-=-=-=-=-=-= 
14:34:57.179 ERROR Unhandled promise rejection: Unknown Message 
14:37:32.566 ERROR running slashCreate: 709832515577184287 | DiscordAPIError: Unknown Message 
14:37:32.756 ERROR Unhandled promise rejection: Unknown Message 
14:37:52.759 ERROR running slashCreate: 709832515577184287 | DiscordAPIError: 404: Not Found 
14:38:55.683 INFO  1 language(s) have loaded. (en-US) 
14:38:56.003 INFO  MongoDB successfully connected 
14:38:56.344 INFO  Shard: 0 has became ready 
14:38:56.363 INFO  Lavalink node: 0.0.0.0 has connected. 
14:38:56.393 INFO  All guilds have been initialized 
14:38:56.510 INFO  -=-=-=-=-=-=-=-=-=-=-=-=-=-=-=-=-=-=-=-=-=-=-=-=-=-=-=-= 
14:38:56.510 INFO  Void Music 2#3539, ready to serve [6] users in [3] servers 
14:38:56.510 INFO  -=-=-=-=-=-=-=-=-=-=-=-=-=-=-=-=-=-=-=-=-=-=-=-=-=-=-=-= 
14:40:46.422 ERROR Unhandled promise rejection: Unknown Message 
14:41:06.644 ERROR running slashCreate: 709832515577184287 | DiscordAPIError: Unknown Message 
14:41:06.813 ERROR Unhandled promise rejection: Unknown Message 
15:01:14.471 INFO  1 language(s) have loaded. (en-US) 
15:01:14.799 INFO  MongoDB successfully connected 
15:01:15.848 INFO  Shard: 0 has became ready 
15:01:15.870 INFO  Lavalink node: 0.0.0.0 has connected. 
15:01:15.899 INFO  All guilds have been initialized 
15:01:16.020 INFO  -=-=-=-=-=-=-=-=-=-=-=-=-=-=-=-=-=-=-=-=-=-=-=-=-=-=-=-= 
15:01:16.020 INFO  Void Music 2#3539, ready to serve [7] users in [3] servers 
15:01:16.021 INFO  -=-=-=-=-=-=-=-=-=-=-=-=-=-=-=-=-=-=-=-=-=-=-=-=-=-=-=-= 
15:05:02.951 ERROR Unhandled promise rejection: Unknown Message 
15:07:53.228 ERROR Unhandled promise rejection: Unknown Message 
15:10:20.173 ERROR running slashCreate: 709832515577184287 | DiscordAPIError: 404: Not Found 
15:17:28.654 INFO  1 language(s) have loaded. (en-US) 
15:17:29.166 INFO  MongoDB successfully connected 
15:17:30.415 INFO  Shard: 0 has became ready 
15:17:30.439 INFO  Lavalink node: 0.0.0.0 has connected. 
15:17:30.461 INFO  All guilds have been initialized 
15:17:30.573 INFO  -=-=-=-=-=-=-=-=-=-=-=-=-=-=-=-=-=-=-=-=-=-=-=-=-=-=-=-= 
15:17:30.573 INFO  Void Music 2#3539, ready to serve [7] users in [3] servers 
15:17:30.574 INFO  -=-=-=-=-=-=-=-=-=-=-=-=-=-=-=-=-=-=-=-=-=-=-=-=-=-=-=-= 
15:17:35.407 ERROR Unhandled promise rejection: Unknown Message 
15:19:58.173 ERROR running slashCreate: 709832515577184287 | DiscordAPIError: Unknown Message 
15:19:58.343 ERROR Unhandled promise rejection: Unknown Message 
15:20:10.770 ERROR running slashCreate: 709832515577184287 | DiscordAPIError: 404: Not Found 
15:23:07.135 ERROR Unhandled promise rejection: Unknown Channel 
15:23:17.270 INFO  1 language(s) have loaded. (en-US) 
15:23:17.581 INFO  MongoDB successfully connected 
15:23:18.028 INFO  Shard: 0 has became ready 
15:23:18.051 INFO  Lavalink node: 0.0.0.0 has connected. 
15:23:18.081 INFO  All guilds have been initialized 
15:23:18.200 INFO  -=-=-=-=-=-=-=-=-=-=-=-=-=-=-=-=-=-=-=-=-=-=-=-=-=-=-=-= 
15:23:18.201 INFO  Void Music 2#3539, ready to serve [7] users in [3] servers 
15:23:18.201 INFO  -=-=-=-=-=-=-=-=-=-=-=-=-=-=-=-=-=-=-=-=-=-=-=-=-=-=-=-= 
15:25:59.666 ERROR Unhandled promise rejection: Unknown Message 
15:26:33.434 ERROR Unhandled promise rejection: Unknown Message 
15:28:18.567 INFO  1 language(s) have loaded. (en-US) 
15:28:19.036 INFO  MongoDB successfully connected 
15:28:19.262 INFO  Shard: 0 has became ready 
15:28:19.282 INFO  Lavalink node: 0.0.0.0 has connected. 
15:28:19.326 INFO  All guilds have been initialized 
15:28:19.443 INFO  -=-=-=-=-=-=-=-=-=-=-=-=-=-=-=-=-=-=-=-=-=-=-=-=-=-=-=-= 
15:28:19.443 INFO  Void Music 2#3539, ready to serve [7] users in [3] servers 
15:28:19.443 INFO  -=-=-=-=-=-=-=-=-=-=-=-=-=-=-=-=-=-=-=-=-=-=-=-=-=-=-=-= 
15:29:03.637 INFO  1 language(s) have loaded. (en-US) 
15:29:03.956 INFO  MongoDB successfully connected 
15:29:04.429 INFO  Shard: 0 has became ready 
15:29:04.447 INFO  Lavalink node: 0.0.0.0 has connected. 
15:29:04.480 INFO  All guilds have been initialized 
15:29:04.597 INFO  -=-=-=-=-=-=-=-=-=-=-=-=-=-=-=-=-=-=-=-=-=-=-=-=-=-=-=-= 
15:29:04.597 INFO  Void Music 2#3539, ready to serve [7] users in [3] servers 
15:29:04.598 INFO  -=-=-=-=-=-=-=-=-=-=-=-=-=-=-=-=-=-=-=-=-=-=-=-=-=-=-=-= 
15:57:30.846 ERROR Lavalink node: 0.0.0.0 has disconnect, reason: . 
