00:06:36.355 INFO  1 language(s) have loaded. (en-US) 
00:06:36.691 INFO  MongoDB successfully connected 
00:06:37.079 INFO  Shard: 0 has became ready 
00:06:37.102 INFO  Lavalink node: 0.0.0.0 has connected. 
00:06:37.127 INFO  All guilds have been initialized 
00:06:37.242 INFO  -=-=-=-=-=-=-=-=-=-=-=-=-=-=-=-=-=-=-=-=-=-=-=-=-=-=-=-= 
00:06:37.242 INFO  Lunio 2#3539, ready to serve [6] users in [3] servers 
00:06:37.243 INFO  -=-=-=-=-=-=-=-=-=-=-=-=-=-=-=-=-=-=-=-=-=-=-=-=-=-=-=-= 
00:10:39.496 INFO  1 language(s) have loaded. (en-US) 
00:10:39.814 INFO  MongoDB successfully connected 
00:10:40.182 INFO  Shard: 0 has became ready 
00:10:40.203 INFO  Lavalink node: 0.0.0.0 has connected. 
00:10:40.232 INFO  All guilds have been initialized 
00:10:40.347 INFO  -=-=-=-=-=-=-=-=-=-=-=-=-=-=-=-=-=-=-=-=-=-=-=-=-=-=-=-= 
00:10:40.348 INFO  Lunio 2#3539, ready to serve [6] users in [3] servers 
00:10:40.348 INFO  -=-=-=-=-=-=-=-=-=-=-=-=-=-=-=-=-=-=-=-=-=-=-=-=-=-=-=-= 
00:11:00.175 INFO  1 language(s) have loaded. (en-US) 
00:11:00.492 INFO  MongoDB successfully connected 
00:11:01.105 INFO  Shard: 0 has became ready 
00:11:01.128 INFO  Lavalink node: 0.0.0.0 has connected. 
00:11:01.155 INFO  All guilds have been initialized 
00:11:01.276 INFO  -=-=-=-=-=-=-=-=-=-=-=-=-=-=-=-=-=-=-=-=-=-=-=-=-=-=-=-= 
00:11:01.276 INFO  Lunio 2#3539, ready to serve [6] users in [3] servers 
00:11:01.277 INFO  -=-=-=-=-=-=-=-=-=-=-=-=-=-=-=-=-=-=-=-=-=-=-=-=-=-=-=-= 
00:13:15.549 INFO  1 language(s) have loaded. (en-US) 
00:13:15.872 INFO  MongoDB successfully connected 
00:13:16.336 INFO  Shard: 0 has became ready 
00:13:16.358 INFO  Lavalink node: 0.0.0.0 has connected. 
00:13:16.384 INFO  All guilds have been initialized 
00:13:16.501 INFO  -=-=-=-=-=-=-=-=-=-=-=-=-=-=-=-=-=-=-=-=-=-=-=-=-=-=-=-= 
00:13:16.501 INFO  Lunio 2#3539, ready to serve [6] users in [3] servers 
00:13:16.502 INFO  -=-=-=-=-=-=-=-=-=-=-=-=-=-=-=-=-=-=-=-=-=-=-=-=-=-=-=-= 
00:19:58.345 INFO  1 language(s) have loaded. (en-US) 
00:19:58.659 INFO  MongoDB successfully connected 
00:19:59.079 INFO  Shard: 0 has became ready 
00:19:59.101 INFO  Lavalink node: 0.0.0.0 has connected. 
00:19:59.125 INFO  All guilds have been initialized 
00:19:59.240 INFO  -=-=-=-=-=-=-=-=-=-=-=-=-=-=-=-=-=-=-=-=-=-=-=-=-=-=-=-= 
00:19:59.241 INFO  Lunio 2#3539, ready to serve [6] users in [3] servers 
00:19:59.241 INFO  -=-=-=-=-=-=-=-=-=-=-=-=-=-=-=-=-=-=-=-=-=-=-=-=-=-=-=-= 
00:20:03.512 ERROR Error occured: test is not defined -- in file D:\Program Files\Bots\Discord Bots\Lunio\Lunio 2\src\events\bot\error.js at line undefined. 
00:21:05.933 INFO  1 language(s) have loaded. (en-US) 
00:21:06.245 INFO  MongoDB successfully connected 
00:21:06.682 INFO  Shard: 0 has became ready 
00:21:06.717 INFO  Lavalink node: 0.0.0.0 has connected. 
00:21:06.739 INFO  All guilds have been initialized 
00:21:06.858 INFO  -=-=-=-=-=-=-=-=-=-=-=-=-=-=-=-=-=-=-=-=-=-=-=-=-=-=-=-= 
00:21:06.859 INFO  Lunio 2#3539, ready to serve [6] users in [3] servers 
00:21:06.859 INFO  -=-=-=-=-=-=-=-=-=-=-=-=-=-=-=-=-=-=-=-=-=-=-=-=-=-=-=-= 
00:23:10.251 INFO  1 language(s) have loaded. (en-US) 
00:23:10.607 INFO  MongoDB successfully connected 
00:23:11.130 INFO  Shard: 0 has became ready 
00:23:11.158 INFO  Lavalink node: 0.0.0.0 has connected. 
00:23:11.182 INFO  All guilds have been initialized 
00:23:11.329 INFO  -=-=-=-=-=-=-=-=-=-=-=-=-=-=-=-=-=-=-=-=-=-=-=-=-=-=-=-= 
00:23:11.329 INFO  Lunio 2#3539, ready to serve [6] users in [3] servers 
00:23:11.330 INFO  -=-=-=-=-=-=-=-=-=-=-=-=-=-=-=-=-=-=-=-=-=-=-=-=-=-=-=-= 
00:23:17.017 ERROR Error occured: Interaction has already been acknowledged. -- in file D:\Program Files\Bots\Discord Bots\Lunio\Lunio 2\src\events\bot\error.js at line undefined. 
00:23:24.060 ERROR Error occured: Interaction has already been acknowledged. -- in file D:\Program Files\Bots\Discord Bots\Lunio\Lunio 2\src\events\bot\error.js at line undefined. 
00:23:24.737 ERROR Error occured: Interaction has already been acknowledged. -- in file D:\Program Files\Bots\Discord Bots\Lunio\Lunio 2\src\events\bot\error.js at line undefined. 
00:23:55.085 INFO  1 language(s) have loaded. (en-US) 
00:23:55.371 INFO  MongoDB successfully connected 
00:23:55.814 INFO  Shard: 0 has became ready 
00:23:55.843 INFO  Lavalink node: 0.0.0.0 has connected. 
00:23:55.864 INFO  All guilds have been initialized 
00:23:55.981 INFO  -=-=-=-=-=-=-=-=-=-=-=-=-=-=-=-=-=-=-=-=-=-=-=-=-=-=-=-= 
00:23:55.981 INFO  Lunio 2#3539, ready to serve [6] users in [3] servers 
00:23:55.982 INFO  -=-=-=-=-=-=-=-=-=-=-=-=-=-=-=-=-=-=-=-=-=-=-=-=-=-=-=-= 
00:24:15.428 ERROR Error occured: Interaction has already been acknowledged. -- in file D:\Program Files\Bots\Discord Bots\Lunio\Lunio 2\src\events\bot\error.js at line undefined. 
00:24:15.429 ERROR ############################## 
00:24:15.429 ERROR Full error: DiscordAPIError[40060]: Interaction has already been acknowledged. 
00:24:49.515 INFO  1 language(s) have loaded. (en-US) 
00:24:49.863 INFO  MongoDB successfully connected 
00:24:50.189 INFO  Shard: 0 has became ready 
00:24:50.222 INFO  Lavalink node: 0.0.0.0 has connected. 
00:24:50.250 INFO  All guilds have been initialized 
00:24:50.365 INFO  -=-=-=-=-=-=-=-=-=-=-=-=-=-=-=-=-=-=-=-=-=-=-=-=-=-=-=-= 
00:24:50.365 INFO  Lunio 2#3539, ready to serve [6] users in [3] servers 
00:24:50.365 INFO  -=-=-=-=-=-=-=-=-=-=-=-=-=-=-=-=-=-=-=-=-=-=-=-=-=-=-=-= 
00:25:16.882 ERROR Unhandled promise rejection: Received one or more errors 
00:27:32.681 INFO  1 language(s) have loaded. (en-US) 
00:27:32.983 INFO  MongoDB successfully connected 
00:27:33.471 INFO  Shard: 0 has became ready 
00:27:33.496 INFO  Lavalink node: 0.0.0.0 has connected. 
00:27:33.522 INFO  All guilds have been initialized 
00:27:33.638 INFO  -=-=-=-=-=-=-=-=-=-=-=-=-=-=-=-=-=-=-=-=-=-=-=-=-=-=-=-= 
00:27:33.638 INFO  Lunio 2#3539, ready to serve [6] users in [3] servers 
00:27:33.639 INFO  -=-=-=-=-=-=-=-=-=-=-=-=-=-=-=-=-=-=-=-=-=-=-=-=-=-=-=-= 
00:31:07.693 INFO  1 language(s) have loaded. (en-US) 
00:31:08.001 INFO  MongoDB successfully connected 
00:31:08.815 INFO  Shard: 0 has became ready 
00:31:08.833 INFO  Lavalink node: 0.0.0.0 has connected. 
00:31:08.860 INFO  All guilds have been initialized 
00:31:08.978 INFO  -=-=-=-=-=-=-=-=-=-=-=-=-=-=-=-=-=-=-=-=-=-=-=-=-=-=-=-= 
00:31:08.979 INFO  Lunio 2#3539, ready to serve [6] users in [3] servers 
00:31:08.979 INFO  -=-=-=-=-=-=-=-=-=-=-=-=-=-=-=-=-=-=-=-=-=-=-=-=-=-=-=-= 
01:09:01.957 INFO  1 language(s) have loaded. (en-US) 
01:09:02.288 INFO  MongoDB successfully connected 
01:09:02.693 INFO  Shard: 0 has became ready 
01:09:02.713 INFO  Lavalink node: 0.0.0.0 has connected. 
01:09:02.746 INFO  All guilds have been initialized 
01:09:02.863 INFO  -=-=-=-=-=-=-=-=-=-=-=-=-=-=-=-=-=-=-=-=-=-=-=-=-=-=-=-= 
01:09:02.863 INFO  Lunio 2#3539, ready to serve [6] users in [3] servers 
01:09:02.863 INFO  -=-=-=-=-=-=-=-=-=-=-=-=-=-=-=-=-=-=-=-=-=-=-=-=-=-=-=-= 
01:19:35.277 INFO  1 language(s) have loaded. (en-US) 
01:19:35.600 INFO  MongoDB successfully connected 
01:19:36.069 INFO  Shard: 0 has became ready 
01:19:36.098 INFO  Lavalink node: 0.0.0.0 has connected. 
01:19:36.122 INFO  All guilds have been initialized 
01:19:36.236 INFO  -=-=-=-=-=-=-=-=-=-=-=-=-=-=-=-=-=-=-=-=-=-=-=-=-=-=-=-= 
01:19:36.236 INFO  Lunio 2#3539, ready to serve [6] users in [3] servers 
01:19:36.236 INFO  -=-=-=-=-=-=-=-=-=-=-=-=-=-=-=-=-=-=-=-=-=-=-=-=-=-=-=-= 
02:04:51.321 INFO  1 language(s) have loaded. (en-US) 
02:04:51.631 INFO  MongoDB successfully connected 
02:04:52.007 INFO  Shard: 0 has became ready 
02:04:52.033 INFO  Lavalink node: 0.0.0.0 has connected. 
02:04:52.057 INFO  All guilds have been initialized 
02:04:52.173 INFO  -=-=-=-=-=-=-=-=-=-=-=-=-=-=-=-=-=-=-=-=-=-=-=-=-=-=-=-= 
02:04:52.173 INFO  Lunio 2#3539, ready to serve [6] users in [3] servers 
02:04:52.173 INFO  -=-=-=-=-=-=-=-=-=-=-=-=-=-=-=-=-=-=-=-=-=-=-=-=-=-=-=-= 
02:07:25.761 INFO  1 language(s) have loaded. (en-US) 
02:07:26.082 INFO  MongoDB successfully connected 
02:07:26.531 INFO  Shard: 0 has became ready 
02:07:26.554 INFO  Lavalink node: 0.0.0.0 has connected. 
02:07:26.581 INFO  All guilds have been initialized 
02:07:26.693 INFO  -=-=-=-=-=-=-=-=-=-=-=-=-=-=-=-=-=-=-=-=-=-=-=-=-=-=-=-= 
02:07:26.693 INFO  Lunio 2#3539, ready to serve [6] users in [3] servers 
02:07:26.693 INFO  -=-=-=-=-=-=-=-=-=-=-=-=-=-=-=-=-=-=-=-=-=-=-=-=-=-=-=-= 
02:11:01.197 INFO  1 language(s) have loaded. (en-US) 
02:11:01.518 INFO  MongoDB successfully connected 
02:11:01.958 INFO  Shard: 0 has became ready 
02:11:01.979 INFO  Lavalink node: 0.0.0.0 has connected. 
02:11:02.005 INFO  All guilds have been initialized 
02:11:02.117 INFO  -=-=-=-=-=-=-=-=-=-=-=-=-=-=-=-=-=-=-=-=-=-=-=-=-=-=-=-= 
02:11:02.118 INFO  Lunio 2#3539, ready to serve [6] users in [3] servers 
02:11:02.118 INFO  -=-=-=-=-=-=-=-=-=-=-=-=-=-=-=-=-=-=-=-=-=-=-=-=-=-=-=-= 
02:11:41.371 ERROR Error occured: Interaction has already been acknowledged. -- in file D:\Program Files\Bots\Discord Bots\Lunio\Lunio 2\src\events\bot\error.js at line undefined. 
02:11:41.371 ERROR ############################## 
02:11:41.372 ERROR Full error: DiscordAPIError[40060]: Interaction has already been acknowledged. 
02:11:42.222 ERROR Error occured: Interaction has already been acknowledged. -- in file D:\Program Files\Bots\Discord Bots\Lunio\Lunio 2\src\events\bot\error.js at line undefined. 
02:11:42.223 ERROR ############################## 
02:11:42.223 ERROR Full error: DiscordAPIError[40060]: Interaction has already been acknowledged. 
02:11:43.302 ERROR Error occured: Interaction has already been acknowledged. -- in file D:\Program Files\Bots\Discord Bots\Lunio\Lunio 2\src\events\bot\error.js at line undefined. 
02:11:43.302 ERROR ############################## 
02:11:43.302 ERROR Full error: DiscordAPIError[40060]: Interaction has already been acknowledged. 
02:11:46.060 ERROR Error occured: Interaction has already been acknowledged. -- in file D:\Program Files\Bots\Discord Bots\Lunio\Lunio 2\src\events\bot\error.js at line undefined. 
02:11:46.060 ERROR ############################## 
02:11:46.061 ERROR Full error: DiscordAPIError[40060]: Interaction has already been acknowledged. 
02:12:07.178 ERROR Unhandled promise rejection: Cannot read properties of null (reading 'query') 
02:15:24.429 INFO  1 language(s) have loaded. (en-US) 
02:15:24.757 INFO  MongoDB successfully connected 
02:15:25.233 INFO  Shard: 0 has became ready 
02:15:25.255 INFO  Lavalink node: 0.0.0.0 has connected. 
02:15:25.278 INFO  All guilds have been initialized 
02:15:25.393 INFO  -=-=-=-=-=-=-=-=-=-=-=-=-=-=-=-=-=-=-=-=-=-=-=-=-=-=-=-= 
02:15:25.393 INFO  Lunio 2#3539, ready to serve [6] users in [3] servers 
02:15:25.394 INFO  -=-=-=-=-=-=-=-=-=-=-=-=-=-=-=-=-=-=-=-=-=-=-=-=-=-=-=-= 
02:19:01.393 INFO  1 language(s) have loaded. (en-US) 
02:19:01.720 INFO  MongoDB successfully connected 
02:19:02.152 INFO  Shard: 0 has became ready 
02:19:02.175 INFO  Lavalink node: 0.0.0.0 has connected. 
02:19:02.200 INFO  All guilds have been initialized 
02:19:02.317 INFO  -=-=-=-=-=-=-=-=-=-=-=-=-=-=-=-=-=-=-=-=-=-=-=-=-=-=-=-= 
02:19:02.317 INFO  Lunio 2#3539, ready to serve [6] users in [3] servers 
02:19:02.317 INFO  -=-=-=-=-=-=-=-=-=-=-=-=-=-=-=-=-=-=-=-=-=-=-=-=-=-=-=-= 
02:19:11.199 ERROR Error occured: Invalid Form Body
data.choices[0].value[NUMBER_TYPE_COERCE]: Value "err" is not int. -- in file D:\Program Files\Bots\Discord Bots\Lunio\Lunio 2\src\events\bot\error.js at line undefined. 
02:19:11.200 ERROR ############################## 
02:19:11.200 ERROR Full error: DiscordAPIError[50035]: Invalid Form Body
data.choices[0].value[NUMBER_TYPE_COERCE]: Value "err" is not int. 
02:24:59.703 INFO  1 language(s) have loaded. (en-US) 
02:25:00.052 INFO  MongoDB successfully connected 
02:25:00.357 INFO  Shard: 0 has became ready 
02:25:00.378 INFO  Lavalink node: 0.0.0.0 has connected. 
02:25:00.406 INFO  All guilds have been initialized 
02:25:00.519 INFO  -=-=-=-=-=-=-=-=-=-=-=-=-=-=-=-=-=-=-=-=-=-=-=-=-=-=-=-= 
02:25:00.520 INFO  Lunio 2#3539, ready to serve [6] users in [3] servers 
02:25:00.520 INFO  -=-=-=-=-=-=-=-=-=-=-=-=-=-=-=-=-=-=-=-=-=-=-=-=-=-=-=-= 
02:35:40.805 INFO  1 language(s) have loaded. (en-US) 
02:35:41.132 INFO  MongoDB successfully connected 
02:35:41.586 INFO  Shard: 0 has became ready 
02:35:41.613 INFO  Lavalink node: 0.0.0.0 has connected. 
02:35:41.640 INFO  All guilds have been initialized 
02:35:41.754 INFO  -=-=-=-=-=-=-=-=-=-=-=-=-=-=-=-=-=-=-=-=-=-=-=-=-=-=-=-= 
02:35:41.755 INFO  Lunio 2#3539, ready to serve [6] users in [3] servers 
02:35:41.755 INFO  -=-=-=-=-=-=-=-=-=-=-=-=-=-=-=-=-=-=-=-=-=-=-=-=-=-=-=-= 
02:35:59.448 ERROR running slashCreate: 709832515577184287 | TypeError: Cannot read properties of undefined (reading 'length') 
02:38:06.231 INFO  1 language(s) have loaded. (en-US) 
02:38:06.565 INFO  MongoDB successfully connected 
02:38:06.982 INFO  Shard: 0 has became ready 
02:38:07.005 INFO  Lavalink node: 0.0.0.0 has connected. 
02:38:07.031 INFO  All guilds have been initialized 
02:38:07.143 INFO  -=-=-=-=-=-=-=-=-=-=-=-=-=-=-=-=-=-=-=-=-=-=-=-=-=-=-=-= 
02:38:07.144 INFO  Lunio 2#3539, ready to serve [6] users in [3] servers 
02:38:07.144 INFO  -=-=-=-=-=-=-=-=-=-=-=-=-=-=-=-=-=-=-=-=-=-=-=-=-=-=-=-= 
02:38:31.399 ERROR running slashCreate: 709832515577184287 | TypeError: Cannot read properties of undefined (reading 'length') 
02:39:28.654 INFO  1 language(s) have loaded. (en-US) 
02:39:29.018 INFO  MongoDB successfully connected 
02:39:29.429 INFO  Shard: 0 has became ready 
02:39:29.454 INFO  Lavalink node: 0.0.0.0 has connected. 
02:39:29.481 INFO  All guilds have been initialized 
02:39:29.595 INFO  -=-=-=-=-=-=-=-=-=-=-=-=-=-=-=-=-=-=-=-=-=-=-=-=-=-=-=-= 
02:39:29.595 INFO  Lunio 2#3539, ready to serve [6] users in [3] servers 
02:39:29.595 INFO  -=-=-=-=-=-=-=-=-=-=-=-=-=-=-=-=-=-=-=-=-=-=-=-=-=-=-=-= 
02:39:43.037 ERROR running slashCreate: 709832515577184287 | TypeError: Cannot read properties of undefined (reading 'length') 
02:40:25.384 INFO  1 language(s) have loaded. (en-US) 
02:40:25.679 INFO  MongoDB successfully connected 
02:40:26.186 INFO  Shard: 0 has became ready 
02:40:26.203 INFO  Lavalink node: 0.0.0.0 has connected. 
02:40:26.228 INFO  All guilds have been initialized 
02:40:26.346 INFO  -=-=-=-=-=-=-=-=-=-=-=-=-=-=-=-=-=-=-=-=-=-=-=-=-=-=-=-= 
02:40:26.346 INFO  Lunio 2#3539, ready to serve [6] users in [3] servers 
02:40:26.346 INFO  -=-=-=-=-=-=-=-=-=-=-=-=-=-=-=-=-=-=-=-=-=-=-=-=-=-=-=-= 
02:40:41.797 ERROR running slashCreate: 709832515577184287 | TypeError: Cannot read properties of undefined (reading 'length') 
02:41:58.313 INFO  1 language(s) have loaded. (en-US) 
02:41:58.652 INFO  MongoDB successfully connected 
02:41:59.151 INFO  Shard: 0 has became ready 
02:41:59.173 INFO  Lavalink node: 0.0.0.0 has connected. 
02:41:59.199 INFO  All guilds have been initialized 
02:41:59.314 INFO  -=-=-=-=-=-=-=-=-=-=-=-=-=-=-=-=-=-=-=-=-=-=-=-=-=-=-=-= 
02:41:59.314 INFO  Lunio 2#3539, ready to serve [6] users in [3] servers 
02:41:59.314 INFO  -=-=-=-=-=-=-=-=-=-=-=-=-=-=-=-=-=-=-=-=-=-=-=-=-=-=-=-= 
02:43:22.193 INFO  1 language(s) have loaded. (en-US) 
02:43:22.544 INFO  MongoDB successfully connected 
02:43:22.916 INFO  Shard: 0 has became ready 
02:43:22.938 INFO  Lavalink node: 0.0.0.0 has connected. 
02:43:22.960 INFO  All guilds have been initialized 
02:43:23.075 INFO  -=-=-=-=-=-=-=-=-=-=-=-=-=-=-=-=-=-=-=-=-=-=-=-=-=-=-=-= 
02:43:23.076 INFO  Lunio 2#3539, ready to serve [6] users in [3] servers 
02:43:23.076 INFO  -=-=-=-=-=-=-=-=-=-=-=-=-=-=-=-=-=-=-=-=-=-=-=-=-=-=-=-= 
02:46:55.820 INFO  1 language(s) have loaded. (en-US) 
02:46:56.146 INFO  MongoDB successfully connected 
02:46:56.508 INFO  Shard: 0 has became ready 
02:46:56.526 INFO  Lavalink node: 0.0.0.0 has connected. 
02:46:56.551 INFO  All guilds have been initialized 
02:46:56.670 INFO  -=-=-=-=-=-=-=-=-=-=-=-=-=-=-=-=-=-=-=-=-=-=-=-=-=-=-=-= 
02:46:56.671 INFO  Lunio 2#3539, ready to serve [6] users in [3] servers 
02:46:56.671 INFO  -=-=-=-=-=-=-=-=-=-=-=-=-=-=-=-=-=-=-=-=-=-=-=-=-=-=-=-= 
02:50:00.071 INFO  1 language(s) have loaded. (en-US) 
02:50:00.392 INFO  MongoDB successfully connected 
02:50:00.889 INFO  Shard: 0 has became ready 
02:50:00.909 INFO  Lavalink node: 0.0.0.0 has connected. 
02:50:00.934 INFO  All guilds have been initialized 
02:50:01.049 INFO  -=-=-=-=-=-=-=-=-=-=-=-=-=-=-=-=-=-=-=-=-=-=-=-=-=-=-=-= 
02:50:01.049 INFO  Lunio 2#3539, ready to serve [6] users in [3] servers 
02:50:01.049 INFO  -=-=-=-=-=-=-=-=-=-=-=-=-=-=-=-=-=-=-=-=-=-=-=-=-=-=-=-= 
02:55:38.422 INFO  1 language(s) have loaded. (en-US) 
02:55:38.731 INFO  MongoDB successfully connected 
02:55:39.217 INFO  Shard: 0 has became ready 
02:55:39.239 INFO  Lavalink node: 0.0.0.0 has connected. 
02:55:39.270 INFO  All guilds have been initialized 
02:55:39.390 INFO  -=-=-=-=-=-=-=-=-=-=-=-=-=-=-=-=-=-=-=-=-=-=-=-=-=-=-=-= 
02:55:39.390 INFO  Lunio 2#3539, ready to serve [6] users in [3] servers 
02:55:39.391 INFO  -=-=-=-=-=-=-=-=-=-=-=-=-=-=-=-=-=-=-=-=-=-=-=-=-=-=-=-= 
14:03:22.108 INFO  1 language(s) have loaded. (en-US) 
14:03:22.457 INFO  MongoDB successfully connected 
14:03:22.949 INFO  Shard: 0 has became ready 
14:03:23.027 INFO  All guilds have been initialized 
14:03:23.133 INFO  Lavalink node: 0.0.0.0 has connected. 
14:03:23.150 INFO  -=-=-=-=-=-=-=-=-=-=-=-=-=-=-=-=-=-=-=-=-=-=-=-=-=-=-=-= 
14:03:23.150 INFO  Lunio 2#3539, ready to serve [6] users in [3] servers 
14:03:23.151 INFO  -=-=-=-=-=-=-=-=-=-=-=-=-=-=-=-=-=-=-=-=-=-=-=-=-=-=-=-= 
14:03:50.751 ERROR running slashCreate: 709832515577184287 | ReferenceError: Cannot access 'res' before initialization 
14:04:28.021 INFO  1 language(s) have loaded. (en-US) 
14:04:28.344 INFO  MongoDB successfully connected 
14:04:28.860 INFO  Shard: 0 has became ready 
14:04:28.887 INFO  Lavalink node: 0.0.0.0 has connected. 
14:04:28.911 INFO  All guilds have been initialized 
14:04:29.029 INFO  -=-=-=-=-=-=-=-=-=-=-=-=-=-=-=-=-=-=-=-=-=-=-=-=-=-=-=-= 
14:04:29.030 INFO  Lunio 2#3539, ready to serve [6] users in [3] servers 
14:04:29.030 INFO  -=-=-=-=-=-=-=-=-=-=-=-=-=-=-=-=-=-=-=-=-=-=-=-=-=-=-=-= 
14:13:03.973 INFO  1 language(s) have loaded. (en-US) 
14:13:04.352 INFO  MongoDB successfully connected 
14:13:04.763 INFO  Shard: 0 has became ready 
14:13:04.782 INFO  Lavalink node: 0.0.0.0 has connected. 
14:13:04.807 INFO  All guilds have been initialized 
14:13:04.920 INFO  -=-=-=-=-=-=-=-=-=-=-=-=-=-=-=-=-=-=-=-=-=-=-=-=-=-=-=-= 
14:13:04.921 INFO  Lunio 2#3539, ready to serve [8] users in [3] servers 
14:13:04.921 INFO  -=-=-=-=-=-=-=-=-=-=-=-=-=-=-=-=-=-=-=-=-=-=-=-=-=-=-=-= 
14:13:15.736 ERROR running slashCreate: 709832515577184287 | TypeError: Cannot read properties of undefined (reading '0') 
14:14:01.008 INFO  1 language(s) have loaded. (en-US) 
14:14:01.313 INFO  MongoDB successfully connected 
14:14:01.755 INFO  Shard: 0 has became ready 
14:14:01.781 INFO  Lavalink node: 0.0.0.0 has connected. 
14:14:01.995 INFO  All guilds have been initialized 
14:14:02.111 INFO  -=-=-=-=-=-=-=-=-=-=-=-=-=-=-=-=-=-=-=-=-=-=-=-=-=-=-=-= 
14:14:02.111 INFO  Lunio 2#3539, ready to serve [8] users in [3] servers 
14:14:02.112 INFO  -=-=-=-=-=-=-=-=-=-=-=-=-=-=-=-=-=-=-=-=-=-=-=-=-=-=-=-= 
14:17:02.024 INFO  1 language(s) have loaded. (en-US) 
14:17:02.497 INFO  MongoDB successfully connected 
14:17:02.785 INFO  Shard: 0 has became ready 
14:17:02.805 INFO  Lavalink node: 0.0.0.0 has connected. 
14:17:02.838 INFO  All guilds have been initialized 
14:17:02.953 INFO  -=-=-=-=-=-=-=-=-=-=-=-=-=-=-=-=-=-=-=-=-=-=-=-=-=-=-=-= 
14:17:02.953 INFO  Lunio 2#3539, ready to serve [8] users in [3] servers 
14:17:02.953 INFO  -=-=-=-=-=-=-=-=-=-=-=-=-=-=-=-=-=-=-=-=-=-=-=-=-=-=-=-= 
14:18:31.485 INFO  1 language(s) have loaded. (en-US) 
14:18:31.813 INFO  MongoDB successfully connected 
14:18:32.251 INFO  Shard: 0 has became ready 
14:18:32.274 INFO  Lavalink node: 0.0.0.0 has connected. 
14:18:32.299 INFO  All guilds have been initialized 
14:18:32.419 INFO  -=-=-=-=-=-=-=-=-=-=-=-=-=-=-=-=-=-=-=-=-=-=-=-=-=-=-=-= 
14:18:32.419 INFO  Lunio 2#3539, ready to serve [8] users in [3] servers 
14:18:32.420 INFO  -=-=-=-=-=-=-=-=-=-=-=-=-=-=-=-=-=-=-=-=-=-=-=-=-=-=-=-= 
14:26:10.631 INFO  1 language(s) have loaded. (en-US) 
14:26:11.129 INFO  MongoDB successfully connected 
14:26:11.410 INFO  Shard: 0 has became ready 
14:26:11.435 INFO  Lavalink node: 0.0.0.0 has connected. 
14:26:11.462 INFO  All guilds have been initialized 
14:26:11.580 INFO  -=-=-=-=-=-=-=-=-=-=-=-=-=-=-=-=-=-=-=-=-=-=-=-=-=-=-=-= 
14:26:11.581 INFO  Lunio 2#3539, ready to serve [8] users in [3] servers 
14:26:11.581 INFO  -=-=-=-=-=-=-=-=-=-=-=-=-=-=-=-=-=-=-=-=-=-=-=-=-=-=-=-= 
14:28:37.384 INFO  1 language(s) have loaded. (en-US) 
14:28:37.875 INFO  MongoDB successfully connected 
14:28:38.128 INFO  Shard: 0 has became ready 
14:28:38.151 INFO  Lavalink node: 0.0.0.0 has connected. 
14:28:38.186 INFO  All guilds have been initialized 
14:28:38.303 INFO  -=-=-=-=-=-=-=-=-=-=-=-=-=-=-=-=-=-=-=-=-=-=-=-=-=-=-=-= 
14:28:38.304 INFO  Lunio 2#3539, ready to serve [8] users in [3] servers 
14:28:38.304 INFO  -=-=-=-=-=-=-=-=-=-=-=-=-=-=-=-=-=-=-=-=-=-=-=-=-=-=-=-= 
14:36:29.159 INFO  1 language(s) have loaded. (en-US) 
14:36:29.462 INFO  MongoDB successfully connected 
14:36:29.923 INFO  Shard: 0 has became ready 
14:36:29.945 INFO  Lavalink node: 0.0.0.0 has connected. 
14:36:29.969 INFO  All guilds have been initialized 
14:36:30.087 INFO  -=-=-=-=-=-=-=-=-=-=-=-=-=-=-=-=-=-=-=-=-=-=-=-=-=-=-=-= 
14:36:30.088 INFO  Lunio 2#3539, ready to serve [8] users in [3] servers 
14:36:30.088 INFO  -=-=-=-=-=-=-=-=-=-=-=-=-=-=-=-=-=-=-=-=-=-=-=-=-=-=-=-= 
15:04:15.170 INFO  1 language(s) have loaded. (en-US) 
15:04:15.494 INFO  MongoDB successfully connected 
15:04:16.047 INFO  Shard: 0 has became ready 
15:04:16.072 INFO  Lavalink node: 0.0.0.0 has connected. 
15:04:16.104 INFO  All guilds have been initialized 
15:04:16.221 INFO  -=-=-=-=-=-=-=-=-=-=-=-=-=-=-=-=-=-=-=-=-=-=-=-=-=-=-=-= 
15:04:16.221 INFO  Lunio 2#3539, ready to serve [7] users in [3] servers 
15:04:16.221 INFO  -=-=-=-=-=-=-=-=-=-=-=-=-=-=-=-=-=-=-=-=-=-=-=-=-=-=-=-= 
15:05:23.497 INFO  1 language(s) have loaded. (en-US) 
15:05:23.804 INFO  MongoDB successfully connected 
15:05:24.276 INFO  Shard: 0 has became ready 
15:05:24.298 INFO  Lavalink node: 0.0.0.0 has connected. 
15:05:24.322 INFO  All guilds have been initialized 
15:05:24.438 INFO  -=-=-=-=-=-=-=-=-=-=-=-=-=-=-=-=-=-=-=-=-=-=-=-=-=-=-=-= 
15:05:24.438 INFO  Lunio 2#3539, ready to serve [7] users in [3] servers 
15:05:24.439 INFO  -=-=-=-=-=-=-=-=-=-=-=-=-=-=-=-=-=-=-=-=-=-=-=-=-=-=-=-= 
15:05:52.525 ERROR running slashCreate: 709832515577184287 | TypeError: resolved.resolve.then is not a function 
15:11:00.406 INFO  1 language(s) have loaded. (en-US) 
15:11:01.001 INFO  MongoDB successfully connected 
15:11:01.199 INFO  Shard: 0 has became ready 
15:11:01.226 INFO  Lavalink node: 0.0.0.0 has connected. 
15:11:01.288 INFO  All guilds have been initialized 
15:11:01.401 INFO  -=-=-=-=-=-=-=-=-=-=-=-=-=-=-=-=-=-=-=-=-=-=-=-=-=-=-=-= 
15:11:01.402 INFO  Lunio 2#3539, ready to serve [7] users in [3] servers 
15:11:01.402 INFO  -=-=-=-=-=-=-=-=-=-=-=-=-=-=-=-=-=-=-=-=-=-=-=-=-=-=-=-= 
15:12:27.081 INFO  1 language(s) have loaded. (en-US) 
15:12:27.398 INFO  MongoDB successfully connected 
15:12:27.812 INFO  Shard: 0 has became ready 
15:12:27.837 INFO  Lavalink node: 0.0.0.0 has connected. 
15:12:27.863 INFO  All guilds have been initialized 
15:12:27.982 INFO  -=-=-=-=-=-=-=-=-=-=-=-=-=-=-=-=-=-=-=-=-=-=-=-=-=-=-=-= 
15:12:27.983 INFO  Lunio 2#3539, ready to serve [7] users in [3] servers 
15:12:27.983 INFO  -=-=-=-=-=-=-=-=-=-=-=-=-=-=-=-=-=-=-=-=-=-=-=-=-=-=-=-= 
15:12:46.680 ERROR running slashCreate: 709832515577184287 | ReferenceError: Cannot access 'res' before initialization 
15:13:13.325 INFO  1 language(s) have loaded. (en-US) 
15:13:13.620 INFO  MongoDB successfully connected 
15:13:14.081 INFO  Shard: 0 has became ready 
15:13:14.106 INFO  Lavalink node: 0.0.0.0 has connected. 
15:13:14.134 INFO  All guilds have been initialized 
15:13:14.254 INFO  -=-=-=-=-=-=-=-=-=-=-=-=-=-=-=-=-=-=-=-=-=-=-=-=-=-=-=-= 
15:13:14.254 INFO  Lunio 2#3539, ready to serve [7] users in [3] servers 
15:13:14.255 INFO  -=-=-=-=-=-=-=-=-=-=-=-=-=-=-=-=-=-=-=-=-=-=-=-=-=-=-=-= 
15:18:38.508 INFO  1 language(s) have loaded. (en-US) 
15:18:39.087 INFO  MongoDB successfully connected 
15:18:39.281 INFO  Shard: 0 has became ready 
15:18:39.305 INFO  Lavalink node: 0.0.0.0 has connected. 
15:18:39.329 INFO  All guilds have been initialized 
15:18:39.443 INFO  -=-=-=-=-=-=-=-=-=-=-=-=-=-=-=-=-=-=-=-=-=-=-=-=-=-=-=-= 
15:18:39.443 INFO  Lunio 2#3539, ready to serve [7] users in [3] servers 
15:18:39.444 INFO  -=-=-=-=-=-=-=-=-=-=-=-=-=-=-=-=-=-=-=-=-=-=-=-=-=-=-=-= 
15:18:49.328 ERROR running slashCreate: 709832515577184287 | TypeError [AutocompleteInteractionOptionNoFocusedOption]: No focused option for autocomplete interaction. 
15:21:47.494 INFO  1 language(s) have loaded. (en-US) 
15:21:47.818 INFO  MongoDB successfully connected 
15:21:48.303 INFO  Shard: 0 has became ready 
15:21:48.328 INFO  Lavalink node: 0.0.0.0 has connected. 
15:21:48.362 INFO  All guilds have been initialized 
15:21:48.486 INFO  -=-=-=-=-=-=-=-=-=-=-=-=-=-=-=-=-=-=-=-=-=-=-=-=-=-=-=-= 
15:21:48.486 INFO  Lunio 2#3539, ready to serve [7] users in [3] servers 
15:21:48.487 INFO  -=-=-=-=-=-=-=-=-=-=-=-=-=-=-=-=-=-=-=-=-=-=-=-=-=-=-=-= 
15:30:55.530 INFO  1 language(s) have loaded. (en-US) 
15:30:55.980 INFO  MongoDB successfully connected 
15:30:56.252 INFO  Shard: 0 has became ready 
15:30:56.284 INFO  Lavalink node: 0.0.0.0 has connected. 
15:30:56.305 INFO  All guilds have been initialized 
15:30:56.423 INFO  -=-=-=-=-=-=-=-=-=-=-=-=-=-=-=-=-=-=-=-=-=-=-=-=-=-=-=-= 
15:30:56.423 INFO  Lunio 2#3539, ready to serve [9] users in [3] servers 
15:30:56.424 INFO  -=-=-=-=-=-=-=-=-=-=-=-=-=-=-=-=-=-=-=-=-=-=-=-=-=-=-=-= 
15:31:07.178 ERROR running slashCreate: 709832515577184287 | TypeError: Cannot read properties of undefined (reading '0') 
15:32:54.144 INFO  1 language(s) have loaded. (en-US) 
15:32:54.533 INFO  MongoDB successfully connected 
15:32:54.933 INFO  Shard: 0 has became ready 
15:32:54.972 INFO  Lavalink node: 0.0.0.0 has connected. 
15:32:55.006 INFO  All guilds have been initialized 
15:32:55.141 INFO  -=-=-=-=-=-=-=-=-=-=-=-=-=-=-=-=-=-=-=-=-=-=-=-=-=-=-=-= 
15:32:55.141 INFO  Lunio 2#3539, ready to serve [9] users in [3] servers 
15:32:55.141 INFO  -=-=-=-=-=-=-=-=-=-=-=-=-=-=-=-=-=-=-=-=-=-=-=-=-=-=-=-= 
15:36:30.183 INFO  1 language(s) have loaded. (en-US) 
15:36:30.499 INFO  MongoDB successfully connected 
15:36:30.906 INFO  Shard: 0 has became ready 
15:36:30.940 INFO  Lavalink node: 0.0.0.0 has connected. 
15:36:30.968 INFO  All guilds have been initialized 
15:36:31.101 INFO  -=-=-=-=-=-=-=-=-=-=-=-=-=-=-=-=-=-=-=-=-=-=-=-=-=-=-=-= 
15:36:31.102 INFO  Lunio 2#3539, ready to serve [9] users in [3] servers 
15:36:31.102 INFO  -=-=-=-=-=-=-=-=-=-=-=-=-=-=-=-=-=-=-=-=-=-=-=-=-=-=-=-= 
15:48:39.619 INFO  1 language(s) have loaded. (en-US) 
15:48:39.949 INFO  MongoDB successfully connected 
15:48:40.450 INFO  Shard: 0 has became ready 
15:48:40.476 INFO  Lavalink node: 0.0.0.0 has connected. 
15:48:40.507 INFO  All guilds have been initialized 
15:48:40.622 INFO  -=-=-=-=-=-=-=-=-=-=-=-=-=-=-=-=-=-=-=-=-=-=-=-=-=-=-=-= 
15:48:40.623 INFO  Lunio 2#3539, ready to serve [9] users in [3] servers 
15:48:40.623 INFO  -=-=-=-=-=-=-=-=-=-=-=-=-=-=-=-=-=-=-=-=-=-=-=-=-=-=-=-= 
15:48:43.836 ERROR Error occured: Invalid Form Body
data.choices[0].value[NUMBER_TYPE_COERCE]: Value "err" is not int. -- in file D:\Program Files\Bots\Discord Bots\Lunio\Lunio 2\src\events\bot\error.js at line undefined. 
15:48:43.836 ERROR ############################## 
15:48:43.836 ERROR Full error: DiscordAPIError[50035]: Invalid Form Body
data.choices[0].value[NUMBER_TYPE_COERCE]: Value "err" is not int. 
15:57:19.068 INFO  1 language(s) have loaded. (en-US) 
15:57:19.371 INFO  MongoDB successfully connected 
15:57:19.907 INFO  Shard: 0 has became ready 
15:57:19.930 INFO  Lavalink node: 0.0.0.0 has connected. 
15:57:19.958 INFO  All guilds have been initialized 
15:57:20.078 INFO  -=-=-=-=-=-=-=-=-=-=-=-=-=-=-=-=-=-=-=-=-=-=-=-=-=-=-=-= 
15:57:20.078 INFO  Lunio 2#3539, ready to serve [9] users in [3] servers 
15:57:20.078 INFO  -=-=-=-=-=-=-=-=-=-=-=-=-=-=-=-=-=-=-=-=-=-=-=-=-=-=-=-= 
15:57:26.835 ERROR Error occured: Invalid Form Body
data.choices[0].value[NUMBER_TYPE_COERCE]: Value "err" is not int. -- in file D:\Program Files\Bots\Discord Bots\Lunio\Lunio 2\src\events\bot\error.js at line undefined. 
15:57:26.836 ERROR ############################## 
15:57:26.836 ERROR Full error: DiscordAPIError[50035]: Invalid Form Body
data.choices[0].value[NUMBER_TYPE_COERCE]: Value "err" is not int. 
15:57:28.587 ERROR Error occured: Invalid Form Body
data.choices[0].value[NUMBER_TYPE_COERCE]: Value "err" is not int. -- in file D:\Program Files\Bots\Discord Bots\Lunio\Lunio 2\src\events\bot\error.js at line undefined. 
15:57:28.588 ERROR ############################## 
15:57:28.588 ERROR Full error: DiscordAPIError[50035]: Invalid Form Body
data.choices[0].value[NUMBER_TYPE_COERCE]: Value "err" is not int. 
15:57:35.729 ERROR Error occured: Invalid Form Body
data.choices[0].value[NUMBER_TYPE_COERCE]: Value "err" is not int. -- in file D:\Program Files\Bots\Discord Bots\Lunio\Lunio 2\src\events\bot\error.js at line undefined. 
15:57:35.730 ERROR ############################## 
15:57:35.730 ERROR Full error: DiscordAPIError[50035]: Invalid Form Body
data.choices[0].value[NUMBER_TYPE_COERCE]: Value "err" is not int. 
15:57:36.017 ERROR Error occured: Invalid Form Body
data.choices[0].value[NUMBER_TYPE_COERCE]: Value "err" is not int. -- in file D:\Program Files\Bots\Discord Bots\Lunio\Lunio 2\src\events\bot\error.js at line undefined. 
15:57:36.017 ERROR ############################## 
15:57:36.017 ERROR Full error: DiscordAPIError[50035]: Invalid Form Body
data.choices[0].value[NUMBER_TYPE_COERCE]: Value "err" is not int. 
16:03:12.739 INFO  1 language(s) have loaded. (en-US) 
16:03:13.435 INFO  MongoDB successfully connected 
16:03:13.506 INFO  Shard: 0 has became ready 
16:03:13.526 INFO  Lavalink node: 0.0.0.0 has connected. 
16:03:14.027 INFO  All guilds have been initialized 
16:03:14.143 INFO  -=-=-=-=-=-=-=-=-=-=-=-=-=-=-=-=-=-=-=-=-=-=-=-=-=-=-=-= 
16:03:14.144 INFO  Lunio 2#3539, ready to serve [9] users in [3] servers 
16:03:14.144 INFO  -=-=-=-=-=-=-=-=-=-=-=-=-=-=-=-=-=-=-=-=-=-=-=-=-=-=-=-= 
16:05:17.765 INFO  1 language(s) have loaded. (en-US) 
16:05:18.091 INFO  MongoDB successfully connected 
16:05:18.453 INFO  Shard: 0 has became ready 
16:05:18.473 INFO  Lavalink node: 0.0.0.0 has connected. 
16:05:18.498 INFO  All guilds have been initialized 
16:05:18.613 INFO  -=-=-=-=-=-=-=-=-=-=-=-=-=-=-=-=-=-=-=-=-=-=-=-=-=-=-=-= 
16:05:18.614 INFO  Lunio 2#3539, ready to serve [9] users in [3] servers 
16:05:18.614 INFO  -=-=-=-=-=-=-=-=-=-=-=-=-=-=-=-=-=-=-=-=-=-=-=-=-=-=-=-= 
16:06:03.027 INFO  1 language(s) have loaded. (en-US) 
16:06:03.335 INFO  MongoDB successfully connected 
16:06:03.983 INFO  Shard: 0 has became ready 
16:06:04.003 INFO  Lavalink node: 0.0.0.0 has connected. 
16:06:04.029 INFO  All guilds have been initialized 
16:06:04.147 INFO  -=-=-=-=-=-=-=-=-=-=-=-=-=-=-=-=-=-=-=-=-=-=-=-=-=-=-=-= 
16:06:04.147 INFO  Lunio 2#3539, ready to serve [9] users in [3] servers 
16:06:04.147 INFO  -=-=-=-=-=-=-=-=-=-=-=-=-=-=-=-=-=-=-=-=-=-=-=-=-=-=-=-= 
16:10:57.871 INFO  1 language(s) have loaded. (en-US) 
16:10:58.171 INFO  MongoDB successfully connected 
16:10:58.590 INFO  Shard: 0 has became ready 
16:10:58.617 INFO  Lavalink node: 0.0.0.0 has connected. 
16:10:58.640 INFO  All guilds have been initialized 
16:10:58.759 INFO  -=-=-=-=-=-=-=-=-=-=-=-=-=-=-=-=-=-=-=-=-=-=-=-=-=-=-=-= 
16:10:58.760 INFO  Lunio 2#3539, ready to serve [9] users in [3] servers 
16:10:58.760 INFO  -=-=-=-=-=-=-=-=-=-=-=-=-=-=-=-=-=-=-=-=-=-=-=-=-=-=-=-= 
16:13:26.182 INFO  1 language(s) have loaded. (en-US) 
16:13:26.500 INFO  MongoDB successfully connected 
16:13:27.102 INFO  Shard: 0 has became ready 
16:13:27.126 INFO  Lavalink node: 0.0.0.0 has connected. 
16:13:27.162 INFO  All guilds have been initialized 
16:13:27.284 INFO  -=-=-=-=-=-=-=-=-=-=-=-=-=-=-=-=-=-=-=-=-=-=-=-=-=-=-=-= 
16:13:27.285 INFO  Lunio 2#3539, ready to serve [9] users in [3] servers 
16:13:27.285 INFO  -=-=-=-=-=-=-=-=-=-=-=-=-=-=-=-=-=-=-=-=-=-=-=-=-=-=-=-= 
16:31:11.580 INFO  1 language(s) have loaded. (en-US) 
16:31:11.892 INFO  MongoDB successfully connected 
16:31:12.507 INFO  Shard: 0 has became ready 
16:31:12.530 INFO  Lavalink node: 0.0.0.0 has connected. 
16:31:12.553 INFO  All guilds have been initialized 
16:31:12.676 INFO  -=-=-=-=-=-=-=-=-=-=-=-=-=-=-=-=-=-=-=-=-=-=-=-=-=-=-=-= 
16:31:12.676 INFO  Lunio 2#3539, ready to serve [10] users in [3] servers 
16:31:12.677 INFO  -=-=-=-=-=-=-=-=-=-=-=-=-=-=-=-=-=-=-=-=-=-=-=-=-=-=-=-= 
16:32:02.221 INFO  1 language(s) have loaded. (en-US) 
16:32:02.539 INFO  MongoDB successfully connected 
16:32:02.875 INFO  Shard: 0 has became ready 
16:32:02.898 INFO  Lavalink node: 0.0.0.0 has connected. 
16:32:02.921 INFO  All guilds have been initialized 
16:32:03.045 INFO  -=-=-=-=-=-=-=-=-=-=-=-=-=-=-=-=-=-=-=-=-=-=-=-=-=-=-=-= 
16:32:03.045 INFO  Lunio 2#3539, ready to serve [10] users in [3] servers 
16:32:03.045 INFO  -=-=-=-=-=-=-=-=-=-=-=-=-=-=-=-=-=-=-=-=-=-=-=-=-=-=-=-= 
16:33:26.256 ERROR running slashCreate: 709832515577184287 | TypeError [CommandInteractionOptionType]: Option "page-number" is of type: 10; expected 4. 
16:40:54.642 INFO  1 language(s) have loaded. (en-US) 
16:40:54.951 INFO  MongoDB successfully connected 
16:40:55.424 INFO  Shard: 0 has became ready 
16:40:55.450 INFO  Lavalink node: 0.0.0.0 has connected. 
16:40:55.475 INFO  All guilds have been initialized 
16:40:55.595 INFO  -=-=-=-=-=-=-=-=-=-=-=-=-=-=-=-=-=-=-=-=-=-=-=-=-=-=-=-= 
16:40:55.595 INFO  Lunio 2#3539, ready to serve [10] users in [3] servers 
16:40:55.595 INFO  -=-=-=-=-=-=-=-=-=-=-=-=-=-=-=-=-=-=-=-=-=-=-=-=-=-=-=-= 
16:41:29.139 INFO  1 language(s) have loaded. (en-US) 
16:41:29.443 INFO  MongoDB successfully connected 
16:41:29.920 INFO  Shard: 0 has became ready 
16:41:29.940 INFO  Lavalink node: 0.0.0.0 has connected. 
16:41:29.964 INFO  All guilds have been initialized 
16:41:30.086 INFO  -=-=-=-=-=-=-=-=-=-=-=-=-=-=-=-=-=-=-=-=-=-=-=-=-=-=-=-= 
16:41:30.086 INFO  Lunio 2#3539, ready to serve [10] users in [3] servers 
16:41:30.087 INFO  -=-=-=-=-=-=-=-=-=-=-=-=-=-=-=-=-=-=-=-=-=-=-=-=-=-=-=-= 
16:50:56.762 INFO  1 language(s) have loaded. (en-US) 
16:50:57.075 INFO  MongoDB successfully connected 
16:50:57.519 INFO  Shard: 0 has became ready 
16:50:57.540 INFO  Lavalink node: 0.0.0.0 has connected. 
16:50:57.564 INFO  All guilds have been initialized 
16:50:57.681 INFO  -=-=-=-=-=-=-=-=-=-=-=-=-=-=-=-=-=-=-=-=-=-=-=-=-=-=-=-= 
16:50:57.681 INFO  Lunio 2#3539, ready to serve [10] users in [3] servers 
16:50:57.682 INFO  -=-=-=-=-=-=-=-=-=-=-=-=-=-=-=-=-=-=-=-=-=-=-=-=-=-=-=-= 
16:51:26.721 INFO  1 language(s) have loaded. (en-US) 
16:51:27.005 INFO  MongoDB successfully connected 
16:51:27.461 INFO  Shard: 0 has became ready 
16:51:27.489 INFO  Lavalink node: 0.0.0.0 has connected. 
16:51:27.516 INFO  All guilds have been initialized 
16:51:27.633 INFO  -=-=-=-=-=-=-=-=-=-=-=-=-=-=-=-=-=-=-=-=-=-=-=-=-=-=-=-= 
16:51:27.633 INFO  Lunio 2#3539, ready to serve [10] users in [3] servers 
16:51:27.634 INFO  -=-=-=-=-=-=-=-=-=-=-=-=-=-=-=-=-=-=-=-=-=-=-=-=-=-=-=-= 
16:51:32.843 ERROR running slashCreate: 709832515577184287 | ReferenceError: p is not defined 
16:51:51.856 INFO  1 language(s) have loaded. (en-US) 
16:51:52.140 INFO  MongoDB successfully connected 
16:51:52.615 INFO  Shard: 0 has became ready 
16:51:52.638 INFO  Lavalink node: 0.0.0.0 has connected. 
16:51:52.663 INFO  All guilds have been initialized 
16:51:52.782 INFO  -=-=-=-=-=-=-=-=-=-=-=-=-=-=-=-=-=-=-=-=-=-=-=-=-=-=-=-= 
16:51:52.783 INFO  Lunio 2#3539, ready to serve [10] users in [3] servers 
16:51:52.783 INFO  -=-=-=-=-=-=-=-=-=-=-=-=-=-=-=-=-=-=-=-=-=-=-=-=-=-=-=-= 
16:51:59.257 ERROR running slashCreate: 709832515577184287 | ReferenceError: p is not defined 
16:52:19.652 INFO  1 language(s) have loaded. (en-US) 
16:52:19.956 INFO  MongoDB successfully connected 
16:52:20.366 INFO  Shard: 0 has became ready 
16:52:20.388 INFO  Lavalink node: 0.0.0.0 has connected. 
16:52:20.412 INFO  All guilds have been initialized 
16:52:20.529 INFO  -=-=-=-=-=-=-=-=-=-=-=-=-=-=-=-=-=-=-=-=-=-=-=-=-=-=-=-= 
16:52:20.530 INFO  Lunio 2#3539, ready to serve [10] users in [3] servers 
16:52:20.530 INFO  -=-=-=-=-=-=-=-=-=-=-=-=-=-=-=-=-=-=-=-=-=-=-=-=-=-=-=-= 
16:52:24.039 ERROR running slashCreate: 709832515577184287 | ReferenceError: p is not defined 
16:53:13.151 INFO  1 language(s) have loaded. (en-US) 
16:53:13.456 INFO  MongoDB successfully connected 
16:53:13.965 INFO  Shard: 0 has became ready 
16:53:13.984 INFO  Lavalink node: 0.0.0.0 has connected. 
16:53:14.014 INFO  All guilds have been initialized 
16:53:14.133 INFO  -=-=-=-=-=-=-=-=-=-=-=-=-=-=-=-=-=-=-=-=-=-=-=-=-=-=-=-= 
16:53:14.134 INFO  Lunio 2#3539, ready to serve [10] users in [3] servers 
16:53:14.134 INFO  -=-=-=-=-=-=-=-=-=-=-=-=-=-=-=-=-=-=-=-=-=-=-=-=-=-=-=-= 
16:53:18.330 ERROR running slashCreate: 709832515577184287 | ReferenceError: playlistArrray is not defined 
16:53:48.754 INFO  1 language(s) have loaded. (en-US) 
16:53:49.070 INFO  MongoDB successfully connected 
16:53:49.466 INFO  Shard: 0 has became ready 
16:53:49.484 INFO  Lavalink node: 0.0.0.0 has connected. 
16:53:49.510 INFO  All guilds have been initialized 
16:53:49.632 INFO  -=-=-=-=-=-=-=-=-=-=-=-=-=-=-=-=-=-=-=-=-=-=-=-=-=-=-=-= 
16:53:49.633 INFO  Lunio 2#3539, ready to serve [10] users in [3] servers 
16:53:49.633 INFO  -=-=-=-=-=-=-=-=-=-=-=-=-=-=-=-=-=-=-=-=-=-=-=-=-=-=-=-= 
16:53:54.758 ERROR running slashCreate: 709832515577184287 | ReferenceError: pages is not defined 
16:54:24.732 INFO  1 language(s) have loaded. (en-US) 
16:54:25.037 INFO  MongoDB successfully connected 
16:54:25.472 INFO  Shard: 0 has became ready 
16:54:25.492 INFO  Lavalink node: 0.0.0.0 has connected. 
16:54:25.519 INFO  All guilds have been initialized 
16:54:25.638 INFO  -=-=-=-=-=-=-=-=-=-=-=-=-=-=-=-=-=-=-=-=-=-=-=-=-=-=-=-= 
16:54:25.638 INFO  Lunio 2#3539, ready to serve [10] users in [3] servers 
16:54:25.638 INFO  -=-=-=-=-=-=-=-=-=-=-=-=-=-=-=-=-=-=-=-=-=-=-=-=-=-=-=-= 
16:54:35.529 ERROR Error occured: Interaction has already been acknowledged. -- in file D:\Program Files\Bots\Discord Bots\Lunio\Lunio 2\src\events\bot\error.js at line undefined. 
16:54:35.529 ERROR ############################## 
16:54:35.530 ERROR Full error: DiscordAPIError[40060]: Interaction has already been acknowledged. 
16:54:36.930 ERROR Error occured: Interaction has already been acknowledged. -- in file D:\Program Files\Bots\Discord Bots\Lunio\Lunio 2\src\events\bot\error.js at line undefined. 
16:54:36.930 ERROR ############################## 
16:54:36.930 ERROR Full error: DiscordAPIError[40060]: Interaction has already been acknowledged. 
16:54:37.948 ERROR Error occured: Interaction has already been acknowledged. -- in file D:\Program Files\Bots\Discord Bots\Lunio\Lunio 2\src\events\bot\error.js at line undefined. 
16:54:37.949 ERROR ############################## 
16:54:37.949 ERROR Full error: DiscordAPIError[40060]: Interaction has already been acknowledged. 
16:54:38.922 ERROR Error occured: Interaction has already been acknowledged. -- in file D:\Program Files\Bots\Discord Bots\Lunio\Lunio 2\src\events\bot\error.js at line undefined. 
16:54:38.923 ERROR ############################## 
16:54:38.923 ERROR Full error: DiscordAPIError[40060]: Interaction has already been acknowledged. 
16:54:54.142 ERROR running slashCreate: 709832515577184287 | Error: Received one or more errors 
17:00:52.464 INFO  1 language(s) have loaded. (en-US) 
17:00:52.781 INFO  MongoDB successfully connected 
17:00:53.202 INFO  Shard: 0 has became ready 
17:00:53.220 INFO  Lavalink node: 0.0.0.0 has connected. 
17:00:53.255 INFO  All guilds have been initialized 
17:00:53.372 INFO  -=-=-=-=-=-=-=-=-=-=-=-=-=-=-=-=-=-=-=-=-=-=-=-=-=-=-=-= 
17:00:53.372 INFO  Lunio 2#3539, ready to serve [10] users in [3] servers 
17:00:53.372 INFO  -=-=-=-=-=-=-=-=-=-=-=-=-=-=-=-=-=-=-=-=-=-=-=-=-=-=-=-= 
17:00:57.542 ERROR running slashCreate: 709832515577184287 | DiscordAPIError[50006]: Cannot send an empty message 
17:09:35.229 INFO  1 language(s) have loaded. (en-US) 
17:09:35.540 INFO  MongoDB successfully connected 
17:09:35.975 INFO  Shard: 0 has became ready 
17:09:36.007 INFO  Lavalink node: 0.0.0.0 has connected. 
17:09:36.031 INFO  All guilds have been initialized 
17:09:36.148 INFO  -=-=-=-=-=-=-=-=-=-=-=-=-=-=-=-=-=-=-=-=-=-=-=-=-=-=-=-= 
17:09:36.148 INFO  Lunio 2#3539, ready to serve [10] users in [3] servers 
17:09:36.149 INFO  -=-=-=-=-=-=-=-=-=-=-=-=-=-=-=-=-=-=-=-=-=-=-=-=-=-=-=-= 
17:09:59.822 ERROR running slashCreate: 709832515577184287 | TypeError: Assignment to constant variable. 
17:10:57.377 INFO  1 language(s) have loaded. (en-US) 
17:10:57.718 INFO  MongoDB successfully connected 
17:10:58.091 INFO  Shard: 0 has became ready 
17:10:58.119 INFO  Lavalink node: 0.0.0.0 has connected. 
17:10:58.141 INFO  All guilds have been initialized 
17:10:58.257 INFO  -=-=-=-=-=-=-=-=-=-=-=-=-=-=-=-=-=-=-=-=-=-=-=-=-=-=-=-= 
17:10:58.257 INFO  Lunio 2#3539, ready to serve [10] users in [3] servers 
17:10:58.258 INFO  -=-=-=-=-=-=-=-=-=-=-=-=-=-=-=-=-=-=-=-=-=-=-=-=-=-=-=-= 
17:11:12.115 ERROR running slashCreate: 709832515577184287 | DiscordAPIError[50006]: Cannot send an empty message 
17:13:13.867 INFO  1 language(s) have loaded. (en-US) 
17:13:14.198 INFO  MongoDB successfully connected 
17:13:14.602 INFO  Shard: 0 has became ready 
17:13:14.631 INFO  Lavalink node: 0.0.0.0 has connected. 
17:13:14.656 INFO  All guilds have been initialized 
17:13:14.788 INFO  -=-=-=-=-=-=-=-=-=-=-=-=-=-=-=-=-=-=-=-=-=-=-=-=-=-=-=-= 
17:13:14.788 INFO  Lunio 2#3539, ready to serve [10] users in [3] servers 
17:13:14.789 INFO  -=-=-=-=-=-=-=-=-=-=-=-=-=-=-=-=-=-=-=-=-=-=-=-=-=-=-=-= 
17:14:59.363 ERROR Cannot read properties of undefined (reading 'title')
{}
TypeError: Cannot read properties of undefined (reading 'title')
    at Playlist.callback (D:\Program Files\Bots\Discord Bots\Lunio\Lunio 2\src\commands\Everyone\playlist.js:662:43)
    at process.processTicksAndRejections (node:internal/process/task_queues:95:5)
    at async slashCreate.run (D:\Program Files\Bots\Discord Bots\Lunio\Lunio 2\src\events\custom\slashCreate.js:551:4) 
17:15:54.783 INFO  1 language(s) have loaded. (en-US) 
17:15:55.111 INFO  MongoDB successfully connected 
17:15:55.548 INFO  Shard: 0 has became ready 
17:15:55.578 INFO  Lavalink node: 0.0.0.0 has connected. 
17:15:55.602 INFO  All guilds have been initialized 
17:15:55.722 INFO  -=-=-=-=-=-=-=-=-=-=-=-=-=-=-=-=-=-=-=-=-=-=-=-=-=-=-=-= 
17:15:55.722 INFO  Lunio 2#3539, ready to serve [10] users in [3] servers 
17:15:55.722 INFO  -=-=-=-=-=-=-=-=-=-=-=-=-=-=-=-=-=-=-=-=-=-=-=-=-=-=-=-= 
17:17:06.915 INFO  1 language(s) have loaded. (en-US) 
17:17:07.279 INFO  MongoDB successfully connected 
17:17:07.731 INFO  Shard: 0 has became ready 
17:17:07.752 INFO  Lavalink node: 0.0.0.0 has connected. 
17:17:07.791 INFO  All guilds have been initialized 
17:17:07.912 INFO  -=-=-=-=-=-=-=-=-=-=-=-=-=-=-=-=-=-=-=-=-=-=-=-=-=-=-=-= 
17:17:07.912 INFO  Lunio 2#3539, ready to serve [10] users in [3] servers 
17:17:07.913 INFO  -=-=-=-=-=-=-=-=-=-=-=-=-=-=-=-=-=-=-=-=-=-=-=-=-=-=-=-= 
17:50:54.168 INFO  1 language(s) have loaded. (en-US) 
17:50:54.512 INFO  MongoDB successfully connected 
17:50:55.168 INFO  Shard: 0 has became ready 
17:50:55.194 INFO  Lavalink node: 0.0.0.0 has connected. 
17:50:55.220 INFO  All guilds have been initialized 
17:50:55.336 INFO  -=-=-=-=-=-=-=-=-=-=-=-=-=-=-=-=-=-=-=-=-=-=-=-=-=-=-=-= 
17:50:55.337 INFO  Lunio 2#3539, ready to serve [10] users in [3] servers 
17:50:55.337 INFO  -=-=-=-=-=-=-=-=-=-=-=-=-=-=-=-=-=-=-=-=-=-=-=-=-=-=-=-= 
17:54:23.998 INFO  1 language(s) have loaded. (en-US) 
17:54:24.332 INFO  MongoDB successfully connected 
17:54:24.932 INFO  Shard: 0 has became ready 
17:54:24.956 INFO  Lavalink node: 0.0.0.0 has connected. 
17:54:24.986 INFO  All guilds have been initialized 
17:54:25.108 INFO  -=-=-=-=-=-=-=-=-=-=-=-=-=-=-=-=-=-=-=-=-=-=-=-=-=-=-=-= 
17:54:25.108 INFO  Lunio 2#3539, ready to serve [10] users in [3] servers 
17:54:25.108 INFO  -=-=-=-=-=-=-=-=-=-=-=-=-=-=-=-=-=-=-=-=-=-=-=-=-=-=-=-= 
17:55:29.979 INFO  1 language(s) have loaded. (en-US) 
17:55:30.280 INFO  MongoDB successfully connected 
17:55:30.785 INFO  Shard: 0 has became ready 
17:55:30.810 INFO  Lavalink node: 0.0.0.0 has connected. 
17:55:30.835 INFO  All guilds have been initialized 
17:55:30.955 INFO  -=-=-=-=-=-=-=-=-=-=-=-=-=-=-=-=-=-=-=-=-=-=-=-=-=-=-=-= 
17:55:30.955 INFO  Lunio 2#3539, ready to serve [10] users in [3] servers 
17:55:30.955 INFO  -=-=-=-=-=-=-=-=-=-=-=-=-=-=-=-=-=-=-=-=-=-=-=-=-=-=-=-= 
17:57:08.426 INFO  1 language(s) have loaded. (en-US) 
17:57:08.731 INFO  MongoDB successfully connected 
17:57:09.220 INFO  Shard: 0 has became ready 
17:57:09.239 INFO  Lavalink node: 0.0.0.0 has connected. 
17:57:09.266 INFO  All guilds have been initialized 
17:57:09.382 INFO  -=-=-=-=-=-=-=-=-=-=-=-=-=-=-=-=-=-=-=-=-=-=-=-=-=-=-=-= 
17:57:09.383 INFO  Lunio 2#3539, ready to serve [9] users in [3] servers 
17:57:09.383 INFO  -=-=-=-=-=-=-=-=-=-=-=-=-=-=-=-=-=-=-=-=-=-=-=-=-=-=-=-= 
17:57:11.248 ERROR No current track.
{}
RangeError: No current track.
    at CustomPlayer.play (D:\Program Files\Bots\Discord Bots\Lunio\Lunio 2\node_modules\erela.js\dist\structures\Player.js:222:19)
    at Playlist.callback (D:\Program Files\Bots\Discord Bots\Lunio\Lunio 2\src\commands\Everyone\playlist.js:842:20)
    at async slashCreate.run (D:\Program Files\Bots\Discord Bots\Lunio\Lunio 2\src\events\custom\slashCreate.js:551:4) 
17:57:41.245 INFO  1 language(s) have loaded. (en-US) 
17:57:41.556 INFO  MongoDB successfully connected 
17:57:42.148 INFO  Shard: 0 has became ready 
17:57:42.173 INFO  Lavalink node: 0.0.0.0 has connected. 
17:57:42.222 INFO  All guilds have been initialized 
17:57:42.364 INFO  -=-=-=-=-=-=-=-=-=-=-=-=-=-=-=-=-=-=-=-=-=-=-=-=-=-=-=-= 
17:57:42.365 INFO  Lunio 2#3539, ready to serve [9] users in [3] servers 
17:57:42.365 INFO  -=-=-=-=-=-=-=-=-=-=-=-=-=-=-=-=-=-=-=-=-=-=-=-=-=-=-=-= 
17:58:27.206 INFO  1 language(s) have loaded. (en-US) 
17:58:27.552 INFO  MongoDB successfully connected 
17:58:28.410 INFO  Shard: 0 has became ready 
17:58:28.461 INFO  All guilds have been initialized 
17:58:28.522 INFO  Lavalink node: 0.0.0.0 has connected. 
17:58:28.579 INFO  -=-=-=-=-=-=-=-=-=-=-=-=-=-=-=-=-=-=-=-=-=-=-=-=-=-=-=-= 
17:58:28.579 INFO  Lunio 2#3539, ready to serve [9] users in [3] servers 
17:58:28.579 INFO  -=-=-=-=-=-=-=-=-=-=-=-=-=-=-=-=-=-=-=-=-=-=-=-=-=-=-=-= 
18:00:09.146 INFO  1 language(s) have loaded. (en-US) 
18:00:09.510 INFO  MongoDB successfully connected 
18:00:09.998 INFO  Shard: 0 has became ready 
18:00:10.019 INFO  Lavalink node: 0.0.0.0 has connected. 
18:00:10.048 INFO  All guilds have been initialized 
18:00:10.164 INFO  -=-=-=-=-=-=-=-=-=-=-=-=-=-=-=-=-=-=-=-=-=-=-=-=-=-=-=-= 
18:00:10.164 INFO  Lunio 2#3539, ready to serve [9] users in [3] servers 
18:00:10.164 INFO  -=-=-=-=-=-=-=-=-=-=-=-=-=-=-=-=-=-=-=-=-=-=-=-=-=-=-=-= 
18:02:02.853 INFO  1 language(s) have loaded. (en-US) 
18:02:03.573 INFO  MongoDB successfully connected 
18:02:03.660 INFO  Shard: 0 has became ready 
18:02:03.683 INFO  Lavalink node: 0.0.0.0 has connected. 
18:02:03.790 INFO  All guilds have been initialized 
18:02:03.911 INFO  -=-=-=-=-=-=-=-=-=-=-=-=-=-=-=-=-=-=-=-=-=-=-=-=-=-=-=-= 
18:02:03.911 INFO  Lunio 2#3539, ready to serve [9] users in [3] servers 
18:02:03.911 INFO  -=-=-=-=-=-=-=-=-=-=-=-=-=-=-=-=-=-=-=-=-=-=-=-=-=-=-=-= 
18:02:41.081 ERROR Error occured: Cannot read properties of undefined (reading 'id') -- in file D:\Program Files\Bots\Discord Bots\Lunio\Lunio 2\src\events\bot\error.js at line undefined. 
18:02:41.082 ERROR ############################## 
18:02:41.082 ERROR Full error: TypeError: Cannot read properties of undefined (reading 'id') 
18:02:42.446 ERROR Error occured: Cannot read properties of undefined (reading 'id') -- in file D:\Program Files\Bots\Discord Bots\Lunio\Lunio 2\src\events\bot\error.js at line undefined. 
18:02:42.446 ERROR ############################## 
18:02:42.446 ERROR Full error: TypeError: Cannot read properties of undefined (reading 'id') 
18:02:44.298 ERROR Error occured: Cannot read properties of undefined (reading 'id') -- in file D:\Program Files\Bots\Discord Bots\Lunio\Lunio 2\src\events\bot\error.js at line undefined. 
18:02:44.298 ERROR ############################## 
18:02:44.298 ERROR Full error: TypeError: Cannot read properties of undefined (reading 'id') 
18:02:51.963 ERROR running slashCreate: 709832515577184287 | TypeError: Cannot read properties of undefined (reading 'id') 
18:04:15.115 INFO  1 language(s) have loaded. (en-US) 
18:04:15.501 INFO  MongoDB successfully connected 
18:04:15.940 INFO  Shard: 0 has became ready 
18:04:15.964 INFO  Lavalink node: 0.0.0.0 has connected. 
18:04:15.986 INFO  All guilds have been initialized 
18:04:16.107 INFO  -=-=-=-=-=-=-=-=-=-=-=-=-=-=-=-=-=-=-=-=-=-=-=-=-=-=-=-= 
18:04:16.107 INFO  Lunio 2#3539, ready to serve [9] users in [3] servers 
18:04:16.108 INFO  -=-=-=-=-=-=-=-=-=-=-=-=-=-=-=-=-=-=-=-=-=-=-=-=-=-=-=-= 
18:04:24.742 ERROR Error occured: Cannot read properties of undefined (reading 'id') -- in file D:\Program Files\Bots\Discord Bots\Lunio\Lunio 2\src\events\bot\error.js at line undefined. 
18:04:24.742 ERROR ############################## 
18:04:24.742 ERROR Full error: TypeError: Cannot read properties of undefined (reading 'id') 
18:04:27.965 ERROR Error occured: Cannot read properties of undefined (reading 'id') -- in file D:\Program Files\Bots\Discord Bots\Lunio\Lunio 2\src\events\bot\error.js at line undefined. 
18:04:27.965 ERROR ############################## 
18:04:27.966 ERROR Full error: TypeError: Cannot read properties of undefined (reading 'id') 
18:04:32.121 ERROR running slashCreate: 709832515577184287 | TypeError: Cannot read properties of undefined (reading 'id') 
18:06:03.762 INFO  1 language(s) have loaded. (en-US) 
18:06:04.088 INFO  MongoDB successfully connected 
18:06:04.519 INFO  Shard: 0 has became ready 
18:06:04.545 INFO  Lavalink node: 0.0.0.0 has connected. 
18:06:04.575 INFO  All guilds have been initialized 
18:06:04.689 INFO  -=-=-=-=-=-=-=-=-=-=-=-=-=-=-=-=-=-=-=-=-=-=-=-=-=-=-=-= 
18:06:04.689 INFO  Lunio 2#3539, ready to serve [9] users in [3] servers 
18:06:04.689 INFO  -=-=-=-=-=-=-=-=-=-=-=-=-=-=-=-=-=-=-=-=-=-=-=-=-=-=-=-= 
18:09:08.743 ERROR Error occured: Unknown Message -- in file D:\Program Files\Bots\Discord Bots\Lunio\Lunio 2\src\events\bot\error.js at line undefined. 
18:09:08.743 ERROR ############################## 
18:09:08.744 ERROR Full error: DiscordAPIError[10008]: Unknown Message 
18:09:09.596 ERROR Unhandled promise rejection: Cannot read properties of undefined (reading 'id') 
18:09:20.369 ERROR running slashCreate: 709832515577184287 | TypeError: Cannot read properties of undefined (reading 'id') 
18:10:19.043 ERROR Unhandled promise rejection: Cannot read properties of undefined (reading 'id') 
18:18:13.546 INFO  1 language(s) have loaded. (en-US) 
18:18:13.874 INFO  MongoDB successfully connected 
18:18:14.262 INFO  Shard: 0 has became ready 
18:18:14.284 INFO  Lavalink node: 0.0.0.0 has connected. 
18:18:14.306 INFO  All guilds have been initialized 
18:18:14.424 INFO  -=-=-=-=-=-=-=-=-=-=-=-=-=-=-=-=-=-=-=-=-=-=-=-=-=-=-=-= 
18:18:14.424 INFO  Lunio 2#3539, ready to serve [9] users in [3] servers 
18:18:14.425 INFO  -=-=-=-=-=-=-=-=-=-=-=-=-=-=-=-=-=-=-=-=-=-=-=-=-=-=-=-= 
18:20:02.671 INFO  1 language(s) have loaded. (en-US) 
18:20:02.993 INFO  MongoDB successfully connected 
18:20:03.413 INFO  Shard: 0 has became ready 
18:20:03.433 INFO  Lavalink node: 0.0.0.0 has connected. 
18:20:03.459 INFO  All guilds have been initialized 
18:20:03.579 INFO  -=-=-=-=-=-=-=-=-=-=-=-=-=-=-=-=-=-=-=-=-=-=-=-=-=-=-=-= 
18:20:03.579 INFO  Lunio 2#3539, ready to serve [9] users in [3] servers 
18:20:03.579 INFO  -=-=-=-=-=-=-=-=-=-=-=-=-=-=-=-=-=-=-=-=-=-=-=-=-=-=-=-= 
18:21:47.559 INFO  1 language(s) have loaded. (en-US) 
18:21:47.881 INFO  MongoDB successfully connected 
18:21:48.265 INFO  Shard: 0 has became ready 
18:21:48.282 INFO  Lavalink node: 0.0.0.0 has connected. 
18:21:48.310 INFO  All guilds have been initialized 
18:21:48.432 INFO  -=-=-=-=-=-=-=-=-=-=-=-=-=-=-=-=-=-=-=-=-=-=-=-=-=-=-=-= 
18:21:48.432 INFO  Lunio 2#3539, ready to serve [9] users in [3] servers 
18:21:48.432 INFO  -=-=-=-=-=-=-=-=-=-=-=-=-=-=-=-=-=-=-=-=-=-=-=-=-=-=-=-= 
18:32:21.213 INFO  1 language(s) have loaded. (en-US) 
18:32:21.538 INFO  MongoDB successfully connected 
18:32:21.990 INFO  Shard: 0 has became ready 
18:32:22.012 INFO  Lavalink node: 0.0.0.0 has connected. 
18:32:22.038 INFO  All guilds have been initialized 
18:32:22.153 INFO  -=-=-=-=-=-=-=-=-=-=-=-=-=-=-=-=-=-=-=-=-=-=-=-=-=-=-=-= 
18:32:22.153 INFO  Lunio 2#3539, ready to serve [9] users in [3] servers 
18:32:22.153 INFO  -=-=-=-=-=-=-=-=-=-=-=-=-=-=-=-=-=-=-=-=-=-=-=-=-=-=-=-= 
18:32:32.433 ERROR running slashCreate: 709832515577184287 | TypeError: Cannot read properties of undefined (reading 'songs') 
18:36:22.196 INFO  1 language(s) have loaded. (en-US) 
18:36:22.533 INFO  MongoDB successfully connected 
18:36:22.933 INFO  Shard: 0 has became ready 
18:36:22.958 INFO  Lavalink node: 0.0.0.0 has connected. 
18:36:22.983 INFO  All guilds have been initialized 
18:36:23.101 INFO  -=-=-=-=-=-=-=-=-=-=-=-=-=-=-=-=-=-=-=-=-=-=-=-=-=-=-=-= 
18:36:23.102 INFO  Lunio 2#3539, ready to serve [9] users in [3] servers 
18:36:23.102 INFO  -=-=-=-=-=-=-=-=-=-=-=-=-=-=-=-=-=-=-=-=-=-=-=-=-=-=-=-= 
18:36:36.662 ERROR running slashCreate: 709832515577184287 | TypeError: Cannot read properties of undefined (reading 'songs') 
18:37:46.886 INFO  1 language(s) have loaded. (en-US) 
18:37:47.224 INFO  MongoDB successfully connected 
18:37:47.749 INFO  Shard: 0 has became ready 
18:37:47.771 INFO  Lavalink node: 0.0.0.0 has connected. 
18:37:47.796 INFO  All guilds have been initialized 
18:37:47.912 INFO  -=-=-=-=-=-=-=-=-=-=-=-=-=-=-=-=-=-=-=-=-=-=-=-=-=-=-=-= 
18:37:47.912 INFO  Lunio 2#3539, ready to serve [9] users in [3] servers 
18:37:47.912 INFO  -=-=-=-=-=-=-=-=-=-=-=-=-=-=-=-=-=-=-=-=-=-=-=-=-=-=-=-= 
18:46:22.688 INFO  1 language(s) have loaded. (en-US) 
18:46:22.997 INFO  MongoDB successfully connected 
18:46:23.425 INFO  Shard: 0 has became ready 
18:46:23.449 INFO  Lavalink node: 0.0.0.0 has connected. 
18:46:23.473 INFO  All guilds have been initialized 
18:46:23.589 INFO  -=-=-=-=-=-=-=-=-=-=-=-=-=-=-=-=-=-=-=-=-=-=-=-=-=-=-=-= 
18:46:23.589 INFO  Lunio 2#3539, ready to serve [9] users in [3] servers 
18:46:23.590 INFO  -=-=-=-=-=-=-=-=-=-=-=-=-=-=-=-=-=-=-=-=-=-=-=-=-=-=-=-= 
18:46:41.710 ERROR running slashCreate: 709832515577184287 | ReferenceError: Cannot access 'count' before initialization 
18:49:49.418 ERROR running slashCreate: 709832515577184287 | ReferenceError: Cannot access 'count' before initialization 
18:50:01.468 INFO  1 language(s) have loaded. (en-US) 
18:50:01.808 INFO  MongoDB successfully connected 
18:50:02.183 INFO  Shard: 0 has became ready 
18:50:02.207 INFO  Lavalink node: 0.0.0.0 has connected. 
18:50:02.232 INFO  All guilds have been initialized 
18:50:02.349 INFO  -=-=-=-=-=-=-=-=-=-=-=-=-=-=-=-=-=-=-=-=-=-=-=-=-=-=-=-= 
18:50:02.349 INFO  Lunio 2#3539, ready to serve [9] users in [3] servers 
18:50:02.349 INFO  -=-=-=-=-=-=-=-=-=-=-=-=-=-=-=-=-=-=-=-=-=-=-=-=-=-=-=-= 
18:50:55.631 ERROR Error saving current queue to paylist ReferenceError: Cannot access 'count' before initialization 
18:51:20.582 INFO  1 language(s) have loaded. (en-US) 
18:51:20.906 INFO  MongoDB successfully connected 
18:51:21.401 INFO  Shard: 0 has became ready 
18:51:21.421 INFO  Lavalink node: 0.0.0.0 has connected. 
18:51:21.446 INFO  All guilds have been initialized 
18:51:21.564 INFO  -=-=-=-=-=-=-=-=-=-=-=-=-=-=-=-=-=-=-=-=-=-=-=-=-=-=-=-= 
18:51:21.564 INFO  Lunio 2#3539, ready to serve [9] users in [3] servers 
18:51:21.565 INFO  -=-=-=-=-=-=-=-=-=-=-=-=-=-=-=-=-=-=-=-=-=-=-=-=-=-=-=-= 
18:52:14.274 INFO  1 language(s) have loaded. (en-US) 
18:52:14.560 INFO  MongoDB successfully connected 
18:52:15.022 INFO  Shard: 0 has became ready 
18:52:15.050 INFO  Lavalink node: 0.0.0.0 has connected. 
18:52:15.073 INFO  All guilds have been initialized 
18:52:15.191 INFO  -=-=-=-=-=-=-=-=-=-=-=-=-=-=-=-=-=-=-=-=-=-=-=-=-=-=-=-= 
18:52:15.192 INFO  Lunio 2#3539, ready to serve [9] users in [3] servers 
18:52:15.192 INFO  -=-=-=-=-=-=-=-=-=-=-=-=-=-=-=-=-=-=-=-=-=-=-=-=-=-=-=-= 
20:53:40.080 INFO  1 language(s) have loaded. (en-US) 
20:53:40.388 INFO  MongoDB successfully connected 
20:53:40.870 INFO  Shard: 0 has became ready 
20:53:40.892 INFO  Lavalink node: 0.0.0.0 has connected. 
20:53:40.919 INFO  All guilds have been initialized 
20:53:41.036 INFO  -=-=-=-=-=-=-=-=-=-=-=-=-=-=-=-=-=-=-=-=-=-=-=-=-=-=-=-= 
20:53:41.036 INFO  Lunio 2#3539, ready to serve [6] users in [3] servers 
20:53:41.037 INFO  -=-=-=-=-=-=-=-=-=-=-=-=-=-=-=-=-=-=-=-=-=-=-=-=-=-=-=-= 
20:53:47.921 ERROR running slashCreate: 866666289178869770 | TypeError: Cannot read properties of undefined (reading 'name') 
20:54:05.167 INFO  1 language(s) have loaded. (en-US) 
20:54:05.469 INFO  MongoDB successfully connected 
20:54:06.068 INFO  Shard: 0 has became ready 
20:54:06.088 INFO  Lavalink node: 0.0.0.0 has connected. 
20:54:06.114 INFO  All guilds have been initialized 
20:54:06.235 INFO  -=-=-=-=-=-=-=-=-=-=-=-=-=-=-=-=-=-=-=-=-=-=-=-=-=-=-=-= 
20:54:06.236 INFO  Lunio 2#3539, ready to serve [6] users in [3] servers 
20:54:06.236 INFO  -=-=-=-=-=-=-=-=-=-=-=-=-=-=-=-=-=-=-=-=-=-=-=-=-=-=-=-= 
20:54:29.048 ERROR running slashCreate: 866666289178869770 | TypeError: Cannot read properties of undefined (reading 'songs') 
20:55:39.745 INFO  1 language(s) have loaded. (en-US) 
20:55:40.086 INFO  MongoDB successfully connected 
20:55:40.433 INFO  Shard: 0 has became ready 
20:55:40.454 INFO  Lavalink node: 0.0.0.0 has connected. 
20:55:40.478 INFO  All guilds have been initialized 
20:55:40.613 INFO  -=-=-=-=-=-=-=-=-=-=-=-=-=-=-=-=-=-=-=-=-=-=-=-=-=-=-=-= 
20:55:40.614 INFO  Lunio 2#3539, ready to serve [6] users in [3] servers 
20:55:40.614 INFO  -=-=-=-=-=-=-=-=-=-=-=-=-=-=-=-=-=-=-=-=-=-=-=-=-=-=-=-= 
20:55:44.841 ERROR running slashCreate: 866666289178869770 | TypeError: Cannot read properties of undefined (reading 'songs') 
20:58:06.383 ERROR Cannot read properties of null (reading 'duration')
{}
TypeError: Cannot read properties of null (reading 'duration')
    at module.exports [as musicembed] (D:\Program Files\Bots\Discord Bots\Lunio\Lunio 2\src\utils\functions\AudioFunctions\musicembed.js:88:31)
    at process.processTicksAndRejections (node:internal/process/task_queues:95:5)
    at async Playlist.callback (D:\Program Files\Bots\Discord Bots\Lunio\Lunio 2\src\commands\Everyone\playlist.js:831:7)
    at async slashCreate.run (D:\Program Files\Bots\Discord Bots\Lunio\Lunio 2\src\events\custom\slashCreate.js:551:4) 
21:02:49.698 INFO  1 language(s) have loaded. (en-US) 
21:02:50.011 INFO  MongoDB successfully connected 
21:02:50.378 INFO  Shard: 0 has became ready 
21:02:50.403 INFO  Lavalink node: 0.0.0.0 has connected. 
21:02:50.429 INFO  All guilds have been initialized 
21:02:50.545 INFO  -=-=-=-=-=-=-=-=-=-=-=-=-=-=-=-=-=-=-=-=-=-=-=-=-=-=-=-= 
21:02:50.545 INFO  Lunio 2#3539, ready to serve [6] users in [3] servers 
21:02:50.545 INFO  -=-=-=-=-=-=-=-=-=-=-=-=-=-=-=-=-=-=-=-=-=-=-=-=-=-=-=-= 
21:15:33.154 ERROR Cannot read properties of null (reading 'duration')
{}
TypeError: Cannot read properties of null (reading 'duration')
    at module.exports [as musicembed] (D:\Program Files\Bots\Discord Bots\Lunio\Lunio 2\src\utils\functions\AudioFunctions\musicembed.js:88:31)
    at runNextTicks (node:internal/process/task_queues:60:5)
    at process.processTimers (node:internal/timers:504:9)
    at async Playlist.callback (D:\Program Files\Bots\Discord Bots\Lunio\Lunio 2\src\commands\Everyone\playlist.js:830:7)
    at async slashCreate.run (D:\Program Files\Bots\Discord Bots\Lunio\Lunio 2\src\events\custom\slashCreate.js:551:4) 
21:19:17.659 INFO  1 language(s) have loaded. (en-US) 
21:19:17.990 INFO  MongoDB successfully connected 
21:19:18.330 INFO  Shard: 0 has became ready 
21:19:18.356 INFO  Lavalink node: 0.0.0.0 has connected. 
21:19:18.383 INFO  All guilds have been initialized 
21:19:18.502 INFO  -=-=-=-=-=-=-=-=-=-=-=-=-=-=-=-=-=-=-=-=-=-=-=-=-=-=-=-= 
21:19:18.502 INFO  Lunio 2#3539, ready to serve [6] users in [3] servers 
21:19:18.503 INFO  -=-=-=-=-=-=-=-=-=-=-=-=-=-=-=-=-=-=-=-=-=-=-=-=-=-=-=-= 
21:27:14.722 INFO  1 language(s) have loaded. (en-US) 
21:27:15.028 INFO  MongoDB successfully connected 
21:27:15.491 INFO  Shard: 0 has became ready 
21:27:15.529 INFO  Lavalink node: 0.0.0.0 has connected. 
21:27:15.549 INFO  All guilds have been initialized 
21:27:15.666 INFO  -=-=-=-=-=-=-=-=-=-=-=-=-=-=-=-=-=-=-=-=-=-=-=-=-=-=-=-= 
21:27:15.666 INFO  Lunio 2#3539, ready to serve [6] users in [3] servers 
21:27:15.666 INFO  -=-=-=-=-=-=-=-=-=-=-=-=-=-=-=-=-=-=-=-=-=-=-=-=-=-=-=-= 
21:27:54.874 INFO  1 language(s) have loaded. (en-US) 
21:27:55.188 INFO  MongoDB successfully connected 
21:27:55.959 INFO  Shard: 0 has became ready 
21:27:55.979 INFO  Lavalink node: 0.0.0.0 has connected. 
21:27:56.005 INFO  All guilds have been initialized 
21:27:56.121 INFO  -=-=-=-=-=-=-=-=-=-=-=-=-=-=-=-=-=-=-=-=-=-=-=-=-=-=-=-= 
21:27:56.121 INFO  Lunio 2#3539, ready to serve [6] users in [3] servers 
21:27:56.122 INFO  -=-=-=-=-=-=-=-=-=-=-=-=-=-=-=-=-=-=-=-=-=-=-=-=-=-=-=-= 
21:38:50.217 INFO  1 language(s) have loaded. (en-US) 
21:38:50.531 INFO  MongoDB successfully connected 
21:38:51.099 INFO  Shard: 0 has became ready 
21:38:51.122 INFO  Lavalink node: 0.0.0.0 has connected. 
21:38:51.145 INFO  All guilds have been initialized 
21:38:51.263 INFO  -=-=-=-=-=-=-=-=-=-=-=-=-=-=-=-=-=-=-=-=-=-=-=-=-=-=-=-= 
21:38:51.264 INFO  Lunio 2#3539, ready to serve [7] users in [3] servers 
21:38:51.264 INFO  -=-=-=-=-=-=-=-=-=-=-=-=-=-=-=-=-=-=-=-=-=-=-=-=-=-=-=-= 
21:40:35.075 INFO  1 language(s) have loaded. (en-US) 
21:40:35.413 INFO  MongoDB successfully connected 
21:40:35.861 INFO  Shard: 0 has became ready 
21:40:35.883 INFO  Lavalink node: 0.0.0.0 has connected. 
21:40:35.907 INFO  All guilds have been initialized 
21:40:36.025 INFO  -=-=-=-=-=-=-=-=-=-=-=-=-=-=-=-=-=-=-=-=-=-=-=-=-=-=-=-= 
21:40:36.025 INFO  Lunio 2#3539, ready to serve [7] users in [3] servers 
21:40:36.026 INFO  -=-=-=-=-=-=-=-=-=-=-=-=-=-=-=-=-=-=-=-=-=-=-=-=-=-=-=-= 
21:46:33.582 ERROR Error occured: Unknown Message -- in file D:\Program Files\Bots\Discord Bots\Lunio\Lunio 2\src\events\bot\error.js at line undefined. 
21:46:33.583 ERROR ############################## 
21:46:33.583 ERROR Full error: DiscordAPIError[10008]: Unknown Message 
21:48:23.853 INFO  1 language(s) have loaded. (en-US) 
21:48:24.174 INFO  MongoDB successfully connected 
21:48:24.613 INFO  Shard: 0 has became ready 
21:48:24.630 INFO  Lavalink node: 0.0.0.0 has connected. 
21:48:24.659 INFO  All guilds have been initialized 
21:48:24.774 INFO  -=-=-=-=-=-=-=-=-=-=-=-=-=-=-=-=-=-=-=-=-=-=-=-=-=-=-=-= 
21:48:24.774 INFO  Lunio 2#3539, ready to serve [7] users in [3] servers 
21:48:24.775 INFO  -=-=-=-=-=-=-=-=-=-=-=-=-=-=-=-=-=-=-=-=-=-=-=-=-=-=-=-= 
21:48:35.380 ERROR Error occured: settings is not defined -- in file D:\Program Files\Bots\Discord Bots\Lunio\Lunio 2\src\events\bot\error.js at line undefined. 
21:48:35.380 ERROR ############################## 
21:48:35.381 ERROR Full error: ReferenceError: settings is not defined 
21:59:12.903 INFO  1 language(s) have loaded. (en-US) 
21:59:13.211 INFO  MongoDB successfully connected 
21:59:13.607 INFO  Shard: 0 has became ready 
21:59:13.631 INFO  Lavalink node: 0.0.0.0 has connected. 
21:59:13.656 INFO  All guilds have been initialized 
21:59:13.772 INFO  -=-=-=-=-=-=-=-=-=-=-=-=-=-=-=-=-=-=-=-=-=-=-=-=-=-=-=-= 
21:59:13.772 INFO  Lunio 2#3539, ready to serve [9] users in [3] servers 
21:59:13.772 INFO  -=-=-=-=-=-=-=-=-=-=-=-=-=-=-=-=-=-=-=-=-=-=-=-=-=-=-=-= 
22:00:08.818 INFO  1 language(s) have loaded. (en-US) 
22:00:09.101 INFO  MongoDB successfully connected 
22:00:09.620 INFO  Shard: 0 has became ready 
22:00:09.641 INFO  Lavalink node: 0.0.0.0 has connected. 
22:00:09.870 INFO  All guilds have been initialized 
22:00:09.988 INFO  -=-=-=-=-=-=-=-=-=-=-=-=-=-=-=-=-=-=-=-=-=-=-=-=-=-=-=-= 
22:00:09.988 INFO  Lunio 2#3539, ready to serve [9] users in [3] servers 
22:00:09.989 INFO  -=-=-=-=-=-=-=-=-=-=-=-=-=-=-=-=-=-=-=-=-=-=-=-=-=-=-=-= 
22:00:30.428 INFO  1 language(s) have loaded. (en-US) 
22:00:30.751 INFO  MongoDB successfully connected 
22:00:31.173 INFO  Shard: 0 has became ready 
22:00:31.193 INFO  Lavalink node: 0.0.0.0 has connected. 
22:00:31.218 INFO  All guilds have been initialized 
22:00:31.330 INFO  -=-=-=-=-=-=-=-=-=-=-=-=-=-=-=-=-=-=-=-=-=-=-=-=-=-=-=-= 
22:00:31.330 INFO  Lunio 2#3539, ready to serve [9] users in [3] servers 
22:00:31.330 INFO  -=-=-=-=-=-=-=-=-=-=-=-=-=-=-=-=-=-=-=-=-=-=-=-=-=-=-=-= 
22:01:23.838 INFO  1 language(s) have loaded. (en-US) 
22:01:24.118 INFO  MongoDB successfully connected 
22:01:24.660 INFO  Shard: 0 has became ready 
22:01:24.681 INFO  Lavalink node: 0.0.0.0 has connected. 
22:01:24.708 INFO  All guilds have been initialized 
22:01:24.825 INFO  -=-=-=-=-=-=-=-=-=-=-=-=-=-=-=-=-=-=-=-=-=-=-=-=-=-=-=-= 
22:01:24.825 INFO  Lunio 2#3539, ready to serve [9] users in [3] servers 
22:01:24.825 INFO  -=-=-=-=-=-=-=-=-=-=-=-=-=-=-=-=-=-=-=-=-=-=-=-=-=-=-=-= 
22:04:49.745 INFO  1 language(s) have loaded. (en-US) 
22:04:50.063 INFO  MongoDB successfully connected 
22:04:50.445 INFO  Shard: 0 has became ready 
22:04:50.467 INFO  Lavalink node: 0.0.0.0 has connected. 
22:04:50.490 INFO  All guilds have been initialized 
22:04:50.607 INFO  -=-=-=-=-=-=-=-=-=-=-=-=-=-=-=-=-=-=-=-=-=-=-=-=-=-=-=-= 
22:04:50.607 INFO  Lunio 2#3539, ready to serve [9] users in [3] servers 
22:04:50.607 INFO  -=-=-=-=-=-=-=-=-=-=-=-=-=-=-=-=-=-=-=-=-=-=-=-=-=-=-=-= 
22:08:13.822 INFO  1 language(s) have loaded. (en-US) 
22:08:14.146 INFO  MongoDB successfully connected 
22:08:14.506 INFO  Shard: 0 has became ready 
22:08:14.531 INFO  Lavalink node: 0.0.0.0 has connected. 
22:08:14.555 INFO  All guilds have been initialized 
22:08:14.673 INFO  -=-=-=-=-=-=-=-=-=-=-=-=-=-=-=-=-=-=-=-=-=-=-=-=-=-=-=-= 
22:08:14.673 INFO  Lunio 2#3539, ready to serve [9] users in [3] servers 
22:08:14.673 INFO  -=-=-=-=-=-=-=-=-=-=-=-=-=-=-=-=-=-=-=-=-=-=-=-=-=-=-=-= 
22:14:32.961 INFO  1 language(s) have loaded. (en-US) 
22:14:33.327 INFO  MongoDB successfully connected 
22:14:33.785 INFO  Shard: 0 has became ready 
22:14:33.815 INFO  Lavalink node: 0.0.0.0 has connected. 
22:14:33.838 INFO  All guilds have been initialized 
22:14:33.957 INFO  -=-=-=-=-=-=-=-=-=-=-=-=-=-=-=-=-=-=-=-=-=-=-=-=-=-=-=-= 
22:14:33.958 INFO  Lunio 2#3539, ready to serve [9] users in [3] servers 
22:14:33.958 INFO  -=-=-=-=-=-=-=-=-=-=-=-=-=-=-=-=-=-=-=-=-=-=-=-=-=-=-=-= 


