02:35:36.063 INFO  MongoDB successfully connected 
02:35:36.666 INFO  Shard: 0 has became ready 
02:35:36.714 INFO  All guilds have been initialized. 
02:35:36.832 INFO  -=-=-=-=-=-=-=-=-=-=-=-=-=-=-=-=-=-=-=-=-=-=-=-=-=-=-=-= 
02:35:36.833 INFO  Void Music 2#3539, ready to serve [6] users in [3] servers. 
02:35:36.833 INFO  -=-=-=-=-=-=-=-=-=-=-=-=-=-=-=-=-=-=-=-=-=-=-=-=-=-=-=-= 
02:35:37.315 INFO  Lavalink node: lavalink.scpcl.site has connected. 
02:59:24.380 INFO  MongoDB successfully connected 
02:59:24.644 INFO  Shard: 0 has became ready 
02:59:24.744 INFO  All guilds have been initialized. 
02:59:24.867 INFO  -=-=-=-=-=-=-=-=-=-=-=-=-=-=-=-=-=-=-=-=-=-=-=-=-=-=-=-= 
02:59:24.867 INFO  Void Music 2#3539, ready to serve [6] users in [3] servers. 
02:59:24.868 INFO  -=-=-=-=-=-=-=-=-=-=-=-=-=-=-=-=-=-=-=-=-=-=-=-=-=-=-=-= 
02:59:25.323 INFO  Lavalink node: lavalink.scpcl.site has connected. 
03:02:11.455 INFO  MongoDB successfully connected 
03:02:11.733 INFO  Shard: 0 has became ready 
03:02:11.785 INFO  All guilds have been initialized. 
03:02:11.902 INFO  -=-=-=-=-=-=-=-=-=-=-=-=-=-=-=-=-=-=-=-=-=-=-=-=-=-=-=-= 
03:02:11.902 INFO  Void Music 2#3539, ready to serve [6] users in [3] servers. 
03:02:11.903 INFO  -=-=-=-=-=-=-=-=-=-=-=-=-=-=-=-=-=-=-=-=-=-=-=-=-=-=-=-= 
03:02:12.349 INFO  Lavalink node: lavalink.scpcl.site has connected. 
04:15:38.094 ERROR Lavalink node: lavalink.scpcl.site has disconnect, reason: unspecified. 
04:16:08.835 INFO  Lavalink node: lavalink.scpcl.site has connected. 
13:09:57.586 INFO  MongoDB successfully connected 
13:09:57.826 INFO  Shard: 0 has became ready 
13:09:57.894 INFO  All guilds have been initialized. 
13:09:58.027 INFO  -=-=-=-=-=-=-=-=-=-=-=-=-=-=-=-=-=-=-=-=-=-=-=-=-=-=-=-= 
13:09:58.027 INFO  Void Music 2#3539, ready to serve [5] users in [3] servers. 
13:09:58.028 INFO  -=-=-=-=-=-=-=-=-=-=-=-=-=-=-=-=-=-=-=-=-=-=-=-=-=-=-=-= 
13:09:58.851 INFO  Lavalink node: lavalink.scpcl.site has connected. 
14:12:46.430 INFO  MongoDB successfully connected 
14:12:46.630 INFO  Shard: 0 has became ready 
14:12:46.679 INFO  All guilds have been initialized. 
14:12:46.805 INFO  -=-=-=-=-=-=-=-=-=-=-=-=-=-=-=-=-=-=-=-=-=-=-=-=-=-=-=-= 
14:12:46.805 INFO  Void Music 2#3539, ready to serve [5] users in [3] servers. 
14:12:46.806 INFO  -=-=-=-=-=-=-=-=-=-=-=-=-=-=-=-=-=-=-=-=-=-=-=-=-=-=-=-= 
14:12:47.323 INFO  Lavalink node: lavalink.scpcl.site has connected. 
14:14:09.315 INFO  Shard: 0 has became ready 
14:14:09.883 INFO  Lavalink node: lavalink.scpcl.site has connected. 
14:14:15.097 INFO  MongoDB successfully connected 
14:14:15.535 INFO  All guilds have been initialized. 
14:14:15.666 INFO  -=-=-=-=-=-=-=-=-=-=-=-=-=-=-=-=-=-=-=-=-=-=-=-=-=-=-=-= 
14:14:15.666 INFO  Void Music 2#3539, ready to serve [5] users in [3] servers. 
14:14:15.666 INFO  -=-=-=-=-=-=-=-=-=-=-=-=-=-=-=-=-=-=-=-=-=-=-=-=-=-=-=-= 
14:23:15.067 INFO  MongoDB successfully connected 
14:23:15.365 INFO  Shard: 0 has became ready 
14:23:15.408 INFO  All guilds have been initialized. 
14:23:15.530 INFO  -=-=-=-=-=-=-=-=-=-=-=-=-=-=-=-=-=-=-=-=-=-=-=-=-=-=-=-= 
14:23:15.531 INFO  Void Music 2#3539, ready to serve [5] users in [3] servers. 
14:23:15.531 INFO  -=-=-=-=-=-=-=-=-=-=-=-=-=-=-=-=-=-=-=-=-=-=-=-=-=-=-=-= 
14:23:16.464 INFO  Lavalink node: lavalink.scpcl.site has connected. 
14:23:32.073 INFO  MongoDB successfully connected 
14:23:32.410 INFO  Shard: 0 has became ready 
14:23:32.457 INFO  All guilds have been initialized. 
14:23:32.592 INFO  -=-=-=-=-=-=-=-=-=-=-=-=-=-=-=-=-=-=-=-=-=-=-=-=-=-=-=-= 
14:23:32.592 INFO  Void Music 2#3539, ready to serve [5] users in [3] servers. 
14:23:32.593 INFO  -=-=-=-=-=-=-=-=-=-=-=-=-=-=-=-=-=-=-=-=-=-=-=-=-=-=-=-= 
14:23:33.044 INFO  Lavalink node: lavalink.scpcl.site has connected. 
14:24:08.876 INFO  MongoDB successfully connected 
14:24:09.336 INFO  Shard: 0 has became ready 
14:24:09.385 INFO  All guilds have been initialized. 
14:24:09.505 INFO  -=-=-=-=-=-=-=-=-=-=-=-=-=-=-=-=-=-=-=-=-=-=-=-=-=-=-=-= 
14:24:09.505 INFO  Void Music 2#3539, ready to serve [5] users in [3] servers. 
14:24:09.505 INFO  -=-=-=-=-=-=-=-=-=-=-=-=-=-=-=-=-=-=-=-=-=-=-=-=-=-=-=-= 
14:24:09.837 INFO  Lavalink node: lavalink.scpcl.site has connected. 
14:24:49.770 INFO  MongoDB successfully connected 
14:24:50.047 INFO  Shard: 0 has became ready 
14:24:50.102 INFO  All guilds have been initialized. 
14:24:50.234 INFO  -=-=-=-=-=-=-=-=-=-=-=-=-=-=-=-=-=-=-=-=-=-=-=-=-=-=-=-= 
14:24:50.235 INFO  Void Music 2#3539, ready to serve [5] users in [3] servers. 
14:24:50.235 INFO  -=-=-=-=-=-=-=-=-=-=-=-=-=-=-=-=-=-=-=-=-=-=-=-=-=-=-=-= 
14:24:50.784 INFO  Lavalink node: lavalink.scpcl.site has connected. 
14:25:32.117 INFO  MongoDB successfully connected 
14:25:32.435 INFO  Shard: 0 has became ready 
14:25:32.480 INFO  All guilds have been initialized. 
14:25:32.616 INFO  -=-=-=-=-=-=-=-=-=-=-=-=-=-=-=-=-=-=-=-=-=-=-=-=-=-=-=-= 
14:25:32.617 INFO  Void Music 2#3539, ready to serve [5] users in [3] servers. 
14:25:32.617 INFO  -=-=-=-=-=-=-=-=-=-=-=-=-=-=-=-=-=-=-=-=-=-=-=-=-=-=-=-= 
14:25:33.064 INFO  Lavalink node: lavalink.scpcl.site has connected. 
15:11:33.851 INFO  MongoDB successfully connected 
15:11:34.156 INFO  Shard: 0 has became ready 
15:11:34.193 INFO  All guilds have been initialized. 
15:11:34.328 INFO  -=-=-=-=-=-=-=-=-=-=-=-=-=-=-=-=-=-=-=-=-=-=-=-=-=-=-=-= 
15:11:34.329 INFO  Void Music 2#3539, ready to serve [5] users in [3] servers. 
15:11:34.329 INFO  -=-=-=-=-=-=-=-=-=-=-=-=-=-=-=-=-=-=-=-=-=-=-=-=-=-=-=-= 
15:11:34.796 INFO  Lavalink node: lavalink.scpcl.site has connected. 
15:24:19.485 INFO  MongoDB successfully connected 
15:24:19.842 INFO  Shard: 0 has became ready 
15:24:19.892 INFO  All guilds have been initialized. 
15:24:20.016 INFO  -=-=-=-=-=-=-=-=-=-=-=-=-=-=-=-=-=-=-=-=-=-=-=-=-=-=-=-= 
15:24:20.017 INFO  Void Music 2#3539, ready to serve [5] users in [3] servers. 
15:24:20.017 INFO  -=-=-=-=-=-=-=-=-=-=-=-=-=-=-=-=-=-=-=-=-=-=-=-=-=-=-=-= 
15:24:20.920 INFO  Lavalink node: lavalink.scpcl.site has connected. 
15:33:30.111 INFO  MongoDB successfully connected 
15:33:30.424 INFO  Shard: 0 has became ready 
15:33:30.472 INFO  All guilds have been initialized. 
15:33:30.586 INFO  -=-=-=-=-=-=-=-=-=-=-=-=-=-=-=-=-=-=-=-=-=-=-=-=-=-=-=-= 
15:33:30.586 INFO  Void Music 2#3539, ready to serve [4] users in [3] servers. 
15:33:30.587 INFO  -=-=-=-=-=-=-=-=-=-=-=-=-=-=-=-=-=-=-=-=-=-=-=-=-=-=-=-= 
15:33:31.202 INFO  Lavalink node: lavalink.scpcl.site has connected. 
15:33:32.313 ERROR Unhandled promise rejection: Unknown Member. 
15:33:43.597 INFO  MongoDB successfully connected 
15:33:43.937 INFO  Shard: 0 has became ready 
15:33:43.984 INFO  All guilds have been initialized. 
15:33:44.104 INFO  -=-=-=-=-=-=-=-=-=-=-=-=-=-=-=-=-=-=-=-=-=-=-=-=-=-=-=-= 
15:33:44.104 INFO  Void Music 2#3539, ready to serve [4] users in [3] servers. 
15:33:44.105 INFO  -=-=-=-=-=-=-=-=-=-=-=-=-=-=-=-=-=-=-=-=-=-=-=-=-=-=-=-= 
15:33:44.460 INFO  Lavalink node: lavalink.scpcl.site has connected. 
15:33:45.669 ERROR Unhandled promise rejection: Unknown Member. 
15:34:14.848 INFO  MongoDB successfully connected 
15:34:15.366 INFO  Shard: 0 has became ready 
15:34:15.414 INFO  All guilds have been initialized. 
15:34:15.541 INFO  -=-=-=-=-=-=-=-=-=-=-=-=-=-=-=-=-=-=-=-=-=-=-=-=-=-=-=-= 
15:34:15.541 INFO  Void Music 2#3539, ready to serve [4] users in [3] servers. 
15:34:15.541 INFO  -=-=-=-=-=-=-=-=-=-=-=-=-=-=-=-=-=-=-=-=-=-=-=-=-=-=-=-= 
15:34:15.913 INFO  Lavalink node: lavalink.scpcl.site has connected. 
15:34:19.700 ERROR Unhandled promise rejection: Unknown Member. 
15:35:05.985 INFO  MongoDB successfully connected 
15:35:06.271 INFO  Shard: 0 has became ready 
15:35:06.323 INFO  All guilds have been initialized. 
15:35:06.464 INFO  -=-=-=-=-=-=-=-=-=-=-=-=-=-=-=-=-=-=-=-=-=-=-=-=-=-=-=-= 
15:35:06.464 INFO  Void Music 2#3539, ready to serve [4] users in [3] servers. 
15:35:06.464 INFO  -=-=-=-=-=-=-=-=-=-=-=-=-=-=-=-=-=-=-=-=-=-=-=-=-=-=-=-= 
15:35:06.887 INFO  Lavalink node: lavalink.scpcl.site has connected. 
15:39:28.488 INFO  MongoDB successfully connected 
15:39:28.878 INFO  Shard: 0 has became ready 
15:39:28.923 INFO  All guilds have been initialized. 
15:39:29.049 INFO  -=-=-=-=-=-=-=-=-=-=-=-=-=-=-=-=-=-=-=-=-=-=-=-=-=-=-=-= 
15:39:29.050 INFO  Void Music 2#3539, ready to serve [4] users in [3] servers. 
15:39:29.050 INFO  -=-=-=-=-=-=-=-=-=-=-=-=-=-=-=-=-=-=-=-=-=-=-=-=-=-=-=-= 
15:39:29.373 INFO  Lavalink node: lavalink.scpcl.site has connected. 
15:41:45.288 INFO  MongoDB successfully connected 
15:41:45.549 INFO  Shard: 0 has became ready 
15:41:45.610 INFO  All guilds have been initialized. 
15:41:45.736 INFO  -=-=-=-=-=-=-=-=-=-=-=-=-=-=-=-=-=-=-=-=-=-=-=-=-=-=-=-= 
15:41:45.736 INFO  Void Music 2#3539, ready to serve [5] users in [3] servers. 
15:41:45.737 INFO  -=-=-=-=-=-=-=-=-=-=-=-=-=-=-=-=-=-=-=-=-=-=-=-=-=-=-=-= 
15:41:46.217 INFO  Lavalink node: lavalink.scpcl.site has connected. 
15:43:05.415 INFO  MongoDB successfully connected 
15:43:05.435 INFO  Shard: 0 has became ready 
15:43:05.721 INFO  All guilds have been initialized. 
15:43:05.834 INFO  -=-=-=-=-=-=-=-=-=-=-=-=-=-=-=-=-=-=-=-=-=-=-=-=-=-=-=-= 
15:43:05.834 INFO  Void Music 2#3539, ready to serve [5] users in [3] servers. 
15:43:05.835 INFO  -=-=-=-=-=-=-=-=-=-=-=-=-=-=-=-=-=-=-=-=-=-=-=-=-=-=-=-= 
15:43:06.060 INFO  Lavalink node: lavalink.scpcl.site has connected. 
15:45:35.863 INFO  MongoDB successfully connected 
15:45:36.161 INFO  Shard: 0 has became ready 
15:45:36.203 INFO  All guilds have been initialized. 
15:45:36.318 INFO  -=-=-=-=-=-=-=-=-=-=-=-=-=-=-=-=-=-=-=-=-=-=-=-=-=-=-=-= 
15:45:36.318 INFO  Void Music 2#3539, ready to serve [5] users in [3] servers. 
15:45:36.319 INFO  -=-=-=-=-=-=-=-=-=-=-=-=-=-=-=-=-=-=-=-=-=-=-=-=-=-=-=-= 
15:45:36.730 INFO  Lavalink node: lavalink.scpcl.site has connected. 
15:46:18.672 INFO  MongoDB successfully connected 
15:46:19.066 INFO  Shard: 0 has became ready 
15:46:19.107 INFO  All guilds have been initialized. 
15:46:19.226 INFO  -=-=-=-=-=-=-=-=-=-=-=-=-=-=-=-=-=-=-=-=-=-=-=-=-=-=-=-= 
15:46:19.227 INFO  Void Music 2#3539, ready to serve [5] users in [3] servers. 
15:46:19.227 INFO  -=-=-=-=-=-=-=-=-=-=-=-=-=-=-=-=-=-=-=-=-=-=-=-=-=-=-=-= 
15:46:19.679 INFO  Lavalink node: lavalink.scpcl.site has connected. 
15:46:55.978 INFO  MongoDB successfully connected 
15:46:57.283 INFO  Shard: 0 has became ready 
15:46:57.332 INFO  All guilds have been initialized. 
15:46:57.455 INFO  -=-=-=-=-=-=-=-=-=-=-=-=-=-=-=-=-=-=-=-=-=-=-=-=-=-=-=-= 
15:46:57.455 INFO  Void Music 2#3539, ready to serve [5] users in [3] servers. 
15:46:57.455 INFO  -=-=-=-=-=-=-=-=-=-=-=-=-=-=-=-=-=-=-=-=-=-=-=-=-=-=-=-= 
15:46:57.929 INFO  Lavalink node: lavalink.scpcl.site has connected. 
15:47:35.852 INFO  MongoDB successfully connected 
15:47:36.203 INFO  Shard: 0 has became ready 
15:47:36.247 INFO  All guilds have been initialized. 
15:47:36.358 INFO  -=-=-=-=-=-=-=-=-=-=-=-=-=-=-=-=-=-=-=-=-=-=-=-=-=-=-=-= 
15:47:36.358 INFO  Void Music 2#3539, ready to serve [5] users in [3] servers. 
15:47:36.358 INFO  -=-=-=-=-=-=-=-=-=-=-=-=-=-=-=-=-=-=-=-=-=-=-=-=-=-=-=-= 
15:47:36.715 INFO  Lavalink node: lavalink.scpcl.site has connected. 
15:47:57.024 ERROR Unknown Member
{"name":"DiscordAPIError","message":"Unknown Member","method":"get","path":"/guilds/866666289178869770/members/735266904200970290","code":10007,"httpStatus":404,"requestData":{"files":[]}}
DiscordAPIError: Unknown Member
    at RequestHandler.execute (D:\Bots\Discord Bots\Void Music\Void Music 2\node_modules\discord.js\src\rest\RequestHandler.js:350:13)
    at processTicksAndRejections (node:internal/process/task_queues:96:5)
    at async RequestHandler.push (D:\Bots\Discord Bots\Void Music\Void Music 2\node_modules\discord.js\src\rest\RequestHandler.js:51:14)
    at async GuildMemberManager._fetchSingle (D:\Bots\Discord Bots\Void Music\Void Music 2\node_modules\discord.js\src\managers\GuildMemberManager.js:407:18)
    at async Premium.callback (D:\Bots\Discord Bots\Void Music\Void Music 2\src\commands\Everyone\premium.js:69:33)
    at async slashCreate.run (D:\Bots\Discord Bots\Void Music\Void Music 2\src\events\custom\slashCreate.js:214:10) 
15:48:10.173 INFO  MongoDB successfully connected 
15:48:10.633 INFO  Shard: 0 has became ready 
15:48:10.676 INFO  All guilds have been initialized. 
15:48:10.813 INFO  -=-=-=-=-=-=-=-=-=-=-=-=-=-=-=-=-=-=-=-=-=-=-=-=-=-=-=-= 
15:48:10.813 INFO  Void Music 2#3539, ready to serve [4] users in [3] servers. 
15:48:10.813 INFO  -=-=-=-=-=-=-=-=-=-=-=-=-=-=-=-=-=-=-=-=-=-=-=-=-=-=-=-= 
15:48:10.954 INFO  Lavalink node: lavalink.scpcl.site has connected. 
16:31:19.034 INFO  MongoDB successfully connected 
16:31:19.518 INFO  Shard: 0 has became ready 
16:31:19.561 INFO  All guilds have been initialized. 
16:31:19.679 INFO  -=-=-=-=-=-=-=-=-=-=-=-=-=-=-=-=-=-=-=-=-=-=-=-=-=-=-=-= 
16:31:19.679 INFO  Void Music 2#3539, ready to serve [5] users in [3] servers. 
16:31:19.679 INFO  -=-=-=-=-=-=-=-=-=-=-=-=-=-=-=-=-=-=-=-=-=-=-=-=-=-=-=-= 
16:31:20.153 INFO  Lavalink node: lavalink.scpcl.site has connected. 
16:41:30.647 INFO  MongoDB successfully connected 
16:41:31.045 INFO  Shard: 0 has became ready 
16:41:31.088 INFO  All guilds have been initialized. 
16:41:31.209 INFO  -=-=-=-=-=-=-=-=-=-=-=-=-=-=-=-=-=-=-=-=-=-=-=-=-=-=-=-= 
16:41:31.209 INFO  Void Music 2#3539, ready to serve [5] users in [3] servers. 
16:41:31.209 INFO  -=-=-=-=-=-=-=-=-=-=-=-=-=-=-=-=-=-=-=-=-=-=-=-=-=-=-=-= 
16:41:33.316 INFO  Lavalink node: lavalink.scpcl.site has connected. 
16:45:13.507 INFO  MongoDB successfully connected 
16:45:13.894 INFO  Shard: 0 has became ready 
16:45:13.942 INFO  All guilds have been initialized. 
16:45:14.061 INFO  -=-=-=-=-=-=-=-=-=-=-=-=-=-=-=-=-=-=-=-=-=-=-=-=-=-=-=-= 
16:45:14.062 INFO  Void Music 2#3539, ready to serve [5] users in [3] servers. 
16:45:14.062 INFO  -=-=-=-=-=-=-=-=-=-=-=-=-=-=-=-=-=-=-=-=-=-=-=-=-=-=-=-= 
16:45:14.510 INFO  Lavalink node: lavalink.scpcl.site has connected. 
16:45:45.169 INFO  MongoDB successfully connected 
16:45:45.559 INFO  Shard: 0 has became ready 
16:45:45.608 INFO  All guilds have been initialized. 
16:45:45.733 INFO  -=-=-=-=-=-=-=-=-=-=-=-=-=-=-=-=-=-=-=-=-=-=-=-=-=-=-=-= 
16:45:45.734 INFO  Void Music 2#3539, ready to serve [5] users in [3] servers. 
16:45:45.734 INFO  -=-=-=-=-=-=-=-=-=-=-=-=-=-=-=-=-=-=-=-=-=-=-=-=-=-=-=-= 
16:45:46.094 INFO  Lavalink node: lavalink.scpcl.site has connected. 
16:46:09.148 INFO  MongoDB successfully connected 
16:46:09.530 INFO  Shard: 0 has became ready 
16:46:09.578 INFO  All guilds have been initialized. 
16:46:09.782 INFO  -=-=-=-=-=-=-=-=-=-=-=-=-=-=-=-=-=-=-=-=-=-=-=-=-=-=-=-= 
16:46:09.782 INFO  Void Music 2#3539, ready to serve [5] users in [3] servers. 
16:46:09.782 INFO  -=-=-=-=-=-=-=-=-=-=-=-=-=-=-=-=-=-=-=-=-=-=-=-=-=-=-=-= 
16:46:09.844 INFO  Lavalink node: lavalink.scpcl.site has connected. 
16:46:56.519 INFO  MongoDB successfully connected 
16:46:56.724 INFO  Shard: 0 has became ready 
16:46:56.770 INFO  All guilds have been initialized. 
16:46:56.896 INFO  -=-=-=-=-=-=-=-=-=-=-=-=-=-=-=-=-=-=-=-=-=-=-=-=-=-=-=-= 
16:46:56.896 INFO  Void Music 2#3539, ready to serve [5] users in [3] servers. 
16:46:56.896 INFO  -=-=-=-=-=-=-=-=-=-=-=-=-=-=-=-=-=-=-=-=-=-=-=-=-=-=-=-= 
16:46:57.564 INFO  Lavalink node: lavalink.scpcl.site has connected. 
16:47:19.109 INFO  MongoDB successfully connected 
16:47:19.484 INFO  Shard: 0 has became ready 
16:47:19.535 INFO  All guilds have been initialized. 
16:47:19.663 INFO  -=-=-=-=-=-=-=-=-=-=-=-=-=-=-=-=-=-=-=-=-=-=-=-=-=-=-=-= 
16:47:19.664 INFO  Void Music 2#3539, ready to serve [5] users in [3] servers. 
16:47:19.664 INFO  -=-=-=-=-=-=-=-=-=-=-=-=-=-=-=-=-=-=-=-=-=-=-=-=-=-=-=-= 
16:47:20.391 INFO  Lavalink node: lavalink.scpcl.site has connected. 
16:48:31.195 INFO  MongoDB successfully connected 
16:48:31.582 INFO  Shard: 0 has became ready 
16:48:31.636 INFO  All guilds have been initialized. 
16:48:31.758 INFO  -=-=-=-=-=-=-=-=-=-=-=-=-=-=-=-=-=-=-=-=-=-=-=-=-=-=-=-= 
16:48:31.759 INFO  Void Music 2#3539, ready to serve [5] users in [3] servers. 
16:48:31.759 INFO  -=-=-=-=-=-=-=-=-=-=-=-=-=-=-=-=-=-=-=-=-=-=-=-=-=-=-=-= 
16:48:32.217 INFO  Lavalink node: lavalink.scpcl.site has connected. 
16:48:38.801 ERROR Unhandled promise rejection: Cannot read properties of undefined (reading 'user'). 
16:48:48.754 INFO  MongoDB successfully connected 
16:48:49.294 INFO  Shard: 0 has became ready 
16:48:49.343 INFO  All guilds have been initialized. 
16:48:49.462 INFO  -=-=-=-=-=-=-=-=-=-=-=-=-=-=-=-=-=-=-=-=-=-=-=-=-=-=-=-= 
16:48:49.462 INFO  Void Music 2#3539, ready to serve [5] users in [3] servers. 
16:48:49.462 INFO  -=-=-=-=-=-=-=-=-=-=-=-=-=-=-=-=-=-=-=-=-=-=-=-=-=-=-=-= 
16:48:49.623 INFO  Lavalink node: lavalink.scpcl.site has connected. 
16:48:58.789 ERROR Unhandled promise rejection: The reply to this interaction has already been sent or deferred.. 
16:49:09.558 INFO  MongoDB successfully connected 
16:49:09.926 INFO  Shard: 0 has became ready 
16:49:09.964 INFO  All guilds have been initialized. 
16:49:10.077 INFO  -=-=-=-=-=-=-=-=-=-=-=-=-=-=-=-=-=-=-=-=-=-=-=-=-=-=-=-= 
16:49:10.077 INFO  Void Music 2#3539, ready to serve [5] users in [3] servers. 
16:49:10.077 INFO  -=-=-=-=-=-=-=-=-=-=-=-=-=-=-=-=-=-=-=-=-=-=-=-=-=-=-=-= 
16:49:10.220 INFO  Lavalink node: lavalink.scpcl.site has connected. 
16:49:44.980 INFO  MongoDB successfully connected 
16:49:45.222 INFO  Shard: 0 has became ready 
16:49:45.274 INFO  All guilds have been initialized. 
16:49:45.400 INFO  -=-=-=-=-=-=-=-=-=-=-=-=-=-=-=-=-=-=-=-=-=-=-=-=-=-=-=-= 
16:49:45.401 INFO  Void Music 2#3539, ready to serve [5] users in [3] servers. 
16:49:45.401 INFO  -=-=-=-=-=-=-=-=-=-=-=-=-=-=-=-=-=-=-=-=-=-=-=-=-=-=-=-= 
16:49:45.892 INFO  Lavalink node: lavalink.scpcl.site has connected. 
16:51:52.141 INFO  MongoDB successfully connected 
16:51:52.477 INFO  Shard: 0 has became ready 
16:51:52.534 INFO  All guilds have been initialized. 
16:51:52.663 INFO  -=-=-=-=-=-=-=-=-=-=-=-=-=-=-=-=-=-=-=-=-=-=-=-=-=-=-=-= 
16:51:52.663 INFO  Void Music 2#3539, ready to serve [5] users in [3] servers. 
16:51:52.663 INFO  -=-=-=-=-=-=-=-=-=-=-=-=-=-=-=-=-=-=-=-=-=-=-=-=-=-=-=-= 
16:51:53.131 INFO  Lavalink node: lavalink.scpcl.site has connected. 
16:52:45.836 INFO  MongoDB successfully connected 
16:52:46.289 INFO  Shard: 0 has became ready 
16:52:46.391 INFO  All guilds have been initialized. 
16:52:46.513 INFO  -=-=-=-=-=-=-=-=-=-=-=-=-=-=-=-=-=-=-=-=-=-=-=-=-=-=-=-= 
16:52:46.513 INFO  Void Music 2#3539, ready to serve [5] users in [3] servers. 
16:52:46.513 INFO  -=-=-=-=-=-=-=-=-=-=-=-=-=-=-=-=-=-=-=-=-=-=-=-=-=-=-=-= 
16:52:46.988 INFO  Lavalink node: lavalink.scpcl.site has connected. 
16:55:43.566 INFO  MongoDB successfully connected 
16:55:43.892 INFO  Shard: 0 has became ready 
16:55:43.931 INFO  All guilds have been initialized. 
16:55:44.046 INFO  -=-=-=-=-=-=-=-=-=-=-=-=-=-=-=-=-=-=-=-=-=-=-=-=-=-=-=-= 
16:55:44.046 INFO  Void Music 2#3539, ready to serve [5] users in [3] servers. 
16:55:44.047 INFO  -=-=-=-=-=-=-=-=-=-=-=-=-=-=-=-=-=-=-=-=-=-=-=-=-=-=-=-= 
16:55:44.523 INFO  Lavalink node: lavalink.scpcl.site has connected. 
16:56:10.017 INFO  MongoDB successfully connected 
16:56:10.451 INFO  Shard: 0 has became ready 
16:56:10.493 INFO  All guilds have been initialized. 
16:56:10.627 INFO  -=-=-=-=-=-=-=-=-=-=-=-=-=-=-=-=-=-=-=-=-=-=-=-=-=-=-=-= 
16:56:10.628 INFO  Void Music 2#3539, ready to serve [5] users in [3] servers. 
16:56:10.628 INFO  -=-=-=-=-=-=-=-=-=-=-=-=-=-=-=-=-=-=-=-=-=-=-=-=-=-=-=-= 
16:56:11.098 INFO  Lavalink node: lavalink.scpcl.site has connected. 
16:57:30.973 INFO  MongoDB successfully connected 
16:57:31.378 INFO  Shard: 0 has became ready 
16:57:31.426 INFO  All guilds have been initialized. 
16:57:31.540 INFO  -=-=-=-=-=-=-=-=-=-=-=-=-=-=-=-=-=-=-=-=-=-=-=-=-=-=-=-= 
16:57:31.541 INFO  Void Music 2#3539, ready to serve [5] users in [3] servers. 
16:57:31.541 INFO  -=-=-=-=-=-=-=-=-=-=-=-=-=-=-=-=-=-=-=-=-=-=-=-=-=-=-=-= 
16:57:32.044 INFO  Lavalink node: lavalink.scpcl.site has connected. 
16:58:19.941 INFO  MongoDB successfully connected 
16:58:20.306 INFO  Shard: 0 has became ready 
16:58:20.349 INFO  All guilds have been initialized. 
16:58:20.486 INFO  -=-=-=-=-=-=-=-=-=-=-=-=-=-=-=-=-=-=-=-=-=-=-=-=-=-=-=-= 
16:58:20.486 INFO  Void Music 2#3539, ready to serve [5] users in [3] servers. 
16:58:20.486 INFO  -=-=-=-=-=-=-=-=-=-=-=-=-=-=-=-=-=-=-=-=-=-=-=-=-=-=-=-= 
16:58:20.900 INFO  Lavalink node: lavalink.scpcl.site has connected. 
17:00:58.377 INFO  MongoDB successfully connected 
17:00:58.588 INFO  Shard: 0 has became ready 
17:00:58.640 INFO  All guilds have been initialized 
17:00:58.760 INFO  -=-=-=-=-=-=-=-=-=-=-=-=-=-=-=-=-=-=-=-=-=-=-=-=-=-=-=-= 
17:00:58.760 INFO  Void Music 2#3539, ready to serve [5] users in [3] servers 
17:00:58.760 INFO  -=-=-=-=-=-=-=-=-=-=-=-=-=-=-=-=-=-=-=-=-=-=-=-=-=-=-=-= 
17:00:59.108 INFO  Lavalink node: lavalink.scpcl.site has connected. 
17:15:02.600 INFO  MongoDB successfully connected 
17:15:02.904 INFO  Shard: 0 has became ready 
17:15:02.953 INFO  All guilds have been initialized 
17:15:03.077 INFO  -=-=-=-=-=-=-=-=-=-=-=-=-=-=-=-=-=-=-=-=-=-=-=-=-=-=-=-= 
17:15:03.078 INFO  Void Music 2#3539, ready to serve [5] users in [3] servers 
17:15:03.078 INFO  -=-=-=-=-=-=-=-=-=-=-=-=-=-=-=-=-=-=-=-=-=-=-=-=-=-=-=-= 
17:15:03.440 INFO  Lavalink node: lavalink.scpcl.site has connected. 
17:17:20.395 INFO  MongoDB successfully connected 
17:17:20.554 INFO  Shard: 0 has became ready 
17:17:20.603 INFO  All guilds have been initialized 
17:17:20.712 INFO  -=-=-=-=-=-=-=-=-=-=-=-=-=-=-=-=-=-=-=-=-=-=-=-=-=-=-=-= 
17:17:20.713 INFO  Void Music 2#3539, ready to serve [5] users in [3] servers 
17:17:20.713 INFO  -=-=-=-=-=-=-=-=-=-=-=-=-=-=-=-=-=-=-=-=-=-=-=-=-=-=-=-= 
17:17:21.188 INFO  Lavalink node: lavalink.scpcl.site has connected. 
17:18:20.184 INFO  MongoDB successfully connected 
17:18:20.432 INFO  Shard: 0 has became ready 
17:18:20.480 INFO  All guilds have been initialized 
17:18:20.600 INFO  -=-=-=-=-=-=-=-=-=-=-=-=-=-=-=-=-=-=-=-=-=-=-=-=-=-=-=-= 
17:18:20.600 INFO  Void Music 2#3539, ready to serve [5] users in [3] servers 
17:18:20.600 INFO  -=-=-=-=-=-=-=-=-=-=-=-=-=-=-=-=-=-=-=-=-=-=-=-=-=-=-=-= 
17:18:20.749 INFO  Lavalink node: lavalink.scpcl.site has connected. 
17:28:15.066 INFO  MongoDB successfully connected 
17:28:15.312 INFO  Shard: 0 has became ready 
17:28:15.358 INFO  All guilds have been initialized 
17:28:15.478 INFO  -=-=-=-=-=-=-=-=-=-=-=-=-=-=-=-=-=-=-=-=-=-=-=-=-=-=-=-= 
17:28:15.479 INFO  Void Music 2#3539, ready to serve [5] users in [3] servers 
17:28:15.479 INFO  -=-=-=-=-=-=-=-=-=-=-=-=-=-=-=-=-=-=-=-=-=-=-=-=-=-=-=-= 
17:28:15.981 INFO  Lavalink node: lavalink.scpcl.site has connected. 
17:29:12.074 ERROR Unhandled promise rejection: interaciton is not defined. 
17:29:49.126 INFO  MongoDB successfully connected 
17:29:49.479 INFO  Shard: 0 has became ready 
17:29:49.525 INFO  All guilds have been initialized 
17:29:49.644 INFO  -=-=-=-=-=-=-=-=-=-=-=-=-=-=-=-=-=-=-=-=-=-=-=-=-=-=-=-= 
17:29:49.644 INFO  Void Music 2#3539, ready to serve [5] users in [3] servers 
17:29:49.644 INFO  -=-=-=-=-=-=-=-=-=-=-=-=-=-=-=-=-=-=-=-=-=-=-=-=-=-=-=-= 
17:29:50.159 INFO  Lavalink node: lavalink.scpcl.site has connected. 
17:31:51.581 ERROR Unhandled promise rejection: bot.updatadeGuildSettings is not a function. 
17:32:24.531 INFO  MongoDB successfully connected 
17:32:24.878 INFO  Shard: 0 has became ready 
17:32:24.926 INFO  All guilds have been initialized 
17:32:25.042 INFO  -=-=-=-=-=-=-=-=-=-=-=-=-=-=-=-=-=-=-=-=-=-=-=-=-=-=-=-= 
17:32:25.043 INFO  Void Music 2#3539, ready to serve [5] users in [3] servers 
17:32:25.043 INFO  -=-=-=-=-=-=-=-=-=-=-=-=-=-=-=-=-=-=-=-=-=-=-=-=-=-=-=-= 
17:32:25.388 INFO  Lavalink node: lavalink.scpcl.site has connected. 
17:38:15.692 ERROR Unhandled promise rejection: Cannot read properties of null (reading 'id'). 
17:40:32.123 INFO  MongoDB successfully connected 
17:40:32.911 INFO  Shard: 0 has became ready 
17:40:32.950 INFO  All guilds have been initialized 
17:40:33.074 INFO  -=-=-=-=-=-=-=-=-=-=-=-=-=-=-=-=-=-=-=-=-=-=-=-=-=-=-=-= 
17:40:33.074 INFO  Void Music 2#3539, ready to serve [5] users in [3] servers 
17:40:33.074 INFO  -=-=-=-=-=-=-=-=-=-=-=-=-=-=-=-=-=-=-=-=-=-=-=-=-=-=-=-= 
17:40:33.459 INFO  Lavalink node: lavalink.scpcl.site has connected. 
17:40:34.378 ERROR Unhandled promise rejection: Cannot read properties of null (reading 'id'). 
17:41:23.717 INFO  Shard: 0 has became ready 
17:41:24.023 INFO  Lavalink node: lavalink.scpcl.site has connected. 
17:41:24.228 ERROR Unhandled promise rejection: Cannot read properties of null (reading 'id'). 
17:41:24.346 INFO  MongoDB successfully connected 
17:41:25.880 INFO  All guilds have been initialized 
17:41:25.993 INFO  -=-=-=-=-=-=-=-=-=-=-=-=-=-=-=-=-=-=-=-=-=-=-=-=-=-=-=-= 
17:41:25.993 INFO  Void Music 2#3539, ready to serve [5] users in [3] servers 
17:41:25.994 INFO  -=-=-=-=-=-=-=-=-=-=-=-=-=-=-=-=-=-=-=-=-=-=-=-=-=-=-=-= 
17:41:54.252 INFO  MongoDB successfully connected 
17:41:54.571 INFO  Shard: 0 has became ready 
17:41:54.750 INFO  All guilds have been initialized 
17:41:54.867 INFO  -=-=-=-=-=-=-=-=-=-=-=-=-=-=-=-=-=-=-=-=-=-=-=-=-=-=-=-= 
17:41:54.867 INFO  Void Music 2#3539, ready to serve [5] users in [3] servers 
17:41:54.867 INFO  -=-=-=-=-=-=-=-=-=-=-=-=-=-=-=-=-=-=-=-=-=-=-=-=-=-=-=-= 
17:41:55.117 INFO  Lavalink node: lavalink.scpcl.site has connected. 
18:41:08.893 INFO  MongoDB successfully connected 
18:41:09.253 INFO  Shard: 0 has became ready 
18:41:09.300 INFO  All guilds have been initialized 
18:41:09.659 INFO  -=-=-=-=-=-=-=-=-=-=-=-=-=-=-=-=-=-=-=-=-=-=-=-=-=-=-=-= 
18:41:09.660 INFO  Void Music 2#3539, ready to serve [5] users in [3] servers 
18:41:09.660 INFO  -=-=-=-=-=-=-=-=-=-=-=-=-=-=-=-=-=-=-=-=-=-=-=-=-=-=-=-= 
18:41:11.069 INFO  Lavalink node: lavalink.scpcl.site has connected. 
18:42:10.323 INFO  MongoDB successfully connected 
18:42:10.654 INFO  Shard: 0 has became ready 
18:42:10.812 INFO  All guilds have been initialized 
18:42:10.987 INFO  Lavalink node: lavalink.scpcl.site has connected. 
18:42:11.172 INFO  -=-=-=-=-=-=-=-=-=-=-=-=-=-=-=-=-=-=-=-=-=-=-=-=-=-=-=-= 
18:42:11.173 INFO  Void Music 2#3539, ready to serve [5] users in [3] servers 
18:42:11.173 INFO  -=-=-=-=-=-=-=-=-=-=-=-=-=-=-=-=-=-=-=-=-=-=-=-=-=-=-=-= 
18:58:33.528 INFO  Shard: 0 has became ready 
18:58:33.877 INFO  Lavalink node: lavalink.scpcl.site has connected. 
18:58:34.257 INFO  MongoDB successfully connected 
18:58:34.573 INFO  All guilds have been initialized 
18:58:34.698 INFO  -=-=-=-=-=-=-=-=-=-=-=-=-=-=-=-=-=-=-=-=-=-=-=-=-=-=-=-= 
18:58:34.698 INFO  Void Music 2#3539, ready to serve [6] users in [3] servers 
18:58:34.699 INFO  -=-=-=-=-=-=-=-=-=-=-=-=-=-=-=-=-=-=-=-=-=-=-=-=-=-=-=-= 
19:00:21.188 ERROR Unhandled promise rejection: Unknown interaction. 
19:30:13.814 INFO  MongoDB successfully connected 
19:30:14.271 INFO  Shard: 0 has became ready 
19:30:14.312 INFO  All guilds have been initialized 
19:30:14.430 INFO  -=-=-=-=-=-=-=-=-=-=-=-=-=-=-=-=-=-=-=-=-=-=-=-=-=-=-=-= 
19:30:14.431 INFO  Void Music 2#3539, ready to serve [5] users in [3] servers 
19:30:14.431 INFO  -=-=-=-=-=-=-=-=-=-=-=-=-=-=-=-=-=-=-=-=-=-=-=-=-=-=-=-= 
19:30:14.924 INFO  Lavalink node: lavalink.scpcl.site has connected. 
19:30:36.530 INFO  MongoDB successfully connected 
19:30:36.895 INFO  Shard: 0 has became ready 
19:30:36.941 INFO  All guilds have been initialized 
19:30:37.054 INFO  -=-=-=-=-=-=-=-=-=-=-=-=-=-=-=-=-=-=-=-=-=-=-=-=-=-=-=-= 
19:30:37.055 INFO  Void Music 2#3539, ready to serve [5] users in [3] servers 
19:30:37.055 INFO  -=-=-=-=-=-=-=-=-=-=-=-=-=-=-=-=-=-=-=-=-=-=-=-=-=-=-=-= 
19:30:37.550 INFO  Lavalink node: lavalink.scpcl.site has connected. 
20:07:42.823 ERROR Unable to load command announce.js: SyntaxError: Unexpected strict mode reserved word 
20:07:42.825 ERROR Unable to load command ban.js: SyntaxError: Unexpected strict mode reserved word 
20:07:42.826 ERROR Unable to load command playlists.js: SyntaxError: Unexpected strict mode reserved word 
20:07:42.828 ERROR Unable to load command setup.js: SyntaxError: Unexpected strict mode reserved word 
20:07:42.829 ERROR Unable to load command test.js: SyntaxError: Unexpected strict mode reserved word 
20:07:42.835 ERROR Unable to load command unban.js: SyntaxError: Unexpected strict mode reserved word 
20:07:42.840 ERROR Unable to load command help.js: SyntaxError: Unexpected strict mode reserved word 
20:07:42.843 ERROR Unable to load command lyrics.js: SyntaxError: Unexpected strict mode reserved word 
20:07:42.845 ERROR Unable to load command ping.js: SyntaxError: Unexpected strict mode reserved word 
20:07:42.847 ERROR Unable to load command play.js: SyntaxError: Unexpected strict mode reserved word 
20:07:42.849 ERROR Unable to load command playlist.js: SyntaxError: Unexpected strict mode reserved word 
20:07:42.851 ERROR Unable to load command premium.js: SyntaxError: Unexpected strict mode reserved word 
20:07:42.853 ERROR Unable to load command queue.js: SyntaxError: Unexpected strict mode reserved word 
20:07:42.855 ERROR Unable to load command songinfo.js: SyntaxError: Unexpected strict mode reserved word 
20:07:42.856 ERROR Unable to load command voteskip.js: SyntaxError: Unexpected strict mode reserved word 
20:07:42.889 ERROR Unable to load command docs.js: SyntaxError: Unexpected strict mode reserved word 
20:07:42.891 ERROR Unable to load command eval.js: SyntaxError: Unexpected strict mode reserved word 
20:07:42.892 ERROR Unable to load command lavalink.js: SyntaxError: Unexpected strict mode reserved word 
20:07:42.895 ERROR Unable to load command node.js: SyntaxError: Unexpected strict mode reserved word 
20:07:42.897 ERROR Unable to load command reload.js: SyntaxError: Unexpected strict mode reserved word 
20:07:42.898 ERROR Unable to load command shutdown.js: SyntaxError: Unexpected strict mode reserved word 
20:07:42.900 ERROR Unable to load command suggestion.js: SyntaxError: Unexpected strict mode reserved word 
20:07:42.904 ERROR Unable to load command user.js: SyntaxError: Unexpected strict mode reserved word 
20:07:42.908 ERROR Unable to load command about.js: SyntaxError: Unexpected strict mode reserved word 
20:07:42.909 ERROR Unable to load command invite.js: SyntaxError: Unexpected strict mode reserved word 
20:07:42.912 ERROR Unable to load command shorturl.js: SyntaxError: Unexpected strict mode reserved word 
20:07:42.914 ERROR Unable to load command status.js: SyntaxError: Unexpected strict mode reserved word 
20:07:42.916 ERROR Unable to load command support.js: SyntaxError: Unexpected strict mode reserved word 
20:07:42.918 ERROR Unable to load command uptime.js: SyntaxError: Unexpected strict mode reserved word 
20:07:42.920 ERROR Unable to load command 247.js: SyntaxError: Unexpected strict mode reserved word 
20:07:42.921 ERROR Unable to load command back.js: SyntaxError: Unexpected strict mode reserved word 
20:07:42.924 ERROR Unable to load command bassboost.js: SyntaxError: Unexpected strict mode reserved word 
20:07:42.926 ERROR Unable to load command dc.js: SyntaxError: Unexpected strict mode reserved word 
20:07:42.928 ERROR Unable to load command fast-forward.js: SyntaxError: Unexpected strict mode reserved word 
20:07:42.931 ERROR Unable to load command join.js: SyntaxError: Unexpected strict mode reserved word 
20:07:42.933 ERROR Unable to load command loop.js: SyntaxError: Unexpected strict mode reserved word 
20:07:43.054 ERROR Unable to load command lyrics12.js: SyntaxError: Unexpected strict mode reserved word 
20:07:43.055 ERROR Unable to load command move.js: SyntaxError: Unexpected strict mode reserved word 
20:07:43.056 ERROR Unable to load command nightcore.js: SyntaxError: Unexpected strict mode reserved word 
20:07:43.059 ERROR Unable to load command np.js: SyntaxError: Unexpected strict mode reserved word 
20:07:43.061 ERROR Unable to load command p-add.js: SyntaxError: Unexpected strict mode reserved word 
20:07:43.063 ERROR Unable to load command p-create.js: SyntaxError: Unexpected strict mode reserved word 
20:07:43.065 ERROR Unable to load command p-delete.js: SyntaxError: Unexpected strict mode reserved word 
20:07:43.067 ERROR Unable to load command p-load.js: SyntaxError: Unexpected strict mode reserved word 
20:07:43.068 ERROR Unable to load command p-remove.js: SyntaxError: Unexpected strict mode reserved word 
20:07:43.070 ERROR Unable to load command p-view.js: SyntaxError: Unexpected strict mode reserved word 
20:07:43.072 ERROR Unable to load command pause.js: SyntaxError: Unexpected strict mode reserved word 
20:07:43.073 ERROR Unable to load command pitch.js: SyntaxError: Unexpected strict mode reserved word 
20:07:43.074 ERROR Unable to load command play12.js: SyntaxError: Unexpected strict mode reserved word 
20:07:43.076 ERROR Unable to load command previous.js: SyntaxError: Unexpected strict mode reserved word 
20:07:43.078 ERROR Unable to load command queue12.js: SyntaxError: Unexpected strict mode reserved word 
20:07:43.085 ERROR Unable to load command radio.js: SyntaxError: Unexpected strict mode reserved word 
20:07:43.087 ERROR Unable to load command remove.js: SyntaxError: Unexpected strict mode reserved word 
20:07:43.088 ERROR Unable to load command resume.js: SyntaxError: Unexpected strict mode reserved word 
20:07:43.090 ERROR Unable to load command rewind.js: SyntaxError: Unexpected strict mode reserved word 
20:07:43.091 ERROR Unable to load command search.js: SyntaxError: Unexpected strict mode reserved word 
20:07:43.093 ERROR Unable to load command seek.js: SyntaxError: Unexpected strict mode reserved word 
20:07:43.094 ERROR Unable to load command shuffle.js: SyntaxError: Unexpected strict mode reserved word 
20:07:43.096 ERROR Unable to load command skip.js: SyntaxError: Unexpected strict mode reserved word 
20:07:43.097 ERROR Unable to load command speed.js: SyntaxError: Unexpected strict mode reserved word 
20:07:43.099 ERROR Unable to load command vaporwave.js: SyntaxError: Unexpected strict mode reserved word 
20:07:43.101 ERROR Unable to load command volume.js: SyntaxError: Unexpected strict mode reserved word 
20:07:43.595 INFO  MongoDB successfully connected 
20:07:43.852 INFO  Shard: 0 has became ready 
20:07:43.899 ERROR Unhandled promise rejection: Cannot read properties of undefined (reading 'guildID'). 
20:10:00.094 ERROR Unable to load command announce.js: SyntaxError: Unexpected strict mode reserved word 
20:10:00.095 ERROR Unable to load command ban.js: SyntaxError: Unexpected strict mode reserved word 
20:10:00.097 ERROR Unable to load command playlists.js: SyntaxError: Unexpected strict mode reserved word 
20:10:00.099 ERROR Unable to load command setup.js: SyntaxError: Unexpected strict mode reserved word 
20:10:00.100 ERROR Unable to load command test.js: SyntaxError: Unexpected strict mode reserved word 
20:10:00.106 ERROR Unable to load command unban.js: SyntaxError: Unexpected strict mode reserved word 
20:10:00.133 ERROR Unable to load command docs.js: SyntaxError: Unexpected strict mode reserved word 
20:10:00.135 ERROR Unable to load command eval.js: SyntaxError: Unexpected strict mode reserved word 
20:10:00.137 ERROR Unable to load command lavalink.js: SyntaxError: Unexpected strict mode reserved word 
20:10:00.139 ERROR Unable to load command node.js: SyntaxError: Unexpected strict mode reserved word 
20:10:00.141 ERROR Unable to load command reload.js: SyntaxError: Unexpected strict mode reserved word 
20:10:00.143 ERROR Unable to load command shutdown.js: SyntaxError: Unexpected strict mode reserved word 
20:10:00.144 ERROR Unable to load command suggestion.js: SyntaxError: Unexpected strict mode reserved word 
20:10:00.147 ERROR Unable to load command user.js: SyntaxError: Unexpected strict mode reserved word 
20:10:00.151 ERROR Unable to load command help.js: SyntaxError: Unexpected strict mode reserved word 
20:10:00.153 ERROR Unable to load command lyrics.js: SyntaxError: Unexpected strict mode reserved word 
20:10:00.155 ERROR Unable to load command ping.js: SyntaxError: Unexpected strict mode reserved word 
20:10:00.157 ERROR Unable to load command play.js: SyntaxError: Unexpected strict mode reserved word 
20:10:00.159 ERROR Unable to load command playlist.js: SyntaxError: Unexpected strict mode reserved word 
20:10:00.161 ERROR Unable to load command premium.js: SyntaxError: Unexpected strict mode reserved word 
20:10:00.162 ERROR Unable to load command queue.js: SyntaxError: Unexpected strict mode reserved word 
20:10:00.164 ERROR Unable to load command songinfo.js: SyntaxError: Unexpected strict mode reserved word 
20:10:00.166 ERROR Unable to load command voteskip.js: SyntaxError: Unexpected strict mode reserved word 
20:10:00.185 ERROR Unable to load command about.js: SyntaxError: Unexpected strict mode reserved word 
20:10:00.186 ERROR Unable to load command invite.js: SyntaxError: Unexpected strict mode reserved word 
20:10:00.189 ERROR Unable to load command shorturl.js: SyntaxError: Unexpected strict mode reserved word 
20:10:00.190 ERROR Unable to load command status.js: SyntaxError: Unexpected strict mode reserved word 
20:10:00.192 ERROR Unable to load command support.js: SyntaxError: Unexpected strict mode reserved word 
20:10:00.193 ERROR Unable to load command uptime.js: SyntaxError: Unexpected strict mode reserved word 
20:10:00.195 ERROR Unable to load command 247.js: SyntaxError: Unexpected strict mode reserved word 
20:10:00.197 ERROR Unable to load command back.js: SyntaxError: Unexpected strict mode reserved word 
20:10:00.199 ERROR Unable to load command bassboost.js: SyntaxError: Unexpected strict mode reserved word 
20:10:00.200 ERROR Unable to load command dc.js: SyntaxError: Unexpected strict mode reserved word 
20:10:00.203 ERROR Unable to load command fast-forward.js: SyntaxError: Unexpected strict mode reserved word 
20:10:00.204 ERROR Unable to load command join.js: SyntaxError: Unexpected strict mode reserved word 
20:10:00.206 ERROR Unable to load command loop.js: SyntaxError: Unexpected strict mode reserved word 
20:10:00.316 ERROR Unable to load command lyrics12.js: SyntaxError: Unexpected strict mode reserved word 
20:10:00.317 ERROR Unable to load command move.js: SyntaxError: Unexpected strict mode reserved word 
20:10:00.319 ERROR Unable to load command nightcore.js: SyntaxError: Unexpected strict mode reserved word 
20:10:00.323 ERROR Unable to load command np.js: SyntaxError: Unexpected strict mode reserved word 
20:10:00.325 ERROR Unable to load command p-add.js: SyntaxError: Unexpected strict mode reserved word 
20:10:00.327 ERROR Unable to load command p-create.js: SyntaxError: Unexpected strict mode reserved word 
20:10:00.328 ERROR Unable to load command p-delete.js: SyntaxError: Unexpected strict mode reserved word 
20:10:00.331 ERROR Unable to load command p-load.js: SyntaxError: Unexpected strict mode reserved word 
20:10:00.333 ERROR Unable to load command p-remove.js: SyntaxError: Unexpected strict mode reserved word 
20:10:00.335 ERROR Unable to load command p-view.js: SyntaxError: Unexpected strict mode reserved word 
20:10:00.337 ERROR Unable to load command pause.js: SyntaxError: Unexpected strict mode reserved word 
20:10:00.339 ERROR Unable to load command pitch.js: SyntaxError: Unexpected strict mode reserved word 
20:10:00.341 ERROR Unable to load command play12.js: SyntaxError: Unexpected strict mode reserved word 
20:10:00.343 ERROR Unable to load command previous.js: SyntaxError: Unexpected strict mode reserved word 
20:10:00.345 ERROR Unable to load command queue12.js: SyntaxError: Unexpected strict mode reserved word 
20:10:00.353 ERROR Unable to load command radio.js: SyntaxError: Unexpected strict mode reserved word 
20:10:00.355 ERROR Unable to load command remove.js: SyntaxError: Unexpected strict mode reserved word 
20:10:00.357 ERROR Unable to load command resume.js: SyntaxError: Unexpected strict mode reserved word 
20:10:00.359 ERROR Unable to load command rewind.js: SyntaxError: Unexpected strict mode reserved word 
20:10:00.360 ERROR Unable to load command search.js: SyntaxError: Unexpected strict mode reserved word 
20:10:00.362 ERROR Unable to load command seek.js: SyntaxError: Unexpected strict mode reserved word 
20:10:00.364 ERROR Unable to load command shuffle.js: SyntaxError: Unexpected strict mode reserved word 
20:10:00.366 ERROR Unable to load command skip.js: SyntaxError: Unexpected strict mode reserved word 
20:10:00.368 ERROR Unable to load command speed.js: SyntaxError: Unexpected strict mode reserved word 
20:10:00.369 ERROR Unable to load command vaporwave.js: SyntaxError: Unexpected strict mode reserved word 
20:10:00.371 ERROR Unable to load command volume.js: SyntaxError: Unexpected strict mode reserved word 
20:10:00.825 INFO  MongoDB successfully connected 
20:10:01.188 INFO  Shard: 0 has became ready 
20:11:04.505 ERROR Unable to load command announce.js: SyntaxError: Unexpected strict mode reserved word 
20:11:04.507 ERROR Unable to load command ban.js: SyntaxError: Unexpected strict mode reserved word 
20:11:04.509 ERROR Unable to load command playlists.js: SyntaxError: Unexpected strict mode reserved word 
20:11:04.510 ERROR Unable to load command setup.js: SyntaxError: Unexpected strict mode reserved word 
20:11:04.513 ERROR Unable to load command test.js: SyntaxError: Unexpected strict mode reserved word 
20:11:04.518 ERROR Unable to load command unban.js: SyntaxError: Unexpected strict mode reserved word 
20:11:04.522 ERROR Unable to load command help.js: SyntaxError: Unexpected strict mode reserved word 
20:11:04.524 ERROR Unable to load command lyrics.js: SyntaxError: Unexpected strict mode reserved word 
20:11:04.526 ERROR Unable to load command ping.js: SyntaxError: Unexpected strict mode reserved word 
20:11:04.528 ERROR Unable to load command play.js: SyntaxError: Unexpected strict mode reserved word 
20:11:04.531 ERROR Unable to load command playlist.js: SyntaxError: Unexpected strict mode reserved word 
20:11:04.532 ERROR Unable to load command premium.js: SyntaxError: Unexpected strict mode reserved word 
20:11:04.534 ERROR Unable to load command queue.js: SyntaxError: Unexpected strict mode reserved word 
20:11:04.536 ERROR Unable to load command songinfo.js: SyntaxError: Unexpected strict mode reserved word 
20:11:04.538 ERROR Unable to load command voteskip.js: SyntaxError: Unexpected strict mode reserved word 
20:11:04.541 ERROR Unable to load command about.js: SyntaxError: Unexpected strict mode reserved word 
20:11:04.543 ERROR Unable to load command invite.js: SyntaxError: Unexpected strict mode reserved word 
20:11:04.547 ERROR Unable to load command shorturl.js: SyntaxError: Unexpected strict mode reserved word 
20:11:04.548 ERROR Unable to load command status.js: SyntaxError: Unexpected strict mode reserved word 
20:11:04.550 ERROR Unable to load command support.js: SyntaxError: Unexpected strict mode reserved word 
20:11:04.552 ERROR Unable to load command uptime.js: SyntaxError: Unexpected strict mode reserved word 
20:11:04.579 ERROR Unable to load command docs.js: SyntaxError: Unexpected strict mode reserved word 
20:11:04.580 ERROR Unable to load command eval.js: SyntaxError: Unexpected strict mode reserved word 
20:11:04.582 ERROR Unable to load command lavalink.js: SyntaxError: Unexpected strict mode reserved word 
20:11:04.584 ERROR Unable to load command node.js: SyntaxError: Unexpected strict mode reserved word 
20:11:04.585 ERROR Unable to load command reload.js: SyntaxError: Unexpected strict mode reserved word 
20:11:04.587 ERROR Unable to load command shutdown.js: SyntaxError: Unexpected strict mode reserved word 
20:11:04.588 ERROR Unable to load command suggestion.js: SyntaxError: Unexpected strict mode reserved word 
20:11:04.592 ERROR Unable to load command user.js: SyntaxError: Unexpected strict mode reserved word 
20:11:04.594 ERROR Unable to load command 247.js: SyntaxError: Unexpected strict mode reserved word 
20:11:04.595 ERROR Unable to load command back.js: SyntaxError: Unexpected strict mode reserved word 
20:11:04.597 ERROR Unable to load command bassboost.js: SyntaxError: Unexpected strict mode reserved word 
20:11:04.598 ERROR Unable to load command dc.js: SyntaxError: Unexpected strict mode reserved word 
20:11:04.600 ERROR Unable to load command fast-forward.js: SyntaxError: Unexpected strict mode reserved word 
20:11:04.602 ERROR Unable to load command join.js: SyntaxError: Unexpected strict mode reserved word 
20:11:04.603 ERROR Unable to load command loop.js: SyntaxError: Unexpected strict mode reserved word 
20:11:04.711 ERROR Unable to load command lyrics12.js: SyntaxError: Unexpected strict mode reserved word 
20:11:04.712 ERROR Unable to load command move.js: SyntaxError: Unexpected strict mode reserved word 
20:11:04.714 ERROR Unable to load command nightcore.js: SyntaxError: Unexpected strict mode reserved word 
20:11:04.717 ERROR Unable to load command np.js: SyntaxError: Unexpected strict mode reserved word 
20:11:04.719 ERROR Unable to load command p-add.js: SyntaxError: Unexpected strict mode reserved word 
20:11:04.720 ERROR Unable to load command p-create.js: SyntaxError: Unexpected strict mode reserved word 
20:11:04.722 ERROR Unable to load command p-delete.js: SyntaxError: Unexpected strict mode reserved word 
20:11:04.724 ERROR Unable to load command p-load.js: SyntaxError: Unexpected strict mode reserved word 
20:11:04.726 ERROR Unable to load command p-remove.js: SyntaxError: Unexpected strict mode reserved word 
20:11:04.728 ERROR Unable to load command p-view.js: SyntaxError: Unexpected strict mode reserved word 
20:11:04.729 ERROR Unable to load command pause.js: SyntaxError: Unexpected strict mode reserved word 
20:11:04.731 ERROR Unable to load command pitch.js: SyntaxError: Unexpected strict mode reserved word 
20:11:04.733 ERROR Unable to load command play12.js: SyntaxError: Unexpected strict mode reserved word 
20:11:04.735 ERROR Unable to load command previous.js: SyntaxError: Unexpected strict mode reserved word 
20:11:04.736 ERROR Unable to load command queue12.js: SyntaxError: Unexpected strict mode reserved word 
20:11:04.743 ERROR Unable to load command radio.js: SyntaxError: Unexpected strict mode reserved word 
20:11:04.745 ERROR Unable to load command remove.js: SyntaxError: Unexpected strict mode reserved word 
20:11:04.746 ERROR Unable to load command resume.js: SyntaxError: Unexpected strict mode reserved word 
20:11:04.748 ERROR Unable to load command rewind.js: SyntaxError: Unexpected strict mode reserved word 
20:11:04.750 ERROR Unable to load command search.js: SyntaxError: Unexpected strict mode reserved word 
20:11:04.752 ERROR Unable to load command seek.js: SyntaxError: Unexpected strict mode reserved word 
20:11:04.753 ERROR Unable to load command shuffle.js: SyntaxError: Unexpected strict mode reserved word 
20:11:04.754 ERROR Unable to load command skip.js: SyntaxError: Unexpected strict mode reserved word 
20:11:04.756 ERROR Unable to load command speed.js: SyntaxError: Unexpected strict mode reserved word 
20:11:04.757 ERROR Unable to load command vaporwave.js: SyntaxError: Unexpected strict mode reserved word 
20:11:04.759 ERROR Unable to load command volume.js: SyntaxError: Unexpected strict mode reserved word 
20:11:49.973 INFO  MongoDB successfully connected 
20:11:50.316 INFO  Shard: 0 has became ready 
20:11:50.552 INFO  All guilds have been initialized 
20:11:50.678 INFO  -=-=-=-=-=-=-=-=-=-=-=-=-=-=-=-=-=-=-=-=-=-=-=-=-=-=-=-= 
20:11:50.678 INFO  Void Music 2#3539, ready to serve [5] users in [3] servers 
20:11:50.678 INFO  -=-=-=-=-=-=-=-=-=-=-=-=-=-=-=-=-=-=-=-=-=-=-=-=-=-=-=-= 
20:11:50.963 INFO  Lavalink node: lavalink.scpcl.site has connected. 
20:14:55.022 INFO  MongoDB successfully connected 
20:14:55.434 INFO  Shard: 0 has became ready 
20:14:55.481 INFO  All guilds have been initialized 
20:14:55.611 INFO  -=-=-=-=-=-=-=-=-=-=-=-=-=-=-=-=-=-=-=-=-=-=-=-=-=-=-=-= 
20:14:55.611 INFO  Void Music 2#3539, ready to serve [5] users in [3] servers 
20:14:55.611 INFO  -=-=-=-=-=-=-=-=-=-=-=-=-=-=-=-=-=-=-=-=-=-=-=-=-=-=-=-= 
20:14:56.081 INFO  Lavalink node: lavalink.scpcl.site has connected. 
20:15:55.989 INFO  Shard: 0 has became ready 
20:15:56.532 INFO  Lavalink node: lavalink.scpcl.site has connected. 
20:15:56.779 INFO  MongoDB successfully connected 
20:15:57.007 INFO  All guilds have been initialized 
20:15:57.134 INFO  -=-=-=-=-=-=-=-=-=-=-=-=-=-=-=-=-=-=-=-=-=-=-=-=-=-=-=-= 
20:15:57.135 INFO  Void Music 2#3539, ready to serve [5] users in [3] servers 
20:15:57.135 INFO  -=-=-=-=-=-=-=-=-=-=-=-=-=-=-=-=-=-=-=-=-=-=-=-=-=-=-=-= 
20:17:18.853 INFO  MongoDB successfully connected 
20:17:19.163 INFO  Shard: 0 has became ready 
20:17:19.400 INFO  All guilds have been initialized 
20:17:19.480 INFO  Lavalink node: lavalink.scpcl.site has connected. 
20:17:19.525 INFO  -=-=-=-=-=-=-=-=-=-=-=-=-=-=-=-=-=-=-=-=-=-=-=-=-=-=-=-= 
20:17:19.525 INFO  Void Music 2#3539, ready to serve [5] users in [3] servers 
20:17:19.526 INFO  -=-=-=-=-=-=-=-=-=-=-=-=-=-=-=-=-=-=-=-=-=-=-=-=-=-=-=-= 
20:18:34.771 INFO  MongoDB successfully connected 
20:18:35.141 INFO  Shard: 0 has became ready 
20:18:35.366 INFO  All guilds have been initialized 
20:18:35.489 INFO  -=-=-=-=-=-=-=-=-=-=-=-=-=-=-=-=-=-=-=-=-=-=-=-=-=-=-=-= 
20:18:35.490 INFO  Void Music 2#3539, ready to serve [5] users in [3] servers 
20:18:35.490 INFO  -=-=-=-=-=-=-=-=-=-=-=-=-=-=-=-=-=-=-=-=-=-=-=-=-=-=-=-= 
20:18:35.763 INFO  Lavalink node: lavalink.scpcl.site has connected. 
20:19:11.213 INFO  MongoDB successfully connected 
20:19:11.641 INFO  Shard: 0 has became ready 
20:19:11.882 INFO  All guilds have been initialized 
20:19:11.998 INFO  -=-=-=-=-=-=-=-=-=-=-=-=-=-=-=-=-=-=-=-=-=-=-=-=-=-=-=-= 
20:19:11.999 INFO  Void Music 2#3539, ready to serve [6] users in [3] servers 
20:19:11.999 INFO  -=-=-=-=-=-=-=-=-=-=-=-=-=-=-=-=-=-=-=-=-=-=-=-=-=-=-=-= 
20:19:12.151 INFO  Lavalink node: lavalink.scpcl.site has connected. 
20:20:31.906 INFO  MongoDB successfully connected 
20:20:32.240 INFO  Shard: 0 has became ready 
20:20:32.480 INFO  All guilds have been initialized 
20:20:32.599 INFO  -=-=-=-=-=-=-=-=-=-=-=-=-=-=-=-=-=-=-=-=-=-=-=-=-=-=-=-= 
20:20:32.599 INFO  Void Music 2#3539, ready to serve [5] users in [3] servers 
20:20:32.599 INFO  -=-=-=-=-=-=-=-=-=-=-=-=-=-=-=-=-=-=-=-=-=-=-=-=-=-=-=-= 
20:20:32.862 INFO  Lavalink node: lavalink.scpcl.site has connected. 
20:21:49.603 INFO  MongoDB successfully connected 
20:21:49.865 INFO  Shard: 0 has became ready 
20:21:49.916 INFO  All guilds have been initialized 
20:21:50.037 INFO  -=-=-=-=-=-=-=-=-=-=-=-=-=-=-=-=-=-=-=-=-=-=-=-=-=-=-=-= 
20:21:50.037 INFO  Void Music 2#3539, ready to serve [5] users in [3] servers 
20:21:50.038 INFO  -=-=-=-=-=-=-=-=-=-=-=-=-=-=-=-=-=-=-=-=-=-=-=-=-=-=-=-= 
20:21:50.558 INFO  Lavalink node: lavalink.scpcl.site has connected. 

