00:07:21.877 INFO  1 language(s) have loaded. (en-US) 
00:07:22.175 INFO  MongoDB successfully connected 
00:07:22.558 INFO  Shard: 0 has became ready 
00:07:22.581 INFO  Lavalink node: 0.0.0.0 has connected. 
00:07:22.599 INFO  All guilds have been initialized 
00:07:22.724 INFO  -=-=-=-=-=-=-=-=-=-=-=-=-=-=-=-=-=-=-=-=-=-=-=-=-=-=-=-= 
00:07:22.724 INFO  Void Music 2#3539, ready to serve [8] users in [3] servers 
00:07:22.724 INFO  -=-=-=-=-=-=-=-=-=-=-=-=-=-=-=-=-=-=-=-=-=-=-=-=-=-=-=-= 
00:11:22.090 INFO  1 language(s) have loaded. (en-US) 
00:11:22.380 INFO  MongoDB successfully connected 
00:11:22.827 INFO  Shard: 0 has became ready 
00:11:22.853 INFO  Lavalink node: 0.0.0.0 has connected. 
00:11:22.869 INFO  All guilds have been initialized 
00:11:22.988 INFO  -=-=-=-=-=-=-=-=-=-=-=-=-=-=-=-=-=-=-=-=-=-=-=-=-=-=-=-= 
00:11:22.989 INFO  Void Music 2#3539, ready to serve [8] users in [3] servers 
00:11:22.989 INFO  -=-=-=-=-=-=-=-=-=-=-=-=-=-=-=-=-=-=-=-=-=-=-=-=-=-=-=-= 
00:11:31.879 ERROR Bot encountered an error: PermissionFlagsBits is not defined. 
00:12:44.938 INFO  1 language(s) have loaded. (en-US) 
00:12:45.275 INFO  MongoDB successfully connected 
00:12:45.708 INFO  Shard: 0 has became ready 
00:12:45.729 INFO  Lavalink node: 0.0.0.0 has connected. 
00:12:45.744 INFO  All guilds have been initialized 
00:12:45.863 INFO  -=-=-=-=-=-=-=-=-=-=-=-=-=-=-=-=-=-=-=-=-=-=-=-=-=-=-=-= 
00:12:45.864 INFO  Void Music 2#3539, ready to serve [8] users in [3] servers 
00:12:45.864 INFO  -=-=-=-=-=-=-=-=-=-=-=-=-=-=-=-=-=-=-=-=-=-=-=-=-=-=-=-= 
00:13:50.547 INFO  1 language(s) have loaded. (en-US) 
00:13:50.850 INFO  MongoDB successfully connected 
00:13:51.229 INFO  Shard: 0 has became ready 
00:13:51.251 INFO  Lavalink node: 0.0.0.0 has connected. 
00:13:51.275 INFO  All guilds have been initialized 
00:13:51.409 INFO  -=-=-=-=-=-=-=-=-=-=-=-=-=-=-=-=-=-=-=-=-=-=-=-=-=-=-=-= 
00:13:51.409 INFO  Void Music 2#3539, ready to serve [8] users in [3] servers 
00:13:51.409 INFO  -=-=-=-=-=-=-=-=-=-=-=-=-=-=-=-=-=-=-=-=-=-=-=-=-=-=-=-= 
00:16:27.494 INFO  1 language(s) have loaded. (en-US) 
00:16:27.767 INFO  MongoDB successfully connected 
00:16:28.270 INFO  Shard: 0 has became ready 
00:16:28.293 INFO  Lavalink node: 0.0.0.0 has connected. 
00:16:28.330 INFO  All guilds have been initialized 
00:16:28.455 INFO  -=-=-=-=-=-=-=-=-=-=-=-=-=-=-=-=-=-=-=-=-=-=-=-=-=-=-=-= 
00:16:28.456 INFO  Void Music 2#3539, ready to serve [8] users in [3] servers 
00:16:28.456 INFO  -=-=-=-=-=-=-=-=-=-=-=-=-=-=-=-=-=-=-=-=-=-=-=-=-=-=-=-= 
00:20:23.297 INFO  1 language(s) have loaded. (en-US) 
00:20:23.580 INFO  MongoDB successfully connected 
00:20:24.004 INFO  Shard: 0 has became ready 
00:20:24.042 INFO  All guilds have been initialized 
00:20:24.121 INFO  Lavalink node: 0.0.0.0 has connected. 
00:20:24.164 INFO  -=-=-=-=-=-=-=-=-=-=-=-=-=-=-=-=-=-=-=-=-=-=-=-=-=-=-=-= 
00:20:24.165 INFO  Void Music 2#3539, ready to serve [8] users in [3] servers 
00:20:24.165 INFO  -=-=-=-=-=-=-=-=-=-=-=-=-=-=-=-=-=-=-=-=-=-=-=-=-=-=-=-= 
19:00:54.019 INFO  1 language(s) have loaded. (en-US) 
19:00:54.348 INFO  MongoDB successfully connected 
19:00:55.143 INFO  Shard: 0 has became ready 
19:00:55.215 INFO  All guilds have been initialized 
19:00:55.323 INFO  Lavalink node: 0.0.0.0 has connected. 
19:00:55.347 INFO  -=-=-=-=-=-=-=-=-=-=-=-=-=-=-=-=-=-=-=-=-=-=-=-=-=-=-=-= 
19:00:55.348 INFO  Void Music 2#3539, ready to serve [7] users in [3] servers 
19:00:55.348 INFO  -=-=-=-=-=-=-=-=-=-=-=-=-=-=-=-=-=-=-=-=-=-=-=-=-=-=-=-= 
19:02:37.732 ERROR Bot encountered an error: Cannot read properties of null (reading 'has'). 
19:03:40.925 INFO  1 language(s) have loaded. (en-US) 
19:03:41.247 INFO  MongoDB successfully connected 
19:03:41.682 INFO  Shard: 0 has became ready 
19:03:41.705 INFO  Lavalink node: 0.0.0.0 has connected. 
19:03:41.724 INFO  All guilds have been initialized 
19:03:41.849 INFO  -=-=-=-=-=-=-=-=-=-=-=-=-=-=-=-=-=-=-=-=-=-=-=-=-=-=-=-= 
19:03:41.850 INFO  Void Music 2#3539, ready to serve [7] users in [3] servers 
19:03:41.850 INFO  -=-=-=-=-=-=-=-=-=-=-=-=-=-=-=-=-=-=-=-=-=-=-=-=-=-=-=-= 
19:07:40.887 INFO  1 language(s) have loaded. (en-US) 
19:07:41.187 INFO  MongoDB successfully connected 
19:07:41.641 INFO  Shard: 0 has became ready 
19:07:41.660 INFO  Lavalink node: 0.0.0.0 has connected. 
19:07:41.704 INFO  All guilds have been initialized 
19:07:41.873 INFO  -=-=-=-=-=-=-=-=-=-=-=-=-=-=-=-=-=-=-=-=-=-=-=-=-=-=-=-= 
19:07:41.873 INFO  Void Music 2#3539, ready to serve [7] users in [3] servers 
19:07:41.873 INFO  -=-=-=-=-=-=-=-=-=-=-=-=-=-=-=-=-=-=-=-=-=-=-=-=-=-=-=-= 
20:14:58.766 ERROR Error loading shards: Shard 0's process exited before its Client became ready. 
20:15:25.695 INFO  1 language(s) have loaded. (en-US) 
20:15:26.054 INFO  MongoDB successfully connected 
20:15:26.445 INFO  Shard: 0 has became ready 
20:15:26.499 INFO  All guilds have been initialized 
20:15:26.614 INFO  Lavalink node: 0.0.0.0 has connected. 
20:15:26.645 INFO  -=-=-=-=-=-=-=-=-=-=-=-=-=-=-=-=-=-=-=-=-=-=-=-=-=-=-=-= 
20:15:26.645 INFO  Void Music 2#3539, ready to serve [7] users in [3] servers 
20:15:26.646 INFO  -=-=-=-=-=-=-=-=-=-=-=-=-=-=-=-=-=-=-=-=-=-=-=-=-=-=-=-= 
20:16:40.168 INFO  1 language(s) have loaded. (en-US) 
20:16:40.459 INFO  MongoDB successfully connected 
20:16:40.969 INFO  Shard: 0 has became ready 
20:16:40.997 INFO  Lavalink node: 0.0.0.0 has connected. 
20:16:41.036 INFO  All guilds have been initialized 
20:16:41.167 INFO  -=-=-=-=-=-=-=-=-=-=-=-=-=-=-=-=-=-=-=-=-=-=-=-=-=-=-=-= 
20:16:41.167 INFO  Void Music 2#3539, ready to serve [7] users in [3] servers 
20:16:41.168 INFO  -=-=-=-=-=-=-=-=-=-=-=-=-=-=-=-=-=-=-=-=-=-=-=-=-=-=-=-= 
