00:18:21.060 INFO  1 language(s) have loaded. (en-US) 
00:18:21.437 INFO  MongoDB successfully connected 
00:18:21.875 INFO  Shard: 0 has became ready 
00:18:21.915 INFO  Lavalink node: 0.0.0.0 has connected. 
00:18:21.936 INFO  All guilds have been initialized 
00:18:22.074 INFO  -=-=-=-=-=-=-=-=-=-=-=-=-=-=-=-=-=-=-=-=-=-=-=-=-=-=-=-= 
00:18:22.075 INFO  Lunio 2#3539, ready to serve [9] users in [3] servers 
00:18:22.075 INFO  -=-=-=-=-=-=-=-=-=-=-=-=-=-=-=-=-=-=-=-=-=-=-=-=-=-=-=-= 
00:18:50.862 INFO  1 language(s) have loaded. (en-US) 
00:18:51.215 INFO  MongoDB successfully connected 
00:18:51.585 INFO  Shard: 0 has became ready 
00:18:51.623 INFO  Lavalink node: 0.0.0.0 has connected. 
00:18:51.648 INFO  All guilds have been initialized 
00:18:51.770 INFO  -=-=-=-=-=-=-=-=-=-=-=-=-=-=-=-=-=-=-=-=-=-=-=-=-=-=-=-= 
00:18:51.771 INFO  Lunio 2#3539, ready to serve [9] users in [3] servers 
00:18:51.771 INFO  -=-=-=-=-=-=-=-=-=-=-=-=-=-=-=-=-=-=-=-=-=-=-=-=-=-=-=-= 
01:57:43.080 INFO  1 language(s) have loaded. (en-US) 
01:57:43.450 INFO  MongoDB successfully connected 
01:57:43.801 INFO  Shard: 0 has became ready 
01:57:43.845 INFO  Lavalink node: 0.0.0.0 has connected. 
01:57:43.867 INFO  All guilds have been initialized 
01:57:43.994 INFO  -=-=-=-=-=-=-=-=-=-=-=-=-=-=-=-=-=-=-=-=-=-=-=-=-=-=-=-= 
01:57:43.994 INFO  Lunio 2#3539, ready to serve [8] users in [3] servers 
01:57:43.995 INFO  -=-=-=-=-=-=-=-=-=-=-=-=-=-=-=-=-=-=-=-=-=-=-=-=-=-=-=-= 
02:08:34.666 INFO  1 language(s) have loaded. (en-US) 
02:08:35.031 INFO  MongoDB successfully connected 
02:08:35.482 INFO  Shard: 0 has became ready 
02:08:35.512 INFO  Lavalink node: 0.0.0.0 has connected. 
02:08:35.538 INFO  All guilds have been initialized 
02:08:35.666 INFO  -=-=-=-=-=-=-=-=-=-=-=-=-=-=-=-=-=-=-=-=-=-=-=-=-=-=-=-= 
02:08:35.666 INFO  Lunio 2#3539, ready to serve [8] users in [3] servers 
02:08:35.667 INFO  -=-=-=-=-=-=-=-=-=-=-=-=-=-=-=-=-=-=-=-=-=-=-=-=-=-=-=-= 
02:08:45.177 INFO  1 language(s) have loaded. (en-US) 
02:08:45.490 INFO  MongoDB successfully connected 
02:08:45.864 INFO  Shard: 0 has became ready 
02:08:45.894 INFO  Lavalink node: 0.0.0.0 has connected. 
02:08:45.924 INFO  All guilds have been initialized 
02:08:46.042 INFO  -=-=-=-=-=-=-=-=-=-=-=-=-=-=-=-=-=-=-=-=-=-=-=-=-=-=-=-= 
02:08:46.043 INFO  Lunio 2#3539, ready to serve [8] users in [3] servers 
02:08:46.044 INFO  -=-=-=-=-=-=-=-=-=-=-=-=-=-=-=-=-=-=-=-=-=-=-=-=-=-=-=-= 
02:25:09.135 INFO  1 language(s) have loaded. (en-US) 
02:25:09.531 INFO  MongoDB successfully connected 
02:25:09.902 INFO  Shard: 0 has became ready 
02:25:09.940 INFO  Lavalink node: 0.0.0.0 has connected. 
02:25:09.966 INFO  All guilds have been initialized 
02:25:10.086 INFO  -=-=-=-=-=-=-=-=-=-=-=-=-=-=-=-=-=-=-=-=-=-=-=-=-=-=-=-= 
02:25:10.086 INFO  Lunio 2#3539, ready to serve [7] users in [3] servers 
02:25:10.087 INFO  -=-=-=-=-=-=-=-=-=-=-=-=-=-=-=-=-=-=-=-=-=-=-=-=-=-=-=-= 
02:25:28.554 ERROR Unhandled promise rejection: sentence.toLowerCase is not a function 
02:27:06.176 INFO  1 language(s) have loaded. (en-US) 
02:27:06.521 INFO  MongoDB successfully connected 
02:27:06.869 INFO  Shard: 0 has became ready 
02:27:06.901 INFO  Lavalink node: 0.0.0.0 has connected. 
02:27:06.925 INFO  All guilds have been initialized 
02:27:07.043 INFO  -=-=-=-=-=-=-=-=-=-=-=-=-=-=-=-=-=-=-=-=-=-=-=-=-=-=-=-= 
02:27:07.044 INFO  Lunio 2#3539, ready to serve [7] users in [3] servers 
02:27:07.044 INFO  -=-=-=-=-=-=-=-=-=-=-=-=-=-=-=-=-=-=-=-=-=-=-=-=-=-=-=-= 
02:38:24.064 INFO  1 language(s) have loaded. (en-US) 
02:38:24.451 INFO  MongoDB successfully connected 
02:38:24.839 INFO  Shard: 0 has became ready 
02:38:24.873 INFO  Lavalink node: 0.0.0.0 has connected. 
02:38:24.898 INFO  All guilds have been initialized 
02:38:25.016 INFO  -=-=-=-=-=-=-=-=-=-=-=-=-=-=-=-=-=-=-=-=-=-=-=-=-=-=-=-= 
02:38:25.017 INFO  Lunio 2#3539, ready to serve [7] users in [3] servers 
02:38:25.017 INFO  -=-=-=-=-=-=-=-=-=-=-=-=-=-=-=-=-=-=-=-=-=-=-=-=-=-=-=-= 
02:38:50.006 INFO  1 language(s) have loaded. (en-US) 
02:38:50.337 INFO  MongoDB successfully connected 
02:38:50.754 INFO  Shard: 0 has became ready 
02:38:50.778 INFO  Lavalink node: 0.0.0.0 has connected. 
02:38:50.804 INFO  All guilds have been initialized 
02:38:50.920 INFO  -=-=-=-=-=-=-=-=-=-=-=-=-=-=-=-=-=-=-=-=-=-=-=-=-=-=-=-= 
02:38:50.921 INFO  Lunio 2#3539, ready to serve [7] users in [3] servers 
02:38:50.921 INFO  -=-=-=-=-=-=-=-=-=-=-=-=-=-=-=-=-=-=-=-=-=-=-=-=-=-=-=-= 
02:41:47.177 INFO  1 language(s) have loaded. (en-US) 
02:41:47.586 INFO  MongoDB successfully connected 
02:41:47.926 INFO  Shard: 0 has became ready 
02:41:47.960 INFO  Lavalink node: 0.0.0.0 has connected. 
02:41:47.992 INFO  All guilds have been initialized 
02:41:48.119 INFO  -=-=-=-=-=-=-=-=-=-=-=-=-=-=-=-=-=-=-=-=-=-=-=-=-=-=-=-= 
02:41:48.120 INFO  Lunio 2#3539, ready to serve [7] users in [3] servers 
02:41:48.120 INFO  -=-=-=-=-=-=-=-=-=-=-=-=-=-=-=-=-=-=-=-=-=-=-=-=-=-=-=-= 
02:44:58.108 INFO  1 language(s) have loaded. (en-US) 
02:44:58.426 INFO  MongoDB successfully connected 
02:44:58.798 INFO  Shard: 0 has became ready 
02:44:58.823 INFO  Lavalink node: 0.0.0.0 has connected. 
02:44:58.847 INFO  All guilds have been initialized 
02:44:58.962 INFO  -=-=-=-=-=-=-=-=-=-=-=-=-=-=-=-=-=-=-=-=-=-=-=-=-=-=-=-= 
02:44:58.962 INFO  Lunio 2#3539, ready to serve [7] users in [3] servers 
02:44:58.962 INFO  -=-=-=-=-=-=-=-=-=-=-=-=-=-=-=-=-=-=-=-=-=-=-=-=-=-=-=-= 
02:45:19.268 INFO  1 language(s) have loaded. (en-US) 
02:45:19.596 INFO  MongoDB successfully connected 
02:45:20.074 INFO  Shard: 0 has became ready 
02:45:20.103 INFO  Lavalink node: 0.0.0.0 has connected. 
02:45:20.126 INFO  All guilds have been initialized 
02:45:20.245 INFO  -=-=-=-=-=-=-=-=-=-=-=-=-=-=-=-=-=-=-=-=-=-=-=-=-=-=-=-= 
02:45:20.245 INFO  Lunio 2#3539, ready to serve [7] users in [3] servers 
02:45:20.246 INFO  -=-=-=-=-=-=-=-=-=-=-=-=-=-=-=-=-=-=-=-=-=-=-=-=-=-=-=-= 
02:50:45.708 INFO  1 language(s) have loaded. (en-US) 
02:50:46.101 INFO  MongoDB successfully connected 
02:50:46.467 INFO  Shard: 0 has became ready 
02:50:46.498 INFO  Lavalink node: 0.0.0.0 has connected. 
02:50:46.522 INFO  All guilds have been initialized 
02:50:46.638 INFO  -=-=-=-=-=-=-=-=-=-=-=-=-=-=-=-=-=-=-=-=-=-=-=-=-=-=-=-= 
02:50:46.639 INFO  Lunio 2#3539, ready to serve [7] users in [3] servers 
02:50:46.639 INFO  -=-=-=-=-=-=-=-=-=-=-=-=-=-=-=-=-=-=-=-=-=-=-=-=-=-=-=-= 
02:54:22.261 INFO  1 language(s) have loaded. (en-US) 
02:54:22.636 INFO  MongoDB successfully connected 
02:54:22.990 INFO  Shard: 0 has became ready 
02:54:23.022 INFO  Lavalink node: 0.0.0.0 has connected. 
02:54:23.048 INFO  All guilds have been initialized 
02:54:23.182 INFO  -=-=-=-=-=-=-=-=-=-=-=-=-=-=-=-=-=-=-=-=-=-=-=-=-=-=-=-= 
02:54:23.183 INFO  Lunio 2#3539, ready to serve [7] users in [3] servers 
02:54:23.183 INFO  -=-=-=-=-=-=-=-=-=-=-=-=-=-=-=-=-=-=-=-=-=-=-=-=-=-=-=-= 
02:54:32.126 ERROR Unhandled promise rejection: Invalid regular expression: /(/: Unterminated group 
02:57:35.351 INFO  1 language(s) have loaded. (en-US) 
02:57:35.728 INFO  MongoDB successfully connected 
02:57:36.033 INFO  Shard: 0 has became ready 
02:57:36.065 INFO  Lavalink node: 0.0.0.0 has connected. 
02:57:36.087 INFO  All guilds have been initialized 
02:57:36.212 INFO  -=-=-=-=-=-=-=-=-=-=-=-=-=-=-=-=-=-=-=-=-=-=-=-=-=-=-=-= 
02:57:36.212 INFO  Lunio 2#3539, ready to serve [7] users in [3] servers 
02:57:36.212 INFO  -=-=-=-=-=-=-=-=-=-=-=-=-=-=-=-=-=-=-=-=-=-=-=-=-=-=-=-= 
02:59:00.735 INFO  1 language(s) have loaded. (en-US) 
02:59:01.136 INFO  MongoDB successfully connected 
02:59:01.488 INFO  Shard: 0 has became ready 
02:59:01.524 INFO  Lavalink node: 0.0.0.0 has connected. 
02:59:01.551 INFO  All guilds have been initialized 
02:59:01.668 INFO  -=-=-=-=-=-=-=-=-=-=-=-=-=-=-=-=-=-=-=-=-=-=-=-=-=-=-=-= 
02:59:01.669 INFO  Lunio 2#3539, ready to serve [7] users in [3] servers 
02:59:01.669 INFO  -=-=-=-=-=-=-=-=-=-=-=-=-=-=-=-=-=-=-=-=-=-=-=-=-=-=-=-= 
03:08:30.735 INFO  1 language(s) have loaded. (en-US) 
03:08:31.070 INFO  MongoDB successfully connected 
03:08:31.414 INFO  Shard: 0 has became ready 
03:08:31.442 INFO  Lavalink node: 0.0.0.0 has connected. 
03:08:31.472 INFO  All guilds have been initialized 
03:08:31.592 INFO  -=-=-=-=-=-=-=-=-=-=-=-=-=-=-=-=-=-=-=-=-=-=-=-=-=-=-=-= 
03:08:31.592 INFO  Lunio 2#3539, ready to serve [7] users in [3] servers 
03:08:31.593 INFO  -=-=-=-=-=-=-=-=-=-=-=-=-=-=-=-=-=-=-=-=-=-=-=-=-=-=-=-= 
03:18:26.288 INFO  1 language(s) have loaded. (en-US) 
03:18:26.599 INFO  MongoDB successfully connected 
03:18:27.112 INFO  Shard: 0 has became ready 
03:18:27.145 INFO  Lavalink node: 0.0.0.0 has connected. 
03:18:27.176 INFO  All guilds have been initialized 
03:18:27.301 INFO  -=-=-=-=-=-=-=-=-=-=-=-=-=-=-=-=-=-=-=-=-=-=-=-=-=-=-=-= 
03:18:27.301 INFO  Lunio 2#3539, ready to serve [7] users in [3] servers 
03:18:27.302 INFO  -=-=-=-=-=-=-=-=-=-=-=-=-=-=-=-=-=-=-=-=-=-=-=-=-=-=-=-= 
03:19:21.027 INFO  1 language(s) have loaded. (en-US) 
03:19:21.317 INFO  MongoDB successfully connected 
03:19:21.790 INFO  Shard: 0 has became ready 
03:19:21.811 INFO  Lavalink node: 0.0.0.0 has connected. 
03:19:21.840 INFO  All guilds have been initialized 
03:19:21.962 INFO  -=-=-=-=-=-=-=-=-=-=-=-=-=-=-=-=-=-=-=-=-=-=-=-=-=-=-=-= 
03:19:21.962 INFO  Lunio 2#3539, ready to serve [7] users in [3] servers 
03:19:21.963 INFO  -=-=-=-=-=-=-=-=-=-=-=-=-=-=-=-=-=-=-=-=-=-=-=-=-=-=-=-= 
03:22:19.210 INFO  1 language(s) have loaded. (en-US) 
03:22:19.576 INFO  MongoDB successfully connected 
03:22:19.997 INFO  Shard: 0 has became ready 
03:22:20.028 INFO  Lavalink node: 0.0.0.0 has connected. 
03:22:20.052 INFO  All guilds have been initialized 
03:22:20.172 INFO  -=-=-=-=-=-=-=-=-=-=-=-=-=-=-=-=-=-=-=-=-=-=-=-=-=-=-=-= 
03:22:20.173 INFO  Lunio 2#3539, ready to serve [7] users in [3] servers 
03:22:20.174 INFO  -=-=-=-=-=-=-=-=-=-=-=-=-=-=-=-=-=-=-=-=-=-=-=-=-=-=-=-= 
03:23:29.319 INFO  1 language(s) have loaded. (en-US) 
03:23:29.701 INFO  MongoDB successfully connected 
03:23:30.049 INFO  Shard: 0 has became ready 
03:23:30.087 INFO  Lavalink node: 0.0.0.0 has connected. 
03:23:30.108 INFO  All guilds have been initialized 
03:23:30.227 INFO  -=-=-=-=-=-=-=-=-=-=-=-=-=-=-=-=-=-=-=-=-=-=-=-=-=-=-=-= 
03:23:30.227 INFO  Lunio 2#3539, ready to serve [7] users in [3] servers 
03:23:30.227 INFO  -=-=-=-=-=-=-=-=-=-=-=-=-=-=-=-=-=-=-=-=-=-=-=-=-=-=-=-= 
03:24:46.134 INFO  1 language(s) have loaded. (en-US) 
03:24:46.493 INFO  MongoDB successfully connected 
03:24:46.915 INFO  Shard: 0 has became ready 
03:24:46.946 INFO  Lavalink node: 0.0.0.0 has connected. 
03:24:46.974 INFO  All guilds have been initialized 
03:24:47.093 INFO  -=-=-=-=-=-=-=-=-=-=-=-=-=-=-=-=-=-=-=-=-=-=-=-=-=-=-=-= 
03:24:47.094 INFO  Lunio 2#3539, ready to serve [7] users in [3] servers 
03:24:47.095 INFO  -=-=-=-=-=-=-=-=-=-=-=-=-=-=-=-=-=-=-=-=-=-=-=-=-=-=-=-= 
03:27:18.511 INFO  1 language(s) have loaded. (en-US) 
03:27:18.853 INFO  MongoDB successfully connected 
03:27:19.293 INFO  Shard: 0 has became ready 
03:27:19.340 INFO  Lavalink node: 0.0.0.0 has connected. 
03:27:19.357 INFO  All guilds have been initialized 
03:27:19.476 INFO  -=-=-=-=-=-=-=-=-=-=-=-=-=-=-=-=-=-=-=-=-=-=-=-=-=-=-=-= 
03:27:19.477 INFO  Lunio 2#3539, ready to serve [7] users in [3] servers 
03:27:19.477 INFO  -=-=-=-=-=-=-=-=-=-=-=-=-=-=-=-=-=-=-=-=-=-=-=-=-=-=-=-= 
03:28:36.342 INFO  1 language(s) have loaded. (en-US) 
03:28:36.744 INFO  MongoDB successfully connected 
03:28:37.110 INFO  Shard: 0 has became ready 
03:28:37.143 INFO  Lavalink node: 0.0.0.0 has connected. 
03:28:37.168 INFO  All guilds have been initialized 
03:28:37.286 INFO  -=-=-=-=-=-=-=-=-=-=-=-=-=-=-=-=-=-=-=-=-=-=-=-=-=-=-=-= 
03:28:37.287 INFO  Lunio 2#3539, ready to serve [7] users in [3] servers 
03:28:37.287 INFO  -=-=-=-=-=-=-=-=-=-=-=-=-=-=-=-=-=-=-=-=-=-=-=-=-=-=-=-= 
03:31:18.778 INFO  1 language(s) have loaded. (en-US) 
03:31:19.138 INFO  MongoDB successfully connected 
03:31:19.586 INFO  Shard: 0 has became ready 
03:31:19.622 INFO  Lavalink node: 0.0.0.0 has connected. 
03:31:19.645 INFO  All guilds have been initialized 
03:31:19.764 INFO  -=-=-=-=-=-=-=-=-=-=-=-=-=-=-=-=-=-=-=-=-=-=-=-=-=-=-=-= 
03:31:19.765 INFO  Lunio 2#3539, ready to serve [7] users in [3] servers 
03:31:19.765 INFO  -=-=-=-=-=-=-=-=-=-=-=-=-=-=-=-=-=-=-=-=-=-=-=-=-=-=-=-= 
03:34:01.373 INFO  1 language(s) have loaded. (en-US) 
03:34:01.745 INFO  MongoDB successfully connected 
03:34:02.210 INFO  Shard: 0 has became ready 
03:34:02.257 INFO  Lavalink node: 0.0.0.0 has connected. 
03:34:02.280 INFO  All guilds have been initialized 
03:34:02.403 INFO  -=-=-=-=-=-=-=-=-=-=-=-=-=-=-=-=-=-=-=-=-=-=-=-=-=-=-=-= 
03:34:02.404 INFO  Lunio 2#3539, ready to serve [7] users in [3] servers 
03:34:02.404 INFO  -=-=-=-=-=-=-=-=-=-=-=-=-=-=-=-=-=-=-=-=-=-=-=-=-=-=-=-= 
03:43:00.072 INFO  1 language(s) have loaded. (en-US) 
03:43:00.403 INFO  MongoDB successfully connected 
03:43:00.884 INFO  Shard: 0 has became ready 
03:43:00.920 INFO  Lavalink node: 0.0.0.0 has connected. 
03:43:00.942 INFO  All guilds have been initialized 
03:43:01.060 INFO  -=-=-=-=-=-=-=-=-=-=-=-=-=-=-=-=-=-=-=-=-=-=-=-=-=-=-=-= 
03:43:01.060 INFO  Lunio 2#3539, ready to serve [7] users in [3] servers 
03:43:01.061 INFO  -=-=-=-=-=-=-=-=-=-=-=-=-=-=-=-=-=-=-=-=-=-=-=-=-=-=-=-= 
03:43:04.524 ERROR Unhandled promise rejection: title is not defined 
03:43:24.847 INFO  1 language(s) have loaded. (en-US) 
03:43:25.154 INFO  MongoDB successfully connected 
03:43:25.646 INFO  Shard: 0 has became ready 
03:43:25.667 INFO  Lavalink node: 0.0.0.0 has connected. 
03:43:25.694 INFO  All guilds have been initialized 
03:43:25.815 INFO  -=-=-=-=-=-=-=-=-=-=-=-=-=-=-=-=-=-=-=-=-=-=-=-=-=-=-=-= 
03:43:25.816 INFO  Lunio 2#3539, ready to serve [7] users in [3] servers 
03:43:25.816 INFO  -=-=-=-=-=-=-=-=-=-=-=-=-=-=-=-=-=-=-=-=-=-=-=-=-=-=-=-= 
03:43:28.662 ERROR Unhandled promise rejection: title is not defined 
03:43:43.678 INFO  1 language(s) have loaded. (en-US) 
03:43:44.019 INFO  MongoDB successfully connected 
03:43:44.399 INFO  Shard: 0 has became ready 
03:43:44.425 INFO  Lavalink node: 0.0.0.0 has connected. 
03:43:44.449 INFO  All guilds have been initialized 
03:43:44.582 INFO  -=-=-=-=-=-=-=-=-=-=-=-=-=-=-=-=-=-=-=-=-=-=-=-=-=-=-=-= 
03:43:44.582 INFO  Lunio 2#3539, ready to serve [7] users in [3] servers 
03:43:44.583 INFO  -=-=-=-=-=-=-=-=-=-=-=-=-=-=-=-=-=-=-=-=-=-=-=-=-=-=-=-= 
04:03:41.515 INFO  1 language(s) have loaded. (en-US) 
04:03:41.859 INFO  MongoDB successfully connected 
04:03:42.337 INFO  Shard: 0 has became ready 
04:03:42.368 INFO  Lavalink node: 0.0.0.0 has connected. 
04:03:42.389 INFO  All guilds have been initialized 
04:03:42.506 INFO  -=-=-=-=-=-=-=-=-=-=-=-=-=-=-=-=-=-=-=-=-=-=-=-=-=-=-=-= 
04:03:42.506 INFO  Lunio 2#3539, ready to serve [7] users in [3] servers 
04:03:42.506 INFO  -=-=-=-=-=-=-=-=-=-=-=-=-=-=-=-=-=-=-=-=-=-=-=-=-=-=-=-= 
04:08:34.320 INFO  1 language(s) have loaded. (en-US) 
04:08:34.672 INFO  MongoDB successfully connected 
04:08:35.061 INFO  Shard: 0 has became ready 
04:08:35.094 INFO  Lavalink node: 0.0.0.0 has connected. 
04:08:35.121 INFO  All guilds have been initialized 
04:08:35.239 INFO  -=-=-=-=-=-=-=-=-=-=-=-=-=-=-=-=-=-=-=-=-=-=-=-=-=-=-=-= 
04:08:35.241 INFO  Lunio 2#3539, ready to serve [7] users in [3] servers 
04:08:35.241 INFO  -=-=-=-=-=-=-=-=-=-=-=-=-=-=-=-=-=-=-=-=-=-=-=-=-=-=-=-= 
04:08:57.485 INFO  1 language(s) have loaded. (en-US) 
04:08:57.788 INFO  MongoDB successfully connected 
04:08:58.230 INFO  Shard: 0 has became ready 
04:08:58.257 INFO  Lavalink node: 0.0.0.0 has connected. 
04:08:58.285 INFO  All guilds have been initialized 
04:08:58.401 INFO  -=-=-=-=-=-=-=-=-=-=-=-=-=-=-=-=-=-=-=-=-=-=-=-=-=-=-=-= 
04:08:58.401 INFO  Lunio 2#3539, ready to serve [7] users in [3] servers 
04:08:58.401 INFO  -=-=-=-=-=-=-=-=-=-=-=-=-=-=-=-=-=-=-=-=-=-=-=-=-=-=-=-= 
04:09:12.038 INFO  1 language(s) have loaded. (en-US) 
04:09:12.375 INFO  MongoDB successfully connected 
04:09:12.701 INFO  Shard: 0 has became ready 
04:09:12.733 INFO  Lavalink node: 0.0.0.0 has connected. 
04:09:12.756 INFO  All guilds have been initialized 
04:09:12.891 INFO  -=-=-=-=-=-=-=-=-=-=-=-=-=-=-=-=-=-=-=-=-=-=-=-=-=-=-=-= 
04:09:12.892 INFO  Lunio 2#3539, ready to serve [7] users in [3] servers 
04:09:12.892 INFO  -=-=-=-=-=-=-=-=-=-=-=-=-=-=-=-=-=-=-=-=-=-=-=-=-=-=-=-= 
04:09:28.773 INFO  1 language(s) have loaded. (en-US) 
04:09:29.101 INFO  MongoDB successfully connected 
04:09:29.667 INFO  Shard: 0 has became ready 
04:09:29.692 INFO  Lavalink node: 0.0.0.0 has connected. 
04:09:29.718 INFO  All guilds have been initialized 
04:09:29.834 INFO  -=-=-=-=-=-=-=-=-=-=-=-=-=-=-=-=-=-=-=-=-=-=-=-=-=-=-=-= 
04:09:29.834 INFO  Lunio 2#3539, ready to serve [7] users in [3] servers 
04:09:29.834 INFO  -=-=-=-=-=-=-=-=-=-=-=-=-=-=-=-=-=-=-=-=-=-=-=-=-=-=-=-= 
04:23:18.853 INFO  1 language(s) have loaded. (en-US) 
04:23:19.274 INFO  MongoDB successfully connected 
04:23:19.547 INFO  Shard: 0 has became ready 
04:23:19.589 INFO  Lavalink node: 0.0.0.0 has connected. 
04:23:19.609 INFO  All guilds have been initialized 
04:23:19.731 INFO  -=-=-=-=-=-=-=-=-=-=-=-=-=-=-=-=-=-=-=-=-=-=-=-=-=-=-=-= 
04:23:19.732 INFO  Lunio 2#3539, ready to serve [7] users in [3] servers 
04:23:19.733 INFO  -=-=-=-=-=-=-=-=-=-=-=-=-=-=-=-=-=-=-=-=-=-=-=-=-=-=-=-= 
04:23:37.558 INFO  1 language(s) have loaded. (en-US) 
04:23:37.915 INFO  MongoDB successfully connected 
04:23:38.307 INFO  Shard: 0 has became ready 
04:23:38.340 INFO  Lavalink node: 0.0.0.0 has connected. 
04:23:38.366 INFO  All guilds have been initialized 
04:23:38.488 INFO  -=-=-=-=-=-=-=-=-=-=-=-=-=-=-=-=-=-=-=-=-=-=-=-=-=-=-=-= 
04:23:38.489 INFO  Lunio 2#3539, ready to serve [7] users in [3] servers 
04:23:38.489 INFO  -=-=-=-=-=-=-=-=-=-=-=-=-=-=-=-=-=-=-=-=-=-=-=-=-=-=-=-= 
04:25:24.254 INFO  1 language(s) have loaded. (en-US) 
04:25:24.599 INFO  MongoDB successfully connected 
04:25:24.919 INFO  Shard: 0 has became ready 
04:25:24.947 INFO  Lavalink node: 0.0.0.0 has connected. 
04:25:24.973 INFO  All guilds have been initialized 
04:25:25.090 INFO  -=-=-=-=-=-=-=-=-=-=-=-=-=-=-=-=-=-=-=-=-=-=-=-=-=-=-=-= 
04:25:25.090 INFO  Lunio 2#3539, ready to serve [7] users in [3] servers 
04:25:25.091 INFO  -=-=-=-=-=-=-=-=-=-=-=-=-=-=-=-=-=-=-=-=-=-=-=-=-=-=-=-= 
04:27:15.186 INFO  1 language(s) have loaded. (en-US) 
04:27:15.534 INFO  MongoDB successfully connected 
04:27:15.867 INFO  Shard: 0 has became ready 
04:27:15.897 INFO  Lavalink node: 0.0.0.0 has connected. 
04:27:15.921 INFO  All guilds have been initialized 
04:27:16.036 INFO  -=-=-=-=-=-=-=-=-=-=-=-=-=-=-=-=-=-=-=-=-=-=-=-=-=-=-=-= 
04:27:16.037 INFO  Lunio 2#3539, ready to serve [7] users in [3] servers 
04:27:16.037 INFO  -=-=-=-=-=-=-=-=-=-=-=-=-=-=-=-=-=-=-=-=-=-=-=-=-=-=-=-= 
04:27:39.092 INFO  1 language(s) have loaded. (en-US) 
04:27:39.405 INFO  MongoDB successfully connected 
04:27:39.879 INFO  Shard: 0 has became ready 
04:27:39.913 INFO  Lavalink node: 0.0.0.0 has connected. 
04:27:39.940 INFO  All guilds have been initialized 
04:27:40.058 INFO  -=-=-=-=-=-=-=-=-=-=-=-=-=-=-=-=-=-=-=-=-=-=-=-=-=-=-=-= 
04:27:40.058 INFO  Lunio 2#3539, ready to serve [7] users in [3] servers 
04:27:40.059 INFO  -=-=-=-=-=-=-=-=-=-=-=-=-=-=-=-=-=-=-=-=-=-=-=-=-=-=-=-= 
04:32:45.640 INFO  1 language(s) have loaded. (en-US) 
04:32:46.004 INFO  MongoDB successfully connected 
04:32:46.412 INFO  Shard: 0 has became ready 
04:32:46.442 INFO  Lavalink node: 0.0.0.0 has connected. 
04:32:46.466 INFO  All guilds have been initialized 
04:32:46.581 INFO  -=-=-=-=-=-=-=-=-=-=-=-=-=-=-=-=-=-=-=-=-=-=-=-=-=-=-=-= 
04:32:46.581 INFO  Lunio 2#3539, ready to serve [7] users in [3] servers 
04:32:46.582 INFO  -=-=-=-=-=-=-=-=-=-=-=-=-=-=-=-=-=-=-=-=-=-=-=-=-=-=-=-= 
04:40:46.091 INFO  1 language(s) have loaded. (en-US) 
04:40:46.443 INFO  MongoDB successfully connected 
04:40:46.776 INFO  Shard: 0 has became ready 
04:40:46.807 INFO  Lavalink node: 0.0.0.0 has connected. 
04:40:46.830 INFO  All guilds have been initialized 
04:40:46.966 INFO  -=-=-=-=-=-=-=-=-=-=-=-=-=-=-=-=-=-=-=-=-=-=-=-=-=-=-=-= 
04:40:46.966 INFO  Lunio 2#3539, ready to serve [7] users in [3] servers 
04:40:46.967 INFO  -=-=-=-=-=-=-=-=-=-=-=-=-=-=-=-=-=-=-=-=-=-=-=-=-=-=-=-= 
04:42:48.340 INFO  1 language(s) have loaded. (en-US) 
04:42:48.677 INFO  MongoDB successfully connected 
04:42:49.086 INFO  Shard: 0 has became ready 
04:42:49.121 INFO  Lavalink node: 0.0.0.0 has connected. 
04:42:49.148 INFO  All guilds have been initialized 
04:42:49.267 INFO  -=-=-=-=-=-=-=-=-=-=-=-=-=-=-=-=-=-=-=-=-=-=-=-=-=-=-=-= 
04:42:49.268 INFO  Lunio 2#3539, ready to serve [7] users in [3] servers 
04:42:49.269 INFO  -=-=-=-=-=-=-=-=-=-=-=-=-=-=-=-=-=-=-=-=-=-=-=-=-=-=-=-= 
04:43:54.466 INFO  1 language(s) have loaded. (en-US) 
04:43:54.805 INFO  MongoDB successfully connected 
04:43:55.198 INFO  Shard: 0 has became ready 
04:43:55.231 INFO  Lavalink node: 0.0.0.0 has connected. 
04:43:55.256 INFO  All guilds have been initialized 
04:43:55.381 INFO  -=-=-=-=-=-=-=-=-=-=-=-=-=-=-=-=-=-=-=-=-=-=-=-=-=-=-=-= 
04:43:55.381 INFO  Lunio 2#3539, ready to serve [7] users in [3] servers 
04:43:55.381 INFO  -=-=-=-=-=-=-=-=-=-=-=-=-=-=-=-=-=-=-=-=-=-=-=-=-=-=-=-= 
04:45:45.664 INFO  1 language(s) have loaded. (en-US) 
04:45:46.020 INFO  MongoDB successfully connected 
04:45:46.471 INFO  Shard: 0 has became ready 
04:45:46.499 INFO  Lavalink node: 0.0.0.0 has connected. 
04:45:46.525 INFO  All guilds have been initialized 
04:45:46.639 INFO  -=-=-=-=-=-=-=-=-=-=-=-=-=-=-=-=-=-=-=-=-=-=-=-=-=-=-=-= 
04:45:46.640 INFO  Lunio 2#3539, ready to serve [7] users in [3] servers 
04:45:46.641 INFO  -=-=-=-=-=-=-=-=-=-=-=-=-=-=-=-=-=-=-=-=-=-=-=-=-=-=-=-= 
04:48:19.418 INFO  1 language(s) have loaded. (en-US) 
04:48:19.799 INFO  MongoDB successfully connected 
04:48:20.179 INFO  Shard: 0 has became ready 
04:48:20.213 INFO  Lavalink node: 0.0.0.0 has connected. 
04:48:20.240 INFO  All guilds have been initialized 
04:48:20.383 INFO  -=-=-=-=-=-=-=-=-=-=-=-=-=-=-=-=-=-=-=-=-=-=-=-=-=-=-=-= 
04:48:20.383 INFO  Lunio 2#3539, ready to serve [7] users in [3] servers 
04:48:20.384 INFO  -=-=-=-=-=-=-=-=-=-=-=-=-=-=-=-=-=-=-=-=-=-=-=-=-=-=-=-= 
04:54:39.504 INFO  1 language(s) have loaded. (en-US) 
04:54:39.860 INFO  MongoDB successfully connected 
04:54:40.238 INFO  Shard: 0 has became ready 
04:54:40.278 INFO  Lavalink node: 0.0.0.0 has connected. 
04:54:40.302 INFO  All guilds have been initialized 
04:54:40.420 INFO  -=-=-=-=-=-=-=-=-=-=-=-=-=-=-=-=-=-=-=-=-=-=-=-=-=-=-=-= 
04:54:40.421 INFO  Lunio 2#3539, ready to serve [7] users in [3] servers 
04:54:40.421 INFO  -=-=-=-=-=-=-=-=-=-=-=-=-=-=-=-=-=-=-=-=-=-=-=-=-=-=-=-= 
04:55:25.566 INFO  1 language(s) have loaded. (en-US) 
04:55:25.903 INFO  MongoDB successfully connected 
04:55:26.272 INFO  Shard: 0 has became ready 
04:55:26.299 INFO  Lavalink node: 0.0.0.0 has connected. 
04:55:26.324 INFO  All guilds have been initialized 
04:55:26.449 INFO  -=-=-=-=-=-=-=-=-=-=-=-=-=-=-=-=-=-=-=-=-=-=-=-=-=-=-=-= 
04:55:26.449 INFO  Lunio 2#3539, ready to serve [7] users in [3] servers 
04:55:26.450 INFO  -=-=-=-=-=-=-=-=-=-=-=-=-=-=-=-=-=-=-=-=-=-=-=-=-=-=-=-= 
04:56:52.119 INFO  1 language(s) have loaded. (en-US) 
04:56:52.460 INFO  MongoDB successfully connected 
04:56:52.815 INFO  Shard: 0 has became ready 
04:56:52.848 INFO  Lavalink node: 0.0.0.0 has connected. 
04:56:52.876 INFO  All guilds have been initialized 
04:56:53.011 INFO  -=-=-=-=-=-=-=-=-=-=-=-=-=-=-=-=-=-=-=-=-=-=-=-=-=-=-=-= 
04:56:53.012 INFO  Lunio 2#3539, ready to serve [7] users in [3] servers 
04:56:53.012 INFO  -=-=-=-=-=-=-=-=-=-=-=-=-=-=-=-=-=-=-=-=-=-=-=-=-=-=-=-= 
05:09:57.650 INFO  1 language(s) have loaded. (en-US) 
05:09:58.011 INFO  MongoDB successfully connected 
05:09:58.440 INFO  Shard: 0 has became ready 
05:09:58.471 INFO  Lavalink node: 0.0.0.0 has connected. 
05:09:58.496 INFO  All guilds have been initialized 
05:09:58.619 INFO  -=-=-=-=-=-=-=-=-=-=-=-=-=-=-=-=-=-=-=-=-=-=-=-=-=-=-=-= 
05:09:58.619 INFO  Lunio 2#3539, ready to serve [7] users in [3] servers 
05:09:58.620 INFO  -=-=-=-=-=-=-=-=-=-=-=-=-=-=-=-=-=-=-=-=-=-=-=-=-=-=-=-= 
05:10:44.115 INFO  1 language(s) have loaded. (en-US) 
05:10:44.464 INFO  MongoDB successfully connected 
05:10:44.875 INFO  Shard: 0 has became ready 
05:10:44.905 INFO  Lavalink node: 0.0.0.0 has connected. 
05:10:44.932 INFO  All guilds have been initialized 
05:10:45.051 INFO  -=-=-=-=-=-=-=-=-=-=-=-=-=-=-=-=-=-=-=-=-=-=-=-=-=-=-=-= 
05:10:45.051 INFO  Lunio 2#3539, ready to serve [7] users in [3] servers 
05:10:45.052 INFO  -=-=-=-=-=-=-=-=-=-=-=-=-=-=-=-=-=-=-=-=-=-=-=-=-=-=-=-= 
05:12:24.726 INFO  1 language(s) have loaded. (en-US) 
05:12:25.070 INFO  MongoDB successfully connected 
05:12:25.502 INFO  Shard: 0 has became ready 
05:12:25.527 INFO  Lavalink node: 0.0.0.0 has connected. 
05:12:25.549 INFO  All guilds have been initialized 
05:12:25.722 INFO  -=-=-=-=-=-=-=-=-=-=-=-=-=-=-=-=-=-=-=-=-=-=-=-=-=-=-=-= 
05:12:25.726 INFO  Lunio 2#3539, ready to serve [7] users in [3] servers 
05:12:25.728 INFO  -=-=-=-=-=-=-=-=-=-=-=-=-=-=-=-=-=-=-=-=-=-=-=-=-=-=-=-= 
05:13:27.659 INFO  1 language(s) have loaded. (en-US) 
05:13:28.000 INFO  MongoDB successfully connected 
05:13:28.319 INFO  Shard: 0 has became ready 
05:13:28.355 INFO  Lavalink node: 0.0.0.0 has connected. 
05:13:28.378 INFO  All guilds have been initialized 
05:13:28.499 INFO  -=-=-=-=-=-=-=-=-=-=-=-=-=-=-=-=-=-=-=-=-=-=-=-=-=-=-=-= 
05:13:28.499 INFO  Lunio 2#3539, ready to serve [7] users in [3] servers 
05:13:28.499 INFO  -=-=-=-=-=-=-=-=-=-=-=-=-=-=-=-=-=-=-=-=-=-=-=-=-=-=-=-= 
05:13:45.424 INFO  1 language(s) have loaded. (en-US) 
05:13:45.732 INFO  MongoDB successfully connected 
05:13:46.106 INFO  Shard: 0 has became ready 
05:13:46.131 INFO  Lavalink node: 0.0.0.0 has connected. 
05:13:46.154 INFO  All guilds have been initialized 
05:13:46.294 ERROR Bot encountered an error: Cannot read properties of undefined (reading 'username'). 
05:15:40.601 INFO  1 language(s) have loaded. (en-US) 
05:15:40.936 INFO  MongoDB successfully connected 
05:15:41.300 INFO  Shard: 0 has became ready 
05:15:41.324 INFO  Lavalink node: 0.0.0.0 has connected. 
05:15:41.349 INFO  All guilds have been initialized 
05:15:41.473 ERROR Bot encountered an error: Cannot read properties of undefined (reading 'user'). 
05:16:12.421 INFO  1 language(s) have loaded. (en-US) 
05:16:12.746 INFO  MongoDB successfully connected 
05:16:13.112 INFO  Shard: 0 has became ready 
05:16:13.140 INFO  Lavalink node: 0.0.0.0 has connected. 
05:16:13.168 INFO  All guilds have been initialized 
05:16:13.286 INFO  -=-=-=-=-=-=-=-=-=-=-=-=-=-=-=-=-=-=-=-=-=-=-=-=-=-=-=-= 
05:16:13.286 INFO  Lunio 2#3539, ready to serve [7] users in [3] servers 
05:16:13.287 INFO  -=-=-=-=-=-=-=-=-=-=-=-=-=-=-=-=-=-=-=-=-=-=-=-=-=-=-=-= 
05:17:33.361 INFO  1 language(s) have loaded. (en-US) 
05:17:33.692 INFO  MongoDB successfully connected 
05:17:34.074 INFO  Shard: 0 has became ready 
05:17:34.097 INFO  Lavalink node: 0.0.0.0 has connected. 
05:17:34.125 INFO  All guilds have been initialized 
05:17:34.251 INFO  -=-=-=-=-=-=-=-=-=-=-=-=-=-=-=-=-=-=-=-=-=-=-=-=-=-=-=-= 
05:17:34.252 INFO  Lunio 2#3539, ready to serve [7] users in [3] servers 
05:17:34.252 INFO  -=-=-=-=-=-=-=-=-=-=-=-=-=-=-=-=-=-=-=-=-=-=-=-=-=-=-=-= 
05:17:44.803 INFO  1 language(s) have loaded. (en-US) 
05:17:45.122 INFO  MongoDB successfully connected 
05:17:45.488 INFO  Shard: 0 has became ready 
05:17:45.511 INFO  Lavalink node: 0.0.0.0 has connected. 
05:17:45.539 INFO  All guilds have been initialized 
05:17:45.658 INFO  -=-=-=-=-=-=-=-=-=-=-=-=-=-=-=-=-=-=-=-=-=-=-=-=-=-=-=-= 
05:17:45.658 INFO  Lunio 2#3539, ready to serve [7] users in [3] servers 
05:17:45.659 INFO  -=-=-=-=-=-=-=-=-=-=-=-=-=-=-=-=-=-=-=-=-=-=-=-=-=-=-=-= 
05:19:16.243 INFO  1 language(s) have loaded. (en-US) 
05:19:16.590 INFO  MongoDB successfully connected 
05:19:17.033 INFO  Shard: 0 has became ready 
05:19:17.056 INFO  Lavalink node: 0.0.0.0 has connected. 
05:19:17.085 INFO  All guilds have been initialized 
05:19:17.201 INFO  -=-=-=-=-=-=-=-=-=-=-=-=-=-=-=-=-=-=-=-=-=-=-=-=-=-=-=-= 
05:19:17.202 INFO  Lunio 2#3539, ready to serve [7] users in [3] servers 
05:19:17.202 INFO  -=-=-=-=-=-=-=-=-=-=-=-=-=-=-=-=-=-=-=-=-=-=-=-=-=-=-=-= 
05:19:30.899 INFO  1 language(s) have loaded. (en-US) 
05:19:31.207 INFO  MongoDB successfully connected 
05:19:31.648 INFO  Shard: 0 has became ready 
05:19:31.670 INFO  Lavalink node: 0.0.0.0 has connected. 
05:19:31.696 INFO  All guilds have been initialized 
05:19:31.812 INFO  -=-=-=-=-=-=-=-=-=-=-=-=-=-=-=-=-=-=-=-=-=-=-=-=-=-=-=-= 
05:19:31.812 INFO  Lunio 2#3539, ready to serve [7] users in [3] servers 
05:19:31.812 INFO  -=-=-=-=-=-=-=-=-=-=-=-=-=-=-=-=-=-=-=-=-=-=-=-=-=-=-=-= 
05:22:30.548 INFO  1 language(s) have loaded. (en-US) 
05:22:30.941 INFO  MongoDB successfully connected 
05:22:31.401 INFO  Shard: 0 has became ready 
05:22:31.428 INFO  Lavalink node: 0.0.0.0 has connected. 
05:22:31.452 INFO  All guilds have been initialized 
05:22:31.574 INFO  -=-=-=-=-=-=-=-=-=-=-=-=-=-=-=-=-=-=-=-=-=-=-=-=-=-=-=-= 
05:22:31.574 INFO  Lunio 2#3539, ready to serve [7] users in [3] servers 
05:22:31.575 INFO  -=-=-=-=-=-=-=-=-=-=-=-=-=-=-=-=-=-=-=-=-=-=-=-=-=-=-=-= 
05:38:45.680 INFO  1 language(s) have loaded. (en-US) 
05:38:46.027 INFO  MongoDB successfully connected 
05:38:46.356 INFO  Shard: 0 has became ready 
05:38:46.390 INFO  Lavalink node: 0.0.0.0 has connected. 
05:38:46.414 INFO  All guilds have been initialized 
05:38:46.537 INFO  -=-=-=-=-=-=-=-=-=-=-=-=-=-=-=-=-=-=-=-=-=-=-=-=-=-=-=-= 
05:38:46.538 INFO  Lunio 2#3539, ready to serve [7] users in [3] servers 
05:38:46.538 INFO  -=-=-=-=-=-=-=-=-=-=-=-=-=-=-=-=-=-=-=-=-=-=-=-=-=-=-=-= 
05:39:30.226 ERROR Unhandled promise rejection: message is not defined 
05:47:17.032 INFO  1 language(s) have loaded. (en-US) 
05:47:17.377 INFO  MongoDB successfully connected 
05:47:17.818 INFO  Shard: 0 has became ready 
05:47:17.842 INFO  Lavalink node: 0.0.0.0 has connected. 
05:47:17.864 INFO  All guilds have been initialized 
05:47:17.989 INFO  -=-=-=-=-=-=-=-=-=-=-=-=-=-=-=-=-=-=-=-=-=-=-=-=-=-=-=-= 
05:47:17.989 INFO  Lunio 2#3539, ready to serve [7] users in [3] servers 
05:47:17.989 INFO  -=-=-=-=-=-=-=-=-=-=-=-=-=-=-=-=-=-=-=-=-=-=-=-=-=-=-=-= 
21:40:32.231 INFO  1 language(s) have loaded. (en-US) 
21:40:32.615 INFO  MongoDB successfully connected 
21:40:32.981 INFO  Shard: 0 has became ready 
21:40:33.012 ERROR Lavalink node: '0.0.0.0', has error: 'connect ECONNREFUSED 0.0.0.0:69'. 
21:40:33.014 ERROR Lavalink node: 0.0.0.0 has disconnect, reason: . 
21:40:33.064 INFO  All guilds have been initialized 
21:40:33.200 INFO  -=-=-=-=-=-=-=-=-=-=-=-=-=-=-=-=-=-=-=-=-=-=-=-=-=-=-=-= 
21:40:33.201 INFO  Lunio 2#3539, ready to serve [9] users in [3] servers 
21:40:33.201 INFO  -=-=-=-=-=-=-=-=-=-=-=-=-=-=-=-=-=-=-=-=-=-=-=-=-=-=-=-= 
