02:38:34.508 INFO  1 language(s) have loaded. (en-US) 
02:38:35.020 INFO  MongoDB successfully connected 
02:38:35.350 INFO  Shard: 0 has became ready 
02:38:35.414 INFO  All guilds have been initialized 
02:38:35.532 INFO  -=-=-=-=-=-=-=-=-=-=-=-=-=-=-=-=-=-=-=-=-=-=-=-=-=-=-=-= 
02:38:35.532 INFO  Lunio 2#3539, ready to serve [6] users in [3] servers 
02:38:35.533 INFO  -=-=-=-=-=-=-=-=-=-=-=-=-=-=-=-=-=-=-=-=-=-=-=-=-=-=-=-= 
02:38:35.543 INFO  Lavalink node: 0.0.0.0 has connected. 
02:39:23.434 INFO  1 language(s) have loaded. (en-US) 
02:39:23.735 INFO  MongoDB successfully connected 
02:39:24.160 INFO  Shard: 0 has became ready 
02:39:24.181 INFO  Lavalink node: 0.0.0.0 has connected. 
02:39:24.208 INFO  All guilds have been initialized 
02:39:24.364 INFO  -=-=-=-=-=-=-=-=-=-=-=-=-=-=-=-=-=-=-=-=-=-=-=-=-=-=-=-= 
02:39:24.365 INFO  Lunio 2#3539, ready to serve [6] users in [3] servers 
02:39:24.365 INFO  -=-=-=-=-=-=-=-=-=-=-=-=-=-=-=-=-=-=-=-=-=-=-=-=-=-=-=-= 
02:49:04.806 INFO  1 language(s) have loaded. (en-US) 
02:49:05.140 INFO  MongoDB successfully connected 
02:49:05.489 INFO  Shard: 0 has became ready 
02:49:05.509 INFO  Lavalink node: 0.0.0.0 has connected. 
02:49:05.531 INFO  All guilds have been initialized 
02:49:05.670 INFO  -=-=-=-=-=-=-=-=-=-=-=-=-=-=-=-=-=-=-=-=-=-=-=-=-=-=-=-= 
02:49:05.671 INFO  Lunio 2#3539, ready to serve [6] users in [3] servers 
02:49:05.671 INFO  -=-=-=-=-=-=-=-=-=-=-=-=-=-=-=-=-=-=-=-=-=-=-=-=-=-=-=-= 
02:53:30.777 INFO  1 language(s) have loaded. (en-US) 
02:53:31.116 INFO  MongoDB successfully connected 
02:53:31.487 INFO  Shard: 0 has became ready 
02:53:31.508 INFO  Lavalink node: 0.0.0.0 has connected. 
02:53:31.533 INFO  All guilds have been initialized 
02:53:31.650 INFO  -=-=-=-=-=-=-=-=-=-=-=-=-=-=-=-=-=-=-=-=-=-=-=-=-=-=-=-= 
02:53:31.650 INFO  Lunio 2#3539, ready to serve [6] users in [3] servers 
02:53:31.650 INFO  -=-=-=-=-=-=-=-=-=-=-=-=-=-=-=-=-=-=-=-=-=-=-=-=-=-=-=-= 
02:57:03.552 INFO  1 language(s) have loaded. (en-US) 
02:57:03.869 INFO  MongoDB successfully connected 
02:57:04.278 INFO  Shard: 0 has became ready 
02:57:04.299 INFO  Lavalink node: 0.0.0.0 has connected. 
02:57:04.323 INFO  All guilds have been initialized 
02:57:04.444 INFO  -=-=-=-=-=-=-=-=-=-=-=-=-=-=-=-=-=-=-=-=-=-=-=-=-=-=-=-= 
02:57:04.444 INFO  Lunio 2#3539, ready to serve [6] users in [3] servers 
02:57:04.444 INFO  -=-=-=-=-=-=-=-=-=-=-=-=-=-=-=-=-=-=-=-=-=-=-=-=-=-=-=-= 
02:57:37.240 INFO  1 language(s) have loaded. (en-US) 
02:57:37.537 INFO  MongoDB successfully connected 
02:57:37.981 INFO  Shard: 0 has became ready 
02:57:38.007 INFO  Lavalink node: 0.0.0.0 has connected. 
02:57:38.039 INFO  All guilds have been initialized 
02:57:38.164 INFO  -=-=-=-=-=-=-=-=-=-=-=-=-=-=-=-=-=-=-=-=-=-=-=-=-=-=-=-= 
02:57:38.164 INFO  Lunio 2#3539, ready to serve [6] users in [3] servers 
02:57:38.165 INFO  -=-=-=-=-=-=-=-=-=-=-=-=-=-=-=-=-=-=-=-=-=-=-=-=-=-=-=-= 
03:05:06.499 INFO  1 language(s) have loaded. (en-US) 
03:05:06.796 INFO  MongoDB successfully connected 
03:05:07.243 INFO  Shard: 0 has became ready 
03:05:07.264 INFO  Lavalink node: 0.0.0.0 has connected. 
03:05:07.290 INFO  All guilds have been initialized 
03:05:07.415 INFO  -=-=-=-=-=-=-=-=-=-=-=-=-=-=-=-=-=-=-=-=-=-=-=-=-=-=-=-= 
03:05:07.416 INFO  Lunio 2#3539, ready to serve [6] users in [3] servers 
03:05:07.416 INFO  -=-=-=-=-=-=-=-=-=-=-=-=-=-=-=-=-=-=-=-=-=-=-=-=-=-=-=-= 
03:05:09.235 ERROR Unhandled promise rejection: str.toLowerCase.includes is not a function 
03:05:28.618 INFO  1 language(s) have loaded. (en-US) 
03:05:28.902 INFO  MongoDB successfully connected 
03:05:29.345 INFO  Shard: 0 has became ready 
03:05:29.366 INFO  Lavalink node: 0.0.0.0 has connected. 
03:05:29.390 INFO  All guilds have been initialized 
03:05:29.506 INFO  -=-=-=-=-=-=-=-=-=-=-=-=-=-=-=-=-=-=-=-=-=-=-=-=-=-=-=-= 
03:05:29.507 INFO  Lunio 2#3539, ready to serve [6] users in [3] servers 
03:05:29.507 INFO  -=-=-=-=-=-=-=-=-=-=-=-=-=-=-=-=-=-=-=-=-=-=-=-=-=-=-=-= 
03:09:45.395 INFO  1 language(s) have loaded. (en-US) 
03:09:45.720 INFO  MongoDB successfully connected 
03:09:46.161 INFO  Shard: 0 has became ready 
03:09:46.186 INFO  Lavalink node: 0.0.0.0 has connected. 
03:09:46.212 INFO  All guilds have been initialized 
03:09:46.341 INFO  -=-=-=-=-=-=-=-=-=-=-=-=-=-=-=-=-=-=-=-=-=-=-=-=-=-=-=-= 
03:09:46.341 INFO  Lunio 2#3539, ready to serve [6] users in [3] servers 
03:09:46.342 INFO  -=-=-=-=-=-=-=-=-=-=-=-=-=-=-=-=-=-=-=-=-=-=-=-=-=-=-=-= 
03:13:50.745 INFO  1 language(s) have loaded. (en-US) 
03:13:51.084 INFO  MongoDB successfully connected 
03:13:51.443 INFO  Shard: 0 has became ready 
03:13:51.465 INFO  Lavalink node: 0.0.0.0 has connected. 
03:13:51.488 INFO  All guilds have been initialized 
03:13:51.605 INFO  -=-=-=-=-=-=-=-=-=-=-=-=-=-=-=-=-=-=-=-=-=-=-=-=-=-=-=-= 
03:13:51.605 INFO  Lunio 2#3539, ready to serve [6] users in [3] servers 
03:13:51.605 INFO  -=-=-=-=-=-=-=-=-=-=-=-=-=-=-=-=-=-=-=-=-=-=-=-=-=-=-=-= 
03:17:10.768 INFO  1 language(s) have loaded. (en-US) 
03:17:11.088 INFO  MongoDB successfully connected 
03:17:11.585 INFO  Shard: 0 has became ready 
03:17:11.606 INFO  Lavalink node: 0.0.0.0 has connected. 
03:17:11.633 INFO  All guilds have been initialized 
03:17:11.753 INFO  -=-=-=-=-=-=-=-=-=-=-=-=-=-=-=-=-=-=-=-=-=-=-=-=-=-=-=-= 
03:17:11.753 INFO  Lunio 2#3539, ready to serve [6] users in [3] servers 
03:17:11.753 INFO  -=-=-=-=-=-=-=-=-=-=-=-=-=-=-=-=-=-=-=-=-=-=-=-=-=-=-=-= 
03:22:42.614 INFO  1 language(s) have loaded. (en-US) 
03:22:42.916 INFO  MongoDB successfully connected 
03:22:43.386 INFO  Shard: 0 has became ready 
03:22:43.406 INFO  Lavalink node: 0.0.0.0 has connected. 
03:22:43.432 INFO  All guilds have been initialized 
03:22:43.548 INFO  -=-=-=-=-=-=-=-=-=-=-=-=-=-=-=-=-=-=-=-=-=-=-=-=-=-=-=-= 
03:22:43.549 INFO  Lunio 2#3539, ready to serve [6] users in [3] servers 
03:22:43.549 INFO  -=-=-=-=-=-=-=-=-=-=-=-=-=-=-=-=-=-=-=-=-=-=-=-=-=-=-=-= 
03:23:14.102 INFO  1 language(s) have loaded. (en-US) 
03:23:14.393 INFO  MongoDB successfully connected 
03:23:14.842 INFO  Shard: 0 has became ready 
03:23:14.860 INFO  Lavalink node: 0.0.0.0 has connected. 
03:23:14.885 INFO  All guilds have been initialized 
03:23:15.000 INFO  -=-=-=-=-=-=-=-=-=-=-=-=-=-=-=-=-=-=-=-=-=-=-=-=-=-=-=-= 
03:23:15.000 INFO  Lunio 2#3539, ready to serve [6] users in [3] servers 
03:23:15.000 INFO  -=-=-=-=-=-=-=-=-=-=-=-=-=-=-=-=-=-=-=-=-=-=-=-=-=-=-=-= 
03:23:47.809 INFO  1 language(s) have loaded. (en-US) 
03:23:48.104 INFO  MongoDB successfully connected 
03:23:48.508 INFO  Shard: 0 has became ready 
03:23:48.528 INFO  Lavalink node: 0.0.0.0 has connected. 
03:23:48.553 INFO  All guilds have been initialized 
03:23:48.694 INFO  -=-=-=-=-=-=-=-=-=-=-=-=-=-=-=-=-=-=-=-=-=-=-=-=-=-=-=-= 
03:23:48.694 INFO  Lunio 2#3539, ready to serve [6] users in [3] servers 
03:23:48.695 INFO  -=-=-=-=-=-=-=-=-=-=-=-=-=-=-=-=-=-=-=-=-=-=-=-=-=-=-=-= 
03:26:51.630 INFO  1 language(s) have loaded. (en-US) 
03:26:51.945 INFO  MongoDB successfully connected 
03:26:52.450 INFO  Shard: 0 has became ready 
03:26:52.469 INFO  Lavalink node: 0.0.0.0 has connected. 
03:26:52.491 INFO  All guilds have been initialized 
03:26:52.607 INFO  -=-=-=-=-=-=-=-=-=-=-=-=-=-=-=-=-=-=-=-=-=-=-=-=-=-=-=-= 
03:26:52.608 INFO  Lunio 2#3539, ready to serve [6] users in [3] servers 
03:26:52.608 INFO  -=-=-=-=-=-=-=-=-=-=-=-=-=-=-=-=-=-=-=-=-=-=-=-=-=-=-=-= 
03:31:21.295 INFO  1 language(s) have loaded. (en-US) 
03:31:21.594 INFO  MongoDB successfully connected 
03:31:22.084 INFO  Shard: 0 has became ready 
03:31:22.109 INFO  Lavalink node: 0.0.0.0 has connected. 
03:31:22.132 INFO  All guilds have been initialized 
03:31:22.251 INFO  -=-=-=-=-=-=-=-=-=-=-=-=-=-=-=-=-=-=-=-=-=-=-=-=-=-=-=-= 
03:31:22.252 INFO  Lunio 2#3539, ready to serve [6] users in [3] servers 
03:31:22.252 INFO  -=-=-=-=-=-=-=-=-=-=-=-=-=-=-=-=-=-=-=-=-=-=-=-=-=-=-=-= 
03:36:46.020 INFO  1 language(s) have loaded. (en-US) 
03:36:46.336 INFO  MongoDB successfully connected 
03:36:46.795 INFO  Shard: 0 has became ready 
03:36:46.815 INFO  Lavalink node: 0.0.0.0 has connected. 
03:36:46.838 INFO  All guilds have been initialized 
03:36:46.952 INFO  -=-=-=-=-=-=-=-=-=-=-=-=-=-=-=-=-=-=-=-=-=-=-=-=-=-=-=-= 
03:36:46.952 INFO  Lunio 2#3539, ready to serve [6] users in [3] servers 
03:36:46.952 INFO  -=-=-=-=-=-=-=-=-=-=-=-=-=-=-=-=-=-=-=-=-=-=-=-=-=-=-=-= 
03:36:48.303 ERROR Track error: undefined **undefined** in guild: 709832515577184287 for this song: Lucas & Steve - Anywhere. 
03:39:51.846 INFO  1 language(s) have loaded. (en-US) 
03:39:52.177 INFO  MongoDB successfully connected 
03:39:52.605 INFO  Shard: 0 has became ready 
03:39:52.633 INFO  Lavalink node: 0.0.0.0 has connected. 
03:39:52.654 INFO  All guilds have been initialized 
03:39:52.781 INFO  -=-=-=-=-=-=-=-=-=-=-=-=-=-=-=-=-=-=-=-=-=-=-=-=-=-=-=-= 
03:39:52.782 INFO  Lunio 2#3539, ready to serve [6] users in [3] servers 
03:39:52.782 INFO  -=-=-=-=-=-=-=-=-=-=-=-=-=-=-=-=-=-=-=-=-=-=-=-=-=-=-=-= 
03:39:58.517 ERROR Track error: undefined **undefined** in guild: 709832515577184287 for this song: Martin Garrix feat. Bonn - No Sleep (Official Video). 
03:42:19.589 INFO  1 language(s) have loaded. (en-US) 
03:42:19.903 INFO  MongoDB successfully connected 
03:42:20.322 INFO  Shard: 0 has became ready 
03:42:20.341 INFO  Lavalink node: 0.0.0.0 has connected. 
03:42:20.365 INFO  All guilds have been initialized 
03:42:20.499 INFO  -=-=-=-=-=-=-=-=-=-=-=-=-=-=-=-=-=-=-=-=-=-=-=-=-=-=-=-= 
03:42:20.499 INFO  Lunio 2#3539, ready to serve [7] users in [3] servers 
03:42:20.499 INFO  -=-=-=-=-=-=-=-=-=-=-=-=-=-=-=-=-=-=-=-=-=-=-=-=-=-=-=-= 
03:43:41.392 INFO  1 language(s) have loaded. (en-US) 
03:43:41.691 INFO  MongoDB successfully connected 
03:43:42.132 INFO  Shard: 0 has became ready 
03:43:42.159 INFO  Lavalink node: 0.0.0.0 has connected. 
03:43:42.180 INFO  All guilds have been initialized 
03:43:42.335 INFO  -=-=-=-=-=-=-=-=-=-=-=-=-=-=-=-=-=-=-=-=-=-=-=-=-=-=-=-= 
03:43:42.335 INFO  Lunio 2#3539, ready to serve [7] users in [3] servers 
03:43:42.335 INFO  -=-=-=-=-=-=-=-=-=-=-=-=-=-=-=-=-=-=-=-=-=-=-=-=-=-=-=-= 
03:53:59.462 INFO  1 language(s) have loaded. (en-US) 
03:53:59.782 INFO  MongoDB successfully connected 
03:54:00.120 INFO  Shard: 0 has became ready 
03:54:00.140 INFO  Lavalink node: 0.0.0.0 has connected. 
03:54:00.165 INFO  All guilds have been initialized 
03:54:00.280 INFO  -=-=-=-=-=-=-=-=-=-=-=-=-=-=-=-=-=-=-=-=-=-=-=-=-=-=-=-= 
03:54:00.280 INFO  Lunio 2#3539, ready to serve [7] users in [3] servers 
03:54:00.280 INFO  -=-=-=-=-=-=-=-=-=-=-=-=-=-=-=-=-=-=-=-=-=-=-=-=-=-=-=-= 
03:54:10.102 ERROR Unhandled promise rejection: Cannot read properties of undefined (reading 'toLowerCase') 
04:00:00.829 INFO  1 language(s) have loaded. (en-US) 
04:00:01.255 INFO  MongoDB successfully connected 
04:00:01.683 INFO  Shard: 0 has became ready 
04:00:01.704 INFO  Lavalink node: 0.0.0.0 has connected. 
04:00:01.727 INFO  All guilds have been initialized 
04:00:01.841 INFO  -=-=-=-=-=-=-=-=-=-=-=-=-=-=-=-=-=-=-=-=-=-=-=-=-=-=-=-= 
04:00:01.842 INFO  Lunio 2#3539, ready to serve [7] users in [3] servers 
04:00:01.842 INFO  -=-=-=-=-=-=-=-=-=-=-=-=-=-=-=-=-=-=-=-=-=-=-=-=-=-=-=-= 
04:01:49.766 ERROR Unhandled promise rejection: Cannot read properties of undefined (reading 'trim') 
04:04:54.429 INFO  1 language(s) have loaded. (en-US) 
04:04:54.741 INFO  MongoDB successfully connected 
04:04:55.347 INFO  Shard: 0 has became ready 
04:04:55.368 INFO  Lavalink node: 0.0.0.0 has connected. 
04:04:55.394 INFO  All guilds have been initialized 
04:04:55.512 INFO  -=-=-=-=-=-=-=-=-=-=-=-=-=-=-=-=-=-=-=-=-=-=-=-=-=-=-=-= 
04:04:55.513 INFO  Lunio 2#3539, ready to serve [7] users in [3] servers 
04:04:55.513 INFO  -=-=-=-=-=-=-=-=-=-=-=-=-=-=-=-=-=-=-=-=-=-=-=-=-=-=-=-= 
04:06:53.001 INFO  1 language(s) have loaded. (en-US) 
04:06:53.315 INFO  MongoDB successfully connected 
04:06:53.687 INFO  Shard: 0 has became ready 
04:06:53.707 INFO  Lavalink node: 0.0.0.0 has connected. 
04:06:53.730 INFO  All guilds have been initialized 
04:06:53.847 INFO  -=-=-=-=-=-=-=-=-=-=-=-=-=-=-=-=-=-=-=-=-=-=-=-=-=-=-=-= 
04:06:53.847 INFO  Lunio 2#3539, ready to serve [7] users in [3] servers 
04:06:53.847 INFO  -=-=-=-=-=-=-=-=-=-=-=-=-=-=-=-=-=-=-=-=-=-=-=-=-=-=-=-= 
04:12:29.788 INFO  1 language(s) have loaded. (en-US) 
04:12:30.115 INFO  MongoDB successfully connected 
04:12:30.623 INFO  Shard: 0 has became ready 
04:12:30.643 INFO  Lavalink node: 0.0.0.0 has connected. 
04:12:30.669 INFO  All guilds have been initialized 
04:12:30.808 INFO  -=-=-=-=-=-=-=-=-=-=-=-=-=-=-=-=-=-=-=-=-=-=-=-=-=-=-=-= 
04:12:30.808 INFO  Lunio 2#3539, ready to serve [7] users in [3] servers 
04:12:30.808 INFO  -=-=-=-=-=-=-=-=-=-=-=-=-=-=-=-=-=-=-=-=-=-=-=-=-=-=-=-= 
04:12:39.908 ERROR Unhandled promise rejection: Cannot read properties of undefined (reading 'map') 
04:12:40.162 ERROR Unhandled promise rejection: Cannot read properties of undefined (reading 'map') 
04:13:17.788 INFO  1 language(s) have loaded. (en-US) 
04:13:18.075 INFO  MongoDB successfully connected 
04:13:18.564 INFO  Shard: 0 has became ready 
04:13:18.583 INFO  Lavalink node: 0.0.0.0 has connected. 
04:13:18.627 INFO  All guilds have been initialized 
04:13:18.742 INFO  -=-=-=-=-=-=-=-=-=-=-=-=-=-=-=-=-=-=-=-=-=-=-=-=-=-=-=-= 
04:13:18.742 INFO  Lunio 2#3539, ready to serve [7] users in [3] servers 
04:13:18.743 INFO  -=-=-=-=-=-=-=-=-=-=-=-=-=-=-=-=-=-=-=-=-=-=-=-=-=-=-=-= 
04:13:24.242 ERROR Unhandled promise rejection: Cannot read properties of undefined (reading 'toLowerCase') 
04:13:24.467 ERROR Unhandled promise rejection: Cannot read properties of undefined (reading 'toLowerCase') 
04:14:02.819 INFO  1 language(s) have loaded. (en-US) 
04:14:03.130 INFO  MongoDB successfully connected 
04:14:03.563 INFO  Shard: 0 has became ready 
04:14:03.585 INFO  Lavalink node: 0.0.0.0 has connected. 
04:14:03.690 INFO  All guilds have been initialized 
04:14:03.805 INFO  -=-=-=-=-=-=-=-=-=-=-=-=-=-=-=-=-=-=-=-=-=-=-=-=-=-=-=-= 
04:14:03.805 INFO  Lunio 2#3539, ready to serve [7] users in [3] servers 
04:14:03.806 INFO  -=-=-=-=-=-=-=-=-=-=-=-=-=-=-=-=-=-=-=-=-=-=-=-=-=-=-=-= 
04:16:45.632 INFO  1 language(s) have loaded. (en-US) 
04:16:45.997 INFO  MongoDB successfully connected 
04:16:46.448 INFO  Shard: 0 has became ready 
04:16:46.469 INFO  Lavalink node: 0.0.0.0 has connected. 
04:16:46.539 INFO  All guilds have been initialized 
04:16:46.666 INFO  -=-=-=-=-=-=-=-=-=-=-=-=-=-=-=-=-=-=-=-=-=-=-=-=-=-=-=-= 
04:16:46.666 INFO  Lunio 2#3539, ready to serve [7] users in [3] servers 
04:16:46.666 INFO  -=-=-=-=-=-=-=-=-=-=-=-=-=-=-=-=-=-=-=-=-=-=-=-=-=-=-=-= 
04:17:13.922 INFO  1 language(s) have loaded. (en-US) 
04:17:14.218 INFO  MongoDB successfully connected 
04:17:14.592 INFO  Shard: 0 has became ready 
04:17:14.615 INFO  Lavalink node: 0.0.0.0 has connected. 
04:17:14.652 INFO  All guilds have been initialized 
04:17:14.768 INFO  -=-=-=-=-=-=-=-=-=-=-=-=-=-=-=-=-=-=-=-=-=-=-=-=-=-=-=-= 
04:17:14.769 INFO  Lunio 2#3539, ready to serve [7] users in [3] servers 
04:17:14.769 INFO  -=-=-=-=-=-=-=-=-=-=-=-=-=-=-=-=-=-=-=-=-=-=-=-=-=-=-=-= 
04:19:03.806 INFO  1 language(s) have loaded. (en-US) 
04:19:04.219 INFO  MongoDB successfully connected 
04:19:04.628 INFO  Shard: 0 has became ready 
04:19:04.653 INFO  Lavalink node: 0.0.0.0 has connected. 
04:19:04.709 INFO  All guilds have been initialized 
04:19:04.834 INFO  -=-=-=-=-=-=-=-=-=-=-=-=-=-=-=-=-=-=-=-=-=-=-=-=-=-=-=-= 
04:19:04.835 INFO  Lunio 2#3539, ready to serve [7] users in [3] servers 
04:19:04.835 INFO  -=-=-=-=-=-=-=-=-=-=-=-=-=-=-=-=-=-=-=-=-=-=-=-=-=-=-=-= 
04:20:16.127 INFO  1 language(s) have loaded. (en-US) 
04:20:16.416 INFO  MongoDB successfully connected 
04:20:16.880 INFO  Shard: 0 has became ready 
04:20:16.901 INFO  Lavalink node: 0.0.0.0 has connected. 
04:20:16.929 INFO  All guilds have been initialized 
04:20:17.044 INFO  -=-=-=-=-=-=-=-=-=-=-=-=-=-=-=-=-=-=-=-=-=-=-=-=-=-=-=-= 
04:20:17.044 INFO  Lunio 2#3539, ready to serve [7] users in [3] servers 
04:20:17.044 INFO  -=-=-=-=-=-=-=-=-=-=-=-=-=-=-=-=-=-=-=-=-=-=-=-=-=-=-=-= 
04:20:49.573 INFO  1 language(s) have loaded. (en-US) 
04:20:49.852 INFO  MongoDB successfully connected 
04:20:50.301 INFO  Shard: 0 has became ready 
04:20:50.320 INFO  Lavalink node: 0.0.0.0 has connected. 
04:20:50.344 INFO  All guilds have been initialized 
04:20:50.474 INFO  -=-=-=-=-=-=-=-=-=-=-=-=-=-=-=-=-=-=-=-=-=-=-=-=-=-=-=-= 
04:20:50.474 INFO  Lunio 2#3539, ready to serve [7] users in [3] servers 
04:20:50.474 INFO  -=-=-=-=-=-=-=-=-=-=-=-=-=-=-=-=-=-=-=-=-=-=-=-=-=-=-=-= 
04:21:16.281 INFO  1 language(s) have loaded. (en-US) 
04:21:16.602 INFO  MongoDB successfully connected 
04:21:17.010 INFO  Shard: 0 has became ready 
04:21:17.029 INFO  Lavalink node: 0.0.0.0 has connected. 
04:21:17.054 INFO  All guilds have been initialized 
04:21:17.171 INFO  -=-=-=-=-=-=-=-=-=-=-=-=-=-=-=-=-=-=-=-=-=-=-=-=-=-=-=-= 
04:21:17.171 INFO  Lunio 2#3539, ready to serve [7] users in [3] servers 
04:21:17.171 INFO  -=-=-=-=-=-=-=-=-=-=-=-=-=-=-=-=-=-=-=-=-=-=-=-=-=-=-=-= 
04:23:28.212 INFO  1 language(s) have loaded. (en-US) 
04:23:28.505 INFO  MongoDB successfully connected 
04:23:29.045 INFO  Shard: 0 has became ready 
04:23:29.079 INFO  Lavalink node: 0.0.0.0 has connected. 
04:23:29.102 INFO  All guilds have been initialized 
04:23:29.215 INFO  -=-=-=-=-=-=-=-=-=-=-=-=-=-=-=-=-=-=-=-=-=-=-=-=-=-=-=-= 
04:23:29.215 INFO  Lunio 2#3539, ready to serve [7] users in [3] servers 
04:23:29.216 INFO  -=-=-=-=-=-=-=-=-=-=-=-=-=-=-=-=-=-=-=-=-=-=-=-=-=-=-=-= 
04:25:59.161 INFO  1 language(s) have loaded. (en-US) 
04:25:59.470 INFO  MongoDB successfully connected 
04:25:59.854 INFO  Shard: 0 has became ready 
04:25:59.875 INFO  Lavalink node: 0.0.0.0 has connected. 
04:25:59.900 INFO  All guilds have been initialized 
04:26:00.021 INFO  -=-=-=-=-=-=-=-=-=-=-=-=-=-=-=-=-=-=-=-=-=-=-=-=-=-=-=-= 
04:26:00.021 INFO  Lunio 2#3539, ready to serve [7] users in [3] servers 
04:26:00.022 INFO  -=-=-=-=-=-=-=-=-=-=-=-=-=-=-=-=-=-=-=-=-=-=-=-=-=-=-=-= 
04:26:54.533 INFO  1 language(s) have loaded. (en-US) 
04:26:54.833 INFO  MongoDB successfully connected 
04:26:55.290 INFO  Shard: 0 has became ready 
04:26:55.320 INFO  Lavalink node: 0.0.0.0 has connected. 
04:26:55.349 INFO  All guilds have been initialized 
04:26:55.467 INFO  -=-=-=-=-=-=-=-=-=-=-=-=-=-=-=-=-=-=-=-=-=-=-=-=-=-=-=-= 
04:26:55.468 INFO  Lunio 2#3539, ready to serve [7] users in [3] servers 
04:26:55.468 INFO  -=-=-=-=-=-=-=-=-=-=-=-=-=-=-=-=-=-=-=-=-=-=-=-=-=-=-=-= 
04:29:19.832 INFO  1 language(s) have loaded. (en-US) 
04:29:20.152 INFO  MongoDB successfully connected 
04:29:20.502 INFO  Shard: 0 has became ready 
04:29:20.530 INFO  Lavalink node: 0.0.0.0 has connected. 
04:29:20.551 INFO  All guilds have been initialized 
04:29:20.670 INFO  -=-=-=-=-=-=-=-=-=-=-=-=-=-=-=-=-=-=-=-=-=-=-=-=-=-=-=-= 
04:29:20.671 INFO  Lunio 2#3539, ready to serve [7] users in [3] servers 
04:29:20.671 INFO  -=-=-=-=-=-=-=-=-=-=-=-=-=-=-=-=-=-=-=-=-=-=-=-=-=-=-=-= 
04:31:55.459 INFO  1 language(s) have loaded. (en-US) 
04:31:55.771 INFO  MongoDB successfully connected 
04:31:56.308 INFO  Shard: 0 has became ready 
04:31:56.335 INFO  Lavalink node: 0.0.0.0 has connected. 
04:31:56.358 INFO  All guilds have been initialized 
04:31:56.472 INFO  -=-=-=-=-=-=-=-=-=-=-=-=-=-=-=-=-=-=-=-=-=-=-=-=-=-=-=-= 
04:31:56.472 INFO  Lunio 2#3539, ready to serve [7] users in [3] servers 
04:31:56.473 INFO  -=-=-=-=-=-=-=-=-=-=-=-=-=-=-=-=-=-=-=-=-=-=-=-=-=-=-=-= 
04:32:18.440 INFO  1 language(s) have loaded. (en-US) 
04:32:18.715 INFO  MongoDB successfully connected 
04:32:19.227 INFO  Shard: 0 has became ready 
04:32:19.249 INFO  Lavalink node: 0.0.0.0 has connected. 
04:32:19.275 INFO  All guilds have been initialized 
04:32:19.391 INFO  -=-=-=-=-=-=-=-=-=-=-=-=-=-=-=-=-=-=-=-=-=-=-=-=-=-=-=-= 
04:32:19.391 INFO  Lunio 2#3539, ready to serve [7] users in [3] servers 
04:32:19.392 INFO  -=-=-=-=-=-=-=-=-=-=-=-=-=-=-=-=-=-=-=-=-=-=-=-=-=-=-=-= 
04:34:46.312 INFO  1 language(s) have loaded. (en-US) 
04:34:46.617 INFO  MongoDB successfully connected 
04:34:47.064 INFO  Shard: 0 has became ready 
04:34:47.088 INFO  Lavalink node: 0.0.0.0 has connected. 
04:34:47.116 INFO  All guilds have been initialized 
04:34:47.232 INFO  -=-=-=-=-=-=-=-=-=-=-=-=-=-=-=-=-=-=-=-=-=-=-=-=-=-=-=-= 
04:34:47.233 INFO  Lunio 2#3539, ready to serve [7] users in [3] servers 
04:34:47.233 INFO  -=-=-=-=-=-=-=-=-=-=-=-=-=-=-=-=-=-=-=-=-=-=-=-=-=-=-=-= 
04:35:19.640 INFO  1 language(s) have loaded. (en-US) 
04:35:19.925 INFO  MongoDB successfully connected 
04:35:20.346 INFO  Shard: 0 has became ready 
04:35:20.366 INFO  Lavalink node: 0.0.0.0 has connected. 
04:35:20.390 INFO  All guilds have been initialized 
04:35:20.507 INFO  -=-=-=-=-=-=-=-=-=-=-=-=-=-=-=-=-=-=-=-=-=-=-=-=-=-=-=-= 
04:35:20.508 INFO  Lunio 2#3539, ready to serve [7] users in [3] servers 
04:35:20.508 INFO  -=-=-=-=-=-=-=-=-=-=-=-=-=-=-=-=-=-=-=-=-=-=-=-=-=-=-=-= 
04:37:04.080 INFO  1 language(s) have loaded. (en-US) 
04:37:04.406 INFO  MongoDB successfully connected 
04:37:04.788 INFO  Shard: 0 has became ready 
04:37:04.812 INFO  Lavalink node: 0.0.0.0 has connected. 
04:37:04.840 INFO  All guilds have been initialized 
04:37:04.972 INFO  -=-=-=-=-=-=-=-=-=-=-=-=-=-=-=-=-=-=-=-=-=-=-=-=-=-=-=-= 
04:37:04.972 INFO  Lunio 2#3539, ready to serve [7] users in [3] servers 
04:37:04.972 INFO  -=-=-=-=-=-=-=-=-=-=-=-=-=-=-=-=-=-=-=-=-=-=-=-=-=-=-=-= 
04:39:08.046 INFO  1 language(s) have loaded. (en-US) 
04:39:08.361 INFO  MongoDB successfully connected 
04:39:08.906 INFO  Shard: 0 has became ready 
04:39:08.933 INFO  Lavalink node: 0.0.0.0 has connected. 
04:39:08.960 INFO  All guilds have been initialized 
04:39:09.076 INFO  -=-=-=-=-=-=-=-=-=-=-=-=-=-=-=-=-=-=-=-=-=-=-=-=-=-=-=-= 
04:39:09.077 INFO  Lunio 2#3539, ready to serve [7] users in [3] servers 
04:39:09.077 INFO  -=-=-=-=-=-=-=-=-=-=-=-=-=-=-=-=-=-=-=-=-=-=-=-=-=-=-=-= 
04:42:29.465 INFO  1 language(s) have loaded. (en-US) 
04:42:29.778 INFO  MongoDB successfully connected 
04:42:30.366 INFO  Shard: 0 has became ready 
04:42:30.384 INFO  Lavalink node: 0.0.0.0 has connected. 
04:42:30.411 INFO  All guilds have been initialized 
04:42:30.528 INFO  -=-=-=-=-=-=-=-=-=-=-=-=-=-=-=-=-=-=-=-=-=-=-=-=-=-=-=-= 
04:42:30.528 INFO  Lunio 2#3539, ready to serve [7] users in [3] servers 
04:42:30.528 INFO  -=-=-=-=-=-=-=-=-=-=-=-=-=-=-=-=-=-=-=-=-=-=-=-=-=-=-=-= 
