01:12:49.374 INFO  1 language(s) have loaded. (en-US) 
01:12:49.842 INFO  MongoDB successfully connected 
01:12:50.195 INFO  Shard: 0 has became ready 
01:12:50.245 ERROR Lavalink node: 'lavalink.scpcl.site', has error: 'getaddrinfo ENOTFOUND lavalink.scpcl.site'. 
01:12:50.248 ERROR Lavalink node: lavalink.scpcl.site has disconnect, reason: . 
01:12:50.277 INFO  All guilds have been initialized 
01:12:50.397 INFO  -=-=-=-=-=-=-=-=-=-=-=-=-=-=-=-=-=-=-=-=-=-=-=-=-=-=-=-= 
01:12:50.397 INFO  Void Music 2#3539, ready to serve [8] users in [3] servers 
01:12:50.397 INFO  -=-=-=-=-=-=-=-=-=-=-=-=-=-=-=-=-=-=-=-=-=-=-=-=-=-=-=-= 
01:13:20.270 ERROR Lavalink node: 'lavalink.scpcl.site', has error: 'getaddrinfo ENOTFOUND lavalink.scpcl.site'. 
01:13:20.272 ERROR Lavalink node: lavalink.scpcl.site has disconnect, reason: . 
01:13:50.293 ERROR Lavalink node: 'lavalink.scpcl.site', has error: 'getaddrinfo ENOTFOUND lavalink.scpcl.site'. 
01:13:50.294 ERROR Lavalink node: lavalink.scpcl.site has disconnect, reason: . 
01:14:20.310 ERROR Lavalink node: 'lavalink.scpcl.site', has error: 'getaddrinfo ENOTFOUND lavalink.scpcl.site'. 
01:14:20.311 ERROR Lavalink node: lavalink.scpcl.site has disconnect, reason: . 
01:14:50.317 ERROR Lavalink node: 'lavalink.scpcl.site', has error: 'getaddrinfo ENOTFOUND lavalink.scpcl.site'. 
01:14:50.318 ERROR Lavalink node: lavalink.scpcl.site has disconnect, reason: . 
01:15:20.323 ERROR Lavalink node: 'lavalink.scpcl.site', has error: 'Unable to connect after 5 attempts.'. 
01:15:30.302 INFO  1 language(s) have loaded. (en-US) 
01:15:30.678 INFO  MongoDB successfully connected 
01:15:31.092 INFO  Shard: 0 has became ready 
01:15:31.116 ERROR Lavalink node: 'lavalink.scpcl.site', has error: 'getaddrinfo ENOTFOUND lavalink.scpcl.site'. 
01:15:31.118 ERROR Lavalink node: lavalink.scpcl.site has disconnect, reason: . 
01:15:31.154 INFO  All guilds have been initialized 
01:15:31.269 INFO  -=-=-=-=-=-=-=-=-=-=-=-=-=-=-=-=-=-=-=-=-=-=-=-=-=-=-=-= 
01:15:31.269 INFO  Void Music 2#3539, ready to serve [8] users in [3] servers 
01:15:31.269 INFO  -=-=-=-=-=-=-=-=-=-=-=-=-=-=-=-=-=-=-=-=-=-=-=-=-=-=-=-= 
01:17:28.332 INFO  1 language(s) have loaded. (en-US) 
01:17:28.781 INFO  MongoDB successfully connected 
01:17:29.008 INFO  Shard: 0 has became ready 
01:17:29.053 INFO  All guilds have been initialized 
01:17:29.115 INFO  Lavalink node: 0.0.0.0 has connected. 
01:17:29.171 INFO  -=-=-=-=-=-=-=-=-=-=-=-=-=-=-=-=-=-=-=-=-=-=-=-=-=-=-=-= 
01:17:29.171 INFO  Void Music 2#3539, ready to serve [8] users in [3] servers 
01:17:29.172 INFO  -=-=-=-=-=-=-=-=-=-=-=-=-=-=-=-=-=-=-=-=-=-=-=-=-=-=-=-= 
01:19:11.822 ERROR Unhandled promise rejection: Unknown interaction 
01:19:12.129 ERROR Unhandled promise rejection: Unknown interaction 
01:21:25.896 ERROR Unhandled promise rejection: Unknown interaction 
02:26:53.676 ERROR Unhandled promise rejection: Unknown interaction 
02:28:30.391 INFO  1 language(s) have loaded. (en-US) 
02:28:30.848 INFO  MongoDB successfully connected 
02:28:31.137 INFO  Shard: 0 has became ready 
02:28:31.173 INFO  Lavalink node: 0.0.0.0 has connected. 
02:28:31.202 INFO  All guilds have been initialized 
02:28:31.327 INFO  -=-=-=-=-=-=-=-=-=-=-=-=-=-=-=-=-=-=-=-=-=-=-=-=-=-=-=-= 
02:28:31.328 INFO  Void Music 2#3539, ready to serve [7] users in [3] servers 
02:28:31.328 INFO  -=-=-=-=-=-=-=-=-=-=-=-=-=-=-=-=-=-=-=-=-=-=-=-=-=-=-=-= 
02:32:34.415 INFO  1 language(s) have loaded. (en-US) 
02:32:34.856 INFO  MongoDB successfully connected 
02:32:35.214 INFO  Shard: 0 has became ready 
02:32:35.237 INFO  Lavalink node: 0.0.0.0 has connected. 
02:32:35.329 INFO  All guilds have been initialized 
02:32:35.441 INFO  -=-=-=-=-=-=-=-=-=-=-=-=-=-=-=-=-=-=-=-=-=-=-=-=-=-=-=-= 
02:32:35.442 INFO  Void Music 2#3539, ready to serve [7] users in [3] servers 
02:32:35.442 INFO  -=-=-=-=-=-=-=-=-=-=-=-=-=-=-=-=-=-=-=-=-=-=-=-=-=-=-=-= 
02:33:03.587 ERROR Unhandled promise rejection: exist is not defined 
02:33:35.727 INFO  1 language(s) have loaded. (en-US) 
02:33:36.142 INFO  MongoDB successfully connected 
02:33:36.438 INFO  Shard: 0 has became ready 
02:33:36.465 INFO  Lavalink node: 0.0.0.0 has connected. 
02:33:36.502 INFO  All guilds have been initialized 
02:33:36.618 INFO  -=-=-=-=-=-=-=-=-=-=-=-=-=-=-=-=-=-=-=-=-=-=-=-=-=-=-=-= 
02:33:36.618 INFO  Void Music 2#3539, ready to serve [7] users in [3] servers 
02:33:36.619 INFO  -=-=-=-=-=-=-=-=-=-=-=-=-=-=-=-=-=-=-=-=-=-=-=-=-=-=-=-= 
02:33:46.666 ERROR Unhandled promise rejection: PlaylistSchema is not defined 
02:34:35.426 INFO  1 language(s) have loaded. (en-US) 
02:34:35.768 INFO  MongoDB successfully connected 
02:34:36.231 INFO  Shard: 0 has became ready 
02:34:36.257 INFO  Lavalink node: 0.0.0.0 has connected. 
02:34:36.285 INFO  All guilds have been initialized 
02:34:36.400 INFO  -=-=-=-=-=-=-=-=-=-=-=-=-=-=-=-=-=-=-=-=-=-=-=-=-=-=-=-= 
02:34:36.401 INFO  Void Music 2#3539, ready to serve [7] users in [3] servers 
02:34:36.401 INFO  -=-=-=-=-=-=-=-=-=-=-=-=-=-=-=-=-=-=-=-=-=-=-=-=-=-=-=-= 
02:34:40.927 ERROR Unhandled promise rejection: channel is not defined 
02:36:38.083 INFO  1 language(s) have loaded. (en-US) 
02:36:38.461 INFO  MongoDB successfully connected 
02:36:38.802 INFO  Shard: 0 has became ready 
02:36:38.837 INFO  Lavalink node: 0.0.0.0 has connected. 
02:36:38.859 INFO  All guilds have been initialized 
02:36:38.989 INFO  -=-=-=-=-=-=-=-=-=-=-=-=-=-=-=-=-=-=-=-=-=-=-=-=-=-=-=-= 
02:36:38.990 INFO  Void Music 2#3539, ready to serve [7] users in [3] servers 
02:36:38.990 INFO  -=-=-=-=-=-=-=-=-=-=-=-=-=-=-=-=-=-=-=-=-=-=-=-=-=-=-=-= 
02:38:08.000 ERROR channel is not defined
{}
ReferenceError: channel is not defined
    at D:\Bots\Discord Bots\Void Music\Void Music 2\src\events\custom\clickButton.js:304:36
    at D:\Bots\Discord Bots\Void Music\Void Music 2\node_modules\mongoose\lib\model.js:4953:18
    at processTicksAndRejections (node:internal/process/task_queues:78:11) 
02:38:37.997 INFO  1 language(s) have loaded. (en-US) 
02:38:38.359 INFO  MongoDB successfully connected 
02:38:38.775 INFO  Shard: 0 has became ready 
02:38:38.801 INFO  Lavalink node: 0.0.0.0 has connected. 
02:38:38.832 INFO  All guilds have been initialized 
02:38:38.967 INFO  -=-=-=-=-=-=-=-=-=-=-=-=-=-=-=-=-=-=-=-=-=-=-=-=-=-=-=-= 
02:38:38.967 INFO  Void Music 2#3539, ready to serve [7] users in [3] servers 
02:38:38.968 INFO  -=-=-=-=-=-=-=-=-=-=-=-=-=-=-=-=-=-=-=-=-=-=-=-=-=-=-=-= 
02:39:54.800 INFO  1 language(s) have loaded. (en-US) 
02:39:55.250 INFO  MongoDB successfully connected 
02:39:55.553 INFO  Shard: 0 has became ready 
02:39:55.589 INFO  Lavalink node: 0.0.0.0 has connected. 
02:39:55.620 INFO  All guilds have been initialized 
02:39:55.739 INFO  -=-=-=-=-=-=-=-=-=-=-=-=-=-=-=-=-=-=-=-=-=-=-=-=-=-=-=-= 
02:39:55.739 INFO  Void Music 2#3539, ready to serve [7] users in [3] servers 
02:39:55.740 INFO  -=-=-=-=-=-=-=-=-=-=-=-=-=-=-=-=-=-=-=-=-=-=-=-=-=-=-=-= 
02:46:07.799 INFO  1 language(s) have loaded. (en-US) 
02:46:08.167 INFO  MongoDB successfully connected 
02:46:08.571 INFO  Shard: 0 has became ready 
02:46:08.605 INFO  Lavalink node: 0.0.0.0 has connected. 
02:46:08.637 INFO  All guilds have been initialized 
02:46:08.767 INFO  -=-=-=-=-=-=-=-=-=-=-=-=-=-=-=-=-=-=-=-=-=-=-=-=-=-=-=-= 
02:46:08.768 INFO  Void Music 2#3539, ready to serve [7] users in [3] servers 
02:46:08.768 INFO  -=-=-=-=-=-=-=-=-=-=-=-=-=-=-=-=-=-=-=-=-=-=-=-=-=-=-=-= 
02:47:06.095 INFO  1 language(s) have loaded. (en-US) 
02:47:06.466 INFO  MongoDB successfully connected 
02:47:06.812 INFO  Shard: 0 has became ready 
02:47:06.836 INFO  Lavalink node: 0.0.0.0 has connected. 
02:47:06.861 INFO  All guilds have been initialized 
02:47:06.978 INFO  -=-=-=-=-=-=-=-=-=-=-=-=-=-=-=-=-=-=-=-=-=-=-=-=-=-=-=-= 
02:47:06.978 INFO  Void Music 2#3539, ready to serve [7] users in [3] servers 
02:47:06.978 INFO  -=-=-=-=-=-=-=-=-=-=-=-=-=-=-=-=-=-=-=-=-=-=-=-=-=-=-=-= 
02:55:38.542 INFO  1 language(s) have loaded. (en-US) 
02:55:38.925 INFO  MongoDB successfully connected 
02:55:39.208 INFO  Shard: 0 has became ready 
02:55:39.230 INFO  Lavalink node: 0.0.0.0 has connected. 
02:55:39.258 INFO  All guilds have been initialized 
02:55:39.383 INFO  -=-=-=-=-=-=-=-=-=-=-=-=-=-=-=-=-=-=-=-=-=-=-=-=-=-=-=-= 
02:55:39.384 INFO  Void Music 2#3539, ready to serve [7] users in [3] servers 
02:55:39.384 INFO  -=-=-=-=-=-=-=-=-=-=-=-=-=-=-=-=-=-=-=-=-=-=-=-=-=-=-=-= 
19:04:33.738 INFO  1 language(s) have loaded. (en-US) 
19:04:34.137 INFO  MongoDB successfully connected 
19:04:34.549 INFO  Shard: 0 has became ready 
19:04:34.602 INFO  All guilds have been initialized 
19:04:34.723 INFO  -=-=-=-=-=-=-=-=-=-=-=-=-=-=-=-=-=-=-=-=-=-=-=-=-=-=-=-= 
19:04:34.724 INFO  Void Music 2#3539, ready to serve [6] users in [3] servers 
19:04:34.724 INFO  -=-=-=-=-=-=-=-=-=-=-=-=-=-=-=-=-=-=-=-=-=-=-=-=-=-=-=-= 
19:04:34.726 INFO  Lavalink node: 0.0.0.0 has connected. 
19:05:30.844 INFO  1 language(s) have loaded. (en-US) 
19:05:31.145 INFO  MongoDB successfully connected 
19:05:31.624 INFO  Shard: 0 has became ready 
19:05:31.653 INFO  Lavalink node: 0.0.0.0 has connected. 
19:05:31.689 INFO  All guilds have been initialized 
19:05:31.812 INFO  -=-=-=-=-=-=-=-=-=-=-=-=-=-=-=-=-=-=-=-=-=-=-=-=-=-=-=-= 
19:05:31.813 INFO  Void Music 2#3539, ready to serve [6] users in [3] servers 
19:05:31.813 INFO  -=-=-=-=-=-=-=-=-=-=-=-=-=-=-=-=-=-=-=-=-=-=-=-=-=-=-=-= 
19:06:02.031 ERROR Lavalink node: 0.0.0.0 has disconnect, reason: . 
19:06:26.069 INFO  1 language(s) have loaded. (en-US) 
19:06:26.415 INFO  MongoDB successfully connected 
19:06:26.792 INFO  Shard: 0 has became ready 
19:06:26.839 INFO  All guilds have been initialized 
19:06:26.906 INFO  Lavalink node: 0.0.0.0 has connected. 
19:06:26.952 INFO  -=-=-=-=-=-=-=-=-=-=-=-=-=-=-=-=-=-=-=-=-=-=-=-=-=-=-=-= 
19:06:26.952 INFO  Void Music 2#3539, ready to serve [6] users in [3] servers 
19:06:26.953 INFO  -=-=-=-=-=-=-=-=-=-=-=-=-=-=-=-=-=-=-=-=-=-=-=-=-=-=-=-= 
19:08:52.846 INFO  1 language(s) have loaded. (en-US) 
19:08:53.213 INFO  MongoDB successfully connected 
19:08:53.618 INFO  Shard: 0 has became ready 
19:08:53.635 ERROR Lavalink node: '0.0.0.0', has error: 'connect ECONNREFUSED 0.0.0.0:69'. 
19:08:53.637 ERROR Lavalink node: 0.0.0.0 has disconnect, reason: . 
19:08:53.665 INFO  All guilds have been initialized 
19:08:53.780 INFO  -=-=-=-=-=-=-=-=-=-=-=-=-=-=-=-=-=-=-=-=-=-=-=-=-=-=-=-= 
19:08:53.781 INFO  Void Music 2#3539, ready to serve [6] users in [3] servers 
19:08:53.781 INFO  -=-=-=-=-=-=-=-=-=-=-=-=-=-=-=-=-=-=-=-=-=-=-=-=-=-=-=-= 
19:08:59.493 ERROR Error searching for songs RangeError: No available nodes. 
19:09:19.283 ERROR Error searching for songs RangeError: No available nodes. 
19:09:24.161 INFO  1 language(s) have loaded. (en-US) 
19:09:24.499 INFO  MongoDB successfully connected 
19:09:24.843 INFO  Shard: 0 has became ready 
19:09:24.911 INFO  All guilds have been initialized 
19:09:24.950 INFO  Lavalink node: 0.0.0.0 has connected. 
19:09:25.027 INFO  -=-=-=-=-=-=-=-=-=-=-=-=-=-=-=-=-=-=-=-=-=-=-=-=-=-=-=-= 
19:09:25.027 INFO  Void Music 2#3539, ready to serve [6] users in [3] servers 
19:09:25.027 INFO  -=-=-=-=-=-=-=-=-=-=-=-=-=-=-=-=-=-=-=-=-=-=-=-=-=-=-=-= 
19:11:49.796 INFO  1 language(s) have loaded. (en-US) 
19:11:50.245 INFO  MongoDB successfully connected 
19:11:50.503 INFO  Shard: 0 has became ready 
19:11:50.522 INFO  Lavalink node: 0.0.0.0 has connected. 
19:11:50.555 INFO  All guilds have been initialized 
19:11:50.678 INFO  -=-=-=-=-=-=-=-=-=-=-=-=-=-=-=-=-=-=-=-=-=-=-=-=-=-=-=-= 
19:11:50.678 INFO  Void Music 2#3539, ready to serve [6] users in [3] servers 
19:11:50.679 INFO  -=-=-=-=-=-=-=-=-=-=-=-=-=-=-=-=-=-=-=-=-=-=-=-=-=-=-=-= 
19:12:40.647 ERROR Unhandled promise rejection: Unknown interaction 
19:13:08.615 INFO  1 language(s) have loaded. (en-US) 
19:13:08.987 INFO  MongoDB successfully connected 
19:13:09.272 INFO  Shard: 0 has became ready 
19:13:09.293 INFO  Lavalink node: 0.0.0.0 has connected. 
19:13:09.317 INFO  All guilds have been initialized 
19:13:09.428 INFO  -=-=-=-=-=-=-=-=-=-=-=-=-=-=-=-=-=-=-=-=-=-=-=-=-=-=-=-= 
19:13:09.429 INFO  Void Music 2#3539, ready to serve [6] users in [3] servers 
19:13:09.429 INFO  -=-=-=-=-=-=-=-=-=-=-=-=-=-=-=-=-=-=-=-=-=-=-=-=-=-=-=-= 
19:15:43.613 INFO  1 language(s) have loaded. (en-US) 
19:15:44.042 INFO  MongoDB successfully connected 
19:15:44.546 INFO  Shard: 0 has became ready 
19:15:44.567 INFO  Lavalink node: 0.0.0.0 has connected. 
19:15:44.715 INFO  All guilds have been initialized 
19:15:44.846 INFO  -=-=-=-=-=-=-=-=-=-=-=-=-=-=-=-=-=-=-=-=-=-=-=-=-=-=-=-= 
19:15:44.847 INFO  Void Music 2#3539, ready to serve [6] users in [3] servers 
19:15:44.847 INFO  -=-=-=-=-=-=-=-=-=-=-=-=-=-=-=-=-=-=-=-=-=-=-=-=-=-=-=-= 
22:02:39.294 INFO  1 language(s) have loaded. (en-US) 
22:02:39.673 INFO  MongoDB successfully connected 
22:02:40.064 INFO  Shard: 0 has became ready 
22:02:40.083 INFO  Lavalink node: 0.0.0.0 has connected. 
22:02:40.107 INFO  All guilds have been initialized 
22:02:40.227 INFO  -=-=-=-=-=-=-=-=-=-=-=-=-=-=-=-=-=-=-=-=-=-=-=-=-=-=-=-= 
22:02:40.228 INFO  Void Music 2#3539, ready to serve [8] users in [3] servers 
22:02:40.229 INFO  -=-=-=-=-=-=-=-=-=-=-=-=-=-=-=-=-=-=-=-=-=-=-=-=-=-=-=-= 
22:09:06.802 INFO  1 language(s) have loaded. (en-US) 
22:09:07.340 INFO  MongoDB successfully connected 
22:09:08.710 INFO  Shard: 0 has became ready 
22:09:08.737 INFO  Lavalink node: 0.0.0.0 has connected. 
22:09:08.781 INFO  All guilds have been initialized 
22:09:08.920 INFO  -=-=-=-=-=-=-=-=-=-=-=-=-=-=-=-=-=-=-=-=-=-=-=-=-=-=-=-= 
22:09:08.921 INFO  Void Music 2#3539, ready to serve [8] users in [3] servers 
22:09:08.921 INFO  -=-=-=-=-=-=-=-=-=-=-=-=-=-=-=-=-=-=-=-=-=-=-=-=-=-=-=-= 
