01:51:27.354 INFO  MongoDB successfully connected 
01:51:27.615 INFO  Shard: 0 has became ready 
01:51:27.653 INFO  Lavalink node: 0.0.0.0 has connected. 
01:51:27.678 INFO  All guilds have been initialized. 
01:51:27.679 INFO  -=-=-=-=-=-=-=-=-=-=-=-=-=-=-=-=-=-=-=-=-=-=-=-=-=-=-=-= 
01:51:27.679 INFO  Void Music 2#3539, ready to serve [4] users in [3] servers. 
01:51:27.680 INFO  -=-=-=-=-=-=-=-=-=-=-=-=-=-=-=-=-=-=-=-=-=-=-=-=-=-=-=-= 
01:51:51.178 INFO  MongoDB successfully connected 
01:51:51.440 INFO  Shard: 0 has became ready 
01:51:51.475 INFO  Lavalink node: 0.0.0.0 has connected. 
01:51:51.495 INFO  All guilds have been initialized. 
01:51:51.495 INFO  -=-=-=-=-=-=-=-=-=-=-=-=-=-=-=-=-=-=-=-=-=-=-=-=-=-=-=-= 
01:51:51.496 INFO  Void Music 2#3539, ready to serve [4] users in [3] servers. 
01:51:51.496 INFO  -=-=-=-=-=-=-=-=-=-=-=-=-=-=-=-=-=-=-=-=-=-=-=-=-=-=-=-= 
01:57:37.425 INFO  MongoDB successfully connected 
01:57:37.695 INFO  Shard: 0 has became ready 
01:57:37.727 INFO  Lavalink node: 0.0.0.0 has connected. 
01:57:37.755 INFO  All guilds have been initialized. 
01:57:37.755 INFO  -=-=-=-=-=-=-=-=-=-=-=-=-=-=-=-=-=-=-=-=-=-=-=-=-=-=-=-= 
01:57:37.756 INFO  Void Music 2#3539, ready to serve [4] users in [3] servers. 
01:57:37.756 INFO  -=-=-=-=-=-=-=-=-=-=-=-=-=-=-=-=-=-=-=-=-=-=-=-=-=-=-=-= 
02:09:23.016 ERROR Unhandled promise rejection: player is not defined. 
02:09:34.410 INFO  MongoDB successfully connected 
02:09:34.878 INFO  Shard: 0 has became ready 
02:09:34.899 INFO  Lavalink node: 0.0.0.0 has connected. 
02:09:34.919 INFO  All guilds have been initialized. 
02:09:34.919 INFO  -=-=-=-=-=-=-=-=-=-=-=-=-=-=-=-=-=-=-=-=-=-=-=-=-=-=-=-= 
02:09:34.919 INFO  Void Music 2#3539, ready to serve [4] users in [3] servers. 
02:09:34.920 INFO  -=-=-=-=-=-=-=-=-=-=-=-=-=-=-=-=-=-=-=-=-=-=-=-=-=-=-=-= 
02:09:42.378 ERROR Unhandled promise rejection: ARRAY is not defined. 
02:09:53.943 INFO  MongoDB successfully connected 
02:09:54.211 INFO  Shard: 0 has became ready 
02:09:54.231 INFO  Lavalink node: 0.0.0.0 has connected. 
02:09:54.252 INFO  All guilds have been initialized. 
02:09:54.253 INFO  -=-=-=-=-=-=-=-=-=-=-=-=-=-=-=-=-=-=-=-=-=-=-=-=-=-=-=-= 
02:09:54.253 INFO  Void Music 2#3539, ready to serve [2] users in [3] servers. 
02:09:54.254 INFO  -=-=-=-=-=-=-=-=-=-=-=-=-=-=-=-=-=-=-=-=-=-=-=-=-=-=-=-= 
02:09:56.085 ERROR Unhandled promise rejection: player is not defined. 
02:11:30.881 INFO  MongoDB successfully connected 
02:11:31.077 INFO  Shard: 0 has became ready 
02:11:31.098 INFO  Lavalink node: 0.0.0.0 has connected. 
02:11:31.129 INFO  All guilds have been initialized. 
02:11:31.129 INFO  -=-=-=-=-=-=-=-=-=-=-=-=-=-=-=-=-=-=-=-=-=-=-=-=-=-=-=-= 
02:11:31.129 INFO  Void Music 2#3539, ready to serve [1] users in [3] servers. 
02:11:31.130 INFO  -=-=-=-=-=-=-=-=-=-=-=-=-=-=-=-=-=-=-=-=-=-=-=-=-=-=-=-= 
02:11:33.700 ERROR Unhandled promise rejection: player is not defined. 
02:13:42.205 INFO  MongoDB successfully connected 
02:13:42.494 INFO  Shard: 0 has became ready 
02:13:42.515 INFO  Lavalink node: 0.0.0.0 has connected. 
02:13:42.541 INFO  All guilds have been initialized. 
02:13:42.541 INFO  -=-=-=-=-=-=-=-=-=-=-=-=-=-=-=-=-=-=-=-=-=-=-=-=-=-=-=-= 
02:13:42.542 INFO  Void Music 2#3539, ready to serve [2] users in [3] servers. 
02:13:42.542 INFO  -=-=-=-=-=-=-=-=-=-=-=-=-=-=-=-=-=-=-=-=-=-=-=-=-=-=-=-= 
02:15:32.118 INFO  Shard: 0 has became ready 
02:15:32.140 INFO  Lavalink node: 0.0.0.0 has connected. 
02:15:33.012 INFO  MongoDB successfully connected 
02:15:33.260 INFO  All guilds have been initialized. 
02:15:33.261 INFO  -=-=-=-=-=-=-=-=-=-=-=-=-=-=-=-=-=-=-=-=-=-=-=-=-=-=-=-= 
02:15:33.261 INFO  Void Music 2#3539, ready to serve [2] users in [3] servers. 
02:15:33.261 INFO  -=-=-=-=-=-=-=-=-=-=-=-=-=-=-=-=-=-=-=-=-=-=-=-=-=-=-=-= 
02:29:00.424 INFO  MongoDB successfully connected 
02:29:00.825 INFO  Shard: 0 has became ready 
02:29:00.852 INFO  Lavalink node: 0.0.0.0 has connected. 
02:29:00.870 INFO  All guilds have been initialized. 
02:29:00.870 INFO  -=-=-=-=-=-=-=-=-=-=-=-=-=-=-=-=-=-=-=-=-=-=-=-=-=-=-=-= 
02:29:00.870 INFO  Void Music 2#3539, ready to serve [2] users in [3] servers. 
02:29:00.870 INFO  -=-=-=-=-=-=-=-=-=-=-=-=-=-=-=-=-=-=-=-=-=-=-=-=-=-=-=-= 
02:29:10.558 INFO  MongoDB successfully connected 
02:29:10.926 INFO  Shard: 0 has became ready 
02:29:10.952 INFO  Lavalink node: 0.0.0.0 has connected. 
02:29:10.974 INFO  All guilds have been initialized. 
02:29:10.975 INFO  -=-=-=-=-=-=-=-=-=-=-=-=-=-=-=-=-=-=-=-=-=-=-=-=-=-=-=-= 
02:29:10.975 INFO  Void Music 2#3539, ready to serve [2] users in [3] servers. 
02:29:10.975 INFO  -=-=-=-=-=-=-=-=-=-=-=-=-=-=-=-=-=-=-=-=-=-=-=-=-=-=-=-= 
02:29:41.842 INFO  MongoDB successfully connected 
02:29:42.166 INFO  Shard: 0 has became ready 
02:29:42.188 INFO  Lavalink node: 0.0.0.0 has connected. 
02:29:42.211 INFO  All guilds have been initialized. 
02:29:42.211 INFO  -=-=-=-=-=-=-=-=-=-=-=-=-=-=-=-=-=-=-=-=-=-=-=-=-=-=-=-= 
02:29:42.212 INFO  Void Music 2#3539, ready to serve [2] users in [3] servers. 
02:29:42.212 INFO  -=-=-=-=-=-=-=-=-=-=-=-=-=-=-=-=-=-=-=-=-=-=-=-=-=-=-=-= 
02:30:14.585 INFO  MongoDB successfully connected 
02:30:14.902 INFO  Shard: 0 has became ready 
02:30:14.923 INFO  Lavalink node: 0.0.0.0 has connected. 
02:30:14.939 INFO  All guilds have been initialized. 
02:30:14.940 INFO  -=-=-=-=-=-=-=-=-=-=-=-=-=-=-=-=-=-=-=-=-=-=-=-=-=-=-=-= 
02:30:14.940 INFO  Void Music 2#3539, ready to serve [2] users in [3] servers. 
02:30:14.940 INFO  -=-=-=-=-=-=-=-=-=-=-=-=-=-=-=-=-=-=-=-=-=-=-=-=-=-=-=-= 
02:31:03.898 INFO  MongoDB successfully connected 
02:31:04.236 INFO  Shard: 0 has became ready 
02:31:04.260 INFO  Lavalink node: 0.0.0.0 has connected. 
02:31:04.281 INFO  All guilds have been initialized. 
02:31:04.281 INFO  -=-=-=-=-=-=-=-=-=-=-=-=-=-=-=-=-=-=-=-=-=-=-=-=-=-=-=-= 
02:31:04.282 INFO  Void Music 2#3539, ready to serve [2] users in [3] servers. 
02:31:04.282 INFO  -=-=-=-=-=-=-=-=-=-=-=-=-=-=-=-=-=-=-=-=-=-=-=-=-=-=-=-= 
02:31:33.092 INFO  MongoDB successfully connected 
02:31:33.419 INFO  Shard: 0 has became ready 
02:31:33.442 INFO  Lavalink node: 0.0.0.0 has connected. 
02:31:33.466 INFO  All guilds have been initialized. 
02:31:33.466 INFO  -=-=-=-=-=-=-=-=-=-=-=-=-=-=-=-=-=-=-=-=-=-=-=-=-=-=-=-= 
02:31:33.466 INFO  Void Music 2#3539, ready to serve [2] users in [3] servers. 
02:31:33.467 INFO  -=-=-=-=-=-=-=-=-=-=-=-=-=-=-=-=-=-=-=-=-=-=-=-=-=-=-=-= 
02:32:08.075 INFO  MongoDB successfully connected 
02:32:08.359 INFO  Shard: 0 has became ready 
02:32:08.381 INFO  Lavalink node: 0.0.0.0 has connected. 
02:32:08.404 INFO  All guilds have been initialized. 
02:32:08.404 INFO  -=-=-=-=-=-=-=-=-=-=-=-=-=-=-=-=-=-=-=-=-=-=-=-=-=-=-=-= 
02:32:08.404 INFO  Void Music 2#3539, ready to serve [2] users in [3] servers. 
02:32:08.405 INFO  -=-=-=-=-=-=-=-=-=-=-=-=-=-=-=-=-=-=-=-=-=-=-=-=-=-=-=-= 
02:33:02.840 INFO  MongoDB successfully connected 
02:33:03.127 INFO  Shard: 0 has became ready 
02:33:03.149 INFO  Lavalink node: 0.0.0.0 has connected. 
02:33:03.167 INFO  All guilds have been initialized. 
02:33:03.168 INFO  -=-=-=-=-=-=-=-=-=-=-=-=-=-=-=-=-=-=-=-=-=-=-=-=-=-=-=-= 
02:33:03.168 INFO  Void Music 2#3539, ready to serve [2] users in [3] servers. 
02:33:03.168 INFO  -=-=-=-=-=-=-=-=-=-=-=-=-=-=-=-=-=-=-=-=-=-=-=-=-=-=-=-= 
02:38:18.508 INFO  MongoDB successfully connected 
02:38:18.891 INFO  Shard: 0 has became ready 
02:38:18.955 INFO  Lavalink node: 0.0.0.0 has connected. 
02:38:18.975 INFO  All guilds have been initialized. 
02:38:18.977 INFO  -=-=-=-=-=-=-=-=-=-=-=-=-=-=-=-=-=-=-=-=-=-=-=-=-=-=-=-= 
02:38:18.984 INFO  Void Music 2#3539, ready to serve [2] users in [3] servers. 
02:38:18.990 INFO  -=-=-=-=-=-=-=-=-=-=-=-=-=-=-=-=-=-=-=-=-=-=-=-=-=-=-=-= 
02:38:55.752 INFO  MongoDB successfully connected 
02:38:56.055 INFO  Shard: 0 has became ready 
02:38:56.074 INFO  Lavalink node: 0.0.0.0 has connected. 
02:38:56.096 INFO  All guilds have been initialized. 
02:38:56.097 INFO  -=-=-=-=-=-=-=-=-=-=-=-=-=-=-=-=-=-=-=-=-=-=-=-=-=-=-=-= 
02:38:56.097 INFO  Void Music 2#3539, ready to serve [3] users in [3] servers. 
02:38:56.097 INFO  -=-=-=-=-=-=-=-=-=-=-=-=-=-=-=-=-=-=-=-=-=-=-=-=-=-=-=-= 
02:40:16.946 INFO  MongoDB successfully connected 
02:40:17.302 INFO  Shard: 0 has became ready 
02:40:17.338 INFO  Lavalink node: 0.0.0.0 has connected. 
02:40:17.361 INFO  All guilds have been initialized. 
02:40:17.361 INFO  -=-=-=-=-=-=-=-=-=-=-=-=-=-=-=-=-=-=-=-=-=-=-=-=-=-=-=-= 
02:40:17.361 INFO  Void Music 2#3539, ready to serve [3] users in [3] servers. 
02:40:17.362 INFO  -=-=-=-=-=-=-=-=-=-=-=-=-=-=-=-=-=-=-=-=-=-=-=-=-=-=-=-= 
02:44:24.537 INFO  MongoDB successfully connected 
02:44:24.865 INFO  Shard: 0 has became ready 
02:44:24.886 INFO  Lavalink node: 0.0.0.0 has connected. 
02:44:24.904 INFO  All guilds have been initialized. 
02:44:24.904 INFO  -=-=-=-=-=-=-=-=-=-=-=-=-=-=-=-=-=-=-=-=-=-=-=-=-=-=-=-= 
02:44:24.905 INFO  Void Music 2#3539, ready to serve [2] users in [3] servers. 
02:44:24.905 INFO  -=-=-=-=-=-=-=-=-=-=-=-=-=-=-=-=-=-=-=-=-=-=-=-=-=-=-=-= 
02:44:51.614 ERROR Unhandled promise rejection: Invalid Form Body
data.embeds[0].description: This field is required. 
02:47:32.691 INFO  MongoDB successfully connected 
02:47:32.996 INFO  Shard: 0 has became ready 
02:47:33.017 INFO  Lavalink node: 0.0.0.0 has connected. 
02:47:33.037 INFO  All guilds have been initialized. 
02:47:33.038 INFO  -=-=-=-=-=-=-=-=-=-=-=-=-=-=-=-=-=-=-=-=-=-=-=-=-=-=-=-= 
02:47:33.038 INFO  Void Music 2#3539, ready to serve [2] users in [3] servers. 
02:47:33.038 INFO  -=-=-=-=-=-=-=-=-=-=-=-=-=-=-=-=-=-=-=-=-=-=-=-=-=-=-=-= 
02:47:44.439 ERROR Unhandled promise rejection: Cannot send an empty message. 
02:49:52.685 INFO  MongoDB successfully connected 
02:49:52.983 INFO  Shard: 0 has became ready 
02:49:53.005 INFO  Lavalink node: 0.0.0.0 has connected. 
02:49:53.022 INFO  All guilds have been initialized. 
02:49:53.023 INFO  -=-=-=-=-=-=-=-=-=-=-=-=-=-=-=-=-=-=-=-=-=-=-=-=-=-=-=-= 
02:49:53.023 INFO  Void Music 2#3539, ready to serve [2] users in [3] servers. 
02:49:53.023 INFO  -=-=-=-=-=-=-=-=-=-=-=-=-=-=-=-=-=-=-=-=-=-=-=-=-=-=-=-= 
02:50:04.039 ERROR Unhandled promise rejection: Cannot send an empty message. 
02:52:55.587 ERROR Unhandled promise rejection: Unknown Message. 
13:09:15.868 INFO  MongoDB successfully connected 
13:09:16.123 INFO  Shard: 0 has became ready 
13:09:16.189 INFO  All guilds have been initialized. 
13:09:16.189 INFO  -=-=-=-=-=-=-=-=-=-=-=-=-=-=-=-=-=-=-=-=-=-=-=-=-=-=-=-= 
13:09:16.190 INFO  Void Music 2#3539, ready to serve [2] users in [3] servers. 
13:09:16.190 INFO  -=-=-=-=-=-=-=-=-=-=-=-=-=-=-=-=-=-=-=-=-=-=-=-=-=-=-=-= 
13:09:16.237 INFO  Lavalink node: 0.0.0.0 has connected. 
13:10:12.746 INFO  MongoDB successfully connected 
13:10:13.044 INFO  Shard: 0 has became ready 
13:10:13.073 INFO  Lavalink node: 0.0.0.0 has connected. 
13:10:13.102 INFO  All guilds have been initialized. 
13:10:13.102 INFO  -=-=-=-=-=-=-=-=-=-=-=-=-=-=-=-=-=-=-=-=-=-=-=-=-=-=-=-= 
13:10:13.102 INFO  Void Music 2#3539, ready to serve [2] users in [3] servers. 
13:10:13.103 INFO  -=-=-=-=-=-=-=-=-=-=-=-=-=-=-=-=-=-=-=-=-=-=-=-=-=-=-=-= 
13:11:00.186 ERROR Unhandled promise rejection: Cannot read properties of undefined (reading 'createMessageComponentCollector'). 
13:11:00.335 ERROR Unhandled promise rejection: Interaction has already been acknowledged.. 
13:12:32.451 ERROR Unhandled promise rejection: Unknown Message. 
13:12:50.015 ERROR Unhandled promise rejection: Unknown Message. 
13:30:43.616 INFO  MongoDB successfully connected 
13:30:43.963 INFO  Shard: 0 has became ready 
13:30:43.988 INFO  Lavalink node: 0.0.0.0 has connected. 
13:30:44.008 INFO  All guilds have been initialized. 
13:30:44.008 INFO  -=-=-=-=-=-=-=-=-=-=-=-=-=-=-=-=-=-=-=-=-=-=-=-=-=-=-=-= 
13:30:44.009 INFO  Void Music 2#3539, ready to serve [2] users in [3] servers. 
13:30:44.009 INFO  -=-=-=-=-=-=-=-=-=-=-=-=-=-=-=-=-=-=-=-=-=-=-=-=-=-=-=-= 
13:36:37.589 INFO  MongoDB successfully connected 
13:36:38.173 INFO  Shard: 0 has became ready 
13:36:38.201 INFO  Lavalink node: 0.0.0.0 has connected. 
13:36:38.224 INFO  All guilds have been initialized. 
13:36:38.224 INFO  -=-=-=-=-=-=-=-=-=-=-=-=-=-=-=-=-=-=-=-=-=-=-=-=-=-=-=-= 
13:36:38.225 INFO  Void Music 2#3539, ready to serve [2] users in [3] servers. 
13:36:38.225 INFO  -=-=-=-=-=-=-=-=-=-=-=-=-=-=-=-=-=-=-=-=-=-=-=-=-=-=-=-= 
13:38:51.953 ERROR Unhandled promise rejection: Unknown Message. 
13:38:53.829 ERROR Unhandled promise rejection: Unknown Message. 
13:39:17.675 ERROR Unhandled promise rejection: Unknown Message. 
13:39:19.542 ERROR Unhandled promise rejection: Unknown Message. 
13:41:27.704 INFO  MongoDB successfully connected 
13:41:27.981 INFO  Shard: 0 has became ready 
13:41:28.004 INFO  Lavalink node: 0.0.0.0 has connected. 
13:41:28.029 INFO  All guilds have been initialized. 
13:41:28.030 INFO  -=-=-=-=-=-=-=-=-=-=-=-=-=-=-=-=-=-=-=-=-=-=-=-=-=-=-=-= 
13:41:28.030 INFO  Void Music 2#3539, ready to serve [2] users in [3] servers. 
13:41:28.030 INFO  -=-=-=-=-=-=-=-=-=-=-=-=-=-=-=-=-=-=-=-=-=-=-=-=-=-=-=-= 
13:45:41.482 ERROR Unhandled promise rejection: Unknown Message. 
13:45:43.337 ERROR Unhandled promise rejection: Unknown Message. 
13:45:51.508 ERROR Unhandled promise rejection: Unknown Message. 
13:45:53.290 ERROR Unhandled promise rejection: Unknown Message. 
13:47:08.777 INFO  MongoDB successfully connected 
13:47:09.003 INFO  Shard: 0 has became ready 
13:47:09.024 INFO  Lavalink node: 0.0.0.0 has connected. 
13:47:09.051 INFO  All guilds have been initialized. 
13:47:09.052 INFO  -=-=-=-=-=-=-=-=-=-=-=-=-=-=-=-=-=-=-=-=-=-=-=-=-=-=-=-= 
13:47:09.052 INFO  Void Music 2#3539, ready to serve [2] users in [3] servers. 
13:47:09.052 INFO  -=-=-=-=-=-=-=-=-=-=-=-=-=-=-=-=-=-=-=-=-=-=-=-=-=-=-=-= 
13:47:27.816 ERROR Unhandled promise rejection: Unknown Message. 
13:49:00.883 INFO  MongoDB successfully connected 
13:49:01.143 INFO  Shard: 0 has became ready 
13:49:01.167 INFO  Lavalink node: 0.0.0.0 has connected. 
13:49:01.196 INFO  All guilds have been initialized. 
13:49:01.196 INFO  -=-=-=-=-=-=-=-=-=-=-=-=-=-=-=-=-=-=-=-=-=-=-=-=-=-=-=-= 
13:49:01.197 INFO  Void Music 2#3539, ready to serve [2] users in [3] servers. 
13:49:01.197 INFO  -=-=-=-=-=-=-=-=-=-=-=-=-=-=-=-=-=-=-=-=-=-=-=-=-=-=-=-= 
17:24:17.469 INFO  MongoDB successfully connected 
17:24:18.334 INFO  Shard: 0 has became ready 
17:24:18.365 INFO  Lavalink node: 0.0.0.0 has connected. 
17:24:18.390 INFO  All guilds have been initialized. 
17:24:18.391 INFO  -=-=-=-=-=-=-=-=-=-=-=-=-=-=-=-=-=-=-=-=-=-=-=-=-=-=-=-= 
17:24:18.391 INFO  Void Music 2#3539, ready to serve [2] users in [3] servers. 
17:24:18.391 INFO  -=-=-=-=-=-=-=-=-=-=-=-=-=-=-=-=-=-=-=-=-=-=-=-=-=-=-=-= 
17:24:39.337 ERROR Unhandled promise rejection: bot.getGiuldData is not a function. 
17:25:02.077 INFO  MongoDB successfully connected 
17:25:02.479 INFO  Shard: 0 has became ready 
17:25:02.503 INFO  Lavalink node: 0.0.0.0 has connected. 
17:25:02.519 INFO  All guilds have been initialized. 
17:25:02.520 INFO  -=-=-=-=-=-=-=-=-=-=-=-=-=-=-=-=-=-=-=-=-=-=-=-=-=-=-=-= 
17:25:02.520 INFO  Void Music 2#3539, ready to serve [2] users in [3] servers. 
17:25:02.520 INFO  -=-=-=-=-=-=-=-=-=-=-=-=-=-=-=-=-=-=-=-=-=-=-=-=-=-=-=-= 
17:25:36.485 INFO  MongoDB successfully connected 
17:25:36.726 INFO  Shard: 0 has became ready 
17:25:36.752 INFO  Lavalink node: 0.0.0.0 has connected. 
17:25:36.775 INFO  All guilds have been initialized. 
17:25:36.775 INFO  -=-=-=-=-=-=-=-=-=-=-=-=-=-=-=-=-=-=-=-=-=-=-=-=-=-=-=-= 
17:25:36.776 INFO  Void Music 2#3539, ready to serve [2] users in [3] servers. 
17:25:36.776 INFO  -=-=-=-=-=-=-=-=-=-=-=-=-=-=-=-=-=-=-=-=-=-=-=-=-=-=-=-= 
17:26:29.084 ERROR Unhandled promise rejection: Unknown Message. 
17:27:15.625 INFO  MongoDB successfully connected 
17:27:15.940 INFO  Shard: 0 has became ready 
17:27:15.963 INFO  Lavalink node: 0.0.0.0 has connected. 
17:27:15.983 INFO  All guilds have been initialized. 
17:27:15.983 INFO  -=-=-=-=-=-=-=-=-=-=-=-=-=-=-=-=-=-=-=-=-=-=-=-=-=-=-=-= 
17:27:15.984 INFO  Void Music 2#3539, ready to serve [2] users in [3] servers. 
17:27:15.984 INFO  -=-=-=-=-=-=-=-=-=-=-=-=-=-=-=-=-=-=-=-=-=-=-=-=-=-=-=-= 
17:34:28.558 INFO  MongoDB successfully connected 
17:34:28.903 INFO  Shard: 0 has became ready 
17:34:28.922 INFO  Lavalink node: 0.0.0.0 has connected. 
17:34:28.948 INFO  All guilds have been initialized. 
17:34:28.948 INFO  -=-=-=-=-=-=-=-=-=-=-=-=-=-=-=-=-=-=-=-=-=-=-=-=-=-=-=-= 
17:34:28.948 INFO  Void Music 2#3539, ready to serve [2] users in [3] servers. 
17:34:28.949 INFO  -=-=-=-=-=-=-=-=-=-=-=-=-=-=-=-=-=-=-=-=-=-=-=-=-=-=-=-= 
17:35:19.226 ERROR Unhandled promise rejection: guild is not defined. 
17:35:20.476 ERROR Unhandled promise rejection: guild is not defined. 
17:35:49.722 INFO  MongoDB successfully connected 
17:35:50.325 INFO  Shard: 0 has became ready 
17:35:50.350 INFO  Lavalink node: 0.0.0.0 has connected. 
17:35:50.377 INFO  All guilds have been initialized. 
17:35:50.377 INFO  -=-=-=-=-=-=-=-=-=-=-=-=-=-=-=-=-=-=-=-=-=-=-=-=-=-=-=-= 
17:35:50.377 INFO  Void Music 2#3539, ready to serve [2] users in [3] servers. 
17:35:50.378 INFO  -=-=-=-=-=-=-=-=-=-=-=-=-=-=-=-=-=-=-=-=-=-=-=-=-=-=-=-= 
17:38:06.058 ERROR Unhandled promise rejection: Unknown Message. 
17:39:06.618 ERROR Unhandled promise rejection: Unknown Message. 
17:50:13.346 ERROR Unhandled promise rejection: Unknown Message. 
17:51:45.957 ERROR Unhandled promise rejection: Unknown Message. 
17:56:32.744 ERROR Unhandled promise rejection: Unknown Message. 
18:41:51.347 INFO  MongoDB successfully connected 
18:41:52.139 INFO  Shard: 0 has became ready 
18:41:52.206 INFO  Lavalink node: 0.0.0.0 has connected. 
18:41:52.228 INFO  All guilds have been initialized. 
18:41:52.229 INFO  -=-=-=-=-=-=-=-=-=-=-=-=-=-=-=-=-=-=-=-=-=-=-=-=-=-=-=-= 
18:41:52.229 INFO  Void Music 2#3539, ready to serve [2] users in [3] servers. 
18:41:52.230 INFO  -=-=-=-=-=-=-=-=-=-=-=-=-=-=-=-=-=-=-=-=-=-=-=-=-=-=-=-= 
20:08:14.302 INFO  MongoDB successfully connected 
20:08:14.328 ERROR Service Unavailable 
20:08:19.512 ERROR Service Unavailable 
20:08:19.906 INFO  MongoDB successfully connected 
21:04:14.519 INFO  MongoDB successfully connected 
21:04:14.734 INFO  Shard: 0 has became ready 
21:04:14.766 INFO  Lavalink node: 0.0.0.0 has connected. 
21:04:14.793 INFO  All guilds have been initialized. 
21:04:14.793 INFO  -=-=-=-=-=-=-=-=-=-=-=-=-=-=-=-=-=-=-=-=-=-=-=-=-=-=-=-= 
21:04:14.793 INFO  Void Music 2#3539, ready to serve [4] users in [3] servers. 
21:04:14.794 INFO  -=-=-=-=-=-=-=-=-=-=-=-=-=-=-=-=-=-=-=-=-=-=-=-=-=-=-=-= 
21:05:04.775 INFO  MongoDB successfully connected 
21:05:05.146 INFO  Shard: 0 has became ready 
21:05:05.183 INFO  Lavalink node: 0.0.0.0 has connected. 
21:05:05.201 INFO  All guilds have been initialized. 
21:05:05.202 INFO  -=-=-=-=-=-=-=-=-=-=-=-=-=-=-=-=-=-=-=-=-=-=-=-=-=-=-=-= 
21:05:05.202 INFO  Void Music 2#3539, ready to serve [4] users in [3] servers. 
21:05:05.202 INFO  -=-=-=-=-=-=-=-=-=-=-=-=-=-=-=-=-=-=-=-=-=-=-=-=-=-=-=-= 
21:45:27.327 INFO  MongoDB successfully connected 
21:45:27.912 INFO  Shard: 0 has became ready 
21:45:27.943 INFO  Lavalink node: 0.0.0.0 has connected. 
21:45:27.964 INFO  All guilds have been initialized. 
21:45:27.964 INFO  -=-=-=-=-=-=-=-=-=-=-=-=-=-=-=-=-=-=-=-=-=-=-=-=-=-=-=-= 
21:45:27.965 INFO  Void Music 2#3539, ready to serve [3] users in [3] servers. 
21:45:27.965 INFO  -=-=-=-=-=-=-=-=-=-=-=-=-=-=-=-=-=-=-=-=-=-=-=-=-=-=-=-= 
