00:20:35.211 INFO  =-=-=-=-=-=-=- Loading commands -=-=-=-=-=-=-= 
00:20:35.217 INFO  Loading Command: ban. 
00:20:35.218 INFO  Loading Command: playlists. 
00:20:35.220 INFO  Loading Command: setup. 
00:20:35.222 INFO  Loading Command: test. 
00:20:35.230 INFO  Loading Command: unban. 
00:20:35.235 INFO  Loading Command: help. 
00:20:35.382 INFO  Loading Command: lyrics. 
00:20:35.383 INFO  Loading Command: ping. 
00:20:35.385 INFO  Loading Command: play. 
00:20:35.387 INFO  Loading Command: premiumstatus. 
00:20:35.388 INFO  Loading Command: queue. 
00:20:35.423 INFO  Loading Command: docs. 
00:20:35.425 INFO  Loading Command: eval. 
00:20:35.427 INFO  Loading Command: lavalink. 
00:20:35.469 INFO  Loading Command: node. 
00:20:35.471 INFO  Loading Command: reload. 
00:20:35.472 INFO  Loading Command: shutdown. 
00:20:35.473 INFO  Loading Command: suggestion. 
00:20:35.477 INFO  Loading Command: user. 
00:20:35.480 INFO  Loading Command: about. 
00:20:35.481 INFO  Loading Command: invite. 
00:20:35.485 INFO  Loading Command: shorturl. 
00:20:35.487 INFO  Loading Command: status. 
00:20:35.488 INFO  Loading Command: support. 
00:20:35.490 INFO  Loading Command: uptime. 
00:20:35.492 INFO  Loading Command: 247. 
00:20:35.493 INFO  Loading Command: back. 
00:20:35.496 INFO  Loading Command: bassboost. 
00:20:35.498 INFO  Loading Command: dc. 
00:20:35.500 INFO  Loading Command: fast-forward. 
00:20:35.502 INFO  Loading Command: join. 
00:20:35.504 INFO  Loading Command: loop. 
00:20:35.507 INFO  Loading Command: lyrics12. 
00:20:35.508 INFO  Loading Command: move. 
00:20:35.510 INFO  Loading Command: nightcore. 
00:20:35.514 INFO  Loading Command: np. 
00:20:35.517 INFO  Loading Command: p-add. 
00:20:35.519 INFO  Loading Command: p-create. 
00:20:35.520 INFO  Loading Command: p-delete. 
00:20:35.523 INFO  Loading Command: p-load. 
00:20:35.524 INFO  Loading Command: p-remove. 
00:20:35.526 INFO  Loading Command: p-view. 
00:20:35.528 INFO  Loading Command: pause. 
00:20:35.529 INFO  Loading Command: pitch. 
00:20:35.532 INFO  Loading Command: play12. 
00:20:35.534 INFO  Loading Command: previous. 
00:20:35.536 INFO  Loading Command: queue12. 
00:20:35.545 INFO  Loading Command: radio. 
00:20:35.546 INFO  Loading Command: remove. 
00:20:35.549 INFO  Loading Command: resume. 
00:20:35.551 INFO  Loading Command: rewind. 
00:20:35.553 INFO  Loading Command: search. 
00:20:35.554 INFO  Loading Command: seek. 
00:20:35.556 INFO  Loading Command: shuffle. 
00:20:35.558 INFO  Loading Command: skip. 
00:20:35.560 INFO  Loading Command: speed. 
00:20:35.562 INFO  Loading Command: vaporwave. 
00:20:35.563 INFO  Loading Command: volume. 
00:20:35.565 INFO  =-=-=-=-=-=-=- Loading events -=-=-=-=-=-=-= 
00:20:35.817 ERROR Class constructor AudioManager cannot be invoked without 'new'
{}
TypeError: Class constructor AudioManager cannot be invoked without 'new'
    at D:\Bots\Discord Bots\Void Music\Void Music 2\src\bot.js:22:34 
00:20:35.857 INFO  Loading Event: channelDelete 
00:20:35.861 INFO  Loading Event: messageReactionAdd 
00:20:35.862 INFO  Loading Event: voiceStateUpdate 
00:20:35.866 INFO  Loading Event: clickButton 
00:20:35.869 INFO  Loading Event: slashCreate 
00:20:35.871 INFO  Loading Event: nodeConnect 
00:20:35.871 ERROR Failed to load Event: nodeConnect error: Cannot read properties of undefined (reading 'on') 
00:20:35.874 INFO  Loading Event: nodeDisconnect 
00:20:35.874 ERROR Failed to load Event: nodeDisconnect error: Cannot read properties of undefined (reading 'on') 
00:20:35.876 INFO  Loading Event: nodeError 
00:20:35.877 ERROR Failed to load Event: nodeError error: Cannot read properties of undefined (reading 'on') 
00:20:35.878 INFO  Loading Event: playerCreate 
00:20:35.878 ERROR Failed to load Event: playerCreate error: Cannot read properties of undefined (reading 'on') 
00:20:35.879 INFO  Loading Event: playerDestroy 
00:20:35.880 ERROR Failed to load Event: playerDestroy error: Cannot read properties of undefined (reading 'on') 
00:20:35.882 INFO  Loading Event: playerMove 
00:20:35.882 ERROR Failed to load Event: playerMove error: Cannot read properties of undefined (reading 'on') 
00:20:35.885 INFO  Loading Event: queueEnd 
00:20:35.886 ERROR Failed to load Event: queueEnd error: Cannot read properties of undefined (reading 'on') 
00:20:35.887 INFO  Loading Event: trackEnd 
00:20:35.888 ERROR Failed to load Event: trackEnd error: Cannot read properties of undefined (reading 'on') 
00:20:35.890 INFO  Loading Event: trackError 
00:20:35.891 ERROR Failed to load Event: trackError error: Cannot read properties of undefined (reading 'on') 
00:20:35.892 INFO  Loading Event: trackStart 
00:20:35.893 ERROR Failed to load Event: trackStart error: Cannot read properties of undefined (reading 'on') 
00:20:35.895 INFO  Loading Event: trackStuck 
00:20:35.895 ERROR Failed to load Event: trackStuck error: Cannot read properties of undefined (reading 'on') 
00:20:35.898 INFO  Loading Event: debug 
00:20:35.901 INFO  Loading Event: error 
00:20:35.904 INFO  Loading Event: guildCreate 
00:20:35.906 INFO  Loading Event: guildDelete 
00:20:35.907 INFO  Loading Event: guildUnavailable 
00:20:35.908 INFO  Loading Event: interactionCreate 
00:20:35.910 INFO  Loading Event: messageCreate 
00:20:35.911 INFO  Loading Event: rateLimit 
00:20:35.912 INFO  Loading Event: raw 
00:20:36.077 INFO  Loading Event: ready 
00:20:36.078 INFO  Loading Event: warn 
00:20:36.080 INFO  Loading Event: shardDisconnect 
00:20:36.082 INFO  Loading Event: shardError 
00:20:36.083 INFO  Loading Event: shardReady 
00:20:36.084 INFO  Loading Event: shardReconnecting 
00:20:36.360 INFO  MongoDB successfully connected 
00:31:48.477 INFO  =-=-=-=-=-=-=- Loading commands -=-=-=-=-=-=-= 
00:31:48.483 INFO  Loading Command: ban. 
00:31:48.486 INFO  Loading Command: playlists. 
00:31:48.488 INFO  Loading Command: setup. 
00:31:48.490 INFO  Loading Command: test. 
00:31:48.497 INFO  Loading Command: unban. 
00:31:48.502 INFO  Loading Command: help. 
00:31:48.638 INFO  Loading Command: lyrics. 
00:31:48.640 INFO  Loading Command: ping. 
00:31:48.642 INFO  Loading Command: play. 
00:31:48.643 INFO  Loading Command: premiumstatus. 
00:31:48.645 INFO  Loading Command: queue. 
00:31:48.677 INFO  Loading Command: docs. 
00:31:48.679 INFO  Loading Command: eval. 
00:31:48.681 INFO  Loading Command: lavalink. 
00:31:48.683 INFO  Loading Command: node. 
00:31:48.685 INFO  Loading Command: reload. 
00:31:48.687 INFO  Loading Command: shutdown. 
00:31:48.689 INFO  Loading Command: suggestion. 
00:31:48.692 INFO  Loading Command: user. 
00:31:48.696 INFO  Loading Command: about. 
00:31:48.698 INFO  Loading Command: invite. 
00:31:48.702 INFO  Loading Command: shorturl. 
00:31:48.704 INFO  Loading Command: status. 
00:31:48.706 INFO  Loading Command: support. 
00:31:48.708 INFO  Loading Command: uptime. 
00:31:48.711 INFO  Loading Command: 247. 
00:31:48.713 INFO  Loading Command: back. 
00:31:48.715 INFO  Loading Command: bassboost. 
00:31:48.717 INFO  Loading Command: dc. 
00:31:48.719 INFO  Loading Command: fast-forward. 
00:31:48.721 INFO  Loading Command: join. 
00:31:48.723 INFO  Loading Command: loop. 
00:31:48.725 INFO  Loading Command: lyrics12. 
00:31:48.727 INFO  Loading Command: move. 
00:31:48.729 INFO  Loading Command: nightcore. 
00:31:48.733 INFO  Loading Command: np. 
00:31:48.735 INFO  Loading Command: p-add. 
00:31:48.737 INFO  Loading Command: p-create. 
00:31:48.739 INFO  Loading Command: p-delete. 
00:31:48.742 INFO  Loading Command: p-load. 
00:31:48.743 INFO  Loading Command: p-remove. 
00:31:48.745 INFO  Loading Command: p-view. 
00:31:48.747 INFO  Loading Command: pause. 
00:31:48.749 INFO  Loading Command: pitch. 
00:31:48.750 INFO  Loading Command: play12. 
00:31:48.753 INFO  Loading Command: previous. 
00:31:48.754 INFO  Loading Command: queue12. 
00:31:48.763 INFO  Loading Command: radio. 
00:31:48.765 INFO  Loading Command: remove. 
00:31:48.767 INFO  Loading Command: resume. 
00:31:48.768 INFO  Loading Command: rewind. 
00:31:48.770 INFO  Loading Command: search. 
00:31:48.771 INFO  Loading Command: seek. 
00:31:48.773 INFO  Loading Command: shuffle. 
00:31:48.774 INFO  Loading Command: skip. 
00:31:48.776 INFO  Loading Command: speed. 
00:31:48.778 INFO  Loading Command: vaporwave. 
00:31:48.780 INFO  Loading Command: volume. 
00:31:48.782 INFO  =-=-=-=-=-=-=- Loading events -=-=-=-=-=-=-= 
00:31:48.783 ERROR Class constructor AudioManager cannot be invoked without 'new'
{}
TypeError: Class constructor AudioManager cannot be invoked without 'new'
    at D:\Bots\Discord Bots\Void Music\Void Music 2\src\bot.js:22:34 
00:31:48.805 INFO  Loading Event: channelDelete 
00:31:48.807 INFO  Loading Event: messageReactionAdd 
00:31:48.809 INFO  Loading Event: voiceStateUpdate 
00:31:48.812 INFO  Loading Event: debug 
00:31:48.814 INFO  Loading Event: error 
00:31:48.816 INFO  Loading Event: guildCreate 
00:31:48.818 INFO  Loading Event: guildDelete 
00:31:48.820 INFO  Loading Event: guildUnavailable 
00:31:48.821 INFO  Loading Event: interactionCreate 
00:31:48.823 INFO  Loading Event: messageCreate 
00:31:48.825 INFO  Loading Event: rateLimit 
00:31:48.827 INFO  Loading Event: raw 
00:31:48.954 INFO  Loading Event: ready 
00:31:48.955 INFO  Loading Event: warn 
00:31:48.957 INFO  Loading Event: clickButton 
00:31:48.959 INFO  Loading Event: slashCreate 
00:31:48.961 INFO  Loading Event: nodeConnect 
00:31:48.963 INFO  Loading Event: nodeDisconnect 
00:31:48.965 INFO  Loading Event: nodeError 
00:31:48.967 INFO  Loading Event: playerCreate 
00:31:48.969 INFO  Loading Event: playerDestroy 
00:31:48.971 INFO  Loading Event: playerMove 
00:31:48.974 INFO  Loading Event: queueEnd 
00:31:48.976 INFO  Loading Event: trackEnd 
00:31:48.978 INFO  Loading Event: trackError 
00:31:48.979 INFO  Loading Event: trackStart 
00:31:48.982 INFO  Loading Event: trackStuck 
00:31:48.984 INFO  Loading Event: shardDisconnect 
00:31:48.986 INFO  Loading Event: shardError 
00:31:48.988 INFO  Loading Event: shardReady 
00:31:48.990 INFO  Loading Event: shardReconnecting 
00:31:49.276 INFO  MongoDB successfully connected 
00:31:49.647 INFO  Shard: 0 has became ready 
00:31:49.652 INFO  =-=-=-=-=-=-=- Loading Guild Specific Interaction(s) -=-=-=-=-=-=-= 
00:31:49.653 INFO  Started refreshing application (/) commands. 
00:31:49.654 INFO  Started refreshing application (/) commands in: 823543363688464455 
00:31:49.655 INFO  Started refreshing application (/) commands in: 866666289178869770 
00:31:49.656 INFO  Successfully reloaded application (/) commands. 
00:31:49.685 INFO  All guilds have been initialized. 
00:31:49.685 INFO  -=-=-=-=-=-=-=-=-=-=-=-=-=-=-=-=-=-=-=-=-=-=-=-=-=-=-=-= 
00:31:49.685 INFO  Void Music 2#3539, ready to serve [1] users in [2] servers. 
00:31:49.686 INFO  -=-=-=-=-=-=-=-=-=-=-=-=-=-=-=-=-=-=-=-=-=-=-=-=-=-=-=-= 
00:49:21.722 INFO  =-=-=-=-=-=-=- Loading commands -=-=-=-=-=-=-= 
00:49:21.728 INFO  Loading Command: ban. 
00:49:21.729 INFO  Loading Command: playlists. 
00:49:21.731 INFO  Loading Command: setup. 
00:49:21.732 INFO  Loading Command: test. 
00:49:21.740 INFO  Loading Command: unban. 
00:49:21.743 INFO  Loading Command: help. 
00:49:21.859 INFO  Loading Command: lyrics. 
00:49:21.861 INFO  Loading Command: ping. 
00:49:21.862 INFO  Loading Command: play. 
00:49:21.863 INFO  Loading Command: premiumstatus. 
00:49:21.865 INFO  Loading Command: queue. 
00:49:21.892 INFO  Loading Command: docs. 
00:49:21.893 INFO  Loading Command: eval. 
00:49:21.895 INFO  Loading Command: lavalink. 
00:49:21.897 INFO  Loading Command: node. 
00:49:21.898 INFO  Loading Command: reload. 
00:49:21.899 INFO  Loading Command: shutdown. 
00:49:21.901 INFO  Loading Command: suggestion. 
00:49:21.904 INFO  Loading Command: user. 
00:49:21.907 INFO  Loading Command: about. 
00:49:21.908 INFO  Loading Command: invite. 
00:49:21.911 INFO  Loading Command: shorturl. 
00:49:21.912 INFO  Loading Command: status. 
00:49:21.914 INFO  Loading Command: support. 
00:49:21.915 INFO  Loading Command: uptime. 
00:49:21.917 INFO  Loading Command: 247. 
00:49:21.918 INFO  Loading Command: back. 
00:49:21.920 INFO  Loading Command: bassboost. 
00:49:21.921 INFO  Loading Command: dc. 
00:49:21.923 INFO  Loading Command: fast-forward. 
00:49:21.924 INFO  Loading Command: join. 
00:49:21.925 INFO  Loading Command: loop. 
00:49:21.927 INFO  Loading Command: lyrics12. 
00:49:21.928 INFO  Loading Command: move. 
00:49:21.930 INFO  Loading Command: nightcore. 
00:49:21.932 INFO  Loading Command: np. 
00:49:21.934 INFO  Loading Command: p-add. 
00:49:21.935 INFO  Loading Command: p-create. 
00:49:21.936 INFO  Loading Command: p-delete. 
00:49:21.939 INFO  Loading Command: p-load. 
00:49:21.940 INFO  Loading Command: p-remove. 
00:49:21.941 INFO  Loading Command: p-view. 
00:49:21.943 INFO  Loading Command: pause. 
00:49:21.944 INFO  Loading Command: pitch. 
00:49:21.946 INFO  Loading Command: play12. 
00:49:21.947 INFO  Loading Command: previous. 
00:49:21.949 INFO  Loading Command: queue12. 
00:49:21.956 INFO  Loading Command: radio. 
00:49:21.957 INFO  Loading Command: remove. 
00:49:21.958 INFO  Loading Command: resume. 
00:49:21.959 INFO  Loading Command: rewind. 
00:49:21.960 INFO  Loading Command: search. 
00:49:21.962 INFO  Loading Command: seek. 
00:49:21.963 INFO  Loading Command: shuffle. 
00:49:21.964 INFO  Loading Command: skip. 
00:49:21.965 INFO  Loading Command: speed. 
00:49:21.966 INFO  Loading Command: vaporwave. 
00:49:21.967 INFO  Loading Command: volume. 
00:49:21.968 INFO  =-=-=-=-=-=-=- Loading events -=-=-=-=-=-=-= 
00:49:21.970 ERROR Class constructor AudioManager cannot be invoked without 'new'
{}
TypeError: Class constructor AudioManager cannot be invoked without 'new'
    at D:\Bots\Discord Bots\Void Music\Void Music 2\src\bot.js:22:34 
00:49:21.986 INFO  Loading Event: debug 
00:49:21.987 INFO  Loading Event: error 
00:49:21.990 INFO  Loading Event: guildCreate 
00:49:21.991 INFO  Loading Event: guildDelete 
00:49:21.992 INFO  Loading Event: guildUnavailable 
00:49:21.993 INFO  Loading Event: interactionCreate 
00:49:21.995 INFO  Loading Event: messageCreate 
00:49:21.996 INFO  Loading Event: rateLimit 
00:49:21.997 INFO  Loading Event: raw 
00:49:22.099 INFO  Loading Event: ready 
00:49:22.100 INFO  Loading Event: warn 
00:49:22.102 INFO  Loading Event: nodeConnect 
00:49:22.103 INFO  Loading Event: nodeDisconnect 
00:49:22.104 INFO  Loading Event: nodeError 
00:49:22.105 INFO  Loading Event: playerCreate 
00:49:22.106 INFO  Loading Event: playerDestroy 
00:49:22.108 INFO  Loading Event: playerMove 
00:49:22.110 INFO  Loading Event: queueEnd 
00:49:22.111 INFO  Loading Event: trackEnd 
00:49:22.112 INFO  Loading Event: trackError 
00:49:22.113 INFO  Loading Event: trackStart 
00:49:22.115 INFO  Loading Event: trackStuck 
00:49:22.117 INFO  Loading Event: clickButton 
00:49:22.119 INFO  Loading Event: slashCreate 
00:49:22.120 INFO  Loading Event: channelDelete 
00:49:22.123 INFO  Loading Event: messageReactionAdd 
00:49:22.124 INFO  Loading Event: voiceStateUpdate 
00:49:22.126 INFO  Loading Event: shardDisconnect 
00:49:22.127 INFO  Loading Event: shardError 
00:49:22.128 INFO  Loading Event: shardReady 
00:49:22.129 INFO  Loading Event: shardReconnecting 
00:49:22.386 INFO  MongoDB successfully connected 
18:59:41.705 INFO  =-=-=-=-=-=-=- Loading commands -=-=-=-=-=-=-= 
18:59:41.714 INFO  Loading Command: help. 
18:59:42.078 INFO  Loading Command: lyrics. 
18:59:42.080 INFO  Loading Command: ping. 
18:59:42.081 INFO  Loading Command: play. 
18:59:42.083 INFO  Loading Command: premiumstatus. 
18:59:42.085 INFO  Loading Command: queue. 
18:59:42.089 INFO  Loading Command: ban. 
18:59:42.092 INFO  Loading Command: playlists. 
18:59:42.094 INFO  Loading Command: setup. 
18:59:42.096 INFO  Loading Command: test. 
18:59:42.100 INFO  Loading Command: unban. 
18:59:42.200 INFO  Loading Command: docs. 
18:59:42.202 INFO  Loading Command: eval. 
18:59:42.205 INFO  Loading Command: lavalink. 
18:59:42.208 INFO  Loading Command: node. 
18:59:42.210 INFO  Loading Command: reload. 
18:59:42.211 INFO  Loading Command: shutdown. 
18:59:42.213 INFO  Loading Command: suggestion. 
18:59:42.217 INFO  Loading Command: user. 
18:59:42.222 INFO  Loading Command: about. 
18:59:42.224 INFO  Loading Command: invite. 
18:59:42.238 INFO  Loading Command: shorturl. 
18:59:42.240 INFO  Loading Command: status. 
18:59:42.243 INFO  Loading Command: support. 
18:59:42.245 INFO  Loading Command: uptime. 
18:59:42.247 INFO  Loading Command: 247. 
18:59:42.249 INFO  Loading Command: back. 
18:59:42.253 INFO  Loading Command: bassboost. 
18:59:42.255 INFO  Loading Command: dc. 
18:59:42.258 INFO  Loading Command: fast-forward. 
18:59:42.259 INFO  Loading Command: join. 
18:59:42.261 INFO  Loading Command: loop. 
18:59:42.265 INFO  Loading Command: lyrics12. 
18:59:42.267 INFO  Loading Command: move. 
18:59:42.269 INFO  Loading Command: nightcore. 
18:59:42.283 INFO  Loading Command: np. 
18:59:42.286 INFO  Loading Command: p-add. 
18:59:42.288 INFO  Loading Command: p-create. 
18:59:42.290 INFO  Loading Command: p-delete. 
18:59:42.294 INFO  Loading Command: p-load. 
18:59:42.295 INFO  Loading Command: p-remove. 
18:59:42.297 INFO  Loading Command: p-view. 
18:59:42.299 INFO  Loading Command: pause. 
18:59:42.301 INFO  Loading Command: pitch. 
18:59:42.303 INFO  Loading Command: play12. 
18:59:42.305 INFO  Loading Command: previous. 
18:59:42.309 INFO  Loading Command: queue12. 
18:59:42.334 INFO  Loading Command: radio. 
18:59:42.336 INFO  Loading Command: remove. 
18:59:42.338 INFO  Loading Command: resume. 
18:59:42.340 INFO  Loading Command: rewind. 
18:59:42.342 INFO  Loading Command: search. 
18:59:42.344 INFO  Loading Command: seek. 
18:59:42.346 INFO  Loading Command: shuffle. 
18:59:42.348 INFO  Loading Command: skip. 
18:59:42.351 INFO  Loading Command: speed. 
18:59:42.353 INFO  Loading Command: vaporwave. 
18:59:42.355 INFO  Loading Command: volume. 
18:59:42.357 INFO  =-=-=-=-=-=-=- Loading events -=-=-=-=-=-=-= 
18:59:42.359 ERROR Class constructor AudioManager cannot be invoked without 'new'
{}
TypeError: Class constructor AudioManager cannot be invoked without 'new'
    at D:\Bots\Discord Bots\Void Music\Void Music 2\src\bot.js:22:34 
18:59:42.386 INFO  Loading Event: clickButton 
18:59:42.390 INFO  Loading Event: slashCreate 
18:59:42.394 INFO  Loading Event: debug 
18:59:42.396 INFO  Loading Event: error 
18:59:42.399 INFO  Loading Event: guildCreate 
18:59:42.401 INFO  Loading Event: guildDelete 
18:59:42.404 INFO  Loading Event: guildUnavailable 
18:59:42.407 INFO  Loading Event: interactionCreate 
18:59:42.410 INFO  Loading Event: messageCreate 
18:59:42.413 INFO  Loading Event: rateLimit 
18:59:42.414 INFO  Loading Event: raw 
18:59:42.999 INFO  Loading Event: ready 
18:59:43.001 INFO  Loading Event: warn 
18:59:43.004 INFO  Loading Event: channelDelete 
18:59:43.007 INFO  Loading Event: messageReactionAdd 
18:59:43.009 INFO  Loading Event: voiceStateUpdate 
18:59:43.012 INFO  Loading Event: shardDisconnect 
18:59:43.014 INFO  Loading Event: shardError 
18:59:43.015 INFO  Loading Event: shardReady 
18:59:43.018 INFO  Loading Event: shardReconnecting 
18:59:43.021 INFO  Loading Event: nodeConnect 
18:59:43.024 INFO  Loading Event: nodeDisconnect 
18:59:43.026 INFO  Loading Event: nodeError 
18:59:43.027 INFO  Loading Event: playerCreate 
18:59:43.029 INFO  Loading Event: playerDestroy 
18:59:43.032 INFO  Loading Event: playerMove 
18:59:43.035 INFO  Loading Event: queueEnd 
18:59:43.038 INFO  Loading Event: trackEnd 
18:59:43.040 INFO  Loading Event: trackError 
18:59:43.042 INFO  Loading Event: trackStart 
18:59:43.045 INFO  Loading Event: trackStuck 
18:59:43.375 INFO  MongoDB successfully connected 
18:59:43.669 INFO  Shard: 0 has became ready 
18:59:43.683 INFO  =-=-=-=-=-=-=- Loading Guild Specific Interaction(s) -=-=-=-=-=-=-= 
18:59:43.685 INFO  Started refreshing application (/) commands. 
18:59:43.686 INFO  Started refreshing application (/) commands in: 823543363688464455 
18:59:43.687 INFO  Started refreshing application (/) commands in: 866666289178869770 
18:59:43.688 INFO  Successfully reloaded application (/) commands. 
18:59:43.726 INFO  All guilds have been initialized. 
18:59:43.726 INFO  -=-=-=-=-=-=-=-=-=-=-=-=-=-=-=-=-=-=-=-=-=-=-=-=-=-=-=-= 
18:59:43.726 INFO  Void Music 2#3539, ready to serve [1] users in [2] servers. 
18:59:43.727 INFO  -=-=-=-=-=-=-=-=-=-=-=-=-=-=-=-=-=-=-=-=-=-=-=-=-=-=-=-= 
19:29:13.544 INFO  =-=-=-=-=-=-=- Loading commands -=-=-=-=-=-=-= 
19:29:13.549 INFO  Loading Command: ban. 
19:29:13.550 INFO  Loading Command: playlists. 
19:29:13.552 INFO  Loading Command: setup. 
19:29:13.554 INFO  Loading Command: test. 
19:29:13.561 INFO  Loading Command: unban. 
19:29:13.590 INFO  Loading Command: docs. 
19:29:13.592 INFO  Loading Command: eval. 
19:29:13.594 INFO  Loading Command: lavalink. 
19:29:13.596 INFO  Loading Command: node. 
19:29:13.598 INFO  Loading Command: reload. 
19:29:13.599 INFO  Loading Command: shutdown. 
19:29:13.601 INFO  Loading Command: suggestion. 
19:29:13.604 INFO  Loading Command: user. 
19:29:13.607 INFO  Loading Command: help. 
19:29:13.744 INFO  Loading Command: lyrics. 
19:29:13.745 INFO  Loading Command: ping. 
19:29:13.746 INFO  Loading Command: play. 
19:29:13.748 INFO  Loading Command: premiumstatus. 
19:29:13.750 INFO  Loading Command: queue. 
19:29:13.753 INFO  Loading Command: about. 
19:29:13.755 INFO  Loading Command: invite. 
19:29:13.760 INFO  Loading Command: shorturl. 
19:29:13.762 INFO  Loading Command: status. 
19:29:13.763 INFO  Loading Command: support. 
19:29:13.765 INFO  Loading Command: uptime. 
19:29:13.766 INFO  =-=-=-=-=-=-=- Loading events -=-=-=-=-=-=-= 
19:29:13.767 ERROR Class constructor AudioManager cannot be invoked without 'new'
{}
TypeError: Class constructor AudioManager cannot be invoked without 'new'
    at D:\Bots\Discord Bots\Void Music\Void Music 2\src\bot.js:22:34 
19:29:13.791 INFO  Loading Command: 247. 
19:29:13.793 INFO  Loading Command: back. 
19:29:13.795 INFO  Loading Command: bassboost. 
19:29:13.796 INFO  Loading Command: dc. 
19:29:13.799 INFO  Loading Command: fast-forward. 
19:29:13.801 INFO  Loading Command: join. 
19:29:13.803 INFO  Loading Command: loop. 
19:29:13.807 INFO  Loading Command: lyrics12. 
19:29:13.809 INFO  Loading Command: move. 
19:29:13.818 INFO  Loading Command: nightcore. 
19:29:13.830 INFO  Loading Command: np. 
19:29:13.844 INFO  Loading Command: p-add. 
19:29:13.847 INFO  Loading Command: p-create. 
19:29:13.849 INFO  Loading Command: p-delete. 
19:29:13.852 INFO  Loading Command: p-load. 
19:29:13.853 INFO  Loading Command: p-remove. 
19:29:13.855 INFO  Loading Command: p-view. 
19:29:13.857 INFO  Loading Command: pause. 
19:29:13.859 INFO  Loading Command: pitch. 
19:29:13.861 INFO  Loading Command: play12. 
19:29:13.863 INFO  Loading Command: previous. 
19:29:13.865 INFO  Loading Command: queue12. 
19:29:13.876 INFO  Loading Command: radio. 
19:29:13.878 INFO  Loading Command: remove. 
19:29:13.880 INFO  Loading Command: resume. 
19:29:13.882 INFO  Loading Command: rewind. 
19:29:13.886 INFO  Loading Command: search. 
19:29:13.889 INFO  Loading Command: seek. 
19:29:13.891 INFO  Loading Command: shuffle. 
19:29:13.894 INFO  Loading Command: skip. 
19:29:13.896 INFO  Loading Command: speed. 
19:29:13.898 INFO  Loading Command: vaporwave. 
19:29:13.901 INFO  Loading Command: volume. 
19:29:13.907 INFO  Loading Event: channelDelete 
19:29:13.910 INFO  Loading Event: messageReactionAdd 
19:29:13.912 INFO  Loading Event: voiceStateUpdate 
19:29:13.914 INFO  Loading Event: clickButton 
19:29:13.917 INFO  Loading Event: slashCreate 
19:29:13.919 INFO  Loading Event: nodeConnect 
19:29:13.921 INFO  Loading Event: nodeDisconnect 
19:29:13.923 INFO  Loading Event: nodeError 
19:29:13.925 INFO  Loading Event: playerCreate 
19:29:13.926 INFO  Loading Event: playerDestroy 
19:29:13.927 INFO  Loading Event: playerMove 
19:29:13.930 INFO  Loading Event: queueEnd 
19:29:13.932 INFO  Loading Event: trackEnd 
19:29:13.933 INFO  Loading Event: trackError 
19:29:13.935 INFO  Loading Event: trackStart 
19:29:13.936 INFO  Loading Event: trackStuck 
19:29:13.939 INFO  Loading Event: debug 
19:29:13.941 INFO  Loading Event: error 
19:29:13.943 INFO  Loading Event: guildCreate 
19:29:13.945 INFO  Loading Event: guildDelete 
19:29:13.947 INFO  Loading Event: guildUnavailable 
19:29:13.948 INFO  Loading Event: interactionCreate 
19:29:13.949 INFO  Loading Event: messageCreate 
19:29:13.952 INFO  Loading Event: rateLimit 
19:29:13.953 INFO  Loading Event: raw 
19:29:14.073 INFO  Loading Event: ready 
19:29:14.074 INFO  Loading Event: warn 
19:29:14.076 INFO  Loading Event: shardDisconnect 
19:29:14.078 INFO  Loading Event: shardError 
19:29:14.079 INFO  Loading Event: shardReady 
19:29:14.080 INFO  Loading Event: shardReconnecting 
19:29:14.344 INFO  MongoDB successfully connected 
19:29:14.722 INFO  Shard: 0 has became ready 
19:29:14.727 INFO  =-=-=-=-=-=-=- Loading Guild Specific Interaction(s) -=-=-=-=-=-=-= 
19:29:14.728 INFO  Started refreshing application (/) commands. 
19:29:14.729 INFO  Started refreshing application (/) commands in: 823543363688464455 
19:29:14.731 INFO  Started refreshing application (/) commands in: 866666289178869770 
19:29:14.732 INFO  Successfully reloaded application (/) commands. 
19:29:14.761 INFO  All guilds have been initialized. 
19:29:14.761 INFO  -=-=-=-=-=-=-=-=-=-=-=-=-=-=-=-=-=-=-=-=-=-=-=-=-=-=-=-= 
19:29:14.762 INFO  Void Music 2#3539, ready to serve [1] users in [2] servers. 
19:29:14.762 INFO  -=-=-=-=-=-=-=-=-=-=-=-=-=-=-=-=-=-=-=-=-=-=-=-=-=-=-=-= 
19:29:25.361 INFO  =-=-=-=-=-=-=- Loading commands -=-=-=-=-=-=-= 
19:29:25.367 INFO  Loading Command: ban. 
19:29:25.369 INFO  Loading Command: playlists. 
19:29:25.371 INFO  Loading Command: setup. 
19:29:25.372 INFO  Loading Command: test. 
19:29:25.379 INFO  Loading Command: unban. 
19:29:25.417 INFO  Loading Command: docs. 
19:29:25.418 INFO  Loading Command: eval. 
19:29:25.420 INFO  Loading Command: lavalink. 
19:29:25.423 INFO  Loading Command: node. 
19:29:25.425 INFO  Loading Command: reload. 
19:29:25.427 INFO  Loading Command: shutdown. 
19:29:25.428 INFO  Loading Command: suggestion. 
19:29:25.432 INFO  Loading Command: user. 
19:29:25.436 INFO  Loading Command: help. 
19:29:25.571 INFO  Loading Command: lyrics. 
19:29:25.574 INFO  Loading Command: ping. 
19:29:25.576 INFO  Loading Command: play. 
19:29:25.578 INFO  Loading Command: premiumstatus. 
19:29:25.580 INFO  Loading Command: queue. 
19:29:25.585 INFO  Loading Command: about. 
19:29:25.587 INFO  Loading Command: invite. 
19:29:25.590 INFO  Loading Command: shorturl. 
19:29:25.592 INFO  Loading Command: status. 
19:29:25.595 INFO  Loading Command: support. 
19:29:25.598 INFO  Loading Command: uptime. 
19:29:25.600 INFO  Loading Command: 247. 
19:29:25.603 INFO  Loading Command: back. 
19:29:25.606 INFO  Loading Command: bassboost. 
19:29:25.608 INFO  Loading Command: dc. 
19:29:25.611 INFO  Loading Command: fast-forward. 
19:29:25.613 INFO  Loading Command: join. 
19:29:25.614 INFO  Loading Command: loop. 
19:29:25.617 INFO  Loading Command: lyrics12. 
19:29:25.618 INFO  Loading Command: move. 
19:29:25.620 INFO  Loading Command: nightcore. 
19:29:25.625 INFO  Loading Command: np. 
19:29:25.628 INFO  Loading Command: p-add. 
19:29:25.630 INFO  Loading Command: p-create. 
19:29:25.632 INFO  Loading Command: p-delete. 
19:29:25.634 INFO  Loading Command: p-load. 
19:29:25.636 INFO  Loading Command: p-remove. 
19:29:25.637 INFO  Loading Command: p-view. 
19:29:25.639 INFO  Loading Command: pause. 
19:29:25.641 INFO  Loading Command: pitch. 
19:29:25.644 INFO  Loading Command: play12. 
19:29:25.646 INFO  Loading Command: previous. 
19:29:25.649 INFO  Loading Command: queue12. 
19:29:25.662 INFO  Loading Command: radio. 
19:29:25.663 INFO  Loading Command: remove. 
19:29:25.665 INFO  Loading Command: resume. 
19:29:25.667 INFO  Loading Command: rewind. 
19:29:25.668 INFO  Loading Command: search. 
19:29:25.669 INFO  Loading Command: seek. 
19:29:25.671 INFO  Loading Command: shuffle. 
19:29:25.673 INFO  Loading Command: skip. 
19:29:25.675 INFO  Loading Command: speed. 
19:29:25.676 INFO  Loading Command: vaporwave. 
19:29:25.677 INFO  Loading Command: volume. 
19:29:25.679 INFO  =-=-=-=-=-=-=- Loading events -=-=-=-=-=-=-= 
19:29:25.680 ERROR Class constructor AudioManager cannot be invoked without 'new'
{}
TypeError: Class constructor AudioManager cannot be invoked without 'new'
    at D:\Bots\Discord Bots\Void Music\Void Music 2\src\bot.js:22:34 
19:29:25.697 INFO  Loading Event: clickButton 
19:29:25.700 INFO  Loading Event: slashCreate 
19:29:25.701 INFO  Loading Event: channelDelete 
19:29:25.704 INFO  Loading Event: messageReactionAdd 
19:29:25.706 INFO  Loading Event: voiceStateUpdate 
19:29:25.708 INFO  Loading Event: debug 
19:29:25.709 INFO  Loading Event: error 
19:29:25.712 INFO  Loading Event: guildCreate 
19:29:25.713 INFO  Loading Event: guildDelete 
19:29:25.714 INFO  Loading Event: guildUnavailable 
19:29:25.715 INFO  Loading Event: interactionCreate 
19:29:25.716 INFO  Loading Event: messageCreate 
19:29:25.718 INFO  Loading Event: rateLimit 
19:29:25.720 INFO  Loading Event: raw 
19:29:25.838 INFO  Loading Event: ready 
19:29:25.839 INFO  Loading Event: warn 
19:29:25.842 INFO  Loading Event: nodeConnect 
19:29:25.844 INFO  Loading Event: nodeDisconnect 
19:29:25.845 INFO  Loading Event: nodeError 
19:29:25.847 INFO  Loading Event: playerCreate 
19:29:25.849 INFO  Loading Event: playerDestroy 
19:29:25.851 INFO  Loading Event: playerMove 
19:29:25.854 INFO  Loading Event: queueEnd 
19:29:25.855 INFO  Loading Event: trackEnd 
19:29:25.857 INFO  Loading Event: trackError 
19:29:25.859 INFO  Loading Event: trackStart 
19:29:25.861 INFO  Loading Event: trackStuck 
19:29:25.864 INFO  Loading Event: shardDisconnect 
19:29:25.865 INFO  Loading Event: shardError 
19:29:25.867 INFO  Loading Event: shardReady 
19:29:25.869 INFO  Loading Event: shardReconnecting 
19:29:26.099 INFO  MongoDB successfully connected 
19:29:26.549 INFO  Shard: 0 has became ready 
19:29:26.554 INFO  =-=-=-=-=-=-=- Loading Guild Specific Interaction(s) -=-=-=-=-=-=-= 
19:29:26.555 INFO  Started refreshing application (/) commands. 
19:29:26.556 INFO  Started refreshing application (/) commands in: 823543363688464455 
19:29:26.558 INFO  Started refreshing application (/) commands in: 866666289178869770 
19:29:26.558 INFO  Successfully reloaded application (/) commands. 
19:29:26.587 INFO  All guilds have been initialized. 
19:29:26.588 INFO  -=-=-=-=-=-=-=-=-=-=-=-=-=-=-=-=-=-=-=-=-=-=-=-=-=-=-=-= 
19:29:26.588 INFO  Void Music 2#3539, ready to serve [1] users in [2] servers. 
19:29:26.588 INFO  -=-=-=-=-=-=-=-=-=-=-=-=-=-=-=-=-=-=-=-=-=-=-=-=-=-=-=-= 
19:30:27.007 ERROR Unhandled promise rejection: Cannot read properties of undefined (reading 'id'). 
19:31:15.163 INFO  =-=-=-=-=-=-=- Loading commands -=-=-=-=-=-=-= 
19:31:15.168 INFO  Loading Command: ban. 
19:31:15.170 INFO  Loading Command: playlists. 
19:31:15.171 INFO  Loading Command: setup. 
19:31:15.173 INFO  Loading Command: test. 
19:31:15.179 INFO  Loading Command: unban. 
19:31:15.183 INFO  Loading Command: help. 
19:31:15.298 INFO  Loading Command: lyrics. 
19:31:15.300 INFO  Loading Command: ping. 
19:31:15.301 INFO  Loading Command: play. 
19:31:15.302 INFO  Loading Command: premiumstatus. 
19:31:15.304 INFO  Loading Command: queue. 
19:31:15.331 INFO  Loading Command: docs. 
19:31:15.332 INFO  Loading Command: eval. 
19:31:15.334 INFO  Loading Command: lavalink. 
19:31:15.336 INFO  Loading Command: node. 
19:31:15.338 INFO  Loading Command: reload. 
19:31:15.339 INFO  Loading Command: shutdown. 
19:31:15.340 INFO  Loading Command: suggestion. 
19:31:15.343 INFO  Loading Command: user. 
19:31:15.346 INFO  Loading Command: 247. 
19:31:15.347 INFO  Loading Command: back. 
19:31:15.349 INFO  Loading Command: bassboost. 
19:31:15.350 INFO  Loading Command: dc. 
19:31:15.353 INFO  Loading Command: fast-forward. 
19:31:15.354 INFO  Loading Command: join. 
19:31:15.355 INFO  Loading Command: loop. 
19:31:15.357 INFO  Loading Command: lyrics12. 
19:31:15.359 INFO  Loading Command: move. 
19:31:15.360 INFO  Loading Command: nightcore. 
19:31:15.363 INFO  Loading Command: np. 
19:31:15.365 INFO  Loading Command: p-add. 
19:31:15.366 INFO  Loading Command: p-create. 
19:31:15.367 INFO  Loading Command: p-delete. 
19:31:15.369 INFO  Loading Command: p-load. 
19:31:15.371 INFO  Loading Command: p-remove. 
19:31:15.372 INFO  Loading Command: p-view. 
19:31:15.373 INFO  Loading Command: pause. 
19:31:15.375 INFO  Loading Command: pitch. 
19:31:15.376 INFO  Loading Command: play12. 
19:31:15.377 INFO  Loading Command: previous. 
19:31:15.379 INFO  Loading Command: queue12. 
19:31:15.386 INFO  Loading Command: radio. 
19:31:15.388 INFO  Loading Command: remove. 
19:31:15.389 INFO  Loading Command: resume. 
19:31:15.390 INFO  Loading Command: rewind. 
19:31:15.392 INFO  Loading Command: search. 
19:31:15.393 INFO  Loading Command: seek. 
19:31:15.394 INFO  Loading Command: shuffle. 
19:31:15.396 INFO  Loading Command: skip. 
19:31:15.397 INFO  Loading Command: speed. 
19:31:15.399 INFO  Loading Command: vaporwave. 
19:31:15.400 INFO  Loading Command: volume. 
19:31:15.404 INFO  Loading Command: about. 
19:31:15.405 INFO  Loading Command: invite. 
19:31:15.408 INFO  Loading Command: shorturl. 
19:31:15.410 INFO  Loading Command: status. 
19:31:15.411 INFO  Loading Command: support. 
19:31:15.413 INFO  Loading Command: uptime. 
19:31:15.413 INFO  =-=-=-=-=-=-=- Loading events -=-=-=-=-=-=-= 
19:31:15.414 ERROR Class constructor AudioManager cannot be invoked without 'new'
{}
TypeError: Class constructor AudioManager cannot be invoked without 'new'
    at D:\Bots\Discord Bots\Void Music\Void Music 2\src\bot.js:22:34 
19:31:15.434 INFO  Loading Event: nodeConnect 
19:31:15.436 INFO  Loading Event: nodeDisconnect 
19:31:15.437 INFO  Loading Event: nodeError 
19:31:15.439 INFO  Loading Event: playerCreate 
19:31:15.440 INFO  Loading Event: playerDestroy 
19:31:15.441 INFO  Loading Event: playerMove 
19:31:15.444 INFO  Loading Event: queueEnd 
19:31:15.445 INFO  Loading Event: trackEnd 
19:31:15.447 INFO  Loading Event: trackError 
19:31:15.448 INFO  Loading Event: trackStart 
19:31:15.450 INFO  Loading Event: trackStuck 
19:31:15.452 INFO  Loading Event: clickButton 
19:31:15.454 INFO  Loading Event: slashCreate 
19:31:15.456 INFO  Loading Event: channelDelete 
19:31:15.459 INFO  Loading Event: messageReactionAdd 
19:31:15.460 INFO  Loading Event: voiceStateUpdate 
19:31:15.462 INFO  Loading Event: debug 
19:31:15.464 INFO  Loading Event: error 
19:31:15.466 INFO  Loading Event: guildCreate 
19:31:15.467 INFO  Loading Event: guildDelete 
19:31:15.469 INFO  Loading Event: guildUnavailable 
19:31:15.470 INFO  Loading Event: interactionCreate 
19:31:15.472 INFO  Loading Event: messageCreate 
19:31:15.473 INFO  Loading Event: rateLimit 
19:31:15.474 INFO  Loading Event: raw 
19:31:15.579 INFO  Loading Event: ready 
19:31:15.580 INFO  Loading Event: warn 
19:31:15.582 INFO  Loading Event: shardDisconnect 
19:31:15.583 INFO  Loading Event: shardError 
19:31:15.584 INFO  Loading Event: shardReady 
19:31:15.585 INFO  Loading Event: shardReconnecting 
19:31:15.852 INFO  MongoDB successfully connected 
19:31:16.158 INFO  Shard: 0 has became ready 
19:31:16.163 INFO  =-=-=-=-=-=-=- Loading Guild Specific Interaction(s) -=-=-=-=-=-=-= 
19:31:16.164 INFO  Started refreshing application (/) commands. 
19:31:16.165 INFO  Started refreshing application (/) commands in: 823543363688464455 
19:31:16.167 INFO  Started refreshing application (/) commands in: 866666289178869770 
19:31:16.167 INFO  Successfully reloaded application (/) commands. 
19:31:16.201 INFO  All guilds have been initialized. 
19:31:16.202 INFO  -=-=-=-=-=-=-=-=-=-=-=-=-=-=-=-=-=-=-=-=-=-=-=-=-=-=-=-= 
19:31:16.202 INFO  Void Music 2#3539, ready to serve [1] users in [2] servers. 
19:31:16.202 INFO  -=-=-=-=-=-=-=-=-=-=-=-=-=-=-=-=-=-=-=-=-=-=-=-=-=-=-=-= 
19:33:50.359 INFO  =-=-=-=-=-=-=- Loading commands -=-=-=-=-=-=-= 
19:33:50.364 INFO  Loading Command: help. 
19:33:50.485 INFO  Loading Command: lyrics. 
19:33:50.486 INFO  Loading Command: ping. 
19:33:50.487 INFO  Loading Command: play. 
19:33:50.489 INFO  Loading Command: premiumstatus. 
19:33:50.490 INFO  Loading Command: queue. 
19:33:50.493 INFO  Loading Command: ban. 
19:33:50.494 INFO  Loading Command: playlists. 
19:33:50.496 INFO  Loading Command: setup. 
19:33:50.498 INFO  Loading Command: test. 
19:33:50.500 INFO  Loading Command: unban. 
19:33:50.527 INFO  Loading Command: docs. 
19:33:50.529 INFO  Loading Command: eval. 
19:33:50.530 INFO  Loading Command: lavalink. 
19:33:50.532 INFO  Loading Command: node. 
19:33:50.534 INFO  Loading Command: reload. 
19:33:50.535 INFO  Loading Command: shutdown. 
19:33:50.536 INFO  Loading Command: suggestion. 
19:33:50.539 INFO  Loading Command: user. 
19:33:50.542 INFO  Loading Command: about. 
19:33:50.544 INFO  Loading Command: invite. 
19:33:50.546 INFO  Loading Command: shorturl. 
19:33:50.548 INFO  Loading Command: status. 
19:33:50.549 INFO  Loading Command: support. 
19:33:50.550 INFO  Loading Command: uptime. 
19:33:50.552 INFO  Loading Command: 247. 
19:33:50.553 INFO  Loading Command: back. 
19:33:50.555 INFO  Loading Command: bassboost. 
19:33:50.556 INFO  Loading Command: dc. 
19:33:50.558 INFO  Loading Command: fast-forward. 
19:33:50.559 INFO  Loading Command: join. 
19:33:50.561 INFO  Loading Command: loop. 
19:33:50.563 INFO  Loading Command: lyrics12. 
19:33:50.564 INFO  Loading Command: move. 
19:33:50.566 INFO  Loading Command: nightcore. 
19:33:50.568 INFO  Loading Command: np. 
19:33:50.570 INFO  Loading Command: p-add. 
19:33:50.572 INFO  Loading Command: p-create. 
19:33:50.573 INFO  Loading Command: p-delete. 
19:33:50.574 INFO  Loading Command: p-load. 
19:33:50.576 INFO  Loading Command: p-remove. 
19:33:50.577 INFO  Loading Command: p-view. 
19:33:50.578 INFO  Loading Command: pause. 
19:33:50.580 INFO  Loading Command: pitch. 
19:33:50.581 INFO  Loading Command: play12. 
19:33:50.582 INFO  Loading Command: previous. 
19:33:50.584 INFO  Loading Command: queue12. 
19:33:50.590 INFO  Loading Command: radio. 
19:33:50.592 INFO  Loading Command: remove. 
19:33:50.593 INFO  Loading Command: resume. 
19:33:50.594 INFO  Loading Command: rewind. 
19:33:50.596 INFO  Loading Command: search. 
19:33:50.597 INFO  Loading Command: seek. 
19:33:50.598 INFO  Loading Command: shuffle. 
19:33:50.600 INFO  Loading Command: skip. 
19:33:50.601 INFO  Loading Command: speed. 
19:33:50.602 INFO  Loading Command: vaporwave. 
19:33:50.603 INFO  Loading Command: volume. 
19:33:50.604 INFO  =-=-=-=-=-=-=- Loading events -=-=-=-=-=-=-= 
19:33:50.605 ERROR Class constructor AudioManager cannot be invoked without 'new'
{}
TypeError: Class constructor AudioManager cannot be invoked without 'new'
    at D:\Bots\Discord Bots\Void Music\Void Music 2\src\bot.js:22:34 
19:33:50.623 INFO  Loading Event: nodeConnect 
19:33:50.624 INFO  Loading Event: nodeDisconnect 
19:33:50.625 INFO  Loading Event: nodeError 
19:33:50.626 INFO  Loading Event: playerCreate 
19:33:50.627 INFO  Loading Event: playerDestroy 
19:33:50.628 INFO  Loading Event: playerMove 
19:33:50.630 INFO  Loading Event: queueEnd 
19:33:50.631 INFO  Loading Event: trackEnd 
19:33:50.632 INFO  Loading Event: trackError 
19:33:50.633 INFO  Loading Event: trackStart 
19:33:50.635 INFO  Loading Event: trackStuck 
19:33:50.636 INFO  Loading Event: debug 
19:33:50.638 INFO  Loading Event: error 
19:33:50.640 INFO  Loading Event: guildCreate 
19:33:50.642 INFO  Loading Event: guildDelete 
19:33:50.643 INFO  Loading Event: guildUnavailable 
19:33:50.644 INFO  Loading Event: interactionCreate 
19:33:50.645 INFO  Loading Event: messageCreate 
19:33:50.646 INFO  Loading Event: rateLimit 
19:33:50.647 INFO  Loading Event: raw 
19:33:50.752 INFO  Loading Event: ready 
19:33:50.753 INFO  Loading Event: warn 
19:33:50.755 INFO  Loading Event: clickButton 
19:33:50.757 INFO  Loading Event: slashCreate 
19:33:50.758 INFO  Loading Event: channelDelete 
19:33:50.761 INFO  Loading Event: messageReactionAdd 
19:33:50.762 INFO  Loading Event: voiceStateUpdate 
19:33:50.764 INFO  Loading Event: shardDisconnect 
19:33:50.765 INFO  Loading Event: shardError 
19:33:50.766 INFO  Loading Event: shardReady 
19:33:50.767 INFO  Loading Event: shardReconnecting 
19:33:51.073 INFO  MongoDB successfully connected 
19:33:51.352 INFO  Shard: 0 has became ready 
19:33:51.356 INFO  =-=-=-=-=-=-=- Loading Guild Specific Interaction(s) -=-=-=-=-=-=-= 
19:33:51.357 INFO  Started refreshing application (/) commands. 
19:33:51.357 INFO  Started refreshing application (/) commands in: 823543363688464455 
19:33:51.359 INFO  Started refreshing application (/) commands in: 866666289178869770 
19:33:51.359 INFO  Successfully reloaded application (/) commands. 
19:33:51.393 INFO  All guilds have been initialized. 
19:33:51.393 INFO  -=-=-=-=-=-=-=-=-=-=-=-=-=-=-=-=-=-=-=-=-=-=-=-=-=-=-=-= 
19:33:51.394 INFO  Void Music 2#3539, ready to serve [1] users in [2] servers. 
19:33:51.394 INFO  -=-=-=-=-=-=-=-=-=-=-=-=-=-=-=-=-=-=-=-=-=-=-=-=-=-=-=-= 
