00:29:30.674 INFO  MongoDB successfully connected 
00:29:30.873 INFO  Shard: 0 has became ready 
00:29:30.984 INFO  All guilds have been initialized. 
00:29:30.985 INFO  -=-=-=-=-=-=-=-=-=-=-=-=-=-=-=-=-=-=-=-=-=-=-=-=-=-=-=-= 
00:29:30.985 INFO  Void Music 2#3539, ready to serve [4] users in [3] servers. 
00:29:30.986 INFO  -=-=-=-=-=-=-=-=-=-=-=-=-=-=-=-=-=-=-=-=-=-=-=-=-=-=-=-= 
00:29:31.471 INFO  Lavalink node: lavalink.scpcl.site has connected. 
00:48:24.038 INFO  MongoDB successfully connected 
00:48:24.237 INFO  Shard: 0 has became ready 
00:48:24.307 INFO  All guilds have been initialized. 
00:48:24.308 INFO  -=-=-=-=-=-=-=-=-=-=-=-=-=-=-=-=-=-=-=-=-=-=-=-=-=-=-=-= 
00:48:24.308 INFO  Void Music 2#3539, ready to serve [4] users in [3] servers. 
00:48:24.308 INFO  -=-=-=-=-=-=-=-=-=-=-=-=-=-=-=-=-=-=-=-=-=-=-=-=-=-=-=-= 
00:48:24.802 INFO  Lavalink node: lavalink.scpcl.site has connected. 
00:50:45.920 ERROR Unhandled promise rejection: Unknown Message. 
00:51:00.594 ERROR Unhandled promise rejection: Unknown Message. 
00:51:10.395 ERROR Unhandled promise rejection: Unknown Message. 
00:51:15.196 ERROR Unhandled promise rejection: Unknown Message. 
00:51:28.453 ERROR Unhandled promise rejection: Unknown Message. 
01:57:38.017 INFO  MongoDB successfully connected 
01:57:38.431 INFO  Shard: 0 has became ready 
01:57:38.480 INFO  All guilds have been initialized. 
01:57:38.480 INFO  -=-=-=-=-=-=-=-=-=-=-=-=-=-=-=-=-=-=-=-=-=-=-=-=-=-=-=-= 
01:57:38.481 INFO  Void Music 2#3539, ready to serve [2] users in [3] servers. 
01:57:38.481 INFO  -=-=-=-=-=-=-=-=-=-=-=-=-=-=-=-=-=-=-=-=-=-=-=-=-=-=-=-= 
01:57:38.974 INFO  Lavalink node: lavalink.scpcl.site has connected. 
02:00:31.765 ERROR Unhandled promise rejection: Unknown Message. 
02:00:39.055 ERROR Unhandled promise rejection: Unknown Message. 
02:00:46.698 ERROR Unhandled promise rejection: Unknown Message. 
02:04:35.793 INFO  MongoDB successfully connected 
02:04:36.131 INFO  Shard: 0 has became ready 
02:04:36.178 INFO  All guilds have been initialized. 
02:04:36.178 INFO  -=-=-=-=-=-=-=-=-=-=-=-=-=-=-=-=-=-=-=-=-=-=-=-=-=-=-=-= 
02:04:36.178 INFO  Void Music 2#3539, ready to serve [2] users in [3] servers. 
02:04:36.178 INFO  -=-=-=-=-=-=-=-=-=-=-=-=-=-=-=-=-=-=-=-=-=-=-=-=-=-=-=-= 
02:04:36.781 INFO  Lavalink node: lavalink.scpcl.site has connected. 
02:05:38.883 INFO  MongoDB successfully connected 
02:05:39.180 INFO  Shard: 0 has became ready 
02:05:39.220 INFO  All guilds have been initialized. 
02:05:39.220 INFO  -=-=-=-=-=-=-=-=-=-=-=-=-=-=-=-=-=-=-=-=-=-=-=-=-=-=-=-= 
02:05:39.221 INFO  Void Music 2#3539, ready to serve [2] users in [3] servers. 
02:05:39.221 INFO  -=-=-=-=-=-=-=-=-=-=-=-=-=-=-=-=-=-=-=-=-=-=-=-=-=-=-=-= 
02:05:39.812 INFO  Lavalink node: lavalink.scpcl.site has connected. 
02:07:46.612 ERROR Unhandled promise rejection: Unknown Message. 
02:08:20.587 ERROR Unhandled promise rejection: Unknown Message. 
02:08:59.267 INFO  MongoDB successfully connected 
02:08:59.575 INFO  Shard: 0 has became ready 
02:08:59.624 INFO  All guilds have been initialized. 
02:08:59.625 INFO  -=-=-=-=-=-=-=-=-=-=-=-=-=-=-=-=-=-=-=-=-=-=-=-=-=-=-=-= 
02:08:59.625 INFO  Void Music 2#3539, ready to serve [2] users in [3] servers. 
02:08:59.625 INFO  -=-=-=-=-=-=-=-=-=-=-=-=-=-=-=-=-=-=-=-=-=-=-=-=-=-=-=-= 
02:09:00.395 INFO  Lavalink node: lavalink.scpcl.site has connected. 
02:11:07.386 ERROR Unhandled promise rejection: Unknown Message. 
02:11:16.731 ERROR Unhandled promise rejection: Unknown Message. 
02:11:21.772 ERROR Unhandled promise rejection: Unknown Message. 
02:16:05.927 INFO  MongoDB successfully connected 
02:16:06.160 INFO  Shard: 0 has became ready 
02:16:06.210 INFO  All guilds have been initialized. 
02:16:06.210 INFO  -=-=-=-=-=-=-=-=-=-=-=-=-=-=-=-=-=-=-=-=-=-=-=-=-=-=-=-= 
02:16:06.210 INFO  Void Music 2#3539, ready to serve [2] users in [3] servers. 
02:16:06.211 INFO  -=-=-=-=-=-=-=-=-=-=-=-=-=-=-=-=-=-=-=-=-=-=-=-=-=-=-=-= 
02:16:07.156 INFO  Lavalink node: lavalink.scpcl.site has connected. 
02:18:09.403 ERROR Unhandled promise rejection: Unknown Message. 
02:18:54.661 ERROR Unhandled promise rejection: Unknown Message. 
02:19:39.244 INFO  MongoDB successfully connected 
02:19:39.593 INFO  Shard: 0 has became ready 
02:19:39.632 INFO  All guilds have been initialized. 
02:19:39.633 INFO  -=-=-=-=-=-=-=-=-=-=-=-=-=-=-=-=-=-=-=-=-=-=-=-=-=-=-=-= 
02:19:39.633 INFO  Void Music 2#3539, ready to serve [2] users in [3] servers. 
02:19:39.633 INFO  -=-=-=-=-=-=-=-=-=-=-=-=-=-=-=-=-=-=-=-=-=-=-=-=-=-=-=-= 
02:19:40.212 INFO  Lavalink node: lavalink.scpcl.site has connected. 
02:21:45.985 ERROR Unhandled promise rejection: Unknown Message. 
02:21:54.407 ERROR Unhandled promise rejection: Unknown Message. 
02:21:58.643 ERROR Unhandled promise rejection: Unknown Message. 
02:22:05.181 ERROR Unhandled promise rejection: Unknown Message. 
02:22:16.146 ERROR Unhandled promise rejection: Unknown Message. 
02:27:52.181 INFO  MongoDB successfully connected 
02:27:52.417 INFO  Shard: 0 has became ready 
02:27:52.477 INFO  All guilds have been initialized. 
02:27:52.477 INFO  -=-=-=-=-=-=-=-=-=-=-=-=-=-=-=-=-=-=-=-=-=-=-=-=-=-=-=-= 
02:27:52.478 INFO  Void Music 2#3539, ready to serve [2] users in [3] servers. 
02:27:52.478 INFO  -=-=-=-=-=-=-=-=-=-=-=-=-=-=-=-=-=-=-=-=-=-=-=-=-=-=-=-= 
02:27:53.288 INFO  Lavalink node: lavalink.scpcl.site has connected. 
02:29:56.722 ERROR Unhandled promise rejection: Unknown Message. 
02:34:30.037 ERROR Unhandled promise rejection: Unknown Message. 
02:36:01.796 ERROR Unhandled promise rejection: Unknown Message. 
02:44:02.748 INFO  MongoDB successfully connected 
02:44:03.059 INFO  Shard: 0 has became ready 
02:44:03.108 INFO  All guilds have been initialized. 
02:44:03.109 INFO  -=-=-=-=-=-=-=-=-=-=-=-=-=-=-=-=-=-=-=-=-=-=-=-=-=-=-=-= 
02:44:03.109 INFO  Void Music 2#3539, ready to serve [2] users in [3] servers. 
02:44:03.109 INFO  -=-=-=-=-=-=-=-=-=-=-=-=-=-=-=-=-=-=-=-=-=-=-=-=-=-=-=-= 
02:44:03.678 INFO  Lavalink node: lavalink.scpcl.site has connected. 
02:44:11.089 ERROR Unhandled promise rejection: Cannot read properties of undefined (reading 'id'). 
02:44:28.473 INFO  MongoDB successfully connected 
02:44:28.837 INFO  Shard: 0 has became ready 
02:44:28.882 INFO  All guilds have been initialized. 
02:44:28.882 INFO  -=-=-=-=-=-=-=-=-=-=-=-=-=-=-=-=-=-=-=-=-=-=-=-=-=-=-=-= 
02:44:28.882 INFO  Void Music 2#3539, ready to serve [2] users in [3] servers. 
02:44:28.883 INFO  -=-=-=-=-=-=-=-=-=-=-=-=-=-=-=-=-=-=-=-=-=-=-=-=-=-=-=-= 
02:44:29.450 INFO  Lavalink node: lavalink.scpcl.site has connected. 
02:45:10.744 INFO  MongoDB successfully connected 
02:45:11.034 INFO  Shard: 0 has became ready 
02:45:11.073 INFO  All guilds have been initialized. 
02:45:11.073 INFO  -=-=-=-=-=-=-=-=-=-=-=-=-=-=-=-=-=-=-=-=-=-=-=-=-=-=-=-= 
02:45:11.073 INFO  Void Music 2#3539, ready to serve [2] users in [3] servers. 
02:45:11.073 INFO  -=-=-=-=-=-=-=-=-=-=-=-=-=-=-=-=-=-=-=-=-=-=-=-=-=-=-=-= 
02:45:11.562 INFO  Lavalink node: lavalink.scpcl.site has connected. 
02:47:43.596 ERROR Lavalink node: lavalink.scpcl.site has disconnect, reason: unspecified. 
02:48:14.403 INFO  Lavalink node: lavalink.scpcl.site has connected. 
02:48:50.988 INFO  MongoDB successfully connected 
02:48:51.248 INFO  Shard: 0 has became ready 
02:48:51.303 INFO  All guilds have been initialized. 
02:48:51.303 INFO  -=-=-=-=-=-=-=-=-=-=-=-=-=-=-=-=-=-=-=-=-=-=-=-=-=-=-=-= 
02:48:51.303 INFO  Void Music 2#3539, ready to serve [2] users in [3] servers. 
02:48:51.304 INFO  -=-=-=-=-=-=-=-=-=-=-=-=-=-=-=-=-=-=-=-=-=-=-=-=-=-=-=-= 
02:48:51.862 INFO  Lavalink node: lavalink.scpcl.site has connected. 
03:00:12.388 INFO  MongoDB successfully connected 
03:00:12.751 INFO  Shard: 0 has became ready 
03:00:12.789 INFO  All guilds have been initialized. 
03:00:12.789 INFO  -=-=-=-=-=-=-=-=-=-=-=-=-=-=-=-=-=-=-=-=-=-=-=-=-=-=-=-= 
03:00:12.790 INFO  Void Music 2#3539, ready to serve [2] users in [3] servers. 
03:00:12.790 INFO  -=-=-=-=-=-=-=-=-=-=-=-=-=-=-=-=-=-=-=-=-=-=-=-=-=-=-=-= 
03:00:13.755 INFO  Lavalink node: lavalink.scpcl.site has connected. 
03:01:49.107 ERROR Failed to load Event: messageCreate error: missing ) after argument list 
03:01:49.545 INFO  MongoDB successfully connected 
03:01:49.811 INFO  Shard: 0 has became ready 
03:01:49.857 INFO  All guilds have been initialized. 
03:01:49.857 INFO  -=-=-=-=-=-=-=-=-=-=-=-=-=-=-=-=-=-=-=-=-=-=-=-=-=-=-=-= 
03:01:49.857 INFO  Void Music 2#3539, ready to serve [2] users in [3] servers. 
03:01:49.857 INFO  -=-=-=-=-=-=-=-=-=-=-=-=-=-=-=-=-=-=-=-=-=-=-=-=-=-=-=-= 
03:01:50.805 INFO  Lavalink node: lavalink.scpcl.site has connected. 
03:02:08.847 INFO  MongoDB successfully connected 
03:02:09.184 INFO  Shard: 0 has became ready 
03:02:09.229 INFO  All guilds have been initialized. 
03:02:09.230 INFO  -=-=-=-=-=-=-=-=-=-=-=-=-=-=-=-=-=-=-=-=-=-=-=-=-=-=-=-= 
03:02:09.230 INFO  Void Music 2#3539, ready to serve [2] users in [3] servers. 
03:02:09.230 INFO  -=-=-=-=-=-=-=-=-=-=-=-=-=-=-=-=-=-=-=-=-=-=-=-=-=-=-=-= 
03:02:09.698 INFO  Lavalink node: lavalink.scpcl.site has connected. 
03:07:06.816 INFO  MongoDB successfully connected 
03:07:07.123 INFO  Shard: 0 has became ready 
03:07:07.167 INFO  All guilds have been initialized. 
03:07:07.167 INFO  -=-=-=-=-=-=-=-=-=-=-=-=-=-=-=-=-=-=-=-=-=-=-=-=-=-=-=-= 
03:07:07.167 INFO  Void Music 2#3539, ready to serve [2] users in [3] servers. 
03:07:07.168 INFO  -=-=-=-=-=-=-=-=-=-=-=-=-=-=-=-=-=-=-=-=-=-=-=-=-=-=-=-= 
03:07:07.771 INFO  Lavalink node: lavalink.scpcl.site has connected. 
03:11:06.483 INFO  MongoDB successfully connected 
03:11:06.816 INFO  Shard: 0 has became ready 
03:11:06.865 INFO  All guilds have been initialized. 
03:11:06.865 INFO  -=-=-=-=-=-=-=-=-=-=-=-=-=-=-=-=-=-=-=-=-=-=-=-=-=-=-=-= 
03:11:06.865 INFO  Void Music 2#3539, ready to serve [2] users in [3] servers. 
03:11:06.865 INFO  -=-=-=-=-=-=-=-=-=-=-=-=-=-=-=-=-=-=-=-=-=-=-=-=-=-=-=-= 
03:11:06.974 INFO  Lavalink node: 0.0.0.0 has connected. 
03:11:46.676 ERROR Lavalink node: 0.0.0.0 has disconnect, reason: unspecified. 
03:11:46.677 ERROR player is not defined
{}
ReferenceError: player is not defined
    at D:\Bots\Discord Bots\Void Music\Void Music 2\src\events\audio\nodeDisconnect.js:16:5
    at Map.forEach (<anonymous>)
    at NodeDisconnect.run (D:\Bots\Discord Bots\Void Music\Void Music 2\src\events\audio\nodeDisconnect.js:13:21)
    at AudioManager.<anonymous> (D:\Bots\Discord Bots\Void Music\Void Music 2\src\bot.js:73:46)
    at AudioManager.emit (node:events:527:28)
    at Node.close (D:\Bots\Discord Bots\Void Music\Void Music 2\node_modules\erela.js\dist\structures\Node.js:193:22)
    at WebSocket.emit (node:events:527:28)
    at WebSocket.emitClose (D:\Bots\Discord Bots\Void Music\Void Music 2\node_modules\erela.js\node_modules\ws\lib\websocket.js:246:10)
    at Receiver.receiverOnFinish (D:\Bots\Discord Bots\Void Music\Void Music 2\node_modules\erela.js\node_modules\ws\lib\websocket.js:1037:20)
    at Receiver.emit (node:events:527:28) 
03:12:01.103 INFO  MongoDB successfully connected 
03:12:01.453 INFO  Shard: 0 has became ready 
03:12:01.480 ERROR Lavalink node: '0.0.0.0', has error: 'connect ECONNREFUSED 0.0.0.0:69'. 
03:12:01.481 ERROR Lavalink node: 0.0.0.0 has disconnect, reason: unspecified. 
03:12:01.511 INFO  All guilds have been initialized. 
03:12:01.511 INFO  -=-=-=-=-=-=-=-=-=-=-=-=-=-=-=-=-=-=-=-=-=-=-=-=-=-=-=-= 
03:12:01.511 INFO  Void Music 2#3539, ready to serve [2] users in [3] servers. 
03:12:01.512 INFO  -=-=-=-=-=-=-=-=-=-=-=-=-=-=-=-=-=-=-=-=-=-=-=-=-=-=-=-= 
03:12:31.587 INFO  Lavalink node: 0.0.0.0 has connected. 
03:12:45.128 ERROR Lavalink node: 0.0.0.0 has disconnect, reason: unspecified. 
03:13:15.132 ERROR Lavalink node: '0.0.0.0', has error: 'connect ECONNREFUSED 0.0.0.0:69'. 
03:13:15.132 ERROR Lavalink node: 0.0.0.0 has disconnect, reason: unspecified. 
03:19:42.715 ERROR Failed to load Event: nodeDisconnect error: await is only valid in async functions and the top level bodies of modules 
03:19:43.160 INFO  MongoDB successfully connected 
03:19:43.496 INFO  Shard: 0 has became ready 
03:19:43.517 ERROR Lavalink node: '0.0.0.0', has error: 'connect ECONNREFUSED 0.0.0.0:69'. 
03:19:43.537 INFO  All guilds have been initialized. 
03:19:43.537 INFO  -=-=-=-=-=-=-=-=-=-=-=-=-=-=-=-=-=-=-=-=-=-=-=-=-=-=-=-= 
03:19:43.537 INFO  Void Music 2#3539, ready to serve [2] users in [3] servers. 
03:19:43.537 INFO  -=-=-=-=-=-=-=-=-=-=-=-=-=-=-=-=-=-=-=-=-=-=-=-=-=-=-=-= 
03:20:13.635 INFO  Lavalink node: 0.0.0.0 has connected. 
03:21:08.840 ERROR Lavalink node: '0.0.0.0', has error: 'connect ECONNREFUSED 0.0.0.0:69'. 
03:21:38.856 ERROR Lavalink node: '0.0.0.0', has error: 'connect ECONNREFUSED 0.0.0.0:69'. 
03:21:41.523 ERROR Failed to load Event: nodeDisconnect error: await is only valid in async functions and the top level bodies of modules 
03:21:41.524 ERROR Failed to load Event: nodeError error: await is only valid in async functions and the top level bodies of modules 
03:21:41.979 INFO  MongoDB successfully connected 
03:21:42.218 INFO  Shard: 0 has became ready 
03:21:42.272 INFO  All guilds have been initialized. 
03:21:42.273 INFO  -=-=-=-=-=-=-=-=-=-=-=-=-=-=-=-=-=-=-=-=-=-=-=-=-=-=-=-= 
03:21:42.273 INFO  Void Music 2#3539, ready to serve [2] users in [3] servers. 
03:21:42.273 INFO  -=-=-=-=-=-=-=-=-=-=-=-=-=-=-=-=-=-=-=-=-=-=-=-=-=-=-=-= 
03:21:52.321 ERROR Failed to load Event: nodeDisconnect error: await is only valid in async functions and the top level bodies of modules 
03:21:52.323 ERROR Failed to load Event: nodeError error: await is only valid in async functions and the top level bodies of modules 
03:21:52.630 INFO  MongoDB successfully connected 
03:21:52.939 INFO  Shard: 0 has became ready 
03:21:52.994 INFO  All guilds have been initialized. 
03:21:52.995 INFO  -=-=-=-=-=-=-=-=-=-=-=-=-=-=-=-=-=-=-=-=-=-=-=-=-=-=-=-= 
03:21:52.995 INFO  Void Music 2#3539, ready to serve [2] users in [3] servers. 
03:21:52.995 INFO  -=-=-=-=-=-=-=-=-=-=-=-=-=-=-=-=-=-=-=-=-=-=-=-=-=-=-=-= 
03:21:53.080 INFO  Lavalink node: 0.0.0.0 has connected. 
03:22:21.954 INFO  MongoDB successfully connected 
03:22:22.325 INFO  Shard: 0 has became ready 
03:22:22.354 INFO  Lavalink node: 0.0.0.0 has connected. 
03:22:22.377 INFO  All guilds have been initialized. 
03:22:22.378 INFO  -=-=-=-=-=-=-=-=-=-=-=-=-=-=-=-=-=-=-=-=-=-=-=-=-=-=-=-= 
03:22:22.378 INFO  Void Music 2#3539, ready to serve [2] users in [3] servers. 
03:22:22.379 INFO  -=-=-=-=-=-=-=-=-=-=-=-=-=-=-=-=-=-=-=-=-=-=-=-=-=-=-=-= 
03:22:45.710 ERROR Lavalink node: 0.0.0.0 has disconnect, reason: unspecified. 
12:15:04.711 INFO  MongoDB successfully connected 
12:15:05.228 INFO  Shard: 0 has became ready 
12:15:05.289 INFO  All guilds have been initialized. 
12:15:05.289 INFO  -=-=-=-=-=-=-=-=-=-=-=-=-=-=-=-=-=-=-=-=-=-=-=-=-=-=-=-= 
12:15:05.290 INFO  Void Music 2#3539, ready to serve [1] users in [3] servers. 
12:15:05.290 INFO  -=-=-=-=-=-=-=-=-=-=-=-=-=-=-=-=-=-=-=-=-=-=-=-=-=-=-=-= 
12:15:05.982 INFO  Lavalink node: lavalink.scpcl.site has connected. 
14:07:03.432 INFO  MongoDB successfully connected 
14:07:03.701 INFO  Shard: 0 has became ready 
14:07:03.755 INFO  All guilds have been initialized. 
14:07:03.765 INFO  -=-=-=-=-=-=-=-=-=-=-=-=-=-=-=-=-=-=-=-=-=-=-=-=-=-=-=-= 
14:07:03.765 INFO  Void Music 2#3539, ready to serve [1] users in [3] servers. 
14:07:03.765 INFO  -=-=-=-=-=-=-=-=-=-=-=-=-=-=-=-=-=-=-=-=-=-=-=-=-=-=-=-= 
14:07:04.297 INFO  Lavalink node: lavalink.scpcl.site has connected. 
14:18:07.158 INFO  MongoDB successfully connected 
14:18:07.510 INFO  Shard: 0 has became ready 
14:18:07.558 INFO  All guilds have been initialized. 
14:18:07.569 INFO  -=-=-=-=-=-=-=-=-=-=-=-=-=-=-=-=-=-=-=-=-=-=-=-=-=-=-=-= 
14:18:07.570 INFO  Void Music 2#3539, ready to serve [1] users in [3] servers. 
14:18:07.570 INFO  -=-=-=-=-=-=-=-=-=-=-=-=-=-=-=-=-=-=-=-=-=-=-=-=-=-=-=-= 
14:18:08.083 INFO  Lavalink node: lavalink.scpcl.site has connected. 
14:18:27.927 INFO  MongoDB successfully connected 
14:18:28.294 INFO  Shard: 0 has became ready 
14:18:28.341 INFO  All guilds have been initialized. 
14:18:28.342 INFO  -=-=-=-=-=-=-=-=-=-=-=-=-=-=-=-=-=-=-=-=-=-=-=-=-=-=-=-= 
14:18:28.342 INFO  Void Music 2#3539, ready to serve [1] users in [3] servers. 
14:18:28.343 INFO  -=-=-=-=-=-=-=-=-=-=-=-=-=-=-=-=-=-=-=-=-=-=-=-=-=-=-=-= 
14:18:28.818 INFO  Lavalink node: lavalink.scpcl.site has connected. 
14:18:35.627 INFO  MongoDB successfully connected 
14:18:36.011 INFO  Shard: 0 has became ready 
14:18:36.060 INFO  All guilds have been initialized. 
14:18:36.062 INFO  -=-=-=-=-=-=-=-=-=-=-=-=-=-=-=-=-=-=-=-=-=-=-=-=-=-=-=-= 
14:18:36.062 INFO  Void Music 2#3539, ready to serve [1] users in [3] servers. 
14:18:36.062 INFO  -=-=-=-=-=-=-=-=-=-=-=-=-=-=-=-=-=-=-=-=-=-=-=-=-=-=-=-= 
14:18:36.575 INFO  Lavalink node: lavalink.scpcl.site has connected. 
14:18:43.784 INFO  MongoDB successfully connected 
14:18:44.149 INFO  Shard: 0 has became ready 
14:18:44.194 INFO  All guilds have been initialized. 
14:18:44.195 INFO  -=-=-=-=-=-=-=-=-=-=-=-=-=-=-=-=-=-=-=-=-=-=-=-=-=-=-=-= 
14:18:44.196 INFO  Void Music 2#3539, ready to serve [1] users in [3] servers. 
14:18:44.196 INFO  -=-=-=-=-=-=-=-=-=-=-=-=-=-=-=-=-=-=-=-=-=-=-=-=-=-=-=-= 
14:18:44.687 INFO  Lavalink node: lavalink.scpcl.site has connected. 
14:18:59.559 INFO  MongoDB successfully connected 
14:19:00.052 INFO  Shard: 0 has became ready 
14:19:00.092 INFO  All guilds have been initialized. 
14:19:00.107 INFO  -=-=-=-=-=-=-=-=-=-=-=-=-=-=-=-=-=-=-=-=-=-=-=-=-=-=-=-= 
14:19:00.108 INFO  Void Music 2#3539, ready to serve [1] users in [3] servers. 
14:19:00.108 INFO  -=-=-=-=-=-=-=-=-=-=-=-=-=-=-=-=-=-=-=-=-=-=-=-=-=-=-=-= 
14:19:00.361 INFO  Lavalink node: lavalink.scpcl.site has connected. 
14:22:45.820 INFO  MongoDB successfully connected 
14:22:46.139 INFO  Shard: 0 has became ready 
14:22:46.190 INFO  All guilds have been initialized. 
14:22:46.202 INFO  -=-=-=-=-=-=-=-=-=-=-=-=-=-=-=-=-=-=-=-=-=-=-=-=-=-=-=-= 
14:22:46.202 INFO  Void Music 2#3539, ready to serve [1] users in [3] servers. 
14:22:46.203 INFO  -=-=-=-=-=-=-=-=-=-=-=-=-=-=-=-=-=-=-=-=-=-=-=-=-=-=-=-= 
14:22:46.752 INFO  Lavalink node: lavalink.scpcl.site has connected. 
14:22:58.463 INFO  MongoDB successfully connected 
14:22:58.795 INFO  Shard: 0 has became ready 
14:22:58.853 INFO  All guilds have been initialized. 
14:22:58.863 INFO  -=-=-=-=-=-=-=-=-=-=-=-=-=-=-=-=-=-=-=-=-=-=-=-=-=-=-=-= 
14:22:58.864 INFO  Void Music 2#3539, ready to serve [1] users in [3] servers. 
14:22:58.864 INFO  -=-=-=-=-=-=-=-=-=-=-=-=-=-=-=-=-=-=-=-=-=-=-=-=-=-=-=-= 
14:23:44.887 INFO  MongoDB successfully connected 
14:23:45.211 INFO  Shard: 0 has became ready 
14:23:45.255 INFO  All guilds have been initialized. 
14:23:45.256 INFO  -=-=-=-=-=-=-=-=-=-=-=-=-=-=-=-=-=-=-=-=-=-=-=-=-=-=-=-= 
14:23:45.257 INFO  Void Music 2#3539, ready to serve [1] users in [3] servers. 
14:23:45.257 INFO  -=-=-=-=-=-=-=-=-=-=-=-=-=-=-=-=-=-=-=-=-=-=-=-=-=-=-=-= 
14:23:45.772 INFO  Lavalink node: lavalink.scpcl.site has connected. 
14:23:53.392 INFO  MongoDB successfully connected 
14:23:53.651 INFO  Shard: 0 has became ready 
14:23:53.697 INFO  All guilds have been initialized. 
14:23:53.712 INFO  -=-=-=-=-=-=-=-=-=-=-=-=-=-=-=-=-=-=-=-=-=-=-=-=-=-=-=-= 
14:23:53.713 INFO  Void Music 2#3539, ready to serve [1] users in [3] servers. 
14:23:53.713 INFO  -=-=-=-=-=-=-=-=-=-=-=-=-=-=-=-=-=-=-=-=-=-=-=-=-=-=-=-= 
14:23:54.300 INFO  Lavalink node: lavalink.scpcl.site has connected. 
14:24:33.626 INFO  MongoDB successfully connected 
14:24:33.960 INFO  Shard: 0 has became ready 
14:24:34.008 INFO  All guilds have been initialized. 
14:24:34.009 INFO  -=-=-=-=-=-=-=-=-=-=-=-=-=-=-=-=-=-=-=-=-=-=-=-=-=-=-=-= 
14:24:34.009 INFO  Void Music 2#3539, ready to serve [1] users in [3] servers. 
14:24:34.010 INFO  -=-=-=-=-=-=-=-=-=-=-=-=-=-=-=-=-=-=-=-=-=-=-=-=-=-=-=-= 
14:24:34.256 INFO  Lavalink node: lavalink.scpcl.site has connected. 
14:26:01.560 INFO  MongoDB successfully connected 
14:26:01.944 INFO  Shard: 0 has became ready 
14:26:01.995 INFO  All guilds have been initialized. 
14:26:01.997 ERROR Unhandled promise rejection: Cannot read properties of undefined (reading 'fetch'). 
14:26:02.898 INFO  Lavalink node: lavalink.scpcl.site has connected. 
14:26:15.082 INFO  MongoDB successfully connected 
14:26:16.088 INFO  Shard: 0 has became ready 
14:26:16.130 INFO  All guilds have been initialized. 
14:26:16.131 ERROR Unhandled promise rejection: Cannot read properties of undefined (reading 'fetch'). 
14:26:16.754 INFO  Lavalink node: lavalink.scpcl.site has connected. 
14:26:51.693 INFO  MongoDB successfully connected 
14:26:52.101 INFO  Shard: 0 has became ready 
14:26:52.144 INFO  All guilds have been initialized. 
14:26:52.144 INFO  -=-=-=-=-=-=-=-=-=-=-=-=-=-=-=-=-=-=-=-=-=-=-=-=-=-=-=-= 
14:26:52.145 INFO  Void Music 2#3539, ready to serve [1] users in [3] servers. 
14:26:52.145 INFO  -=-=-=-=-=-=-=-=-=-=-=-=-=-=-=-=-=-=-=-=-=-=-=-=-=-=-=-= 
14:26:52.146 ERROR Unhandled promise rejection: Cannot read properties of undefined (reading 'fetch'). 
14:26:52.443 INFO  Lavalink node: lavalink.scpcl.site has connected. 
14:28:01.770 INFO  MongoDB successfully connected 
14:28:02.124 INFO  Shard: 0 has became ready 
14:28:02.165 INFO  All guilds have been initialized. 
14:28:02.165 INFO  -=-=-=-=-=-=-=-=-=-=-=-=-=-=-=-=-=-=-=-=-=-=-=-=-=-=-=-= 
14:28:02.166 INFO  Void Music 2#3539, ready to serve [1] users in [3] servers. 
14:28:02.166 INFO  -=-=-=-=-=-=-=-=-=-=-=-=-=-=-=-=-=-=-=-=-=-=-=-=-=-=-=-= 
14:28:02.167 ERROR Unhandled promise rejection: supportServer.fetchMembers is not a function. 
14:28:02.693 INFO  Lavalink node: lavalink.scpcl.site has connected. 
14:29:54.195 INFO  MongoDB successfully connected 
14:29:54.454 INFO  Shard: 0 has became ready 
14:29:54.504 INFO  All guilds have been initialized. 
14:29:54.505 ERROR Unhandled promise rejection: supportServer.fetchMembers is not a function. 
14:30:23.241 INFO  MongoDB successfully connected 
14:30:23.535 INFO  Shard: 0 has became ready 
14:30:23.589 INFO  All guilds have been initialized. 
14:30:23.590 ERROR Unhandled promise rejection: Cannot read properties of undefined (reading 'fetch'). 
14:30:23.844 INFO  Lavalink node: lavalink.scpcl.site has connected. 
14:31:34.970 INFO  MongoDB successfully connected 
14:31:35.277 INFO  Shard: 0 has became ready 
14:31:35.322 INFO  All guilds have been initialized. 
14:31:35.496 INFO  -=-=-=-=-=-=-=-=-=-=-=-=-=-=-=-=-=-=-=-=-=-=-=-=-=-=-=-= 
14:31:35.497 INFO  Void Music 2#3539, ready to serve [5] users in [3] servers. 
14:31:35.497 INFO  -=-=-=-=-=-=-=-=-=-=-=-=-=-=-=-=-=-=-=-=-=-=-=-=-=-=-=-= 
14:31:35.793 INFO  Lavalink node: lavalink.scpcl.site has connected. 
14:33:23.043 INFO  MongoDB successfully connected 
14:33:23.332 INFO  Shard: 0 has became ready 
14:33:23.377 INFO  All guilds have been initialized. 
14:33:23.494 INFO  -=-=-=-=-=-=-=-=-=-=-=-=-=-=-=-=-=-=-=-=-=-=-=-=-=-=-=-= 
14:33:23.494 INFO  Void Music 2#3539, ready to serve [5] users in [3] servers. 
14:33:23.494 INFO  -=-=-=-=-=-=-=-=-=-=-=-=-=-=-=-=-=-=-=-=-=-=-=-=-=-=-=-= 
14:33:23.989 INFO  Lavalink node: lavalink.scpcl.site has connected. 
14:33:34.980 INFO  MongoDB successfully connected 
14:33:35.360 INFO  Shard: 0 has became ready 
14:33:35.407 INFO  All guilds have been initialized. 
14:33:35.527 ERROR Unhandled promise rejection: Cannot read properties of undefined (reading 'id'). 
14:33:36.049 INFO  Lavalink node: lavalink.scpcl.site has connected. 
14:34:17.324 INFO  MongoDB successfully connected 
14:34:17.670 INFO  Shard: 0 has became ready 
14:34:17.715 INFO  All guilds have been initialized. 
14:34:17.838 INFO  -=-=-=-=-=-=-=-=-=-=-=-=-=-=-=-=-=-=-=-=-=-=-=-=-=-=-=-= 
14:34:17.838 INFO  Void Music 2#3539, ready to serve [5] users in [3] servers. 
14:34:17.838 INFO  -=-=-=-=-=-=-=-=-=-=-=-=-=-=-=-=-=-=-=-=-=-=-=-=-=-=-=-= 
14:34:17.988 INFO  Lavalink node: lavalink.scpcl.site has connected. 
14:34:31.754 INFO  MongoDB successfully connected 
14:34:32.050 INFO  Shard: 0 has became ready 
14:34:32.101 INFO  All guilds have been initialized. 
14:34:32.222 ERROR Unhandled promise rejection: Cannot read properties of undefined (reading 'user'). 
14:34:32.579 INFO  Lavalink node: lavalink.scpcl.site has connected. 
14:34:37.844 INFO  MongoDB successfully connected 
14:34:38.214 INFO  Shard: 0 has became ready 
14:34:38.258 INFO  All guilds have been initialized. 
14:34:38.370 ERROR Unhandled promise rejection: Cannot read properties of undefined (reading 'id'). 
14:34:39.215 INFO  Lavalink node: lavalink.scpcl.site has connected. 
14:34:58.301 INFO  MongoDB successfully connected 
14:34:58.811 INFO  Shard: 0 has became ready 
14:34:58.850 INFO  All guilds have been initialized. 
14:34:58.964 ERROR Unhandled promise rejection: Cannot read properties of undefined (reading 'user'). 
14:34:59.473 INFO  Lavalink node: lavalink.scpcl.site has connected. 
14:35:19.455 INFO  MongoDB successfully connected 
14:35:19.856 INFO  Shard: 0 has became ready 
14:35:19.901 INFO  All guilds have been initialized. 
14:35:20.061 ERROR Unhandled promise rejection: Cannot read properties of undefined (reading 'user'). 
14:35:20.172 INFO  Lavalink node: lavalink.scpcl.site has connected. 
14:36:03.480 INFO  MongoDB successfully connected 
14:36:03.801 INFO  Shard: 0 has became ready 
14:36:03.855 INFO  All guilds have been initialized. 
14:36:03.980 INFO  -=-=-=-=-=-=-=-=-=-=-=-=-=-=-=-=-=-=-=-=-=-=-=-=-=-=-=-= 
14:36:03.981 INFO  Void Music 2#3539, ready to serve [5] users in [3] servers. 
14:36:03.981 INFO  -=-=-=-=-=-=-=-=-=-=-=-=-=-=-=-=-=-=-=-=-=-=-=-=-=-=-=-= 
14:36:04.244 INFO  Lavalink node: lavalink.scpcl.site has connected. 
14:36:30.068 INFO  MongoDB successfully connected 
14:36:30.535 INFO  Shard: 0 has became ready 
14:36:30.579 INFO  All guilds have been initialized. 
14:36:30.768 INFO  -=-=-=-=-=-=-=-=-=-=-=-=-=-=-=-=-=-=-=-=-=-=-=-=-=-=-=-= 
14:36:30.769 INFO  Void Music 2#3539, ready to serve [5] users in [3] servers. 
14:36:30.769 INFO  -=-=-=-=-=-=-=-=-=-=-=-=-=-=-=-=-=-=-=-=-=-=-=-=-=-=-=-= 
14:36:31.215 INFO  Lavalink node: lavalink.scpcl.site has connected. 
14:37:11.252 INFO  MongoDB successfully connected 
14:37:11.707 INFO  Shard: 0 has became ready 
14:37:11.750 INFO  All guilds have been initialized. 
14:37:11.874 INFO  -=-=-=-=-=-=-=-=-=-=-=-=-=-=-=-=-=-=-=-=-=-=-=-=-=-=-=-= 
14:37:11.874 INFO  Void Music 2#3539, ready to serve [5] users in [3] servers. 
14:37:11.874 INFO  -=-=-=-=-=-=-=-=-=-=-=-=-=-=-=-=-=-=-=-=-=-=-=-=-=-=-=-= 
14:37:12.587 INFO  Lavalink node: lavalink.scpcl.site has connected. 
14:39:20.422 INFO  MongoDB successfully connected 
14:39:20.805 INFO  Shard: 0 has became ready 
14:39:20.855 INFO  All guilds have been initialized. 
14:39:20.976 INFO  -=-=-=-=-=-=-=-=-=-=-=-=-=-=-=-=-=-=-=-=-=-=-=-=-=-=-=-= 
14:39:20.977 INFO  Void Music 2#3539, ready to serve [5] users in [3] servers. 
14:39:20.977 INFO  -=-=-=-=-=-=-=-=-=-=-=-=-=-=-=-=-=-=-=-=-=-=-=-=-=-=-=-= 
14:39:21.450 INFO  Lavalink node: lavalink.scpcl.site has connected. 
14:39:42.253 INFO  MongoDB successfully connected 
14:39:42.881 INFO  Shard: 0 has became ready 
14:39:42.930 INFO  All guilds have been initialized. 
14:39:43.050 INFO  -=-=-=-=-=-=-=-=-=-=-=-=-=-=-=-=-=-=-=-=-=-=-=-=-=-=-=-= 
14:39:43.051 INFO  Void Music 2#3539, ready to serve [5] users in [3] servers. 
14:39:43.051 INFO  -=-=-=-=-=-=-=-=-=-=-=-=-=-=-=-=-=-=-=-=-=-=-=-=-=-=-=-= 
14:39:43.375 INFO  Lavalink node: lavalink.scpcl.site has connected. 
15:11:50.390 ERROR Failed to load Event: ready error: await is only valid in async functions and the top level bodies of modules 
15:11:50.724 INFO  MongoDB successfully connected 
15:11:51.059 INFO  Shard: 0 has became ready 
15:12:22.370 INFO  MongoDB successfully connected 
15:12:22.734 INFO  Shard: 0 has became ready 
15:12:22.780 INFO  All guilds have been initialized. 
15:12:22.900 ERROR Unhandled promise rejection: dayjs is not defined. 
15:12:23.593 INFO  Lavalink node: lavalink.scpcl.site has connected. 
15:12:32.586 INFO  MongoDB successfully connected 
15:12:33.004 INFO  Shard: 0 has became ready 
15:12:33.062 INFO  All guilds have been initialized. 
15:12:33.194 ERROR Unhandled promise rejection: day.duration is not a function. 
15:12:33.518 INFO  Lavalink node: lavalink.scpcl.site has connected. 
15:13:47.108 INFO  MongoDB successfully connected 
15:13:47.324 INFO  Shard: 0 has became ready 
15:13:47.372 INFO  All guilds have been initialized. 
15:13:47.484 ERROR Unhandled promise rejection: dayjs.duration is not a function. 
15:13:47.948 INFO  Lavalink node: lavalink.scpcl.site has connected. 
15:14:52.710 INFO  MongoDB successfully connected 
15:14:53.025 INFO  Shard: 0 has became ready 
15:14:53.070 INFO  All guilds have been initialized. 
15:14:53.201 INFO  -=-=-=-=-=-=-=-=-=-=-=-=-=-=-=-=-=-=-=-=-=-=-=-=-=-=-=-= 
15:14:53.202 INFO  Void Music 2#3539, ready to serve [5] users in [3] servers. 
15:14:53.202 INFO  -=-=-=-=-=-=-=-=-=-=-=-=-=-=-=-=-=-=-=-=-=-=-=-=-=-=-=-= 
15:14:53.943 INFO  Lavalink node: lavalink.scpcl.site has connected. 
15:15:21.070 INFO  MongoDB successfully connected 
15:15:21.390 INFO  Shard: 0 has became ready 
15:15:21.435 INFO  All guilds have been initialized. 
15:15:21.556 INFO  -=-=-=-=-=-=-=-=-=-=-=-=-=-=-=-=-=-=-=-=-=-=-=-=-=-=-=-= 
15:15:21.557 INFO  Void Music 2#3539, ready to serve [5] users in [3] servers. 
15:15:21.557 INFO  -=-=-=-=-=-=-=-=-=-=-=-=-=-=-=-=-=-=-=-=-=-=-=-=-=-=-=-= 
15:15:22.094 INFO  Lavalink node: lavalink.scpcl.site has connected. 
15:15:42.530 INFO  MongoDB successfully connected 
15:15:42.929 INFO  Shard: 0 has became ready 
15:15:42.972 INFO  All guilds have been initialized. 
15:15:43.101 INFO  -=-=-=-=-=-=-=-=-=-=-=-=-=-=-=-=-=-=-=-=-=-=-=-=-=-=-=-= 
15:15:43.101 INFO  Void Music 2#3539, ready to serve [5] users in [3] servers. 
15:15:43.102 INFO  -=-=-=-=-=-=-=-=-=-=-=-=-=-=-=-=-=-=-=-=-=-=-=-=-=-=-=-= 
15:15:43.459 INFO  Lavalink node: lavalink.scpcl.site has connected. 
15:16:07.971 INFO  MongoDB successfully connected 
15:16:08.456 INFO  Shard: 0 has became ready 
15:16:08.501 INFO  All guilds have been initialized. 
15:16:08.635 INFO  -=-=-=-=-=-=-=-=-=-=-=-=-=-=-=-=-=-=-=-=-=-=-=-=-=-=-=-= 
15:16:08.636 INFO  Void Music 2#3539, ready to serve [5] users in [3] servers. 
15:16:08.636 INFO  -=-=-=-=-=-=-=-=-=-=-=-=-=-=-=-=-=-=-=-=-=-=-=-=-=-=-=-= 
15:16:09.480 INFO  Lavalink node: lavalink.scpcl.site has connected. 
15:16:18.985 INFO  MongoDB successfully connected 
15:16:19.363 INFO  Shard: 0 has became ready 
15:16:19.414 INFO  All guilds have been initialized. 
15:16:19.538 INFO  -=-=-=-=-=-=-=-=-=-=-=-=-=-=-=-=-=-=-=-=-=-=-=-=-=-=-=-= 
15:16:19.539 INFO  Void Music 2#3539, ready to serve [5] users in [3] servers. 
15:16:19.539 INFO  -=-=-=-=-=-=-=-=-=-=-=-=-=-=-=-=-=-=-=-=-=-=-=-=-=-=-=-= 
15:16:20.270 INFO  Lavalink node: lavalink.scpcl.site has connected. 
15:18:32.960 INFO  MongoDB successfully connected 
15:18:33.247 INFO  Shard: 0 has became ready 
15:18:33.292 INFO  All guilds have been initialized. 
15:18:33.416 INFO  -=-=-=-=-=-=-=-=-=-=-=-=-=-=-=-=-=-=-=-=-=-=-=-=-=-=-=-= 
15:18:33.417 INFO  Void Music 2#3539, ready to serve [5] users in [3] servers. 
15:18:33.417 INFO  -=-=-=-=-=-=-=-=-=-=-=-=-=-=-=-=-=-=-=-=-=-=-=-=-=-=-=-= 
15:18:33.790 INFO  Lavalink node: lavalink.scpcl.site has connected. 
15:18:49.848 INFO  MongoDB successfully connected 
15:18:50.185 INFO  Shard: 0 has became ready 
15:18:50.234 INFO  All guilds have been initialized. 
15:18:50.359 INFO  -=-=-=-=-=-=-=-=-=-=-=-=-=-=-=-=-=-=-=-=-=-=-=-=-=-=-=-= 
15:18:50.359 INFO  Void Music 2#3539, ready to serve [5] users in [3] servers. 
15:18:50.359 INFO  -=-=-=-=-=-=-=-=-=-=-=-=-=-=-=-=-=-=-=-=-=-=-=-=-=-=-=-= 
15:18:50.701 INFO  Lavalink node: lavalink.scpcl.site has connected. 
15:20:47.325 INFO  MongoDB successfully connected 
15:20:47.529 INFO  Shard: 0 has became ready 
15:20:47.583 INFO  All guilds have been initialized. 
15:20:47.706 INFO  -=-=-=-=-=-=-=-=-=-=-=-=-=-=-=-=-=-=-=-=-=-=-=-=-=-=-=-= 
15:20:47.706 INFO  Void Music 2#3539, ready to serve [5] users in [3] servers. 
15:20:47.707 INFO  -=-=-=-=-=-=-=-=-=-=-=-=-=-=-=-=-=-=-=-=-=-=-=-=-=-=-=-= 
15:20:53.109 INFO  MongoDB successfully connected 
15:20:53.521 INFO  Shard: 0 has became ready 
15:20:53.570 INFO  All guilds have been initialized. 
15:20:53.705 INFO  -=-=-=-=-=-=-=-=-=-=-=-=-=-=-=-=-=-=-=-=-=-=-=-=-=-=-=-= 
15:20:53.705 INFO  Void Music 2#3539, ready to serve [5] users in [3] servers. 
15:20:53.705 INFO  -=-=-=-=-=-=-=-=-=-=-=-=-=-=-=-=-=-=-=-=-=-=-=-=-=-=-=-= 
15:20:53.844 INFO  Lavalink node: lavalink.scpcl.site has connected. 
15:25:24.767 INFO  MongoDB successfully connected 
15:25:25.271 INFO  Shard: 0 has became ready 
15:25:25.315 INFO  All guilds have been initialized. 
15:25:25.441 INFO  -=-=-=-=-=-=-=-=-=-=-=-=-=-=-=-=-=-=-=-=-=-=-=-=-=-=-=-= 
15:25:25.441 INFO  Void Music 2#3539, ready to serve [5] users in [3] servers. 
15:25:25.441 INFO  -=-=-=-=-=-=-=-=-=-=-=-=-=-=-=-=-=-=-=-=-=-=-=-=-=-=-=-= 
15:25:25.999 INFO  Lavalink node: lavalink.scpcl.site has connected. 
15:26:15.805 INFO  MongoDB successfully connected 
15:26:16.117 INFO  Shard: 0 has became ready 
15:26:16.168 INFO  All guilds have been initialized. 
15:26:16.291 INFO  -=-=-=-=-=-=-=-=-=-=-=-=-=-=-=-=-=-=-=-=-=-=-=-=-=-=-=-= 
15:26:16.292 INFO  Void Music 2#3539, ready to serve [5] users in [3] servers. 
15:26:16.292 INFO  -=-=-=-=-=-=-=-=-=-=-=-=-=-=-=-=-=-=-=-=-=-=-=-=-=-=-=-= 
15:26:16.750 INFO  Lavalink node: lavalink.scpcl.site has connected. 
15:26:30.514 INFO  MongoDB successfully connected 
15:26:30.829 INFO  Shard: 0 has became ready 
15:26:30.871 INFO  All guilds have been initialized. 
15:26:30.998 INFO  -=-=-=-=-=-=-=-=-=-=-=-=-=-=-=-=-=-=-=-=-=-=-=-=-=-=-=-= 
15:26:30.998 INFO  Void Music 2#3539, ready to serve [5] users in [3] servers. 
15:26:30.998 INFO  -=-=-=-=-=-=-=-=-=-=-=-=-=-=-=-=-=-=-=-=-=-=-=-=-=-=-=-= 
15:27:32.504 INFO  MongoDB successfully connected 
15:27:32.818 INFO  Shard: 0 has became ready 
15:27:32.864 INFO  All guilds have been initialized. 
15:27:33.000 INFO  -=-=-=-=-=-=-=-=-=-=-=-=-=-=-=-=-=-=-=-=-=-=-=-=-=-=-=-= 
15:27:33.001 INFO  Void Music 2#3539, ready to serve [5] users in [3] servers. 
15:27:33.001 INFO  -=-=-=-=-=-=-=-=-=-=-=-=-=-=-=-=-=-=-=-=-=-=-=-=-=-=-=-= 
15:27:33.459 INFO  Lavalink node: lavalink.scpcl.site has connected. 
15:28:18.602 INFO  MongoDB successfully connected 
15:28:18.962 INFO  Shard: 0 has became ready 
15:28:19.014 INFO  All guilds have been initialized. 
15:28:19.154 INFO  -=-=-=-=-=-=-=-=-=-=-=-=-=-=-=-=-=-=-=-=-=-=-=-=-=-=-=-= 
15:28:19.154 INFO  Void Music 2#3539, ready to serve [5] users in [3] servers. 
15:28:19.155 INFO  -=-=-=-=-=-=-=-=-=-=-=-=-=-=-=-=-=-=-=-=-=-=-=-=-=-=-=-= 
15:28:19.593 INFO  Lavalink node: lavalink.scpcl.site has connected. 
15:28:31.050 INFO  MongoDB successfully connected 
15:28:31.365 INFO  Shard: 0 has became ready 
15:28:31.416 INFO  All guilds have been initialized. 
15:28:31.543 INFO  -=-=-=-=-=-=-=-=-=-=-=-=-=-=-=-=-=-=-=-=-=-=-=-=-=-=-=-= 
15:28:31.543 INFO  Void Music 2#3539, ready to serve [5] users in [3] servers. 
15:28:31.543 INFO  -=-=-=-=-=-=-=-=-=-=-=-=-=-=-=-=-=-=-=-=-=-=-=-=-=-=-=-= 
15:28:32.044 INFO  Lavalink node: lavalink.scpcl.site has connected. 
15:32:59.022 INFO  MongoDB successfully connected 
15:32:59.402 INFO  Shard: 0 has became ready 
15:32:59.456 INFO  All guilds have been initialized. 
15:32:59.574 INFO  -=-=-=-=-=-=-=-=-=-=-=-=-=-=-=-=-=-=-=-=-=-=-=-=-=-=-=-= 
15:32:59.574 INFO  Void Music 2#3539, ready to serve [5] users in [3] servers. 
15:32:59.575 INFO  -=-=-=-=-=-=-=-=-=-=-=-=-=-=-=-=-=-=-=-=-=-=-=-=-=-=-=-= 
15:33:00.068 INFO  Lavalink node: lavalink.scpcl.site has connected. 
15:35:07.697 INFO  MongoDB successfully connected 
15:35:08.374 INFO  Shard: 0 has became ready 
15:35:08.424 INFO  All guilds have been initialized. 
15:35:08.554 INFO  -=-=-=-=-=-=-=-=-=-=-=-=-=-=-=-=-=-=-=-=-=-=-=-=-=-=-=-= 
15:35:08.554 INFO  Void Music 2#3539, ready to serve [5] users in [3] servers. 
15:35:08.555 INFO  -=-=-=-=-=-=-=-=-=-=-=-=-=-=-=-=-=-=-=-=-=-=-=-=-=-=-=-= 
15:35:09.012 INFO  Lavalink node: lavalink.scpcl.site has connected. 
15:42:50.621 INFO  MongoDB successfully connected 
15:42:50.899 INFO  Shard: 0 has became ready 
15:42:50.955 INFO  All guilds have been initialized. 
15:42:51.075 INFO  -=-=-=-=-=-=-=-=-=-=-=-=-=-=-=-=-=-=-=-=-=-=-=-=-=-=-=-= 
15:42:51.075 INFO  Void Music 2#3539, ready to serve [5] users in [3] servers. 
15:42:51.075 INFO  -=-=-=-=-=-=-=-=-=-=-=-=-=-=-=-=-=-=-=-=-=-=-=-=-=-=-=-= 
15:42:51.487 INFO  Lavalink node: lavalink.scpcl.site has connected. 
15:44:33.803 INFO  MongoDB successfully connected 
15:44:34.108 INFO  Shard: 0 has became ready 
15:44:34.157 INFO  All guilds have been initialized. 
15:44:34.280 INFO  -=-=-=-=-=-=-=-=-=-=-=-=-=-=-=-=-=-=-=-=-=-=-=-=-=-=-=-= 
15:44:34.281 INFO  Void Music 2#3539, ready to serve [5] users in [3] servers. 
15:44:34.281 INFO  -=-=-=-=-=-=-=-=-=-=-=-=-=-=-=-=-=-=-=-=-=-=-=-=-=-=-=-= 
15:44:35.141 INFO  Lavalink node: lavalink.scpcl.site has connected. 
15:51:29.538 INFO  MongoDB successfully connected 
15:51:29.968 INFO  Shard: 0 has became ready 
15:51:30.022 INFO  All guilds have been initialized. 
15:51:30.131 INFO  -=-=-=-=-=-=-=-=-=-=-=-=-=-=-=-=-=-=-=-=-=-=-=-=-=-=-=-= 
15:51:30.132 INFO  Void Music 2#3539, ready to serve [6] users in [3] servers. 
15:51:30.132 INFO  -=-=-=-=-=-=-=-=-=-=-=-=-=-=-=-=-=-=-=-=-=-=-=-=-=-=-=-= 
15:51:30.603 INFO  Lavalink node: lavalink.scpcl.site has connected. 
16:06:30.143 ERROR Unhandled promise rejection: user is not defined. 
16:12:30.892 INFO  MongoDB successfully connected 
16:12:31.325 INFO  Shard: 0 has became ready 
16:12:31.380 INFO  All guilds have been initialized. 
16:12:31.500 INFO  -=-=-=-=-=-=-=-=-=-=-=-=-=-=-=-=-=-=-=-=-=-=-=-=-=-=-=-= 
16:12:31.500 INFO  Void Music 2#3539, ready to serve [6] users in [3] servers. 
16:12:31.500 INFO  -=-=-=-=-=-=-=-=-=-=-=-=-=-=-=-=-=-=-=-=-=-=-=-=-=-=-=-= 
16:12:32.022 INFO  Lavalink node: lavalink.scpcl.site has connected. 
18:56:54.120 INFO  MongoDB successfully connected 
18:56:54.412 INFO  Shard: 0 has became ready 
18:56:54.462 INFO  All guilds have been initialized. 
18:56:54.586 INFO  -=-=-=-=-=-=-=-=-=-=-=-=-=-=-=-=-=-=-=-=-=-=-=-=-=-=-=-= 
18:56:54.586 INFO  Void Music 2#3539, ready to serve [5] users in [3] servers. 
18:56:54.586 INFO  -=-=-=-=-=-=-=-=-=-=-=-=-=-=-=-=-=-=-=-=-=-=-=-=-=-=-=-= 
18:56:55.054 INFO  Lavalink node: lavalink.scpcl.site has connected. 
18:57:24.911 INFO  MongoDB successfully connected 
18:57:25.419 INFO  Shard: 0 has became ready 
18:57:25.461 INFO  All guilds have been initialized. 
18:57:25.583 INFO  -=-=-=-=-=-=-=-=-=-=-=-=-=-=-=-=-=-=-=-=-=-=-=-=-=-=-=-= 
18:57:25.584 INFO  Void Music 2#3539, ready to serve [5] users in [3] servers. 
18:57:25.584 INFO  -=-=-=-=-=-=-=-=-=-=-=-=-=-=-=-=-=-=-=-=-=-=-=-=-=-=-=-= 
18:57:26.036 INFO  Lavalink node: lavalink.scpcl.site has connected. 
18:57:27.754 ERROR  
18:57:58.541 ERROR  
18:58:15.390 INFO  MongoDB successfully connected 
18:58:15.703 INFO  Shard: 0 has became ready 
18:58:15.751 INFO  All guilds have been initialized. 
18:58:15.880 INFO  -=-=-=-=-=-=-=-=-=-=-=-=-=-=-=-=-=-=-=-=-=-=-=-=-=-=-=-= 
18:58:15.880 INFO  Void Music 2#3539, ready to serve [5] users in [3] servers. 
18:58:15.881 INFO  -=-=-=-=-=-=-=-=-=-=-=-=-=-=-=-=-=-=-=-=-=-=-=-=-=-=-=-= 
18:58:16.023 INFO  Lavalink node: lavalink.scpcl.site has connected. 
18:58:16.951 ERROR  
18:58:33.239 INFO  MongoDB successfully connected 
18:58:33.590 INFO  Shard: 0 has became ready 
18:58:33.636 INFO  All guilds have been initialized. 
18:58:33.759 INFO  -=-=-=-=-=-=-=-=-=-=-=-=-=-=-=-=-=-=-=-=-=-=-=-=-=-=-=-= 
18:58:33.760 INFO  Void Music 2#3539, ready to serve [5] users in [3] servers. 
18:58:33.760 INFO  -=-=-=-=-=-=-=-=-=-=-=-=-=-=-=-=-=-=-=-=-=-=-=-=-=-=-=-= 
18:58:34.600 INFO  Lavalink node: lavalink.scpcl.site has connected. 
18:58:35.930 ERROR  
18:58:56.057 INFO  MongoDB successfully connected 
18:58:56.453 INFO  Shard: 0 has became ready 
18:58:56.492 INFO  All guilds have been initialized. 
18:58:56.620 INFO  -=-=-=-=-=-=-=-=-=-=-=-=-=-=-=-=-=-=-=-=-=-=-=-=-=-=-=-= 
18:58:56.620 INFO  Void Music 2#3539, ready to serve [5] users in [3] servers. 
18:58:56.621 INFO  -=-=-=-=-=-=-=-=-=-=-=-=-=-=-=-=-=-=-=-=-=-=-=-=-=-=-=-= 
18:58:56.793 INFO  Lavalink node: lavalink.scpcl.site has connected. 
18:58:57.844 ERROR  
19:13:16.088 INFO  MongoDB successfully connected 
19:13:16.423 INFO  Shard: 0 has became ready 
19:13:16.466 INFO  All guilds have been initialized. 
19:13:16.610 INFO  -=-=-=-=-=-=-=-=-=-=-=-=-=-=-=-=-=-=-=-=-=-=-=-=-=-=-=-= 
19:13:16.610 INFO  Void Music 2#3539, ready to serve [5] users in [3] servers. 
19:13:16.611 INFO  -=-=-=-=-=-=-=-=-=-=-=-=-=-=-=-=-=-=-=-=-=-=-=-=-=-=-=-= 
19:13:17.082 INFO  Lavalink node: lavalink.scpcl.site has connected. 
19:13:32.133 INFO  Shard: 0 has became ready 
19:13:32.300 INFO  MongoDB successfully connected 
19:13:32.723 INFO  All guilds have been initialized. 
19:13:32.789 INFO  Lavalink node: lavalink.scpcl.site has connected. 
19:13:32.847 INFO  -=-=-=-=-=-=-=-=-=-=-=-=-=-=-=-=-=-=-=-=-=-=-=-=-=-=-=-= 
19:13:32.847 INFO  Void Music 2#3539, ready to serve [5] users in [3] servers. 
19:13:32.848 INFO  -=-=-=-=-=-=-=-=-=-=-=-=-=-=-=-=-=-=-=-=-=-=-=-=-=-=-=-= 
19:14:09.201 INFO  MongoDB successfully connected 
19:14:09.584 INFO  Shard: 0 has became ready 
19:14:09.642 INFO  All guilds have been initialized. 
19:14:09.775 INFO  -=-=-=-=-=-=-=-=-=-=-=-=-=-=-=-=-=-=-=-=-=-=-=-=-=-=-=-= 
19:14:09.776 INFO  Void Music 2#3539, ready to serve [5] users in [3] servers. 
19:14:09.776 INFO  -=-=-=-=-=-=-=-=-=-=-=-=-=-=-=-=-=-=-=-=-=-=-=-=-=-=-=-= 
19:14:09.938 INFO  Lavalink node: lavalink.scpcl.site has connected. 
19:14:13.016 ERROR  
19:14:41.548 INFO  MongoDB successfully connected 
19:14:41.925 INFO  Shard: 0 has became ready 
19:14:41.980 INFO  All guilds have been initialized. 
19:14:42.095 INFO  -=-=-=-=-=-=-=-=-=-=-=-=-=-=-=-=-=-=-=-=-=-=-=-=-=-=-=-= 
19:14:42.095 INFO  Void Music 2#3539, ready to serve [5] users in [3] servers. 
19:14:42.096 INFO  -=-=-=-=-=-=-=-=-=-=-=-=-=-=-=-=-=-=-=-=-=-=-=-=-=-=-=-= 
19:14:42.574 INFO  Lavalink node: lavalink.scpcl.site has connected. 
19:14:44.812 ERROR  
19:44:03.463 INFO  MongoDB successfully connected 
19:44:03.682 INFO  Shard: 0 has became ready 
19:44:03.730 INFO  All guilds have been initialized. 
19:44:03.856 INFO  -=-=-=-=-=-=-=-=-=-=-=-=-=-=-=-=-=-=-=-=-=-=-=-=-=-=-=-= 
19:44:03.857 INFO  Void Music 2#3539, ready to serve [5] users in [3] servers. 
19:44:03.857 INFO  -=-=-=-=-=-=-=-=-=-=-=-=-=-=-=-=-=-=-=-=-=-=-=-=-=-=-=-= 
19:44:04.236 INFO  Lavalink node: lavalink.scpcl.site has connected. 
19:44:05.752 ERROR  
19:44:08.653 ERROR  
19:45:04.950 INFO  MongoDB successfully connected 
19:45:05.272 INFO  Shard: 0 has became ready 
19:45:05.324 INFO  All guilds have been initialized. 
19:45:05.449 INFO  -=-=-=-=-=-=-=-=-=-=-=-=-=-=-=-=-=-=-=-=-=-=-=-=-=-=-=-= 
19:45:05.450 INFO  Void Music 2#3539, ready to serve [5] users in [3] servers. 
19:45:05.450 INFO  -=-=-=-=-=-=-=-=-=-=-=-=-=-=-=-=-=-=-=-=-=-=-=-=-=-=-=-= 
19:45:05.804 INFO  Lavalink node: lavalink.scpcl.site has connected. 
19:45:08.274 ERROR  
19:45:13.419 ERROR  
19:50:37.630 INFO  MongoDB successfully connected 
19:50:37.969 INFO  Shard: 0 has became ready 
19:50:38.009 INFO  All guilds have been initialized. 
19:50:38.123 INFO  -=-=-=-=-=-=-=-=-=-=-=-=-=-=-=-=-=-=-=-=-=-=-=-=-=-=-=-= 
19:50:38.124 INFO  Void Music 2#3539, ready to serve [5] users in [3] servers. 
19:50:38.124 INFO  -=-=-=-=-=-=-=-=-=-=-=-=-=-=-=-=-=-=-=-=-=-=-=-=-=-=-=-= 
19:50:38.598 INFO  Lavalink node: lavalink.scpcl.site has connected. 
19:50:41.444 ERROR  
19:52:30.930 INFO  MongoDB successfully connected 
19:52:31.189 INFO  Shard: 0 has became ready 
19:52:31.238 INFO  All guilds have been initialized. 
19:52:31.358 INFO  -=-=-=-=-=-=-=-=-=-=-=-=-=-=-=-=-=-=-=-=-=-=-=-=-=-=-=-= 
19:52:31.359 INFO  Void Music 2#3539, ready to serve [5] users in [3] servers. 
19:52:31.359 INFO  -=-=-=-=-=-=-=-=-=-=-=-=-=-=-=-=-=-=-=-=-=-=-=-=-=-=-=-= 
19:52:31.720 INFO  Lavalink node: lavalink.scpcl.site has connected. 
19:52:32.346 ERROR Error searching for songs TypeError: Cannot read properties of null (reading 'id') 
19:54:05.468 INFO  MongoDB successfully connected 
19:54:05.875 INFO  Shard: 0 has became ready 
19:54:05.927 INFO  All guilds have been initialized. 
19:54:06.049 INFO  -=-=-=-=-=-=-=-=-=-=-=-=-=-=-=-=-=-=-=-=-=-=-=-=-=-=-=-= 
19:54:06.050 INFO  Void Music 2#3539, ready to serve [5] users in [3] servers. 
19:54:06.050 INFO  -=-=-=-=-=-=-=-=-=-=-=-=-=-=-=-=-=-=-=-=-=-=-=-=-=-=-=-= 
19:54:06.406 INFO  Lavalink node: lavalink.scpcl.site has connected. 
19:54:07.442 ERROR Error searching for songs TypeError: Cannot read properties of null (reading 'id') 
19:55:12.808 ERROR Error searching for songs TypeError: Cannot read properties of null (reading 'id') 
19:59:50.709 INFO  MongoDB successfully connected 
19:59:50.974 INFO  Shard: 0 has became ready 
19:59:51.020 INFO  All guilds have been initialized. 
19:59:51.131 INFO  -=-=-=-=-=-=-=-=-=-=-=-=-=-=-=-=-=-=-=-=-=-=-=-=-=-=-=-= 
19:59:51.132 INFO  Void Music 2#3539, ready to serve [5] users in [3] servers. 
19:59:51.132 INFO  -=-=-=-=-=-=-=-=-=-=-=-=-=-=-=-=-=-=-=-=-=-=-=-=-=-=-=-= 
19:59:51.661 INFO  Lavalink node: lavalink.scpcl.site has connected. 
19:59:53.417 ERROR Unhandled promise rejection: interaction is not defined. 
20:00:15.106 INFO  MongoDB successfully connected 
20:00:15.829 INFO  Shard: 0 has became ready 
20:00:15.888 INFO  All guilds have been initialized. 
20:00:16.021 INFO  -=-=-=-=-=-=-=-=-=-=-=-=-=-=-=-=-=-=-=-=-=-=-=-=-=-=-=-= 
20:00:16.022 INFO  Void Music 2#3539, ready to serve [5] users in [3] servers. 
20:00:16.022 INFO  -=-=-=-=-=-=-=-=-=-=-=-=-=-=-=-=-=-=-=-=-=-=-=-=-=-=-=-= 
20:00:16.504 INFO  Lavalink node: lavalink.scpcl.site has connected. 
20:00:17.780 ERROR Unhandled promise rejection: Cannot read properties of undefined (reading 'id'). 
20:00:58.163 INFO  MongoDB successfully connected 
20:00:58.386 INFO  Shard: 0 has became ready 
20:00:58.436 INFO  All guilds have been initialized. 
20:00:58.562 INFO  -=-=-=-=-=-=-=-=-=-=-=-=-=-=-=-=-=-=-=-=-=-=-=-=-=-=-=-= 
20:00:58.563 INFO  Void Music 2#3539, ready to serve [5] users in [3] servers. 
20:00:58.563 INFO  -=-=-=-=-=-=-=-=-=-=-=-=-=-=-=-=-=-=-=-=-=-=-=-=-=-=-=-= 
20:01:04.752 INFO  MongoDB successfully connected 
20:01:05.036 INFO  Shard: 0 has became ready 
20:01:05.085 INFO  All guilds have been initialized. 
20:01:05.196 INFO  -=-=-=-=-=-=-=-=-=-=-=-=-=-=-=-=-=-=-=-=-=-=-=-=-=-=-=-= 
20:01:05.196 INFO  Void Music 2#3539, ready to serve [5] users in [3] servers. 
20:01:05.197 INFO  -=-=-=-=-=-=-=-=-=-=-=-=-=-=-=-=-=-=-=-=-=-=-=-=-=-=-=-= 
20:01:05.678 INFO  Lavalink node: lavalink.scpcl.site has connected. 
20:01:07.671 ERROR Unhandled promise rejection: Cannot read properties of undefined (reading 'id'). 
20:01:35.935 INFO  MongoDB successfully connected 
20:01:36.210 INFO  Shard: 0 has became ready 
20:01:36.264 INFO  All guilds have been initialized. 
20:01:36.389 INFO  -=-=-=-=-=-=-=-=-=-=-=-=-=-=-=-=-=-=-=-=-=-=-=-=-=-=-=-= 
20:01:36.390 INFO  Void Music 2#3539, ready to serve [5] users in [3] servers. 
20:01:36.390 INFO  -=-=-=-=-=-=-=-=-=-=-=-=-=-=-=-=-=-=-=-=-=-=-=-=-=-=-=-= 
20:01:36.536 INFO  Lavalink node: lavalink.scpcl.site has connected. 
20:01:45.090 ERROR Unhandled promise rejection: player is not defined. 
20:02:47.363 INFO  MongoDB successfully connected 
20:02:47.812 INFO  Shard: 0 has became ready 
20:02:47.864 INFO  All guilds have been initialized. 
20:02:47.991 INFO  -=-=-=-=-=-=-=-=-=-=-=-=-=-=-=-=-=-=-=-=-=-=-=-=-=-=-=-= 
20:02:47.992 INFO  Void Music 2#3539, ready to serve [5] users in [3] servers. 
20:02:47.992 INFO  -=-=-=-=-=-=-=-=-=-=-=-=-=-=-=-=-=-=-=-=-=-=-=-=-=-=-=-= 
20:02:48.342 INFO  Lavalink node: lavalink.scpcl.site has connected. 
