00:10:47.210 INFO  1 language(s) have loaded. (en-US) 
00:10:47.513 INFO  MongoDB successfully connected 
00:10:47.953 INFO  Shard: 0 has became ready 
00:10:47.994 INFO  Lavalink node: 0.0.0.0 has connected. 
00:10:48.013 INFO  All guilds have been initialized 
00:10:48.130 INFO  -=-=-=-=-=-=-=-=-=-=-=-=-=-=-=-=-=-=-=-=-=-=-=-=-=-=-=-= 
00:10:48.131 INFO  Void Music 2#3539, ready to serve [6] users in [3] servers 
00:10:48.131 INFO  -=-=-=-=-=-=-=-=-=-=-=-=-=-=-=-=-=-=-=-=-=-=-=-=-=-=-=-= 
00:11:02.471 ERROR Missing Permissions
{"name":"DiscordAPIError","message":"Missing Permissions","method":"patch","path":"/guilds/823543363688464455/members/945474723846950944","code":50013,"httpStatus":403,"requestData":{"json":{"deaf":true},"files":[]}}
DiscordAPIError: Missing Permissions
    at RequestHandler.execute (D:\Bots\Discord Bots\Void Music\Void Music 2\node_modules\discord.js\src\rest\RequestHandler.js:350:13)
    at processTicksAndRejections (node:internal/process/task_queues:96:5)
    at async RequestHandler.push (D:\Bots\Discord Bots\Void Music\Void Music 2\node_modules\discord.js\src\rest\RequestHandler.js:51:14)
    at async GuildMemberManager.edit (D:\Bots\Discord Bots\Void Music\Void Music 2\node_modules\discord.js\src\managers\GuildMemberManager.js:279:15) 
00:12:30.234 INFO  1 language(s) have loaded. (en-US) 
00:12:30.596 INFO  MongoDB successfully connected 
00:12:30.994 INFO  Shard: 0 has became ready 
00:12:31.024 INFO  Lavalink node: 0.0.0.0 has connected. 
00:12:31.051 INFO  All guilds have been initialized 
00:12:31.178 INFO  -=-=-=-=-=-=-=-=-=-=-=-=-=-=-=-=-=-=-=-=-=-=-=-=-=-=-=-= 
00:12:31.178 INFO  Void Music 2#3539, ready to serve [6] users in [3] servers 
00:12:31.178 INFO  -=-=-=-=-=-=-=-=-=-=-=-=-=-=-=-=-=-=-=-=-=-=-=-=-=-=-=-= 
00:12:32.783 ERROR Missing Permissions
{"name":"DiscordAPIError","message":"Missing Permissions","method":"patch","path":"/guilds/823543363688464455/members/945474723846950944","code":50013,"httpStatus":403,"requestData":{"json":{"deaf":true},"files":[]}}
DiscordAPIError: Missing Permissions
    at RequestHandler.execute (D:\Bots\Discord Bots\Void Music\Void Music 2\node_modules\discord.js\src\rest\RequestHandler.js:350:13)
    at processTicksAndRejections (node:internal/process/task_queues:96:5)
    at async RequestHandler.push (D:\Bots\Discord Bots\Void Music\Void Music 2\node_modules\discord.js\src\rest\RequestHandler.js:51:14)
    at async GuildMemberManager.edit (D:\Bots\Discord Bots\Void Music\Void Music 2\node_modules\discord.js\src\managers\GuildMemberManager.js:279:15) 
00:12:38.476 ERROR Unhandled promise rejection: Missing Permissions. 
00:12:52.797 ERROR Unhandled promise rejection: Missing Permissions. 
00:13:35.812 INFO  1 language(s) have loaded. (en-US) 
00:13:36.091 INFO  MongoDB successfully connected 
00:13:36.520 INFO  Shard: 0 has became ready 
00:13:36.556 INFO  Lavalink node: 0.0.0.0 has connected. 
00:13:36.574 INFO  All guilds have been initialized 
00:13:36.692 INFO  -=-=-=-=-=-=-=-=-=-=-=-=-=-=-=-=-=-=-=-=-=-=-=-=-=-=-=-= 
00:13:36.692 INFO  Void Music 2#3539, ready to serve [6] users in [3] servers 
00:13:36.693 INFO  -=-=-=-=-=-=-=-=-=-=-=-=-=-=-=-=-=-=-=-=-=-=-=-=-=-=-=-= 
00:13:38.536 ERROR Missing Permissions
{"name":"DiscordAPIError","message":"Missing Permissions","method":"patch","path":"/guilds/823543363688464455/members/945474723846950944","code":50013,"httpStatus":403,"requestData":{"json":{"deaf":true},"files":[]}}
DiscordAPIError: Missing Permissions
    at RequestHandler.execute (D:\Bots\Discord Bots\Void Music\Void Music 2\node_modules\discord.js\src\rest\RequestHandler.js:350:13)
    at processTicksAndRejections (node:internal/process/task_queues:96:5)
    at async RequestHandler.push (D:\Bots\Discord Bots\Void Music\Void Music 2\node_modules\discord.js\src\rest\RequestHandler.js:51:14)
    at async GuildMemberManager.edit (D:\Bots\Discord Bots\Void Music\Void Music 2\node_modules\discord.js\src\managers\GuildMemberManager.js:279:15) 
00:19:00.140 INFO  1 language(s) have loaded. (en-US) 
00:19:08.441 INFO  1 language(s) have loaded. (en-US) 
00:19:08.736 INFO  MongoDB successfully connected 
00:19:09.172 INFO  Shard: 0 has became ready 
00:19:09.202 INFO  Lavalink node: 0.0.0.0 has connected. 
00:19:09.223 INFO  All guilds have been initialized 
00:19:09.347 INFO  -=-=-=-=-=-=-=-=-=-=-=-=-=-=-=-=-=-=-=-=-=-=-=-=-=-=-=-= 
00:19:09.347 INFO  Void Music 2#3539, ready to serve [6] users in [3] servers 
00:19:09.348 INFO  -=-=-=-=-=-=-=-=-=-=-=-=-=-=-=-=-=-=-=-=-=-=-=-=-=-=-=-= 
00:19:21.451 ERROR Missing Permissions
{"name":"DiscordAPIError","message":"Missing Permissions","method":"patch","path":"/guilds/823543363688464455/members/945474723846950944","code":50013,"httpStatus":403,"requestData":{"json":{"deaf":true},"files":[]}}
DiscordAPIError: Missing Permissions
    at RequestHandler.execute (D:\Bots\Discord Bots\Void Music\Void Music 2\node_modules\discord.js\src\rest\RequestHandler.js:350:13)
    at processTicksAndRejections (node:internal/process/task_queues:96:5)
    at async RequestHandler.push (D:\Bots\Discord Bots\Void Music\Void Music 2\node_modules\discord.js\src\rest\RequestHandler.js:51:14)
    at async GuildMemberManager.edit (D:\Bots\Discord Bots\Void Music\Void Music 2\node_modules\discord.js\src\managers\GuildMemberManager.js:279:15) 
00:20:38.068 INFO  1 language(s) have loaded. (en-US) 
00:20:38.361 INFO  MongoDB successfully connected 
00:20:38.744 INFO  Shard: 0 has became ready 
00:20:38.769 INFO  Lavalink node: 0.0.0.0 has connected. 
00:20:38.790 INFO  All guilds have been initialized 
00:20:38.904 INFO  -=-=-=-=-=-=-=-=-=-=-=-=-=-=-=-=-=-=-=-=-=-=-=-=-=-=-=-= 
00:20:38.904 INFO  Void Music 2#3539, ready to serve [6] users in [3] servers 
00:20:38.905 INFO  -=-=-=-=-=-=-=-=-=-=-=-=-=-=-=-=-=-=-=-=-=-=-=-=-=-=-=-= 
00:20:41.641 ERROR Unhandled promise rejection: Cannot read properties of undefined (reading 'voiceChannel'). 
00:20:58.838 INFO  1 language(s) have loaded. (en-US) 
00:20:59.103 INFO  MongoDB successfully connected 
00:20:59.574 INFO  Shard: 0 has became ready 
00:20:59.611 INFO  Lavalink node: 0.0.0.0 has connected. 
00:20:59.632 INFO  All guilds have been initialized 
00:20:59.751 INFO  -=-=-=-=-=-=-=-=-=-=-=-=-=-=-=-=-=-=-=-=-=-=-=-=-=-=-=-= 
00:20:59.751 INFO  Void Music 2#3539, ready to serve [6] users in [3] servers 
00:20:59.751 INFO  -=-=-=-=-=-=-=-=-=-=-=-=-=-=-=-=-=-=-=-=-=-=-=-=-=-=-=-= 
00:21:41.236 INFO  1 language(s) have loaded. (en-US) 
00:21:41.551 INFO  MongoDB successfully connected 
00:21:41.884 INFO  Shard: 0 has became ready 
00:21:41.914 INFO  Lavalink node: 0.0.0.0 has connected. 
00:21:41.931 INFO  All guilds have been initialized 
00:21:42.051 INFO  -=-=-=-=-=-=-=-=-=-=-=-=-=-=-=-=-=-=-=-=-=-=-=-=-=-=-=-= 
00:21:42.052 INFO  Void Music 2#3539, ready to serve [6] users in [3] servers 
00:21:42.052 INFO  -=-=-=-=-=-=-=-=-=-=-=-=-=-=-=-=-=-=-=-=-=-=-=-=-=-=-=-= 
00:21:43.949 ERROR Missing Permissions
{"name":"DiscordAPIError","message":"Missing Permissions","method":"patch","path":"/guilds/823543363688464455/members/945474723846950944","code":50013,"httpStatus":403,"requestData":{"json":{"deaf":true},"files":[]}}
DiscordAPIError: Missing Permissions
    at RequestHandler.execute (D:\Bots\Discord Bots\Void Music\Void Music 2\node_modules\discord.js\src\rest\RequestHandler.js:350:13)
    at processTicksAndRejections (node:internal/process/task_queues:96:5)
    at async RequestHandler.push (D:\Bots\Discord Bots\Void Music\Void Music 2\node_modules\discord.js\src\rest\RequestHandler.js:51:14)
    at async GuildMemberManager.edit (D:\Bots\Discord Bots\Void Music\Void Music 2\node_modules\discord.js\src\managers\GuildMemberManager.js:279:15) 
00:22:56.547 ERROR Target user is not connected to voice.
{"name":"DiscordAPIError","message":"Target user is not connected to voice.","method":"patch","path":"/guilds/823543363688464455/members/945474723846950944","code":40032,"httpStatus":400,"requestData":{"json":{"deaf":true},"files":[]}}
DiscordAPIError: Target user is not connected to voice.
    at RequestHandler.execute (D:\Bots\Discord Bots\Void Music\Void Music 2\node_modules\discord.js\src\rest\RequestHandler.js:350:13)
    at processTicksAndRejections (node:internal/process/task_queues:96:5)
    at async RequestHandler.push (D:\Bots\Discord Bots\Void Music\Void Music 2\node_modules\discord.js\src\rest\RequestHandler.js:51:14)
    at async GuildMemberManager.edit (D:\Bots\Discord Bots\Void Music\Void Music 2\node_modules\discord.js\src\managers\GuildMemberManager.js:279:15) 
00:25:46.689 INFO  1 language(s) have loaded. (en-US) 
00:25:47.021 INFO  MongoDB successfully connected 
00:25:47.364 INFO  Shard: 0 has became ready 
00:25:47.392 INFO  Lavalink node: 0.0.0.0 has connected. 
00:25:47.410 INFO  All guilds have been initialized 
00:25:47.522 INFO  -=-=-=-=-=-=-=-=-=-=-=-=-=-=-=-=-=-=-=-=-=-=-=-=-=-=-=-= 
00:25:47.523 INFO  Void Music 2#3539, ready to serve [6] users in [3] servers 
00:25:47.523 INFO  -=-=-=-=-=-=-=-=-=-=-=-=-=-=-=-=-=-=-=-=-=-=-=-=-=-=-=-= 
00:26:12.361 ERROR Missing Permissions
{"name":"DiscordAPIError","message":"Missing Permissions","method":"patch","path":"/guilds/823543363688464455/members/945474723846950944","code":50013,"httpStatus":403,"requestData":{"json":{"deaf":true},"files":[]}}
DiscordAPIError: Missing Permissions
    at RequestHandler.execute (D:\Bots\Discord Bots\Void Music\Void Music 2\node_modules\discord.js\src\rest\RequestHandler.js:350:13)
    at processTicksAndRejections (node:internal/process/task_queues:96:5)
    at async RequestHandler.push (D:\Bots\Discord Bots\Void Music\Void Music 2\node_modules\discord.js\src\rest\RequestHandler.js:51:14)
    at async GuildMemberManager.edit (D:\Bots\Discord Bots\Void Music\Void Music 2\node_modules\discord.js\src\managers\GuildMemberManager.js:279:15) 
00:35:09.882 INFO  1 language(s) have loaded. (en-US) 
00:35:10.302 INFO  MongoDB successfully connected 
00:35:10.604 INFO  Shard: 0 has became ready 
00:35:10.636 INFO  Lavalink node: 0.0.0.0 has connected. 
00:35:10.666 INFO  All guilds have been initialized 
00:35:10.790 INFO  -=-=-=-=-=-=-=-=-=-=-=-=-=-=-=-=-=-=-=-=-=-=-=-=-=-=-=-= 
00:35:10.790 INFO  Void Music 2#3539, ready to serve [6] users in [3] servers 
00:35:10.791 INFO  -=-=-=-=-=-=-=-=-=-=-=-=-=-=-=-=-=-=-=-=-=-=-=-=-=-=-=-= 
00:35:27.355 ERROR Error on playerCreate: DiscordAPIError: Missing Permissions 
01:01:58.317 INFO  1 language(s) have loaded. (en-US) 
01:01:58.726 INFO  MongoDB successfully connected 
01:01:59.194 INFO  Shard: 0 has became ready 
01:01:59.229 INFO  Lavalink node: 0.0.0.0 has connected. 
01:01:59.257 INFO  All guilds have been initialized 
01:01:59.389 INFO  -=-=-=-=-=-=-=-=-=-=-=-=-=-=-=-=-=-=-=-=-=-=-=-=-=-=-=-= 
01:01:59.390 INFO  Void Music 2#3539, ready to serve [6] users in [3] servers 
01:01:59.390 INFO  -=-=-=-=-=-=-=-=-=-=-=-=-=-=-=-=-=-=-=-=-=-=-=-=-=-=-=-= 
01:02:09.346 ERROR trying to selfDeaf: 823543363688464455 | DiscordAPIError: Missing Permissions 
01:02:29.259 INFO  1 language(s) have loaded. (en-US) 
01:02:29.517 INFO  MongoDB successfully connected 
01:02:29.977 INFO  Shard: 0 has became ready 
01:02:30.013 INFO  Lavalink node: 0.0.0.0 has connected. 
01:02:30.035 INFO  All guilds have been initialized 
01:02:30.154 INFO  -=-=-=-=-=-=-=-=-=-=-=-=-=-=-=-=-=-=-=-=-=-=-=-=-=-=-=-= 
01:02:30.154 INFO  Void Music 2#3539, ready to serve [6] users in [3] servers 
01:02:30.155 INFO  -=-=-=-=-=-=-=-=-=-=-=-=-=-=-=-=-=-=-=-=-=-=-=-=-=-=-=-= 
01:02:37.018 ERROR trying to selfDeaf: 823543363688464455 | DiscordAPIError: Missing Permissions 
01:04:27.621 INFO  1 language(s) have loaded. (en-US) 
01:04:27.957 INFO  MongoDB successfully connected 
01:04:28.330 INFO  Shard: 0 has became ready 
01:04:28.361 INFO  Lavalink node: 0.0.0.0 has connected. 
01:04:28.377 INFO  All guilds have been initialized 
01:04:28.492 INFO  -=-=-=-=-=-=-=-=-=-=-=-=-=-=-=-=-=-=-=-=-=-=-=-=-=-=-=-= 
01:04:28.493 INFO  Void Music 2#3539, ready to serve [6] users in [3] servers 
01:04:28.493 INFO  -=-=-=-=-=-=-=-=-=-=-=-=-=-=-=-=-=-=-=-=-=-=-=-=-=-=-=-= 
01:04:31.611 ERROR trying to selfDeaf: 823543363688464455 | DiscordAPIError: Missing Permissions 
01:06:28.433 INFO  1 language(s) have loaded. (en-US) 
01:06:28.738 INFO  MongoDB successfully connected 
01:06:29.081 INFO  Shard: 0 has became ready 
01:06:29.113 INFO  Lavalink node: 0.0.0.0 has connected. 
01:06:29.134 INFO  All guilds have been initialized 
01:06:29.248 INFO  -=-=-=-=-=-=-=-=-=-=-=-=-=-=-=-=-=-=-=-=-=-=-=-=-=-=-=-= 
01:06:29.249 INFO  Void Music 2#3539, ready to serve [6] users in [3] servers 
01:06:29.249 INFO  -=-=-=-=-=-=-=-=-=-=-=-=-=-=-=-=-=-=-=-=-=-=-=-=-=-=-=-= 
01:06:33.221 ERROR trying to selfDeaf: 823543363688464455 | DiscordAPIError: Missing Permissions 
01:07:48.395 INFO  1 language(s) have loaded. (en-US) 
01:07:48.676 INFO  MongoDB successfully connected 
01:07:49.084 INFO  Shard: 0 has became ready 
01:07:49.109 INFO  Lavalink node: 0.0.0.0 has connected. 
01:07:49.125 INFO  All guilds have been initialized 
01:07:49.247 INFO  -=-=-=-=-=-=-=-=-=-=-=-=-=-=-=-=-=-=-=-=-=-=-=-=-=-=-=-= 
01:07:49.247 INFO  Void Music 2#3539, ready to serve [6] users in [3] servers 
01:07:49.248 INFO  -=-=-=-=-=-=-=-=-=-=-=-=-=-=-=-=-=-=-=-=-=-=-=-=-=-=-=-= 
01:07:53.430 ERROR trying to selfDeaf: 823543363688464455 | DiscordAPIError: Missing Permissions 
02:02:23.193 INFO  1 language(s) have loaded. (en-US) 
02:02:23.562 INFO  MongoDB successfully connected 
02:02:23.904 INFO  Shard: 0 has became ready 
02:02:23.931 INFO  Lavalink node: 0.0.0.0 has connected. 
02:02:23.962 INFO  All guilds have been initialized 
02:02:24.079 INFO  -=-=-=-=-=-=-=-=-=-=-=-=-=-=-=-=-=-=-=-=-=-=-=-=-=-=-=-= 
02:02:24.079 INFO  Void Music 2#3539, ready to serve [6] users in [3] servers 
02:02:24.080 INFO  -=-=-=-=-=-=-=-=-=-=-=-=-=-=-=-=-=-=-=-=-=-=-=-=-=-=-=-= 
02:04:00.387 ERROR trying to selfDeaf: 823543363688464455 | DiscordAPIError: Missing Permissions 
02:16:28.196 INFO  1 language(s) have loaded. (en-US) 
02:16:28.466 INFO  MongoDB successfully connected 
02:16:28.918 INFO  Shard: 0 has became ready 
02:16:28.942 INFO  Lavalink node: 0.0.0.0 has connected. 
02:16:28.967 INFO  All guilds have been initialized 
02:16:29.088 INFO  -=-=-=-=-=-=-=-=-=-=-=-=-=-=-=-=-=-=-=-=-=-=-=-=-=-=-=-= 
02:16:29.088 INFO  Void Music 2#3539, ready to serve [6] users in [3] servers 
02:16:29.088 INFO  -=-=-=-=-=-=-=-=-=-=-=-=-=-=-=-=-=-=-=-=-=-=-=-=-=-=-=-= 
02:39:30.963 INFO  1 language(s) have loaded. (en-US) 
02:39:31.280 INFO  MongoDB successfully connected 
02:39:31.608 INFO  Shard: 0 has became ready 
02:39:31.635 INFO  Lavalink node: 0.0.0.0 has connected. 
02:39:31.653 INFO  All guilds have been initialized 
02:39:31.776 INFO  -=-=-=-=-=-=-=-=-=-=-=-=-=-=-=-=-=-=-=-=-=-=-=-=-=-=-=-= 
02:39:31.776 INFO  Void Music 2#3539, ready to serve [6] users in [3] servers 
02:39:31.776 INFO  -=-=-=-=-=-=-=-=-=-=-=-=-=-=-=-=-=-=-=-=-=-=-=-=-=-=-=-= 
02:40:38.860 INFO  1 language(s) have loaded. (en-US) 
02:40:39.186 INFO  MongoDB successfully connected 
02:40:39.576 INFO  Shard: 0 has became ready 
02:40:39.598 INFO  Lavalink node: 0.0.0.0 has connected. 
02:40:39.620 INFO  All guilds have been initialized 
02:40:39.733 INFO  -=-=-=-=-=-=-=-=-=-=-=-=-=-=-=-=-=-=-=-=-=-=-=-=-=-=-=-= 
02:40:39.734 INFO  Void Music 2#3539, ready to serve [6] users in [3] servers 
02:40:39.734 INFO  -=-=-=-=-=-=-=-=-=-=-=-=-=-=-=-=-=-=-=-=-=-=-=-=-=-=-=-= 
02:41:07.920 INFO  1 language(s) have loaded. (en-US) 
02:41:08.189 INFO  MongoDB successfully connected 
02:41:08.591 INFO  Shard: 0 has became ready 
02:41:08.619 INFO  Lavalink node: 0.0.0.0 has connected. 
02:41:08.642 INFO  All guilds have been initialized 
02:41:08.759 INFO  -=-=-=-=-=-=-=-=-=-=-=-=-=-=-=-=-=-=-=-=-=-=-=-=-=-=-=-= 
02:41:08.759 INFO  Void Music 2#3539, ready to serve [6] users in [3] servers 
02:41:08.759 INFO  -=-=-=-=-=-=-=-=-=-=-=-=-=-=-=-=-=-=-=-=-=-=-=-=-=-=-=-= 
02:42:09.437 INFO  1 language(s) have loaded. (en-US) 
02:42:09.731 INFO  MongoDB successfully connected 
02:42:10.099 INFO  Shard: 0 has became ready 
02:42:10.125 INFO  Lavalink node: 0.0.0.0 has connected. 
02:42:10.143 INFO  All guilds have been initialized 
02:42:10.263 INFO  -=-=-=-=-=-=-=-=-=-=-=-=-=-=-=-=-=-=-=-=-=-=-=-=-=-=-=-= 
02:42:10.263 INFO  Void Music 2#3539, ready to serve [6] users in [3] servers 
02:42:10.264 INFO  -=-=-=-=-=-=-=-=-=-=-=-=-=-=-=-=-=-=-=-=-=-=-=-=-=-=-=-= 
02:43:02.122 INFO  1 language(s) have loaded. (en-US) 
02:43:02.372 INFO  MongoDB successfully connected 
02:43:02.804 INFO  Shard: 0 has became ready 
02:43:02.826 INFO  Lavalink node: 0.0.0.0 has connected. 
02:43:02.846 INFO  All guilds have been initialized 
02:43:02.958 INFO  -=-=-=-=-=-=-=-=-=-=-=-=-=-=-=-=-=-=-=-=-=-=-=-=-=-=-=-= 
02:43:02.959 INFO  Void Music 2#3539, ready to serve [6] users in [3] servers 
02:43:02.959 INFO  -=-=-=-=-=-=-=-=-=-=-=-=-=-=-=-=-=-=-=-=-=-=-=-=-=-=-=-= 
02:43:51.528 INFO  1 language(s) have loaded. (en-US) 
02:43:51.769 INFO  MongoDB successfully connected 
02:43:52.197 INFO  Shard: 0 has became ready 
02:43:52.223 INFO  Lavalink node: 0.0.0.0 has connected. 
02:43:52.240 INFO  All guilds have been initialized 
02:43:52.359 INFO  -=-=-=-=-=-=-=-=-=-=-=-=-=-=-=-=-=-=-=-=-=-=-=-=-=-=-=-= 
02:43:52.360 INFO  Void Music 2#3539, ready to serve [6] users in [3] servers 
02:43:52.360 INFO  -=-=-=-=-=-=-=-=-=-=-=-=-=-=-=-=-=-=-=-=-=-=-=-=-=-=-=-= 
03:07:45.711 INFO  1 language(s) have loaded. (en-US) 
03:07:46.054 INFO  MongoDB successfully connected 
03:07:46.393 INFO  Shard: 0 has became ready 
03:07:46.416 INFO  Lavalink node: 0.0.0.0 has connected. 
03:07:46.436 INFO  All guilds have been initialized 
03:07:46.553 INFO  -=-=-=-=-=-=-=-=-=-=-=-=-=-=-=-=-=-=-=-=-=-=-=-=-=-=-=-= 
03:07:46.553 INFO  Void Music 2#3539, ready to serve [6] users in [3] servers 
03:07:46.553 INFO  -=-=-=-=-=-=-=-=-=-=-=-=-=-=-=-=-=-=-=-=-=-=-=-=-=-=-=-= 
03:08:01.023 INFO  1 language(s) have loaded. (en-US) 
03:08:01.255 INFO  MongoDB successfully connected 
03:08:01.736 INFO  Shard: 0 has became ready 
03:08:01.756 INFO  Lavalink node: 0.0.0.0 has connected. 
03:08:01.787 INFO  All guilds have been initialized 
03:08:01.903 INFO  -=-=-=-=-=-=-=-=-=-=-=-=-=-=-=-=-=-=-=-=-=-=-=-=-=-=-=-= 
03:08:01.903 INFO  Void Music 2#3539, ready to serve [6] users in [3] servers 
03:08:01.903 INFO  -=-=-=-=-=-=-=-=-=-=-=-=-=-=-=-=-=-=-=-=-=-=-=-=-=-=-=-= 
03:08:31.057 INFO  1 language(s) have loaded. (en-US) 
03:08:31.273 INFO  MongoDB successfully connected 
03:08:31.726 INFO  Shard: 0 has became ready 
03:08:31.735 ERROR Unhandled promise rejection: ENOENT: no such file or directory, open './docs/COMMANDS.md'. 
03:08:31.745 INFO  Lavalink node: 0.0.0.0 has connected. 
03:08:55.832 INFO  1 language(s) have loaded. (en-US) 
03:08:56.147 INFO  MongoDB successfully connected 
03:08:56.470 INFO  Shard: 0 has became ready 
03:08:56.474 ERROR Unhandled promise rejection: Cannot find module '../../scripts/update-commands.md.js'
Require stack:
- D:\Bots\Discord Bots\Void Music\Void Music 2\src\events\bot\ready.js
- D:\Bots\Discord Bots\Void Music\Void Music 2\src\bot.js. 
03:08:56.485 INFO  Lavalink node: 0.0.0.0 has connected. 
03:12:19.394 INFO  1 language(s) have loaded. (en-US) 
03:12:19.702 INFO  MongoDB successfully connected 
03:12:20.151 INFO  Shard: 0 has became ready 
03:12:20.173 INFO  Lavalink node: 0.0.0.0 has connected. 
03:12:20.191 INFO  All guilds have been initialized 
03:12:20.319 INFO  -=-=-=-=-=-=-=-=-=-=-=-=-=-=-=-=-=-=-=-=-=-=-=-=-=-=-=-= 
03:12:20.319 INFO  Void Music 2#3539, ready to serve [6] users in [3] servers 
03:12:20.319 INFO  -=-=-=-=-=-=-=-=-=-=-=-=-=-=-=-=-=-=-=-=-=-=-=-=-=-=-=-= 
03:15:19.588 INFO  1 language(s) have loaded. (en-US) 
03:15:19.870 INFO  MongoDB successfully connected 
03:15:20.272 INFO  Shard: 0 has became ready 
03:15:20.292 INFO  Lavalink node: 0.0.0.0 has connected. 
03:15:20.310 INFO  All guilds have been initialized 
03:15:20.420 INFO  -=-=-=-=-=-=-=-=-=-=-=-=-=-=-=-=-=-=-=-=-=-=-=-=-=-=-=-= 
03:15:20.420 INFO  Void Music 2#3539, ready to serve [6] users in [3] servers 
03:15:20.420 INFO  -=-=-=-=-=-=-=-=-=-=-=-=-=-=-=-=-=-=-=-=-=-=-=-=-=-=-=-= 
18:41:42.800 INFO  1 language(s) have loaded. (en-US) 
18:41:43.106 INFO  MongoDB successfully connected 
18:41:43.527 INFO  Shard: 0 has became ready 
18:41:43.546 ERROR Lavalink node: '0.0.0.0', has error: 'connect ECONNREFUSED 0.0.0.0:69'. 
18:41:43.548 ERROR Lavalink node: 0.0.0.0 has disconnect, reason: unspecified. 
18:41:43.571 INFO  All guilds have been initialized 
18:41:43.690 INFO  -=-=-=-=-=-=-=-=-=-=-=-=-=-=-=-=-=-=-=-=-=-=-=-=-=-=-=-= 
18:41:43.691 INFO  Void Music 2#3539, ready to serve [6] users in [3] servers 
18:41:43.691 INFO  -=-=-=-=-=-=-=-=-=-=-=-=-=-=-=-=-=-=-=-=-=-=-=-=-=-=-=-= 
18:41:43.747 ERROR Unhandled promise rejection: Invalid Form Body
35.options[0].name[STRING_TYPE_REGEX]: String value did not match validation regex. 
18:41:43.921 ERROR Unhandled promise rejection: Invalid Form Body
35.options[0].name[STRING_TYPE_REGEX]: String value did not match validation regex. 
18:41:44.081 ERROR Unhandled promise rejection: Invalid Form Body
35.options[0].name[STRING_TYPE_REGEX]: String value did not match validation regex. 
18:42:00.801 INFO  1 language(s) have loaded. (en-US) 
18:42:01.039 INFO  MongoDB successfully connected 
18:42:01.468 INFO  Shard: 0 has became ready 
18:42:01.487 ERROR Lavalink node: '0.0.0.0', has error: 'connect ECONNREFUSED 0.0.0.0:69'. 
18:42:01.489 ERROR Lavalink node: 0.0.0.0 has disconnect, reason: unspecified. 
18:42:01.513 INFO  All guilds have been initialized 
18:42:01.628 INFO  -=-=-=-=-=-=-=-=-=-=-=-=-=-=-=-=-=-=-=-=-=-=-=-=-=-=-=-= 
18:42:01.628 INFO  Void Music 2#3539, ready to serve [6] users in [3] servers 
18:42:01.628 INFO  -=-=-=-=-=-=-=-=-=-=-=-=-=-=-=-=-=-=-=-=-=-=-=-=-=-=-=-= 
18:42:01.699 ERROR Unhandled promise rejection: Invalid Form Body
35.options[0].name[STRING_TYPE_REGEX]: String value did not match validation regex. 
18:42:12.156 INFO  1 language(s) have loaded. (en-US) 
18:42:12.378 INFO  MongoDB successfully connected 
18:42:12.793 INFO  Shard: 0 has became ready 
18:42:12.811 ERROR Lavalink node: '0.0.0.0', has error: 'connect ECONNREFUSED 0.0.0.0:69'. 
18:42:12.812 ERROR Lavalink node: 0.0.0.0 has disconnect, reason: unspecified. 
18:42:12.832 INFO  All guilds have been initialized 
18:42:12.950 INFO  -=-=-=-=-=-=-=-=-=-=-=-=-=-=-=-=-=-=-=-=-=-=-=-=-=-=-=-= 
18:42:12.951 INFO  Void Music 2#3539, ready to serve [6] users in [3] servers 
18:42:12.951 INFO  -=-=-=-=-=-=-=-=-=-=-=-=-=-=-=-=-=-=-=-=-=-=-=-=-=-=-=-= 
18:42:42.821 ERROR Lavalink node: '0.0.0.0', has error: 'connect ECONNREFUSED 0.0.0.0:69'. 
18:42:42.822 ERROR Lavalink node: 0.0.0.0 has disconnect, reason: unspecified. 
18:43:12.825 ERROR Lavalink node: '0.0.0.0', has error: 'connect ECONNREFUSED 0.0.0.0:69'. 
18:43:12.825 ERROR Lavalink node: 0.0.0.0 has disconnect, reason: unspecified. 
18:44:10.855 INFO  1 language(s) have loaded. (en-US) 
18:44:11.150 INFO  MongoDB successfully connected 
18:44:11.578 INFO  Shard: 0 has became ready 
18:44:11.595 ERROR Lavalink node: '0.0.0.0', has error: 'connect ECONNREFUSED 0.0.0.0:69'. 
18:44:11.597 ERROR Lavalink node: 0.0.0.0 has disconnect, reason: unspecified. 
18:44:11.615 INFO  All guilds have been initialized 
18:44:11.734 INFO  -=-=-=-=-=-=-=-=-=-=-=-=-=-=-=-=-=-=-=-=-=-=-=-=-=-=-=-= 
18:44:11.734 INFO  Void Music 2#3539, ready to serve [6] users in [3] servers 
18:44:11.735 INFO  -=-=-=-=-=-=-=-=-=-=-=-=-=-=-=-=-=-=-=-=-=-=-=-=-=-=-=-= 
19:34:25.189 INFO  1 language(s) have loaded. (en-US) 
19:34:25.469 INFO  MongoDB successfully connected 
19:34:25.889 INFO  Shard: 0 has became ready 
19:34:25.907 ERROR Lavalink node: '0.0.0.0', has error: 'connect ECONNREFUSED 0.0.0.0:69'. 
19:34:25.908 ERROR Lavalink node: 0.0.0.0 has disconnect, reason: unspecified. 
19:34:25.928 INFO  All guilds have been initialized 
19:34:26.052 INFO  -=-=-=-=-=-=-=-=-=-=-=-=-=-=-=-=-=-=-=-=-=-=-=-=-=-=-=-= 
19:34:26.052 INFO  Void Music 2#3539, ready to serve [6] users in [3] servers 
19:34:26.053 INFO  -=-=-=-=-=-=-=-=-=-=-=-=-=-=-=-=-=-=-=-=-=-=-=-=-=-=-=-= 
20:23:44.714 INFO  1 language(s) have loaded. (en-US) 
20:23:45.034 INFO  MongoDB successfully connected 
20:23:45.678 INFO  Shard: 0 has became ready 
20:23:45.695 ERROR Lavalink node: '0.0.0.0', has error: 'connect ECONNREFUSED 0.0.0.0:69'. 
20:23:45.696 ERROR Lavalink node: 0.0.0.0 has disconnect, reason: unspecified. 
20:23:45.723 INFO  All guilds have been initialized 
20:23:45.844 INFO  -=-=-=-=-=-=-=-=-=-=-=-=-=-=-=-=-=-=-=-=-=-=-=-=-=-=-=-= 
20:23:45.844 INFO  Void Music 2#3539, ready to serve [6] users in [3] servers 
20:23:45.844 INFO  -=-=-=-=-=-=-=-=-=-=-=-=-=-=-=-=-=-=-=-=-=-=-=-=-=-=-=-= 
20:24:15.704 ERROR Lavalink node: '0.0.0.0', has error: 'connect ECONNREFUSED 0.0.0.0:69'. 
20:24:15.705 ERROR Lavalink node: 0.0.0.0 has disconnect, reason: unspecified. 
20:24:36.678 INFO  1 language(s) have loaded. (en-US) 
20:24:36.974 INFO  MongoDB successfully connected 
20:24:37.722 INFO  Shard: 0 has became ready 
20:24:37.777 INFO  All guilds have been initialized 
20:24:37.896 INFO  -=-=-=-=-=-=-=-=-=-=-=-=-=-=-=-=-=-=-=-=-=-=-=-=-=-=-=-= 
20:24:37.896 INFO  Void Music 2#3539, ready to serve [6] users in [3] servers 
20:24:37.897 INFO  -=-=-=-=-=-=-=-=-=-=-=-=-=-=-=-=-=-=-=-=-=-=-=-=-=-=-=-= 
20:24:37.963 INFO  Lavalink node: 0.0.0.0 has connected. 
20:27:07.742 INFO  1 language(s) have loaded. (en-US) 
20:27:08.086 INFO  MongoDB successfully connected 
20:27:08.577 INFO  Shard: 0 has became ready 
20:27:08.599 INFO  Lavalink node: 0.0.0.0 has connected. 
20:27:08.625 INFO  All guilds have been initialized 
20:27:08.744 INFO  -=-=-=-=-=-=-=-=-=-=-=-=-=-=-=-=-=-=-=-=-=-=-=-=-=-=-=-= 
20:27:08.745 INFO  Void Music 2#3539, ready to serve [6] users in [3] servers 
20:27:08.745 INFO  -=-=-=-=-=-=-=-=-=-=-=-=-=-=-=-=-=-=-=-=-=-=-=-=-=-=-=-= 
20:28:52.362 INFO  1 language(s) have loaded. (en-US) 
20:28:52.898 INFO  MongoDB successfully connected 
20:28:53.153 INFO  Shard: 0 has became ready 
20:28:53.177 INFO  Lavalink node: 0.0.0.0 has connected. 
20:28:53.196 INFO  All guilds have been initialized 
20:28:53.327 INFO  -=-=-=-=-=-=-=-=-=-=-=-=-=-=-=-=-=-=-=-=-=-=-=-=-=-=-=-= 
20:28:53.328 INFO  Void Music 2#3539, ready to serve [6] users in [3] servers 
20:28:53.328 INFO  -=-=-=-=-=-=-=-=-=-=-=-=-=-=-=-=-=-=-=-=-=-=-=-=-=-=-=-= 
20:30:15.583 INFO  1 language(s) have loaded. (en-US) 
20:30:15.917 INFO  MongoDB successfully connected 
20:30:16.363 INFO  Shard: 0 has became ready 
20:30:16.384 INFO  Lavalink node: 0.0.0.0 has connected. 
20:30:16.405 INFO  All guilds have been initialized 
20:30:16.521 INFO  -=-=-=-=-=-=-=-=-=-=-=-=-=-=-=-=-=-=-=-=-=-=-=-=-=-=-=-= 
20:30:16.522 INFO  Void Music 2#3539, ready to serve [6] users in [3] servers 
20:30:16.522 INFO  -=-=-=-=-=-=-=-=-=-=-=-=-=-=-=-=-=-=-=-=-=-=-=-=-=-=-=-= 
20:30:27.020 ERROR running slashCreate: 823543363688464455 | TypeError: Cannot read properties of undefined (reading 'twentyFourSeven') 
20:31:54.938 INFO  1 language(s) have loaded. (en-US) 
20:31:55.241 INFO  MongoDB successfully connected 
20:31:55.789 INFO  Shard: 0 has became ready 
20:31:55.812 INFO  Lavalink node: 0.0.0.0 has connected. 
20:31:55.836 INFO  All guilds have been initialized 
20:31:55.957 INFO  -=-=-=-=-=-=-=-=-=-=-=-=-=-=-=-=-=-=-=-=-=-=-=-=-=-=-=-= 
20:31:55.958 INFO  Void Music 2#3539, ready to serve [6] users in [3] servers 
20:31:55.958 INFO  -=-=-=-=-=-=-=-=-=-=-=-=-=-=-=-=-=-=-=-=-=-=-=-=-=-=-=-= 
20:31:57.989 ERROR running slashCreate: 823543363688464455 | TypeError: Cannot read properties of undefined (reading 'twentyFourSeven') 
20:32:14.599 INFO  1 language(s) have loaded. (en-US) 
20:32:14.801 INFO  MongoDB successfully connected 
20:32:15.329 INFO  Shard: 0 has became ready 
20:32:15.351 INFO  Lavalink node: 0.0.0.0 has connected. 
20:32:15.377 INFO  All guilds have been initialized 
20:32:15.490 INFO  -=-=-=-=-=-=-=-=-=-=-=-=-=-=-=-=-=-=-=-=-=-=-=-=-=-=-=-= 
20:32:15.491 INFO  Void Music 2#3539, ready to serve [6] users in [3] servers 
20:32:15.491 INFO  -=-=-=-=-=-=-=-=-=-=-=-=-=-=-=-=-=-=-=-=-=-=-=-=-=-=-=-= 
20:32:24.323 ERROR running slashCreate: 823543363688464455 | TypeError: Cannot read properties of undefined (reading 'twentyFourSeven') 
20:35:06.838 INFO  1 language(s) have loaded. (en-US) 
20:35:07.167 INFO  MongoDB successfully connected 
20:35:07.623 INFO  Shard: 0 has became ready 
20:35:07.658 INFO  Lavalink node: 0.0.0.0 has connected. 
20:35:07.671 INFO  All guilds have been initialized 
20:35:07.794 INFO  -=-=-=-=-=-=-=-=-=-=-=-=-=-=-=-=-=-=-=-=-=-=-=-=-=-=-=-= 
20:35:07.794 INFO  Void Music 2#3539, ready to serve [6] users in [3] servers 
20:35:07.795 INFO  -=-=-=-=-=-=-=-=-=-=-=-=-=-=-=-=-=-=-=-=-=-=-=-=-=-=-=-= 
20:35:24.666 ERROR Rate limit: /channels/959495825946443819/messages/:id/reactions (Cooldown: 250ms) 
20:35:26.922 ERROR Rate limit: /channels/959495825946443819/messages/:id/reactions (Cooldown: 250ms) 
20:35:29.023 ERROR Rate limit: /channels/959495825946443819/messages/:id/reactions (Cooldown: 250ms) 
20:35:30.338 ERROR Rate limit: /channels/959495825946443819/messages/:id/reactions (Cooldown: 250ms) 
20:35:32.225 ERROR Rate limit: /channels/959495825946443819/messages/:id/reactions (Cooldown: 249ms) 
20:37:29.557 INFO  1 language(s) have loaded. (en-US) 
20:37:29.845 INFO  MongoDB successfully connected 
20:37:30.280 INFO  Shard: 0 has became ready 
20:37:30.299 INFO  Lavalink node: 0.0.0.0 has connected. 
20:37:30.315 INFO  All guilds have been initialized 
20:37:30.435 INFO  -=-=-=-=-=-=-=-=-=-=-=-=-=-=-=-=-=-=-=-=-=-=-=-=-=-=-=-= 
20:37:30.435 INFO  Void Music 2#3539, ready to serve [6] users in [3] servers 
20:37:30.436 INFO  -=-=-=-=-=-=-=-=-=-=-=-=-=-=-=-=-=-=-=-=-=-=-=-=-=-=-=-= 
20:37:38.959 ERROR Rate limit: /channels/959495825946443819/messages/:id/reactions (Cooldown: 249ms) 
20:38:16.533 INFO  1 language(s) have loaded. (en-US) 
20:38:17.266 INFO  MongoDB successfully connected 
20:38:18.282 INFO  Shard: 0 has became ready 
20:38:18.304 INFO  Lavalink node: 0.0.0.0 has connected. 
20:38:18.561 INFO  All guilds have been initialized 
20:38:18.673 INFO  -=-=-=-=-=-=-=-=-=-=-=-=-=-=-=-=-=-=-=-=-=-=-=-=-=-=-=-= 
20:38:18.673 INFO  Void Music 2#3539, ready to serve [6] users in [3] servers 
20:38:18.674 INFO  -=-=-=-=-=-=-=-=-=-=-=-=-=-=-=-=-=-=-=-=-=-=-=-=-=-=-=-= 
20:38:27.026 ERROR Rate limit: /channels/959495825946443819/messages/:id/reactions (Cooldown: 250ms) 
20:39:53.340 INFO  1 language(s) have loaded. (en-US) 
20:39:53.654 INFO  MongoDB successfully connected 
20:39:54.142 INFO  Shard: 0 has became ready 
20:39:54.168 INFO  Lavalink node: 0.0.0.0 has connected. 
20:39:54.186 INFO  All guilds have been initialized 
20:39:54.306 INFO  -=-=-=-=-=-=-=-=-=-=-=-=-=-=-=-=-=-=-=-=-=-=-=-=-=-=-=-= 
20:39:54.306 INFO  Void Music 2#3539, ready to serve [6] users in [3] servers 
20:39:54.306 INFO  -=-=-=-=-=-=-=-=-=-=-=-=-=-=-=-=-=-=-=-=-=-=-=-=-=-=-=-= 
20:40:06.361 ERROR Rate limit: /channels/959495825946443819/messages/:id/reactions (Cooldown: 250ms) 
20:40:40.712 INFO  1 language(s) have loaded. (en-US) 
20:40:40.962 INFO  MongoDB successfully connected 
20:40:41.370 INFO  Shard: 0 has became ready 
20:40:41.394 INFO  Lavalink node: 0.0.0.0 has connected. 
20:40:41.416 INFO  All guilds have been initialized 
20:40:41.531 INFO  -=-=-=-=-=-=-=-=-=-=-=-=-=-=-=-=-=-=-=-=-=-=-=-=-=-=-=-= 
20:40:41.531 INFO  Void Music 2#3539, ready to serve [6] users in [3] servers 
20:40:41.531 INFO  -=-=-=-=-=-=-=-=-=-=-=-=-=-=-=-=-=-=-=-=-=-=-=-=-=-=-=-= 
20:41:01.043 ERROR Rate limit: /channels/959495825946443819/messages/:id/reactions (Cooldown: 250ms) 
20:42:03.648 INFO  1 language(s) have loaded. (en-US) 
20:42:03.996 INFO  MongoDB successfully connected 
20:42:04.436 INFO  Shard: 0 has became ready 
20:42:04.458 INFO  Lavalink node: 0.0.0.0 has connected. 
20:42:04.485 INFO  All guilds have been initialized 
20:42:04.604 INFO  -=-=-=-=-=-=-=-=-=-=-=-=-=-=-=-=-=-=-=-=-=-=-=-=-=-=-=-= 
20:42:04.604 INFO  Void Music 2#3539, ready to serve [6] users in [3] servers 
20:42:04.604 INFO  -=-=-=-=-=-=-=-=-=-=-=-=-=-=-=-=-=-=-=-=-=-=-=-=-=-=-=-= 
20:43:16.409 INFO  1 language(s) have loaded. (en-US) 
20:43:16.693 INFO  MongoDB successfully connected 
20:43:17.085 INFO  Shard: 0 has became ready 
20:43:17.106 INFO  Lavalink node: 0.0.0.0 has connected. 
20:43:17.120 INFO  All guilds have been initialized 
20:43:17.239 INFO  -=-=-=-=-=-=-=-=-=-=-=-=-=-=-=-=-=-=-=-=-=-=-=-=-=-=-=-= 
20:43:17.240 INFO  Void Music 2#3539, ready to serve [6] users in [3] servers 
20:43:17.240 INFO  -=-=-=-=-=-=-=-=-=-=-=-=-=-=-=-=-=-=-=-=-=-=-=-=-=-=-=-= 
20:44:11.823 INFO  1 language(s) have loaded. (en-US) 
20:44:12.038 INFO  MongoDB successfully connected 
20:44:12.577 INFO  Shard: 0 has became ready 
20:44:12.604 INFO  Lavalink node: 0.0.0.0 has connected. 
20:44:12.630 INFO  All guilds have been initialized 
20:44:12.755 INFO  -=-=-=-=-=-=-=-=-=-=-=-=-=-=-=-=-=-=-=-=-=-=-=-=-=-=-=-= 
20:44:12.755 INFO  Void Music 2#3539, ready to serve [6] users in [3] servers 
20:44:12.755 INFO  -=-=-=-=-=-=-=-=-=-=-=-=-=-=-=-=-=-=-=-=-=-=-=-=-=-=-=-= 
20:44:31.889 INFO  1 language(s) have loaded. (en-US) 
20:44:32.145 INFO  MongoDB successfully connected 
20:44:32.586 INFO  Shard: 0 has became ready 
20:44:32.609 INFO  Lavalink node: 0.0.0.0 has connected. 
20:44:32.626 INFO  All guilds have been initialized 
20:44:32.750 INFO  -=-=-=-=-=-=-=-=-=-=-=-=-=-=-=-=-=-=-=-=-=-=-=-=-=-=-=-= 
20:44:32.750 INFO  Void Music 2#3539, ready to serve [6] users in [3] servers 
20:44:32.750 INFO  -=-=-=-=-=-=-=-=-=-=-=-=-=-=-=-=-=-=-=-=-=-=-=-=-=-=-=-= 
20:46:23.396 INFO  1 language(s) have loaded. (en-US) 
20:46:23.740 INFO  MongoDB successfully connected 
20:46:24.011 INFO  Shard: 0 has became ready 
20:46:24.031 INFO  Lavalink node: 0.0.0.0 has connected. 
20:46:24.049 INFO  All guilds have been initialized 
20:46:24.174 INFO  -=-=-=-=-=-=-=-=-=-=-=-=-=-=-=-=-=-=-=-=-=-=-=-=-=-=-=-= 
20:46:24.175 INFO  Void Music 2#3539, ready to serve [6] users in [3] servers 
20:46:24.175 INFO  -=-=-=-=-=-=-=-=-=-=-=-=-=-=-=-=-=-=-=-=-=-=-=-=-=-=-=-= 
20:47:05.100 ERROR Unhandled promise rejection: Unknown Message 
20:49:04.756 INFO  1 language(s) have loaded. (en-US) 
20:49:05.027 INFO  MongoDB successfully connected 
20:49:05.538 INFO  Shard: 0 has became ready 
20:49:05.567 INFO  Lavalink node: 0.0.0.0 has connected. 
20:49:05.597 INFO  All guilds have been initialized 
20:49:05.728 INFO  -=-=-=-=-=-=-=-=-=-=-=-=-=-=-=-=-=-=-=-=-=-=-=-=-=-=-=-= 
20:49:05.729 INFO  Void Music 2#3539, ready to serve [6] users in [3] servers 
20:49:05.729 INFO  -=-=-=-=-=-=-=-=-=-=-=-=-=-=-=-=-=-=-=-=-=-=-=-=-=-=-=-= 

