00:01:27.974 INFO  1 language(s) have loaded. (en-US) 
00:01:28.285 INFO  MongoDB successfully connected 
00:01:28.723 INFO  Shard: 0 has became ready 
00:01:28.774 INFO  All guilds have been initialized 
00:01:28.897 INFO  -=-=-=-=-=-=-=-=-=-=-=-=-=-=-=-=-=-=-=-=-=-=-=-=-=-=-=-= 
00:01:28.897 INFO  Void Music 2#3539, ready to serve [7] users in [3] servers 
00:01:28.897 INFO  -=-=-=-=-=-=-=-=-=-=-=-=-=-=-=-=-=-=-=-=-=-=-=-=-=-=-=-= 
00:01:29.462 INFO  Lavalink node: 0.0.0.0 has connected. 
00:04:46.529 INFO  1 language(s) have loaded. (en-US) 
00:04:46.842 INFO  MongoDB successfully connected 
00:04:47.200 INFO  Shard: 0 has became ready 
00:04:47.226 INFO  Lavalink node: 0.0.0.0 has connected. 
00:04:47.249 INFO  All guilds have been initialized 
00:04:47.370 INFO  -=-=-=-=-=-=-=-=-=-=-=-=-=-=-=-=-=-=-=-=-=-=-=-=-=-=-=-= 
00:04:47.370 INFO  Void Music 2#3539, ready to serve [7] users in [3] servers 
00:04:47.371 INFO  -=-=-=-=-=-=-=-=-=-=-=-=-=-=-=-=-=-=-=-=-=-=-=-=-=-=-=-= 
00:07:18.876 INFO  1 language(s) have loaded. (en-US) 
00:07:19.169 INFO  MongoDB successfully connected 
00:07:19.625 INFO  Shard: 0 has became ready 
00:07:19.648 INFO  Lavalink node: 0.0.0.0 has connected. 
00:07:19.665 INFO  All guilds have been initialized 
00:07:19.784 INFO  -=-=-=-=-=-=-=-=-=-=-=-=-=-=-=-=-=-=-=-=-=-=-=-=-=-=-=-= 
00:07:19.784 INFO  Void Music 2#3539, ready to serve [7] users in [3] servers 
00:07:19.784 INFO  -=-=-=-=-=-=-=-=-=-=-=-=-=-=-=-=-=-=-=-=-=-=-=-=-=-=-=-= 
00:09:53.331 INFO  1 language(s) have loaded. (en-US) 
00:09:53.646 INFO  MongoDB successfully connected 
00:09:54.081 INFO  Shard: 0 has became ready 
00:09:54.105 INFO  Lavalink node: 0.0.0.0 has connected. 
00:09:54.124 INFO  All guilds have been initialized 
00:09:54.250 INFO  -=-=-=-=-=-=-=-=-=-=-=-=-=-=-=-=-=-=-=-=-=-=-=-=-=-=-=-= 
00:09:54.250 INFO  Void Music 2#3539, ready to serve [7] users in [3] servers 
00:09:54.251 INFO  -=-=-=-=-=-=-=-=-=-=-=-=-=-=-=-=-=-=-=-=-=-=-=-=-=-=-=-= 
00:13:41.646 INFO  1 language(s) have loaded. (en-US) 
00:13:41.951 INFO  MongoDB successfully connected 
00:13:42.427 INFO  Shard: 0 has became ready 
00:13:42.447 INFO  Lavalink node: 0.0.0.0 has connected. 
00:13:42.465 INFO  All guilds have been initialized 
00:13:42.595 INFO  -=-=-=-=-=-=-=-=-=-=-=-=-=-=-=-=-=-=-=-=-=-=-=-=-=-=-=-= 
00:13:42.595 INFO  Void Music 2#3539, ready to serve [7] users in [3] servers 
00:13:42.595 INFO  -=-=-=-=-=-=-=-=-=-=-=-=-=-=-=-=-=-=-=-=-=-=-=-=-=-=-=-= 
00:15:19.763 INFO  1 language(s) have loaded. (en-US) 
00:15:20.056 INFO  MongoDB successfully connected 
00:15:20.507 INFO  Shard: 0 has became ready 
00:15:20.525 INFO  Lavalink node: 0.0.0.0 has connected. 
00:15:20.542 INFO  All guilds have been initialized 
00:15:20.663 INFO  -=-=-=-=-=-=-=-=-=-=-=-=-=-=-=-=-=-=-=-=-=-=-=-=-=-=-=-= 
00:15:20.664 INFO  Void Music 2#3539, ready to serve [7] users in [3] servers 
00:15:20.664 INFO  -=-=-=-=-=-=-=-=-=-=-=-=-=-=-=-=-=-=-=-=-=-=-=-=-=-=-=-= 
00:16:05.748 INFO  1 language(s) have loaded. (en-US) 
00:16:06.041 INFO  MongoDB successfully connected 
00:16:06.452 INFO  Shard: 0 has became ready 
00:16:06.479 INFO  Lavalink node: 0.0.0.0 has connected. 
00:16:06.498 INFO  All guilds have been initialized 
00:16:06.615 INFO  -=-=-=-=-=-=-=-=-=-=-=-=-=-=-=-=-=-=-=-=-=-=-=-=-=-=-=-= 
00:16:06.615 INFO  Void Music 2#3539, ready to serve [7] users in [3] servers 
00:16:06.615 INFO  -=-=-=-=-=-=-=-=-=-=-=-=-=-=-=-=-=-=-=-=-=-=-=-=-=-=-=-= 
00:27:40.765 INFO  1 language(s) have loaded. (en-US) 
00:27:41.068 INFO  MongoDB successfully connected 
00:27:41.489 INFO  Shard: 0 has became ready 
00:27:41.516 INFO  Lavalink node: 0.0.0.0 has connected. 
00:27:41.536 INFO  All guilds have been initialized 
00:27:41.656 INFO  -=-=-=-=-=-=-=-=-=-=-=-=-=-=-=-=-=-=-=-=-=-=-=-=-=-=-=-= 
00:27:41.656 INFO  Void Music 2#3539, ready to serve [7] users in [3] servers 
00:27:41.657 INFO  -=-=-=-=-=-=-=-=-=-=-=-=-=-=-=-=-=-=-=-=-=-=-=-=-=-=-=-= 
00:41:42.215 INFO  1 language(s) have loaded. (en-US) 
00:41:42.502 INFO  MongoDB successfully connected 
00:41:42.910 INFO  Shard: 0 has became ready 
00:41:42.931 INFO  Lavalink node: 0.0.0.0 has connected. 
00:41:42.947 INFO  All guilds have been initialized 
00:41:43.071 INFO  -=-=-=-=-=-=-=-=-=-=-=-=-=-=-=-=-=-=-=-=-=-=-=-=-=-=-=-= 
00:41:43.071 INFO  Void Music 2#3539, ready to serve [7] users in [3] servers 
00:41:43.071 INFO  -=-=-=-=-=-=-=-=-=-=-=-=-=-=-=-=-=-=-=-=-=-=-=-=-=-=-=-= 
00:43:14.160 INFO  1 language(s) have loaded. (en-US) 
00:43:14.455 INFO  MongoDB successfully connected 
00:43:14.845 INFO  Shard: 0 has became ready 
00:43:14.866 INFO  Lavalink node: 0.0.0.0 has connected. 
00:43:14.882 INFO  All guilds have been initialized 
00:43:15.019 INFO  -=-=-=-=-=-=-=-=-=-=-=-=-=-=-=-=-=-=-=-=-=-=-=-=-=-=-=-= 
00:43:15.020 INFO  Void Music 2#3539, ready to serve [6] users in [3] servers 
00:43:15.020 INFO  -=-=-=-=-=-=-=-=-=-=-=-=-=-=-=-=-=-=-=-=-=-=-=-=-=-=-=-= 
00:56:40.490 INFO  1 language(s) have loaded. (en-US) 
00:56:40.758 INFO  MongoDB successfully connected 
00:56:41.161 INFO  Shard: 0 has became ready 
00:56:41.182 INFO  Lavalink node: 0.0.0.0 has connected. 
00:56:41.198 INFO  All guilds have been initialized 
00:56:41.318 INFO  -=-=-=-=-=-=-=-=-=-=-=-=-=-=-=-=-=-=-=-=-=-=-=-=-=-=-=-= 
00:56:41.318 INFO  Lunio 2#3539, ready to serve [6] users in [3] servers 
00:56:41.319 INFO  -=-=-=-=-=-=-=-=-=-=-=-=-=-=-=-=-=-=-=-=-=-=-=-=-=-=-=-= 
00:57:38.899 INFO  1 language(s) have loaded. (en-US) 
00:57:39.157 INFO  MongoDB successfully connected 
00:57:39.653 INFO  Shard: 0 has became ready 
00:57:39.672 INFO  Lavalink node: 0.0.0.0 has connected. 
00:57:39.689 INFO  All guilds have been initialized 
00:57:39.813 INFO  -=-=-=-=-=-=-=-=-=-=-=-=-=-=-=-=-=-=-=-=-=-=-=-=-=-=-=-= 
00:57:39.814 INFO  Lunio 2#3539, ready to serve [6] users in [3] servers 
00:57:39.814 INFO  -=-=-=-=-=-=-=-=-=-=-=-=-=-=-=-=-=-=-=-=-=-=-=-=-=-=-=-= 
01:12:26.344 INFO  1 language(s) have loaded. (en-US) 
01:12:26.653 INFO  MongoDB successfully connected 
01:12:27.053 INFO  Shard: 0 has became ready 
01:12:27.071 ERROR Lavalink node: '0.0.0.0', has error: 'connect ECONNREFUSED 0.0.0.0:69'. 
01:12:27.072 ERROR Lavalink node: 0.0.0.0 has disconnect, reason: . 
01:12:27.088 INFO  All guilds have been initialized 
01:12:27.242 INFO  -=-=-=-=-=-=-=-=-=-=-=-=-=-=-=-=-=-=-=-=-=-=-=-=-=-=-=-= 
01:12:27.242 INFO  Lunio 2#3539, ready to serve [6] users in [3] servers 
01:12:27.242 INFO  -=-=-=-=-=-=-=-=-=-=-=-=-=-=-=-=-=-=-=-=-=-=-=-=-=-=-=-= 
01:30:10.176 INFO  1 language(s) have loaded. (en-US) 
01:30:10.496 INFO  MongoDB successfully connected 
01:30:10.954 INFO  Shard: 0 has became ready 
01:30:10.971 ERROR Lavalink node: '0.0.0.0', has error: 'connect ECONNREFUSED 0.0.0.0:69'. 
01:30:10.972 ERROR Lavalink node: 0.0.0.0 has disconnect, reason: . 
01:30:10.993 INFO  All guilds have been initialized 
01:30:11.115 INFO  -=-=-=-=-=-=-=-=-=-=-=-=-=-=-=-=-=-=-=-=-=-=-=-=-=-=-=-= 
01:30:11.115 INFO  Lunio 2#3539, ready to serve [6] users in [3] servers 
01:30:11.116 INFO  -=-=-=-=-=-=-=-=-=-=-=-=-=-=-=-=-=-=-=-=-=-=-=-=-=-=-=-= 
01:47:41.850 INFO  1 language(s) have loaded. (en-US) 
01:47:42.220 INFO  MongoDB successfully connected 
01:47:42.547 INFO  Shard: 0 has became ready 
01:47:42.597 INFO  All guilds have been initialized 
01:47:42.675 INFO  Lavalink node: 0.0.0.0 has connected. 
01:47:42.733 INFO  -=-=-=-=-=-=-=-=-=-=-=-=-=-=-=-=-=-=-=-=-=-=-=-=-=-=-=-= 
01:47:42.733 INFO  Lunio 2#3539, ready to serve [7] users in [3] servers 
01:47:42.734 INFO  -=-=-=-=-=-=-=-=-=-=-=-=-=-=-=-=-=-=-=-=-=-=-=-=-=-=-=-= 
01:51:57.024 ERROR running slashCreate: 709832515577184287 | DiscordAPIError[50035]: Invalid Form Body
name[BASE_TYPE_REQUIRED]: This field is required 
01:52:52.863 INFO  1 language(s) have loaded. (en-US) 
01:52:53.193 INFO  MongoDB successfully connected 
01:52:53.575 INFO  Shard: 0 has became ready 
01:52:53.595 INFO  Lavalink node: 0.0.0.0 has connected. 
01:52:53.614 INFO  All guilds have been initialized 
01:52:53.734 INFO  -=-=-=-=-=-=-=-=-=-=-=-=-=-=-=-=-=-=-=-=-=-=-=-=-=-=-=-= 
01:52:53.734 INFO  Lunio 2#3539, ready to serve [7] users in [3] servers 
01:52:53.734 INFO  -=-=-=-=-=-=-=-=-=-=-=-=-=-=-=-=-=-=-=-=-=-=-=-=-=-=-=-= 
01:52:57.360 ERROR running slashCreate: 709832515577184287 | DiscordAPIError[50035]: Invalid Form Body
name[BASE_TYPE_REQUIRED]: This field is required 
01:53:12.320 ERROR running slashCreate: 709832515577184287 | DiscordAPIError[50035]: Invalid Form Body
name[BASE_TYPE_REQUIRED]: This field is required 
02:04:26.400 INFO  1 language(s) have loaded. (en-US) 
02:04:26.766 INFO  MongoDB successfully connected 
02:04:27.133 INFO  Shard: 0 has became ready 
02:04:27.158 INFO  Lavalink node: 0.0.0.0 has connected. 
02:04:27.178 INFO  All guilds have been initialized 
02:04:27.305 INFO  -=-=-=-=-=-=-=-=-=-=-=-=-=-=-=-=-=-=-=-=-=-=-=-=-=-=-=-= 
02:04:27.306 INFO  Lunio 2#3539, ready to serve [7] users in [3] servers 
02:04:27.306 INFO  -=-=-=-=-=-=-=-=-=-=-=-=-=-=-=-=-=-=-=-=-=-=-=-=-=-=-=-= 
02:04:31.520 ERROR running slashCreate: 709832515577184287 | DiscordAPIError[50035]: Invalid Form Body
name[BASE_TYPE_REQUIRED]: This field is required 
02:06:14.481 INFO  1 language(s) have loaded. (en-US) 
02:06:14.805 INFO  MongoDB successfully connected 
02:06:15.136 INFO  Shard: 0 has became ready 
02:06:15.160 INFO  Lavalink node: 0.0.0.0 has connected. 
02:06:15.178 INFO  All guilds have been initialized 
02:06:15.300 INFO  -=-=-=-=-=-=-=-=-=-=-=-=-=-=-=-=-=-=-=-=-=-=-=-=-=-=-=-= 
02:06:15.301 INFO  Lunio 2#3539, ready to serve [7] users in [3] servers 
02:06:15.301 INFO  -=-=-=-=-=-=-=-=-=-=-=-=-=-=-=-=-=-=-=-=-=-=-=-=-=-=-=-= 
02:06:29.068 ERROR running slashCreate: 709832515577184287 | DiscordAPIError[50035]: Invalid Form Body
name[BASE_TYPE_REQUIRED]: This field is required 
02:07:54.328 INFO  1 language(s) have loaded. (en-US) 
02:07:54.650 INFO  MongoDB successfully connected 
02:07:54.978 INFO  Shard: 0 has became ready 
02:07:55.016 INFO  Lavalink node: 0.0.0.0 has connected. 
02:07:55.032 INFO  All guilds have been initialized 
02:07:55.177 INFO  -=-=-=-=-=-=-=-=-=-=-=-=-=-=-=-=-=-=-=-=-=-=-=-=-=-=-=-= 
02:07:55.177 INFO  Lunio 2#3539, ready to serve [7] users in [3] servers 
02:07:55.177 INFO  -=-=-=-=-=-=-=-=-=-=-=-=-=-=-=-=-=-=-=-=-=-=-=-=-=-=-=-= 
02:07:59.259 ERROR running slashCreate: 709832515577184287 | DiscordAPIError[50035]: Invalid Form Body
name[BASE_TYPE_REQUIRED]: This field is required 
02:19:32.283 INFO  1 language(s) have loaded. (en-US) 
02:19:32.627 INFO  MongoDB successfully connected 
02:19:33.002 INFO  Shard: 0 has became ready 
02:19:33.024 INFO  Lavalink node: 0.0.0.0 has connected. 
02:19:33.044 INFO  All guilds have been initialized 
02:19:33.162 INFO  -=-=-=-=-=-=-=-=-=-=-=-=-=-=-=-=-=-=-=-=-=-=-=-=-=-=-=-= 
02:19:33.162 INFO  Lunio 2#3539, ready to serve [7] users in [3] servers 
02:19:33.162 INFO  -=-=-=-=-=-=-=-=-=-=-=-=-=-=-=-=-=-=-=-=-=-=-=-=-=-=-=-= 
02:19:36.151 ERROR running slashCreate: 709832515577184287 | TypeError: createdChannel.send is not a function 
02:23:05.135 INFO  1 language(s) have loaded. (en-US) 
02:23:05.489 INFO  MongoDB successfully connected 
02:23:05.957 INFO  Shard: 0 has became ready 
02:23:05.981 INFO  Lavalink node: 0.0.0.0 has connected. 
02:23:05.999 INFO  All guilds have been initialized 
02:23:06.123 INFO  -=-=-=-=-=-=-=-=-=-=-=-=-=-=-=-=-=-=-=-=-=-=-=-=-=-=-=-= 
02:23:06.124 INFO  Lunio 2#3539, ready to serve [7] users in [3] servers 
02:23:06.124 INFO  -=-=-=-=-=-=-=-=-=-=-=-=-=-=-=-=-=-=-=-=-=-=-=-=-=-=-=-= 
02:23:07.769 ERROR running slashCreate: 709832515577184287 | TypeError: createdChannel.send is not a function 
02:35:15.244 INFO  1 language(s) have loaded. (en-US) 
02:35:15.578 INFO  MongoDB successfully connected 
02:35:16.017 INFO  Shard: 0 has became ready 
02:35:16.037 INFO  Lavalink node: 0.0.0.0 has connected. 
02:35:16.057 INFO  All guilds have been initialized 
02:35:16.182 INFO  -=-=-=-=-=-=-=-=-=-=-=-=-=-=-=-=-=-=-=-=-=-=-=-=-=-=-=-= 
02:35:16.182 INFO  Lunio 2#3539, ready to serve [7] users in [3] servers 
02:35:16.182 INFO  -=-=-=-=-=-=-=-=-=-=-=-=-=-=-=-=-=-=-=-=-=-=-=-=-=-=-=-= 
02:35:52.191 ERROR Unhandled promise rejection: bot.logger.play is not a function 
02:38:34.048 INFO  1 language(s) have loaded. (en-US) 
02:38:34.375 INFO  MongoDB successfully connected 
02:38:34.776 INFO  Shard: 0 has became ready 
02:38:34.800 INFO  Lavalink node: 0.0.0.0 has connected. 
02:38:34.826 INFO  All guilds have been initialized 
02:38:34.971 INFO  -=-=-=-=-=-=-=-=-=-=-=-=-=-=-=-=-=-=-=-=-=-=-=-=-=-=-=-= 
02:38:34.972 INFO  Lunio 2#3539, ready to serve [7] users in [3] servers 
02:38:34.972 INFO  -=-=-=-=-=-=-=-=-=-=-=-=-=-=-=-=-=-=-=-=-=-=-=-=-=-=-=-= 
02:38:37.518 ERROR Unhandled promise rejection: type is not defined 
02:39:34.515 INFO  1 language(s) have loaded. (en-US) 
02:39:34.889 INFO  MongoDB successfully connected 
02:39:35.208 INFO  Shard: 0 has became ready 
02:39:35.234 INFO  Lavalink node: 0.0.0.0 has connected. 
02:39:35.256 INFO  All guilds have been initialized 
02:39:35.381 INFO  -=-=-=-=-=-=-=-=-=-=-=-=-=-=-=-=-=-=-=-=-=-=-=-=-=-=-=-= 
02:39:35.382 INFO  Lunio 2#3539, ready to serve [7] users in [3] servers 
02:39:35.382 INFO  -=-=-=-=-=-=-=-=-=-=-=-=-=-=-=-=-=-=-=-=-=-=-=-=-=-=-=-= 
02:46:41.260 INFO  1 language(s) have loaded. (en-US) 
02:46:41.573 INFO  MongoDB successfully connected 
02:46:41.958 INFO  Shard: 0 has became ready 
02:46:41.989 INFO  Lavalink node: 0.0.0.0 has connected. 
02:46:42.012 INFO  All guilds have been initialized 
02:46:42.144 INFO  -=-=-=-=-=-=-=-=-=-=-=-=-=-=-=-=-=-=-=-=-=-=-=-=-=-=-=-= 
02:46:42.144 INFO  Lunio 2#3539, ready to serve [7] users in [3] servers 
02:46:42.144 INFO  -=-=-=-=-=-=-=-=-=-=-=-=-=-=-=-=-=-=-=-=-=-=-=-=-=-=-=-= 
02:51:48.577 INFO  1 language(s) have loaded. (en-US) 
02:51:48.919 INFO  MongoDB successfully connected 
02:51:49.309 INFO  Shard: 0 has became ready 
02:51:49.331 INFO  Lavalink node: 0.0.0.0 has connected. 
02:51:49.354 INFO  All guilds have been initialized 
02:51:49.472 INFO  -=-=-=-=-=-=-=-=-=-=-=-=-=-=-=-=-=-=-=-=-=-=-=-=-=-=-=-= 
02:51:49.473 INFO  Lunio 2#3539, ready to serve [7] users in [3] servers 
02:51:49.473 INFO  -=-=-=-=-=-=-=-=-=-=-=-=-=-=-=-=-=-=-=-=-=-=-=-=-=-=-=-= 
03:00:47.876 INFO  1 language(s) have loaded. (en-US) 
03:00:48.216 INFO  MongoDB successfully connected 
03:00:48.667 INFO  Shard: 0 has became ready 
03:00:48.684 ERROR Lavalink node: '0.0.0.0', has error: 'connect ECONNREFUSED 0.0.0.0:69'. 
03:00:48.686 ERROR Lavalink node: 0.0.0.0 has disconnect, reason: . 
03:00:48.710 INFO  All guilds have been initialized 
03:00:48.833 INFO  -=-=-=-=-=-=-=-=-=-=-=-=-=-=-=-=-=-=-=-=-=-=-=-=-=-=-=-= 
03:00:48.833 INFO  Lunio 2#3539, ready to serve [7] users in [3] servers 
03:00:48.833 INFO  -=-=-=-=-=-=-=-=-=-=-=-=-=-=-=-=-=-=-=-=-=-=-=-=-=-=-=-= 
03:01:18.689 ERROR Lavalink node: '0.0.0.0', has error: 'connect ECONNREFUSED 0.0.0.0:69'. 
03:01:18.689 ERROR Lavalink node: 0.0.0.0 has disconnect, reason: . 
03:01:48.706 ERROR Lavalink node: '0.0.0.0', has error: 'connect ECONNREFUSED 0.0.0.0:69'. 
03:01:48.709 ERROR Lavalink node: 0.0.0.0 has disconnect, reason: . 
03:02:18.717 ERROR Lavalink node: '0.0.0.0', has error: 'connect ECONNREFUSED 0.0.0.0:69'. 
03:02:18.717 ERROR Lavalink node: 0.0.0.0 has disconnect, reason: . 
21:55:31.890 ERROR Error loading shards: Shard 0's process exited before its Client became ready. 
21:56:02.689 INFO  1 language(s) have loaded. (en-US) 
21:56:03.030 INFO  MongoDB successfully connected 
21:56:03.449 INFO  Shard: 0 has became ready 
21:56:03.472 ERROR Lavalink node: '0.0.0.0', has error: 'connect ECONNREFUSED 0.0.0.0:69'. 
21:56:03.474 ERROR Lavalink node: 0.0.0.0 has disconnect, reason: . 
21:56:03.502 INFO  All guilds have been initialized 
21:56:03.628 INFO  -=-=-=-=-=-=-=-=-=-=-=-=-=-=-=-=-=-=-=-=-=-=-=-=-=-=-=-= 
21:56:03.628 INFO  Lunio 2#3539, ready to serve [8] users in [3] servers 
21:56:03.628 INFO  -=-=-=-=-=-=-=-=-=-=-=-=-=-=-=-=-=-=-=-=-=-=-=-=-=-=-=-= 
21:58:07.897 INFO  1 language(s) have loaded. (en-US) 
21:58:08.266 INFO  MongoDB successfully connected 
21:58:08.612 INFO  Shard: 0 has became ready 
21:58:08.662 INFO  All guilds have been initialized 
21:58:08.753 INFO  Lavalink node: 0.0.0.0 has connected. 
21:58:08.843 INFO  -=-=-=-=-=-=-=-=-=-=-=-=-=-=-=-=-=-=-=-=-=-=-=-=-=-=-=-= 
21:58:08.843 INFO  Lunio 2#3539, ready to serve [8] users in [3] servers 
21:58:08.844 INFO  -=-=-=-=-=-=-=-=-=-=-=-=-=-=-=-=-=-=-=-=-=-=-=-=-=-=-=-= 
21:59:03.029 INFO  1 language(s) have loaded. (en-US) 
21:59:03.382 INFO  MongoDB successfully connected 
21:59:03.800 INFO  Shard: 0 has became ready 
21:59:03.833 INFO  Lavalink node: 0.0.0.0 has connected. 
21:59:03.863 INFO  All guilds have been initialized 
21:59:03.988 INFO  -=-=-=-=-=-=-=-=-=-=-=-=-=-=-=-=-=-=-=-=-=-=-=-=-=-=-=-= 
21:59:03.989 INFO  Lunio 2#3539, ready to serve [8] users in [3] servers 
21:59:03.989 INFO  -=-=-=-=-=-=-=-=-=-=-=-=-=-=-=-=-=-=-=-=-=-=-=-=-=-=-=-= 
22:01:37.926 INFO  1 language(s) have loaded. (en-US) 
22:01:38.305 INFO  MongoDB successfully connected 
22:01:38.635 INFO  Shard: 0 has became ready 
22:01:38.684 INFO  Lavalink node: 0.0.0.0 has connected. 
22:01:38.706 INFO  All guilds have been initialized 
22:01:38.846 INFO  -=-=-=-=-=-=-=-=-=-=-=-=-=-=-=-=-=-=-=-=-=-=-=-=-=-=-=-= 
22:01:38.846 INFO  Lunio 2#3539, ready to serve [8] users in [3] servers 
22:01:38.846 INFO  -=-=-=-=-=-=-=-=-=-=-=-=-=-=-=-=-=-=-=-=-=-=-=-=-=-=-=-= 
22:02:18.122 ERROR Lavalink node: 0.0.0.0 has disconnect, reason: . 
22:02:48.237 INFO  Lavalink node: 0.0.0.0 has connected. 
22:06:34.442 INFO  1 language(s) have loaded. (en-US) 
22:06:34.775 INFO  MongoDB successfully connected 
22:06:35.351 INFO  Shard: 0 has became ready 
22:06:35.382 INFO  Lavalink node: 0.0.0.0 has connected. 
22:06:35.407 INFO  All guilds have been initialized 
22:06:35.529 INFO  -=-=-=-=-=-=-=-=-=-=-=-=-=-=-=-=-=-=-=-=-=-=-=-=-=-=-=-= 
22:06:35.529 INFO  Lunio 2#3539, ready to serve [8] users in [3] servers 
22:06:35.530 INFO  -=-=-=-=-=-=-=-=-=-=-=-=-=-=-=-=-=-=-=-=-=-=-=-=-=-=-=-= 
22:10:09.186 INFO  1 language(s) have loaded. (en-US) 
22:10:09.536 INFO  MongoDB successfully connected 
22:10:09.888 INFO  Shard: 0 has became ready 
22:10:09.918 INFO  Lavalink node: 0.0.0.0 has connected. 
22:10:09.945 INFO  All guilds have been initialized 
22:10:10.072 INFO  -=-=-=-=-=-=-=-=-=-=-=-=-=-=-=-=-=-=-=-=-=-=-=-=-=-=-=-= 
22:10:10.072 INFO  Lunio 2#3539, ready to serve [8] users in [3] servers 
22:10:10.072 INFO  -=-=-=-=-=-=-=-=-=-=-=-=-=-=-=-=-=-=-=-=-=-=-=-=-=-=-=-= 
22:10:18.206 ERROR Unhandled promise rejection: Cannot set properties of undefined (setting 'title') 
22:10:18.240 ERROR Unhandled promise rejection: Cannot set properties of undefined (setting 'title') 
22:13:23.298 INFO  1 language(s) have loaded. (en-US) 
22:13:23.638 INFO  MongoDB successfully connected 
22:13:24.048 INFO  Shard: 0 has became ready 
22:13:24.074 INFO  Lavalink node: 0.0.0.0 has connected. 
22:13:24.098 INFO  All guilds have been initialized 
22:13:24.222 INFO  -=-=-=-=-=-=-=-=-=-=-=-=-=-=-=-=-=-=-=-=-=-=-=-=-=-=-=-= 
22:13:24.222 INFO  Lunio 2#3539, ready to serve [8] users in [3] servers 
22:13:24.223 INFO  -=-=-=-=-=-=-=-=-=-=-=-=-=-=-=-=-=-=-=-=-=-=-=-=-=-=-=-= 
22:13:27.262 ERROR Unhandled promise rejection: Cannot set properties of undefined (setting 'title') 
22:13:27.266 ERROR Unhandled promise rejection: Cannot read properties of undefined (reading 'name') 
22:13:56.442 INFO  1 language(s) have loaded. (en-US) 
22:13:56.773 INFO  MongoDB successfully connected 
22:13:57.191 INFO  Shard: 0 has became ready 
22:13:57.216 INFO  Lavalink node: 0.0.0.0 has connected. 
22:13:57.249 INFO  All guilds have been initialized 
22:13:57.376 INFO  -=-=-=-=-=-=-=-=-=-=-=-=-=-=-=-=-=-=-=-=-=-=-=-=-=-=-=-= 
22:13:57.376 INFO  Lunio 2#3539, ready to serve [8] users in [3] servers 
22:13:57.377 INFO  -=-=-=-=-=-=-=-=-=-=-=-=-=-=-=-=-=-=-=-=-=-=-=-=-=-=-=-= 
22:14:00.357 ERROR Unhandled promise rejection: Cannot set properties of undefined (setting 'title') 
22:17:19.339 ERROR Error loading shards: Shard 0's process exited before its Client became ready. 
22:17:43.859 ERROR Error loading shards: Shard 0's process exited before its Client became ready. 
22:18:20.196 INFO  1 language(s) have loaded. (en-US) 
22:18:20.553 INFO  MongoDB successfully connected 
22:18:20.941 INFO  Shard: 0 has became ready 
22:18:20.969 INFO  Lavalink node: 0.0.0.0 has connected. 
22:18:20.996 INFO  All guilds have been initialized 
22:18:21.115 INFO  -=-=-=-=-=-=-=-=-=-=-=-=-=-=-=-=-=-=-=-=-=-=-=-=-=-=-=-= 
22:18:21.116 INFO  Lunio 2#3539, ready to serve [8] users in [3] servers 
22:18:21.116 INFO  -=-=-=-=-=-=-=-=-=-=-=-=-=-=-=-=-=-=-=-=-=-=-=-=-=-=-=-= 
22:18:24.194 ERROR Unhandled promise rejection: Cannot read properties of undefined (reading 'title') 
22:18:49.534 INFO  1 language(s) have loaded. (en-US) 
22:18:49.848 INFO  MongoDB successfully connected 
22:18:50.412 INFO  Shard: 0 has became ready 
22:18:50.439 INFO  Lavalink node: 0.0.0.0 has connected. 
22:18:50.468 INFO  All guilds have been initialized 
22:18:50.597 INFO  -=-=-=-=-=-=-=-=-=-=-=-=-=-=-=-=-=-=-=-=-=-=-=-=-=-=-=-= 
22:18:50.597 INFO  Lunio 2#3539, ready to serve [8] users in [3] servers 
22:18:50.597 INFO  -=-=-=-=-=-=-=-=-=-=-=-=-=-=-=-=-=-=-=-=-=-=-=-=-=-=-=-= 
22:19:09.415 INFO  1 language(s) have loaded. (en-US) 
22:19:09.752 INFO  MongoDB successfully connected 
22:19:10.233 INFO  Shard: 0 has became ready 
22:19:10.257 INFO  Lavalink node: 0.0.0.0 has connected. 
22:19:10.284 INFO  All guilds have been initialized 
22:19:10.405 INFO  -=-=-=-=-=-=-=-=-=-=-=-=-=-=-=-=-=-=-=-=-=-=-=-=-=-=-=-= 
22:19:10.405 INFO  Lunio 2#3539, ready to serve [8] users in [3] servers 
22:19:10.406 INFO  -=-=-=-=-=-=-=-=-=-=-=-=-=-=-=-=-=-=-=-=-=-=-=-=-=-=-=-= 
22:19:43.538 INFO  1 language(s) have loaded. (en-US) 
22:19:43.913 INFO  MongoDB successfully connected 
22:19:44.223 INFO  Shard: 0 has became ready 
22:19:44.253 INFO  Lavalink node: 0.0.0.0 has connected. 
22:19:44.277 INFO  All guilds have been initialized 
22:19:44.426 INFO  -=-=-=-=-=-=-=-=-=-=-=-=-=-=-=-=-=-=-=-=-=-=-=-=-=-=-=-= 
22:19:44.426 INFO  Lunio 2#3539, ready to serve [8] users in [3] servers 
22:19:44.427 INFO  -=-=-=-=-=-=-=-=-=-=-=-=-=-=-=-=-=-=-=-=-=-=-=-=-=-=-=-= 
22:23:06.390 INFO  1 language(s) have loaded. (en-US) 
22:23:06.763 INFO  MongoDB successfully connected 
22:23:07.187 INFO  Shard: 0 has became ready 
22:23:07.215 INFO  Lavalink node: 0.0.0.0 has connected. 
22:23:07.242 INFO  All guilds have been initialized 
22:23:07.369 INFO  -=-=-=-=-=-=-=-=-=-=-=-=-=-=-=-=-=-=-=-=-=-=-=-=-=-=-=-= 
22:23:07.374 INFO  Lunio 2#3539, ready to serve [8] users in [3] servers 
22:23:07.374 INFO  -=-=-=-=-=-=-=-=-=-=-=-=-=-=-=-=-=-=-=-=-=-=-=-=-=-=-=-= 
22:23:10.788 ERROR Unhandled promise rejection: array is not defined 
22:23:37.216 INFO  1 language(s) have loaded. (en-US) 
22:23:37.543 INFO  MongoDB successfully connected 
22:23:38.066 INFO  Shard: 0 has became ready 
22:23:38.103 INFO  Lavalink node: 0.0.0.0 has connected. 
22:23:38.124 INFO  All guilds have been initialized 
22:23:38.252 INFO  -=-=-=-=-=-=-=-=-=-=-=-=-=-=-=-=-=-=-=-=-=-=-=-=-=-=-=-= 
22:23:38.253 INFO  Lunio 2#3539, ready to serve [8] users in [3] servers 
22:23:38.253 INFO  -=-=-=-=-=-=-=-=-=-=-=-=-=-=-=-=-=-=-=-=-=-=-=-=-=-=-=-= 
22:23:52.952 ERROR Unhandled promise rejection: track.replace is not a function 
22:24:48.468 INFO  1 language(s) have loaded. (en-US) 
22:24:48.821 INFO  MongoDB successfully connected 
22:24:49.249 INFO  Shard: 0 has became ready 
22:24:49.276 INFO  Lavalink node: 0.0.0.0 has connected. 
22:24:49.301 INFO  All guilds have been initialized 
22:24:49.424 INFO  -=-=-=-=-=-=-=-=-=-=-=-=-=-=-=-=-=-=-=-=-=-=-=-=-=-=-=-= 
22:24:49.425 INFO  Lunio 2#3539, ready to serve [8] users in [3] servers 
22:24:49.425 INFO  -=-=-=-=-=-=-=-=-=-=-=-=-=-=-=-=-=-=-=-=-=-=-=-=-=-=-=-= 
22:24:52.980 ERROR Unhandled promise rejection: Cannot read properties of undefined (reading 'title') 
22:25:31.600 INFO  1 language(s) have loaded. (en-US) 
22:25:31.911 INFO  MongoDB successfully connected 
22:25:32.337 INFO  Shard: 0 has became ready 
22:25:32.367 INFO  Lavalink node: 0.0.0.0 has connected. 
22:25:32.395 INFO  All guilds have been initialized 
22:25:32.515 INFO  -=-=-=-=-=-=-=-=-=-=-=-=-=-=-=-=-=-=-=-=-=-=-=-=-=-=-=-= 
22:25:32.515 INFO  Lunio 2#3539, ready to serve [8] users in [3] servers 
22:25:32.516 INFO  -=-=-=-=-=-=-=-=-=-=-=-=-=-=-=-=-=-=-=-=-=-=-=-=-=-=-=-= 
22:25:58.802 INFO  1 language(s) have loaded. (en-US) 
22:25:59.130 INFO  MongoDB successfully connected 
22:25:59.480 INFO  Shard: 0 has became ready 
22:25:59.503 INFO  Lavalink node: 0.0.0.0 has connected. 
22:25:59.531 INFO  All guilds have been initialized 
22:25:59.651 INFO  -=-=-=-=-=-=-=-=-=-=-=-=-=-=-=-=-=-=-=-=-=-=-=-=-=-=-=-= 
22:25:59.651 INFO  Lunio 2#3539, ready to serve [8] users in [3] servers 
22:25:59.652 INFO  -=-=-=-=-=-=-=-=-=-=-=-=-=-=-=-=-=-=-=-=-=-=-=-=-=-=-=-= 
22:55:37.265 INFO  1 language(s) have loaded. (en-US) 
22:55:37.660 INFO  MongoDB successfully connected 
22:55:38.005 INFO  Shard: 0 has became ready 
22:55:38.036 INFO  Lavalink node: 0.0.0.0 has connected. 
22:55:38.058 INFO  All guilds have been initialized 
22:55:38.177 INFO  -=-=-=-=-=-=-=-=-=-=-=-=-=-=-=-=-=-=-=-=-=-=-=-=-=-=-=-= 
22:55:38.177 INFO  Lunio 2#3539, ready to serve [8] users in [3] servers 
22:55:38.178 INFO  -=-=-=-=-=-=-=-=-=-=-=-=-=-=-=-=-=-=-=-=-=-=-=-=-=-=-=-= 
