15:54:09.018 INFO  =-=-=-=-=-=-=- Loading shard(s) -=-=-=-=-=-=-= 
15:54:10.249 INFO  =-=-=-=-=-=-=- Loading commands -=-=-=-=-=-=-= 
15:54:10.273 INFO  Loading Command: ban. 
15:54:10.283 INFO  Loading Command: prefix. 
15:54:10.292 INFO  Loading Command: setup. 
15:54:10.309 INFO  Loading Command: test. 
15:54:10.327 INFO  Loading Command: unban. 
15:54:10.340 INFO  Loading Command: help. 
15:54:10.711 INFO  Loading Command: lyrics. 
15:54:10.713 INFO  Loading Command: ping. 
15:54:10.746 INFO  Loading Command: play. 
15:54:10.804 INFO  Loading Command: playlists. 
15:54:10.812 INFO  Loading Command: premiumstatus. 
15:54:10.824 INFO  Loading Command: queue. 
15:54:10.827 INFO  Loading Command: docs. 
15:54:10.828 INFO  Loading Command: eval. 
15:54:10.830 INFO  Loading Command: lavalink. 
15:54:10.957 INFO  Loading Command: node. 
15:54:10.958 INFO  Loading Command: reload. 
15:54:10.960 INFO  Loading Command: shutdown. 
15:54:10.961 INFO  Loading Command: suggestion. 
15:54:10.965 INFO  Loading Command: user. 
15:54:10.969 INFO  Loading Command: about. 
15:54:10.971 INFO  Loading Command: invite. 
15:54:10.992 INFO  Loading Command: shorturl. 
15:54:10.994 INFO  Loading Command: status. 
15:54:10.995 INFO  Loading Command: support. 
15:54:11.014 INFO  Loading Command: uptime. 
15:54:11.017 INFO  Loading Command: 247. 
15:54:11.019 INFO  Loading Command: back. 
15:54:11.021 INFO  Loading Command: bassboost. 
15:54:11.022 INFO  Loading Command: dc. 
15:54:11.024 INFO  Loading Command: fast-forward. 
15:54:11.032 INFO  Loading Command: join. 
15:54:11.033 INFO  Loading Command: loop. 
15:54:11.052 INFO  Loading Command: lyrics12. 
15:54:11.054 INFO  Loading Command: move. 
15:54:11.056 INFO  Loading Command: nightcore. 
15:54:11.075 INFO  Loading Command: np. 
15:54:11.077 INFO  Loading Command: p-add. 
15:54:11.079 INFO  Loading Command: p-create. 
15:54:11.081 INFO  Loading Command: p-delete. 
15:54:11.083 INFO  Loading Command: p-load. 
15:54:11.085 INFO  Loading Command: p-remove. 
15:54:11.088 INFO  Loading Command: p-view. 
15:54:11.089 INFO  Loading Command: pause. 
15:54:11.092 INFO  Loading Command: pitch. 
15:54:11.097 INFO  Loading Command: play12. 
15:54:11.100 INFO  Loading Command: previous. 
15:54:11.102 INFO  Loading Command: queue12. 
15:54:11.124 INFO  Loading Command: radio. 
15:54:11.126 INFO  Loading Command: remove. 
15:54:11.127 INFO  Loading Command: resume. 
15:54:11.129 INFO  Loading Command: rewind. 
15:54:11.131 INFO  Loading Command: search. 
15:54:11.133 INFO  Loading Command: seek. 
15:54:11.136 INFO  Loading Command: shuffle. 
15:54:11.137 INFO  Loading Command: skip. 
15:54:11.139 INFO  Loading Command: speed. 
15:54:11.141 INFO  Loading Command: vaporwave. 
15:54:11.143 INFO  Loading Command: volume. 
15:54:11.144 INFO  =-=-=-=-=-=-=- Loading events -=-=-=-=-=-=-= 
15:54:11.930 INFO  Loading Event: shardDisconnect 
15:54:11.932 INFO  Loading Event: shardError 
15:54:11.933 INFO  Loading Event: shardReady 
15:54:11.934 INFO  Loading Event: shardReconnecting 
15:54:11.955 INFO  Loading Event: channelDelete 
15:54:11.965 INFO  Loading Event: messageReactionAdd 
15:54:11.967 INFO  Loading Event: voiceStateUpdate 
15:54:11.969 INFO  Loading Event: clickButton 
15:54:11.990 INFO  Loading Event: slashCreate 
15:54:11.992 INFO  Loading Event: debug 
15:54:12.007 INFO  Loading Event: error 
15:54:12.010 INFO  Loading Event: guildCreate 
15:54:12.012 INFO  Loading Event: guildDelete 
15:54:12.014 INFO  Loading Event: guildUnavailable 
15:54:12.015 INFO  Loading Event: interactionCreate 
15:54:12.044 INFO  Loading Event: messageCreate 
15:54:12.045 INFO  Loading Event: rateLimit 
15:54:12.046 INFO  Loading Event: raw 
15:54:12.048 INFO  Loading Event: ready 
15:54:12.049 INFO  Loading Event: warn 
15:54:12.348 INFO  MongoDB successfully connected 
15:54:13.341 INFO  Shard: 0 has became ready with: 0 unavailable guilds. 
15:54:13.346 INFO  =-=-=-=-=-=-=- Loading Guild Specific Interaction(s) -=-=-=-=-=-=-= 
15:54:13.359 ERROR Lavalink node: '0.0.0.0', has error: 'connect ECONNREFUSED 0.0.0.0:80'. 
15:54:13.359 ERROR Lavalink node: 0.0.0.0 has disconnect, reason: unspecified. 
15:54:13.429 INFO  All guilds have been initialized. 
15:54:13.430 INFO  -=-=-=-=-=-=-=-=-=-=-=-=-=-=-=-=-=-=-=-=-=-=-=-=-=-=-=-= 
15:54:13.430 INFO  Moody 2#6662, ready to serve [3] users in [3] servers. 
15:54:13.431 INFO  -=-=-=-=-=-=-=-=-=-=-=-=-=-=-=-=-=-=-=-=-=-=-=-=-=-=-=-= 
15:54:13.624 INFO  Loaded Interactions for guild: Friends 
15:54:13.649 INFO  Loaded Interactions for guild: TEST 
15:54:13.685 INFO  Loaded Interactions for guild: Moody 
15:55:24.111 INFO  =-=-=-=-=-=-=- Loading shard(s) -=-=-=-=-=-=-= 
15:55:25.014 INFO  =-=-=-=-=-=-=- Loading commands -=-=-=-=-=-=-= 
15:55:25.026 INFO  Loading Command: help. 
15:55:25.136 INFO  Loading Command: lyrics. 
15:55:25.138 INFO  Loading Command: ping. 
15:55:25.140 INFO  Loading Command: play. 
15:55:25.142 INFO  Loading Command: playlists. 
15:55:25.144 INFO  Loading Command: premiumstatus. 
15:55:25.146 INFO  Loading Command: queue. 
15:55:25.149 INFO  Loading Command: ban. 
15:55:25.151 INFO  Loading Command: prefix. 
15:55:25.153 INFO  Loading Command: setup. 
15:55:25.155 INFO  Loading Command: test. 
15:55:25.157 INFO  Loading Command: unban. 
15:55:25.160 INFO  Loading Command: docs. 
15:55:25.161 INFO  Loading Command: eval. 
15:55:25.162 INFO  Loading Command: lavalink. 
15:55:25.176 INFO  Loading Command: node. 
15:55:25.178 INFO  Loading Command: reload. 
15:55:25.179 INFO  Loading Command: shutdown. 
15:55:25.180 INFO  Loading Command: suggestion. 
15:55:25.183 INFO  Loading Command: user. 
15:55:25.186 INFO  Loading Command: about. 
15:55:25.187 INFO  Loading Command: invite. 
15:55:25.190 INFO  Loading Command: shorturl. 
15:55:25.191 INFO  Loading Command: status. 
15:55:25.193 INFO  Loading Command: support. 
15:55:25.194 INFO  Loading Command: uptime. 
15:55:25.196 INFO  Loading Command: 247. 
15:55:25.197 INFO  Loading Command: back. 
15:55:25.199 INFO  Loading Command: bassboost. 
15:55:25.200 INFO  Loading Command: dc. 
15:55:25.201 INFO  Loading Command: fast-forward. 
15:55:25.203 INFO  Loading Command: join. 
15:55:25.204 INFO  Loading Command: loop. 
15:55:25.208 INFO  Loading Command: lyrics12. 
15:55:25.210 INFO  Loading Command: move. 
15:55:25.211 INFO  Loading Command: nightcore. 
15:55:25.214 INFO  Loading Command: np. 
15:55:25.216 INFO  Loading Command: p-add. 
15:55:25.217 INFO  Loading Command: p-create. 
15:55:25.218 INFO  Loading Command: p-delete. 
15:55:25.220 INFO  Loading Command: p-load. 
15:55:25.221 INFO  Loading Command: p-remove. 
15:55:25.222 INFO  Loading Command: p-view. 
15:55:25.223 INFO  Loading Command: pause. 
15:55:25.226 INFO  Loading Command: pitch. 
15:55:25.227 INFO  Loading Command: play12. 
15:55:25.229 INFO  Loading Command: previous. 
15:55:25.230 INFO  Loading Command: queue12. 
15:55:25.238 INFO  Loading Command: radio. 
15:55:25.239 INFO  Loading Command: remove. 
15:55:25.241 INFO  Loading Command: resume. 
15:55:25.242 INFO  Loading Command: rewind. 
15:55:25.244 INFO  Loading Command: search. 
15:55:25.246 INFO  Loading Command: seek. 
15:55:25.248 INFO  Loading Command: shuffle. 
15:55:25.249 INFO  Loading Command: skip. 
15:55:25.251 INFO  Loading Command: speed. 
15:55:25.253 INFO  Loading Command: vaporwave. 
15:55:25.254 INFO  Loading Command: volume. 
15:55:25.256 INFO  =-=-=-=-=-=-=- Loading events -=-=-=-=-=-=-= 
15:55:25.421 INFO  Loading Event: clickButton 
15:55:25.423 INFO  Loading Event: slashCreate 
15:55:25.425 INFO  Loading Event: channelDelete 
15:55:25.426 INFO  Loading Event: messageReactionAdd 
15:55:25.428 INFO  Loading Event: voiceStateUpdate 
15:55:25.431 INFO  Loading Event: debug 
15:55:25.432 INFO  Loading Event: error 
15:55:25.436 INFO  Loading Event: guildCreate 
15:55:25.438 INFO  Loading Event: guildDelete 
15:55:25.440 INFO  Loading Event: guildUnavailable 
15:55:25.441 INFO  Loading Event: interactionCreate 
15:55:25.445 INFO  Loading Event: messageCreate 
15:55:25.446 INFO  Loading Event: rateLimit 
15:55:25.448 INFO  Loading Event: raw 
15:55:25.450 INFO  Loading Event: ready 
15:55:25.451 INFO  Loading Event: warn 
15:55:25.453 INFO  Loading Event: shardDisconnect 
15:55:25.454 INFO  Loading Event: shardError 
15:55:25.456 INFO  Loading Event: shardReady 
15:55:25.457 INFO  Loading Event: shardReconnecting 
15:55:25.735 INFO  MongoDB successfully connected 
15:55:26.034 INFO  Shard: 0 has became ready with: 0 unavailable guilds. 
15:55:26.039 INFO  =-=-=-=-=-=-=- Loading Guild Specific Interaction(s) -=-=-=-=-=-=-= 
15:55:26.054 ERROR Lavalink node: '0.0.0.0', has error: 'connect ECONNREFUSED 0.0.0.0:80'. 
15:55:26.054 ERROR Lavalink node: 0.0.0.0 has disconnect, reason: unspecified. 
15:55:26.137 INFO  All guilds have been initialized. 
15:55:26.138 INFO  -=-=-=-=-=-=-=-=-=-=-=-=-=-=-=-=-=-=-=-=-=-=-=-=-=-=-=-= 
15:55:26.138 INFO  Moody 2#6662, ready to serve [3] users in [3] servers. 
15:55:26.138 INFO  -=-=-=-=-=-=-=-=-=-=-=-=-=-=-=-=-=-=-=-=-=-=-=-=-=-=-=-= 
15:55:26.294 INFO  Loaded Interactions for guild: Friends 
15:55:26.303 INFO  Loaded Interactions for guild: Moody 
15:55:26.340 INFO  Loaded Interactions for guild: TEST 
15:55:44.038 INFO  =-=-=-=-=-=-=- Loading shard(s) -=-=-=-=-=-=-= 
15:55:44.923 INFO  =-=-=-=-=-=-=- Loading commands -=-=-=-=-=-=-= 
15:55:44.934 INFO  Loading Command: ban. 
15:55:44.936 INFO  Loading Command: prefix. 
15:55:44.938 INFO  Loading Command: setup. 
15:55:44.939 INFO  Loading Command: test. 
15:55:44.941 INFO  Loading Command: unban. 
15:55:44.969 INFO  Loading Command: docs. 
15:55:44.970 INFO  Loading Command: eval. 
15:55:44.972 INFO  Loading Command: lavalink. 
15:55:44.986 INFO  Loading Command: node. 
15:55:44.988 INFO  Loading Command: reload. 
15:55:44.989 INFO  Loading Command: shutdown. 
15:55:44.990 INFO  Loading Command: suggestion. 
15:55:44.993 INFO  Loading Command: user. 
15:55:44.996 INFO  Loading Command: help. 
15:55:45.081 INFO  Loading Command: lyrics. 
15:55:45.083 INFO  Loading Command: ping. 
15:55:45.084 INFO  Loading Command: play. 
15:55:45.086 INFO  Loading Command: playlists. 
15:55:45.088 INFO  Loading Command: premiumstatus. 
15:55:45.090 INFO  Loading Command: queue. 
15:55:45.093 INFO  Loading Command: about. 
15:55:45.094 INFO  Loading Command: invite. 
15:55:45.097 INFO  Loading Command: shorturl. 
15:55:45.099 INFO  Loading Command: status. 
15:55:45.100 INFO  Loading Command: support. 
15:55:45.101 INFO  Loading Command: uptime. 
15:55:45.103 INFO  Loading Command: 247. 
15:55:45.105 INFO  Loading Command: back. 
15:55:45.106 INFO  Loading Command: bassboost. 
15:55:45.108 INFO  Loading Command: dc. 
15:55:45.109 INFO  Loading Command: fast-forward. 
15:55:45.110 INFO  Loading Command: join. 
15:55:45.111 INFO  Loading Command: loop. 
15:55:45.116 INFO  Loading Command: lyrics12. 
15:55:45.118 INFO  Loading Command: move. 
15:55:45.119 INFO  Loading Command: nightcore. 
15:55:45.123 INFO  Loading Command: np. 
15:55:45.124 INFO  Loading Command: p-add. 
15:55:45.126 INFO  Loading Command: p-create. 
15:55:45.127 INFO  Loading Command: p-delete. 
15:55:45.129 INFO  Loading Command: p-load. 
15:55:45.130 INFO  Loading Command: p-remove. 
15:55:45.132 INFO  Loading Command: p-view. 
15:55:45.133 INFO  Loading Command: pause. 
15:55:45.135 INFO  Loading Command: pitch. 
15:55:45.136 INFO  Loading Command: play12. 
15:55:45.138 INFO  Loading Command: previous. 
15:55:45.140 INFO  Loading Command: queue12. 
15:55:45.146 INFO  Loading Command: radio. 
15:55:45.148 INFO  Loading Command: remove. 
15:55:45.149 INFO  Loading Command: resume. 
15:55:45.150 INFO  Loading Command: rewind. 
15:55:45.151 INFO  Loading Command: search. 
15:55:45.153 INFO  Loading Command: seek. 
15:55:45.155 INFO  Loading Command: shuffle. 
15:55:45.156 INFO  Loading Command: skip. 
15:55:45.157 INFO  Loading Command: speed. 
15:55:45.158 INFO  Loading Command: vaporwave. 
15:55:45.160 INFO  Loading Command: volume. 
15:55:45.161 INFO  =-=-=-=-=-=-=- Loading events -=-=-=-=-=-=-= 
15:55:45.341 INFO  Loading Event: debug 
15:55:45.342 INFO  Loading Event: error 
15:55:45.344 INFO  Loading Event: guildCreate 
15:55:45.346 INFO  Loading Event: guildDelete 
15:55:45.347 INFO  Loading Event: guildUnavailable 
15:55:45.348 INFO  Loading Event: interactionCreate 
15:55:45.351 INFO  Loading Event: messageCreate 
15:55:45.352 INFO  Loading Event: rateLimit 
15:55:45.353 INFO  Loading Event: raw 
15:55:45.354 INFO  Loading Event: ready 
15:55:45.355 INFO  Loading Event: warn 
15:55:45.357 INFO  Loading Event: clickButton 
15:55:45.359 INFO  Loading Event: slashCreate 
15:55:45.360 INFO  Loading Event: shardDisconnect 
15:55:45.361 INFO  Loading Event: shardError 
15:55:45.362 INFO  Loading Event: shardReady 
15:55:45.363 INFO  Loading Event: shardReconnecting 
15:55:45.365 INFO  Loading Event: channelDelete 
15:55:45.367 INFO  Loading Event: messageReactionAdd 
15:55:45.369 INFO  Loading Event: voiceStateUpdate 
15:55:45.598 INFO  MongoDB successfully connected 
15:55:46.063 INFO  Shard: 0 has became ready with: 0 unavailable guilds. 
15:55:46.067 INFO  =-=-=-=-=-=-=- Loading Guild Specific Interaction(s) -=-=-=-=-=-=-= 
15:55:46.163 INFO  All guilds have been initialized. 
15:55:46.164 INFO  -=-=-=-=-=-=-=-=-=-=-=-=-=-=-=-=-=-=-=-=-=-=-=-=-=-=-=-= 
15:55:46.164 INFO  Moody 2#6662, ready to serve [3] users in [3] servers. 
15:55:46.164 INFO  -=-=-=-=-=-=-=-=-=-=-=-=-=-=-=-=-=-=-=-=-=-=-=-=-=-=-=-= 
15:55:46.180 INFO  Lavalink node: 0.0.0.0 has connected. 
15:55:46.270 INFO  Loaded Interactions for guild: Friends 
15:55:46.440 INFO  Loaded Interactions for guild: Moody 
15:55:46.537 INFO  Loaded Interactions for guild: TEST 
15:56:14.778 INFO  Lavalink player created in guild: 709832515577184287. 
15:56:15.793 INFO  Found Track: Riton x Oliver Heldens - Turn Me On ft. Vula 
16:02:33.233 INFO  =-=-=-=-=-=-=- Loading shard(s) -=-=-=-=-=-=-= 
16:02:34.149 INFO  =-=-=-=-=-=-=- Loading commands -=-=-=-=-=-=-= 
16:02:34.160 INFO  Loading Command: ban. 
16:02:34.162 INFO  Loading Command: prefix. 
16:02:34.164 INFO  Loading Command: setup. 
16:02:34.165 INFO  Loading Command: test. 
16:02:34.167 INFO  Loading Command: unban. 
16:02:34.170 INFO  Loading Command: help. 
16:02:34.277 INFO  Loading Command: lyrics. 
16:02:34.279 INFO  Loading Command: ping. 
16:02:34.281 INFO  Loading Command: play. 
16:02:34.283 INFO  Loading Command: playlists. 
16:02:34.285 INFO  Loading Command: premiumstatus. 
16:02:34.287 INFO  Loading Command: queue. 
16:02:34.290 INFO  Loading Command: docs. 
16:02:34.292 INFO  Loading Command: eval. 
16:02:34.294 INFO  Loading Command: lavalink. 
16:02:34.309 INFO  Loading Command: node. 
16:02:34.310 INFO  Loading Command: reload. 
16:02:34.311 INFO  Loading Command: shutdown. 
16:02:34.313 INFO  Loading Command: suggestion. 
16:02:34.316 INFO  Loading Command: user. 
16:02:34.317 INFO  =-=-=-=-=-=-=- Loading events -=-=-=-=-=-=-= 
16:02:34.485 INFO  Loading Command: about. 
16:02:34.486 INFO  Loading Command: invite. 
16:02:34.489 INFO  Loading Command: shorturl. 
16:02:34.490 INFO  Loading Command: status. 
16:02:34.491 INFO  Loading Command: support. 
16:02:34.492 INFO  Loading Command: uptime. 
16:02:34.495 INFO  Loading Command: 247. 
16:02:34.496 INFO  Loading Command: back. 
16:02:34.498 INFO  Loading Command: bassboost. 
16:02:34.500 INFO  Loading Command: dc. 
16:02:34.502 INFO  Loading Command: fast-forward. 
16:02:34.503 INFO  Loading Command: join. 
16:02:34.504 INFO  Loading Command: loop. 
16:02:34.510 INFO  Loading Command: lyrics12. 
16:02:34.511 INFO  Loading Command: move. 
16:02:34.512 INFO  Loading Command: nightcore. 
16:02:34.516 INFO  Loading Command: np. 
16:02:34.518 INFO  Loading Command: p-add. 
16:02:34.519 INFO  Loading Command: p-create. 
16:02:34.521 INFO  Loading Command: p-delete. 
16:02:34.523 INFO  Loading Command: p-load. 
16:02:34.525 INFO  Loading Command: p-remove. 
16:02:34.527 INFO  Loading Command: p-view. 
16:02:34.528 INFO  Loading Command: pause. 
16:02:34.531 INFO  Loading Command: pitch. 
16:02:34.532 INFO  Loading Command: play12. 
16:02:34.534 INFO  Loading Command: previous. 
16:02:34.536 INFO  Loading Command: queue12. 
16:02:34.544 INFO  Loading Command: radio. 
16:02:34.546 INFO  Loading Command: remove. 
16:02:34.548 INFO  Loading Command: resume. 
16:02:34.549 INFO  Loading Command: rewind. 
16:02:34.551 INFO  Loading Command: search. 
16:02:34.553 INFO  Loading Command: seek. 
16:02:34.555 INFO  Loading Command: shuffle. 
16:02:34.557 INFO  Loading Command: skip. 
16:02:34.558 INFO  Loading Command: speed. 
16:02:34.560 INFO  Loading Command: vaporwave. 
16:02:34.562 INFO  Loading Command: volume. 
16:02:34.566 INFO  Loading Event: channelDelete 
16:02:34.569 INFO  Loading Event: messageReactionAdd 
16:02:34.571 INFO  Loading Event: voiceStateUpdate 
16:02:34.573 INFO  Loading Event: shardDisconnect 
16:02:34.574 INFO  Loading Event: shardError 
16:02:34.576 INFO  Loading Event: shardReady 
16:02:34.577 INFO  Loading Event: shardReconnecting 
16:02:34.580 INFO  Loading Event: debug 
16:02:34.581 INFO  Loading Event: error 
16:02:34.584 INFO  Loading Event: guildCreate 
16:02:34.586 INFO  Loading Event: guildDelete 
16:02:34.588 INFO  Loading Event: guildUnavailable 
16:02:34.589 INFO  Loading Event: interactionCreate 
16:02:34.594 INFO  Loading Event: messageCreate 
16:02:34.595 INFO  Loading Event: rateLimit 
16:02:34.596 INFO  Loading Event: raw 
16:02:34.598 INFO  Loading Event: ready 
16:02:34.599 INFO  Loading Event: warn 
16:02:34.602 INFO  Loading Event: clickButton 
16:02:34.604 INFO  Loading Event: slashCreate 
16:02:34.856 INFO  MongoDB successfully connected 
16:02:35.239 INFO  Shard: 0 has became ready with: 0 unavailable guilds. 
16:02:35.243 INFO  =-=-=-=-=-=-=- Loading Guild Specific Interaction(s) -=-=-=-=-=-=-= 
16:02:35.260 INFO  Lavalink node: 0.0.0.0 has connected. 
16:02:35.336 INFO  All guilds have been initialized. 
16:02:35.336 INFO  -=-=-=-=-=-=-=-=-=-=-=-=-=-=-=-=-=-=-=-=-=-=-=-=-=-=-=-= 
16:02:35.336 INFO  Moody 2#6662, ready to serve [2] users in [3] servers. 
16:02:35.337 INFO  -=-=-=-=-=-=-=-=-=-=-=-=-=-=-=-=-=-=-=-=-=-=-=-=-=-=-=-= 
16:02:35.450 INFO  Loaded Interactions for guild: Friends 
16:02:35.550 INFO  Loaded Interactions for guild: Moody 
16:02:35.552 INFO  Loaded Interactions for guild: TEST 
16:02:42.757 INFO  Lavalink player created in guild: 709832515577184287. 
16:02:43.422 INFO  Found Track: Riton x Oliver Heldens - Turn Me On ft. Vula 
16:03:20.510 INFO  =-=-=-=-=-=-=- Loading shard(s) -=-=-=-=-=-=-= 
16:03:21.478 INFO  =-=-=-=-=-=-=- Loading commands -=-=-=-=-=-=-= 
16:03:21.489 INFO  Loading Command: ban. 
16:03:21.490 INFO  Loading Command: prefix. 
16:03:21.492 INFO  Loading Command: setup. 
16:03:21.494 INFO  Loading Command: test. 
16:03:21.496 INFO  Loading Command: unban. 
16:03:21.499 INFO  Loading Command: help. 
16:03:21.604 INFO  Loading Command: lyrics. 
16:03:21.606 INFO  Loading Command: ping. 
16:03:21.608 INFO  Loading Command: play. 
16:03:21.610 INFO  Loading Command: playlists. 
16:03:21.611 INFO  Loading Command: premiumstatus. 
16:03:21.613 INFO  Loading Command: queue. 
16:03:21.616 INFO  Loading Command: about. 
16:03:21.618 INFO  Loading Command: invite. 
16:03:21.620 INFO  Loading Command: shorturl. 
16:03:21.621 INFO  Loading Command: status. 
16:03:21.622 INFO  Loading Command: support. 
16:03:21.623 INFO  Loading Command: uptime. 
16:03:21.625 INFO  Loading Command: docs. 
16:03:21.626 INFO  Loading Command: eval. 
16:03:21.628 INFO  Loading Command: lavalink. 
16:03:21.641 INFO  Loading Command: node. 
16:03:21.642 INFO  Loading Command: reload. 
16:03:21.643 INFO  Loading Command: shutdown. 
16:03:21.644 INFO  Loading Command: suggestion. 
16:03:21.647 INFO  Loading Command: user. 
16:03:21.649 INFO  Loading Command: 247. 
16:03:21.650 INFO  Loading Command: back. 
16:03:21.652 INFO  Loading Command: bassboost. 
16:03:21.653 INFO  Loading Command: dc. 
16:03:21.654 INFO  Loading Command: fast-forward. 
16:03:21.655 INFO  Loading Command: join. 
16:03:21.656 INFO  Loading Command: loop. 
16:03:21.660 INFO  Loading Command: lyrics12. 
16:03:21.662 INFO  Loading Command: move. 
16:03:21.664 INFO  Loading Command: nightcore. 
16:03:21.666 INFO  Loading Command: np. 
16:03:21.668 INFO  Loading Command: p-add. 
16:03:21.669 INFO  Loading Command: p-create. 
16:03:21.670 INFO  Loading Command: p-delete. 
16:03:21.672 INFO  Loading Command: p-load. 
16:03:21.673 INFO  Loading Command: p-remove. 
16:03:21.674 INFO  Loading Command: p-view. 
16:03:21.675 INFO  Loading Command: pause. 
16:03:21.678 INFO  Loading Command: pitch. 
16:03:21.679 INFO  Loading Command: play12. 
16:03:21.680 INFO  Loading Command: previous. 
16:03:21.682 INFO  Loading Command: queue12. 
16:03:21.688 INFO  Loading Command: radio. 
16:03:21.689 INFO  Loading Command: remove. 
16:03:21.690 INFO  Loading Command: resume. 
16:03:21.691 INFO  Loading Command: rewind. 
16:03:21.692 INFO  Loading Command: search. 
16:03:21.694 INFO  Loading Command: seek. 
16:03:21.695 INFO  Loading Command: shuffle. 
16:03:21.696 INFO  Loading Command: skip. 
16:03:21.697 INFO  Loading Command: speed. 
16:03:21.698 INFO  Loading Command: vaporwave. 
16:03:21.700 INFO  Loading Command: volume. 
16:03:21.701 INFO  =-=-=-=-=-=-=- Loading events -=-=-=-=-=-=-= 
16:03:21.925 INFO  Loading Event: debug 
16:03:21.926 INFO  Loading Event: error 
16:03:21.928 INFO  Loading Event: guildCreate 
16:03:21.930 INFO  Loading Event: guildDelete 
16:03:21.931 INFO  Loading Event: guildUnavailable 
16:03:21.932 INFO  Loading Event: interactionCreate 
16:03:21.935 INFO  Loading Event: messageCreate 
16:03:21.936 INFO  Loading Event: rateLimit 
16:03:21.937 INFO  Loading Event: raw 
16:03:21.939 INFO  Loading Event: ready 
16:03:21.940 INFO  Loading Event: warn 
16:03:21.942 INFO  Loading Event: clickButton 
16:03:21.943 INFO  Loading Event: slashCreate 
16:03:21.945 INFO  Loading Event: channelDelete 
16:03:21.947 INFO  Loading Event: messageReactionAdd 
16:03:21.948 INFO  Loading Event: voiceStateUpdate 
16:03:21.950 INFO  Loading Event: shardDisconnect 
16:03:21.951 INFO  Loading Event: shardError 
16:03:21.951 INFO  Loading Event: shardReady 
16:03:21.952 INFO  Loading Event: shardReconnecting 
16:03:22.152 INFO  MongoDB successfully connected 
16:03:22.551 INFO  Shard: 0 has became ready with: 0 unavailable guilds. 
16:03:22.558 INFO  =-=-=-=-=-=-=- Loading Guild Specific Interaction(s) -=-=-=-=-=-=-= 
16:03:22.580 INFO  Lavalink node: 0.0.0.0 has connected. 
16:03:22.651 INFO  All guilds have been initialized. 
16:03:22.651 INFO  -=-=-=-=-=-=-=-=-=-=-=-=-=-=-=-=-=-=-=-=-=-=-=-=-=-=-=-= 
16:03:22.652 INFO  Moody 2#6662, ready to serve [2] users in [3] servers. 
16:03:22.652 INFO  -=-=-=-=-=-=-=-=-=-=-=-=-=-=-=-=-=-=-=-=-=-=-=-=-=-=-=-= 
16:03:22.764 INFO  Loaded Interactions for guild: Friends 
16:03:22.851 INFO  Loaded Interactions for guild: Moody 
16:03:22.854 INFO  Loaded Interactions for guild: TEST 
16:03:25.550 INFO  Lavalink player created in guild: 709832515577184287. 
16:03:26.105 INFO  Found Track: Riton x Oliver Heldens - Turn Me On ft. Vula 
16:09:19.831 INFO  Lavalink player destroyed in guild: 709832515577184287. 
16:09:38.271 INFO  Lavalink player created in guild: 709832515577184287. 
16:09:38.345 INFO  Track Loaded: Mars 
16:09:53.272 INFO  Track Loaded: Mars 
16:10:28.195 INFO  =-=-=-=-=-=-=- Loading shard(s) -=-=-=-=-=-=-= 
16:10:29.135 INFO  =-=-=-=-=-=-=- Loading commands -=-=-=-=-=-=-= 
16:10:29.148 INFO  Loading Command: ban. 
16:10:29.150 INFO  Loading Command: prefix. 
16:10:29.153 INFO  Loading Command: setup. 
16:10:29.154 INFO  Loading Command: test. 
16:10:29.157 INFO  Loading Command: unban. 
16:10:29.186 INFO  Loading Command: docs. 
16:10:29.188 INFO  Loading Command: eval. 
16:10:29.189 INFO  Loading Command: lavalink. 
16:10:29.204 INFO  Loading Command: node. 
16:10:29.205 INFO  Loading Command: reload. 
16:10:29.206 INFO  Loading Command: shutdown. 
16:10:29.208 INFO  Loading Command: suggestion. 
16:10:29.211 INFO  Loading Command: user. 
16:10:29.215 INFO  Loading Command: help. 
16:10:29.327 INFO  Loading Command: lyrics. 
16:10:29.330 INFO  Loading Command: ping. 
16:10:29.332 INFO  Loading Command: play. 
16:10:29.335 INFO  Loading Command: playlists. 
16:10:29.337 INFO  Loading Command: premiumstatus. 
16:10:29.341 INFO  Loading Command: queue. 
16:10:29.342 INFO  =-=-=-=-=-=-=- Loading events -=-=-=-=-=-=-= 
16:10:29.547 INFO  Loading Command: about. 
16:10:29.549 INFO  Loading Command: invite. 
16:10:29.552 INFO  Loading Command: shorturl. 
16:10:29.553 INFO  Loading Command: status. 
16:10:29.554 INFO  Loading Command: support. 
16:10:29.555 INFO  Loading Command: uptime. 
16:10:29.558 INFO  Loading Command: 247. 
16:10:29.560 INFO  Loading Command: back. 
16:10:29.562 INFO  Loading Command: bassboost. 
16:10:29.563 INFO  Loading Command: dc. 
16:10:29.565 INFO  Loading Command: fast-forward. 
16:10:29.566 INFO  Loading Command: join. 
16:10:29.568 INFO  Loading Command: loop. 
16:10:29.576 INFO  Loading Command: lyrics12. 
16:10:29.577 INFO  Loading Command: move. 
16:10:29.580 INFO  Loading Command: nightcore. 
16:10:29.584 INFO  Loading Command: np. 
16:10:29.586 INFO  Loading Command: p-add. 
16:10:29.588 INFO  Loading Command: p-create. 
16:10:29.590 INFO  Loading Command: p-delete. 
16:10:29.592 INFO  Loading Command: p-load. 
16:10:29.594 INFO  Loading Command: p-remove. 
16:10:29.595 INFO  Loading Command: p-view. 
16:10:29.597 INFO  Loading Command: pause. 
16:10:29.599 INFO  Loading Command: pitch. 
16:10:29.601 INFO  Loading Command: play12. 
16:10:29.602 INFO  Loading Command: previous. 
16:10:29.604 INFO  Loading Command: queue12. 
16:10:29.611 INFO  Loading Command: radio. 
16:10:29.613 INFO  Loading Command: remove. 
16:10:29.614 INFO  Loading Command: resume. 
16:10:29.616 INFO  Loading Command: rewind. 
16:10:29.618 INFO  Loading Command: search. 
16:10:29.620 INFO  Loading Command: seek. 
16:10:29.622 INFO  Loading Command: shuffle. 
16:10:29.624 INFO  Loading Command: skip. 
16:10:29.626 INFO  Loading Command: speed. 
16:10:29.628 INFO  Loading Command: vaporwave. 
16:10:29.630 INFO  Loading Command: volume. 
16:10:29.638 INFO  Loading Event: debug 
16:10:29.639 INFO  Loading Event: error 
16:10:29.642 INFO  Loading Event: guildCreate 
16:10:29.645 INFO  Loading Event: guildDelete 
16:10:29.647 INFO  Loading Event: guildUnavailable 
16:10:29.648 INFO  Loading Event: interactionCreate 
16:10:29.653 INFO  Loading Event: messageCreate 
16:10:29.654 INFO  Loading Event: rateLimit 
16:10:29.655 INFO  Loading Event: raw 
16:10:29.657 INFO  Loading Event: ready 
16:10:29.659 INFO  Loading Event: warn 
16:10:29.662 INFO  Loading Event: channelDelete 
16:10:29.664 INFO  Loading Event: messageReactionAdd 
16:10:29.666 INFO  Loading Event: voiceStateUpdate 
16:10:29.668 INFO  Loading Event: clickButton 
16:10:29.670 INFO  Loading Event: slashCreate 
16:10:29.672 INFO  Loading Event: shardDisconnect 
16:10:29.673 INFO  Loading Event: shardError 
16:10:29.674 INFO  Loading Event: shardReady 
16:10:29.676 INFO  Loading Event: shardReconnecting 
16:10:29.970 INFO  MongoDB successfully connected 
16:10:30.225 INFO  Shard: 0 has became ready with: 0 unavailable guilds. 
16:10:30.231 INFO  =-=-=-=-=-=-=- Loading Guild Specific Interaction(s) -=-=-=-=-=-=-= 
16:10:30.253 INFO  Lavalink node: 0.0.0.0 has connected. 
16:10:30.328 INFO  All guilds have been initialized. 
16:10:30.328 INFO  -=-=-=-=-=-=-=-=-=-=-=-=-=-=-=-=-=-=-=-=-=-=-=-=-=-=-=-= 
16:10:30.328 INFO  Moody 2#6662, ready to serve [2] users in [3] servers. 
16:10:30.329 INFO  -=-=-=-=-=-=-=-=-=-=-=-=-=-=-=-=-=-=-=-=-=-=-=-=-=-=-=-= 
16:10:30.482 INFO  Loaded Interactions for guild: Friends 
16:10:30.496 INFO  Loaded Interactions for guild: Moody 
16:10:30.509 INFO  Loaded Interactions for guild: TEST 
16:10:37.639 INFO  Lavalink player created in guild: 709832515577184287. 
16:10:37.710 INFO  Track Loaded: Mars 
16:11:01.086 INFO  Lavalink player destroyed in guild: 709832515577184287. 
16:16:25.805 ERROR Lavalink node: 0.0.0.0 has disconnect, reason: unspecified. 
16:16:44.340 INFO  =-=-=-=-=-=-=- Loading shard(s) -=-=-=-=-=-=-= 
16:16:45.236 INFO  =-=-=-=-=-=-=- Loading commands -=-=-=-=-=-=-= 
16:16:45.248 INFO  Loading Command: ban. 
16:16:45.250 INFO  Loading Command: prefix. 
16:16:45.253 INFO  Loading Command: setup. 
16:16:45.256 INFO  Loading Command: test. 
16:16:45.258 INFO  Loading Command: unban. 
16:16:45.262 INFO  Loading Command: help. 
16:16:45.373 INFO  Loading Command: lyrics. 
16:16:45.375 INFO  Loading Command: ping. 
16:16:45.377 INFO  Loading Command: play. 
16:16:45.378 INFO  Loading Command: playlists. 
16:16:45.380 INFO  Loading Command: premiumstatus. 
16:16:45.382 INFO  Loading Command: queue. 
16:16:45.385 INFO  Loading Command: docs. 
16:16:45.386 INFO  Loading Command: eval. 
16:16:45.388 INFO  Loading Command: lavalink. 
16:16:45.402 INFO  Loading Command: node. 
16:16:45.404 INFO  Loading Command: reload. 
16:16:45.406 INFO  Loading Command: shutdown. 
16:16:45.407 INFO  Loading Command: suggestion. 
16:16:45.410 INFO  Loading Command: user. 
16:16:45.411 INFO  =-=-=-=-=-=-=- Loading events -=-=-=-=-=-=-= 
16:16:45.575 INFO  Loading Command: about. 
16:16:45.576 INFO  Loading Command: invite. 
16:16:45.579 INFO  Loading Command: shorturl. 
16:16:45.580 INFO  Loading Command: status. 
16:16:45.581 INFO  Loading Command: support. 
16:16:45.582 INFO  Loading Command: uptime. 
16:16:45.584 INFO  Loading Command: 247. 
16:16:45.585 INFO  Loading Command: back. 
16:16:45.587 INFO  Loading Command: bassboost. 
16:16:45.588 INFO  Loading Command: dc. 
16:16:45.589 INFO  Loading Command: fast-forward. 
16:16:45.590 INFO  Loading Command: join. 
16:16:45.592 INFO  Loading Command: loop. 
16:16:45.596 INFO  Loading Command: lyrics12. 
16:16:45.598 INFO  Loading Command: move. 
16:16:45.599 INFO  Loading Command: nightcore. 
16:16:45.602 INFO  Loading Command: np. 
16:16:45.604 INFO  Loading Command: p-add. 
16:16:45.605 INFO  Loading Command: p-create. 
16:16:45.607 INFO  Loading Command: p-delete. 
16:16:45.609 INFO  Loading Command: p-load. 
16:16:45.610 INFO  Loading Command: p-remove. 
16:16:45.612 INFO  Loading Command: p-view. 
16:16:45.613 INFO  Loading Command: pause. 
16:16:45.615 INFO  Loading Command: pitch. 
16:16:45.616 INFO  Loading Command: play12. 
16:16:45.618 INFO  Loading Command: previous. 
16:16:45.619 INFO  Loading Command: queue12. 
16:16:45.627 INFO  Loading Command: radio. 
16:16:45.630 INFO  Loading Command: remove. 
16:16:45.631 INFO  Loading Command: resume. 
16:16:45.633 INFO  Loading Command: rewind. 
16:16:45.634 INFO  Loading Command: search. 
16:16:45.636 INFO  Loading Command: seek. 
16:16:45.637 INFO  Loading Command: shuffle. 
16:16:45.638 INFO  Loading Command: skip. 
16:16:45.640 INFO  Loading Command: speed. 
16:16:45.641 INFO  Loading Command: vaporwave. 
16:16:45.642 INFO  Loading Command: volume. 
16:16:45.648 INFO  Loading Event: channelDelete 
16:16:45.651 INFO  Loading Event: messageReactionAdd 
16:16:45.653 INFO  Loading Event: voiceStateUpdate 
16:16:45.655 INFO  Loading Event: clickButton 
16:16:45.658 INFO  Loading Event: slashCreate 
16:16:45.660 INFO  Loading Event: debug 
16:16:45.661 INFO  Loading Event: error 
16:16:45.663 INFO  Loading Event: guildCreate 
16:16:45.666 INFO  Loading Event: guildDelete 
16:16:45.667 INFO  Loading Event: guildUnavailable 
16:16:45.668 INFO  Loading Event: interactionCreate 
16:16:45.672 INFO  Loading Event: messageCreate 
16:16:45.673 INFO  Loading Event: rateLimit 
16:16:45.674 INFO  Loading Event: raw 
16:16:45.675 INFO  Loading Event: ready 
16:16:45.677 INFO  Loading Event: warn 
16:16:45.679 INFO  Loading Event: shardDisconnect 
16:16:45.680 INFO  Loading Event: shardError 
16:16:45.681 INFO  Loading Event: shardReady 
16:16:45.683 INFO  Loading Event: shardReconnecting 
16:16:45.976 INFO  MongoDB successfully connected 
16:16:46.254 INFO  Shard: 0 has became ready with: 0 unavailable guilds. 
16:16:46.259 INFO  =-=-=-=-=-=-=- Loading Guild Specific Interaction(s) -=-=-=-=-=-=-= 
16:16:46.369 INFO  All guilds have been initialized. 
16:16:46.370 INFO  -=-=-=-=-=-=-=-=-=-=-=-=-=-=-=-=-=-=-=-=-=-=-=-=-=-=-=-= 
16:16:46.370 INFO  Moody 2#6662, ready to serve [1] users in [3] servers. 
16:16:46.370 INFO  -=-=-=-=-=-=-=-=-=-=-=-=-=-=-=-=-=-=-=-=-=-=-=-=-=-=-=-= 
16:16:46.377 INFO  Lavalink node: 0.0.0.0 has connected. 
16:16:46.494 INFO  Loaded Interactions for guild: Friends 
16:16:46.546 INFO  Loaded Interactions for guild: Moody 
16:16:46.666 INFO  Loaded Interactions for guild: TEST 
16:26:17.179 INFO  =-=-=-=-=-=-=- Loading shard(s) -=-=-=-=-=-=-= 
16:26:18.083 INFO  =-=-=-=-=-=-=- Loading commands -=-=-=-=-=-=-= 
16:26:18.095 INFO  Loading Command: ban. 
16:26:18.097 INFO  Loading Command: prefix. 
16:26:18.100 INFO  Loading Command: setup. 
16:26:18.101 INFO  Loading Command: test. 
16:26:18.104 INFO  Loading Command: unban. 
16:26:18.133 INFO  Loading Command: docs. 
16:26:18.135 INFO  Loading Command: eval. 
16:26:18.137 INFO  Loading Command: lavalink. 
16:26:18.151 INFO  Loading Command: node. 
16:26:18.152 INFO  Loading Command: reload. 
16:26:18.154 INFO  Loading Command: shutdown. 
16:26:18.156 INFO  Loading Command: suggestion. 
16:26:18.159 INFO  Loading Command: user. 
16:26:18.163 INFO  Loading Command: about. 
16:26:18.165 INFO  Loading Command: invite. 
16:26:18.168 INFO  Loading Command: shorturl. 
16:26:18.169 INFO  Loading Command: status. 
16:26:18.171 INFO  Loading Command: support. 
16:26:18.172 INFO  Loading Command: uptime. 
16:26:18.176 INFO  Loading Command: help. 
16:26:18.263 INFO  Loading Command: lyrics. 
16:26:18.265 INFO  Loading Command: ping. 
16:26:18.267 INFO  Loading Command: play. 
16:26:18.268 INFO  Loading Command: playlists. 
16:26:18.270 INFO  Loading Command: premiumstatus. 
16:26:18.272 INFO  Loading Command: queue. 
16:26:18.275 INFO  Loading Command: 247. 
16:26:18.276 INFO  Loading Command: back. 
16:26:18.278 INFO  Loading Command: bassboost. 
16:26:18.279 INFO  Loading Command: dc. 
16:26:18.280 INFO  Loading Command: fast-forward. 
16:26:18.281 INFO  Loading Command: join. 
16:26:18.282 INFO  Loading Command: loop. 
16:26:18.287 INFO  Loading Command: lyrics12. 
16:26:18.288 INFO  Loading Command: move. 
16:26:18.289 INFO  Loading Command: nightcore. 
16:26:18.292 INFO  Loading Command: np. 
16:26:18.293 INFO  Loading Command: p-add. 
16:26:18.295 INFO  Loading Command: p-create. 
16:26:18.296 INFO  Loading Command: p-delete. 
16:26:18.298 INFO  Loading Command: p-load. 
16:26:18.299 INFO  Loading Command: p-remove. 
16:26:18.301 INFO  Loading Command: p-view. 
16:26:18.302 INFO  Loading Command: pause. 
16:26:18.304 INFO  Loading Command: pitch. 
16:26:18.305 INFO  Loading Command: play12. 
16:26:18.306 INFO  Loading Command: previous. 
16:26:18.308 INFO  Loading Command: queue12. 
16:26:18.315 INFO  Loading Command: radio. 
16:26:18.316 INFO  Loading Command: remove. 
16:26:18.317 INFO  Loading Command: resume. 
16:26:18.318 INFO  Loading Command: rewind. 
16:26:18.320 INFO  Loading Command: search. 
16:26:18.322 INFO  Loading Command: seek. 
16:26:18.323 INFO  Loading Command: shuffle. 
16:26:18.325 INFO  Loading Command: skip. 
16:26:18.326 INFO  Loading Command: speed. 
16:26:18.327 INFO  Loading Command: vaporwave. 
16:26:18.329 INFO  Loading Command: volume. 
16:26:18.330 INFO  =-=-=-=-=-=-=- Loading events -=-=-=-=-=-=-= 
16:26:18.497 INFO  Loading Event: debug 
16:26:18.498 INFO  Loading Event: error 
16:26:18.500 INFO  Loading Event: guildCreate 
16:26:18.502 INFO  Loading Event: guildDelete 
16:26:18.503 INFO  Loading Event: guildUnavailable 
16:26:18.504 INFO  Loading Event: interactionCreate 
16:26:18.508 INFO  Loading Event: messageCreate 
16:26:18.509 INFO  Loading Event: rateLimit 
16:26:18.511 INFO  Loading Event: raw 
16:26:18.512 INFO  Loading Event: ready 
16:26:18.514 INFO  Loading Event: warn 
16:26:18.516 INFO  Loading Event: clickButton 
16:26:18.519 INFO  Loading Event: slashCreate 
16:26:18.521 INFO  Loading Event: channelDelete 
16:26:18.523 INFO  Loading Event: messageReactionAdd 
16:26:18.525 INFO  Loading Event: voiceStateUpdate 
16:26:18.527 INFO  Loading Event: shardDisconnect 
16:26:18.528 INFO  Loading Event: shardError 
16:26:18.529 INFO  Loading Event: shardReady 
16:26:18.530 INFO  Loading Event: shardReconnecting 
16:26:18.856 INFO  MongoDB successfully connected 
16:26:19.253 INFO  Shard: 0 has became ready with: 0 unavailable guilds. 
16:26:19.258 INFO  =-=-=-=-=-=-=- Loading Guild Specific Interaction(s) -=-=-=-=-=-=-= 
16:26:19.278 INFO  Lavalink node: 0.0.0.0 has connected. 
16:26:19.393 INFO  All guilds have been initialized. 
16:26:19.393 INFO  -=-=-=-=-=-=-=-=-=-=-=-=-=-=-=-=-=-=-=-=-=-=-=-=-=-=-=-= 
16:26:19.394 INFO  Moody 2#6662, ready to serve [1] users in [3] servers. 
16:26:19.394 INFO  -=-=-=-=-=-=-=-=-=-=-=-=-=-=-=-=-=-=-=-=-=-=-=-=-=-=-=-= 
16:26:19.510 INFO  Loaded Interactions for guild: Moody 
16:26:19.551 INFO  Loaded Interactions for guild: Friends 
16:26:19.557 INFO  Loaded Interactions for guild: TEST 
16:26:29.260 INFO  Lavalink player created in guild: 709832515577184287. 
16:26:29.330 INFO  Track Loaded: Mars 
16:26:42.759 INFO  Found Track: Timmy Trumpet - Mars (Official Music Video) 
16:26:47.984 ERROR Unhandled promise rejection: Cannot read property 'members' of undefined. 
16:31:37.729 INFO  Lavalink player destroyed in guild: 709832515577184287. 
16:31:58.170 INFO  =-=-=-=-=-=-=- Loading shard(s) -=-=-=-=-=-=-= 
16:31:59.101 INFO  =-=-=-=-=-=-=- Loading commands -=-=-=-=-=-=-= 
16:31:59.113 INFO  Loading Command: ban. 
16:31:59.115 INFO  Loading Command: prefix. 
16:31:59.118 INFO  Loading Command: setup. 
16:31:59.119 INFO  Loading Command: test. 
16:31:59.122 INFO  Loading Command: unban. 
16:31:59.125 INFO  Loading Command: help. 
16:31:59.235 INFO  Loading Command: lyrics. 
16:31:59.237 INFO  Loading Command: ping. 
16:31:59.239 INFO  Loading Command: play. 
16:31:59.240 INFO  Loading Command: playlists. 
16:31:59.243 INFO  Loading Command: premiumstatus. 
16:31:59.244 INFO  Loading Command: queue. 
16:31:59.248 INFO  Loading Command: docs. 
16:31:59.249 INFO  Loading Command: eval. 
16:31:59.252 INFO  Loading Command: lavalink. 
16:31:59.269 INFO  Loading Command: node. 
16:31:59.271 INFO  Loading Command: reload. 
16:31:59.273 INFO  Loading Command: shutdown. 
16:31:59.274 INFO  Loading Command: suggestion. 
16:31:59.277 INFO  Loading Command: user. 
16:31:59.280 INFO  Loading Command: about. 
16:31:59.282 INFO  Loading Command: invite. 
16:31:59.286 INFO  Loading Command: shorturl. 
16:31:59.287 INFO  Loading Command: status. 
16:31:59.288 INFO  Loading Command: support. 
16:31:59.290 INFO  Loading Command: uptime. 
16:31:59.292 INFO  Loading Command: 247. 
16:31:59.293 INFO  Loading Command: back. 
16:31:59.295 INFO  Loading Command: bassboost. 
16:31:59.296 INFO  Loading Command: dc. 
16:31:59.297 INFO  Loading Command: fast-forward. 
16:31:59.298 INFO  Loading Command: join. 
16:31:59.299 INFO  Loading Command: loop. 
16:31:59.303 INFO  Loading Command: lyrics12. 
16:31:59.304 INFO  Loading Command: move. 
16:31:59.306 INFO  Loading Command: nightcore. 
16:31:59.309 INFO  Loading Command: np. 
16:31:59.310 INFO  Loading Command: p-add. 
16:31:59.311 INFO  Loading Command: p-create. 
16:31:59.312 INFO  Loading Command: p-delete. 
16:31:59.314 INFO  Loading Command: p-load. 
16:31:59.315 INFO  Loading Command: p-remove. 
16:31:59.318 INFO  Loading Command: p-view. 
16:31:59.319 INFO  Loading Command: pause. 
16:31:59.321 INFO  Loading Command: pitch. 
16:31:59.323 INFO  Loading Command: play12. 
16:31:59.324 INFO  Loading Command: previous. 
16:31:59.325 INFO  Loading Command: queue12. 
16:31:59.331 INFO  Loading Command: radio. 
16:31:59.332 INFO  Loading Command: remove. 
16:31:59.333 INFO  Loading Command: resume. 
16:31:59.334 INFO  Loading Command: rewind. 
16:31:59.335 INFO  Loading Command: search. 
16:31:59.337 INFO  Loading Command: seek. 
16:31:59.338 INFO  Loading Command: shuffle. 
16:31:59.339 INFO  Loading Command: skip. 
16:31:59.340 INFO  Loading Command: speed. 
16:31:59.342 INFO  Loading Command: vaporwave. 
16:31:59.343 INFO  Loading Command: volume. 
16:31:59.344 INFO  =-=-=-=-=-=-=- Loading events -=-=-=-=-=-=-= 
16:31:59.507 INFO  Loading Event: debug 
16:31:59.508 INFO  Loading Event: error 
16:31:59.510 INFO  Loading Event: guildCreate 
16:31:59.512 INFO  Loading Event: guildDelete 
16:31:59.513 INFO  Loading Event: guildUnavailable 
16:31:59.514 INFO  Loading Event: interactionCreate 
16:31:59.517 INFO  Loading Event: messageCreate 
16:31:59.518 INFO  Loading Event: rateLimit 
16:31:59.519 INFO  Loading Event: raw 
16:31:59.521 INFO  Loading Event: ready 
16:31:59.522 INFO  Loading Event: warn 
16:31:59.523 INFO  Loading Event: clickButton 
16:31:59.525 INFO  Loading Event: slashCreate 
16:31:59.527 INFO  Loading Event: channelDelete 
16:31:59.529 INFO  Loading Event: messageReactionAdd 
16:31:59.530 INFO  Loading Event: voiceStateUpdate 
16:31:59.532 INFO  Loading Event: shardDisconnect 
16:31:59.535 INFO  Loading Event: shardError 
16:31:59.537 INFO  Loading Event: shardReady 
16:31:59.539 INFO  Loading Event: shardReconnecting 
16:31:59.836 INFO  MongoDB successfully connected 
16:32:00.281 INFO  Shard: 0 has became ready with: 0 unavailable guilds. 
16:32:00.285 INFO  =-=-=-=-=-=-=- Loading Guild Specific Interaction(s) -=-=-=-=-=-=-= 
16:32:00.299 INFO  Lavalink node: 0.0.0.0 has connected. 
16:32:00.388 INFO  All guilds have been initialized. 
16:32:00.389 INFO  -=-=-=-=-=-=-=-=-=-=-=-=-=-=-=-=-=-=-=-=-=-=-=-=-=-=-=-= 
16:32:00.389 INFO  Moody 2#6662, ready to serve [1] users in [3] servers. 
16:32:00.389 INFO  -=-=-=-=-=-=-=-=-=-=-=-=-=-=-=-=-=-=-=-=-=-=-=-=-=-=-=-= 
16:32:00.543 INFO  Loaded Interactions for guild: Friends 
16:32:00.564 INFO  Loaded Interactions for guild: TEST 
16:32:00.588 INFO  Loaded Interactions for guild: Moody 
16:32:09.102 INFO  Lavalink player created in guild: 709832515577184287. 
16:32:09.642 INFO  Found Track: Timmy Trumpet - Mars (Official Music Video) 
16:32:13.289 ERROR Unhandled promise rejection: Cannot read property 'members' of undefined. 
16:32:17.065 ERROR Unhandled promise rejection: Cannot read property 'members' of undefined. 
16:32:43.721 INFO  =-=-=-=-=-=-=- Loading shard(s) -=-=-=-=-=-=-= 
16:32:44.651 INFO  =-=-=-=-=-=-=- Loading commands -=-=-=-=-=-=-= 
16:32:44.662 INFO  Loading Command: ban. 
16:32:44.664 INFO  Loading Command: prefix. 
16:32:44.666 INFO  Loading Command: setup. 
16:32:44.667 INFO  Loading Command: test. 
16:32:44.669 INFO  Loading Command: unban. 
16:32:44.672 INFO  Loading Command: help. 
16:32:44.780 INFO  Loading Command: lyrics. 
16:32:44.781 INFO  Loading Command: ping. 
16:32:44.783 INFO  Loading Command: play. 
16:32:44.785 INFO  Loading Command: playlists. 
16:32:44.787 INFO  Loading Command: premiumstatus. 
16:32:44.788 INFO  Loading Command: queue. 
16:32:44.791 INFO  Loading Command: docs. 
16:32:44.792 INFO  Loading Command: eval. 
16:32:44.794 INFO  Loading Command: lavalink. 
16:32:44.806 INFO  Loading Command: node. 
16:32:44.808 INFO  Loading Command: reload. 
16:32:44.809 INFO  Loading Command: shutdown. 
16:32:44.810 INFO  Loading Command: suggestion. 
16:32:44.813 INFO  Loading Command: user. 
16:32:44.814 INFO  =-=-=-=-=-=-=- Loading events -=-=-=-=-=-=-= 
16:32:44.990 INFO  Loading Command: 247. 
16:32:44.991 INFO  Loading Command: back. 
16:32:44.993 INFO  Loading Command: bassboost. 
16:32:44.995 INFO  Loading Command: dc. 
16:32:44.996 INFO  Loading Command: fast-forward. 
16:32:44.998 INFO  Loading Command: join. 
16:32:45.000 INFO  Loading Command: loop. 
16:32:45.005 INFO  Loading Command: lyrics12. 
16:32:45.006 INFO  Loading Command: move. 
16:32:45.008 INFO  Loading Command: nightcore. 
16:32:45.010 INFO  Loading Command: np. 
16:32:45.013 INFO  Loading Command: p-add. 
16:32:45.014 INFO  Loading Command: p-create. 
16:32:45.015 INFO  Loading Command: p-delete. 
16:32:45.017 INFO  Loading Command: p-load. 
16:32:45.018 INFO  Loading Command: p-remove. 
16:32:45.019 INFO  Loading Command: p-view. 
16:32:45.020 INFO  Loading Command: pause. 
16:32:45.023 INFO  Loading Command: pitch. 
16:32:45.024 INFO  Loading Command: play12. 
16:32:45.025 INFO  Loading Command: previous. 
16:32:45.026 INFO  Loading Command: queue12. 
16:32:45.033 INFO  Loading Command: radio. 
16:32:45.035 INFO  Loading Command: remove. 
16:32:45.036 INFO  Loading Command: resume. 
16:32:45.038 INFO  Loading Command: rewind. 
16:32:45.040 INFO  Loading Command: search. 
16:32:45.041 INFO  Loading Command: seek. 
16:32:45.043 INFO  Loading Command: shuffle. 
16:32:45.044 INFO  Loading Command: skip. 
16:32:45.046 INFO  Loading Command: speed. 
16:32:45.047 INFO  Loading Command: vaporwave. 
16:32:45.049 INFO  Loading Command: volume. 
16:32:45.053 INFO  Loading Command: about. 
16:32:45.054 INFO  Loading Command: invite. 
16:32:45.057 INFO  Loading Command: shorturl. 
16:32:45.059 INFO  Loading Command: status. 
16:32:45.061 INFO  Loading Command: support. 
16:32:45.064 INFO  Loading Command: uptime. 
16:32:45.070 INFO  Loading Event: clickButton 
16:32:45.074 INFO  Loading Event: slashCreate 
16:32:45.076 INFO  Loading Event: shardDisconnect 
16:32:45.078 INFO  Loading Event: shardError 
16:32:45.081 INFO  Loading Event: shardReady 
16:32:45.082 INFO  Loading Event: shardReconnecting 
16:32:45.085 INFO  Loading Event: debug 
16:32:45.086 INFO  Loading Event: error 
16:32:45.090 INFO  Loading Event: guildCreate 
16:32:45.093 INFO  Loading Event: guildDelete 
16:32:45.096 INFO  Loading Event: guildUnavailable 
16:32:45.098 INFO  Loading Event: interactionCreate 
16:32:45.104 INFO  Loading Event: messageCreate 
16:32:45.106 INFO  Loading Event: rateLimit 
16:32:45.108 INFO  Loading Event: raw 
16:32:45.111 INFO  Loading Event: ready 
16:32:45.113 INFO  Loading Event: warn 
16:32:45.118 INFO  Loading Event: channelDelete 
16:32:45.121 INFO  Loading Event: messageReactionAdd 
16:32:45.122 INFO  Loading Event: voiceStateUpdate 
16:32:45.331 INFO  MongoDB successfully connected 
16:32:45.658 INFO  Shard: 0 has became ready with: 0 unavailable guilds. 
16:32:45.662 INFO  =-=-=-=-=-=-=- Loading Guild Specific Interaction(s) -=-=-=-=-=-=-= 
16:32:45.676 INFO  Lavalink node: 0.0.0.0 has connected. 
16:32:45.745 INFO  All guilds have been initialized. 
16:32:45.746 INFO  -=-=-=-=-=-=-=-=-=-=-=-=-=-=-=-=-=-=-=-=-=-=-=-=-=-=-=-= 
16:32:45.746 INFO  Moody 2#6662, ready to serve [2] users in [3] servers. 
16:32:45.747 INFO  -=-=-=-=-=-=-=-=-=-=-=-=-=-=-=-=-=-=-=-=-=-=-=-=-=-=-=-= 
16:32:45.851 INFO  Loaded Interactions for guild: Friends 
16:32:45.935 INFO  Loaded Interactions for guild: Moody 
16:32:45.997 INFO  Loaded Interactions for guild: TEST 
16:32:46.581 INFO  Lavalink player created in guild: 709832515577184287. 
16:32:46.713 INFO  Track Loaded: Timmy Trumpet - Mars (Official Music Video) 
16:33:39.284 INFO  =-=-=-=-=-=-=- Loading shard(s) -=-=-=-=-=-=-= 
16:33:41.191 INFO  =-=-=-=-=-=-=- Loading commands -=-=-=-=-=-=-= 
16:33:41.218 INFO  Loading Command: docs. 
16:33:41.219 INFO  Loading Command: eval. 
16:33:41.225 INFO  Loading Command: lavalink. 
16:33:41.242 INFO  Loading Command: node. 
16:33:41.243 INFO  Loading Command: reload. 
16:33:41.244 INFO  Loading Command: shutdown. 
16:33:41.245 INFO  Loading Command: suggestion. 
16:33:41.248 INFO  Loading Command: user. 
16:33:41.252 INFO  Loading Command: ban. 
16:33:41.253 INFO  Loading Command: prefix. 
16:33:41.256 INFO  Loading Command: setup. 
16:33:41.259 INFO  Loading Command: test. 
16:33:41.261 INFO  Loading Command: unban. 
16:33:41.265 INFO  Loading Command: help. 
16:33:41.357 INFO  Loading Command: lyrics. 
16:33:41.359 INFO  Loading Command: ping. 
16:33:41.361 INFO  Loading Command: play. 
16:33:41.363 INFO  Loading Command: playlists. 
16:33:41.365 INFO  Loading Command: premiumstatus. 
16:33:41.367 INFO  Loading Command: queue. 
16:33:41.371 INFO  Loading Command: about. 
16:33:41.372 INFO  Loading Command: invite. 
16:33:41.375 INFO  Loading Command: shorturl. 
16:33:41.376 INFO  Loading Command: status. 
16:33:41.377 INFO  Loading Command: support. 
16:33:41.379 INFO  Loading Command: uptime. 
16:33:41.380 INFO  =-=-=-=-=-=-=- Loading events -=-=-=-=-=-=-= 
16:33:41.545 INFO  Loading Command: 247. 
16:33:41.546 INFO  Loading Command: back. 
16:33:41.548 INFO  Loading Command: bassboost. 
16:33:41.549 INFO  Loading Command: dc. 
16:33:41.550 INFO  Loading Command: fast-forward. 
16:33:41.552 INFO  Loading Command: join. 
16:33:41.553 INFO  Loading Command: loop. 
16:33:41.558 INFO  Loading Command: lyrics12. 
16:33:41.559 INFO  Loading Command: move. 
16:33:41.561 INFO  Loading Command: nightcore. 
16:33:41.564 INFO  Loading Command: np. 
16:33:41.566 INFO  Loading Command: p-add. 
16:33:41.568 INFO  Loading Command: p-create. 
16:33:41.569 INFO  Loading Command: p-delete. 
16:33:41.571 INFO  Loading Command: p-load. 
16:33:41.572 INFO  Loading Command: p-remove. 
16:33:41.573 INFO  Loading Command: p-view. 
16:33:41.574 INFO  Loading Command: pause. 
16:33:41.576 INFO  Loading Command: pitch. 
16:33:41.577 INFO  Loading Command: play12. 
16:33:41.579 INFO  Loading Command: previous. 
16:33:41.580 INFO  Loading Command: queue12. 
16:33:41.587 INFO  Loading Command: radio. 
16:33:41.589 INFO  Loading Command: remove. 
16:33:41.590 INFO  Loading Command: resume. 
16:33:41.591 INFO  Loading Command: rewind. 
16:33:41.592 INFO  Loading Command: search. 
16:33:41.594 INFO  Loading Command: seek. 
16:33:41.595 INFO  Loading Command: shuffle. 
16:33:41.597 INFO  Loading Command: skip. 
16:33:41.598 INFO  Loading Command: speed. 
16:33:41.600 INFO  Loading Command: vaporwave. 
16:33:41.601 INFO  Loading Command: volume. 
16:33:41.607 INFO  Loading Event: clickButton 
16:33:41.609 INFO  Loading Event: slashCreate 
16:33:41.611 INFO  Loading Event: channelDelete 
16:33:41.613 INFO  Loading Event: messageReactionAdd 
16:33:41.615 INFO  Loading Event: voiceStateUpdate 
16:33:41.617 INFO  Loading Event: debug 
16:33:41.619 INFO  Loading Event: error 
16:33:41.621 INFO  Loading Event: guildCreate 
16:33:41.623 INFO  Loading Event: guildDelete 
16:33:41.624 INFO  Loading Event: guildUnavailable 
16:33:41.626 INFO  Loading Event: interactionCreate 
16:33:41.629 INFO  Loading Event: messageCreate 
16:33:41.631 INFO  Loading Event: rateLimit 
16:33:41.632 INFO  Loading Event: raw 
16:33:41.633 INFO  Loading Event: ready 
16:33:41.634 INFO  Loading Event: warn 
16:33:41.636 INFO  Loading Event: shardDisconnect 
16:33:41.638 INFO  Loading Event: shardError 
16:33:41.639 INFO  Loading Event: shardReady 
16:33:41.640 INFO  Loading Event: shardReconnecting 
16:33:42.611 INFO  Shard: 0 has became ready with: 0 unavailable guilds. 
16:33:42.615 INFO  =-=-=-=-=-=-=- Loading Guild Specific Interaction(s) -=-=-=-=-=-=-= 
16:33:42.626 INFO  Lavalink node: 0.0.0.0 has connected. 
16:33:43.260 INFO  MongoDB successfully connected 
16:33:43.830 INFO  All guilds have been initialized. 
16:33:43.831 INFO  -=-=-=-=-=-=-=-=-=-=-=-=-=-=-=-=-=-=-=-=-=-=-=-=-=-=-=-= 
16:33:43.831 INFO  Moody 2#6662, ready to serve [2] users in [3] servers. 
16:33:43.831 INFO  -=-=-=-=-=-=-=-=-=-=-=-=-=-=-=-=-=-=-=-=-=-=-=-=-=-=-=-= 
16:33:43.834 INFO  Loaded Interactions for guild: Moody 
16:33:43.840 INFO  Loaded Interactions for guild: Friends 
16:33:45.895 INFO  Loaded Interactions for guild: TEST 
16:33:52.138 INFO  Lavalink player created in guild: 709832515577184287. 
16:33:52.290 INFO  Track Loaded: Timmy Trumpet - Mars (Official Music Video) 
16:33:54.452 ERROR Unhandled promise rejection: Cannot read property 'members' of undefined. 
16:35:15.364 INFO  =-=-=-=-=-=-=- Loading shard(s) -=-=-=-=-=-=-= 
16:35:16.303 INFO  =-=-=-=-=-=-=- Loading commands -=-=-=-=-=-=-= 
16:35:16.314 INFO  Loading Command: ban. 
16:35:16.316 INFO  Loading Command: prefix. 
16:35:16.318 INFO  Loading Command: setup. 
16:35:16.319 INFO  Loading Command: test. 
16:35:16.321 INFO  Loading Command: unban. 
16:35:16.325 INFO  Loading Command: help. 
16:35:16.431 INFO  Loading Command: lyrics. 
16:35:16.433 INFO  Loading Command: ping. 
16:35:16.435 INFO  Loading Command: play. 
16:35:16.437 INFO  Loading Command: playlists. 
16:35:16.439 INFO  Loading Command: premiumstatus. 
16:35:16.441 INFO  Loading Command: queue. 
16:35:16.443 INFO  Loading Command: docs. 
16:35:16.444 INFO  Loading Command: eval. 
16:35:16.446 INFO  Loading Command: lavalink. 
16:35:16.459 INFO  Loading Command: node. 
16:35:16.460 INFO  Loading Command: reload. 
16:35:16.461 INFO  Loading Command: shutdown. 
16:35:16.462 INFO  Loading Command: suggestion. 
16:35:16.465 INFO  Loading Command: user. 
16:35:16.466 INFO  =-=-=-=-=-=-=- Loading events -=-=-=-=-=-=-= 
16:35:16.632 INFO  Loading Command: about. 
16:35:16.634 INFO  Loading Command: invite. 
16:35:16.636 INFO  Loading Command: shorturl. 
16:35:16.638 INFO  Loading Command: status. 
16:35:16.639 INFO  Loading Command: support. 
16:35:16.640 INFO  Loading Command: uptime. 
16:35:16.642 INFO  Loading Command: 247. 
16:35:16.643 INFO  Loading Command: back. 
16:35:16.644 INFO  Loading Command: bassboost. 
16:35:16.645 INFO  Loading Command: dc. 
16:35:16.646 INFO  Loading Command: fast-forward. 
16:35:16.647 INFO  Loading Command: join. 
16:35:16.648 INFO  Loading Command: loop. 
16:35:16.652 INFO  Loading Command: lyrics12. 
16:35:16.653 INFO  Loading Command: move. 
16:35:16.656 INFO  Loading Command: nightcore. 
16:35:16.659 INFO  Loading Command: np. 
16:35:16.662 INFO  Loading Command: p-add. 
16:35:16.663 INFO  Loading Command: p-create. 
16:35:16.664 INFO  Loading Command: p-delete. 
16:35:16.667 INFO  Loading Command: p-load. 
16:35:16.668 INFO  Loading Command: p-remove. 
16:35:16.670 INFO  Loading Command: p-view. 
16:35:16.671 INFO  Loading Command: pause. 
16:35:16.674 INFO  Loading Command: pitch. 
16:35:16.675 INFO  Loading Command: play12. 
16:35:16.677 INFO  Loading Command: previous. 
16:35:16.678 INFO  Loading Command: queue12. 
16:35:16.687 INFO  Loading Command: radio. 
16:35:16.689 INFO  Loading Command: remove. 
16:35:16.691 INFO  Loading Command: resume. 
16:35:16.694 INFO  Loading Command: rewind. 
16:35:16.696 INFO  Loading Command: search. 
16:35:16.698 INFO  Loading Command: seek. 
16:35:16.701 INFO  Loading Command: shuffle. 
16:35:16.702 INFO  Loading Command: skip. 
16:35:16.703 INFO  Loading Command: speed. 
16:35:16.705 INFO  Loading Command: vaporwave. 
16:35:16.707 INFO  Loading Command: volume. 
16:35:16.714 INFO  Loading Event: debug 
16:35:16.715 INFO  Loading Event: error 
16:35:16.717 INFO  Loading Event: guildCreate 
16:35:16.720 INFO  Loading Event: guildDelete 
16:35:16.721 INFO  Loading Event: guildUnavailable 
16:35:16.722 INFO  Loading Event: interactionCreate 
16:35:16.726 INFO  Loading Event: messageCreate 
16:35:16.727 INFO  Loading Event: rateLimit 
16:35:16.728 INFO  Loading Event: raw 
16:35:16.729 INFO  Loading Event: ready 
16:35:16.730 INFO  Loading Event: warn 
16:35:16.732 INFO  Loading Event: shardDisconnect 
16:35:16.734 INFO  Loading Event: shardError 
16:35:16.735 INFO  Loading Event: shardReady 
16:35:16.735 INFO  Loading Event: shardReconnecting 
16:35:16.738 INFO  Loading Event: channelDelete 
16:35:16.739 INFO  Loading Event: messageReactionAdd 
16:35:16.741 INFO  Loading Event: voiceStateUpdate 
16:35:16.743 INFO  Loading Event: clickButton 
16:35:16.745 INFO  Loading Event: slashCreate 
16:35:17.001 INFO  MongoDB successfully connected 
16:35:17.328 INFO  Shard: 0 has became ready with: 0 unavailable guilds. 
16:35:17.335 INFO  =-=-=-=-=-=-=- Loading Guild Specific Interaction(s) -=-=-=-=-=-=-= 
16:35:17.363 INFO  Lavalink node: 0.0.0.0 has connected. 
16:35:17.445 INFO  All guilds have been initialized. 
16:35:17.446 INFO  -=-=-=-=-=-=-=-=-=-=-=-=-=-=-=-=-=-=-=-=-=-=-=-=-=-=-=-= 
16:35:17.446 INFO  Moody 2#6662, ready to serve [2] users in [3] servers. 
16:35:17.446 INFO  -=-=-=-=-=-=-=-=-=-=-=-=-=-=-=-=-=-=-=-=-=-=-=-=-=-=-=-= 
16:35:17.578 INFO  Loaded Interactions for guild: Friends 
16:35:17.608 INFO  Loaded Interactions for guild: Moody 
16:35:17.620 INFO  Loaded Interactions for guild: TEST 
16:35:22.422 INFO  Lavalink player created in guild: 709832515577184287. 
16:35:22.580 INFO  Track Loaded: Timmy Trumpet - Mars (Official Music Video) 
16:35:25.356 ERROR Unhandled promise rejection: Cannot read property 'members' of undefined. 
16:43:36.999 INFO  Lavalink player destroyed in guild: 709832515577184287. 
16:52:42.261 INFO  =-=-=-=-=-=-=- Loading shard(s) -=-=-=-=-=-=-= 
16:52:43.178 INFO  =-=-=-=-=-=-=- Loading commands -=-=-=-=-=-=-= 
16:52:43.190 INFO  Loading Command: ban. 
16:52:43.192 INFO  Loading Command: prefix. 
16:52:43.193 INFO  Loading Command: setup. 
16:52:43.195 INFO  Loading Command: test. 
16:52:43.197 INFO  Loading Command: unban. 
16:52:43.223 INFO  Loading Command: docs. 
16:52:43.224 INFO  Loading Command: eval. 
16:52:43.227 INFO  Loading Command: lavalink. 
16:52:43.241 INFO  Loading Command: node. 
16:52:43.242 INFO  Loading Command: reload. 
16:52:43.243 INFO  Loading Command: shutdown. 
16:52:43.244 INFO  Loading Command: suggestion. 
16:52:43.247 INFO  Loading Command: user. 
16:52:43.250 INFO  Loading Command: help. 
16:52:43.340 INFO  Loading Command: lyrics. 
16:52:43.342 INFO  Loading Command: ping. 
16:52:43.344 INFO  Loading Command: play. 
16:52:43.345 INFO  Loading Command: playlists. 
16:52:43.347 INFO  Loading Command: premiumstatus. 
16:52:43.349 INFO  Loading Command: queue. 
16:52:43.352 INFO  Loading Command: about. 
16:52:43.353 INFO  Loading Command: invite. 
16:52:43.356 INFO  Loading Command: shorturl. 
16:52:43.357 INFO  Loading Command: status. 
16:52:43.358 INFO  Loading Command: support. 
16:52:43.359 INFO  Loading Command: uptime. 
16:52:43.359 INFO  =-=-=-=-=-=-=- Loading events -=-=-=-=-=-=-= 
16:52:43.531 INFO  Loading Command: 247. 
16:52:43.532 INFO  Loading Command: back. 
16:52:43.534 INFO  Loading Command: bassboost. 
16:52:43.535 INFO  Loading Command: dc. 
16:52:43.536 INFO  Loading Command: fast-forward. 
16:52:43.537 INFO  Loading Command: join. 
16:52:43.538 INFO  Loading Command: loop. 
16:52:43.542 INFO  Loading Command: lyrics12. 
16:52:43.543 INFO  Loading Command: move. 
16:52:43.545 INFO  Loading Command: nightcore. 
16:52:43.548 INFO  Loading Command: np. 
16:52:43.549 INFO  Loading Command: p-add. 
16:52:43.551 INFO  Loading Command: p-create. 
16:52:43.552 INFO  Loading Command: p-delete. 
16:52:43.554 INFO  Loading Command: p-load. 
16:52:43.555 INFO  Loading Command: p-remove. 
16:52:43.556 INFO  Loading Command: p-view. 
16:52:43.557 INFO  Loading Command: pause. 
16:52:43.558 INFO  Loading Command: pitch. 
16:52:43.559 INFO  Loading Command: play12. 
16:52:43.561 INFO  Loading Command: previous. 
16:52:43.562 INFO  Loading Command: queue12. 
16:52:43.569 INFO  Loading Command: radio. 
16:52:43.570 INFO  Loading Command: remove. 
16:52:43.571 INFO  Loading Command: resume. 
16:52:43.572 INFO  Loading Command: rewind. 
16:52:43.573 INFO  Loading Command: search. 
16:52:43.575 INFO  Loading Command: seek. 
16:52:43.577 INFO  Loading Command: shuffle. 
16:52:43.578 INFO  Loading Command: skip. 
16:52:43.580 INFO  Loading Command: speed. 
16:52:43.582 INFO  Loading Command: vaporwave. 
16:52:43.584 INFO  Loading Command: volume. 
16:52:43.589 INFO  Loading Event: debug 
16:52:43.590 INFO  Loading Event: error 
16:52:43.592 INFO  Loading Event: guildCreate 
16:52:43.595 INFO  Loading Event: guildDelete 
16:52:43.596 INFO  Loading Event: guildUnavailable 
16:52:43.597 INFO  Loading Event: interactionCreate 
16:52:43.602 INFO  Loading Event: messageCreate 
16:52:43.603 INFO  Loading Event: rateLimit 
16:52:43.604 INFO  Loading Event: raw 
16:52:43.606 INFO  Loading Event: ready 
16:52:43.607 INFO  Loading Event: warn 
16:52:43.608 INFO  Loading Event: clickButton 
16:52:43.611 INFO  Loading Event: slashCreate 
16:52:43.612 INFO  Loading Event: channelDelete 
16:52:43.614 INFO  Loading Event: messageReactionAdd 
16:52:43.616 INFO  Loading Event: voiceStateUpdate 
16:52:43.617 INFO  Loading Event: shardDisconnect 
16:52:43.618 INFO  Loading Event: shardError 
16:52:43.620 INFO  Loading Event: shardReady 
16:52:43.621 INFO  Loading Event: shardReconnecting 
16:52:43.919 INFO  MongoDB successfully connected 
16:52:44.289 INFO  Shard: 0 has became ready with: 0 unavailable guilds. 
16:52:44.294 INFO  =-=-=-=-=-=-=- Loading Guild Specific Interaction(s) -=-=-=-=-=-=-= 
16:52:44.312 INFO  Lavalink node: 0.0.0.0 has connected. 
16:52:44.368 INFO  All guilds have been initialized. 
16:52:44.369 INFO  -=-=-=-=-=-=-=-=-=-=-=-=-=-=-=-=-=-=-=-=-=-=-=-=-=-=-=-= 
16:52:44.369 INFO  Moody 2#6662, ready to serve [2] users in [3] servers. 
16:52:44.369 INFO  -=-=-=-=-=-=-=-=-=-=-=-=-=-=-=-=-=-=-=-=-=-=-=-=-=-=-=-= 
16:52:44.534 INFO  Loaded Interactions for guild: Moody 
16:52:44.539 INFO  Loaded Interactions for guild: TEST 
16:52:44.553 INFO  Loaded Interactions for guild: Friends 
16:53:44.907 INFO  Lavalink player created in guild: 709832515577184287. 
16:53:45.028 INFO  Track Loaded: Sauf Sport Balance 
16:56:07.007 INFO  =-=-=-=-=-=-=- Loading shard(s) -=-=-=-=-=-=-= 
16:56:07.965 INFO  =-=-=-=-=-=-=- Loading commands -=-=-=-=-=-=-= 
16:56:07.977 INFO  Loading Command: ban. 
16:56:07.979 INFO  Loading Command: prefix. 
16:56:07.981 INFO  Loading Command: setup. 
16:56:07.983 INFO  Loading Command: test. 
16:56:07.984 INFO  Loading Command: unban. 
16:56:07.988 INFO  Loading Command: help. 
16:56:08.104 INFO  Loading Command: lyrics. 
16:56:08.106 INFO  Loading Command: ping. 
16:56:08.108 INFO  Loading Command: play. 
16:56:08.110 INFO  Loading Command: playlists. 
16:56:08.111 INFO  Loading Command: premiumstatus. 
16:56:08.113 INFO  Loading Command: queue. 
16:56:08.115 INFO  Loading Command: docs. 
16:56:08.116 INFO  Loading Command: eval. 
16:56:08.118 INFO  Loading Command: lavalink. 
16:56:08.131 INFO  Loading Command: node. 
16:56:08.132 INFO  Loading Command: reload. 
16:56:08.133 INFO  Loading Command: shutdown. 
16:56:08.134 INFO  Loading Command: suggestion. 
16:56:08.137 INFO  Loading Command: user. 
16:56:08.140 INFO  Loading Command: about. 
16:56:08.141 INFO  Loading Command: invite. 
16:56:08.144 INFO  Loading Command: shorturl. 
16:56:08.145 INFO  Loading Command: status. 
16:56:08.146 INFO  Loading Command: support. 
16:56:08.147 INFO  Loading Command: uptime. 
16:56:08.148 INFO  Loading Command: 247. 
16:56:08.150 INFO  Loading Command: back. 
16:56:08.151 INFO  Loading Command: bassboost. 
16:56:08.152 INFO  Loading Command: dc. 
16:56:08.153 INFO  Loading Command: fast-forward. 
16:56:08.154 INFO  Loading Command: join. 
16:56:08.155 INFO  Loading Command: loop. 
16:56:08.160 INFO  Loading Command: lyrics12. 
16:56:08.161 INFO  Loading Command: move. 
16:56:08.163 INFO  Loading Command: nightcore. 
16:56:08.166 INFO  Loading Command: np. 
16:56:08.167 INFO  Loading Command: p-add. 
16:56:08.168 INFO  Loading Command: p-create. 
16:56:08.169 INFO  Loading Command: p-delete. 
16:56:08.171 INFO  Loading Command: p-load. 
16:56:08.172 INFO  Loading Command: p-remove. 
16:56:08.174 INFO  Loading Command: p-view. 
16:56:08.175 INFO  Loading Command: pause. 
16:56:08.177 INFO  Loading Command: pitch. 
16:56:08.179 INFO  Loading Command: play12. 
16:56:08.180 INFO  Loading Command: previous. 
16:56:08.182 INFO  Loading Command: queue12. 
16:56:08.189 INFO  Loading Command: radio. 
16:56:08.191 INFO  Loading Command: remove. 
16:56:08.192 INFO  Loading Command: resume. 
16:56:08.193 INFO  Loading Command: rewind. 
16:56:08.194 INFO  Loading Command: search. 
16:56:08.196 INFO  Loading Command: seek. 
16:56:08.198 INFO  Loading Command: shuffle. 
16:56:08.200 INFO  Loading Command: skip. 
16:56:08.201 INFO  Loading Command: speed. 
16:56:08.203 INFO  Loading Command: vaporwave. 
16:56:08.204 INFO  Loading Command: volume. 
16:56:08.205 INFO  =-=-=-=-=-=-=- Loading events -=-=-=-=-=-=-= 
16:56:08.389 INFO  Loading Event: clickButton 
16:56:08.392 INFO  Loading Event: slashCreate 
16:56:08.394 INFO  Loading Event: debug 
16:56:08.396 INFO  Loading Event: error 
16:56:08.398 INFO  Loading Event: guildCreate 
16:56:08.400 INFO  Loading Event: guildDelete 
16:56:08.402 INFO  Loading Event: guildUnavailable 
16:56:08.403 INFO  Loading Event: interactionCreate 
16:56:08.407 INFO  Loading Event: messageCreate 
16:56:08.408 INFO  Loading Event: rateLimit 
16:56:08.409 INFO  Loading Event: raw 
16:56:08.411 INFO  Loading Event: ready 
16:56:08.413 INFO  Loading Event: warn 
16:56:08.416 INFO  Loading Event: channelDelete 
16:56:08.418 INFO  Loading Event: messageReactionAdd 
16:56:08.420 INFO  Loading Event: voiceStateUpdate 
16:56:08.423 INFO  Loading Event: shardDisconnect 
16:56:08.424 INFO  Loading Event: shardError 
16:56:08.425 INFO  Loading Event: shardReady 
16:56:08.427 INFO  Loading Event: shardReconnecting 
16:56:08.670 INFO  MongoDB successfully connected 
16:56:09.088 INFO  Shard: 0 has became ready with: 0 unavailable guilds. 
16:56:09.093 INFO  =-=-=-=-=-=-=- Loading Guild Specific Interaction(s) -=-=-=-=-=-=-= 
16:56:09.109 INFO  Lavalink node: 0.0.0.0 has connected. 
16:56:09.180 INFO  All guilds have been initialized. 
16:56:09.180 INFO  -=-=-=-=-=-=-=-=-=-=-=-=-=-=-=-=-=-=-=-=-=-=-=-=-=-=-=-= 
16:56:09.181 INFO  Moody 2#6662, ready to serve [2] users in [3] servers. 
16:56:09.181 INFO  -=-=-=-=-=-=-=-=-=-=-=-=-=-=-=-=-=-=-=-=-=-=-=-=-=-=-=-= 
16:56:09.344 INFO  Loaded Interactions for guild: Friends 
16:56:09.396 INFO  Loaded Interactions for guild: Moody 
16:56:09.500 INFO  Loaded Interactions for guild: TEST 
16:56:19.947 INFO  Lavalink player created in guild: 709832515577184287. 
16:56:20.020 INFO  Track Loaded: All Night 
16:57:15.220 ERROR Unhandled promise rejection: Cannot access 'settings' before initialization. 
16:57:36.876 INFO  =-=-=-=-=-=-=- Loading shard(s) -=-=-=-=-=-=-= 
16:57:37.852 INFO  =-=-=-=-=-=-=- Loading commands -=-=-=-=-=-=-= 
16:57:37.864 INFO  Loading Command: ban. 
16:57:37.866 INFO  Loading Command: prefix. 
16:57:37.868 INFO  Loading Command: setup. 
16:57:37.870 INFO  Loading Command: test. 
16:57:37.872 INFO  Loading Command: unban. 
16:57:37.903 INFO  Loading Command: docs. 
16:57:37.904 INFO  Loading Command: eval. 
16:57:37.906 INFO  Loading Command: lavalink. 
16:57:37.920 INFO  Loading Command: node. 
16:57:37.922 INFO  Loading Command: reload. 
16:57:37.923 INFO  Loading Command: shutdown. 
16:57:37.924 INFO  Loading Command: suggestion. 
16:57:37.930 INFO  Loading Command: user. 
16:57:37.934 INFO  Loading Command: help. 
16:57:38.020 INFO  Loading Command: lyrics. 
16:57:38.023 INFO  Loading Command: ping. 
16:57:38.026 INFO  Loading Command: play. 
16:57:38.028 INFO  Loading Command: playlists. 
16:57:38.030 INFO  Loading Command: premiumstatus. 
16:57:38.032 INFO  Loading Command: queue. 
16:57:38.035 INFO  Loading Command: about. 
16:57:38.038 INFO  Loading Command: invite. 
16:57:38.041 INFO  Loading Command: shorturl. 
16:57:38.043 INFO  Loading Command: status. 
16:57:38.044 INFO  Loading Command: support. 
16:57:38.045 INFO  Loading Command: uptime. 
16:57:38.046 INFO  =-=-=-=-=-=-=- Loading events -=-=-=-=-=-=-= 
16:57:38.227 INFO  Loading Command: 247. 
16:57:38.228 INFO  Loading Command: back. 
16:57:38.229 INFO  Loading Command: bassboost. 
16:57:38.230 INFO  Loading Command: dc. 
16:57:38.231 INFO  Loading Command: fast-forward. 
16:57:38.233 INFO  Loading Command: join. 
16:57:38.234 INFO  Loading Command: loop. 
16:57:38.240 INFO  Loading Command: lyrics12. 
16:57:38.241 INFO  Loading Command: move. 
16:57:38.242 INFO  Loading Command: nightcore. 
16:57:38.245 INFO  Loading Command: np. 
16:57:38.246 INFO  Loading Command: p-add. 
16:57:38.248 INFO  Loading Command: p-create. 
16:57:38.249 INFO  Loading Command: p-delete. 
16:57:38.251 INFO  Loading Command: p-load. 
16:57:38.252 INFO  Loading Command: p-remove. 
16:57:38.254 INFO  Loading Command: p-view. 
16:57:38.255 INFO  Loading Command: pause. 
16:57:38.257 INFO  Loading Command: pitch. 
16:57:38.259 INFO  Loading Command: play12. 
16:57:38.260 INFO  Loading Command: previous. 
16:57:38.261 INFO  Loading Command: queue12. 
16:57:38.268 INFO  Loading Command: radio. 
16:57:38.270 INFO  Loading Command: remove. 
16:57:38.271 INFO  Loading Command: resume. 
16:57:38.272 INFO  Loading Command: rewind. 
16:57:38.274 INFO  Loading Command: search. 
16:57:38.275 INFO  Loading Command: seek. 
16:57:38.277 INFO  Loading Command: shuffle. 
16:57:38.279 INFO  Loading Command: skip. 
16:57:38.280 INFO  Loading Command: speed. 
16:57:38.282 INFO  Loading Command: vaporwave. 
16:57:38.283 INFO  Loading Command: volume. 
16:57:38.291 INFO  Loading Event: debug 
16:57:38.292 INFO  Loading Event: error 
16:57:38.294 INFO  Loading Event: guildCreate 
16:57:38.297 INFO  Loading Event: guildDelete 
16:57:38.298 INFO  Loading Event: guildUnavailable 
16:57:38.299 INFO  Loading Event: interactionCreate 
16:57:38.303 INFO  Loading Event: messageCreate 
16:57:38.305 INFO  Loading Event: rateLimit 
16:57:38.306 INFO  Loading Event: raw 
16:57:38.307 INFO  Loading Event: ready 
16:57:38.309 INFO  Loading Event: warn 
16:57:38.311 INFO  Loading Event: shardDisconnect 
16:57:38.312 INFO  Loading Event: shardError 
16:57:38.313 INFO  Loading Event: shardReady 
16:57:38.314 INFO  Loading Event: shardReconnecting 
16:57:38.316 INFO  Loading Event: channelDelete 
16:57:38.319 INFO  Loading Event: messageReactionAdd 
16:57:38.320 ERROR Failed to load Event: voiceStateUpdate error: Identifier 'settings' has already been declared 
16:57:38.322 INFO  Loading Event: clickButton 
16:57:38.324 INFO  Loading Event: slashCreate 
16:57:38.642 INFO  MongoDB successfully connected 
16:57:38.978 INFO  Shard: 0 has became ready with: 0 unavailable guilds. 
16:57:38.984 INFO  =-=-=-=-=-=-=- Loading Guild Specific Interaction(s) -=-=-=-=-=-=-= 
16:57:39.002 INFO  Lavalink node: 0.0.0.0 has connected. 
16:57:39.072 INFO  All guilds have been initialized. 
16:57:39.073 INFO  -=-=-=-=-=-=-=-=-=-=-=-=-=-=-=-=-=-=-=-=-=-=-=-=-=-=-=-= 
16:57:39.073 INFO  Moody 2#6662, ready to serve [2] users in [3] servers. 
16:57:39.073 INFO  -=-=-=-=-=-=-=-=-=-=-=-=-=-=-=-=-=-=-=-=-=-=-=-=-=-=-=-= 
16:57:39.219 INFO  Loaded Interactions for guild: Friends 
16:57:39.311 INFO  Loaded Interactions for guild: TEST 
16:57:39.366 INFO  Loaded Interactions for guild: Moody 
16:57:42.679 INFO  Lavalink player created in guild: 709832515577184287. 
16:57:42.751 INFO  Track Loaded: And We Danced (feat. Ziggy Stardust) 
17:18:47.968 INFO  Track Loaded: Your Gain 
17:19:20.095 INFO  Found Track:      | Serial Irani Del E01 
17:22:08.709 INFO  Lavalink player destroyed in guild: 709832515577184287. 
17:22:24.898 INFO  Lavalink player created in guild: 709832515577184287. 
17:39:06.918 ERROR  
17:39:06.920 ERROR Unhandled promise rejection: Cannot read property 'state' of undefined. 
17:49:19.752 INFO  Lavalink player destroyed in guild: 709832515577184287. 
17:56:23.032 INFO  =-=-=-=-=-=-=- Loading shard(s) -=-=-=-=-=-=-= 
17:56:24.457 INFO  =-=-=-=-=-=-=- Loading commands -=-=-=-=-=-=-= 
17:56:24.487 INFO  Loading Command: ban. 
17:56:24.492 INFO  Loading Command: playlists. 
17:56:24.505 INFO  Loading Command: prefix. 
17:56:24.514 INFO  Loading Command: setup. 
17:56:24.531 INFO  Loading Command: test. 
17:56:24.549 INFO  Loading Command: unban. 
17:56:24.561 INFO  Loading Command: help. 
17:56:24.961 INFO  Loading Command: lyrics. 
17:56:24.963 INFO  Loading Command: ping. 
17:56:24.984 INFO  Loading Command: play. 
17:56:24.986 INFO  Loading Command: premiumstatus. 
17:56:24.996 INFO  Loading Command: queue. 
17:56:24.999 INFO  Loading Command: docs. 
17:56:25.001 INFO  Loading Command: eval. 
17:56:25.003 INFO  Loading Command: lavalink. 
17:56:25.087 INFO  Loading Command: node. 
17:56:25.088 INFO  Loading Command: reload. 
17:56:25.090 INFO  Loading Command: shutdown. 
17:56:25.092 INFO  Loading Command: suggestion. 
17:56:25.096 INFO  Loading Command: user. 
17:56:25.096 INFO  =-=-=-=-=-=-=- Loading events -=-=-=-=-=-=-= 
17:56:25.924 INFO  Loading Command: about. 
17:56:25.927 INFO  Loading Command: invite. 
17:56:25.939 INFO  Loading Command: shorturl. 
17:56:25.941 INFO  Loading Command: status. 
17:56:25.942 INFO  Loading Command: support. 
17:56:25.960 INFO  Loading Command: uptime. 
17:56:25.964 INFO  Loading Command: 247. 
17:56:25.966 INFO  Loading Command: back. 
17:56:25.968 INFO  Loading Command: bassboost. 
17:56:25.970 INFO  Loading Command: dc. 
17:56:25.972 INFO  Loading Command: fast-forward. 
17:56:25.978 INFO  Loading Command: join. 
17:56:25.980 INFO  Loading Command: loop. 
17:56:26.008 INFO  Loading Command: lyrics12. 
17:56:26.009 INFO  Loading Command: move. 
17:56:26.012 INFO  Loading Command: nightcore. 
17:56:26.030 INFO  Loading Command: np. 
17:56:26.032 INFO  Loading Command: p-add. 
17:56:26.034 INFO  Loading Command: p-create. 
17:56:26.035 INFO  Loading Command: p-delete. 
17:56:26.038 INFO  Loading Command: p-load. 
17:56:26.040 INFO  Loading Command: p-remove. 
17:56:26.042 INFO  Loading Command: p-view. 
17:56:26.043 INFO  Loading Command: pause. 
17:56:26.046 INFO  Loading Command: pitch. 
17:56:26.052 INFO  Loading Command: play12. 
17:56:26.054 INFO  Loading Command: previous. 
17:56:26.063 INFO  Loading Command: queue12. 
17:56:26.078 INFO  Loading Command: radio. 
17:56:26.080 INFO  Loading Command: remove. 
17:56:26.081 INFO  Loading Command: resume. 
17:56:26.083 INFO  Loading Command: rewind. 
17:56:26.094 INFO  Loading Command: search. 
17:56:26.096 INFO  Loading Command: seek. 
17:56:26.098 INFO  Loading Command: shuffle. 
17:56:26.099 INFO  Loading Command: skip. 
17:56:26.100 INFO  Loading Command: speed. 
17:56:26.103 INFO  Loading Command: vaporwave. 
17:56:26.104 INFO  Loading Command: volume. 
17:56:26.112 INFO  Loading Event: channelDelete 
17:56:26.114 INFO  Loading Event: messageReactionAdd 
17:56:26.124 ERROR Failed to load Event: voiceStateUpdate error: Identifier 'settings' has already been declared 
17:56:26.127 INFO  Loading Event: clickButton 
17:56:26.145 INFO  Loading Event: slashCreate 
17:56:26.147 INFO  Loading Event: debug 
17:56:26.149 INFO  Loading Event: error 
17:56:26.152 INFO  Loading Event: guildCreate 
17:56:26.155 INFO  Loading Event: guildDelete 
17:56:26.158 INFO  Loading Event: guildUnavailable 
17:56:26.160 INFO  Loading Event: interactionCreate 
17:56:26.182 INFO  Loading Event: messageCreate 
17:56:26.183 INFO  Loading Event: rateLimit 
17:56:26.185 INFO  Loading Event: raw 
17:56:26.186 INFO  Loading Event: ready 
17:56:26.188 INFO  Loading Event: warn 
17:56:26.189 INFO  Loading Event: shardDisconnect 
17:56:26.191 INFO  Loading Event: shardError 
17:56:26.192 INFO  Loading Event: shardReady 
17:56:26.193 INFO  Loading Event: shardReconnecting 
17:56:26.499 INFO  MongoDB successfully connected 
17:56:26.761 INFO  Shard: 0 has became ready with: 0 unavailable guilds. 
17:56:26.766 INFO  =-=-=-=-=-=-=- Loading Guild Specific Interaction(s) -=-=-=-=-=-=-= 
17:56:26.781 INFO  Lavalink node: 0.0.0.0 has connected. 
17:56:26.859 INFO  All guilds have been initialized. 
17:56:26.860 INFO  -=-=-=-=-=-=-=-=-=-=-=-=-=-=-=-=-=-=-=-=-=-=-=-=-=-=-=-= 
17:56:26.860 INFO  Moody 2#6662, ready to serve [1] users in [3] servers. 
17:56:26.861 INFO  -=-=-=-=-=-=-=-=-=-=-=-=-=-=-=-=-=-=-=-=-=-=-=-=-=-=-=-= 
17:56:27.000 INFO  Loaded Interactions for guild: Friends 
17:56:27.050 INFO  Loaded Interactions for guild: Moody 
17:56:27.096 INFO  Loaded Interactions for guild: TEST 
