01:21:49.965 INFO  MongoDB successfully connected 
01:21:50.249 INFO  Shard: 0 has became ready 
01:21:50.299 INFO  All guilds have been initialized. 
01:21:50.299 INFO  -=-=-=-=-=-=-=-=-=-=-=-=-=-=-=-=-=-=-=-=-=-=-=-=-=-=-=-= 
01:21:50.299 INFO  Void Music 2#3539, ready to serve [3] users in [3] servers. 
01:21:50.300 INFO  -=-=-=-=-=-=-=-=-=-=-=-=-=-=-=-=-=-=-=-=-=-=-=-=-=-=-=-= 
01:21:50.460 ERROR Unhandled promise rejection: Invalid Form Body
9.options[1][LIST_ITEM_VALUE_REQUIRED]: List item values of ModelType are required. 
01:21:50.598 ERROR Unhandled promise rejection: Invalid Form Body
9.options[1][LIST_ITEM_VALUE_REQUIRED]: List item values of ModelType are required. 
01:21:50.692 INFO  Lavalink node: losingtime.dpaste.org has connected. 
01:21:50.774 ERROR Unhandled promise rejection: Invalid Form Body
9.options[1][LIST_ITEM_VALUE_REQUIRED]: List item values of ModelType are required. 
01:23:03.846 ERROR Unable to load command play.js: SyntaxError: Unexpected token ')' 
01:23:04.369 INFO  MongoDB successfully connected 
01:23:05.068 INFO  Shard: 0 has became ready 
01:23:05.114 INFO  All guilds have been initialized. 
01:23:05.114 INFO  -=-=-=-=-=-=-=-=-=-=-=-=-=-=-=-=-=-=-=-=-=-=-=-=-=-=-=-= 
01:23:05.115 INFO  Void Music 2#3539, ready to serve [3] users in [3] servers. 
01:23:05.115 INFO  -=-=-=-=-=-=-=-=-=-=-=-=-=-=-=-=-=-=-=-=-=-=-=-=-=-=-=-= 
01:23:05.497 INFO  Lavalink node: losingtime.dpaste.org has connected. 
01:26:18.492 INFO  MongoDB successfully connected 
01:26:18.853 INFO  Shard: 0 has became ready 
01:26:18.899 INFO  All guilds have been initialized. 
01:26:18.899 INFO  -=-=-=-=-=-=-=-=-=-=-=-=-=-=-=-=-=-=-=-=-=-=-=-=-=-=-=-= 
01:26:18.900 INFO  Void Music 2#3539, ready to serve [3] users in [3] servers. 
01:26:18.900 INFO  -=-=-=-=-=-=-=-=-=-=-=-=-=-=-=-=-=-=-=-=-=-=-=-=-=-=-=-= 
01:26:19.251 INFO  Lavalink node: losingtime.dpaste.org has connected. 
01:26:56.974 ERROR Unhandled promise rejection: interaciton is not defined. 
01:27:16.790 INFO  MongoDB successfully connected 
01:27:17.369 INFO  Shard: 0 has became ready 
01:27:17.409 INFO  All guilds have been initialized. 
01:27:17.409 INFO  -=-=-=-=-=-=-=-=-=-=-=-=-=-=-=-=-=-=-=-=-=-=-=-=-=-=-=-= 
01:27:17.409 INFO  Void Music 2#3539, ready to serve [3] users in [3] servers. 
01:27:17.410 INFO  -=-=-=-=-=-=-=-=-=-=-=-=-=-=-=-=-=-=-=-=-=-=-=-=-=-=-=-= 
01:27:17.963 INFO  Lavalink node: losingtime.dpaste.org has connected. 
01:27:23.792 ERROR Unhandled promise rejection: No focused option for autocomplete interaction.. 
01:34:05.302 INFO  MongoDB successfully connected 
01:34:05.613 INFO  Shard: 0 has became ready 
01:34:05.654 INFO  All guilds have been initialized. 
01:34:05.655 INFO  -=-=-=-=-=-=-=-=-=-=-=-=-=-=-=-=-=-=-=-=-=-=-=-=-=-=-=-= 
01:34:05.655 INFO  Void Music 2#3539, ready to serve [3] users in [3] servers. 
01:34:05.655 INFO  -=-=-=-=-=-=-=-=-=-=-=-=-=-=-=-=-=-=-=-=-=-=-=-=-=-=-=-= 
01:34:06.068 INFO  Lavalink node: losingtime.dpaste.org has connected. 
01:34:16.534 ERROR Unhandled promise rejection: No focused option for autocomplete interaction.. 
01:40:36.096 INFO  MongoDB successfully connected 
01:40:36.424 INFO  Shard: 0 has became ready 
01:40:36.461 INFO  All guilds have been initialized. 
01:40:36.461 INFO  -=-=-=-=-=-=-=-=-=-=-=-=-=-=-=-=-=-=-=-=-=-=-=-=-=-=-=-= 
01:40:36.461 INFO  Void Music 2#3539, ready to serve [3] users in [3] servers. 
01:40:36.462 INFO  -=-=-=-=-=-=-=-=-=-=-=-=-=-=-=-=-=-=-=-=-=-=-=-=-=-=-=-= 
01:40:36.861 INFO  Lavalink node: losingtime.dpaste.org has connected. 
01:44:54.262 INFO  MongoDB successfully connected 
01:44:54.558 INFO  Shard: 0 has became ready 
01:44:54.603 INFO  All guilds have been initialized. 
01:44:54.604 INFO  -=-=-=-=-=-=-=-=-=-=-=-=-=-=-=-=-=-=-=-=-=-=-=-=-=-=-=-= 
01:44:54.604 INFO  Void Music 2#3539, ready to serve [3] users in [3] servers. 
01:44:54.604 INFO  -=-=-=-=-=-=-=-=-=-=-=-=-=-=-=-=-=-=-=-=-=-=-=-=-=-=-=-= 
01:44:54.991 INFO  Lavalink node: losingtime.dpaste.org has connected. 
01:45:48.355 INFO  MongoDB successfully connected 
01:45:48.751 INFO  Shard: 0 has became ready 
01:45:48.796 INFO  All guilds have been initialized. 
01:45:48.796 INFO  -=-=-=-=-=-=-=-=-=-=-=-=-=-=-=-=-=-=-=-=-=-=-=-=-=-=-=-= 
01:45:48.796 INFO  Void Music 2#3539, ready to serve [3] users in [3] servers. 
01:45:48.797 INFO  -=-=-=-=-=-=-=-=-=-=-=-=-=-=-=-=-=-=-=-=-=-=-=-=-=-=-=-= 
01:45:49.172 INFO  Lavalink node: losingtime.dpaste.org has connected. 
01:48:00.963 INFO  MongoDB successfully connected 
01:48:01.165 INFO  Shard: 0 has became ready 
01:48:01.213 INFO  All guilds have been initialized. 
01:48:01.213 INFO  -=-=-=-=-=-=-=-=-=-=-=-=-=-=-=-=-=-=-=-=-=-=-=-=-=-=-=-= 
01:48:01.213 INFO  Void Music 2#3539, ready to serve [3] users in [3] servers. 
01:48:01.214 INFO  -=-=-=-=-=-=-=-=-=-=-=-=-=-=-=-=-=-=-=-=-=-=-=-=-=-=-=-= 
01:48:01.584 INFO  Lavalink node: losingtime.dpaste.org has connected. 
01:48:29.235 INFO  MongoDB successfully connected 
01:48:29.659 INFO  Shard: 0 has became ready 
01:48:29.707 INFO  All guilds have been initialized. 
01:48:29.708 INFO  -=-=-=-=-=-=-=-=-=-=-=-=-=-=-=-=-=-=-=-=-=-=-=-=-=-=-=-= 
01:48:29.708 INFO  Void Music 2#3539, ready to serve [3] users in [3] servers. 
01:48:29.708 INFO  -=-=-=-=-=-=-=-=-=-=-=-=-=-=-=-=-=-=-=-=-=-=-=-=-=-=-=-= 
01:48:30.077 INFO  Lavalink node: losingtime.dpaste.org has connected. 
01:49:13.318 INFO  MongoDB successfully connected 
01:49:13.597 INFO  Shard: 0 has became ready 
01:49:13.649 INFO  All guilds have been initialized. 
01:49:13.649 INFO  -=-=-=-=-=-=-=-=-=-=-=-=-=-=-=-=-=-=-=-=-=-=-=-=-=-=-=-= 
01:49:13.650 INFO  Void Music 2#3539, ready to serve [3] users in [3] servers. 
01:49:13.650 INFO  -=-=-=-=-=-=-=-=-=-=-=-=-=-=-=-=-=-=-=-=-=-=-=-=-=-=-=-= 
01:49:14.023 INFO  Lavalink node: losingtime.dpaste.org has connected. 
01:53:12.147 INFO  MongoDB successfully connected 
01:53:12.495 INFO  Shard: 0 has became ready 
01:53:12.550 INFO  All guilds have been initialized. 
01:53:12.551 INFO  -=-=-=-=-=-=-=-=-=-=-=-=-=-=-=-=-=-=-=-=-=-=-=-=-=-=-=-= 
01:53:12.551 INFO  Void Music 2#3539, ready to serve [3] users in [3] servers. 
01:53:12.551 INFO  -=-=-=-=-=-=-=-=-=-=-=-=-=-=-=-=-=-=-=-=-=-=-=-=-=-=-=-= 
01:53:12.951 INFO  Lavalink node: losingtime.dpaste.org has connected. 
01:54:11.030 INFO  MongoDB successfully connected 
01:54:11.773 INFO  Shard: 0 has became ready 
01:54:11.816 INFO  All guilds have been initialized. 
01:54:11.817 INFO  -=-=-=-=-=-=-=-=-=-=-=-=-=-=-=-=-=-=-=-=-=-=-=-=-=-=-=-= 
01:54:11.817 INFO  Void Music 2#3539, ready to serve [3] users in [3] servers. 
01:54:11.817 INFO  -=-=-=-=-=-=-=-=-=-=-=-=-=-=-=-=-=-=-=-=-=-=-=-=-=-=-=-= 
01:54:12.174 INFO  Lavalink node: losingtime.dpaste.org has connected. 
01:59:29.321 INFO  MongoDB successfully connected 
01:59:29.730 INFO  Shard: 0 has became ready 
01:59:29.775 INFO  All guilds have been initialized. 
01:59:29.776 INFO  -=-=-=-=-=-=-=-=-=-=-=-=-=-=-=-=-=-=-=-=-=-=-=-=-=-=-=-= 
01:59:29.776 INFO  Void Music 2#3539, ready to serve [3] users in [3] servers. 
01:59:29.776 INFO  -=-=-=-=-=-=-=-=-=-=-=-=-=-=-=-=-=-=-=-=-=-=-=-=-=-=-=-= 
01:59:30.147 INFO  Lavalink node: losingtime.dpaste.org has connected. 
02:00:44.948 INFO  MongoDB successfully connected 
02:00:45.297 INFO  Shard: 0 has became ready 
02:00:45.350 INFO  All guilds have been initialized. 
02:00:45.351 INFO  -=-=-=-=-=-=-=-=-=-=-=-=-=-=-=-=-=-=-=-=-=-=-=-=-=-=-=-= 
02:00:45.351 INFO  Void Music 2#3539, ready to serve [3] users in [3] servers. 
02:00:45.351 INFO  -=-=-=-=-=-=-=-=-=-=-=-=-=-=-=-=-=-=-=-=-=-=-=-=-=-=-=-= 
02:00:45.587 INFO  Lavalink node: losingtime.dpaste.org has connected. 
02:05:47.861 INFO  MongoDB successfully connected 
02:05:48.245 INFO  Shard: 0 has became ready 
02:05:48.295 INFO  All guilds have been initialized. 
02:05:48.295 INFO  -=-=-=-=-=-=-=-=-=-=-=-=-=-=-=-=-=-=-=-=-=-=-=-=-=-=-=-= 
02:05:48.296 INFO  Void Music 2#3539, ready to serve [3] users in [3] servers. 
02:05:48.296 INFO  -=-=-=-=-=-=-=-=-=-=-=-=-=-=-=-=-=-=-=-=-=-=-=-=-=-=-=-= 
02:05:48.650 INFO  Lavalink node: losingtime.dpaste.org has connected. 
02:06:32.467 INFO  MongoDB successfully connected 
02:06:32.901 INFO  Shard: 0 has became ready 
02:06:32.944 INFO  All guilds have been initialized. 
02:06:32.944 INFO  -=-=-=-=-=-=-=-=-=-=-=-=-=-=-=-=-=-=-=-=-=-=-=-=-=-=-=-= 
02:06:32.944 INFO  Void Music 2#3539, ready to serve [3] users in [3] servers. 
02:06:32.945 INFO  -=-=-=-=-=-=-=-=-=-=-=-=-=-=-=-=-=-=-=-=-=-=-=-=-=-=-=-= 
02:06:33.317 INFO  Lavalink node: losingtime.dpaste.org has connected. 
02:08:20.007 INFO  MongoDB successfully connected 
02:08:20.253 INFO  Shard: 0 has became ready 
02:08:20.302 INFO  All guilds have been initialized. 
02:08:20.302 INFO  -=-=-=-=-=-=-=-=-=-=-=-=-=-=-=-=-=-=-=-=-=-=-=-=-=-=-=-= 
02:08:20.302 INFO  Void Music 2#3539, ready to serve [3] users in [3] servers. 
02:08:20.303 INFO  -=-=-=-=-=-=-=-=-=-=-=-=-=-=-=-=-=-=-=-=-=-=-=-=-=-=-=-= 
02:08:20.526 INFO  Lavalink node: losingtime.dpaste.org has connected. 
02:10:04.292 INFO  MongoDB successfully connected 
02:10:04.620 INFO  Shard: 0 has became ready 
02:10:04.663 INFO  All guilds have been initialized. 
02:10:04.663 INFO  -=-=-=-=-=-=-=-=-=-=-=-=-=-=-=-=-=-=-=-=-=-=-=-=-=-=-=-= 
02:10:04.663 INFO  Void Music 2#3539, ready to serve [3] users in [3] servers. 
02:10:04.664 INFO  -=-=-=-=-=-=-=-=-=-=-=-=-=-=-=-=-=-=-=-=-=-=-=-=-=-=-=-= 
02:10:04.883 INFO  Lavalink node: losingtime.dpaste.org has connected. 
12:17:13.056 INFO  MongoDB successfully connected 
12:17:13.321 INFO  Shard: 0 has became ready 
12:17:13.389 INFO  All guilds have been initialized. 
12:17:13.390 INFO  -=-=-=-=-=-=-=-=-=-=-=-=-=-=-=-=-=-=-=-=-=-=-=-=-=-=-=-= 
12:17:13.390 INFO  Void Music 2#3539, ready to serve [2] users in [3] servers. 
12:17:13.390 INFO  -=-=-=-=-=-=-=-=-=-=-=-=-=-=-=-=-=-=-=-=-=-=-=-=-=-=-=-= 
12:17:13.472 INFO  Lavalink node: 0.0.0.0 has connected. 
12:19:50.483 INFO  MongoDB successfully connected 
12:19:50.836 INFO  Shard: 0 has became ready 
12:19:50.862 INFO  Lavalink node: 0.0.0.0 has connected. 
12:19:50.879 INFO  All guilds have been initialized. 
12:19:50.880 INFO  -=-=-=-=-=-=-=-=-=-=-=-=-=-=-=-=-=-=-=-=-=-=-=-=-=-=-=-= 
12:19:50.880 INFO  Void Music 2#3539, ready to serve [2] users in [3] servers. 
12:19:50.881 INFO  -=-=-=-=-=-=-=-=-=-=-=-=-=-=-=-=-=-=-=-=-=-=-=-=-=-=-=-= 
12:21:40.099 INFO  MongoDB successfully connected 
12:21:40.417 INFO  Shard: 0 has became ready 
12:21:40.443 INFO  Lavalink node: 0.0.0.0 has connected. 
12:21:40.473 INFO  All guilds have been initialized. 
12:21:40.473 INFO  -=-=-=-=-=-=-=-=-=-=-=-=-=-=-=-=-=-=-=-=-=-=-=-=-=-=-=-= 
12:21:40.474 INFO  Void Music 2#3539, ready to serve [2] users in [3] servers. 
12:21:40.474 INFO  -=-=-=-=-=-=-=-=-=-=-=-=-=-=-=-=-=-=-=-=-=-=-=-=-=-=-=-= 
12:24:14.897 INFO  MongoDB successfully connected 
12:24:15.259 INFO  Shard: 0 has became ready 
12:24:15.287 INFO  Lavalink node: 0.0.0.0 has connected. 
12:24:15.310 INFO  All guilds have been initialized. 
12:24:15.311 INFO  -=-=-=-=-=-=-=-=-=-=-=-=-=-=-=-=-=-=-=-=-=-=-=-=-=-=-=-= 
12:24:15.311 INFO  Void Music 2#3539, ready to serve [2] users in [3] servers. 
12:24:15.312 INFO  -=-=-=-=-=-=-=-=-=-=-=-=-=-=-=-=-=-=-=-=-=-=-=-=-=-=-=-= 
12:24:28.989 ERROR Target user is not connected to voice.
{"name":"DiscordAPIError","message":"Target user is not connected to voice.","method":"patch","path":"/guilds/823543363688464455/members/945474723846950944","code":40032,"httpStatus":400,"requestData":{"json":{"deaf":true},"files":[]}}
DiscordAPIError: Target user is not connected to voice.
    at RequestHandler.execute (D:\Bots\Discord Bots\Void Music\Void Music 2\node_modules\discord.js\src\rest\RequestHandler.js:350:13)
    at processTicksAndRejections (node:internal/process/task_queues:96:5)
    at async RequestHandler.push (D:\Bots\Discord Bots\Void Music\Void Music 2\node_modules\discord.js\src\rest\RequestHandler.js:51:14)
    at async GuildMemberManager.edit (D:\Bots\Discord Bots\Void Music\Void Music 2\node_modules\discord.js\src\managers\GuildMemberManager.js:279:15) 
13:15:30.375 INFO  MongoDB successfully connected 
13:15:30.822 INFO  Shard: 0 has became ready 
13:15:30.848 INFO  Lavalink node: 0.0.0.0 has connected. 
13:15:30.876 INFO  All guilds have been initialized. 
13:15:30.876 INFO  -=-=-=-=-=-=-=-=-=-=-=-=-=-=-=-=-=-=-=-=-=-=-=-=-=-=-=-= 
13:15:30.876 INFO  Void Music 2#3539, ready to serve [2] users in [3] servers. 
13:15:30.877 INFO  -=-=-=-=-=-=-=-=-=-=-=-=-=-=-=-=-=-=-=-=-=-=-=-=-=-=-=-= 
13:15:52.780 ERROR Unhandled promise rejection: The reply to this interaction has not been sent or deferred.. 
13:15:52.843 ERROR Target user is not connected to voice.
{"name":"DiscordAPIError","message":"Target user is not connected to voice.","method":"patch","path":"/guilds/823543363688464455/members/945474723846950944","code":40032,"httpStatus":400,"requestData":{"json":{"deaf":true},"files":[]}}
DiscordAPIError: Target user is not connected to voice.
    at RequestHandler.execute (D:\Bots\Discord Bots\Void Music\Void Music 2\node_modules\discord.js\src\rest\RequestHandler.js:350:13)
    at processTicksAndRejections (node:internal/process/task_queues:96:5)
    at async RequestHandler.push (D:\Bots\Discord Bots\Void Music\Void Music 2\node_modules\discord.js\src\rest\RequestHandler.js:51:14)
    at async GuildMemberManager.edit (D:\Bots\Discord Bots\Void Music\Void Music 2\node_modules\discord.js\src\managers\GuildMemberManager.js:279:15) 
13:17:04.519 INFO  MongoDB successfully connected 
13:17:04.863 INFO  Shard: 0 has became ready 
13:17:04.887 INFO  Lavalink node: 0.0.0.0 has connected. 
13:17:04.912 INFO  All guilds have been initialized. 
13:17:04.912 INFO  -=-=-=-=-=-=-=-=-=-=-=-=-=-=-=-=-=-=-=-=-=-=-=-=-=-=-=-= 
13:17:04.912 INFO  Void Music 2#3539, ready to serve [2] users in [3] servers. 
13:17:04.913 INFO  -=-=-=-=-=-=-=-=-=-=-=-=-=-=-=-=-=-=-=-=-=-=-=-=-=-=-=-= 
13:22:14.824 INFO  MongoDB successfully connected 
13:22:15.155 INFO  Shard: 0 has became ready 
13:22:15.180 INFO  Lavalink node: 0.0.0.0 has connected. 
13:22:15.203 INFO  All guilds have been initialized. 
13:22:15.204 INFO  -=-=-=-=-=-=-=-=-=-=-=-=-=-=-=-=-=-=-=-=-=-=-=-=-=-=-=-= 
13:22:15.204 INFO  Void Music 2#3539, ready to serve [2] users in [3] servers. 
13:22:15.204 INFO  -=-=-=-=-=-=-=-=-=-=-=-=-=-=-=-=-=-=-=-=-=-=-=-=-=-=-=-= 
13:24:26.040 INFO  MongoDB successfully connected 
13:24:26.413 INFO  Shard: 0 has became ready 
13:24:26.437 INFO  Lavalink node: 0.0.0.0 has connected. 
13:24:26.466 INFO  All guilds have been initialized. 
13:24:26.467 INFO  -=-=-=-=-=-=-=-=-=-=-=-=-=-=-=-=-=-=-=-=-=-=-=-=-=-=-=-= 
13:24:26.467 INFO  Void Music 2#3539, ready to serve [2] users in [3] servers. 
13:24:26.468 INFO  -=-=-=-=-=-=-=-=-=-=-=-=-=-=-=-=-=-=-=-=-=-=-=-=-=-=-=-= 
13:24:33.811 ERROR Target user is not connected to voice.
{"name":"DiscordAPIError","message":"Target user is not connected to voice.","method":"patch","path":"/guilds/823543363688464455/members/945474723846950944","code":40032,"httpStatus":400,"requestData":{"json":{"deaf":true},"files":[]}}
DiscordAPIError: Target user is not connected to voice.
    at RequestHandler.execute (D:\Bots\Discord Bots\Void Music\Void Music 2\node_modules\discord.js\src\rest\RequestHandler.js:350:13)
    at processTicksAndRejections (node:internal/process/task_queues:96:5)
    at async RequestHandler.push (D:\Bots\Discord Bots\Void Music\Void Music 2\node_modules\discord.js\src\rest\RequestHandler.js:51:14)
    at async GuildMemberManager.edit (D:\Bots\Discord Bots\Void Music\Void Music 2\node_modules\discord.js\src\managers\GuildMemberManager.js:279:15) 
13:26:11.546 INFO  MongoDB successfully connected 
13:26:11.824 INFO  Shard: 0 has became ready 
13:26:11.849 INFO  Lavalink node: 0.0.0.0 has connected. 
13:26:11.872 INFO  All guilds have been initialized. 
13:26:11.872 INFO  -=-=-=-=-=-=-=-=-=-=-=-=-=-=-=-=-=-=-=-=-=-=-=-=-=-=-=-= 
13:26:11.873 INFO  Void Music 2#3539, ready to serve [2] users in [3] servers. 
13:26:11.873 INFO  -=-=-=-=-=-=-=-=-=-=-=-=-=-=-=-=-=-=-=-=-=-=-=-=-=-=-=-= 
13:30:12.871 ERROR Lavalink node: 0.0.0.0 has disconnect, reason: unspecified. 
13:34:15.292 INFO  MongoDB successfully connected 
13:34:15.545 INFO  Shard: 0 has became ready 
13:34:15.570 ERROR Lavalink node: '0.0.0.0', has error: 'connect ECONNREFUSED 0.0.0.0:69'. 
13:34:15.571 ERROR Lavalink node: 0.0.0.0 has disconnect, reason: unspecified. 
13:34:15.600 INFO  All guilds have been initialized. 
13:34:15.600 INFO  -=-=-=-=-=-=-=-=-=-=-=-=-=-=-=-=-=-=-=-=-=-=-=-=-=-=-=-= 
13:34:15.600 INFO  Void Music 2#3539, ready to serve [2] users in [3] servers. 
13:34:15.601 INFO  -=-=-=-=-=-=-=-=-=-=-=-=-=-=-=-=-=-=-=-=-=-=-=-=-=-=-=-= 
13:34:29.311 ERROR No available nodes.
{}
RangeError: No available nodes.
    at new Player (D:\Bots\Discord Bots\Void Music\Void Music 2\node_modules\erela.js\dist\structures\Player.js:82:19)
    at new CustomPlayer (D:\Bots\Discord Bots\Void Music\Void Music 2\src\structures\Player.js:7:4)
    at AudioManager.create (D:\Bots\Discord Bots\Void Music\Void Music 2\node_modules\erela.js\dist\structures\Manager.js:205:16)
    at Play.callback (D:\Bots\Discord Bots\Void Music\Void Music 2\src\commands\Everyone\play.js:67:37)
    at slashCreate.run (D:\Bots\Discord Bots\Void Music\Void Music 2\src\events\custom\slashCreate.js:165:20)
    at processTicksAndRejections (node:internal/process/task_queues:96:5) 
13:35:32.521 INFO  MongoDB successfully connected 
13:35:32.760 INFO  Shard: 0 has became ready 
13:35:32.788 ERROR Lavalink node: '0.0.0.0', has error: 'connect ECONNREFUSED 0.0.0.0:69'. 
13:35:32.789 ERROR Lavalink node: 0.0.0.0 has disconnect, reason: unspecified. 
13:35:32.817 INFO  All guilds have been initialized. 
13:35:32.818 INFO  -=-=-=-=-=-=-=-=-=-=-=-=-=-=-=-=-=-=-=-=-=-=-=-=-=-=-=-= 
13:35:32.818 INFO  Void Music 2#3539, ready to serve [2] users in [3] servers. 
13:35:32.819 INFO  -=-=-=-=-=-=-=-=-=-=-=-=-=-=-=-=-=-=-=-=-=-=-=-=-=-=-=-= 
13:36:05.144 INFO  MongoDB successfully connected 
13:36:05.527 INFO  Shard: 0 has became ready 
13:36:05.567 INFO  All guilds have been initialized. 
13:36:05.568 INFO  -=-=-=-=-=-=-=-=-=-=-=-=-=-=-=-=-=-=-=-=-=-=-=-=-=-=-=-= 
13:36:05.568 INFO  Void Music 2#3539, ready to serve [2] users in [3] servers. 
13:36:05.570 INFO  -=-=-=-=-=-=-=-=-=-=-=-=-=-=-=-=-=-=-=-=-=-=-=-=-=-=-=-= 
13:36:05.649 INFO  Lavalink node: 0.0.0.0 has connected. 
13:38:06.285 INFO  MongoDB successfully connected 
13:38:06.635 INFO  Shard: 0 has became ready 
13:38:06.657 INFO  Lavalink node: 0.0.0.0 has connected. 
13:38:06.682 INFO  All guilds have been initialized. 
13:38:06.683 INFO  -=-=-=-=-=-=-=-=-=-=-=-=-=-=-=-=-=-=-=-=-=-=-=-=-=-=-=-= 
13:38:06.683 INFO  Void Music 2#3539, ready to serve [2] users in [3] servers. 
13:38:06.684 INFO  -=-=-=-=-=-=-=-=-=-=-=-=-=-=-=-=-=-=-=-=-=-=-=-=-=-=-=-= 
13:38:52.158 INFO  MongoDB successfully connected 
13:38:52.552 INFO  Shard: 0 has became ready 
13:38:52.573 INFO  Lavalink node: 0.0.0.0 has connected. 
13:38:52.592 INFO  All guilds have been initialized. 
13:38:52.593 INFO  -=-=-=-=-=-=-=-=-=-=-=-=-=-=-=-=-=-=-=-=-=-=-=-=-=-=-=-= 
13:38:52.593 INFO  Void Music 2#3539, ready to serve [2] users in [3] servers. 
13:38:52.593 INFO  -=-=-=-=-=-=-=-=-=-=-=-=-=-=-=-=-=-=-=-=-=-=-=-=-=-=-=-= 
13:40:45.571 INFO  MongoDB successfully connected 
13:40:45.856 INFO  Shard: 0 has became ready 
13:40:45.877 INFO  Lavalink node: 0.0.0.0 has connected. 
13:40:45.903 INFO  All guilds have been initialized. 
13:40:45.904 INFO  -=-=-=-=-=-=-=-=-=-=-=-=-=-=-=-=-=-=-=-=-=-=-=-=-=-=-=-= 
13:40:45.904 INFO  Void Music 2#3539, ready to serve [2] users in [3] servers. 
13:40:45.904 INFO  -=-=-=-=-=-=-=-=-=-=-=-=-=-=-=-=-=-=-=-=-=-=-=-=-=-=-=-= 
13:40:55.463 ERROR Unhandled promise rejection: The reply to this interaction has not been sent or deferred.. 
13:43:51.362 ERROR Unhandled promise rejection: Unknown Message. 
13:47:52.185 INFO  MongoDB successfully connected 
13:47:52.580 INFO  Shard: 0 has became ready 
13:47:52.607 INFO  Lavalink node: 0.0.0.0 has connected. 
13:47:52.634 INFO  All guilds have been initialized. 
13:47:52.634 INFO  -=-=-=-=-=-=-=-=-=-=-=-=-=-=-=-=-=-=-=-=-=-=-=-=-=-=-=-= 
13:47:52.634 INFO  Void Music 2#3539, ready to serve [2] users in [3] servers. 
13:47:52.635 INFO  -=-=-=-=-=-=-=-=-=-=-=-=-=-=-=-=-=-=-=-=-=-=-=-=-=-=-=-= 
13:48:34.373 INFO  MongoDB successfully connected 
13:48:34.695 INFO  Shard: 0 has became ready 
13:48:34.719 INFO  Lavalink node: 0.0.0.0 has connected. 
13:48:34.743 INFO  All guilds have been initialized. 
13:48:34.744 INFO  -=-=-=-=-=-=-=-=-=-=-=-=-=-=-=-=-=-=-=-=-=-=-=-=-=-=-=-= 
13:48:34.744 INFO  Void Music 2#3539, ready to serve [2] users in [3] servers. 
13:48:34.744 INFO  -=-=-=-=-=-=-=-=-=-=-=-=-=-=-=-=-=-=-=-=-=-=-=-=-=-=-=-= 
13:50:25.130 INFO  MongoDB successfully connected 
13:50:25.461 INFO  Shard: 0 has became ready 
13:50:25.484 INFO  Lavalink node: 0.0.0.0 has connected. 
13:50:25.512 INFO  All guilds have been initialized. 
13:50:25.513 INFO  -=-=-=-=-=-=-=-=-=-=-=-=-=-=-=-=-=-=-=-=-=-=-=-=-=-=-=-= 
13:50:25.513 INFO  Void Music 2#3539, ready to serve [2] users in [3] servers. 
13:50:25.514 INFO  -=-=-=-=-=-=-=-=-=-=-=-=-=-=-=-=-=-=-=-=-=-=-=-=-=-=-=-= 
13:51:00.961 INFO  MongoDB successfully connected 
13:51:01.346 INFO  Shard: 0 has became ready 
13:51:01.369 INFO  Lavalink node: 0.0.0.0 has connected. 
13:51:01.397 INFO  All guilds have been initialized. 
13:51:01.397 INFO  -=-=-=-=-=-=-=-=-=-=-=-=-=-=-=-=-=-=-=-=-=-=-=-=-=-=-=-= 
13:51:01.398 INFO  Void Music 2#3539, ready to serve [2] users in [3] servers. 
13:51:01.398 INFO  -=-=-=-=-=-=-=-=-=-=-=-=-=-=-=-=-=-=-=-=-=-=-=-=-=-=-=-= 
13:55:19.587 INFO  MongoDB successfully connected 
13:55:20.035 INFO  Shard: 0 has became ready 
13:55:20.057 INFO  Lavalink node: 0.0.0.0 has connected. 
13:55:20.085 INFO  All guilds have been initialized. 
13:55:20.086 INFO  -=-=-=-=-=-=-=-=-=-=-=-=-=-=-=-=-=-=-=-=-=-=-=-=-=-=-=-= 
13:55:20.086 INFO  Void Music 2#3539, ready to serve [2] users in [3] servers. 
13:55:20.086 INFO  -=-=-=-=-=-=-=-=-=-=-=-=-=-=-=-=-=-=-=-=-=-=-=-=-=-=-=-= 
13:56:16.843 INFO  MongoDB successfully connected 
13:56:17.312 INFO  Shard: 0 has became ready 
13:56:17.333 INFO  Lavalink node: 0.0.0.0 has connected. 
13:56:17.356 INFO  All guilds have been initialized. 
13:56:17.357 INFO  -=-=-=-=-=-=-=-=-=-=-=-=-=-=-=-=-=-=-=-=-=-=-=-=-=-=-=-= 
13:56:17.357 INFO  Void Music 2#3539, ready to serve [2] users in [3] servers. 
13:56:17.357 INFO  -=-=-=-=-=-=-=-=-=-=-=-=-=-=-=-=-=-=-=-=-=-=-=-=-=-=-=-= 
14:11:49.586 INFO  MongoDB successfully connected 
14:11:49.925 INFO  Shard: 0 has became ready 
14:11:49.950 INFO  Lavalink node: 0.0.0.0 has connected. 
14:11:49.981 INFO  All guilds have been initialized. 
14:11:49.981 INFO  -=-=-=-=-=-=-=-=-=-=-=-=-=-=-=-=-=-=-=-=-=-=-=-=-=-=-=-= 
14:11:49.981 INFO  Void Music 2#3539, ready to serve [2] users in [3] servers. 
14:11:49.982 INFO  -=-=-=-=-=-=-=-=-=-=-=-=-=-=-=-=-=-=-=-=-=-=-=-=-=-=-=-= 
14:18:40.830 INFO  MongoDB successfully connected 
14:18:41.209 INFO  Shard: 0 has became ready 
14:18:41.235 INFO  Lavalink node: 0.0.0.0 has connected. 
14:18:41.264 INFO  All guilds have been initialized. 
14:18:41.264 INFO  -=-=-=-=-=-=-=-=-=-=-=-=-=-=-=-=-=-=-=-=-=-=-=-=-=-=-=-= 
14:18:41.265 INFO  Void Music 2#3539, ready to serve [2] users in [3] servers. 
14:18:41.265 INFO  -=-=-=-=-=-=-=-=-=-=-=-=-=-=-=-=-=-=-=-=-=-=-=-=-=-=-=-= 
15:02:52.073 INFO  MongoDB successfully connected 
15:02:52.507 INFO  Shard: 0 has became ready 
15:02:52.533 INFO  Lavalink node: 0.0.0.0 has connected. 
15:02:52.553 INFO  All guilds have been initialized. 
15:02:52.554 INFO  -=-=-=-=-=-=-=-=-=-=-=-=-=-=-=-=-=-=-=-=-=-=-=-=-=-=-=-= 
15:02:52.554 INFO  Void Music 2#3539, ready to serve [2] users in [3] servers. 
15:02:52.554 INFO  -=-=-=-=-=-=-=-=-=-=-=-=-=-=-=-=-=-=-=-=-=-=-=-=-=-=-=-= 
15:06:59.724 INFO  MongoDB successfully connected 
15:07:00.053 INFO  Shard: 0 has became ready 
15:07:00.076 INFO  Lavalink node: 0.0.0.0 has connected. 
15:07:00.100 INFO  All guilds have been initialized. 
15:07:00.100 INFO  -=-=-=-=-=-=-=-=-=-=-=-=-=-=-=-=-=-=-=-=-=-=-=-=-=-=-=-= 
15:07:00.101 INFO  Void Music 2#3539, ready to serve [2] users in [3] servers. 
15:07:00.101 INFO  -=-=-=-=-=-=-=-=-=-=-=-=-=-=-=-=-=-=-=-=-=-=-=-=-=-=-=-= 
15:08:29.817 INFO  MongoDB successfully connected 
15:08:30.178 INFO  Shard: 0 has became ready 
15:08:30.203 INFO  Lavalink node: 0.0.0.0 has connected. 
15:08:30.232 INFO  All guilds have been initialized. 
15:08:30.232 INFO  -=-=-=-=-=-=-=-=-=-=-=-=-=-=-=-=-=-=-=-=-=-=-=-=-=-=-=-= 
15:08:30.232 INFO  Void Music 2#3539, ready to serve [2] users in [3] servers. 
15:08:30.233 INFO  -=-=-=-=-=-=-=-=-=-=-=-=-=-=-=-=-=-=-=-=-=-=-=-=-=-=-=-= 
15:36:13.127 INFO  MongoDB successfully connected 
15:36:13.435 INFO  Shard: 0 has became ready 
15:36:13.461 INFO  Lavalink node: 0.0.0.0 has connected. 
15:36:13.487 INFO  All guilds have been initialized. 
15:36:13.488 INFO  -=-=-=-=-=-=-=-=-=-=-=-=-=-=-=-=-=-=-=-=-=-=-=-=-=-=-=-= 
15:36:13.488 INFO  Void Music 2#3539, ready to serve [2] users in [3] servers. 
15:36:13.488 INFO  -=-=-=-=-=-=-=-=-=-=-=-=-=-=-=-=-=-=-=-=-=-=-=-=-=-=-=-= 
15:40:10.277 INFO  MongoDB successfully connected 
15:40:10.509 INFO  Shard: 0 has became ready 
15:40:10.542 INFO  Lavalink node: 0.0.0.0 has connected. 
15:40:10.564 INFO  All guilds have been initialized. 
15:40:10.564 INFO  -=-=-=-=-=-=-=-=-=-=-=-=-=-=-=-=-=-=-=-=-=-=-=-=-=-=-=-= 
15:40:10.564 INFO  Void Music 2#3539, ready to serve [2] users in [3] servers. 
15:40:10.565 INFO  -=-=-=-=-=-=-=-=-=-=-=-=-=-=-=-=-=-=-=-=-=-=-=-=-=-=-=-= 
15:44:02.651 INFO  MongoDB successfully connected 
15:44:03.073 INFO  Shard: 0 has became ready 
15:44:03.095 INFO  Lavalink node: 0.0.0.0 has connected. 
15:44:03.115 INFO  All guilds have been initialized. 
15:44:03.115 INFO  -=-=-=-=-=-=-=-=-=-=-=-=-=-=-=-=-=-=-=-=-=-=-=-=-=-=-=-= 
15:44:03.116 INFO  Void Music 2#3539, ready to serve [2] users in [3] servers. 
15:44:03.116 INFO  -=-=-=-=-=-=-=-=-=-=-=-=-=-=-=-=-=-=-=-=-=-=-=-=-=-=-=-= 
15:44:57.831 INFO  MongoDB successfully connected 
15:44:58.187 INFO  Shard: 0 has became ready 
15:44:58.214 INFO  Lavalink node: 0.0.0.0 has connected. 
15:44:58.234 INFO  All guilds have been initialized. 
15:44:58.234 INFO  -=-=-=-=-=-=-=-=-=-=-=-=-=-=-=-=-=-=-=-=-=-=-=-=-=-=-=-= 
15:44:58.235 INFO  Void Music 2#3539, ready to serve [2] users in [3] servers. 
15:44:58.235 INFO  -=-=-=-=-=-=-=-=-=-=-=-=-=-=-=-=-=-=-=-=-=-=-=-=-=-=-=-= 
15:45:58.107 INFO  MongoDB successfully connected 
15:45:58.423 INFO  Shard: 0 has became ready 
15:45:58.445 INFO  Lavalink node: 0.0.0.0 has connected. 
15:45:58.471 INFO  All guilds have been initialized. 
15:45:58.471 INFO  -=-=-=-=-=-=-=-=-=-=-=-=-=-=-=-=-=-=-=-=-=-=-=-=-=-=-=-= 
15:45:58.471 INFO  Void Music 2#3539, ready to serve [2] users in [3] servers. 
15:45:58.472 INFO  -=-=-=-=-=-=-=-=-=-=-=-=-=-=-=-=-=-=-=-=-=-=-=-=-=-=-=-= 
15:46:54.060 INFO  MongoDB successfully connected 
15:46:54.355 INFO  Shard: 0 has became ready 
15:46:54.377 INFO  Lavalink node: 0.0.0.0 has connected. 
15:46:54.399 INFO  All guilds have been initialized. 
15:46:54.399 INFO  -=-=-=-=-=-=-=-=-=-=-=-=-=-=-=-=-=-=-=-=-=-=-=-=-=-=-=-= 
15:46:54.400 INFO  Void Music 2#3539, ready to serve [2] users in [3] servers. 
15:46:54.400 INFO  -=-=-=-=-=-=-=-=-=-=-=-=-=-=-=-=-=-=-=-=-=-=-=-=-=-=-=-= 
15:47:43.656 INFO  MongoDB successfully connected 
15:47:44.101 INFO  Shard: 0 has became ready 
15:47:44.128 INFO  Lavalink node: 0.0.0.0 has connected. 
15:47:44.147 INFO  All guilds have been initialized. 
15:47:44.147 INFO  -=-=-=-=-=-=-=-=-=-=-=-=-=-=-=-=-=-=-=-=-=-=-=-=-=-=-=-= 
15:47:44.148 INFO  Void Music 2#3539, ready to serve [2] users in [3] servers. 
15:47:44.148 INFO  -=-=-=-=-=-=-=-=-=-=-=-=-=-=-=-=-=-=-=-=-=-=-=-=-=-=-=-= 
15:49:41.571 INFO  MongoDB successfully connected 
15:49:41.846 INFO  Shard: 0 has became ready 
15:49:41.868 INFO  Lavalink node: 0.0.0.0 has connected. 
15:49:41.897 INFO  All guilds have been initialized. 
15:49:41.897 INFO  -=-=-=-=-=-=-=-=-=-=-=-=-=-=-=-=-=-=-=-=-=-=-=-=-=-=-=-= 
15:49:41.898 INFO  Void Music 2#3539, ready to serve [2] users in [3] servers. 
15:49:41.898 INFO  -=-=-=-=-=-=-=-=-=-=-=-=-=-=-=-=-=-=-=-=-=-=-=-=-=-=-=-= 
15:53:50.930 ERROR Unable to load command play.js: SyntaxError: await is only valid in async functions and the top level bodies of modules 
15:53:51.507 INFO  MongoDB successfully connected 
15:53:51.851 INFO  Shard: 0 has became ready 
15:53:51.875 INFO  Lavalink node: 0.0.0.0 has connected. 
15:53:51.902 INFO  All guilds have been initialized. 
15:53:51.903 INFO  -=-=-=-=-=-=-=-=-=-=-=-=-=-=-=-=-=-=-=-=-=-=-=-=-=-=-=-= 
15:53:51.903 INFO  Void Music 2#3539, ready to serve [2] users in [3] servers. 
15:53:51.903 INFO  -=-=-=-=-=-=-=-=-=-=-=-=-=-=-=-=-=-=-=-=-=-=-=-=-=-=-=-= 
15:54:43.509 INFO  MongoDB successfully connected 
15:54:43.889 INFO  Shard: 0 has became ready 
15:54:43.916 INFO  Lavalink node: 0.0.0.0 has connected. 
15:54:43.944 INFO  All guilds have been initialized. 
15:54:43.944 INFO  -=-=-=-=-=-=-=-=-=-=-=-=-=-=-=-=-=-=-=-=-=-=-=-=-=-=-=-= 
15:54:43.945 INFO  Void Music 2#3539, ready to serve [2] users in [3] servers. 
15:54:43.945 INFO  -=-=-=-=-=-=-=-=-=-=-=-=-=-=-=-=-=-=-=-=-=-=-=-=-=-=-=-= 
15:57:52.875 ERROR Unhandled promise rejection: Unknown Message. 
15:57:53.076 ERROR Unhandled promise rejection: Unknown Message. 
16:15:21.911 INFO  MongoDB successfully connected 
16:15:22.269 INFO  Shard: 0 has became ready 
16:15:22.296 INFO  Lavalink node: 0.0.0.0 has connected. 
16:15:22.313 INFO  All guilds have been initialized. 
16:15:22.313 INFO  -=-=-=-=-=-=-=-=-=-=-=-=-=-=-=-=-=-=-=-=-=-=-=-=-=-=-=-= 
16:15:22.314 INFO  Void Music 2#3539, ready to serve [3] users in [3] servers. 
16:15:22.314 INFO  -=-=-=-=-=-=-=-=-=-=-=-=-=-=-=-=-=-=-=-=-=-=-=-=-=-=-=-= 
16:16:47.474 INFO  MongoDB successfully connected 
16:16:48.007 INFO  Shard: 0 has became ready 
16:16:48.030 INFO  Lavalink node: 0.0.0.0 has connected. 
16:16:48.049 INFO  All guilds have been initialized. 
16:16:48.050 INFO  -=-=-=-=-=-=-=-=-=-=-=-=-=-=-=-=-=-=-=-=-=-=-=-=-=-=-=-= 
16:16:48.050 INFO  Void Music 2#3539, ready to serve [3] users in [3] servers. 
16:16:48.050 INFO  -=-=-=-=-=-=-=-=-=-=-=-=-=-=-=-=-=-=-=-=-=-=-=-=-=-=-=-= 
16:17:22.905 ERROR Unhandled promise rejection: Assignment to constant variable.. 
16:18:35.656 INFO  MongoDB successfully connected 
16:18:35.960 INFO  Shard: 0 has became ready 
16:18:35.985 INFO  Lavalink node: 0.0.0.0 has connected. 
16:18:36.009 INFO  All guilds have been initialized. 
16:18:36.009 INFO  -=-=-=-=-=-=-=-=-=-=-=-=-=-=-=-=-=-=-=-=-=-=-=-=-=-=-=-= 
16:18:36.009 INFO  Void Music 2#3539, ready to serve [3] users in [3] servers. 
16:18:36.010 INFO  -=-=-=-=-=-=-=-=-=-=-=-=-=-=-=-=-=-=-=-=-=-=-=-=-=-=-=-= 
16:18:47.468 ERROR Unhandled promise rejection: Cannot read properties of undefined (reading 'author'). 
16:19:12.256 INFO  MongoDB successfully connected 
16:19:12.608 INFO  Shard: 0 has became ready 
16:19:12.629 INFO  Lavalink node: 0.0.0.0 has connected. 
16:19:12.646 INFO  All guilds have been initialized. 
16:19:12.647 INFO  -=-=-=-=-=-=-=-=-=-=-=-=-=-=-=-=-=-=-=-=-=-=-=-=-=-=-=-= 
16:19:12.647 INFO  Void Music 2#3539, ready to serve [3] users in [3] servers. 
16:19:12.647 INFO  -=-=-=-=-=-=-=-=-=-=-=-=-=-=-=-=-=-=-=-=-=-=-=-=-=-=-=-= 
16:19:22.086 ERROR Unhandled promise rejection: Cannot read properties of undefined (reading 'author'). 
16:20:24.599 INFO  MongoDB successfully connected 
16:20:24.813 INFO  Shard: 0 has became ready 
16:20:24.839 INFO  Lavalink node: 0.0.0.0 has connected. 
16:20:24.863 INFO  All guilds have been initialized. 
16:20:24.864 INFO  -=-=-=-=-=-=-=-=-=-=-=-=-=-=-=-=-=-=-=-=-=-=-=-=-=-=-=-= 
16:20:24.864 INFO  Void Music 2#3539, ready to serve [3] users in [3] servers. 
16:20:24.864 INFO  -=-=-=-=-=-=-=-=-=-=-=-=-=-=-=-=-=-=-=-=-=-=-=-=-=-=-=-= 
16:20:45.183 ERROR Unhandled promise rejection: playerPos is not defined. 
16:21:25.871 INFO  MongoDB successfully connected 
16:21:26.315 INFO  Shard: 0 has became ready 
16:21:26.337 INFO  Lavalink node: 0.0.0.0 has connected. 
16:21:26.365 INFO  All guilds have been initialized. 
16:21:26.365 INFO  -=-=-=-=-=-=-=-=-=-=-=-=-=-=-=-=-=-=-=-=-=-=-=-=-=-=-=-= 
16:21:26.366 INFO  Void Music 2#3539, ready to serve [3] users in [3] servers. 
16:21:26.366 INFO  -=-=-=-=-=-=-=-=-=-=-=-=-=-=-=-=-=-=-=-=-=-=-=-=-=-=-=-= 
16:29:57.028 INFO  MongoDB successfully connected 
16:29:57.336 INFO  Shard: 0 has became ready 
16:29:57.360 INFO  Lavalink node: 0.0.0.0 has connected. 
16:29:57.385 INFO  All guilds have been initialized. 
16:29:57.386 INFO  -=-=-=-=-=-=-=-=-=-=-=-=-=-=-=-=-=-=-=-=-=-=-=-=-=-=-=-= 
16:29:57.386 INFO  Void Music 2#3539, ready to serve [3] users in [3] servers. 
16:29:57.386 INFO  -=-=-=-=-=-=-=-=-=-=-=-=-=-=-=-=-=-=-=-=-=-=-=-=-=-=-=-= 
16:38:55.374 INFO  Shard: 0 has became ready 
16:38:55.395 INFO  Lavalink node: 0.0.0.0 has connected. 
16:38:59.946 INFO  MongoDB successfully connected 
16:39:00.260 INFO  All guilds have been initialized. 
16:39:00.261 INFO  -=-=-=-=-=-=-=-=-=-=-=-=-=-=-=-=-=-=-=-=-=-=-=-=-=-=-=-= 
16:39:00.261 INFO  Void Music 2#3539, ready to serve [3] users in [3] servers. 
16:39:00.261 INFO  -=-=-=-=-=-=-=-=-=-=-=-=-=-=-=-=-=-=-=-=-=-=-=-=-=-=-=-= 
16:41:44.897 INFO  MongoDB successfully connected 
16:41:45.257 INFO  Shard: 0 has became ready 
16:41:45.282 INFO  Lavalink node: 0.0.0.0 has connected. 
16:41:45.298 INFO  All guilds have been initialized. 
16:41:45.298 INFO  -=-=-=-=-=-=-=-=-=-=-=-=-=-=-=-=-=-=-=-=-=-=-=-=-=-=-=-= 
16:41:45.298 INFO  Void Music 2#3539, ready to serve [3] users in [3] servers. 
16:41:45.299 INFO  -=-=-=-=-=-=-=-=-=-=-=-=-=-=-=-=-=-=-=-=-=-=-=-=-=-=-=-= 
16:42:56.644 INFO  MongoDB successfully connected 
16:42:56.991 INFO  Shard: 0 has became ready 
16:42:57.024 INFO  Lavalink node: 0.0.0.0 has connected. 
16:42:57.052 INFO  All guilds have been initialized. 
16:42:57.053 INFO  -=-=-=-=-=-=-=-=-=-=-=-=-=-=-=-=-=-=-=-=-=-=-=-=-=-=-=-= 
16:42:57.053 INFO  Void Music 2#3539, ready to serve [3] users in [3] servers. 
16:42:57.053 INFO  -=-=-=-=-=-=-=-=-=-=-=-=-=-=-=-=-=-=-=-=-=-=-=-=-=-=-=-= 
16:43:07.729 ERROR Unhandled promise rejection: MessageEmbed field names must be non-empty strings.. 
16:44:43.706 INFO  MongoDB successfully connected 
16:44:43.881 INFO  Shard: 0 has became ready 
16:44:43.908 INFO  Lavalink node: 0.0.0.0 has connected. 
16:44:44.041 INFO  All guilds have been initialized. 
16:44:44.041 INFO  -=-=-=-=-=-=-=-=-=-=-=-=-=-=-=-=-=-=-=-=-=-=-=-=-=-=-=-= 
16:44:44.041 INFO  Void Music 2#3539, ready to serve [3] users in [3] servers. 
16:44:44.042 INFO  -=-=-=-=-=-=-=-=-=-=-=-=-=-=-=-=-=-=-=-=-=-=-=-=-=-=-=-= 
16:45:03.706 ERROR Unhandled promise rejection: MessageEmbed field names must be non-empty strings.. 
16:46:16.554 INFO  MongoDB successfully connected 
16:46:16.926 INFO  Shard: 0 has became ready 
16:46:16.956 INFO  Lavalink node: 0.0.0.0 has connected. 
16:46:16.973 INFO  All guilds have been initialized. 
16:46:16.973 INFO  -=-=-=-=-=-=-=-=-=-=-=-=-=-=-=-=-=-=-=-=-=-=-=-=-=-=-=-= 
16:46:16.974 INFO  Void Music 2#3539, ready to serve [3] users in [3] servers. 
16:46:16.974 INFO  -=-=-=-=-=-=-=-=-=-=-=-=-=-=-=-=-=-=-=-=-=-=-=-=-=-=-=-= 
16:47:25.101 ERROR Unhandled promise rejection: Cannot read properties of undefined (reading 'author'). 
16:49:10.570 INFO  MongoDB successfully connected 
16:49:10.843 INFO  Shard: 0 has became ready 
16:49:10.865 INFO  Lavalink node: 0.0.0.0 has connected. 
16:49:10.895 INFO  All guilds have been initialized. 
16:49:10.896 INFO  -=-=-=-=-=-=-=-=-=-=-=-=-=-=-=-=-=-=-=-=-=-=-=-=-=-=-=-= 
16:49:10.896 INFO  Void Music 2#3539, ready to serve [3] users in [3] servers. 
16:49:10.896 INFO  -=-=-=-=-=-=-=-=-=-=-=-=-=-=-=-=-=-=-=-=-=-=-=-=-=-=-=-= 
16:49:37.025 ERROR Unhandled promise rejection: Cannot read properties of undefined (reading 'author'). 
16:52:20.202 INFO  MongoDB successfully connected 
16:52:20.486 INFO  Shard: 0 has became ready 
16:52:20.508 INFO  Lavalink node: 0.0.0.0 has connected. 
16:52:20.526 INFO  All guilds have been initialized. 
16:52:20.526 INFO  -=-=-=-=-=-=-=-=-=-=-=-=-=-=-=-=-=-=-=-=-=-=-=-=-=-=-=-= 
16:52:20.527 INFO  Void Music 2#3539, ready to serve [3] users in [3] servers. 
16:52:20.527 INFO  -=-=-=-=-=-=-=-=-=-=-=-=-=-=-=-=-=-=-=-=-=-=-=-=-=-=-=-= 
16:57:11.013 INFO  MongoDB successfully connected 
16:57:11.275 INFO  Shard: 0 has became ready 
16:57:11.295 INFO  Lavalink node: 0.0.0.0 has connected. 
16:57:11.325 INFO  All guilds have been initialized. 
16:57:11.325 INFO  -=-=-=-=-=-=-=-=-=-=-=-=-=-=-=-=-=-=-=-=-=-=-=-=-=-=-=-= 
16:57:11.325 INFO  Void Music 2#3539, ready to serve [3] users in [3] servers. 
16:57:11.326 INFO  -=-=-=-=-=-=-=-=-=-=-=-=-=-=-=-=-=-=-=-=-=-=-=-=-=-=-=-= 
16:59:48.219 INFO  MongoDB successfully connected 
16:59:48.803 INFO  Shard: 0 has became ready 
16:59:48.826 INFO  Lavalink node: 0.0.0.0 has connected. 
16:59:48.865 INFO  All guilds have been initialized. 
16:59:48.866 INFO  -=-=-=-=-=-=-=-=-=-=-=-=-=-=-=-=-=-=-=-=-=-=-=-=-=-=-=-= 
16:59:48.866 INFO  Void Music 2#3539, ready to serve [3] users in [3] servers. 
16:59:48.866 INFO  -=-=-=-=-=-=-=-=-=-=-=-=-=-=-=-=-=-=-=-=-=-=-=-=-=-=-=-= 
17:07:11.382 INFO  MongoDB successfully connected 
17:07:11.754 INFO  Shard: 0 has became ready 
17:07:11.823 INFO  All guilds have been initialized. 
17:07:11.823 INFO  -=-=-=-=-=-=-=-=-=-=-=-=-=-=-=-=-=-=-=-=-=-=-=-=-=-=-=-= 
17:07:11.823 INFO  Void Music 2#3539, ready to serve [3] users in [3] servers. 
17:07:11.824 INFO  -=-=-=-=-=-=-=-=-=-=-=-=-=-=-=-=-=-=-=-=-=-=-=-=-=-=-=-= 
17:07:11.884 INFO  Lavalink node: 0.0.0.0 has connected. 
17:10:12.842 ERROR Unhandled promise rejection: Cannot read properties of null (reading 'author'). 
17:14:18.149 INFO  MongoDB successfully connected 
17:14:18.433 INFO  Shard: 0 has became ready 
17:14:18.458 INFO  Lavalink node: 0.0.0.0 has connected. 
17:14:18.479 INFO  All guilds have been initialized. 
17:14:18.479 INFO  -=-=-=-=-=-=-=-=-=-=-=-=-=-=-=-=-=-=-=-=-=-=-=-=-=-=-=-= 
17:14:18.479 INFO  Void Music 2#3539, ready to serve [3] users in [3] servers. 
17:14:18.480 INFO  -=-=-=-=-=-=-=-=-=-=-=-=-=-=-=-=-=-=-=-=-=-=-=-=-=-=-=-= 
17:17:57.651 ERROR Unhandled promise rejection: Cannot read properties of null (reading 'author'). 
17:18:51.208 INFO  MongoDB successfully connected 
17:18:51.496 INFO  Shard: 0 has became ready 
17:18:51.535 INFO  Lavalink node: 0.0.0.0 has connected. 
17:18:51.559 INFO  All guilds have been initialized. 
17:18:51.560 INFO  -=-=-=-=-=-=-=-=-=-=-=-=-=-=-=-=-=-=-=-=-=-=-=-=-=-=-=-= 
17:18:51.560 INFO  Void Music 2#3539, ready to serve [2] users in [3] servers. 
17:18:51.560 INFO  -=-=-=-=-=-=-=-=-=-=-=-=-=-=-=-=-=-=-=-=-=-=-=-=-=-=-=-= 
