00:56:14.325 INFO  MongoDB successfully connected 
00:56:14.550 INFO  Shard: 0 has became ready 
00:56:14.591 INFO  All guilds have been initialized. 
00:56:14.592 INFO  -=-=-=-=-=-=-=-=-=-=-=-=-=-=-=-=-=-=-=-=-=-=-=-=-=-=-=-= 
00:56:14.592 INFO  Void Music 2#3539, ready to serve [2] users in [3] servers. 
00:56:14.593 INFO  -=-=-=-=-=-=-=-=-=-=-=-=-=-=-=-=-=-=-=-=-=-=-=-=-=-=-=-= 
00:56:14.604 INFO  Lavalink node: 0.0.0.0 has connected. 
01:14:47.027 INFO  MongoDB successfully connected 
01:14:47.465 INFO  Shard: 0 has became ready 
01:14:47.491 INFO  Lavalink node: 0.0.0.0 has connected. 
01:14:47.502 INFO  All guilds have been initialized. 
01:14:47.502 INFO  -=-=-=-=-=-=-=-=-=-=-=-=-=-=-=-=-=-=-=-=-=-=-=-=-=-=-=-= 
01:14:47.503 INFO  Void Music 2#3539, ready to serve [2] users in [3] servers. 
01:14:47.503 INFO  -=-=-=-=-=-=-=-=-=-=-=-=-=-=-=-=-=-=-=-=-=-=-=-=-=-=-=-= 
01:16:47.350 INFO  MongoDB successfully connected 
01:16:47.623 INFO  Shard: 0 has became ready 
01:16:47.645 INFO  Lavalink node: 0.0.0.0 has connected. 
01:16:47.663 INFO  All guilds have been initialized. 
01:16:47.664 INFO  -=-=-=-=-=-=-=-=-=-=-=-=-=-=-=-=-=-=-=-=-=-=-=-=-=-=-=-= 
01:16:47.664 INFO  Void Music 2#3539, ready to serve [2] users in [3] servers. 
01:16:47.664 INFO  -=-=-=-=-=-=-=-=-=-=-=-=-=-=-=-=-=-=-=-=-=-=-=-=-=-=-=-= 
01:16:59.955 ERROR Unhandled promise rejection: The reply to this interaction has not been sent or deferred.. 
01:17:17.762 ERROR Unhandled promise rejection: The reply to this interaction has not been sent or deferred.. 
01:18:13.083 INFO  MongoDB successfully connected 
01:18:13.545 INFO  Shard: 0 has became ready 
01:18:13.571 INFO  Lavalink node: 0.0.0.0 has connected. 
01:18:13.581 INFO  All guilds have been initialized. 
01:18:13.581 INFO  -=-=-=-=-=-=-=-=-=-=-=-=-=-=-=-=-=-=-=-=-=-=-=-=-=-=-=-= 
01:18:13.581 INFO  Void Music 2#3539, ready to serve [2] users in [3] servers. 
01:18:13.582 INFO  -=-=-=-=-=-=-=-=-=-=-=-=-=-=-=-=-=-=-=-=-=-=-=-=-=-=-=-= 
01:18:32.535 ERROR Unhandled promise rejection: Assignment to constant variable.. 
01:18:58.009 INFO  MongoDB successfully connected 
01:18:58.404 INFO  Shard: 0 has became ready 
01:18:58.425 INFO  Lavalink node: 0.0.0.0 has connected. 
01:18:58.438 INFO  All guilds have been initialized. 
01:18:58.438 INFO  -=-=-=-=-=-=-=-=-=-=-=-=-=-=-=-=-=-=-=-=-=-=-=-=-=-=-=-= 
01:18:58.439 INFO  Void Music 2#3539, ready to serve [2] users in [3] servers. 
01:18:58.439 INFO  -=-=-=-=-=-=-=-=-=-=-=-=-=-=-=-=-=-=-=-=-=-=-=-=-=-=-=-= 
01:19:12.441 ERROR Unhandled promise rejection: Cannot send an empty message. 
01:19:34.387 ERROR Unhandled promise rejection: Cannot send an empty message. 
01:21:15.925 ERROR Unhandled promise rejection: Cannot send an empty message. 
01:21:26.283 ERROR Unhandled promise rejection: Cannot send an empty message. 
01:22:29.561 INFO  MongoDB successfully connected 
01:22:29.861 INFO  Shard: 0 has became ready 
01:22:29.882 INFO  Lavalink node: 0.0.0.0 has connected. 
01:22:29.894 INFO  All guilds have been initialized. 
01:22:29.894 INFO  -=-=-=-=-=-=-=-=-=-=-=-=-=-=-=-=-=-=-=-=-=-=-=-=-=-=-=-= 
01:22:29.895 INFO  Void Music 2#3539, ready to serve [2] users in [3] servers. 
01:22:29.895 INFO  -=-=-=-=-=-=-=-=-=-=-=-=-=-=-=-=-=-=-=-=-=-=-=-=-=-=-=-= 
01:22:59.809 INFO  MongoDB successfully connected 
01:23:00.139 INFO  Shard: 0 has became ready 
01:23:00.164 INFO  Lavalink node: 0.0.0.0 has connected. 
01:23:00.183 INFO  All guilds have been initialized. 
01:23:00.183 INFO  -=-=-=-=-=-=-=-=-=-=-=-=-=-=-=-=-=-=-=-=-=-=-=-=-=-=-=-= 
01:23:00.184 INFO  Void Music 2#3539, ready to serve [2] users in [3] servers. 
01:23:00.184 INFO  -=-=-=-=-=-=-=-=-=-=-=-=-=-=-=-=-=-=-=-=-=-=-=-=-=-=-=-= 
01:23:11.818 ERROR Unhandled promise rejection: Cannot send an empty message. 
01:24:47.173 INFO  MongoDB successfully connected 
01:24:47.702 INFO  Shard: 0 has became ready 
01:24:47.729 INFO  Lavalink node: 0.0.0.0 has connected. 
01:24:47.741 INFO  All guilds have been initialized. 
01:24:47.741 INFO  -=-=-=-=-=-=-=-=-=-=-=-=-=-=-=-=-=-=-=-=-=-=-=-=-=-=-=-= 
01:24:47.742 INFO  Void Music 2#3539, ready to serve [2] users in [3] servers. 
01:24:47.742 INFO  -=-=-=-=-=-=-=-=-=-=-=-=-=-=-=-=-=-=-=-=-=-=-=-=-=-=-=-= 
01:24:59.260 ERROR Unhandled promise rejection: Cannot send an empty message. 
01:25:07.336 ERROR Unhandled promise rejection: Invalid Form Body
data.embeds[0].description: This field is required. 
01:26:05.023 INFO  MongoDB successfully connected 
01:26:05.392 INFO  Shard: 0 has became ready 
01:26:05.417 INFO  Lavalink node: 0.0.0.0 has connected. 
01:26:05.438 INFO  All guilds have been initialized. 
01:26:05.438 INFO  -=-=-=-=-=-=-=-=-=-=-=-=-=-=-=-=-=-=-=-=-=-=-=-=-=-=-=-= 
01:26:05.439 INFO  Void Music 2#3539, ready to serve [2] users in [3] servers. 
01:26:05.439 INFO  -=-=-=-=-=-=-=-=-=-=-=-=-=-=-=-=-=-=-=-=-=-=-=-=-=-=-=-= 
01:26:18.210 ERROR Unhandled promise rejection: Cannot send an empty message. 
01:27:00.936 INFO  MongoDB successfully connected 
01:27:01.354 INFO  Shard: 0 has became ready 
01:27:01.378 INFO  Lavalink node: 0.0.0.0 has connected. 
01:27:01.399 INFO  All guilds have been initialized. 
01:27:01.399 INFO  -=-=-=-=-=-=-=-=-=-=-=-=-=-=-=-=-=-=-=-=-=-=-=-=-=-=-=-= 
01:27:01.400 INFO  Void Music 2#3539, ready to serve [2] users in [3] servers. 
01:27:01.400 INFO  -=-=-=-=-=-=-=-=-=-=-=-=-=-=-=-=-=-=-=-=-=-=-=-=-=-=-=-= 
01:27:32.722 ERROR Unhandled promise rejection: The reply to this interaction has not been sent or deferred.. 
01:27:48.867 ERROR Unhandled promise rejection: Invalid Form Body
data.embeds[0].description: This field is required. 
01:28:52.912 INFO  MongoDB successfully connected 
01:28:53.237 INFO  Shard: 0 has became ready 
01:28:53.266 INFO  Lavalink node: 0.0.0.0 has connected. 
01:28:53.288 INFO  All guilds have been initialized. 
01:28:53.288 INFO  -=-=-=-=-=-=-=-=-=-=-=-=-=-=-=-=-=-=-=-=-=-=-=-=-=-=-=-= 
01:28:53.288 INFO  Void Music 2#3539, ready to serve [2] users in [3] servers. 
01:28:53.289 INFO  -=-=-=-=-=-=-=-=-=-=-=-=-=-=-=-=-=-=-=-=-=-=-=-=-=-=-=-= 
01:29:02.750 ERROR Unhandled promise rejection: The reply to this interaction has not been sent or deferred.. 
02:14:21.884 INFO  MongoDB successfully connected 
02:14:22.015 INFO  Shard: 0 has became ready 
02:14:22.042 INFO  Lavalink node: 0.0.0.0 has connected. 
02:14:22.142 INFO  All guilds have been initialized. 
02:14:22.142 INFO  -=-=-=-=-=-=-=-=-=-=-=-=-=-=-=-=-=-=-=-=-=-=-=-=-=-=-=-= 
02:14:22.142 INFO  Void Music 2#3539, ready to serve [2] users in [3] servers. 
02:14:22.143 INFO  -=-=-=-=-=-=-=-=-=-=-=-=-=-=-=-=-=-=-=-=-=-=-=-=-=-=-=-= 
02:15:01.293 INFO  MongoDB successfully connected 
02:15:01.575 INFO  Shard: 0 has became ready 
02:15:01.598 INFO  Lavalink node: 0.0.0.0 has connected. 
02:15:01.640 INFO  All guilds have been initialized. 
02:15:01.641 INFO  -=-=-=-=-=-=-=-=-=-=-=-=-=-=-=-=-=-=-=-=-=-=-=-=-=-=-=-= 
02:15:01.641 INFO  Void Music 2#3539, ready to serve [2] users in [3] servers. 
02:15:01.641 INFO  -=-=-=-=-=-=-=-=-=-=-=-=-=-=-=-=-=-=-=-=-=-=-=-=-=-=-=-= 
02:17:13.943 INFO  MongoDB successfully connected 
02:17:14.389 INFO  Shard: 0 has became ready 
02:17:14.411 INFO  Lavalink node: 0.0.0.0 has connected. 
02:17:14.429 INFO  All guilds have been initialized. 
02:17:14.430 INFO  -=-=-=-=-=-=-=-=-=-=-=-=-=-=-=-=-=-=-=-=-=-=-=-=-=-=-=-= 
02:17:14.430 INFO  Void Music 2#3539, ready to serve [2] users in [3] servers. 
02:17:14.430 INFO  -=-=-=-=-=-=-=-=-=-=-=-=-=-=-=-=-=-=-=-=-=-=-=-=-=-=-=-= 
02:17:22.947 ERROR Unhandled promise rejection: Cannot read properties of null (reading '0'). 
02:18:10.739 INFO  MongoDB successfully connected 
02:18:10.959 INFO  Shard: 0 has became ready 
02:18:10.983 INFO  Lavalink node: 0.0.0.0 has connected. 
02:18:11.014 INFO  All guilds have been initialized. 
02:18:11.015 INFO  -=-=-=-=-=-=-=-=-=-=-=-=-=-=-=-=-=-=-=-=-=-=-=-=-=-=-=-= 
02:18:11.015 INFO  Void Music 2#3539, ready to serve [2] users in [3] servers. 
02:18:11.015 INFO  -=-=-=-=-=-=-=-=-=-=-=-=-=-=-=-=-=-=-=-=-=-=-=-=-=-=-=-= 
02:20:19.055 INFO  MongoDB successfully connected 
02:20:19.352 INFO  Shard: 0 has became ready 
02:20:19.377 INFO  Lavalink node: 0.0.0.0 has connected. 
02:20:19.408 INFO  All guilds have been initialized. 
02:20:19.409 INFO  -=-=-=-=-=-=-=-=-=-=-=-=-=-=-=-=-=-=-=-=-=-=-=-=-=-=-=-= 
02:20:19.409 INFO  Void Music 2#3539, ready to serve [2] users in [3] servers. 
02:20:19.409 INFO  -=-=-=-=-=-=-=-=-=-=-=-=-=-=-=-=-=-=-=-=-=-=-=-=-=-=-=-= 
02:26:22.866 INFO  MongoDB successfully connected 
02:26:23.261 INFO  Shard: 0 has became ready 
02:26:23.285 INFO  Lavalink node: 0.0.0.0 has connected. 
02:26:23.310 INFO  All guilds have been initialized. 
02:26:23.310 INFO  -=-=-=-=-=-=-=-=-=-=-=-=-=-=-=-=-=-=-=-=-=-=-=-=-=-=-=-= 
02:26:23.311 INFO  Void Music 2#3539, ready to serve [2] users in [3] servers. 
02:26:23.311 INFO  -=-=-=-=-=-=-=-=-=-=-=-=-=-=-=-=-=-=-=-=-=-=-=-=-=-=-=-= 
02:26:26.466 ERROR Unhandled promise rejection: Cannot access 'playlistNames' before initialization. 
02:26:46.204 INFO  MongoDB successfully connected 
02:26:46.625 INFO  Shard: 0 has became ready 
02:26:46.648 INFO  Lavalink node: 0.0.0.0 has connected. 
02:26:46.666 INFO  All guilds have been initialized. 
02:26:46.667 INFO  -=-=-=-=-=-=-=-=-=-=-=-=-=-=-=-=-=-=-=-=-=-=-=-=-=-=-=-= 
02:26:46.667 INFO  Void Music 2#3539, ready to serve [2] users in [3] servers. 
02:26:46.667 INFO  -=-=-=-=-=-=-=-=-=-=-=-=-=-=-=-=-=-=-=-=-=-=-=-=-=-=-=-= 
02:26:51.964 ERROR Unhandled promise rejection: Cannot access 'playlistNames' before initialization. 
02:29:00.683 INFO  MongoDB successfully connected 
02:29:00.855 INFO  Shard: 0 has became ready 
02:29:00.878 INFO  Lavalink node: 0.0.0.0 has connected. 
02:29:00.909 INFO  All guilds have been initialized. 
02:29:00.909 INFO  -=-=-=-=-=-=-=-=-=-=-=-=-=-=-=-=-=-=-=-=-=-=-=-=-=-=-=-= 
02:29:00.909 INFO  Void Music 2#3539, ready to serve [2] users in [3] servers. 
02:29:00.910 INFO  -=-=-=-=-=-=-=-=-=-=-=-=-=-=-=-=-=-=-=-=-=-=-=-=-=-=-=-= 
02:30:19.917 INFO  MongoDB successfully connected 
02:30:20.215 INFO  Shard: 0 has became ready 
02:30:20.237 INFO  Lavalink node: 0.0.0.0 has connected. 
02:30:20.259 INFO  All guilds have been initialized. 
02:30:20.259 INFO  -=-=-=-=-=-=-=-=-=-=-=-=-=-=-=-=-=-=-=-=-=-=-=-=-=-=-=-= 
02:30:20.259 INFO  Void Music 2#3539, ready to serve [2] users in [3] servers. 
02:30:20.260 INFO  -=-=-=-=-=-=-=-=-=-=-=-=-=-=-=-=-=-=-=-=-=-=-=-=-=-=-=-= 
02:32:29.455 INFO  MongoDB successfully connected 
02:32:29.748 INFO  Shard: 0 has became ready 
02:32:29.771 INFO  Lavalink node: 0.0.0.0 has connected. 
02:32:29.795 INFO  All guilds have been initialized. 
02:32:29.796 INFO  -=-=-=-=-=-=-=-=-=-=-=-=-=-=-=-=-=-=-=-=-=-=-=-=-=-=-=-= 
02:32:29.796 INFO  Void Music 2#3539, ready to serve [2] users in [3] servers. 
02:32:29.796 INFO  -=-=-=-=-=-=-=-=-=-=-=-=-=-=-=-=-=-=-=-=-=-=-=-=-=-=-=-= 
02:32:32.610 ERROR Unhandled promise rejection: MessageEmbed description must be a string.. 
02:32:49.675 INFO  MongoDB successfully connected 
02:32:50.090 INFO  Shard: 0 has became ready 
02:32:50.112 INFO  Lavalink node: 0.0.0.0 has connected. 
02:32:50.139 INFO  All guilds have been initialized. 
02:32:50.139 INFO  -=-=-=-=-=-=-=-=-=-=-=-=-=-=-=-=-=-=-=-=-=-=-=-=-=-=-=-= 
02:32:50.139 INFO  Void Music 2#3539, ready to serve [2] users in [3] servers. 
02:32:50.140 INFO  -=-=-=-=-=-=-=-=-=-=-=-=-=-=-=-=-=-=-=-=-=-=-=-=-=-=-=-= 
12:49:13.195 INFO  MongoDB successfully connected 
12:49:13.359 INFO  Shard: 0 has became ready 
12:49:13.415 INFO  All guilds have been initialized. 
12:49:13.416 INFO  -=-=-=-=-=-=-=-=-=-=-=-=-=-=-=-=-=-=-=-=-=-=-=-=-=-=-=-= 
12:49:13.416 INFO  Void Music 2#3539, ready to serve [1] users in [3] servers. 
12:49:13.417 INFO  -=-=-=-=-=-=-=-=-=-=-=-=-=-=-=-=-=-=-=-=-=-=-=-=-=-=-=-= 
12:49:14.016 INFO  Lavalink node: lavalink.scpcl.site has connected. 
13:14:42.259 INFO  MongoDB successfully connected 
13:14:42.575 INFO  Shard: 0 has became ready 
13:14:42.633 INFO  All guilds have been initialized. 
13:14:42.633 INFO  -=-=-=-=-=-=-=-=-=-=-=-=-=-=-=-=-=-=-=-=-=-=-=-=-=-=-=-= 
13:14:42.634 INFO  Void Music 2#3539, ready to serve [2] users in [3] servers. 
13:14:42.634 INFO  -=-=-=-=-=-=-=-=-=-=-=-=-=-=-=-=-=-=-=-=-=-=-=-=-=-=-=-= 
13:14:43.295 INFO  Lavalink node: lavalink.scpcl.site has connected. 
13:16:04.666 INFO  MongoDB successfully connected 
13:16:05.028 INFO  Shard: 0 has became ready 
13:16:05.070 INFO  All guilds have been initialized. 
13:16:05.070 INFO  -=-=-=-=-=-=-=-=-=-=-=-=-=-=-=-=-=-=-=-=-=-=-=-=-=-=-=-= 
13:16:05.071 INFO  Void Music 2#3539, ready to serve [2] users in [3] servers. 
13:16:05.071 INFO  -=-=-=-=-=-=-=-=-=-=-=-=-=-=-=-=-=-=-=-=-=-=-=-=-=-=-=-= 
13:16:05.649 INFO  Lavalink node: lavalink.scpcl.site has connected. 
13:16:23.480 ERROR Unhandled promise rejection: element.resolve.resolve is not a function. 
14:56:54.016 INFO  MongoDB successfully connected 
14:56:54.200 INFO  Shard: 0 has became ready 
14:56:54.250 INFO  All guilds have been initialized. 
14:56:54.251 INFO  -=-=-=-=-=-=-=-=-=-=-=-=-=-=-=-=-=-=-=-=-=-=-=-=-=-=-=-= 
14:56:54.251 INFO  Void Music 2#3539, ready to serve [2] users in [3] servers. 
14:56:54.251 INFO  -=-=-=-=-=-=-=-=-=-=-=-=-=-=-=-=-=-=-=-=-=-=-=-=-=-=-=-= 
14:56:54.711 INFO  Lavalink node: lavalink.scpcl.site has connected. 
14:57:22.749 ERROR Unhandled promise rejection: element.resolve.resolve is not a function. 
15:05:51.188 INFO  MongoDB successfully connected 
15:05:51.636 INFO  Shard: 0 has became ready 
15:05:51.681 INFO  All guilds have been initialized. 
15:05:51.681 INFO  -=-=-=-=-=-=-=-=-=-=-=-=-=-=-=-=-=-=-=-=-=-=-=-=-=-=-=-= 
15:05:51.681 INFO  Void Music 2#3539, ready to serve [2] users in [3] servers. 
15:05:51.682 INFO  -=-=-=-=-=-=-=-=-=-=-=-=-=-=-=-=-=-=-=-=-=-=-=-=-=-=-=-= 
15:05:52.369 INFO  Lavalink node: lavalink.scpcl.site has connected. 
15:06:20.731 ERROR Unhandled promise rejection: Cannot read properties of undefined (reading 'resolve'). 
15:06:20.734 ERROR Unhandled promise rejection: Cannot read properties of undefined (reading 'resolve'). 
15:06:20.735 ERROR Unhandled promise rejection: Cannot read properties of undefined (reading 'resolve'). 
15:06:20.736 ERROR Unhandled promise rejection: Cannot read properties of undefined (reading 'resolve'). 
15:06:20.737 ERROR Unhandled promise rejection: Cannot read properties of undefined (reading 'resolve'). 
15:06:20.738 ERROR Unhandled promise rejection: Cannot read properties of undefined (reading 'resolve'). 
15:06:20.739 ERROR Unhandled promise rejection: Cannot read properties of undefined (reading 'resolve'). 
15:06:20.741 ERROR Unhandled promise rejection: Cannot read properties of undefined (reading 'resolve'). 
15:06:20.742 ERROR Unhandled promise rejection: Cannot read properties of undefined (reading 'resolve'). 
15:06:20.743 ERROR Unhandled promise rejection: Cannot read properties of undefined (reading 'resolve'). 
15:06:20.744 ERROR Unhandled promise rejection: Cannot read properties of undefined (reading 'resolve'). 
15:06:20.746 ERROR Unhandled promise rejection: Cannot read properties of undefined (reading 'resolve'). 
15:06:20.747 ERROR Unhandled promise rejection: Cannot read properties of undefined (reading 'resolve'). 
15:06:20.748 ERROR Unhandled promise rejection: Cannot read properties of undefined (reading 'resolve'). 
15:06:20.749 ERROR Unhandled promise rejection: Cannot read properties of undefined (reading 'resolve'). 
15:06:20.750 ERROR Unhandled promise rejection: Cannot read properties of undefined (reading 'resolve'). 
15:07:07.304 INFO  MongoDB successfully connected 
15:07:07.556 INFO  Shard: 0 has became ready 
15:07:07.608 INFO  All guilds have been initialized. 
15:07:07.608 INFO  -=-=-=-=-=-=-=-=-=-=-=-=-=-=-=-=-=-=-=-=-=-=-=-=-=-=-=-= 
15:07:07.609 INFO  Void Music 2#3539, ready to serve [2] users in [3] servers. 
15:07:07.609 INFO  -=-=-=-=-=-=-=-=-=-=-=-=-=-=-=-=-=-=-=-=-=-=-=-=-=-=-=-= 
15:07:07.879 INFO  Lavalink node: lavalink.scpcl.site has connected. 
15:07:38.130 INFO  MongoDB successfully connected 
15:07:38.568 INFO  Shard: 0 has became ready 
15:07:38.620 INFO  All guilds have been initialized. 
15:07:38.620 INFO  -=-=-=-=-=-=-=-=-=-=-=-=-=-=-=-=-=-=-=-=-=-=-=-=-=-=-=-= 
15:07:38.621 INFO  Void Music 2#3539, ready to serve [2] users in [3] servers. 
15:07:38.621 INFO  -=-=-=-=-=-=-=-=-=-=-=-=-=-=-=-=-=-=-=-=-=-=-=-=-=-=-=-= 
15:07:39.215 INFO  Lavalink node: lavalink.scpcl.site has connected. 
15:28:52.243 INFO  MongoDB successfully connected 
15:28:52.600 INFO  Shard: 0 has became ready 
15:28:52.649 INFO  All guilds have been initialized. 
15:28:52.650 INFO  -=-=-=-=-=-=-=-=-=-=-=-=-=-=-=-=-=-=-=-=-=-=-=-=-=-=-=-= 
15:28:52.650 INFO  Void Music 2#3539, ready to serve [2] users in [3] servers. 
15:28:52.650 INFO  -=-=-=-=-=-=-=-=-=-=-=-=-=-=-=-=-=-=-=-=-=-=-=-=-=-=-=-= 
15:28:53.132 INFO  Lavalink node: lavalink.scpcl.site has connected. 
15:43:50.990 ERROR Lavalink node: lavalink.scpcl.site has disconnect, reason: unspecified. 
15:44:21.666 INFO  Lavalink node: lavalink.scpcl.site has connected. 
15:52:53.305 INFO  MongoDB successfully connected 
15:52:53.614 INFO  Shard: 0 has became ready 
15:52:53.665 INFO  All guilds have been initialized. 
15:52:53.665 INFO  -=-=-=-=-=-=-=-=-=-=-=-=-=-=-=-=-=-=-=-=-=-=-=-=-=-=-=-= 
15:52:53.665 INFO  Void Music 2#3539, ready to serve [2] users in [3] servers. 
15:52:53.665 INFO  -=-=-=-=-=-=-=-=-=-=-=-=-=-=-=-=-=-=-=-=-=-=-=-=-=-=-=-= 
15:52:54.605 INFO  Lavalink node: lavalink.scpcl.site has connected. 
16:10:10.496 INFO  MongoDB successfully connected 
16:10:10.957 INFO  Shard: 0 has became ready 
16:10:11.024 INFO  All guilds have been initialized. 
16:10:11.024 INFO  -=-=-=-=-=-=-=-=-=-=-=-=-=-=-=-=-=-=-=-=-=-=-=-=-=-=-=-= 
16:10:11.024 INFO  Void Music 2#3539, ready to serve [2] users in [3] servers. 
16:10:11.025 INFO  -=-=-=-=-=-=-=-=-=-=-=-=-=-=-=-=-=-=-=-=-=-=-=-=-=-=-=-= 
16:10:11.177 ERROR Unhandled promise rejection: Invalid Form Body
3.options[1].autocomplete[APPLICATION_COMMAND_AUTOCOMPLETE_INVALID]: Autocomplete cannot be configured for this type of option. 
16:10:11.334 ERROR Unhandled promise rejection: Invalid Form Body
3.options[1].autocomplete[APPLICATION_COMMAND_AUTOCOMPLETE_INVALID]: Autocomplete cannot be configured for this type of option. 
16:10:11.608 INFO  Lavalink node: lavalink.scpcl.site has connected. 
16:10:11.658 ERROR Unhandled promise rejection: Invalid Form Body
3.options[1].autocomplete[APPLICATION_COMMAND_AUTOCOMPLETE_INVALID]: Autocomplete cannot be configured for this type of option. 
16:10:53.861 INFO  MongoDB successfully connected 
16:10:54.358 INFO  Shard: 0 has became ready 
16:10:54.395 INFO  All guilds have been initialized. 
16:10:54.396 INFO  -=-=-=-=-=-=-=-=-=-=-=-=-=-=-=-=-=-=-=-=-=-=-=-=-=-=-=-= 
16:10:54.396 INFO  Void Music 2#3539, ready to serve [2] users in [3] servers. 
16:10:54.396 INFO  -=-=-=-=-=-=-=-=-=-=-=-=-=-=-=-=-=-=-=-=-=-=-=-=-=-=-=-= 
16:10:55.367 INFO  Lavalink node: lavalink.scpcl.site has connected. 
16:15:12.147 INFO  MongoDB successfully connected 
16:15:12.378 INFO  Shard: 0 has became ready 
16:15:12.426 INFO  All guilds have been initialized. 
16:15:12.426 INFO  -=-=-=-=-=-=-=-=-=-=-=-=-=-=-=-=-=-=-=-=-=-=-=-=-=-=-=-= 
16:15:12.427 INFO  Void Music 2#3539, ready to serve [2] users in [3] servers. 
16:15:12.427 INFO  -=-=-=-=-=-=-=-=-=-=-=-=-=-=-=-=-=-=-=-=-=-=-=-=-=-=-=-= 
16:15:13.518 INFO  Lavalink node: lavalink.scpcl.site has connected. 
16:17:49.372 INFO  MongoDB successfully connected 
16:17:49.696 INFO  Shard: 0 has became ready 
16:17:49.762 INFO  All guilds have been initialized. 
16:17:49.763 INFO  -=-=-=-=-=-=-=-=-=-=-=-=-=-=-=-=-=-=-=-=-=-=-=-=-=-=-=-= 
16:17:49.763 INFO  Void Music 2#3539, ready to serve [2] users in [3] servers. 
16:17:49.763 INFO  -=-=-=-=-=-=-=-=-=-=-=-=-=-=-=-=-=-=-=-=-=-=-=-=-=-=-=-= 
16:17:50.366 INFO  Lavalink node: lavalink.scpcl.site has connected. 
16:30:16.338 ERROR Unhandled promise rejection: Unknown interaction. 
16:45:33.036 INFO  MongoDB successfully connected 
16:45:33.404 INFO  Shard: 0 has became ready 
16:45:33.447 INFO  All guilds have been initialized. 
16:45:33.447 INFO  -=-=-=-=-=-=-=-=-=-=-=-=-=-=-=-=-=-=-=-=-=-=-=-=-=-=-=-= 
16:45:33.447 INFO  Void Music 2#3539, ready to serve [2] users in [3] servers. 
16:45:33.447 INFO  -=-=-=-=-=-=-=-=-=-=-=-=-=-=-=-=-=-=-=-=-=-=-=-=-=-=-=-= 
16:45:34.056 INFO  Lavalink node: lavalink.scpcl.site has connected. 
16:45:48.031 ERROR Unhandled promise rejection: Cannot use 'in' operator to search for 'color' in W. 
16:47:07.953 INFO  MongoDB successfully connected 
16:47:08.255 INFO  Shard: 0 has became ready 
16:47:08.311 INFO  All guilds have been initialized. 
16:47:08.311 INFO  -=-=-=-=-=-=-=-=-=-=-=-=-=-=-=-=-=-=-=-=-=-=-=-=-=-=-=-= 
16:47:08.312 INFO  Void Music 2#3539, ready to serve [2] users in [3] servers. 
16:47:08.312 INFO  -=-=-=-=-=-=-=-=-=-=-=-=-=-=-=-=-=-=-=-=-=-=-=-=-=-=-=-= 
16:47:08.867 INFO  Lavalink node: lavalink.scpcl.site has connected. 
16:47:18.121 ERROR Unhandled promise rejection: Cannot use 'in' operator to search for 'color' in W. 
16:47:48.718 INFO  MongoDB successfully connected 
16:47:49.156 INFO  Shard: 0 has became ready 
16:47:49.194 INFO  All guilds have been initialized. 
16:47:49.195 INFO  -=-=-=-=-=-=-=-=-=-=-=-=-=-=-=-=-=-=-=-=-=-=-=-=-=-=-=-= 
16:47:49.195 INFO  Void Music 2#3539, ready to serve [2] users in [3] servers. 
16:47:49.195 INFO  -=-=-=-=-=-=-=-=-=-=-=-=-=-=-=-=-=-=-=-=-=-=-=-=-=-=-=-= 
16:47:49.475 INFO  Lavalink node: lavalink.scpcl.site has connected. 
16:51:02.042 INFO  MongoDB successfully connected 
16:51:02.416 INFO  Shard: 0 has became ready 
16:51:02.461 INFO  All guilds have been initialized. 
16:51:02.461 INFO  -=-=-=-=-=-=-=-=-=-=-=-=-=-=-=-=-=-=-=-=-=-=-=-=-=-=-=-= 
16:51:02.461 INFO  Void Music 2#3539, ready to serve [2] users in [3] servers. 
16:51:02.462 INFO  -=-=-=-=-=-=-=-=-=-=-=-=-=-=-=-=-=-=-=-=-=-=-=-=-=-=-=-= 
16:51:03.061 INFO  Lavalink node: lavalink.scpcl.site has connected. 
16:51:27.792 INFO  MongoDB successfully connected 
16:51:28.364 INFO  Shard: 0 has became ready 
16:51:28.416 INFO  All guilds have been initialized. 
16:51:28.416 INFO  -=-=-=-=-=-=-=-=-=-=-=-=-=-=-=-=-=-=-=-=-=-=-=-=-=-=-=-= 
16:51:28.417 INFO  Void Music 2#3539, ready to serve [2] users in [3] servers. 
16:51:28.417 INFO  -=-=-=-=-=-=-=-=-=-=-=-=-=-=-=-=-=-=-=-=-=-=-=-=-=-=-=-= 
16:51:28.682 INFO  Lavalink node: lavalink.scpcl.site has connected. 
16:52:55.479 INFO  MongoDB successfully connected 
16:52:55.667 INFO  Shard: 0 has became ready 
16:52:55.714 INFO  All guilds have been initialized. 
16:52:55.714 INFO  -=-=-=-=-=-=-=-=-=-=-=-=-=-=-=-=-=-=-=-=-=-=-=-=-=-=-=-= 
16:52:55.714 INFO  Void Music 2#3539, ready to serve [2] users in [3] servers. 
16:52:55.715 INFO  -=-=-=-=-=-=-=-=-=-=-=-=-=-=-=-=-=-=-=-=-=-=-=-=-=-=-=-= 
16:52:56.201 INFO  Lavalink node: lavalink.scpcl.site has connected. 
16:54:35.105 INFO  MongoDB successfully connected 
16:54:35.253 INFO  Shard: 0 has became ready 
16:54:35.296 INFO  All guilds have been initialized. 
16:54:35.297 INFO  -=-=-=-=-=-=-=-=-=-=-=-=-=-=-=-=-=-=-=-=-=-=-=-=-=-=-=-= 
16:54:35.297 INFO  Void Music 2#3539, ready to serve [2] users in [3] servers. 
16:54:35.297 INFO  -=-=-=-=-=-=-=-=-=-=-=-=-=-=-=-=-=-=-=-=-=-=-=-=-=-=-=-= 
16:54:35.910 INFO  Lavalink node: lavalink.scpcl.site has connected. 
16:54:54.588 ERROR Unhandled promise rejection: Unknown interaction. 
16:55:24.946 INFO  MongoDB successfully connected 
16:55:25.245 INFO  Shard: 0 has became ready 
16:55:25.293 INFO  All guilds have been initialized. 
16:55:25.293 INFO  -=-=-=-=-=-=-=-=-=-=-=-=-=-=-=-=-=-=-=-=-=-=-=-=-=-=-=-= 
16:55:25.293 INFO  Void Music 2#3539, ready to serve [2] users in [3] servers. 
16:55:25.294 INFO  -=-=-=-=-=-=-=-=-=-=-=-=-=-=-=-=-=-=-=-=-=-=-=-=-=-=-=-= 
16:55:25.755 INFO  Lavalink node: lavalink.scpcl.site has connected. 
17:32:59.730 INFO  MongoDB successfully connected 
17:33:00.005 INFO  Shard: 0 has became ready 
17:33:00.064 INFO  All guilds have been initialized. 
17:33:00.064 INFO  -=-=-=-=-=-=-=-=-=-=-=-=-=-=-=-=-=-=-=-=-=-=-=-=-=-=-=-= 
17:33:00.065 INFO  Void Music 2#3539, ready to serve [2] users in [3] servers. 
17:33:00.065 INFO  -=-=-=-=-=-=-=-=-=-=-=-=-=-=-=-=-=-=-=-=-=-=-=-=-=-=-=-= 
17:33:00.705 INFO  Lavalink node: lavalink.scpcl.site has connected. 
17:33:24.490 ERROR Unhandled promise rejection: Cannot read properties of undefined (reading 'length'). 
17:35:12.698 INFO  MongoDB successfully connected 
17:35:13.103 INFO  Shard: 0 has became ready 
17:35:13.151 INFO  All guilds have been initialized. 
17:35:13.151 INFO  -=-=-=-=-=-=-=-=-=-=-=-=-=-=-=-=-=-=-=-=-=-=-=-=-=-=-=-= 
17:35:13.151 INFO  Void Music 2#3539, ready to serve [2] users in [3] servers. 
17:35:13.151 INFO  -=-=-=-=-=-=-=-=-=-=-=-=-=-=-=-=-=-=-=-=-=-=-=-=-=-=-=-= 
17:35:13.736 INFO  Lavalink node: lavalink.scpcl.site has connected. 
17:36:33.293 INFO  MongoDB successfully connected 
17:36:33.558 INFO  Shard: 0 has became ready 
17:36:33.606 INFO  All guilds have been initialized. 
17:36:33.607 INFO  -=-=-=-=-=-=-=-=-=-=-=-=-=-=-=-=-=-=-=-=-=-=-=-=-=-=-=-= 
17:36:33.607 INFO  Void Music 2#3539, ready to serve [2] users in [3] servers. 
17:36:33.607 INFO  -=-=-=-=-=-=-=-=-=-=-=-=-=-=-=-=-=-=-=-=-=-=-=-=-=-=-=-= 
17:36:34.225 INFO  Lavalink node: lavalink.scpcl.site has connected. 
17:39:02.948 INFO  MongoDB successfully connected 
17:39:03.196 INFO  Shard: 0 has became ready 
17:39:03.265 INFO  All guilds have been initialized. 
17:39:03.265 INFO  -=-=-=-=-=-=-=-=-=-=-=-=-=-=-=-=-=-=-=-=-=-=-=-=-=-=-=-= 
17:39:03.265 INFO  Void Music 2#3539, ready to serve [2] users in [3] servers. 
17:39:03.266 INFO  -=-=-=-=-=-=-=-=-=-=-=-=-=-=-=-=-=-=-=-=-=-=-=-=-=-=-=-= 
17:39:03.863 INFO  Lavalink node: lavalink.scpcl.site has connected. 
17:41:26.035 INFO  MongoDB successfully connected 
17:41:26.525 INFO  Shard: 0 has became ready 
17:41:26.590 INFO  All guilds have been initialized. 
17:41:26.591 INFO  -=-=-=-=-=-=-=-=-=-=-=-=-=-=-=-=-=-=-=-=-=-=-=-=-=-=-=-= 
17:41:26.591 INFO  Void Music 2#3539, ready to serve [2] users in [3] servers. 
17:41:26.591 INFO  -=-=-=-=-=-=-=-=-=-=-=-=-=-=-=-=-=-=-=-=-=-=-=-=-=-=-=-= 
17:41:27.136 INFO  Lavalink node: lavalink.scpcl.site has connected. 
17:43:14.116 INFO  MongoDB successfully connected 
17:43:14.598 INFO  Shard: 0 has became ready 
17:43:14.635 INFO  All guilds have been initialized. 
17:43:14.635 INFO  -=-=-=-=-=-=-=-=-=-=-=-=-=-=-=-=-=-=-=-=-=-=-=-=-=-=-=-= 
17:43:14.635 INFO  Void Music 2#3539, ready to serve [2] users in [3] servers. 
17:43:14.636 INFO  -=-=-=-=-=-=-=-=-=-=-=-=-=-=-=-=-=-=-=-=-=-=-=-=-=-=-=-= 
17:43:15.609 INFO  Lavalink node: lavalink.scpcl.site has connected. 
17:47:36.774 INFO  MongoDB successfully connected 
17:47:37.220 INFO  Shard: 0 has became ready 
17:47:37.271 INFO  All guilds have been initialized. 
17:47:37.272 INFO  -=-=-=-=-=-=-=-=-=-=-=-=-=-=-=-=-=-=-=-=-=-=-=-=-=-=-=-= 
17:47:37.272 INFO  Void Music 2#3539, ready to serve [2] users in [3] servers. 
17:47:37.272 INFO  -=-=-=-=-=-=-=-=-=-=-=-=-=-=-=-=-=-=-=-=-=-=-=-=-=-=-=-= 
17:47:37.896 INFO  Lavalink node: lavalink.scpcl.site has connected. 
17:48:36.804 INFO  MongoDB successfully connected 
17:48:37.076 INFO  Shard: 0 has became ready 
17:48:37.132 INFO  All guilds have been initialized. 
17:48:37.132 INFO  -=-=-=-=-=-=-=-=-=-=-=-=-=-=-=-=-=-=-=-=-=-=-=-=-=-=-=-= 
17:48:37.132 INFO  Void Music 2#3539, ready to serve [2] users in [3] servers. 
17:48:37.133 INFO  -=-=-=-=-=-=-=-=-=-=-=-=-=-=-=-=-=-=-=-=-=-=-=-=-=-=-=-= 
17:48:37.888 INFO  Lavalink node: lavalink.scpcl.site has connected. 
18:11:23.549 INFO  MongoDB successfully connected 
18:11:23.950 INFO  Shard: 0 has became ready 
18:11:24.003 INFO  All guilds have been initialized. 
18:11:24.003 INFO  -=-=-=-=-=-=-=-=-=-=-=-=-=-=-=-=-=-=-=-=-=-=-=-=-=-=-=-= 
18:11:24.004 INFO  Void Music 2#3539, ready to serve [3] users in [3] servers. 
18:11:24.004 INFO  -=-=-=-=-=-=-=-=-=-=-=-=-=-=-=-=-=-=-=-=-=-=-=-=-=-=-=-= 
18:11:24.817 INFO  Lavalink node: lavalink.scpcl.site has connected. 
18:12:53.713 ERROR Unhandled promise rejection: bot.getPlaylist is not a function. 
18:13:22.869 INFO  MongoDB successfully connected 
18:13:23.128 INFO  Shard: 0 has became ready 
18:13:23.193 INFO  All guilds have been initialized. 
18:13:23.193 INFO  -=-=-=-=-=-=-=-=-=-=-=-=-=-=-=-=-=-=-=-=-=-=-=-=-=-=-=-= 
18:13:23.194 INFO  Void Music 2#3539, ready to serve [3] users in [3] servers. 
18:13:23.194 INFO  -=-=-=-=-=-=-=-=-=-=-=-=-=-=-=-=-=-=-=-=-=-=-=-=-=-=-=-= 
18:13:23.683 INFO  Lavalink node: lavalink.scpcl.site has connected. 
18:15:32.669 ERROR Unhandled promise rejection: Unknown Message. 
18:16:02.399 ERROR Unhandled promise rejection: Unknown Message. 
18:16:45.613 INFO  MongoDB successfully connected 
18:16:45.875 INFO  Shard: 0 has became ready 
18:16:45.926 INFO  All guilds have been initialized. 
18:16:45.926 INFO  -=-=-=-=-=-=-=-=-=-=-=-=-=-=-=-=-=-=-=-=-=-=-=-=-=-=-=-= 
18:16:45.926 INFO  Void Music 2#3539, ready to serve [3] users in [3] servers. 
18:16:45.926 INFO  -=-=-=-=-=-=-=-=-=-=-=-=-=-=-=-=-=-=-=-=-=-=-=-=-=-=-=-= 
18:16:46.583 INFO  Lavalink node: lavalink.scpcl.site has connected. 
18:25:49.866 INFO  MongoDB successfully connected 
18:25:50.116 INFO  Shard: 0 has became ready 
18:25:50.175 INFO  All guilds have been initialized. 
18:25:50.176 INFO  -=-=-=-=-=-=-=-=-=-=-=-=-=-=-=-=-=-=-=-=-=-=-=-=-=-=-=-= 
18:25:50.176 INFO  Void Music 2#3539, ready to serve [3] users in [3] servers. 
18:25:50.176 INFO  -=-=-=-=-=-=-=-=-=-=-=-=-=-=-=-=-=-=-=-=-=-=-=-=-=-=-=-= 
18:25:50.795 INFO  Lavalink node: lavalink.scpcl.site has connected. 
18:27:32.854 INFO  MongoDB successfully connected 
18:27:33.195 INFO  Shard: 0 has became ready 
18:27:33.242 INFO  All guilds have been initialized. 
18:27:33.243 INFO  -=-=-=-=-=-=-=-=-=-=-=-=-=-=-=-=-=-=-=-=-=-=-=-=-=-=-=-= 
18:27:33.243 INFO  Void Music 2#3539, ready to serve [1] users in [3] servers. 
18:27:33.243 INFO  -=-=-=-=-=-=-=-=-=-=-=-=-=-=-=-=-=-=-=-=-=-=-=-=-=-=-=-= 
18:27:33.813 INFO  Lavalink node: lavalink.scpcl.site has connected. 
18:29:04.424 INFO  MongoDB successfully connected 
18:29:04.880 INFO  Shard: 0 has became ready 
18:29:04.925 INFO  All guilds have been initialized. 
18:29:04.926 INFO  -=-=-=-=-=-=-=-=-=-=-=-=-=-=-=-=-=-=-=-=-=-=-=-=-=-=-=-= 
18:29:04.926 INFO  Void Music 2#3539, ready to serve [1] users in [3] servers. 
18:29:04.927 INFO  -=-=-=-=-=-=-=-=-=-=-=-=-=-=-=-=-=-=-=-=-=-=-=-=-=-=-=-= 
18:29:05.397 INFO  Lavalink node: lavalink.scpcl.site has connected. 
18:29:47.744 INFO  MongoDB successfully connected 
18:29:48.143 INFO  Shard: 0 has became ready 
18:29:48.184 INFO  All guilds have been initialized. 
18:29:48.184 INFO  -=-=-=-=-=-=-=-=-=-=-=-=-=-=-=-=-=-=-=-=-=-=-=-=-=-=-=-= 
18:29:48.185 INFO  Void Music 2#3539, ready to serve [1] users in [3] servers. 
18:29:48.185 INFO  -=-=-=-=-=-=-=-=-=-=-=-=-=-=-=-=-=-=-=-=-=-=-=-=-=-=-=-= 
18:29:49.169 INFO  Lavalink node: lavalink.scpcl.site has connected. 
18:29:58.782 ERROR Unhandled promise rejection: playlists validation failed: duration: Cast to Number failed for value "NaN" (type number) at path "duration". 
18:31:29.389 INFO  Shard: 0 has became ready 
18:31:31.057 INFO  Lavalink node: lavalink.scpcl.site has connected. 
18:31:38.077 INFO  MongoDB successfully connected 
18:31:39.493 INFO  All guilds have been initialized. 
18:31:39.493 INFO  -=-=-=-=-=-=-=-=-=-=-=-=-=-=-=-=-=-=-=-=-=-=-=-=-=-=-=-= 
18:31:39.494 INFO  Void Music 2#3539, ready to serve [1] users in [3] servers. 
18:31:39.494 INFO  -=-=-=-=-=-=-=-=-=-=-=-=-=-=-=-=-=-=-=-=-=-=-=-=-=-=-=-= 
18:33:40.384 ERROR Unhandled promise rejection: Unknown Message. 
18:35:17.753 ERROR Unhandled promise rejection: Unknown Message. 
18:35:42.977 ERROR Unhandled promise rejection: Unknown Message. 
18:59:20.802 INFO  MongoDB successfully connected 
18:59:21.240 INFO  Shard: 0 has became ready 
18:59:21.291 INFO  All guilds have been initialized. 
18:59:21.292 INFO  -=-=-=-=-=-=-=-=-=-=-=-=-=-=-=-=-=-=-=-=-=-=-=-=-=-=-=-= 
18:59:21.292 INFO  Void Music 2#3539, ready to serve [1] users in [3] servers. 
18:59:21.292 INFO  -=-=-=-=-=-=-=-=-=-=-=-=-=-=-=-=-=-=-=-=-=-=-=-=-=-=-=-= 
18:59:21.912 INFO  Lavalink node: lavalink.scpcl.site has connected. 
19:12:22.255 INFO  MongoDB successfully connected 
19:12:22.763 INFO  Shard: 0 has became ready 
19:12:22.809 INFO  All guilds have been initialized. 
19:12:22.809 INFO  -=-=-=-=-=-=-=-=-=-=-=-=-=-=-=-=-=-=-=-=-=-=-=-=-=-=-=-= 
19:12:22.810 INFO  Void Music 2#3539, ready to serve [1] users in [3] servers. 
19:12:22.810 INFO  -=-=-=-=-=-=-=-=-=-=-=-=-=-=-=-=-=-=-=-=-=-=-=-=-=-=-=-= 
19:12:23.802 INFO  Lavalink node: lavalink.scpcl.site has connected. 
19:13:52.323 INFO  MongoDB successfully connected 
19:13:52.492 INFO  Shard: 0 has became ready 
19:13:52.646 INFO  All guilds have been initialized. 
19:13:52.647 INFO  -=-=-=-=-=-=-=-=-=-=-=-=-=-=-=-=-=-=-=-=-=-=-=-=-=-=-=-= 
19:13:52.647 INFO  Void Music 2#3539, ready to serve [1] users in [3] servers. 
19:13:52.647 INFO  -=-=-=-=-=-=-=-=-=-=-=-=-=-=-=-=-=-=-=-=-=-=-=-=-=-=-=-= 
19:13:53.143 INFO  Lavalink node: lavalink.scpcl.site has connected. 
19:14:58.407 INFO  MongoDB successfully connected 
19:14:58.613 INFO  Shard: 0 has became ready 
19:14:58.660 INFO  All guilds have been initialized. 
19:14:58.660 INFO  -=-=-=-=-=-=-=-=-=-=-=-=-=-=-=-=-=-=-=-=-=-=-=-=-=-=-=-= 
19:14:58.660 INFO  Void Music 2#3539, ready to serve [1] users in [3] servers. 
19:14:58.661 INFO  -=-=-=-=-=-=-=-=-=-=-=-=-=-=-=-=-=-=-=-=-=-=-=-=-=-=-=-= 
19:14:59.151 INFO  Lavalink node: lavalink.scpcl.site has connected. 
19:15:24.759 INFO  MongoDB successfully connected 
19:15:25.131 INFO  Shard: 0 has became ready 
19:15:25.172 INFO  All guilds have been initialized. 
19:15:25.172 INFO  -=-=-=-=-=-=-=-=-=-=-=-=-=-=-=-=-=-=-=-=-=-=-=-=-=-=-=-= 
19:15:25.172 INFO  Void Music 2#3539, ready to serve [1] users in [3] servers. 
19:15:25.173 INFO  -=-=-=-=-=-=-=-=-=-=-=-=-=-=-=-=-=-=-=-=-=-=-=-=-=-=-=-= 
19:15:25.765 INFO  Lavalink node: lavalink.scpcl.site has connected. 
19:17:35.117 INFO  MongoDB successfully connected 
19:17:35.620 INFO  Shard: 0 has became ready 
19:17:35.675 INFO  All guilds have been initialized. 
19:17:35.676 INFO  -=-=-=-=-=-=-=-=-=-=-=-=-=-=-=-=-=-=-=-=-=-=-=-=-=-=-=-= 
19:17:35.676 INFO  Void Music 2#3539, ready to serve [1] users in [3] servers. 
19:17:35.676 INFO  -=-=-=-=-=-=-=-=-=-=-=-=-=-=-=-=-=-=-=-=-=-=-=-=-=-=-=-= 
19:17:37.298 INFO  Lavalink node: lavalink.scpcl.site has connected. 
19:18:23.895 INFO  MongoDB successfully connected 
19:18:28.141 INFO  Shard: 0 has became ready 
19:18:28.191 INFO  All guilds have been initialized. 
19:18:28.192 INFO  -=-=-=-=-=-=-=-=-=-=-=-=-=-=-=-=-=-=-=-=-=-=-=-=-=-=-=-= 
19:18:28.192 INFO  Void Music 2#3539, ready to serve [2] users in [3] servers. 
19:18:28.193 INFO  -=-=-=-=-=-=-=-=-=-=-=-=-=-=-=-=-=-=-=-=-=-=-=-=-=-=-=-= 
19:18:28.456 INFO  Lavalink node: lavalink.scpcl.site has connected. 
19:18:54.829 INFO  MongoDB successfully connected 
19:18:54.976 INFO  Shard: 0 has became ready 
19:18:55.038 INFO  All guilds have been initialized. 
19:18:55.039 INFO  -=-=-=-=-=-=-=-=-=-=-=-=-=-=-=-=-=-=-=-=-=-=-=-=-=-=-=-= 
19:18:55.039 INFO  Void Music 2#3539, ready to serve [1] users in [3] servers. 
19:18:55.039 INFO  -=-=-=-=-=-=-=-=-=-=-=-=-=-=-=-=-=-=-=-=-=-=-=-=-=-=-=-= 
19:18:55.523 INFO  Lavalink node: lavalink.scpcl.site has connected. 
19:19:18.208 INFO  MongoDB successfully connected 
19:19:18.588 INFO  Shard: 0 has became ready 
19:19:18.631 INFO  All guilds have been initialized. 
19:19:18.632 INFO  -=-=-=-=-=-=-=-=-=-=-=-=-=-=-=-=-=-=-=-=-=-=-=-=-=-=-=-= 
19:19:18.632 INFO  Void Music 2#3539, ready to serve [1] users in [3] servers. 
19:19:18.632 INFO  -=-=-=-=-=-=-=-=-=-=-=-=-=-=-=-=-=-=-=-=-=-=-=-=-=-=-=-= 
19:19:19.224 INFO  Lavalink node: lavalink.scpcl.site has connected. 
19:19:49.617 INFO  MongoDB successfully connected 
19:19:50.010 INFO  Shard: 0 has became ready 
19:19:50.180 INFO  All guilds have been initialized. 
19:19:50.180 INFO  -=-=-=-=-=-=-=-=-=-=-=-=-=-=-=-=-=-=-=-=-=-=-=-=-=-=-=-= 
19:19:50.181 INFO  Void Music 2#3539, ready to serve [1] users in [3] servers. 
19:19:50.181 INFO  -=-=-=-=-=-=-=-=-=-=-=-=-=-=-=-=-=-=-=-=-=-=-=-=-=-=-=-= 
19:19:50.515 INFO  Lavalink node: lavalink.scpcl.site has connected. 
19:22:41.883 INFO  MongoDB successfully connected 
19:22:42.287 INFO  Shard: 0 has became ready 
19:22:42.341 INFO  All guilds have been initialized. 
19:22:42.341 INFO  -=-=-=-=-=-=-=-=-=-=-=-=-=-=-=-=-=-=-=-=-=-=-=-=-=-=-=-= 
19:22:42.342 INFO  Void Music 2#3539, ready to serve [1] users in [3] servers. 
19:22:42.342 INFO  -=-=-=-=-=-=-=-=-=-=-=-=-=-=-=-=-=-=-=-=-=-=-=-=-=-=-=-= 
19:22:42.957 INFO  Lavalink node: lavalink.scpcl.site has connected. 
19:25:38.800 INFO  MongoDB successfully connected 
19:25:39.132 INFO  Shard: 0 has became ready 
19:25:39.181 INFO  All guilds have been initialized. 
19:25:39.182 INFO  -=-=-=-=-=-=-=-=-=-=-=-=-=-=-=-=-=-=-=-=-=-=-=-=-=-=-=-= 
19:25:39.182 INFO  Void Music 2#3539, ready to serve [1] users in [3] servers. 
19:25:39.182 INFO  -=-=-=-=-=-=-=-=-=-=-=-=-=-=-=-=-=-=-=-=-=-=-=-=-=-=-=-= 
19:25:39.772 INFO  Lavalink node: lavalink.scpcl.site has connected. 
19:29:14.474 INFO  MongoDB successfully connected 
19:29:14.887 INFO  Shard: 0 has became ready 
19:29:14.938 INFO  All guilds have been initialized. 
19:29:14.939 INFO  -=-=-=-=-=-=-=-=-=-=-=-=-=-=-=-=-=-=-=-=-=-=-=-=-=-=-=-= 
19:29:14.939 INFO  Void Music 2#3539, ready to serve [1] users in [3] servers. 
19:29:14.939 INFO  -=-=-=-=-=-=-=-=-=-=-=-=-=-=-=-=-=-=-=-=-=-=-=-=-=-=-=-= 
19:29:15.467 INFO  Lavalink node: lavalink.scpcl.site has connected. 
19:29:33.592 INFO  MongoDB successfully connected 
19:29:33.956 INFO  Shard: 0 has became ready 
19:29:34.004 INFO  All guilds have been initialized. 
19:29:34.004 INFO  -=-=-=-=-=-=-=-=-=-=-=-=-=-=-=-=-=-=-=-=-=-=-=-=-=-=-=-= 
19:29:34.005 INFO  Void Music 2#3539, ready to serve [1] users in [3] servers. 
19:29:34.005 INFO  -=-=-=-=-=-=-=-=-=-=-=-=-=-=-=-=-=-=-=-=-=-=-=-=-=-=-=-= 
19:29:34.470 INFO  Lavalink node: lavalink.scpcl.site has connected. 
19:33:03.944 INFO  Shard: 0 has became ready 
19:33:04.457 INFO  MongoDB successfully connected 
19:33:04.587 INFO  Lavalink node: lavalink.scpcl.site has connected. 
19:33:04.712 INFO  All guilds have been initialized. 
19:33:04.712 INFO  -=-=-=-=-=-=-=-=-=-=-=-=-=-=-=-=-=-=-=-=-=-=-=-=-=-=-=-= 
19:33:04.713 INFO  Void Music 2#3539, ready to serve [1] users in [3] servers. 
19:33:04.713 INFO  -=-=-=-=-=-=-=-=-=-=-=-=-=-=-=-=-=-=-=-=-=-=-=-=-=-=-=-= 
19:33:11.274 ERROR Unhandled promise rejection: str.push is not a function. 
20:39:56.130 INFO  MongoDB successfully connected 
20:39:56.167 INFO  Shard: 0 has became ready 
20:39:56.460 INFO  All guilds have been initialized. 
20:39:56.461 INFO  -=-=-=-=-=-=-=-=-=-=-=-=-=-=-=-=-=-=-=-=-=-=-=-=-=-=-=-= 
20:39:56.461 INFO  Void Music 2#3539, ready to serve [4] users in [3] servers. 
20:39:56.461 INFO  -=-=-=-=-=-=-=-=-=-=-=-=-=-=-=-=-=-=-=-=-=-=-=-=-=-=-=-= 
20:39:56.741 INFO  Lavalink node: lavalink.scpcl.site has connected. 
20:40:52.897 INFO  MongoDB successfully connected 
20:40:53.248 INFO  Shard: 0 has became ready 
20:40:53.291 INFO  All guilds have been initialized. 
20:40:53.291 INFO  -=-=-=-=-=-=-=-=-=-=-=-=-=-=-=-=-=-=-=-=-=-=-=-=-=-=-=-= 
20:40:53.291 INFO  Void Music 2#3539, ready to serve [4] users in [3] servers. 
20:40:53.292 INFO  -=-=-=-=-=-=-=-=-=-=-=-=-=-=-=-=-=-=-=-=-=-=-=-=-=-=-=-= 
20:40:53.877 INFO  Lavalink node: lavalink.scpcl.site has connected. 
20:42:58.383 ERROR Unhandled promise rejection: Unknown Message. 
20:43:07.725 INFO  MongoDB successfully connected 
20:43:07.787 INFO  Shard: 0 has became ready 
20:43:08.009 INFO  All guilds have been initialized. 
20:43:08.009 INFO  -=-=-=-=-=-=-=-=-=-=-=-=-=-=-=-=-=-=-=-=-=-=-=-=-=-=-=-= 
20:43:08.010 INFO  Void Music 2#3539, ready to serve [4] users in [3] servers. 
20:43:08.010 INFO  -=-=-=-=-=-=-=-=-=-=-=-=-=-=-=-=-=-=-=-=-=-=-=-=-=-=-=-= 
20:43:08.412 INFO  Lavalink node: lavalink.scpcl.site has connected. 
20:43:10.324 ERROR Unhandled promise rejection: Invalid Form Body
data.embeds[0].description: This field is required. 
20:43:31.166 INFO  MongoDB successfully connected 
20:43:31.471 INFO  Shard: 0 has became ready 
20:43:31.517 INFO  All guilds have been initialized. 
20:43:31.517 INFO  -=-=-=-=-=-=-=-=-=-=-=-=-=-=-=-=-=-=-=-=-=-=-=-=-=-=-=-= 
20:43:31.518 INFO  Void Music 2#3539, ready to serve [4] users in [3] servers. 
20:43:31.518 INFO  -=-=-=-=-=-=-=-=-=-=-=-=-=-=-=-=-=-=-=-=-=-=-=-=-=-=-=-= 
20:43:31.808 INFO  Lavalink node: lavalink.scpcl.site has connected. 
20:43:35.091 ERROR Unhandled promise rejection: str.push(...).join is not a function. 
20:43:55.148 INFO  MongoDB successfully connected 
20:43:55.405 INFO  Shard: 0 has became ready 
20:43:55.455 INFO  All guilds have been initialized. 
20:43:55.455 INFO  -=-=-=-=-=-=-=-=-=-=-=-=-=-=-=-=-=-=-=-=-=-=-=-=-=-=-=-= 
20:43:55.456 INFO  Void Music 2#3539, ready to serve [6] users in [3] servers. 
20:43:55.456 INFO  -=-=-=-=-=-=-=-=-=-=-=-=-=-=-=-=-=-=-=-=-=-=-=-=-=-=-=-= 
20:43:55.731 INFO  Lavalink node: lavalink.scpcl.site has connected. 
20:44:54.897 INFO  MongoDB successfully connected 
20:44:55.395 INFO  Shard: 0 has became ready 
20:44:55.448 INFO  All guilds have been initialized. 
20:44:55.449 INFO  -=-=-=-=-=-=-=-=-=-=-=-=-=-=-=-=-=-=-=-=-=-=-=-=-=-=-=-= 
20:44:55.449 INFO  Void Music 2#3539, ready to serve [6] users in [3] servers. 
20:44:55.449 INFO  -=-=-=-=-=-=-=-=-=-=-=-=-=-=-=-=-=-=-=-=-=-=-=-=-=-=-=-= 
20:44:57.676 INFO  Lavalink node: lavalink.scpcl.site has connected. 
20:46:04.339 INFO  MongoDB successfully connected 
20:46:04.709 INFO  Shard: 0 has became ready 
20:46:04.869 INFO  All guilds have been initialized. 
20:46:04.869 INFO  -=-=-=-=-=-=-=-=-=-=-=-=-=-=-=-=-=-=-=-=-=-=-=-=-=-=-=-= 
20:46:04.870 INFO  Void Music 2#3539, ready to serve [6] users in [3] servers. 
20:46:04.870 INFO  -=-=-=-=-=-=-=-=-=-=-=-=-=-=-=-=-=-=-=-=-=-=-=-=-=-=-=-= 
20:46:05.367 INFO  Lavalink node: lavalink.scpcl.site has connected. 
20:48:19.712 ERROR Unhandled promise rejection: Unknown Message. 
20:48:57.497 INFO  Shard: 0 has became ready 
20:48:58.073 INFO  Lavalink node: lavalink.scpcl.site has connected. 
20:49:03.182 INFO  MongoDB successfully connected 
20:49:05.887 INFO  All guilds have been initialized. 
20:49:05.887 INFO  -=-=-=-=-=-=-=-=-=-=-=-=-=-=-=-=-=-=-=-=-=-=-=-=-=-=-=-= 
20:49:05.887 INFO  Void Music 2#3539, ready to serve [6] users in [3] servers. 
20:49:05.888 INFO  -=-=-=-=-=-=-=-=-=-=-=-=-=-=-=-=-=-=-=-=-=-=-=-=-=-=-=-= 
20:51:07.401 ERROR Unhandled promise rejection: Unknown Message. 
20:57:16.242 INFO  MongoDB successfully connected 
20:57:16.646 INFO  Shard: 0 has became ready 
20:57:16.683 INFO  All guilds have been initialized. 
20:57:16.684 INFO  -=-=-=-=-=-=-=-=-=-=-=-=-=-=-=-=-=-=-=-=-=-=-=-=-=-=-=-= 
20:57:16.684 INFO  Void Music 2#3539, ready to serve [6] users in [3] servers. 
20:57:16.684 INFO  -=-=-=-=-=-=-=-=-=-=-=-=-=-=-=-=-=-=-=-=-=-=-=-=-=-=-=-= 
20:57:17.349 INFO  Lavalink node: lavalink.scpcl.site has connected. 
20:57:24.152 ERROR Unhandled promise rejection: Invalid Form Body
message_reference: Unknown message. 
20:58:15.797 INFO  MongoDB successfully connected 
20:58:16.192 INFO  Shard: 0 has became ready 
20:58:16.237 INFO  All guilds have been initialized. 
20:58:16.237 INFO  -=-=-=-=-=-=-=-=-=-=-=-=-=-=-=-=-=-=-=-=-=-=-=-=-=-=-=-= 
20:58:16.238 INFO  Void Music 2#3539, ready to serve [6] users in [3] servers. 
20:58:16.238 INFO  -=-=-=-=-=-=-=-=-=-=-=-=-=-=-=-=-=-=-=-=-=-=-=-=-=-=-=-= 
20:58:17.208 INFO  Lavalink node: lavalink.scpcl.site has connected. 
