02:16:51.031 INFO  MongoDB successfully connected 
02:16:51.370 INFO  Shard: 0 has became ready 
02:16:51.431 INFO  All guilds have been initialized 
02:16:51.539 INFO  -=-=-=-=-=-=-=-=-=-=-=-=-=-=-=-=-=-=-=-=-=-=-=-=-=-=-=-= 
02:16:51.540 INFO  Void Music 2#3539, ready to serve [6] users in [3] servers 
02:16:51.540 INFO  -=-=-=-=-=-=-=-=-=-=-=-=-=-=-=-=-=-=-=-=-=-=-=-=-=-=-=-= 
02:16:52.030 INFO  Lavalink node: lavalink.scpcl.site has connected. 
02:16:59.252 ERROR Unhandled promise rejection: MessageButton is not defined. 
02:19:06.982 INFO  MongoDB successfully connected 
02:19:07.382 INFO  Shard: 0 has became ready 
02:19:07.438 INFO  All guilds have been initialized 
02:19:07.580 INFO  -=-=-=-=-=-=-=-=-=-=-=-=-=-=-=-=-=-=-=-=-=-=-=-=-=-=-=-= 
02:19:07.580 INFO  Void Music 2#3539, ready to serve [6] users in [3] servers 
02:19:07.580 INFO  -=-=-=-=-=-=-=-=-=-=-=-=-=-=-=-=-=-=-=-=-=-=-=-=-=-=-=-= 
02:19:08.370 INFO  Lavalink node: lavalink.scpcl.site has connected. 
02:19:15.688 ERROR Unhandled promise rejection: Invalid Form Body
components[0].components[5]: The specified component exceeds the maximum width
components[0].components[6]: The specified component exceeds the maximum width. 
02:23:26.321 INFO  MongoDB successfully connected 
02:23:26.581 INFO  Shard: 0 has became ready 
02:23:26.665 INFO  All guilds have been initialized 
02:23:26.798 INFO  -=-=-=-=-=-=-=-=-=-=-=-=-=-=-=-=-=-=-=-=-=-=-=-=-=-=-=-= 
02:23:26.798 INFO  Void Music 2#3539, ready to serve [6] users in [3] servers 
02:23:26.799 INFO  -=-=-=-=-=-=-=-=-=-=-=-=-=-=-=-=-=-=-=-=-=-=-=-=-=-=-=-= 
02:23:27.139 INFO  Lavalink node: lavalink.scpcl.site has connected. 
02:24:02.392 INFO  MongoDB successfully connected 
02:24:02.719 INFO  Shard: 0 has became ready 
02:24:02.797 INFO  All guilds have been initialized 
02:24:02.916 INFO  -=-=-=-=-=-=-=-=-=-=-=-=-=-=-=-=-=-=-=-=-=-=-=-=-=-=-=-= 
02:24:02.916 INFO  Void Music 2#3539, ready to serve [6] users in [3] servers 
02:24:02.917 INFO  -=-=-=-=-=-=-=-=-=-=-=-=-=-=-=-=-=-=-=-=-=-=-=-=-=-=-=-= 
02:24:03.058 INFO  Lavalink node: lavalink.scpcl.site has connected. 
02:25:40.074 INFO  MongoDB successfully connected 
02:25:40.307 INFO  Shard: 0 has became ready 
02:25:40.371 INFO  All guilds have been initialized 
02:25:40.495 INFO  -=-=-=-=-=-=-=-=-=-=-=-=-=-=-=-=-=-=-=-=-=-=-=-=-=-=-=-= 
02:25:40.496 INFO  Void Music 2#3539, ready to serve [6] users in [3] servers 
02:25:40.496 INFO  -=-=-=-=-=-=-=-=-=-=-=-=-=-=-=-=-=-=-=-=-=-=-=-=-=-=-=-= 
02:25:40.875 INFO  Lavalink node: lavalink.scpcl.site has connected. 
02:27:05.343 ERROR Unhandled promise rejection: Unknown interaction. 
