14:18:09.798 INFO  1 language(s) have loaded. (en-US) 
14:18:10.173 INFO  MongoDB successfully connected 
14:18:10.669 INFO  Shard: 0 has became ready 
14:18:10.737 INFO  All guilds have been initialized 
14:18:10.882 INFO  -=-=-=-=-=-=-=-=-=-=-=-=-=-=-=-=-=-=-=-=-=-=-=-=-=-=-=-= 
14:18:10.882 INFO  Lunio 2#3539, ready to serve [6] users in [3] servers 
14:18:10.882 INFO  -=-=-=-=-=-=-=-=-=-=-=-=-=-=-=-=-=-=-=-=-=-=-=-=-=-=-=-= 
14:18:10.918 INFO  Lavalink node: 0.0.0.0 has connected. 
14:19:23.010 INFO  1 language(s) have loaded. (en-US) 
14:19:23.349 INFO  MongoDB successfully connected 
14:19:23.765 INFO  Shard: 0 has became ready 
14:19:23.790 INFO  Lavalink node: 0.0.0.0 has connected. 
14:19:23.815 INFO  All guilds have been initialized 
14:19:23.943 INFO  -=-=-=-=-=-=-=-=-=-=-=-=-=-=-=-=-=-=-=-=-=-=-=-=-=-=-=-= 
14:19:23.944 INFO  Lunio 2#3539, ready to serve [7] users in [3] servers 
14:19:23.944 INFO  -=-=-=-=-=-=-=-=-=-=-=-=-=-=-=-=-=-=-=-=-=-=-=-=-=-=-=-= 
14:20:35.251 INFO  1 language(s) have loaded. (en-US) 
14:20:35.598 INFO  MongoDB successfully connected 
14:20:35.994 INFO  Shard: 0 has became ready 
14:20:36.025 INFO  Lavalink node: 0.0.0.0 has connected. 
14:20:36.051 INFO  All guilds have been initialized 
14:20:36.177 INFO  -=-=-=-=-=-=-=-=-=-=-=-=-=-=-=-=-=-=-=-=-=-=-=-=-=-=-=-= 
14:20:36.177 INFO  Lunio 2#3539, ready to serve [7] users in [3] servers 
14:20:36.178 INFO  -=-=-=-=-=-=-=-=-=-=-=-=-=-=-=-=-=-=-=-=-=-=-=-=-=-=-=-= 
14:21:07.702 INFO  1 language(s) have loaded. (en-US) 
14:21:08.008 INFO  MongoDB successfully connected 
14:21:09.268 INFO  Shard: 0 has became ready 
14:21:09.301 INFO  Lavalink node: 0.0.0.0 has connected. 
14:21:09.327 INFO  All guilds have been initialized 
14:21:09.453 INFO  -=-=-=-=-=-=-=-=-=-=-=-=-=-=-=-=-=-=-=-=-=-=-=-=-=-=-=-= 
14:21:09.453 INFO  Lunio 2#3539, ready to serve [7] users in [3] servers 
14:21:09.454 INFO  -=-=-=-=-=-=-=-=-=-=-=-=-=-=-=-=-=-=-=-=-=-=-=-=-=-=-=-= 
14:21:38.714 INFO  1 language(s) have loaded. (en-US) 
14:21:39.052 INFO  MongoDB successfully connected 
14:21:39.470 INFO  Shard: 0 has became ready 
14:21:39.494 INFO  Lavalink node: 0.0.0.0 has connected. 
14:21:39.522 INFO  All guilds have been initialized 
14:21:39.643 INFO  -=-=-=-=-=-=-=-=-=-=-=-=-=-=-=-=-=-=-=-=-=-=-=-=-=-=-=-= 
14:21:39.643 INFO  Lunio 2#3539, ready to serve [7] users in [3] servers 
14:21:39.644 INFO  -=-=-=-=-=-=-=-=-=-=-=-=-=-=-=-=-=-=-=-=-=-=-=-=-=-=-=-= 
14:22:25.284 INFO  1 language(s) have loaded. (en-US) 
14:22:25.615 INFO  MongoDB successfully connected 
14:22:26.049 INFO  Shard: 0 has became ready 
14:22:26.075 INFO  Lavalink node: 0.0.0.0 has connected. 
14:22:26.100 INFO  All guilds have been initialized 
14:22:26.228 INFO  -=-=-=-=-=-=-=-=-=-=-=-=-=-=-=-=-=-=-=-=-=-=-=-=-=-=-=-= 
14:22:26.228 INFO  Lunio 2#3539, ready to serve [7] users in [3] servers 
14:22:26.229 INFO  -=-=-=-=-=-=-=-=-=-=-=-=-=-=-=-=-=-=-=-=-=-=-=-=-=-=-=-= 
14:22:47.132 INFO  1 language(s) have loaded. (en-US) 
14:22:47.468 INFO  MongoDB successfully connected 
14:22:47.846 INFO  Shard: 0 has became ready 
14:22:47.868 INFO  Lavalink node: 0.0.0.0 has connected. 
14:22:47.892 INFO  All guilds have been initialized 
14:22:48.014 INFO  -=-=-=-=-=-=-=-=-=-=-=-=-=-=-=-=-=-=-=-=-=-=-=-=-=-=-=-= 
14:22:48.014 INFO  Lunio 2#3539, ready to serve [7] users in [3] servers 
14:22:48.015 INFO  -=-=-=-=-=-=-=-=-=-=-=-=-=-=-=-=-=-=-=-=-=-=-=-=-=-=-=-= 
14:23:45.021 INFO  1 language(s) have loaded. (en-US) 
14:23:45.379 INFO  MongoDB successfully connected 
14:23:45.745 INFO  Shard: 0 has became ready 
14:23:45.778 INFO  Lavalink node: 0.0.0.0 has connected. 
14:23:45.808 INFO  All guilds have been initialized 
14:23:45.934 INFO  -=-=-=-=-=-=-=-=-=-=-=-=-=-=-=-=-=-=-=-=-=-=-=-=-=-=-=-= 
14:23:45.934 INFO  Lunio 2#3539, ready to serve [7] users in [3] servers 
14:23:45.934 INFO  -=-=-=-=-=-=-=-=-=-=-=-=-=-=-=-=-=-=-=-=-=-=-=-=-=-=-=-= 
14:25:06.487 INFO  1 language(s) have loaded. (en-US) 
14:25:06.829 INFO  MongoDB successfully connected 
14:25:07.281 INFO  Shard: 0 has became ready 
14:25:07.302 INFO  Lavalink node: 0.0.0.0 has connected. 
14:25:07.328 INFO  All guilds have been initialized 
14:25:07.456 INFO  -=-=-=-=-=-=-=-=-=-=-=-=-=-=-=-=-=-=-=-=-=-=-=-=-=-=-=-= 
14:25:07.457 INFO  Lunio 2#3539, ready to serve [8] users in [3] servers 
14:25:07.457 INFO  -=-=-=-=-=-=-=-=-=-=-=-=-=-=-=-=-=-=-=-=-=-=-=-=-=-=-=-= 
14:25:10.806 ERROR Error deleting message not from Lunio: DiscordAPIError[10008]: Unknown Message 
14:25:49.642 INFO  1 language(s) have loaded. (en-US) 
14:25:49.956 INFO  MongoDB successfully connected 
14:25:50.569 INFO  Shard: 0 has became ready 
14:25:50.590 INFO  Lavalink node: 0.0.0.0 has connected. 
14:25:50.613 INFO  All guilds have been initialized 
14:25:50.741 INFO  -=-=-=-=-=-=-=-=-=-=-=-=-=-=-=-=-=-=-=-=-=-=-=-=-=-=-=-= 
14:25:50.742 INFO  Lunio 2#3539, ready to serve [8] users in [3] servers 
14:25:50.742 INFO  -=-=-=-=-=-=-=-=-=-=-=-=-=-=-=-=-=-=-=-=-=-=-=-=-=-=-=-= 
15:56:51.201 INFO  1 language(s) have loaded. (en-US) 
15:56:51.562 INFO  MongoDB successfully connected 
15:56:52.127 INFO  Shard: 0 has became ready 
15:56:52.194 INFO  All guilds have been initialized 
15:56:52.313 INFO  Lavalink node: 0.0.0.0 has connected. 
15:56:52.370 INFO  -=-=-=-=-=-=-=-=-=-=-=-=-=-=-=-=-=-=-=-=-=-=-=-=-=-=-=-= 
15:56:52.371 INFO  Lunio 2#3539, ready to serve [8] users in [3] servers 
15:56:52.371 INFO  -=-=-=-=-=-=-=-=-=-=-=-=-=-=-=-=-=-=-=-=-=-=-=-=-=-=-=-= 
17:07:23.402 INFO  1 language(s) have loaded. (en-US) 
17:07:23.751 INFO  MongoDB successfully connected 
17:07:24.185 INFO  Shard: 0 has became ready 
17:07:24.223 INFO  Lavalink node: 0.0.0.0 has connected. 
17:07:24.250 INFO  All guilds have been initialized 
17:07:24.372 INFO  -=-=-=-=-=-=-=-=-=-=-=-=-=-=-=-=-=-=-=-=-=-=-=-=-=-=-=-= 
17:07:24.372 INFO  Lunio 2#3539, ready to serve [8] users in [3] servers 
17:07:24.372 INFO  -=-=-=-=-=-=-=-=-=-=-=-=-=-=-=-=-=-=-=-=-=-=-=-=-=-=-=-= 
17:08:01.732 INFO  1 language(s) have loaded. (en-US) 
17:08:02.053 INFO  MongoDB successfully connected 
17:08:02.498 INFO  Shard: 0 has became ready 
17:08:02.524 INFO  Lavalink node: 0.0.0.0 has connected. 
17:08:02.552 INFO  All guilds have been initialized 
17:08:02.676 INFO  -=-=-=-=-=-=-=-=-=-=-=-=-=-=-=-=-=-=-=-=-=-=-=-=-=-=-=-= 
17:08:02.676 INFO  Lunio 2#3539, ready to serve [8] users in [3] servers 
17:08:02.677 INFO  -=-=-=-=-=-=-=-=-=-=-=-=-=-=-=-=-=-=-=-=-=-=-=-=-=-=-=-= 
17:08:31.590 ERROR Unhandled promise rejection: Cannot read properties of undefined (reading 'title') 
17:10:32.169 ERROR running slashCreate: 709832515577184287 | TypeError: Cannot read properties of undefined (reading 'title') 
17:11:29.692 ERROR Unhandled promise rejection: Cannot read properties of undefined (reading 'title') 
17:12:03.689 ERROR Bot encountered an error: Cannot read properties of undefined (reading 'title'). 
17:12:03.691 ERROR Unhandled promise rejection: No current track. 
17:12:11.118 ERROR Bot encountered an error: Cannot read properties of undefined (reading 'duration'). 
17:13:45.534 ERROR Bot encountered an error: Cannot read properties of undefined (reading 'duration'). 
17:13:46.494 ERROR Bot encountered an error: Cannot read properties of undefined (reading 'duration'). 
17:13:58.693 INFO  1 language(s) have loaded. (en-US) 
17:13:59.034 INFO  MongoDB successfully connected 
17:13:59.481 INFO  Shard: 0 has became ready 
17:13:59.509 INFO  Lavalink node: 0.0.0.0 has connected. 
17:13:59.535 INFO  All guilds have been initialized 
17:13:59.665 INFO  -=-=-=-=-=-=-=-=-=-=-=-=-=-=-=-=-=-=-=-=-=-=-=-=-=-=-=-= 
17:13:59.666 INFO  Lunio 2#3539, ready to serve [8] users in [3] servers 
17:13:59.666 INFO  -=-=-=-=-=-=-=-=-=-=-=-=-=-=-=-=-=-=-=-=-=-=-=-=-=-=-=-= 
17:35:06.800 ERROR Unhandled promise rejection: Cannot read properties of undefined (reading 'title') 
17:36:33.225 INFO  1 language(s) have loaded. (en-US) 
17:36:33.549 INFO  MongoDB successfully connected 
17:36:33.989 INFO  Shard: 0 has became ready 
17:36:34.012 INFO  Lavalink node: 0.0.0.0 has connected. 
17:36:34.034 INFO  All guilds have been initialized 
17:36:34.169 INFO  -=-=-=-=-=-=-=-=-=-=-=-=-=-=-=-=-=-=-=-=-=-=-=-=-=-=-=-= 
17:36:34.169 INFO  Lunio 2#3539, ready to serve [8] users in [3] servers 
17:36:34.169 INFO  -=-=-=-=-=-=-=-=-=-=-=-=-=-=-=-=-=-=-=-=-=-=-=-=-=-=-=-= 
17:36:57.953 ERROR Unhandled promise rejection: Cannot read properties of undefined (reading 'title') 
17:36:58.208 ERROR Unhandled promise rejection: The reply to this interaction has not been sent or deferred. 
17:39:53.428 ERROR Unhandled promise rejection: No current track. 
18:21:29.531 INFO  1 language(s) have loaded. (en-US) 
18:21:29.885 INFO  MongoDB successfully connected 
18:21:30.422 INFO  Shard: 0 has became ready 
18:21:30.456 INFO  Lavalink node: 0.0.0.0 has connected. 
18:21:30.483 INFO  All guilds have been initialized 
18:21:30.646 INFO  -=-=-=-=-=-=-=-=-=-=-=-=-=-=-=-=-=-=-=-=-=-=-=-=-=-=-=-= 
18:21:30.647 INFO  Lunio 2#3539, ready to serve [10] users in [3] servers 
18:21:30.647 INFO  -=-=-=-=-=-=-=-=-=-=-=-=-=-=-=-=-=-=-=-=-=-=-=-=-=-=-=-= 
20:04:49.573 INFO  1 language(s) have loaded. (en-US) 
20:04:49.980 INFO  MongoDB successfully connected 
20:04:50.386 INFO  Shard: 0 has became ready 
20:04:50.408 INFO  Lavalink node: 0.0.0.0 has connected. 
20:04:50.449 INFO  All guilds have been initialized 
20:04:50.577 INFO  -=-=-=-=-=-=-=-=-=-=-=-=-=-=-=-=-=-=-=-=-=-=-=-=-=-=-=-= 
20:04:50.578 INFO  Lunio 2#3539, ready to serve [10] users in [3] servers 
20:04:50.578 INFO  -=-=-=-=-=-=-=-=-=-=-=-=-=-=-=-=-=-=-=-=-=-=-=-=-=-=-=-= 
20:13:59.158 INFO  1 language(s) have loaded. (en-US) 
20:13:59.492 INFO  MongoDB successfully connected 
20:13:59.997 INFO  Shard: 0 has became ready 
20:14:00.028 INFO  Lavalink node: 0.0.0.0 has connected. 
20:14:00.051 INFO  All guilds have been initialized 
20:14:00.185 INFO  -=-=-=-=-=-=-=-=-=-=-=-=-=-=-=-=-=-=-=-=-=-=-=-=-=-=-=-= 
20:14:00.185 INFO  Lunio 2#3539, ready to serve [10] users in [3] servers 
20:14:00.185 INFO  -=-=-=-=-=-=-=-=-=-=-=-=-=-=-=-=-=-=-=-=-=-=-=-=-=-=-=-= 
20:17:09.328 ERROR running slashCreate: 709832515577184287 | Error: Expected the value to be one of the following enum values: 
20:18:21.149 INFO  1 language(s) have loaded. (en-US) 
20:18:21.530 INFO  MongoDB successfully connected 
20:18:22.071 INFO  Shard: 0 has became ready 
20:18:22.117 INFO  Lavalink node: 0.0.0.0 has connected. 
20:18:22.139 INFO  All guilds have been initialized 
20:18:22.264 INFO  -=-=-=-=-=-=-=-=-=-=-=-=-=-=-=-=-=-=-=-=-=-=-=-=-=-=-=-= 
20:18:22.265 INFO  Lunio 2#3539, ready to serve [10] users in [3] servers 
20:18:22.266 INFO  -=-=-=-=-=-=-=-=-=-=-=-=-=-=-=-=-=-=-=-=-=-=-=-=-=-=-=-= 
22:03:46.757 INFO  1 language(s) have loaded. (en-US) 
22:03:47.125 INFO  MongoDB successfully connected 
22:03:47.659 INFO  Shard: 0 has became ready 
22:03:47.689 INFO  Lavalink node: 0.0.0.0 has connected. 
22:03:47.712 INFO  All guilds have been initialized 
22:03:47.844 INFO  -=-=-=-=-=-=-=-=-=-=-=-=-=-=-=-=-=-=-=-=-=-=-=-=-=-=-=-= 
22:03:47.845 INFO  Lunio 2#3539, ready to serve [10] users in [3] servers 
22:03:47.845 INFO  -=-=-=-=-=-=-=-=-=-=-=-=-=-=-=-=-=-=-=-=-=-=-=-=-=-=-=-= 


