01:37:21.316 INFO  1 language(s) have loaded. (en-US) 
01:37:21.612 INFO  MongoDB successfully connected 
01:37:22.050 INFO  Shard: 0 has became ready 
01:37:22.104 INFO  All guilds have been initialized 
01:37:22.234 INFO  -=-=-=-=-=-=-=-=-=-=-=-=-=-=-=-=-=-=-=-=-=-=-=-=-=-=-=-= 
01:37:22.234 INFO  Void Music 2#3539, ready to serve [7] users in [3] servers 
01:37:22.234 INFO  -=-=-=-=-=-=-=-=-=-=-=-=-=-=-=-=-=-=-=-=-=-=-=-=-=-=-=-= 
01:37:22.471 INFO  Lavalink node: 0.0.0.0 has connected. 
01:42:56.314 INFO  1 language(s) have loaded. (en-US) 
01:42:56.646 INFO  MongoDB successfully connected 
01:42:57.032 INFO  Shard: 0 has became ready 
01:42:57.060 INFO  Lavalink node: 0.0.0.0 has connected. 
01:42:57.086 INFO  All guilds have been initialized 
01:42:57.211 INFO  -=-=-=-=-=-=-=-=-=-=-=-=-=-=-=-=-=-=-=-=-=-=-=-=-=-=-=-= 
01:42:57.211 INFO  Void Music 2#3539, ready to serve [7] users in [3] servers 
01:42:57.212 INFO  -=-=-=-=-=-=-=-=-=-=-=-=-=-=-=-=-=-=-=-=-=-=-=-=-=-=-=-= 
01:50:41.088 INFO  1 language(s) have loaded. (en-US) 
01:50:41.404 INFO  MongoDB successfully connected 
01:50:41.769 INFO  Shard: 0 has became ready 
01:50:41.798 INFO  Lavalink node: 0.0.0.0 has connected. 
01:50:41.818 INFO  All guilds have been initialized 
01:50:41.934 INFO  -=-=-=-=-=-=-=-=-=-=-=-=-=-=-=-=-=-=-=-=-=-=-=-=-=-=-=-= 
01:50:41.934 INFO  Void Music 2#3539, ready to serve [7] users in [3] servers 
01:50:41.934 INFO  -=-=-=-=-=-=-=-=-=-=-=-=-=-=-=-=-=-=-=-=-=-=-=-=-=-=-=-= 
01:58:09.803 INFO  1 language(s) have loaded. (en-US) 
01:58:10.133 INFO  MongoDB successfully connected 
01:58:10.505 INFO  Shard: 0 has became ready 
01:58:10.535 INFO  Lavalink node: 0.0.0.0 has connected. 
01:58:10.555 INFO  All guilds have been initialized 
01:58:10.677 INFO  -=-=-=-=-=-=-=-=-=-=-=-=-=-=-=-=-=-=-=-=-=-=-=-=-=-=-=-= 
01:58:10.677 INFO  Void Music 2#3539, ready to serve [7] users in [3] servers 
01:58:10.678 INFO  -=-=-=-=-=-=-=-=-=-=-=-=-=-=-=-=-=-=-=-=-=-=-=-=-=-=-=-= 
01:59:20.419 INFO  1 language(s) have loaded. (en-US) 
01:59:20.723 INFO  MongoDB successfully connected 
01:59:21.199 INFO  Shard: 0 has became ready 
01:59:21.240 INFO  Lavalink node: 0.0.0.0 has connected. 
01:59:21.261 INFO  All guilds have been initialized 
01:59:21.380 INFO  -=-=-=-=-=-=-=-=-=-=-=-=-=-=-=-=-=-=-=-=-=-=-=-=-=-=-=-= 
01:59:21.380 INFO  Void Music 2#3539, ready to serve [7] users in [3] servers 
01:59:21.380 INFO  -=-=-=-=-=-=-=-=-=-=-=-=-=-=-=-=-=-=-=-=-=-=-=-=-=-=-=-= 
01:59:57.387 INFO  1 language(s) have loaded. (en-US) 
01:59:57.629 INFO  MongoDB successfully connected 
01:59:58.155 INFO  Shard: 0 has became ready 
01:59:58.193 INFO  Lavalink node: 0.0.0.0 has connected. 
01:59:58.216 INFO  All guilds have been initialized 
01:59:58.352 INFO  -=-=-=-=-=-=-=-=-=-=-=-=-=-=-=-=-=-=-=-=-=-=-=-=-=-=-=-= 
01:59:58.352 INFO  Void Music 2#3539, ready to serve [7] users in [3] servers 
01:59:58.353 INFO  -=-=-=-=-=-=-=-=-=-=-=-=-=-=-=-=-=-=-=-=-=-=-=-=-=-=-=-= 
01:59:59.413 ERROR Unhandled promise rejection: Cannot read properties of undefined (reading 'includes'). 
02:04:44.473 INFO  1 language(s) have loaded. (en-US) 
02:04:44.758 INFO  MongoDB successfully connected 
02:04:45.226 INFO  Shard: 0 has became ready 
02:04:45.257 INFO  Lavalink node: 0.0.0.0 has connected. 
02:04:45.276 INFO  All guilds have been initialized 
02:04:45.395 INFO  -=-=-=-=-=-=-=-=-=-=-=-=-=-=-=-=-=-=-=-=-=-=-=-=-=-=-=-= 
02:04:45.395 INFO  Void Music 2#3539, ready to serve [7] users in [3] servers 
02:04:45.396 INFO  -=-=-=-=-=-=-=-=-=-=-=-=-=-=-=-=-=-=-=-=-=-=-=-=-=-=-=-= 
02:05:03.123 INFO  1 language(s) have loaded. (en-US) 
02:05:03.360 INFO  MongoDB successfully connected 
02:05:03.845 INFO  Shard: 0 has became ready 
02:05:03.877 INFO  Lavalink node: 0.0.0.0 has connected. 
02:05:03.897 INFO  All guilds have been initialized 
02:05:04.016 INFO  -=-=-=-=-=-=-=-=-=-=-=-=-=-=-=-=-=-=-=-=-=-=-=-=-=-=-=-= 
02:05:04.016 INFO  Void Music 2#3539, ready to serve [7] users in [3] servers 
02:05:04.016 INFO  -=-=-=-=-=-=-=-=-=-=-=-=-=-=-=-=-=-=-=-=-=-=-=-=-=-=-=-= 
02:09:43.742 INFO  1 language(s) have loaded. (en-US) 
02:09:44.029 INFO  MongoDB successfully connected 
02:09:44.353 INFO  Shard: 0 has became ready 
02:09:44.381 INFO  Lavalink node: 0.0.0.0 has connected. 
02:09:44.402 INFO  All guilds have been initialized 
02:09:44.525 INFO  -=-=-=-=-=-=-=-=-=-=-=-=-=-=-=-=-=-=-=-=-=-=-=-=-=-=-=-= 
02:09:44.526 INFO  Void Music 2#3539, ready to serve [6] users in [3] servers 
02:09:44.526 INFO  -=-=-=-=-=-=-=-=-=-=-=-=-=-=-=-=-=-=-=-=-=-=-=-=-=-=-=-= 
02:11:10.190 INFO  1 language(s) have loaded. (en-US) 
02:11:10.510 INFO  MongoDB successfully connected 
02:11:10.768 INFO  Shard: 0 has became ready 
02:11:10.797 INFO  Lavalink node: 0.0.0.0 has connected. 
02:11:10.817 INFO  All guilds have been initialized 
02:11:10.941 INFO  -=-=-=-=-=-=-=-=-=-=-=-=-=-=-=-=-=-=-=-=-=-=-=-=-=-=-=-= 
02:11:10.941 INFO  Void Music 2#3539, ready to serve [6] users in [3] servers 
02:11:10.941 INFO  -=-=-=-=-=-=-=-=-=-=-=-=-=-=-=-=-=-=-=-=-=-=-=-=-=-=-=-= 
02:11:14.487 ERROR Unhandled promise rejection: Invalid Form Body
data.embeds[0].description: This field is required. 
02:12:38.428 INFO  1 language(s) have loaded. (en-US) 
02:12:38.680 INFO  MongoDB successfully connected 
02:12:39.063 INFO  Shard: 0 has became ready 
02:12:39.090 INFO  Lavalink node: 0.0.0.0 has connected. 
02:12:39.106 INFO  All guilds have been initialized 
02:12:39.223 INFO  -=-=-=-=-=-=-=-=-=-=-=-=-=-=-=-=-=-=-=-=-=-=-=-=-=-=-=-= 
02:12:39.223 INFO  Void Music 2#3539, ready to serve [6] users in [3] servers 
02:12:39.223 INFO  -=-=-=-=-=-=-=-=-=-=-=-=-=-=-=-=-=-=-=-=-=-=-=-=-=-=-=-= 
02:20:15.351 INFO  1 language(s) have loaded. (en-US) 
02:20:15.701 INFO  MongoDB successfully connected 
02:20:16.007 INFO  Shard: 0 has became ready 
02:20:16.045 INFO  Lavalink node: 0.0.0.0 has connected. 
02:20:16.070 INFO  All guilds have been initialized 
02:20:16.201 INFO  -=-=-=-=-=-=-=-=-=-=-=-=-=-=-=-=-=-=-=-=-=-=-=-=-=-=-=-= 
02:20:16.201 INFO  Void Music 2#3539, ready to serve [6] users in [3] servers 
02:20:16.201 INFO  -=-=-=-=-=-=-=-=-=-=-=-=-=-=-=-=-=-=-=-=-=-=-=-=-=-=-=-= 
02:20:19.222 ERROR Unhandled promise rejection: Cannot access 'settings' before initialization. 
02:21:11.949 INFO  1 language(s) have loaded. (en-US) 
02:21:12.190 INFO  MongoDB successfully connected 
02:21:12.683 INFO  Shard: 0 has became ready 
02:21:12.710 INFO  Lavalink node: 0.0.0.0 has connected. 
02:21:12.727 INFO  All guilds have been initialized 
02:21:12.839 INFO  -=-=-=-=-=-=-=-=-=-=-=-=-=-=-=-=-=-=-=-=-=-=-=-=-=-=-=-= 
02:21:12.839 INFO  Void Music 2#3539, ready to serve [6] users in [3] servers 
02:21:12.840 INFO  -=-=-=-=-=-=-=-=-=-=-=-=-=-=-=-=-=-=-=-=-=-=-=-=-=-=-=-= 
02:21:14.764 ERROR Unhandled promise rejection: Cannot access 'settings' before initialization. 
02:21:59.923 INFO  1 language(s) have loaded. (en-US) 
02:22:00.226 INFO  MongoDB successfully connected 
02:22:00.538 INFO  Shard: 0 has became ready 
02:22:00.563 INFO  Lavalink node: 0.0.0.0 has connected. 
02:22:00.589 INFO  All guilds have been initialized 
02:22:00.711 INFO  -=-=-=-=-=-=-=-=-=-=-=-=-=-=-=-=-=-=-=-=-=-=-=-=-=-=-=-= 
02:22:00.711 INFO  Void Music 2#3539, ready to serve [6] users in [3] servers 
02:22:00.711 INFO  -=-=-=-=-=-=-=-=-=-=-=-=-=-=-=-=-=-=-=-=-=-=-=-=-=-=-=-= 
02:22:00.944 ERROR Unhandled promise rejection: Cannot access 'settings' before initialization. 
02:23:24.594 INFO  1 language(s) have loaded. (en-US) 
02:23:24.895 INFO  MongoDB successfully connected 
02:23:25.158 INFO  Shard: 0 has became ready 
02:23:25.184 INFO  Lavalink node: 0.0.0.0 has connected. 
02:23:25.201 INFO  All guilds have been initialized 
02:23:25.324 INFO  -=-=-=-=-=-=-=-=-=-=-=-=-=-=-=-=-=-=-=-=-=-=-=-=-=-=-=-= 
02:23:25.325 INFO  Void Music 2#3539, ready to serve [6] users in [3] servers 
02:23:25.325 INFO  -=-=-=-=-=-=-=-=-=-=-=-=-=-=-=-=-=-=-=-=-=-=-=-=-=-=-=-= 
02:23:50.612 INFO  1 language(s) have loaded. (en-US) 
02:23:50.851 INFO  MongoDB successfully connected 
02:23:51.202 INFO  Shard: 0 has became ready 
02:23:51.240 INFO  Lavalink node: 0.0.0.0 has connected. 
02:23:51.258 INFO  All guilds have been initialized 
02:23:51.375 INFO  -=-=-=-=-=-=-=-=-=-=-=-=-=-=-=-=-=-=-=-=-=-=-=-=-=-=-=-= 
02:23:51.375 INFO  Void Music 2#3539, ready to serve [6] users in [3] servers 
02:23:51.376 INFO  -=-=-=-=-=-=-=-=-=-=-=-=-=-=-=-=-=-=-=-=-=-=-=-=-=-=-=-= 
13:40:40.210 INFO  1 language(s) have loaded. (en-US) 
13:40:40.584 INFO  MongoDB successfully connected 
13:40:40.836 INFO  Shard: 0 has became ready 
13:40:40.895 INFO  All guilds have been initialized 
13:40:41.012 INFO  -=-=-=-=-=-=-=-=-=-=-=-=-=-=-=-=-=-=-=-=-=-=-=-=-=-=-=-= 
13:40:41.013 INFO  Void Music 2#3539, ready to serve [6] users in [3] servers 
13:40:41.013 INFO  -=-=-=-=-=-=-=-=-=-=-=-=-=-=-=-=-=-=-=-=-=-=-=-=-=-=-=-= 
13:40:41.052 INFO  Lavalink node: 0.0.0.0 has connected. 
13:41:29.337 INFO  1 language(s) have loaded. (en-US) 
13:41:29.553 INFO  MongoDB successfully connected 
13:41:30.003 INFO  Shard: 0 has became ready 
13:41:30.031 INFO  Lavalink node: 0.0.0.0 has connected. 
13:41:30.052 INFO  All guilds have been initialized 
13:41:30.175 INFO  -=-=-=-=-=-=-=-=-=-=-=-=-=-=-=-=-=-=-=-=-=-=-=-=-=-=-=-= 
13:41:30.175 INFO  Void Music 2#3539, ready to serve [6] users in [3] servers 
13:41:30.175 INFO  -=-=-=-=-=-=-=-=-=-=-=-=-=-=-=-=-=-=-=-=-=-=-=-=-=-=-=-= 
14:17:54.412 INFO  1 language(s) have loaded. (en-US) 
14:17:54.899 INFO  MongoDB successfully connected 
14:17:55.066 INFO  Shard: 0 has became ready 
14:17:55.101 INFO  Lavalink node: 0.0.0.0 has connected. 
14:17:55.118 INFO  All guilds have been initialized 
14:17:55.233 INFO  -=-=-=-=-=-=-=-=-=-=-=-=-=-=-=-=-=-=-=-=-=-=-=-=-=-=-=-= 
14:17:55.234 INFO  Void Music 2#3539, ready to serve [6] users in [3] servers 
14:17:55.234 INFO  -=-=-=-=-=-=-=-=-=-=-=-=-=-=-=-=-=-=-=-=-=-=-=-=-=-=-=-= 
14:20:43.918 INFO  1 language(s) have loaded. (en-US) 
14:20:44.305 INFO  MongoDB successfully connected 
14:20:44.694 INFO  Shard: 0 has became ready 
14:20:44.725 INFO  Lavalink node: 0.0.0.0 has connected. 
14:20:44.751 INFO  All guilds have been initialized 
14:20:44.871 INFO  -=-=-=-=-=-=-=-=-=-=-=-=-=-=-=-=-=-=-=-=-=-=-=-=-=-=-=-= 
14:20:44.872 INFO  Void Music 2#3539, ready to serve [6] users in [3] servers 
14:20:44.872 INFO  -=-=-=-=-=-=-=-=-=-=-=-=-=-=-=-=-=-=-=-=-=-=-=-=-=-=-=-= 
14:21:04.198 INFO  1 language(s) have loaded. (en-US) 
14:21:04.439 INFO  MongoDB successfully connected 
14:21:04.783 INFO  Shard: 0 has became ready 
14:21:04.809 INFO  Lavalink node: 0.0.0.0 has connected. 
14:21:04.827 INFO  All guilds have been initialized 
14:21:04.948 INFO  -=-=-=-=-=-=-=-=-=-=-=-=-=-=-=-=-=-=-=-=-=-=-=-=-=-=-=-= 
14:21:04.949 INFO  Void Music 2#3539, ready to serve [6] users in [3] servers 
14:21:04.949 INFO  -=-=-=-=-=-=-=-=-=-=-=-=-=-=-=-=-=-=-=-=-=-=-=-=-=-=-=-= 
14:22:13.889 INFO  1 language(s) have loaded. (en-US) 
14:22:14.220 INFO  MongoDB successfully connected 
14:22:14.674 INFO  Shard: 0 has became ready 
14:22:14.699 INFO  Lavalink node: 0.0.0.0 has connected. 
14:22:14.730 INFO  All guilds have been initialized 
14:22:14.849 INFO  -=-=-=-=-=-=-=-=-=-=-=-=-=-=-=-=-=-=-=-=-=-=-=-=-=-=-=-= 
14:22:14.850 INFO  Void Music 2#3539, ready to serve [6] users in [3] servers 
14:22:14.850 INFO  -=-=-=-=-=-=-=-=-=-=-=-=-=-=-=-=-=-=-=-=-=-=-=-=-=-=-=-= 
21:15:09.275 INFO  1 language(s) have loaded. (en-US) 
21:15:09.677 INFO  MongoDB successfully connected 
21:15:10.161 INFO  Shard: 0 has became ready 
21:15:10.192 INFO  Lavalink node: 0.0.0.0 has connected. 
21:15:10.212 INFO  All guilds have been initialized 
21:15:10.330 INFO  -=-=-=-=-=-=-=-=-=-=-=-=-=-=-=-=-=-=-=-=-=-=-=-=-=-=-=-= 
21:15:10.330 INFO  Void Music 2#3539, ready to serve [7] users in [3] servers 
21:15:10.330 INFO  -=-=-=-=-=-=-=-=-=-=-=-=-=-=-=-=-=-=-=-=-=-=-=-=-=-=-=-= 
21:15:32.320 INFO  1 language(s) have loaded. (en-US) 
21:15:32.586 INFO  MongoDB successfully connected 
21:15:33.086 INFO  Shard: 0 has became ready 
21:15:33.111 INFO  Lavalink node: 0.0.0.0 has connected. 
21:15:33.135 INFO  All guilds have been initialized 
21:15:33.263 INFO  -=-=-=-=-=-=-=-=-=-=-=-=-=-=-=-=-=-=-=-=-=-=-=-=-=-=-=-= 
21:15:33.264 INFO  Void Music 2#3539, ready to serve [7] users in [3] servers 
21:15:33.264 INFO  -=-=-=-=-=-=-=-=-=-=-=-=-=-=-=-=-=-=-=-=-=-=-=-=-=-=-=-= 
