00:00:44.798 INFO  1 language(s) have loaded. (en-US) 
00:00:45.123 INFO  MongoDB successfully connected 
00:00:45.647 INFO  Shard: 0 has became ready 
00:00:45.672 INFO  Lavalink node: 0.0.0.0 has connected. 
00:00:45.697 INFO  All guilds have been initialized 
00:00:45.811 INFO  -=-=-=-=-=-=-=-=-=-=-=-=-=-=-=-=-=-=-=-=-=-=-=-=-=-=-=-= 
00:00:45.811 INFO  Lunio 2#3539, ready to serve [7] users in [3] servers 
00:00:45.812 INFO  -=-=-=-=-=-=-=-=-=-=-=-=-=-=-=-=-=-=-=-=-=-=-=-=-=-=-=-= 
00:05:49.894 INFO  1 language(s) have loaded. (en-US) 
00:05:50.215 INFO  MongoDB successfully connected 
00:05:50.615 INFO  Shard: 0 has became ready 
00:05:50.641 INFO  Lavalink node: 0.0.0.0 has connected. 
00:05:50.665 INFO  All guilds have been initialized 
00:05:50.780 INFO  -=-=-=-=-=-=-=-=-=-=-=-=-=-=-=-=-=-=-=-=-=-=-=-=-=-=-=-= 
00:05:50.780 INFO  Lunio 2#3539, ready to serve [7] users in [3] servers 
00:05:50.780 INFO  -=-=-=-=-=-=-=-=-=-=-=-=-=-=-=-=-=-=-=-=-=-=-=-=-=-=-=-= 
01:35:33.428 ERROR Error occured: Invalid Form Body
channel_id[NUMBER_TYPE_COERCE]: Value "none" is not snowflake. -- in file D:\Program Files\Bots\Discord Bots\Lunio\Lunio 2\src\events\bot\error.js at line undefined. 
01:42:37.557 ERROR Error deleting old embed to refresh with new one 
01:46:57.485 ERROR Unhandled promise rejection: Unknown Message 
02:15:11.730 ERROR running slashCreate: 709832515577184287 | TypeError: Cannot read properties of null (reading 'duration') 
03:57:35.590 INFO  1 language(s) have loaded. (en-US) 
03:57:35.933 INFO  MongoDB successfully connected 
03:57:36.380 INFO  Shard: 0 has became ready 
03:57:36.415 INFO  Lavalink node: 0.0.0.0 has connected. 
03:57:36.435 INFO  All guilds have been initialized 
03:57:36.551 INFO  -=-=-=-=-=-=-=-=-=-=-=-=-=-=-=-=-=-=-=-=-=-=-=-=-=-=-=-= 
03:57:36.551 INFO  Lunio 2#3539, ready to serve [7] users in [3] servers 
03:57:36.551 INFO  -=-=-=-=-=-=-=-=-=-=-=-=-=-=-=-=-=-=-=-=-=-=-=-=-=-=-=-= 
04:01:25.717 ERROR Error occured: Invalid Form Body
channel_id[NUMBER_TYPE_COERCE]: Value "none" is not snowflake. -- in file D:\Program Files\Bots\Discord Bots\Lunio\Lunio 2\src\events\bot\error.js at line undefined. 
20:47:34.060 INFO  1 language(s) have loaded. (en-US) 
20:47:34.420 INFO  MongoDB successfully connected 
20:47:34.845 INFO  Shard: 0 has became ready 
20:47:34.892 INFO  All guilds have been initialized 
20:47:34.958 INFO  Lavalink node: 0.0.0.0 has connected. 
20:47:35.013 INFO  -=-=-=-=-=-=-=-=-=-=-=-=-=-=-=-=-=-=-=-=-=-=-=-=-=-=-=-= 
20:47:35.013 INFO  Lunio 2#3539, ready to serve [6] users in [3] servers 
20:47:35.013 INFO  -=-=-=-=-=-=-=-=-=-=-=-=-=-=-=-=-=-=-=-=-=-=-=-=-=-=-=-= 
20:49:54.024 ERROR Error deleting old embed to refresh with new one 
20:51:36.532 INFO  1 language(s) have loaded. (en-US) 
20:51:36.917 INFO  MongoDB successfully connected 
20:51:37.225 INFO  Shard: 0 has became ready 
20:51:37.251 INFO  Lavalink node: 0.0.0.0 has connected. 
20:51:37.278 INFO  All guilds have been initialized 
20:51:37.398 INFO  -=-=-=-=-=-=-=-=-=-=-=-=-=-=-=-=-=-=-=-=-=-=-=-=-=-=-=-= 
20:51:37.399 INFO  Lunio 2#3539, ready to serve [6] users in [3] servers 
20:51:37.399 INFO  -=-=-=-=-=-=-=-=-=-=-=-=-=-=-=-=-=-=-=-=-=-=-=-=-=-=-=-= 
21:14:51.644 INFO  1 language(s) have loaded. (en-US) 
21:14:51.976 INFO  MongoDB successfully connected 
21:14:52.355 INFO  Shard: 0 has became ready 
21:14:52.383 INFO  Lavalink node: 0.0.0.0 has connected. 
21:14:52.408 INFO  All guilds have been initialized 
21:14:52.543 INFO  -=-=-=-=-=-=-=-=-=-=-=-=-=-=-=-=-=-=-=-=-=-=-=-=-=-=-=-= 
21:14:52.544 INFO  Lunio 2#3539, ready to serve [8] users in [3] servers 
21:14:52.544 INFO  -=-=-=-=-=-=-=-=-=-=-=-=-=-=-=-=-=-=-=-=-=-=-=-=-=-=-=-= 
21:16:32.124 ERROR Error occured: Cannot read properties of undefined (reading 'mChannelID') -- in file D:\Program Files\Bots\Discord Bots\Lunio\Lunio 2\src\events\bot\error.js at line undefined. 
21:17:17.844 INFO  1 language(s) have loaded. (en-US) 
21:17:18.179 INFO  MongoDB successfully connected 
21:17:18.674 INFO  Shard: 0 has became ready 
21:17:18.699 INFO  Lavalink node: 0.0.0.0 has connected. 
21:17:18.728 INFO  All guilds have been initialized 
21:17:18.844 INFO  -=-=-=-=-=-=-=-=-=-=-=-=-=-=-=-=-=-=-=-=-=-=-=-=-=-=-=-= 
21:17:18.844 INFO  Lunio 2#3539, ready to serve [8] users in [3] servers 
21:17:18.844 INFO  -=-=-=-=-=-=-=-=-=-=-=-=-=-=-=-=-=-=-=-=-=-=-=-=-=-=-=-= 
21:17:31.085 ERROR Error deleting old customEmbed 
21:17:31.090 ERROR Error deleting old customEmbed 
21:18:36.467 INFO  1 language(s) have loaded. (en-US) 
21:18:36.811 INFO  MongoDB successfully connected 
21:18:37.265 INFO  Shard: 0 has became ready 
21:18:37.296 INFO  Lavalink node: 0.0.0.0 has connected. 
21:18:37.321 INFO  All guilds have been initialized 
21:18:37.446 INFO  -=-=-=-=-=-=-=-=-=-=-=-=-=-=-=-=-=-=-=-=-=-=-=-=-=-=-=-= 
21:18:37.446 INFO  Lunio 2#3539, ready to serve [8] users in [3] servers 
21:18:37.447 INFO  -=-=-=-=-=-=-=-=-=-=-=-=-=-=-=-=-=-=-=-=-=-=-=-=-=-=-=-= 
21:18:44.476 ERROR Error deleting old customEmbed. DiscordAPIError[10008]: Unknown Message 
21:20:49.387 ERROR running slashCreate: 709832515577184287 | DiscordAPIError[10008]: Unknown Message 
21:23:04.646 ERROR Unhandled promise rejection: Unknown Channel 
21:23:14.886 INFO  1 language(s) have loaded. (en-US) 
21:23:15.249 INFO  MongoDB successfully connected 
21:23:15.653 INFO  Shard: 0 has became ready 
21:23:15.678 INFO  Lavalink node: 0.0.0.0 has connected. 
21:23:15.701 INFO  All guilds have been initialized 
21:23:15.815 INFO  -=-=-=-=-=-=-=-=-=-=-=-=-=-=-=-=-=-=-=-=-=-=-=-=-=-=-=-= 
21:23:15.815 INFO  Lunio 2#3539, ready to serve [8] users in [3] servers 
21:23:15.815 INFO  -=-=-=-=-=-=-=-=-=-=-=-=-=-=-=-=-=-=-=-=-=-=-=-=-=-=-=-= 
21:23:45.776 ERROR Error deleting old customEmbed. DiscordAPIError[10008]: Unknown Message 
21:27:08.348 ERROR running slashCreate: 709832515577184287 | DiscordAPIError[10008]: Unknown Message 
21:28:06.157 INFO  1 language(s) have loaded. (en-US) 
21:28:06.494 INFO  MongoDB successfully connected 
21:28:06.885 INFO  Shard: 0 has became ready 
21:28:06.910 INFO  Lavalink node: 0.0.0.0 has connected. 
21:28:06.933 INFO  All guilds have been initialized 
21:28:07.060 INFO  -=-=-=-=-=-=-=-=-=-=-=-=-=-=-=-=-=-=-=-=-=-=-=-=-=-=-=-= 
21:28:07.060 INFO  Lunio 2#3539, ready to serve [8] users in [3] servers 
21:28:07.060 INFO  -=-=-=-=-=-=-=-=-=-=-=-=-=-=-=-=-=-=-=-=-=-=-=-=-=-=-=-= 
21:28:42.345 INFO  1 language(s) have loaded. (en-US) 
21:28:42.652 INFO  MongoDB successfully connected 
21:28:43.125 INFO  Shard: 0 has became ready 
21:28:43.149 INFO  Lavalink node: 0.0.0.0 has connected. 
21:28:43.173 INFO  All guilds have been initialized 
21:28:43.290 INFO  -=-=-=-=-=-=-=-=-=-=-=-=-=-=-=-=-=-=-=-=-=-=-=-=-=-=-=-= 
21:28:43.290 INFO  Lunio 2#3539, ready to serve [8] users in [3] servers 
21:28:43.290 INFO  -=-=-=-=-=-=-=-=-=-=-=-=-=-=-=-=-=-=-=-=-=-=-=-=-=-=-=-= 
21:28:54.952 ERROR Unhandled promise rejection: Unknown Message 
21:30:53.906 INFO  1 language(s) have loaded. (en-US) 
21:30:54.236 INFO  MongoDB successfully connected 
21:30:54.630 INFO  Shard: 0 has became ready 
21:30:54.656 INFO  Lavalink node: 0.0.0.0 has connected. 
21:30:54.681 INFO  All guilds have been initialized 
21:30:54.833 INFO  -=-=-=-=-=-=-=-=-=-=-=-=-=-=-=-=-=-=-=-=-=-=-=-=-=-=-=-= 
21:30:54.833 INFO  Lunio 2#3539, ready to serve [8] users in [3] servers 
21:30:54.833 INFO  -=-=-=-=-=-=-=-=-=-=-=-=-=-=-=-=-=-=-=-=-=-=-=-=-=-=-=-= 
21:32:03.759 INFO  1 language(s) have loaded. (en-US) 
21:32:04.097 INFO  MongoDB successfully connected 
21:32:04.575 INFO  Shard: 0 has became ready 
21:32:04.601 INFO  Lavalink node: 0.0.0.0 has connected. 
21:32:04.624 INFO  All guilds have been initialized 
21:32:04.740 INFO  -=-=-=-=-=-=-=-=-=-=-=-=-=-=-=-=-=-=-=-=-=-=-=-=-=-=-=-= 
21:32:04.740 INFO  Lunio 2#3539, ready to serve [8] users in [3] servers 
21:32:04.740 INFO  -=-=-=-=-=-=-=-=-=-=-=-=-=-=-=-=-=-=-=-=-=-=-=-=-=-=-=-= 


